name	taxonomy_id	taxonomy_lvl	kraken_assigned_reads	added_reads	new_est_reads	fraction_total_reads	Bracken_estimate	GuaCAMOLE_estimate	GuaCAMOLE_est_eff	GC content	Taxon Removal Cycle
Kluyvera intermedia	61648	S	488678	501745	990423	0.05601	0.02837	0.03148	0.02716	55	nan
Klebsiella huaxiensis	2153354	S	442708	456419	899127	0.05084	0.02581	0.02936	0.02513	55	nan
Klebsiella sp. RHBSTW-00465	2742650	S	5581	12632	18213	0.00103	0.00071	0.00000	0.00070	55	5.0
Klebsiella sp. FDAARGOS_511	2488567	S	754	1635	2389	0.00014	0.00009	0.00000	0.00009	58	4.0
Klebsiella oxytoca	571	S	4540	4762	9302	0.00053	0.00027	0.00000	0.00027	57	5.0
Klebsiella michiganensis	1134687	S	4505	5825	10330	0.00058	0.00033	0.00000	0.00033	58	5.0
Klebsiella pneumoniae	573	S	4157	11397	15554	0.00088	0.00064	0.00000	0.00066	58	5.0
Klebsiella grimontii	2058152	S	1798	3389	5187	0.00029	0.00019	0.00000	0.00019	58	5.0
Klebsiella quasipneumoniae	1463165	S	796	1114	1910	0.00011	0.00006	0.00000	0.00007	59	5.0
Klebsiella aerogenes	548	S	540	589	1129	0.00006	0.00003	0.00000	0.00003	57	4.0
Klebsiella variicola	244366	S	394	678	1072	0.00006	0.00004	0.00000	0.00004	59	5.0
Klebsiella pasteurii	2587529	S	165	295	460	0.00003	0.00002	0.00000	0.00002	58	4.0
Klebsiella africana	2489010	S	148	157	305	0.00002	0.00001	0.00000	0.00001	59	4.0
Raoultella ornithinolytica	54291	S	899	1570	2469	0.00014	0.00009	0.00000	0.00009	57	5.0
Raoultella planticola	575	S	335	363	698	0.00004	0.00002	0.00000	0.00002	57	4.0
Raoultella terrigena	577	S	318	329	647	0.00004	0.00002	0.00000	0.00002	59	5.0
Raoultella sp. HC6	2923366	S	262	279	541	0.00003	0.00002	0.00000	0.00002	60	5.0
Raoultella electrica	1259973	S	113	118	231	0.00001	0.00001	0.00000	0.00001	58	4.0
Enterobacter cloacae complex sp. ECL68	2850494	S	7935	366784	374719	0.02119	0.02074	0.02365	0.02065	58	nan
Enterobacter cloacae complex sp.	2027919	S	516	660	1176	0.00007	0.00004	0.00004	0.00004	57	nan
Enterobacter sp. BIDMC100	1686399	S	112	1087	1199	0.00007	0.00006	0.00007	0.00006	58	nan
Enterobacter hormaechei	158836	S	7523	39042	46565	0.00263	0.00221	0.00252	0.00220	58	nan
Enterobacter cloacae	550	S	2264	5292	7556	0.00043	0.00030	0.00000	0.00030	57	5.0
Enterobacter roggenkampii	1812935	S	904	1172	2076	0.00012	0.00007	0.00008	0.00007	58	nan
Enterobacter asburiae	61645	S	718	1325	2043	0.00012	0.00007	0.00009	0.00008	58	nan
Enterobacter kobei	208224	S	436	1123	1559	0.00009	0.00006	0.00000	0.00006	57	5.0
Enterobacter cancerogenus	69218	S	381	394	775	0.00004	0.00002	0.00003	0.00002	58	nan
Enterobacter ludwigii	299767	S	227	544	771	0.00004	0.00003	0.00000	0.00003	57	5.0
Enterobacter chuandaensis	2497875	S	138	155	293	0.00002	0.00001	0.00001	0.00001	58	nan
Enterobacter sichuanensis	2071710	S	131	142	273	0.00002	0.00001	0.00001	0.00001	57	nan
Enterobacter sp. DTU_2021_1002640_1_SI_PRY_ASU_LCPMC_013	3077940	S	268	715	983	0.00006	0.00004	0.00005	0.00004	58	nan
Enterobacter sp. RHBSTW-00994	2742676	S	157	163	320	0.00002	0.00001	0.00000	0.00001	53	4.0
Enterobacter sp. JUb54	2724468	S	102	104	206	0.00001	0.00001	0.00000	0.00001	59	5.0
Enterobacter mori	539813	S	560	600	1160	0.00007	0.00003	0.00004	0.00003	57	nan
Enterobacter bugandensis	881260	S	297	402	699	0.00004	0.00002	0.00003	0.00002	58	nan
Enterobacter oligotrophicus	2478464	S	181	186	367	0.00002	0.00001	0.00000	0.00001	56	4.0
Enterobacter huaxiensis	2494702	S	157	163	320	0.00002	0.00001	0.00001	0.00001	59	nan
Cronobacter dublinensis	413497	S	261994	267367	529361	0.02993	0.01512	0.00000	0.01597	60	5.0
Cronobacter sakazakii	28141	S	2162	2781	4943	0.00028	0.00016	0.00000	0.00016	59	5.0
Cronobacter muytjensii	413501	S	723	907	1630	0.00009	0.00005	0.00000	0.00005	60	5.0
Cronobacter malonaticus	413503	S	282	384	666	0.00004	0.00002	0.00000	0.00002	59	5.0
Cronobacter universalis	535744	S	144	149	293	0.00002	0.00001	0.00000	0.00001	60	4.0
Cronobacter condimenti	1163710	S	115	116	231	0.00001	0.00001	0.00000	0.00001	57	5.0
Citrobacter sp. RHBSTW-00524	2742653	S	25405	112631	138036	0.00781	0.00637	0.00712	0.00609	54	nan
Citrobacter freundii	546	S	3303	8270	11573	0.00065	0.00047	0.00053	0.00045	54	nan
Citrobacter braakii	57706	S	786	3813	4599	0.00026	0.00022	0.00024	0.00021	54	nan
Citrobacter portucalensis	1639133	S	417	665	1082	0.00006	0.00004	0.00004	0.00004	54	nan
Citrobacter werkmanii	67827	S	114	245	359	0.00002	0.00001	0.00002	0.00001	54	nan
Citrobacter amalonaticus	35703	S	278	806	1084	0.00006	0.00005	0.00005	0.00004	55	nan
Citrobacter arsenatis	2546350	S	196	215	411	0.00002	0.00001	0.00001	0.00001	55	nan
Citrobacter tructae	2562449	S	194	202	396	0.00002	0.00001	0.00001	0.00001	53	nan
Citrobacter koseri	545	S	131	200	331	0.00002	0.00001	0.00001	0.00001	55	nan
Citrobacter pasteurii	1563222	S	125	183	308	0.00002	0.00001	0.00001	0.00001	54	nan
Blochmannia endosymbiont of Camponotus sp. C-046	2945589	S	16460	64722	81182	0.00459	0.00366	0.00497	0.00478	30	nan
Blochmannia endosymbiont of Camponotus sp.	700220	S	126	126	252	0.00001	0.00001	0.00000	0.00001	32	5.0
Escherichia coli	562	S	2261	10239	12500	0.00071	0.00058	0.00000	0.00056	54	5.0
Escherichia albertii	208962	S	139	144	283	0.00002	0.00001	0.00000	0.00001	52	5.0
Salmonella enterica	28901	S	1220	4144	5364	0.00030	0.00023	0.00000	0.00023	55	5.0
Leclercia adecarboxylata	83655	S	296	370	666	0.00004	0.00002	0.00000	0.00002	58	4.0
Shigella flexneri	623	S	354	2607	2961	0.00017	0.00015	0.00000	0.00014	54	5.0
[Enterobacter] lignolyticus	1334193	S	100	104	204	0.00001	0.00001	0.00000	0.00001	60	4.0
Providencia sp. PROV099	2949815	S	5879	201525	207404	0.01173	0.01140	0.01344	0.01139	43	nan
Providencia sp. PROV252	2936799	S	112	118	230	0.00001	0.00001	0.00000	0.00001	44	5.0
Providencia sp. R33	2828763	S	111	114	225	0.00001	0.00001	0.00000	0.00001	44	5.0
Providencia rettgeri	587	S	982	5036	6018	0.00034	0.00028	0.00034	0.00028	42	nan
Providencia huaxiensis	2027290	S	355	415	770	0.00004	0.00002	0.00000	0.00002	43	5.0
Providencia heimbachae	333962	S	113	116	229	0.00001	0.00001	0.00001	0.00001	43	nan
Providencia alcalifaciens	126385	S	108	112	220	0.00001	0.00001	0.00000	0.00001	44	4.0
Photorhabdus akhurstii	171438	S	102475	102889	205364	0.01161	0.00582	0.00666	0.00577	46	nan
Proteus mirabilis	584	S	146	168	314	0.00002	0.00001	0.00000	0.00001	41	4.0
Erwinia sorbitola	2681984	S	291000	292379	583379	0.03299	0.01653	0.01864	0.01595	55	nan
Erwinia rhapontici	55212	S	124	124	248	0.00001	0.00001	0.00000	0.00001	56	4.0
Serratia liquefaciens	614	S	584	707	1291	0.00007	0.00004	0.00000	0.00004	58	4.0
Serratia odorifera	618	S	411	432	843	0.00005	0.00002	0.00000	0.00002	58	4.0
Serratia sp. P2ACOL2	2482769	S	195	362	557	0.00003	0.00002	0.00000	0.00002	58	4.0
Serratia proteamaculans	28151	S	124	149	273	0.00002	0.00001	0.00000	0.00001	57	4.0
Yersinia enterocolitica	630	S	378	636	1014	0.00006	0.00004	0.00000	0.00003	49	3.0
Pectobacterium aquaticum	2204145	S	134	209	343	0.00002	0.00001	0.00000	0.00001	54	4.0
Pseudomonas sp. A214	1855331	S	128138	514149	642287	0.03632	0.02907	0.03599	0.03159	62	nan
Pseudomonas sp. P105	3049542	S	272	537	809	0.00005	0.00003	0.00004	0.00003	62	nan
Pseudomonas sp. G2-4	1506334	S	255	268	523	0.00003	0.00002	0.00002	0.00002	62	nan
Pseudomonas sp. 7SR1	1881017	S	250	255	505	0.00003	0.00001	0.00002	0.00002	63	nan
Pseudomonas sp. Tri1	2823875	S	231	246	477	0.00003	0.00001	0.00002	0.00002	62	nan
Pseudomonas sp. FP198	2954084	S	230	236	466	0.00003	0.00001	0.00002	0.00001	62	nan
Pseudomonas sp. Cab53	2678258	S	226	236	462	0.00003	0.00001	0.00000	0.00002	63	5.0
Pseudomonas sp. B21-056	2895495	S	197	206	403	0.00002	0.00001	0.00002	0.00001	62	nan
Pseudomonas sp. FP1154	2954077	S	184	592	776	0.00004	0.00003	0.00004	0.00004	62	nan
Pseudomonas sp. St316	2678257	S	181	201	382	0.00002	0.00001	0.00001	0.00001	62	nan
Pseudomonas sp. B21-054	2895494	S	173	187	360	0.00002	0.00001	0.00001	0.00001	62	nan
Pseudomonas sp. B21-028	2895480	S	159	169	328	0.00002	0.00001	0.00001	0.00001	62	nan
Pseudomonas sp. C27(2019)	2604941	S	113	113	226	0.00001	0.00001	0.00000	0.00001	50	3.0
Pseudomonas sp. P13	520056	S	100	463	563	0.00003	0.00003	0.00003	0.00003	62	nan
Pseudomonas sp. MPDS	2762896	S	100	398	498	0.00003	0.00002	0.00003	0.00002	62	nan
Pseudomonas tritici	2745518	S	223990	239364	463354	0.02620	0.01354	0.01625	0.01458	62	nan
Pseudomonas fluorescens	294	S	712	887	1599	0.00009	0.00005	0.00007	0.00005	62	nan
Pseudomonas corrugata	47879	S	134	174	308	0.00002	0.00001	0.00001	0.00001	62	nan
Pseudomonas mediterranea	183795	S	103	153	256	0.00001	0.00001	0.00001	0.00001	62	nan
Pseudomonas chlororaphis	587753	S	188	270	458	0.00003	0.00002	0.00000	0.00002	64	5.0
Pseudomonas protegens	380021	S	111	150	261	0.00001	0.00001	0.00000	0.00001	64	5.0
Pseudomonas putida	303	S	308	513	821	0.00005	0.00003	0.00004	0.00003	63	nan
Pseudomonas aeruginosa	287	S	148	3768	3916	0.00022	0.00021	0.00029	0.00023	62	nan
Pseudomonas brassicacearum	930166	S	294	489	783	0.00004	0.00003	0.00004	0.00003	62	nan
Pseudomonas viciae	2505979	S	156	165	321	0.00002	0.00001	0.00001	0.00001	62	nan
Pseudomonas thivervalensis	86265	S	130	137	267	0.00002	0.00001	0.00001	0.00001	63	nan
Pseudomonas frederiksbergensis	104087	S	112	123	235	0.00001	0.00001	0.00000	0.00001	61	4.0
Halopseudomonas litoralis	797277	S	95214	96570	191784	0.01085	0.00546	0.00641	0.00565	59	nan
Thiopseudomonas alkaliphila	1697053	S	119	119	238	0.00001	0.00001	0.00000	0.00001	48	4.0
Shewanella amazonensis	60478	S	254589	257866	512455	0.02898	0.01458	0.01618	0.01390	54	nan
Salinimonas lutimaris	914153	S	154915	155928	310843	0.01758	0.00882	0.00962	0.00829	51	nan
Alteromonas mediterranea	314275	S	108	121	229	0.00001	0.00001	0.00000	0.00001	45	4.0
Vibrio penaeicida	104609	S	163912	166019	329931	0.01866	0.00939	0.01058	0.00902	45	nan
Aeromonas sp. CA23	2033032	S	23283	27116	50399	0.00285	0.00153	0.00000	0.00172	63	5.0
Aeromonas sp. CU5	2033033	S	266	278	544	0.00003	0.00002	0.00000	0.00002	61	4.0
Aeromonas sp. FDAARGOS 1415	2778064	S	163	175	338	0.00002	0.00001	0.00000	0.00001	65	5.0
Aeromonas bestiarum	105751	S	22721	26730	49451	0.00280	0.00151	0.00000	0.00170	63	5.0
Aeromonas salmonicida	645	S	10399	11393	21792	0.00123	0.00064	0.00000	0.00068	61	4.0
Aeromonas hydrophila	644	S	3290	4288	7578	0.00043	0.00024	0.00037	0.00028	64	nan
Aeromonas veronii	654	S	1491	1904	3395	0.00019	0.00011	0.00000	0.00012	62	5.0
Aeromonas media	651	S	1213	1324	2537	0.00014	0.00007	0.00010	0.00008	64	nan
Aeromonas encheleia	73010	S	1047	1066	2113	0.00012	0.00006	0.00000	0.00007	65	5.0
Aeromonas dhakensis	196024	S	898	1245	2143	0.00012	0.00007	0.00000	0.00008	64	5.0
Aeromonas caviae	648	S	618	1238	1856	0.00010	0.00007	0.00011	0.00008	64	nan
Aeromonas allosaccharophila	656	S	332	420	752	0.00004	0.00002	0.00003	0.00003	62	nan
Aeromonas enteropelogenes	29489	S	272	303	575	0.00003	0.00002	0.00002	0.00002	63	nan
Aeromonas jandaei	650	S	246	282	528	0.00003	0.00002	0.00002	0.00002	62	nan
Aeromonas rivuli	648794	S	225	227	452	0.00003	0.00001	0.00000	0.00001	62	5.0
Aeromonas rivipollensis	948519	S	189	223	412	0.00002	0.00001	0.00000	0.00001	64	5.0
Aeromonas schubertii	652	S	109	110	219	0.00001	0.00001	0.00000	0.00001	63	5.0
Halomonas sp. R57-5	1610576	S	62501	64776	127277	0.00720	0.00366	0.00417	0.00358	57	nan
Acinetobacter sp. TTH0-4	1646498	S	357	425	782	0.00004	0.00002	0.00000	0.00002	40	4.0
Acinetobacter sp. Z1	2953738	S	236	307	543	0.00003	0.00002	0.00000	0.00002	40	4.0
Acinetobacter sp. ESL0695	2983215	S	224	232	456	0.00003	0.00001	0.00000	0.00001	37	4.0
Acinetobacter sp. 10FS3-1	2563897	S	187	324	511	0.00003	0.00002	0.00000	0.00002	43	5.0
Acinetobacter sp. WCHAc010034	1879049	S	186	237	423	0.00002	0.00001	0.00000	0.00001	52	4.0
Acinetobacter sp. C32I	2950074	S	184	259	443	0.00003	0.00001	0.00000	0.00001	42	5.0
Acinetobacter sp. ASP199	2773709	S	183	253	436	0.00002	0.00001	0.00000	0.00001	44	5.0
Acinetobacter sp. WCHA45	2004644	S	169	651	820	0.00005	0.00004	0.00000	0.00004	40	5.0
Acinetobacter sp. CS-2	2798861	S	149	217	366	0.00002	0.00001	0.00000	0.00001	42	5.0
Acinetobacter sp. SWBY1	2079596	S	145	663	808	0.00005	0.00004	0.00000	0.00004	42	5.0
Acinetobacter sp. TGL-Y2	1407071	S	141	147	288	0.00002	0.00001	0.00000	0.00001	41	4.0
Acinetobacter sp. KCTC 92772	3045147	S	128	168	296	0.00002	0.00001	0.00000	0.00001	43	5.0
Acinetobacter sp. Marseille-Q1620	2714110	S	125	128	253	0.00001	0.00001	0.00000	0.00001	39	4.0
Acinetobacter sp. GSS19	3020716	S	125	133	258	0.00001	0.00001	0.00000	0.00001	45	4.0
Acinetobacter sp. NCu2D-2	1608473	S	116	147	263	0.00001	0.00001	0.00000	0.00001	41	4.0
Acinetobacter seifertii	1530123	S	414	526	940	0.00005	0.00003	0.00000	0.00003	40	4.0
Acinetobacter baumannii	470	S	330	2350	2680	0.00015	0.00013	0.00000	0.00013	41	5.0
Acinetobacter calcoaceticus	471	S	150	163	313	0.00002	0.00001	0.00000	0.00001	40	4.0
Acinetobacter nosocomialis	106654	S	133	189	322	0.00002	0.00001	0.00000	0.00001	40	4.0
Acinetobacter indicus	756892	S	558	673	1231	0.00007	0.00004	0.00000	0.00004	47	5.0
Acinetobacter ursingii	108980	S	376	842	1218	0.00007	0.00005	0.00000	0.00005	41	5.0
Acinetobacter haemolyticus	29430	S	360	464	824	0.00005	0.00003	0.00000	0.00003	41	4.0
Acinetobacter larvae	1789224	S	326	331	657	0.00004	0.00002	0.00000	0.00002	43	4.0
Acinetobacter radioresistens	40216	S	310	340	650	0.00004	0.00002	0.00000	0.00002	44	5.0
Acinetobacter towneri	202956	S	304	690	994	0.00006	0.00004	0.00000	0.00004	42	5.0
Acinetobacter lwoffii	28090	S	287	653	940	0.00005	0.00004	0.00000	0.00004	42	5.0
Acinetobacter lanii	2715163	S	271	283	554	0.00003	0.00002	0.00000	0.00002	43	4.0
Acinetobacter piscicola	2006115	S	215	257	472	0.00003	0.00001	0.00000	0.00001	40	4.0
Acinetobacter johnsonii	40214	S	187	290	477	0.00003	0.00002	0.00000	0.00002	43	5.0
Acinetobacter soli	487316	S	177	292	469	0.00003	0.00002	0.00000	0.00002	43	5.0
Acinetobacter colistiniresistens	280145	S	158	168	326	0.00002	0.00001	0.00000	0.00001	43	5.0
Acinetobacter wuhouensis	1879050	S	154	180	334	0.00002	0.00001	0.00000	0.00001	40	4.0
Acinetobacter schindleri	108981	S	154	195	349	0.00002	0.00001	0.00000	0.00001	44	5.0
Acinetobacter equi	1324350	S	135	137	272	0.00002	0.00001	0.00000	0.00001	37	4.0
Acinetobacter wanghuae	2662362	S	125	131	256	0.00001	0.00001	0.00000	0.00001	43	4.0
Acinetobacter cumulans	2136182	S	110	118	228	0.00001	0.00001	0.00000	0.00001	41	4.0
Acinetobacter proteolyticus	1776741	S	105	132	237	0.00001	0.00001	0.00000	0.00001	42	5.0
Acinetobacter defluvii	1871111	S	101	124	225	0.00001	0.00001	0.00000	0.00001	40	4.0
Psychrobacter sp. P11F6	1699621	S	122	396	518	0.00003	0.00002	0.00000	0.00002	45	5.0
Moraxella cuniculi	34061	S	163	173	336	0.00002	0.00001	0.00000	0.00001	47	4.0
Moraxella osloensis	34062	S	152	328	480	0.00003	0.00002	0.00000	0.00002	45	5.0
Aquirhabdus parva	2283318	S	122	123	245	0.00001	0.00001	0.00000	0.00001	47	3.0
Rhizobium hidalgonense	1538159	S	1226307	1275618	2501925	0.14148	0.07213	0.00000	0.07962	62	5.0
Rhizobium sp. C104	2917727	S	19029	22315	41344	0.00234	0.00126	0.00164	0.00139	62	nan
Rhizobium sp. NLR16a	2731112	S	8928	9604	18532	0.00105	0.00054	0.00000	0.00060	62	5.0
Rhizobium sp. CIAT894	2020312	S	7819	8466	16285	0.00092	0.00048	0.00061	0.00053	62	nan
Rhizobium sp. Pop5	1223565	S	6962	7460	14422	0.00082	0.00042	0.00000	0.00046	62	5.0
Rhizobium sp. NZLR1	2731096	S	5735	6053	11788	0.00067	0.00034	0.00049	0.00038	62	nan
Rhizobium sp. BT03	3045156	S	5123	5873	10996	0.00062	0.00033	0.00052	0.00037	63	nan
Rhizobium sp. IE4771	1301032	S	2884	3952	6836	0.00039	0.00022	0.00034	0.00025	62	nan
Rhizobium sp. NXC14	1981173	S	1892	2023	3915	0.00022	0.00011	0.00017	0.00013	62	nan
Rhizobium sp. 007	2785056	S	1809	2760	4569	0.00026	0.00016	0.00000	0.00017	61	5.0
Rhizobium sp. CCGE 510	1132836	S	1675	1786	3461	0.00020	0.00010	0.00000	0.00011	61	5.0
Rhizobium sp. K102	2918527	S	1232	1476	2708	0.00015	0.00008	0.00000	0.00009	62	5.0
Rhizobium sp. BT04	3045157	S	1231	1961	3192	0.00018	0.00011	0.00017	0.00012	62	nan
Rhizobium sp. ACO-34A	1571470	S	984	998	1982	0.00011	0.00006	0.00000	0.00006	62	4.0
Rhizobium sp. BJ04	3024242	S	827	4758	5585	0.00032	0.00027	0.00037	0.00030	62	nan
Rhizobium sp. BG4	2613770	S	638	643	1281	0.00007	0.00004	0.00005	0.00004	63	nan
Rhizobium sp. Kim5	2020311	S	621	902	1523	0.00009	0.00005	0.00000	0.00006	62	5.0
Rhizobium sp. WYJ-E13	2849093	S	597	600	1197	0.00007	0.00003	0.00000	0.00004	61	5.0
Rhizobium sp. TAL182	2020313	S	557	966	1523	0.00009	0.00005	0.00000	0.00006	62	5.0
Rhizobium sp. CB3090	3039156	S	531	540	1071	0.00006	0.00003	0.00000	0.00003	59	4.0
Rhizobium sp. 32-5/1	3019602	S	453	456	909	0.00005	0.00003	0.00000	0.00003	60	5.0
Rhizobium sp. CB3171	3039157	S	367	477	844	0.00005	0.00003	0.00003	0.00003	61	nan
Rhizobium sp. MJ22	3024248	S	271	1490	1761	0.00010	0.00008	0.00012	0.00009	62	nan
Rhizobium sp. BT-226	2986922	S	207	861	1068	0.00006	0.00005	0.00007	0.00005	62	nan
Rhizobium sp. 11515TR	2028343	S	193	195	388	0.00002	0.00001	0.00000	0.00001	60	5.0
Rhizobium sp. N324	1703969	S	187	1982	2169	0.00012	0.00011	0.00016	0.00012	62	nan
Rhizobium sp. WL3	2603277	S	187	191	378	0.00002	0.00001	0.00000	0.00001	62	5.0
Rhizobium sp. T136	555319	S	178	1985	2163	0.00012	0.00011	0.00000	0.00012	62	5.0
Rhizobium sp. SL42	2806346	S	166	167	333	0.00002	0.00001	0.00000	0.00001	61	5.0
Rhizobium sp. AB2/73	2795216	S	147	168	315	0.00002	0.00001	0.00000	0.00001	60	5.0
Rhizobium sp. X9	2815360	S	147	198	345	0.00002	0.00001	0.00002	0.00001	60	nan
Rhizobium sp. BT-175	2986929	S	141	694	835	0.00005	0.00004	0.00006	0.00004	62	nan
Rhizobium sp. CC1099	3039160	S	121	209	330	0.00002	0.00001	0.00000	0.00001	61	5.0
Rhizobium leguminosarum	384	S	38878	49862	88740	0.00502	0.00282	0.00000	0.00309	62	5.0
Rhizobium phaseoli	396	S	10483	12176	22659	0.00128	0.00069	0.00000	0.00076	62	5.0
Rhizobium binae	1138190	S	8286	8870	17156	0.00097	0.00050	0.00000	0.00055	62	5.0
Rhizobium bangladeshense	1138189	S	7021	7222	14243	0.00081	0.00041	0.00000	0.00045	62	5.0
Rhizobium ruizarguesonis	2081791	S	6562	7661	14223	0.00080	0.00043	0.00000	0.00047	61	5.0
Rhizobium acidisoli	1538158	S	5326	6231	11557	0.00065	0.00035	0.00000	0.00039	62	5.0
Rhizobium etli	29449	S	2887	3301	6188	0.00035	0.00019	0.00000	0.00020	62	5.0
Rhizobium lentis	1138194	S	1914	2010	3924	0.00022	0.00011	0.00000	0.00013	62	5.0
Rhizobium johnstonii	3019933	S	1682	6739	8421	0.00048	0.00038	0.00000	0.00042	62	5.0
Rhizobium anhuiense	1184720	S	1618	1718	3336	0.00019	0.00010	0.00000	0.00011	62	5.0
Rhizobium croatiense	2867516	S	1007	1159	2166	0.00012	0.00007	0.00000	0.00007	63	5.0
Rhizobium gallicum	56730	S	845	1131	1976	0.00011	0.00006	0.00009	0.00007	60	nan
Rhizobium indicum	2583231	S	782	923	1705	0.00010	0.00005	0.00000	0.00006	61	5.0
Rhizobium rhizogenes	359	S	605	763	1368	0.00008	0.00004	0.00000	0.00005	61	5.0
Rhizobium sullae	50338	S	561	571	1132	0.00006	0.00003	0.00004	0.00003	60	nan
Rhizobium laguerreae	1076926	S	544	785	1329	0.00008	0.00004	0.00000	0.00005	62	5.0
Rhizobium lusitanum	293958	S	328	330	658	0.00004	0.00002	0.00000	0.00002	60	5.0
Rhizobium jaguaris	1312183	S	214	215	429	0.00002	0.00001	0.00000	0.00001	60	5.0
Rhizobium grahamii	1120045	S	191	192	383	0.00002	0.00001	0.00000	0.00001	59	4.0
Rhizobium brockwellii	3019932	S	180	515	695	0.00004	0.00003	0.00000	0.00003	62	5.0
Rhizobium tropici	398	S	159	221	380	0.00002	0.00001	0.00002	0.00001	61	nan
Rhizobium daejeonense	240521	S	150	171	321	0.00002	0.00001	0.00000	0.00001	61	5.0
Rhizobium rhododendri	2506430	S	118	332	450	0.00003	0.00002	0.00000	0.00002	62	5.0
Agrobacterium tumefaciens	358	S	1604	1789	3393	0.00019	0.00010	0.00000	0.00011	60	5.0
Agrobacterium fabacearum	1183401	S	378	545	923	0.00005	0.00003	0.00000	0.00003	59	5.0
Agrobacterium fabrum	1176649	S	127	168	295	0.00002	0.00001	0.00000	0.00001	60	5.0
Agrobacterium pusense	648995	S	734	923	1657	0.00009	0.00005	0.00006	0.00005	60	nan
Agrobacterium rubi	28099	S	130	142	272	0.00002	0.00001	0.00000	0.00001	58	4.0
Neorhizobium galegae	399	S	624	627	1251	0.00007	0.00004	0.00000	0.00004	62	4.0
Pararhizobium sp. T808	3031126	S	141	142	283	0.00002	0.00001	0.00000	0.00001	61	4.0
Sinorhizobium terangae	110322	S	374	380	754	0.00004	0.00002	0.00000	0.00002	62	4.0
Sinorhizobium meliloti	382	S	226	325	551	0.00003	0.00002	0.00000	0.00002	63	5.0
Sinorhizobium fredii	380	S	214	252	466	0.00003	0.00001	0.00000	0.00002	62	5.0
Sinorhizobium sp. CCBAU 05631	794846	S	163	269	432	0.00002	0.00002	0.00000	0.00002	63	5.0
Ensifer adhaerens	106592	S	217	230	447	0.00003	0.00001	0.00000	0.00001	63	4.0
Shinella zoogloeoides	352475	S	292	333	625	0.00004	0.00002	0.00000	0.00002	65	5.0
Phyllobacterium sp. T1018	555316	S	973541	974623	1948164	0.11017	0.05511	0.06508	0.05752	59	nan
Phyllobacterium zundukense	1867719	S	142	142	284	0.00002	0.00001	0.00000	0.00001	57	4.0
Mesorhizobium sp. M8A.F.Ca.ET.057.01.1.1	2493679	S	2815	3116	5931	0.00034	0.00018	0.00000	0.00021	63	4.0
Brucella anthropi	529	S	153	218	371	0.00002	0.00001	0.00000	0.00001	57	5.0
Brucella intermedia	94625	S	102	103	205	0.00001	0.00001	0.00000	0.00001	59	3.0
Roseibium aggregatum	187304	S	103	141	244	0.00001	0.00001	0.00000	0.00001	60	4.0
Candidatus Paracaedibacter acanthamoebae	91604	S	263201	263226	526427	0.02977	0.01489	0.01719	0.01472	41	nan
Haematospirillum jordaniae	1549855	S	111620	111694	223314	0.01263	0.00632	0.00723	0.00614	56	nan
Paracoccus versutus	34007	S	123	273	396	0.00002	0.00002	0.00000	0.00002	68	4.0
Chitinibacter fontanus	1737446	S	705207	708051	1413258	0.07992	0.04004	0.04400	0.03773	51	nan
Neisseria bacilliformis	267212	S	225170	227480	452650	0.02560	0.01286	0.00000	0.01411	60	5.0
Neisseria sp. KEM232	655307	S	7644	7754	15398	0.00087	0.00044	0.00057	0.00047	60	nan
Neisseria sp. oral taxon 014	641148	S	171	182	353	0.00002	0.00001	0.00000	0.00001	58	4.0
Neisseria elongata	495	S	1353	1469	2822	0.00016	0.00008	0.00000	0.00008	57	4.0
Neisseria subflava	28449	S	623	735	1358	0.00008	0.00004	0.00000	0.00004	52	4.0
Neisseria meningitidis	487	S	395	507	902	0.00005	0.00003	0.00000	0.00003	55	4.0
Neisseria macacae	496	S	363	427	790	0.00004	0.00002	0.00000	0.00002	55	4.0
Neisseria shayeganii	607712	S	217	218	435	0.00002	0.00001	0.00000	0.00001	60	4.0
Neisseria chenwenguii	1853278	S	199	199	398	0.00002	0.00001	0.00000	0.00001	57	3.0
Neisseria dentiae	194197	S	188	188	376	0.00002	0.00001	0.00000	0.00001	58	4.0
Neisseria animalis	492	S	158	158	316	0.00002	0.00001	0.00000	0.00001	54	3.0
Neisseria lactamica	486	S	136	158	294	0.00002	0.00001	0.00000	0.00001	55	4.0
Neisseria musculi	1815583	S	127	127	254	0.00001	0.00001	0.00000	0.00001	55	3.0
Neisseria sicca	490	S	126	142	268	0.00002	0.00001	0.00000	0.00001	55	4.0
Kingella potus	265175	S	2769	2774	5543	0.00031	0.00016	0.00000	0.00017	61	4.0
Kingella oralis	505	S	2285	2325	4610	0.00026	0.00013	0.00000	0.00013	56	5.0
Eikenella corrodens	539	S	517	537	1054	0.00006	0.00003	0.00000	0.00003	58	4.0
Parazoarcus communis	41977	S	25488	25667	51155	0.00289	0.00145	0.00201	0.00171	64	nan
Bacillus cereus	1396	S	1386	24075	25461	0.00144	0.00136	0.00000	0.00140	36	5.0
Bacillus thuringiensis	1428	S	976	68070	69046	0.00390	0.00385	0.00000	0.00391	36	5.0
Bacillus mycoides	1405	S	385	726	1111	0.00006	0.00004	0.00000	0.00004	36	5.0
Bacillus wiedmannii	1890302	S	239	405	644	0.00004	0.00002	0.00000	0.00002	35	4.0
Bacillus anthracis	1392	S	165	12926	13091	0.00074	0.00073	0.00000	0.00075	36	5.0
Bacillus pseudomycoides	64104	S	129	133	262	0.00001	0.00001	0.00000	0.00001	35	4.0
Bacillus luti	2026191	S	126	147	273	0.00002	0.00001	0.00000	0.00001	35	4.0
Bacillus toyonensis	155322	S	115	283	398	0.00002	0.00002	0.00000	0.00002	36	5.0
Bacillus tropicus	2026188	S	114	356	470	0.00003	0.00002	0.00000	0.00002	36	5.0
Bacillus sp. PDNC022	2812759	S	19589	79073	98662	0.00558	0.00447	0.00540	0.00431	45	nan
Bacillus sp. ZY-1-1	2093834	S	17410	424795	442205	0.02501	0.02402	0.02647	0.02303	48	nan
Bacillus sp. A1(2020)	2789210	S	6760	317949	324709	0.01836	0.01798	0.01983	0.01724	48	nan
Bacillus sp. OxB-1	98228	S	865	875	1740	0.00010	0.00005	0.00000	0.00005	49	4.0
Bacillus sp. KH172YL63	2709784	S	142	143	285	0.00002	0.00001	0.00000	0.00001	46	4.0
Bacillus sp. LJBV19	2821409	S	131	632	763	0.00004	0.00004	0.00004	0.00003	48	nan
Bacillus sp. FJAT-42376	2014076	S	114	115	229	0.00001	0.00001	0.00000	0.00001	46	4.0
Bacillus velezensis	492670	S	15140	146337	161477	0.00913	0.00828	0.00911	0.00793	48	nan
Bacillus amyloliquefaciens	1390	S	2877	78842	81719	0.00462	0.00446	0.00491	0.00427	48	nan
Bacillus siamensis	659243	S	1071	2042	3113	0.00018	0.00012	0.00013	0.00011	48	nan
Bacillus sonorensis	119858	S	1479	16147	17626	0.00100	0.00091	0.00101	0.00088	48	nan
Bacillus licheniformis	1402	S	755	5834	6589	0.00037	0.00033	0.00036	0.00032	48	nan
Bacillus subtilis	1423	S	593	14254	14847	0.00084	0.00081	0.00089	0.00077	48	nan
Bacillus paralicheniformis	1648923	S	576	656	1232	0.00007	0.00004	0.00004	0.00004	47	nan
Bacillus atrophaeus	1452	S	547	553	1100	0.00006	0.00003	0.00000	0.00003	45	5.0
Bacillus vallismortis	72361	S	259	266	525	0.00003	0.00002	0.00000	0.00001	45	5.0
Bacillus halotolerans	260554	S	114	214	328	0.00002	0.00001	0.00001	0.00001	45	nan
Bacillus inaquosorum	483913	S	168	180	348	0.00002	0.00001	0.00000	0.00001	45	5.0
Bacillus spizizenii	96241	S	138	150	288	0.00002	0.00001	0.00000	0.00001	45	5.0
Bacillus tequilensis	227866	S	110	114	224	0.00001	0.00001	0.00000	0.00001	45	5.0
Bacillus glycinifermentans	1664069	S	2173	2218	4391	0.00025	0.00013	0.00000	0.00012	48	5.0
Bacillus pumilus	1408	S	924	963	1887	0.00011	0.00005	0.00000	0.00005	42	4.0
Bacillus safensis	561879	S	878	1454	2332	0.00013	0.00008	0.00000	0.00008	43	5.0
Bacillus altitudinis	293387	S	316	402	718	0.00004	0.00002	0.00000	0.00002	42	4.0
Bacillus swezeyi	1925020	S	280	282	562	0.00003	0.00002	0.00000	0.00002	45	5.0
Bacillus infantis	324767	S	211	212	423	0.00002	0.00001	0.00000	0.00001	47	4.0
Bacillus cabrialesii	2487276	S	106	112	218	0.00001	0.00001	0.00000	0.00001	46	5.0
Terribacillus sp. DMT04	2850441	S	500134	503015	1003149	0.05673	0.02844	0.03301	0.02769	43	nan
Geobacillus subterraneus	129338	S	237	575	812	0.00005	0.00003	0.00000	0.00003	55	4.0
Geobacillus genomosp. 3	1921421	S	155	231	386	0.00002	0.00001	0.00000	0.00001	55	4.0
Geobacillus stearothermophilus	1422	S	119	626	745	0.00004	0.00004	0.00000	0.00003	55	4.0
Neobacillus sp. 114	3048535	S	252	265	517	0.00003	0.00002	0.00000	0.00001	42	4.0
Rossellomorea marisflavi	189381	S	538	604	1142	0.00006	0.00003	0.00000	0.00003	50	4.0
Mesobacillus jeotgali	129985	S	230	282	512	0.00003	0.00002	0.00000	0.00002	44	4.0
Mesobacillus sp. S13	2880221	S	120	145	265	0.00001	0.00001	0.00000	0.00001	44	4.0
Heyndrickxia coagulans	1398	S	282	511	793	0.00004	0.00003	0.00000	0.00003	48	4.0
Siminovitchia fortis	254758	S	329	331	660	0.00004	0.00002	0.00000	0.00002	45	4.0
Cytobacillus firmus	1399	S	136	156	292	0.00002	0.00001	0.00000	0.00001	42	3.0
Salisediminibacterium selenitireducens	85683	S	191	191	382	0.00002	0.00001	0.00000	0.00001	49	3.0
Domibacillus sp. DTU_2020_1001157_1_SI_ALB_TIR_016	3077789	S	108	109	217	0.00001	0.00001	0.00000	0.00001	44	4.0
Paenibacillus marchantiae	3026433	S	982039	1003552	1985591	0.11228	0.05675	0.06261	0.05402	48	nan
Paenibacillus sp. 37	2607911	S	55668	252695	308363	0.01744	0.01429	0.01638	0.01366	46	nan
Paenibacillus sp. PK1-4R	3049075	S	479	516	995	0.00006	0.00003	0.00003	0.00003	47	nan
Paenibacillus sp. RUD330	2023772	S	261	261	522	0.00003	0.00001	0.00000	0.00002	62	4.0
Paenibacillus sp. JNUCC-31	2777983	S	233	237	470	0.00003	0.00001	0.00001	0.00001	47	nan
Paenibacillus sp. PSB04	2866810	S	192	197	389	0.00002	0.00001	0.00000	0.00001	56	4.0
Paenibacillus sp. B01	2660554	S	182	186	368	0.00002	0.00001	0.00000	0.00001	65	4.0
Paenibacillus sp. E222	2748863	S	156	162	318	0.00002	0.00001	0.00001	0.00001	48	nan
Paenibacillus sp. DCT19	2211212	S	149	150	299	0.00002	0.00001	0.00000	0.00001	46	5.0
Paenibacillus sp. BIC5C1	3078263	S	139	143	282	0.00002	0.00001	0.00001	0.00001	48	nan
Paenibacillus sp. FSL H7-0357	1536774	S	129	129	258	0.00001	0.00001	0.00000	0.00001	50	4.0
Paenibacillus albicereus	2726185	S	240	241	481	0.00003	0.00001	0.00000	0.00002	66	4.0
Paenibacillus lautus	1401	S	235	248	483	0.00003	0.00001	0.00000	0.00001	53	5.0
Paenibacillus mucilaginosus	61624	S	217	217	434	0.00002	0.00001	0.00000	0.00001	61	5.0
Paenibacillus azoreducens	116718	S	173	173	346	0.00002	0.00001	0.00000	0.00001	50	3.0
Paenibacillus dendritiformis	130049	S	152	155	307	0.00002	0.00001	0.00000	0.00001	57	4.0
Paenibacillus aurantius	2918900	S	148	148	296	0.00002	0.00001	0.00000	0.00001	58	3.0
Paenibacillus beijingensis	1126833	S	127	127	254	0.00001	0.00001	0.00000	0.00001	54	3.0
Paenibacillus lycopersici	2704462	S	125	125	250	0.00001	0.00001	0.00000	0.00001	60	4.0
Paenibacillus elgii	189691	S	124	124	248	0.00001	0.00001	0.00000	0.00001	57	4.0
Paenibacillus chitinolyticus	79263	S	100	100	200	0.00001	0.00001	0.00000	0.00001	54	3.0
Brevibacillus sp. WF146	319501	S	191	225	416	0.00002	0.00001	0.00000	0.00001	61	5.0
Brevibacillus brevis	1393	S	140	255	395	0.00002	0.00001	0.00000	0.00001	50	4.0
Brevibacillus borstelensis	45462	S	140	198	338	0.00002	0.00001	0.00000	0.00001	53	3.0
Brevibacillus composti	2796470	S	131	181	312	0.00002	0.00001	0.00000	0.00001	55	3.0
Cohnella candidum	2674991	S	255	255	510	0.00003	0.00001	0.00000	0.00001	58	4.0
Thermobacillus composti	377615	S	275	276	551	0.00003	0.00002	0.00000	0.00002	62	5.0
Saccharibacillus brassicae	2583377	S	271	271	542	0.00003	0.00002	0.00000	0.00002	61	3.0
Sporosarcina sp. 0.2-SM1T-5	3056445	S	2597	3104	5701	0.00032	0.00018	0.00000	0.00017	54	4.0
Sporosarcina sp. Marseille-Q4943	2942204	S	545	811	1356	0.00008	0.00005	0.00000	0.00004	45	4.0
Sporosarcina sp. Te-1	2818390	S	333	401	734	0.00004	0.00002	0.00000	0.00002	45	4.0
Sporosarcina sp. Marseille-Q4063	2810514	S	221	242	463	0.00003	0.00001	0.00000	0.00001	40	4.0
Sporosarcina sp. T2O-4	3056444	S	205	277	482	0.00003	0.00002	0.00000	0.00002	42	4.0
Sporosarcina ureae	1571	S	272	385	657	0.00004	0.00002	0.00000	0.00002	43	4.0
Sporosarcina thermotolerans	633404	S	141	179	320	0.00002	0.00001	0.00000	0.00001	42	4.0
Planococcus sp. MB-3u-03	2058136	S	344	535	879	0.00005	0.00003	0.00000	0.00003	49	4.0
Planococcus sp. N016	3058398	S	210	230	440	0.00002	0.00001	0.00000	0.00001	45	4.0
Planococcus sp. 107-1	2908840	S	173	204	377	0.00002	0.00001	0.00000	0.00001	45	4.0
Planococcus sp. N022	3058393	S	164	179	343	0.00002	0.00001	0.00000	0.00001	45	4.0
Planococcus sp. N056	3058394	S	155	211	366	0.00002	0.00001	0.00000	0.00001	49	4.0
Planococcus plakortidis	1038856	S	709	938	1647	0.00009	0.00005	0.00000	0.00005	52	4.0
Planococcus maritimus	192421	S	498	602	1100	0.00006	0.00003	0.00000	0.00003	49	4.0
Planococcus lenghuensis	2213202	S	444	453	897	0.00005	0.00003	0.00000	0.00002	49	4.0
Planococcus massiliensis	1499687	S	294	337	631	0.00004	0.00002	0.00000	0.00002	48	4.0
Planococcus rifietoensis	200991	S	238	351	589	0.00003	0.00002	0.00000	0.00002	51	4.0
Planococcus glaciei	459472	S	215	300	515	0.00003	0.00002	0.00000	0.00002	49	4.0
Planococcus halotolerans	2233542	S	206	222	428	0.00002	0.00001	0.00000	0.00001	46	4.0
Planococcus antarcticus	161360	S	118	135	253	0.00001	0.00001	0.00000	0.00001	44	4.0
Mammaliicoccus lentus	42858	S	424	436	860	0.00005	0.00002	0.00000	0.00003	32	4.0
Macrococcus equipercicus	69967	S	104	119	223	0.00001	0.00001	0.00000	0.00001	46	3.0
Salinicoccus halodurans	407035	S	145	146	291	0.00002	0.00001	0.00000	0.00001	46	4.0
Exiguobacterium alkaliphilum	1428684	S	146	199	345	0.00002	0.00001	0.00000	0.00001	54	3.0
Exiguobacterium aurantiacum	33987	S	114	220	334	0.00002	0.00001	0.00000	0.00001	54	4.0
Exiguobacterium mexicanum	340146	S	109	209	318	0.00002	0.00001	0.00000	0.00001	55	3.0
Hydrogenibacillus sp. N12	2866627	S	193	193	386	0.00002	0.00001	0.00000	0.00001	67	4.0
Alicyclobacillus acidocaldarius	405212	S	105	106	211	0.00001	0.00001	0.00000	0.00001	63	4.0
Polycladomyces abyssicola	1125966	S	127	130	257	0.00001	0.00001	0.00000	0.00001	54	3.0
Liquorilactobacillus nagelii	82688	S	253565	265876	519441	0.02937	0.01503	0.01878	0.01552	38	nan
Lacticaseibacillus sp. NCIMB 15474	3068307	S	3269	208869	212138	0.01200	0.01181	0.01294	0.01113	49	nan
Lacticaseibacillus sp. NCIMB 15471	3068305	S	267	363	630	0.00004	0.00002	0.00002	0.00002	49	nan
Lacticaseibacillus chiayiensis	2100821	S	486	494	980	0.00006	0.00003	0.00003	0.00003	47	nan
Lacticaseibacillus zeae	57037	S	408	860	1268	0.00007	0.00005	0.00005	0.00005	49	nan
Lacticaseibacillus rhamnosus	47715	S	333	486	819	0.00005	0.00003	0.00000	0.00003	48	5.0
Lacticaseibacillus paracasei	1597	S	325	366	691	0.00004	0.00002	0.00000	0.00002	47	5.0
Lacticaseibacillus casei	1582	S	279	1612	1891	0.00011	0.00009	0.00010	0.00009	49	nan
Fructilactobacillus lindneri	53444	S	118794	121021	239815	0.01356	0.00684	0.00895	0.00744	33	nan
Loigolactobacillus backii	375175	S	1325	1428	2753	0.00016	0.00008	0.00000	0.00008	41	5.0
Levilactobacillus brevis	1580	S	296	354	650	0.00004	0.00002	0.00000	0.00002	47	4.0
Lactiplantibacillus plantarum	1590	S	303	318	621	0.00004	0.00002	0.00000	0.00002	45	4.0
Limosilactobacillus fermentum	1613	S	116	129	245	0.00001	0.00001	0.00000	0.00001	54	3.0
Weissella confusa	1583	S	161	163	324	0.00002	0.00001	0.00000	0.00001	46	3.0
Emergencia timonensis	1776384	S	3766	4357	8123	0.00046	0.00025	0.00000	0.00024	47	5.0
Aminipila butyrica	433296	S	297	357	654	0.00004	0.00002	0.00000	0.00002	47	5.0
Aminipila terrae	2697030	S	264	335	599	0.00003	0.00002	0.00000	0.00002	37	4.0
Aminipila luticellarii	2507160	S	176	224	400	0.00002	0.00001	0.00000	0.00001	44	5.0
Roseburia hominis	301301	S	109	525	634	0.00004	0.00003	0.00000	0.00003	51	4.0
Acutalibacter muris	1796620	S	407	483	890	0.00005	0.00003	0.00000	0.00003	57	4.0
Corynebacterium humireducens	1223514	S	225140	226736	451876	0.02555	0.01282	0.02075	0.01887	70	nan
Corynebacterium breve	3049799	S	199244	200316	399560	0.02259	0.01133	0.01321	0.01144	57	nan
Crinalium epipsammum	241425	S	168335	168358	336693	0.01904	0.00952	0.01114	0.00945	40	nan
Picosynechococcus sp. PCC 8807	195248	S	65510	89773	155283	0.00878	0.00508	0.00555	0.00478	51	nan
Picosynechococcus sp. PCC 7003	374981	S	106	105	211	0.00001	0.00001	0.00001	0.00001	51	nan
Turneriella parva	29510	S	3160805	3160818	6321623	0.35748	0.17874	0.19846	0.17067	54	nan
Mucilaginibacter ginsenosidivorans	398053	S	712593	712777	1425370	0.08060	0.04031	0.04459	0.03856	47	nan
Mucilaginibacter mali	2740462	S	228050	228121	456171	0.02580	0.01290	0.01423	0.01229	48	nan
Saprospira grandis	1008	S	553752	554292	1108044	0.06266	0.03134	0.03462	0.03008	47	nan
Runella slithyformis	106	S	265876	265956	531832	0.03007	0.01504	0.01677	0.01439	48	nan
Muribaculum intestinale	1796646	S	167035	167374	334409	0.01891	0.00946	0.01075	0.00905	52	nan
Muribaculum gordoncarteri	2530390	S	179	180	359	0.00002	0.00001	0.00000	0.00001	53	4.0
Duncaniella dubosii	2518971	S	131	136	267	0.00002	0.00001	0.00000	0.00001	51	3.0
Paramuribaculum intestinale	2094151	S	154	154	308	0.00002	0.00001	0.00000	0.00001	57	3.0
Helicobacter hepaticus	32025	S	142943	144865	287808	0.01628	0.00819	0.01028	0.00853	36	nan
Hydrogenimonas urashimensis	2740515	S	93800	93819	187619	0.01061	0.00531	0.00596	0.00511	55	nan
Singulisphaera acidiphila	466153	S	149792	149806	299598	0.01694	0.00847	0.01128	0.00978	63	nan
Homo sapiens	9606	S	126	126	252	0.00001	0.00001	0.00000	0.00001	38	3.0
