name	taxonomy_id	taxonomy_lvl	kraken_assigned_reads	added_reads	new_est_reads	fraction_total_reads	Bracken_estimate	GuaCAMOLE_estimate	GuaCAMOLE_est_eff	GC content	Taxon Removal Cycle
Bacillus pseudomycoides	64104	S	522650	529386	1052036	0.06806	0.03425	0.03713	0.03589	35	nan
Bacillus anthracis	1392	S	18619	87022	105641	0.00683	0.00563	0.00621	0.00592	36	nan
Bacillus cereus	1396	S	4483	19604	24087	0.00156	0.00127	0.00140	0.00134	35	nan
Bacillus mycoides	1405	S	2549	3399	5948	0.00038	0.00022	0.00024	0.00023	35	nan
Bacillus thuringiensis	1428	S	2143	16505	18648	0.00121	0.00107	0.00119	0.00112	35	nan
Bacillus toyonensis	155322	S	1631	2797	4428	0.00029	0.00018	0.00020	0.00019	35	nan
Bacillus tropicus	2026188	S	447	847	1294	0.00008	0.00005	0.00006	0.00006	35	nan
Bacillus wiedmannii	1890302	S	366	452	818	0.00005	0.00003	0.00003	0.00003	35	nan
Bacillus cytotoxicus	580165	S	308	310	618	0.00004	0.00002	0.00000	0.00002	36	5.0
Bacillus sp. JAS24-2	2217832	S	142	277	419	0.00003	0.00002	0.00002	0.00002	35	nan
Bacillus luti	2026191	S	147	156	303	0.00002	0.00001	0.00001	0.00001	35	nan
Bacillus paranthracis	2026186	S	135	401	536	0.00003	0.00003	0.00003	0.00003	36	nan
Bacillus pacificus	2026187	S	101	156	257	0.00002	0.00001	0.00001	0.00001	36	nan
Bacillus sp. 1NLA3E	666686	S	37592	37831	75423	0.00488	0.00245	0.00240	0.00242	37	nan
Bacillus sp. DX3.1	3052091	S	408	414	822	0.00005	0.00003	0.00003	0.00003	36	nan
Bacillus arachidis	2819290	S	305	310	615	0.00004	0.00002	0.00002	0.00002	36	nan
Lentibacillus amyloliquefaciens	1472767	S	404328	405468	809796	0.05239	0.02623	0.02397	0.02403	42	nan
Staphylococcus sp. IVB6181	2929481	S	431933	438071	870004	0.05628	0.02834	0.02898	0.02854	38	nan
Staphylococcus condimenti	70255	S	47551	48433	95984	0.00621	0.00313	0.00338	0.00335	35	nan
Staphylococcus epidermidis	1282	S	407	479	886	0.00006	0.00003	0.00000	0.00004	33	4.0
Staphylococcus aureus	1280	S	263	1187	1450	0.00009	0.00008	0.00000	0.00008	35	3.0
Kurthia sp. YJT4	3049086	S	266128	419165	685293	0.04433	0.02712	0.02793	0.02747	37	nan
Kurthia sp. 11kri321	1750719	S	119	193	312	0.00002	0.00001	0.00001	0.00001	37	nan
Rummeliibacillus sp. G93	2939494	S	72553	76148	148701	0.00962	0.00493	0.00500	0.00489	39	nan
Brevibacillus laterosporus	1465	S	132	140	272	0.00002	0.00001	0.00000	0.00001	42	4.0
Lactococcus paracarnosus	2749962	S	153939	156351	310290	0.02007	0.01011	0.01006	0.00993	40	nan
Lactococcus carnosus	2749961	S	4365	4486	8851	0.00057	0.00029	0.00000	0.00028	40	4.0
Lactococcus piscium	1364	S	3720	3923	7643	0.00049	0.00025	0.00025	0.00025	40	nan
Lactococcus raffinolactis	1366	S	628	647	1275	0.00008	0.00004	0.00000	0.00004	41	5.0
Streptococcus pluranimalium	82348	S	14824	15076	29900	0.00193	0.00098	0.00093	0.00095	40	nan
Streptococcus anginosus	1328	S	686	859	1545	0.00010	0.00006	0.00000	0.00005	40	4.0
Streptococcus dysgalactiae	1334	S	487	737	1224	0.00008	0.00005	0.00000	0.00005	40	4.0
Streptococcus equi	1336	S	145	146	291	0.00002	0.00001	0.00000	0.00001	43	4.0
Streptococcus pyogenes	1314	S	227	315	542	0.00004	0.00002	0.00000	0.00002	40	4.0
Streptococcus canis	1329	S	222	227	449	0.00003	0.00001	0.00000	0.00001	40	4.0
Streptococcus suis	1307	S	194	205	399	0.00003	0.00001	0.00000	0.00001	42	4.0
Streptococcus pneumoniae	1313	S	153	162	315	0.00002	0.00001	0.00000	0.00001	42	3.0
Streptococcus agalactiae	1311	S	119	213	332	0.00002	0.00001	0.00000	0.00001	37	4.0
Vagococcus lutrae	81947	S	67878	69751	137629	0.00890	0.00451	0.00456	0.00447	38	nan
Enterococcus faecalis	1351	S	828	908	1736	0.00011	0.00006	0.00000	0.00006	38	4.0
Enterococcus faecium	1352	S	230	269	499	0.00003	0.00002	0.00000	0.00002	39	3.0
Enterococcus gallinarum	1353	S	174	233	407	0.00003	0.00002	0.00000	0.00001	41	3.0
Granulicatella elegans	137732	S	512	540	1052	0.00007	0.00003	0.00000	0.00004	33	4.0
Facklamia hominis	178214	S	269	273	542	0.00004	0.00002	0.00000	0.00002	40	4.0
Globicatella sanguinis	13076	S	100	102	202	0.00001	0.00001	0.00000	0.00001	36	3.0
Lactobacillus iners	147802	S	101	111	212	0.00001	0.00001	0.00000	0.00001	33	2.0
Romboutsia ilealis	1115758	S	396115	397958	794073	0.05137	0.02575	0.03737	0.03623	27	nan
Romboutsia sp. 13368	2708053	S	2210	2225	4435	0.00029	0.00014	0.00000	0.00020	29	5.0
Romboutsia sp. CE17	2724150	S	1332	1342	2674	0.00017	0.00009	0.00000	0.00012	28	4.0
Romboutsia hominis	1507512	S	1280	1283	2563	0.00017	0.00008	0.00000	0.00011	27	5.0
Paeniclostridium sordellii	1505	S	1122	1126	2248	0.00015	0.00007	0.00000	0.00010	28	5.0
Terrisporobacter hibernicus	2813371	S	541	653	1194	0.00008	0.00004	0.00000	0.00006	29	5.0
Terrisporobacter mayombei	1541	S	110	114	224	0.00001	0.00001	0.00000	0.00001	29	3.0
Terrisporobacter petrolearius	1460447	S	105	126	231	0.00001	0.00001	0.00000	0.00001	29	3.0
Clostridioides difficile	1496	S	355	365	720	0.00005	0.00002	0.00000	0.00003	29	4.0
Peptacetobacter hiranonis	89152	S	129	129	258	0.00002	0.00001	0.00000	0.00001	32	3.0
Candidatus Arthromitus sp. SFB-mouse-NL	1508644	S	86493	216401	302894	0.01960	0.01400	0.01924	0.01924	26	nan
Candidatus Arthromitus sp. SFB-rat-Yit	1041504	S	391	392	783	0.00005	0.00003	0.00003	0.00004	27	nan
Candidatus Arthromitus sp. SFB-mouse	49118	S	101	521	622	0.00004	0.00003	0.00004	0.00005	28	nan
Clostridium isatidis	182773	S	55842	56171	112013	0.00725	0.00363	0.00480	0.00483	30	nan
Clostridium baratii	1561	S	46050	46235	92285	0.00597	0.00299	0.00425	0.00409	28	nan
Clostridium perfringens	1502	S	1208	1565	2773	0.00018	0.00010	0.00000	0.00014	29	5.0
Clostridium botulinum	1491	S	238	254	492	0.00003	0.00002	0.00000	0.00002	28	4.0
Clostridium bornimense	1216932	S	153	153	306	0.00002	0.00001	0.00000	0.00001	29	4.0
Clostridium tetani	1513	S	107	107	214	0.00001	0.00001	0.00000	0.00001	28	3.0
Clostridium gelidum	704125	S	103	103	206	0.00001	0.00001	0.00000	0.00001	29	4.0
Paraclostridium bifermentans	1490	S	930	935	1865	0.00012	0.00006	0.00000	0.00008	28	5.0
Anaerotignum propionicum	28446	S	30367	30614	60981	0.00395	0.00198	0.00189	0.00192	40	nan
Coprococcus catus	116085	S	115	130	245	0.00002	0.00001	0.00000	0.00001	45	3.0
Thermaerobacter marianensis	73919	S	14429	14455	28884	0.00187	0.00094	0.00110	0.00106	74	nan
Fenollaria sporofastidiosus	2811778	S	217	219	436	0.00003	0.00001	0.00000	0.00001	37	3.0
Caldicellulosiruptor obsidiansis	717609	S	228198	231601	459799	0.02975	0.01498	0.01612	0.01579	35	nan
Thermoanaerobacterium xylanolyticum	29329	S	92255	92794	185049	0.01197	0.00600	0.00651	0.00638	36	nan
Finegoldia magna	1260	S	451981	455938	907919	0.05874	0.02950	0.03500	0.03420	32	nan
Peptoniphilus asaccharolyticus	1258	S	6734	6734	13468	0.00087	0.00044	0.00000	0.00064	25	5.0
Peptoniphilus sp. SAHP1	2948573	S	1760	1979	3739	0.00024	0.00013	0.00000	0.00014	35	5.0
Peptoniphilus equinus	3016343	S	1214	1220	2434	0.00016	0.00008	0.00000	0.00007	49	4.0
Peptoniphilus harei	54005	S	1080	1172	2252	0.00015	0.00008	0.00000	0.00008	36	5.0
Peptoniphilus ivorii	54006	S	306	307	613	0.00004	0.00002	0.00000	0.00002	56	4.0
Anaerococcus prevotii	33034	S	424	746	1170	0.00008	0.00005	0.00000	0.00005	36	4.0
Anaerococcus mediterraneensis	1870984	S	410	580	990	0.00006	0.00004	0.00000	0.00004	36	4.0
Anaerococcus sp. Marseille-Q7828	3036300	S	400	494	894	0.00006	0.00003	0.00000	0.00003	34	4.0
Parvimonas micra	33033	S	212	214	426	0.00003	0.00001	0.00000	0.00002	29	4.0
Ezakiella coagulans	46507	S	438	466	904	0.00006	0.00003	0.00000	0.00003	36	4.0
Ezakiella massiliensis	1852374	S	212	221	433	0.00003	0.00001	0.00000	0.00001	38	4.0
Turicibacter bilis	2735723	S	132	134	266	0.00002	0.00001	0.00000	0.00001	35	3.0
Herbiconiux sp. SALV-R1	2735133	S	635496	638963	1274459	0.08245	0.04134	0.04176	0.04183	71	nan
Herbiconiux sp. L3-i23	2905871	S	315	317	632	0.00004	0.00002	0.00000	0.00002	71	5.0
Microbacterium testaceum	2033	S	113060	121266	234326	0.01516	0.00785	0.00774	0.00784	71	nan
Microbacterium sp. BH-3-3-3	1906742	S	21728	23090	44818	0.00290	0.00149	0.00158	0.00152	71	nan
Microbacterium sp. SL75	2995140	S	14380	17225	31605	0.00204	0.00111	0.00109	0.00110	71	nan
Microbacterium sp. 10M-3C3	2483401	S	1723	2096	3819	0.00025	0.00014	0.00000	0.00014	72	5.0
Microbacterium sp. 4R-513	2567934	S	890	923	1813	0.00012	0.00006	0.00006	0.00006	70	nan
Microbacterium sp. cx-55	2875948	S	860	875	1735	0.00011	0.00006	0.00006	0.00006	69	nan
Microbacterium sp. PM5	2014534	S	747	776	1523	0.00010	0.00005	0.00005	0.00005	70	nan
Microbacterium sp. No. 7	1714373	S	713	770	1483	0.00010	0.00005	0.00005	0.00005	72	nan
Microbacterium sp.	51671	S	697	717	1414	0.00009	0.00005	0.00005	0.00005	70	nan
Microbacterium sp. Clip185	3025663	S	684	780	1464	0.00009	0.00005	0.00005	0.00005	70	nan
Microbacterium sp. BDGP8	3035531	S	663	783	1446	0.00009	0.00005	0.00005	0.00005	70	nan
Microbacterium sp. ABRD28	2268461	S	620	693	1313	0.00008	0.00004	0.00004	0.00004	70	nan
Microbacterium sp. XT11	367477	S	608	635	1243	0.00008	0.00004	0.00004	0.00004	70	nan
Microbacterium sp. zg-Y1090	3049073	S	605	693	1298	0.00008	0.00004	0.00005	0.00005	71	nan
Microbacterium sp. ET2 (Ac-2212)	3050384	S	574	628	1202	0.00008	0.00004	0.00000	0.00004	70	5.0
Microbacterium sp. zg-B96	3049069	S	562	602	1164	0.00008	0.00004	0.00000	0.00004	70	5.0
Microbacterium sp. JZ31	1906274	S	553	572	1125	0.00007	0.00004	0.00000	0.00004	71	5.0
Microbacterium sp. zg-Y625	3049071	S	526	694	1220	0.00008	0.00004	0.00005	0.00005	71	nan
Microbacterium sp. LKL04	912630	S	522	550	1072	0.00007	0.00004	0.00003	0.00004	70	nan
Microbacterium sp. SSW1-36	2851648	S	521	564	1085	0.00007	0.00004	0.00004	0.00004	70	nan
Microbacterium sp. KACC 23027	3028316	S	487	503	990	0.00006	0.00003	0.00000	0.00003	69	5.0
Microbacterium sp. zg-B185	3049070	S	486	498	984	0.00006	0.00003	0.00000	0.00003	69	5.0
Microbacterium sp. zg-Y818	3049072	S	469	628	1097	0.00007	0.00004	0.00004	0.00004	71	nan
Microbacterium sp. SSW1-51	2851650	S	458	508	966	0.00006	0.00003	0.00000	0.00003	71	5.0
Microbacterium sp. nov. GSS16	3019890	S	453	498	951	0.00006	0.00003	0.00000	0.00003	70	5.0
Microbacterium sp. KUDC0406	2909588	S	377	396	773	0.00005	0.00003	0.00003	0.00003	70	nan
Microbacterium sp. TPU 3598	1938334	S	363	453	816	0.00005	0.00003	0.00000	0.00003	69	5.0
Microbacterium sp. AB	2981139	S	350	360	710	0.00005	0.00002	0.00000	0.00002	72	5.0
Microbacterium sp. Y-01	2048898	S	344	446	790	0.00005	0.00003	0.00003	0.00003	71	nan
Microbacterium sp. YJN-G	2763257	S	328	377	705	0.00005	0.00002	0.00000	0.00002	70	5.0
Microbacterium sp. H1-D42	2925844	S	285	295	580	0.00004	0.00002	0.00000	0.00002	69	4.0
Microbacterium sp. M28	2962064	S	285	298	583	0.00004	0.00002	0.00000	0.00002	69	5.0
Microbacterium sp. NIBRBAC000506063	2734618	S	280	304	584	0.00004	0.00002	0.00000	0.00002	70	5.0
Microbacterium sp. 1S1	2606451	S	240	404	644	0.00004	0.00003	0.00003	0.00003	71	nan
Microbacterium sp. A18JL241	2782166	S	220	238	458	0.00003	0.00002	0.00000	0.00001	69	4.0
Microbacterium sp. RG1	2489212	S	198	325	523	0.00003	0.00002	0.00002	0.00002	71	nan
Microbacterium sp. SGAir0570	2070348	S	133	641	774	0.00005	0.00004	0.00004	0.00004	70	nan
Microbacterium sp. F6_8S_P_2B	3041512	S	111	1384	1495	0.00010	0.00009	0.00009	0.00009	71	nan
Microbacterium atlanticum	2782168	S	22117	22523	44640	0.00289	0.00146	0.00154	0.00150	71	nan
Microbacterium luteum	2782167	S	15924	17592	33516	0.00217	0.00114	0.00111	0.00111	70	nan
Microbacterium proteolyticum	1572644	S	10750	11487	22237	0.00144	0.00074	0.00076	0.00075	71	nan
Microbacterium lemovicicum	1072463	S	1336	1360	2696	0.00017	0.00009	0.00010	0.00009	71	nan
Microbacterium oleivorans	273677	S	1221	1248	2469	0.00016	0.00008	0.00008	0.00008	70	nan
Microbacterium hominis	162426	S	880	3583	4463	0.00029	0.00023	0.00024	0.00023	71	nan
Microbacterium terricola	344163	S	693	707	1400	0.00009	0.00005	0.00005	0.00005	70	nan
Microbacterium chocolatum	84292	S	669	696	1365	0.00009	0.00005	0.00005	0.00005	70	nan
Microbacterium protaetiae	2509458	S	661	670	1331	0.00009	0.00004	0.00000	0.00004	69	5.0
Microbacterium wangchenii	2541726	S	653	679	1332	0.00009	0.00004	0.00004	0.00004	72	nan
Microbacterium cremeum	2782169	S	629	641	1270	0.00008	0.00004	0.00004	0.00004	72	nan
Microbacterium lushaniae	2614639	S	601	625	1226	0.00008	0.00004	0.00004	0.00004	71	nan
Microbacterium aurum	36805	S	591	632	1223	0.00008	0.00004	0.00004	0.00004	71	nan
Microbacterium esteraromaticum	57043	S	574	595	1169	0.00008	0.00004	0.00000	0.00004	69	5.0
Microbacterium foliorum	104336	S	528	1067	1595	0.00010	0.00007	0.00000	0.00007	69	5.0
Microbacterium pygmaeum	370764	S	505	509	1014	0.00007	0.00003	0.00000	0.00003	69	5.0
Microbacterium arborescens	33883	S	487	516	1003	0.00006	0.00003	0.00003	0.00003	70	nan
Microbacterium oxydans	82380	S	471	870	1341	0.00009	0.00006	0.00005	0.00005	70	nan
Microbacterium caowuchunii	2614638	S	432	438	870	0.00006	0.00003	0.00003	0.00003	71	nan
Microbacterium luteolum	69367	S	389	400	789	0.00005	0.00003	0.00000	0.00002	70	5.0
Microbacterium oryzae	743009	S	376	383	759	0.00005	0.00002	0.00000	0.00003	72	5.0
Microbacterium hydrocarbonoxydans	273678	S	359	372	731	0.00005	0.00002	0.00000	0.00002	69	5.0
Microbacterium elymi	2909587	S	343	346	689	0.00004	0.00002	0.00000	0.00002	70	5.0
Microbacterium schleiferi	69362	S	317	350	667	0.00004	0.00002	0.00000	0.00002	68	4.0
Microbacterium sediminis	904291	S	288	327	615	0.00004	0.00002	0.00000	0.00002	72	5.0
Microbacterium liquefaciens	33918	S	270	623	893	0.00006	0.00004	0.00004	0.00004	70	nan
Microbacterium azadirachtae	582680	S	268	273	541	0.00003	0.00002	0.00000	0.00002	71	5.0
Microbacterium endophyticum	1526412	S	197	197	394	0.00003	0.00001	0.00000	0.00001	62	4.0
Microbacterium resistens	156977	S	183	185	368	0.00002	0.00001	0.00000	0.00001	71	5.0
Microbacterium suwonense	683047	S	174	178	352	0.00002	0.00001	0.00000	0.00001	69	5.0
Microbacterium binotii	462710	S	146	209	355	0.00002	0.00001	0.00001	0.00001	70	nan
Microbacterium paludicola	300019	S	116	517	633	0.00004	0.00003	0.00003	0.00003	70	nan
Plantibacter sp. M259	2583822	S	26932	28368	55300	0.00358	0.00184	0.00177	0.00178	70	nan
Agromyces larvae	2929802	S	23090	23510	46600	0.00301	0.00152	0.00165	0.00159	71	nan
Agromyces protaetiae	2509455	S	113	113	226	0.00001	0.00001	0.00000	0.00001	71	4.0
Rathayibacter sp. VKM Ac-2801	2609255	S	141	461	602	0.00004	0.00003	0.00000	0.00003	73	4.0
Rathayibacter sp. VKM Ac-2760	2609253	S	105	149	254	0.00002	0.00001	0.00000	0.00001	73	4.0
Rathayibacter festucae	110937	S	393	700	1093	0.00007	0.00005	0.00000	0.00005	73	4.0
Agrococcus sp. SGAir0287	2070347	S	247	285	532	0.00003	0.00002	0.00000	0.00002	73	4.0
Agrococcus jejuensis	399736	S	324	347	671	0.00004	0.00002	0.00000	0.00002	73	4.0
Clavibacter capsici	1874630	S	101	263	364	0.00002	0.00002	0.00000	0.00002	74	4.0
Leifsonia sp. ZF2019	2781978	S	143	148	291	0.00002	0.00001	0.00000	0.00001	70	5.0
Leifsonia sp. 21MFCrub1.1	1798223	S	114	175	289	0.00002	0.00001	0.00000	0.00001	71	5.0
Leucobacter allii	2932247	S	108	129	237	0.00002	0.00001	0.00000	0.00001	72	4.0
Microcella humidisoli	2963406	S	126	169	295	0.00002	0.00001	0.00000	0.00001	71	5.0
Cnuibacter physcomitrellae	1619308	S	257	259	516	0.00003	0.00002	0.00002	0.00002	71	nan
Frigoribacterium sp. SL97	2994664	S	111	111	222	0.00001	0.00001	0.00000	0.00001	71	5.0
Paraoerskovia sediminicola	1138587	S	62055	62465	124520	0.00806	0.00404	0.00450	0.00438	73	nan
Cellulomonas flavigena	1711	S	33398	33837	67235	0.00435	0.00219	0.00279	0.00264	76	nan
Arthrobacter dokdonellae	2211210	S	58107	58409	116516	0.00754	0.00378	0.00338	0.00343	67	nan
Glutamicibacter creatinolyticus	162496	S	787	794	1581	0.00010	0.00005	0.00000	0.00005	67	4.0
Brevibacterium sp. W7.2	2823518	S	21372	37837	59209	0.00383	0.00245	0.00231	0.00234	69	nan
Demequina sp. TMPB413	2881056	S	196	202	398	0.00003	0.00001	0.00000	0.00001	66	3.0
Streptomyces sp. Rer75	2750011	S	166708	178677	345385	0.02234	0.01156	0.01251	0.01231	72	nan
Streptomyces sp. P3	2135430	S	121606	127162	248768	0.01609	0.00823	0.00893	0.00873	72	nan
Streptomyces sp. RTd22	1841249	S	8269	8790	17059	0.00110	0.00057	0.00061	0.00060	72	nan
Streptomyces sp. XD-27	3062779	S	5068	5229	10297	0.00067	0.00034	0.00038	0.00037	73	nan
Streptomyces sp. LX-29	2900152	S	3389	3485	6874	0.00044	0.00023	0.00025	0.00025	73	nan
Streptomyces sp. NA02950	2742137	S	1194	1220	2414	0.00016	0.00008	0.00000	0.00008	72	4.0
Streptomyces sp. SCUT-3	2684469	S	543	555	1098	0.00007	0.00004	0.00000	0.00004	74	4.0
Streptomyces sp. MST-110588	2833628	S	501	514	1015	0.00007	0.00003	0.00000	0.00004	72	5.0
Streptomyces sp. 71268	3002640	S	446	503	949	0.00006	0.00003	0.00004	0.00004	73	nan
Streptomyces sp. So13.3	2136173	S	383	387	770	0.00005	0.00003	0.00000	0.00003	71	4.0
Streptomyces sp. VNUA116	3062449	S	377	396	773	0.00005	0.00003	0.00003	0.00003	73	nan
Streptomyces sp. DSM 40868	2721173	S	369	397	766	0.00005	0.00003	0.00000	0.00003	72	5.0
Streptomyces sp. SN-593	659352	S	363	367	730	0.00005	0.00002	0.00003	0.00003	74	nan
Streptomyces sp. C8S0	2585716	S	332	342	674	0.00004	0.00002	0.00000	0.00003	73	5.0
Streptomyces sp. ITFR-21	3075199	S	323	327	650	0.00004	0.00002	0.00000	0.00002	72	5.0
Streptomyces sp. SAT1	1849967	S	317	332	649	0.00004	0.00002	0.00002	0.00002	74	nan
Streptomyces sp. NHF165	2175864	S	315	318	633	0.00004	0.00002	0.00000	0.00002	74	5.0
Streptomyces sp. WZ-12	3030210	S	309	321	630	0.00004	0.00002	0.00000	0.00002	72	5.0
Streptomyces sp. SCSIO ZS0520	2892996	S	307	315	622	0.00004	0.00002	0.00002	0.00002	74	nan
Streptomyces sp. NA04227	2742136	S	294	300	594	0.00004	0.00002	0.00000	0.00002	72	5.0
Streptomyces sp. 891-h	2720714	S	292	296	588	0.00004	0.00002	0.00000	0.00002	71	5.0
Streptomyces sp. MA3_2.13	2867410	S	284	285	569	0.00004	0.00002	0.00002	0.00002	72	nan
Streptomyces sp. GS7	2692234	S	280	293	573	0.00004	0.00002	0.00002	0.00002	73	nan
Streptomyces sp. MRC013	2898276	S	279	297	576	0.00004	0.00002	0.00000	0.00002	74	5.0
Streptomyces sp. BHT-5-2	2866715	S	270	285	555	0.00004	0.00002	0.00002	0.00002	72	nan
Streptomyces sp. TLI_053	1855352	S	255	261	516	0.00003	0.00002	0.00000	0.00002	74	5.0
Streptomyces sp. HL-66	2964669	S	253	263	516	0.00003	0.00002	0.00002	0.00002	74	nan
Streptomyces sp. AM2-3-1	3075824	S	238	244	482	0.00003	0.00002	0.00000	0.00002	71	4.0
Streptomyces sp. JB150	2714844	S	237	257	494	0.00003	0.00002	0.00002	0.00002	73	nan
Streptomyces sp. FZ201	3057122	S	233	250	483	0.00003	0.00002	0.00002	0.00002	72	nan
Streptomyces sp. HUAS YS2	3081768	S	225	236	461	0.00003	0.00002	0.00002	0.00002	72	nan
Streptomyces sp. BPTC-684	3043734	S	213	222	435	0.00003	0.00001	0.00000	0.00002	72	5.0
Streptomyces sp. W1SF4	2305220	S	209	222	431	0.00003	0.00001	0.00000	0.00002	73	5.0
Streptomyces sp. QHH-9511	2684468	S	207	217	424	0.00003	0.00001	0.00000	0.00001	72	5.0
Streptomyces sp. AM 2-1-1	3028709	S	207	213	420	0.00003	0.00001	0.00000	0.00002	72	5.0
Streptomyces sp. HUAS CB01	3053466	S	206	214	420	0.00003	0.00001	0.00001	0.00002	73	nan
Streptomyces sp. GMY02	1333528	S	204	207	411	0.00003	0.00001	0.00000	0.00001	71	4.0
Streptomyces sp. ST1015	1848900	S	190	196	386	0.00002	0.00001	0.00001	0.00001	72	nan
Streptomyces sp. NEAU-sy36	2751189	S	190	204	394	0.00003	0.00001	0.00001	0.00001	73	nan
Streptomyces sp. SM18	1736046	S	189	196	385	0.00002	0.00001	0.00001	0.00001	72	nan
Streptomyces sp. MBT27	1488356	S	186	193	379	0.00002	0.00001	0.00000	0.00001	71	5.0
Streptomyces sp. WMMC500	3015154	S	184	187	371	0.00002	0.00001	0.00000	0.00001	74	5.0
Streptomyces sp. YIM 121038	2136401	S	184	196	380	0.00002	0.00001	0.00001	0.00001	73	nan
Streptomyces sp. WAC 01438	2203204	S	180	193	373	0.00002	0.00001	0.00001	0.00001	73	nan
Streptomyces sp. AM 4-1-1	3028710	S	179	184	363	0.00002	0.00001	0.00000	0.00001	72	5.0
Streptomyces sp. AM8-1-1	3075825	S	170	175	345	0.00002	0.00001	0.00000	0.00001	70	4.0
Streptomyces sp. ITFR-16	3075198	S	168	180	348	0.00002	0.00001	0.00001	0.00001	73	nan
Streptomyces sp. Go40/10	2825844	S	157	173	330	0.00002	0.00001	0.00001	0.00001	73	nan
Streptomyces sp. RerS4	2942449	S	155	164	319	0.00002	0.00001	0.00001	0.00001	73	nan
Streptomyces sp. NEAU-S7GS2	2202000	S	155	342	497	0.00003	0.00002	0.00002	0.00002	72	nan
Streptomyces sp. 135	2838850	S	154	167	321	0.00002	0.00001	0.00001	0.00001	72	nan
Streptomyces sp. Mut1	3033811	S	154	162	316	0.00002	0.00001	0.00001	0.00001	72	nan
Streptomyces sp. S465	2979468	S	153	204	357	0.00002	0.00001	0.00001	0.00001	72	nan
Streptomyces sp. WAC 01529	2203205	S	152	166	318	0.00002	0.00001	0.00000	0.00001	72	5.0
Streptomyces sp. NBC_00162	2903629	S	149	158	307	0.00002	0.00001	0.00000	0.00001	71	5.0
Streptomyces sp. HUAS 14-6	2981135	S	147	158	305	0.00002	0.00001	0.00001	0.00001	73	nan
Streptomyces sp. HSG2	2797167	S	145	146	291	0.00002	0.00001	0.00000	0.00001	73	5.0
Streptomyces sp. Z423-1	2730915	S	144	153	297	0.00002	0.00001	0.00000	0.00001	72	5.0
Streptomyces sp. T12	477697	S	139	149	288	0.00002	0.00001	0.00000	0.00001	71	5.0
Streptomyces sp. SirexAA-E	862751	S	139	145	284	0.00002	0.00001	0.00000	0.00001	73	5.0
Streptomyces sp. CB01881	2078691	S	137	141	278	0.00002	0.00001	0.00000	0.00001	73	5.0
Streptomyces sp. NA02536	2742133	S	137	375	512	0.00003	0.00002	0.00002	0.00003	73	nan
Streptomyces sp. LRE541	2931983	S	136	142	278	0.00002	0.00001	0.00000	0.00001	71	5.0
Streptomyces sp. ITFR-6	3075197	S	134	141	275	0.00002	0.00001	0.00000	0.00001	71	5.0
Streptomyces sp. Tu 2975	2676871	S	133	142	275	0.00002	0.00001	0.00000	0.00001	72	5.0
Streptomyces sp. HUAS 15-9	2981136	S	133	139	272	0.00002	0.00001	0.00000	0.00001	71	4.0
Streptomyces sp. fd1-xmd	1812480	S	129	145	274	0.00002	0.00001	0.00001	0.00001	73	nan
Streptomyces sp. HUAS 5	3031124	S	129	136	265	0.00002	0.00001	0.00000	0.00001	72	5.0
Streptomyces sp. Li-HN-5-11	3075432	S	123	128	251	0.00002	0.00001	0.00000	0.00001	72	5.0
Streptomyces sp. Alt3	3033808	S	121	129	250	0.00002	0.00001	0.00000	0.00001	71	5.0
Streptomyces sp. CdTB01	1725411	S	120	126	246	0.00002	0.00001	0.00001	0.00001	72	nan
Streptomyces sp. SCA4-21	3026192	S	120	158	278	0.00002	0.00001	0.00001	0.00001	72	nan
Streptomyces sp. PCS3-D2	1460244	S	119	128	247	0.00002	0.00001	0.00001	0.00001	72	nan
Streptomyces sp. CMB-StM0423	2059884	S	118	125	243	0.00002	0.00001	0.00000	0.00001	74	5.0
Streptomyces sp. BB1-1-1	3074430	S	117	132	249	0.00002	0.00001	0.00000	0.00001	72	5.0
Streptomyces sp. Caat 7-52	2949637	S	117	126	243	0.00002	0.00001	0.00001	0.00001	72	nan
Streptomyces sp. FIT100	2837956	S	117	126	243	0.00002	0.00001	0.00000	0.00001	72	5.0
Streptomyces sp. TN58	234612	S	115	127	242	0.00002	0.00001	0.00001	0.00001	72	nan
Streptomyces sp. S4.7	2705439	S	113	122	235	0.00002	0.00001	0.00000	0.00001	71	5.0
Streptomyces sp. M92	2944250	S	111	124	235	0.00002	0.00001	0.00001	0.00001	72	nan
Streptomyces sp. HM190	2695266	S	109	115	224	0.00001	0.00001	0.00001	0.00001	73	nan
Streptomyces sp. HUAS 2-6	3004093	S	108	116	224	0.00001	0.00001	0.00000	0.00001	72	5.0
Streptomyces sp. YPW6	2840373	S	105	121	226	0.00001	0.00001	0.00001	0.00001	73	nan
Streptomyces sp. SYP-A7193	2662065	S	103	120	223	0.00001	0.00001	0.00001	0.00001	73	nan
Streptomyces sp. INR7	2607753	S	102	117	219	0.00001	0.00001	0.00001	0.00001	73	nan
Streptomyces bathyalis	2710756	S	194884	196456	391340	0.02532	0.01271	0.01296	0.01285	70	nan
Streptomyces rutgersensis	53451	S	21108	23396	44504	0.00288	0.00151	0.00168	0.00175	73	nan
Streptomyces venezuelae	54571	S	866	975	1841	0.00012	0.00006	0.00006	0.00007	73	nan
Streptomyces buecherae	2763006	S	715	780	1495	0.00010	0.00005	0.00006	0.00006	73	nan
Streptomyces rapamycinicus	1226757	S	331	360	691	0.00004	0.00002	0.00000	0.00002	71	5.0
Streptomyces yatensis	155177	S	140	196	336	0.00002	0.00001	0.00001	0.00001	72	nan
Streptomyces violaceusniger	68280	S	112	152	264	0.00002	0.00001	0.00000	0.00001	71	5.0
Streptomyces aurantiacus	47760	S	150	157	307	0.00002	0.00001	0.00000	0.00001	71	5.0
Streptomyces cadmiisoli	2184053	S	140	147	287	0.00002	0.00001	0.00000	0.00001	71	5.0
Streptomyces griseus	1911	S	171	214	385	0.00002	0.00001	0.00001	0.00002	73	nan
Streptomyces olivoreticuli	68246	S	435	452	887	0.00006	0.00003	0.00000	0.00003	72	5.0
Streptomyces rimosus	1927	S	400	411	811	0.00005	0.00003	0.00000	0.00003	73	5.0
Streptomyces luteoverticillatus	66425	S	376	391	767	0.00005	0.00003	0.00003	0.00003	73	nan
Streptomyces xinghaiensis	1038928	S	371	380	751	0.00005	0.00002	0.00003	0.00003	73	nan
Streptomyces griseocarneus	51201	S	338	352	690	0.00004	0.00002	0.00002	0.00003	73	nan
Streptomyces armeniacus	83291	S	299	301	600	0.00004	0.00002	0.00000	0.00002	73	5.0
Streptomyces marincola	2878388	S	288	290	578	0.00004	0.00002	0.00000	0.00002	74	5.0
Streptomyces tsukubensis	83656	S	283	291	574	0.00004	0.00002	0.00000	0.00002	72	5.0
Streptomyces noursei	1971	S	276	357	633	0.00004	0.00002	0.00002	0.00003	73	nan
Streptomyces nitrosporeus	28894	S	271	283	554	0.00004	0.00002	0.00002	0.00002	72	nan
Streptomyces ficellus	1977088	S	258	271	529	0.00003	0.00002	0.00002	0.00002	73	nan
Streptomyces clavuligerus	1901	S	255	259	514	0.00003	0.00002	0.00000	0.00002	73	5.0
Streptomyces rectiverticillatus	173860	S	245	258	503	0.00003	0.00002	0.00002	0.00002	73	nan
Streptomyces tubbatahanensis	2923272	S	234	237	471	0.00003	0.00002	0.00002	0.00002	72	nan
Streptomyces genisteinicus	2768068	S	232	240	472	0.00003	0.00002	0.00002	0.00002	74	nan
Streptomyces albus	1888	S	231	235	466	0.00003	0.00002	0.00000	0.00002	73	5.0
Streptomyces angustmyceticus	285578	S	228	250	478	0.00003	0.00002	0.00002	0.00002	73	nan
Streptomyces niveus	193462	S	227	238	465	0.00003	0.00002	0.00000	0.00002	71	5.0
Streptomyces seoulensis	73044	S	224	237	461	0.00003	0.00002	0.00001	0.00002	73	nan
Streptomyces harbinensis	1176198	S	214	219	433	0.00003	0.00001	0.00000	0.00002	73	5.0
Streptomyces collinus	42684	S	214	245	459	0.00003	0.00002	0.00002	0.00002	73	nan
Streptomyces halobius	2879846	S	212	217	429	0.00003	0.00001	0.00000	0.00001	70	4.0
Streptomyces gobiensis	2875706	S	211	213	424	0.00003	0.00001	0.00000	0.00001	70	4.0
Streptomyces gilvosporeus	553510	S	204	212	416	0.00003	0.00001	0.00000	0.00001	71	5.0
Streptomyces mobaraensis	35621	S	203	584	787	0.00005	0.00004	0.00004	0.00004	73	nan
Streptomyces spectabilis	68270	S	200	214	414	0.00003	0.00001	0.00001	0.00002	73	nan
Streptomyces xanthophaeus	67385	S	193	220	413	0.00003	0.00001	0.00001	0.00002	72	nan
Streptomyces paludis	2282738	S	193	197	390	0.00003	0.00001	0.00000	0.00001	72	5.0
Streptomyces glaucescens	1907	S	182	197	379	0.00002	0.00001	0.00001	0.00001	73	nan
Streptomyces alfalfae	1642299	S	181	192	373	0.00002	0.00001	0.00001	0.00001	73	nan
Streptomyces lydicus	47763	S	174	249	423	0.00003	0.00002	0.00002	0.00002	72	nan
Streptomyces nodosus	40318	S	172	177	349	0.00002	0.00001	0.00000	0.00001	71	5.0
Streptomyces sudanensis	436397	S	167	179	346	0.00002	0.00001	0.00000	0.00001	74	5.0
Streptomyces viridosporus	67581	S	166	181	347	0.00002	0.00001	0.00001	0.00001	73	nan
Streptomyces roseirectus	2768066	S	164	170	334	0.00002	0.00001	0.00001	0.00001	73	nan
Streptomyces xanthii	2768069	S	162	168	330	0.00002	0.00001	0.00001	0.00001	73	nan
Streptomyces hundungensis	1077946	S	157	164	321	0.00002	0.00001	0.00000	0.00001	72	5.0
Streptomyces vilmorinianum	3051092	S	154	164	318	0.00002	0.00001	0.00001	0.00001	72	nan
Streptomyces peucetius	1950	S	154	160	314	0.00002	0.00001	0.00000	0.00001	71	5.0
Streptomyces griseorubiginosus	67304	S	153	165	318	0.00002	0.00001	0.00000	0.00001	72	5.0
Streptomyces roseicoloratus	2508722	S	152	160	312	0.00002	0.00001	0.00001	0.00001	73	nan
Streptomyces katrae	68223	S	147	156	303	0.00002	0.00001	0.00001	0.00001	73	nan
Streptomyces qinzhouensis	2599401	S	147	152	299	0.00002	0.00001	0.00000	0.00001	71	5.0
Streptomyces murinus	33900	S	145	337	482	0.00003	0.00002	0.00002	0.00002	72	nan
Streptomyces inhibens	2293571	S	142	151	293	0.00002	0.00001	0.00000	0.00001	71	5.0
Streptomyces pristinaespiralis	38300	S	139	149	288	0.00002	0.00001	0.00000	0.00001	72	5.0
Streptomyces liangshanensis	2717324	S	139	142	281	0.00002	0.00001	0.00000	0.00001	73	5.0
Streptomyces aureoverticillatus	66871	S	137	144	281	0.00002	0.00001	0.00000	0.00001	72	5.0
Streptomyces albidoflavus	1886	S	104	768	872	0.00006	0.00005	0.00005	0.00005	73	nan
Streptomyces lunaelactis	1535768	S	134	137	271	0.00002	0.00001	0.00000	0.00001	71	4.0
Streptomyces formicae	1616117	S	134	147	281	0.00002	0.00001	0.00000	0.00001	72	5.0
Streptomyces actuosus	1885	S	133	144	277	0.00002	0.00001	0.00001	0.00001	73	nan
Streptomyces ambofaciens	1889	S	130	147	277	0.00002	0.00001	0.00001	0.00001	73	nan
Streptomyces finlayi	67296	S	129	133	262	0.00002	0.00001	0.00000	0.00001	70	4.0
Streptomyces lavendulae	1914	S	127	136	263	0.00002	0.00001	0.00001	0.00001	73	nan
Streptomyces cyanogenus	80860	S	126	141	267	0.00002	0.00001	0.00001	0.00001	73	nan
Streptomyces calvus	67282	S	125	137	262	0.00002	0.00001	0.00001	0.00001	73	nan
Streptomyces drozdowiczii	202862	S	124	132	256	0.00002	0.00001	0.00001	0.00001	72	nan
Streptomyces subrutilus	36818	S	123	131	254	0.00002	0.00001	0.00001	0.00001	74	nan
Streptomyces cynarae	2981134	S	122	128	250	0.00002	0.00001	0.00000	0.00001	71	5.0
Streptomyces tirandamycinicus	2174846	S	121	129	250	0.00002	0.00001	0.00001	0.00001	72	nan
Streptomyces griseoviridis	45398	S	118	123	241	0.00002	0.00001	0.00001	0.00001	73	nan
Streptomyces spongiicola	1690221	S	118	124	242	0.00002	0.00001	0.00001	0.00001	73	nan
Streptomyces alboflavus	67267	S	117	127	244	0.00002	0.00001	0.00001	0.00001	73	nan
Streptomyces prasinus	67345	S	116	124	240	0.00002	0.00001	0.00001	0.00001	73	nan
Streptomyces longhuiensis	2880933	S	114	117	231	0.00001	0.00001	0.00000	0.00001	71	5.0
Streptomyces flavofungini	68200	S	114	124	238	0.00002	0.00001	0.00001	0.00001	73	nan
Streptomyces nigra	1827580	S	113	122	235	0.00002	0.00001	0.00001	0.00001	72	nan
Streptomyces kanamyceticus	1967	S	113	124	237	0.00002	0.00001	0.00000	0.00001	72	5.0
Streptomyces chartreusis	1969	S	110	138	248	0.00002	0.00001	0.00000	0.00001	72	5.0
Streptomyces leeuwenhoekii	1437453	S	109	137	246	0.00002	0.00001	0.00001	0.00001	73	nan
Streptomyces durmitorensis	319947	S	108	111	219	0.00001	0.00001	0.00000	0.00001	71	4.0
Streptomyces griseochromogenes	68214	S	107	113	220	0.00001	0.00001	0.00000	0.00001	71	5.0
Streptomyces vietnamensis	362257	S	107	117	224	0.00001	0.00001	0.00001	0.00001	72	nan
Streptomyces tanashiensis	67367	S	107	118	225	0.00001	0.00001	0.00001	0.00001	73	nan
Streptomyces vinaceus	1960	S	105	113	218	0.00001	0.00001	0.00001	0.00001	73	nan
Streptomyces liliifuscus	2797636	S	104	111	215	0.00001	0.00001	0.00000	0.00001	71	4.0
Streptomyces coeruleorubidus	116188	S	103	121	224	0.00001	0.00001	0.00000	0.00001	72	5.0
Streptomyces fodineus	1904616	S	101	110	211	0.00001	0.00001	0.00000	0.00001	72	5.0
Kitasatospora sp. CM 4170	3075627	S	109	164	273	0.00002	0.00001	0.00000	0.00001	74	5.0
Streptantibioticus cattleyicolor	29303	S	116	118	234	0.00002	0.00001	0.00000	0.00001	74	5.0
Corynebacterium pseudopelargi	2080757	S	90276	91255	181531	0.01174	0.00590	0.00475	0.00476	58	nan
Corynebacterium xerosis	1725	S	83019	84429	167448	0.01083	0.00546	0.00537	0.00535	70	nan
Corynebacterium sp. P3-F1	3059080	S	24572	25314	49886	0.00323	0.00164	0.00139	0.00139	64	nan
Corynebacterium freneyi	134034	S	1792	1814	3606	0.00023	0.00012	0.00012	0.00011	70	nan
Corynebacterium hansenii	394964	S	265	267	532	0.00003	0.00002	0.00000	0.00002	70	5.0
Mycobacterium sp. MS1601	1936029	S	133439	134090	267529	0.01731	0.00867	0.00768	0.00771	66	nan
Mycolicibacterium helvum	1534349	S	44959	45197	90156	0.00583	0.00292	0.00257	0.00259	66	nan
Rhodococcus rhodochrous	1829	S	68463	79127	147590	0.00955	0.00512	0.00482	0.00476	68	nan
Rhodococcus pyridinivorans	103816	S	1849	2965	4814	0.00031	0.00019	0.00018	0.00018	68	nan
Rhodococcus sp. RDE2	2885078	S	1022	1237	2259	0.00015	0.00008	0.00007	0.00007	69	nan
Rhodococcus sp. Z13	2962047	S	143	144	287	0.00002	0.00001	0.00000	0.00001	70	4.0
Rhodococcus sp. 2G	1570939	S	100	218	318	0.00002	0.00001	0.00001	0.00001	68	nan
Rhodococcus opacus	37919	S	150	171	321	0.00002	0.00001	0.00001	0.00001	68	nan
Rhodococcus gordoniae	223392	S	149	153	302	0.00002	0.00001	0.00001	0.00001	68	nan
Rhodococcus aetherivorans	191292	S	104	264	368	0.00002	0.00002	0.00000	0.00002	69	5.0
Nocardia asteroides	1824	S	167	196	363	0.00002	0.00001	0.00000	0.00001	71	4.0
Micromonospora sp. WMMD882	3015151	S	149842	151213	301055	0.01948	0.00978	0.01174	0.01141	75	nan
Micromonospora sp. WMMD998	3016092	S	44874	46683	91557	0.00592	0.00302	0.00354	0.00344	74	nan
Gardnerella leopoldii	2792978	S	59477	61964	121441	0.00786	0.00401	0.00361	0.00368	44	nan
Pimelobacter simplex	2045	S	26190	26347	52537	0.00340	0.00170	0.00182	0.00187	73	nan
Tessaracoccus flavescens	399497	S	14499	14812	29311	0.00190	0.00096	0.00090	0.00090	69	nan
Nakamurella panacisegetis	1090615	S	33174	33256	66430	0.00430	0.00215	0.00208	0.00208	70	nan
Actinokineospora sp. UTMC 2448	2268449	S	8430	8541	16971	0.00110	0.00055	0.00064	0.00061	73	nan
Allokutzneria albata	211114	S	142	143	285	0.00002	0.00001	0.00000	0.00001	71	3.0
Fannyhessea vaginae	82135	S	153	153	306	0.00002	0.00001	0.00000	0.00001	43	4.0
Spiroplasma poulsonii	2138	S	179097	179681	358778	0.02321	0.01162	0.01624	0.01710	27	nan
Spiroplasma cantharicola	362837	S	19448	19473	38921	0.00252	0.00126	0.00202	0.00207	25	nan
Aster yellows witches'-broom phytoplasma	229545	S	123007	126353	249360	0.01613	0.00817	0.01320	0.01231	26	nan
Paulownia witches'-broom phytoplasma	39647	S	3834	6409	10243	0.00066	0.00041	0.00052	0.00059	27	nan
Mulberry dwarf phytoplasma	186171	S	2980	6698	9678	0.00063	0.00043	0.00045	0.00059	29	nan
Maize bushy stunt phytoplasma	202462	S	2021	6324	8345	0.00054	0.00041	0.00044	0.00057	29	nan
'Catharanthus roseus' aster yellows phytoplasma	1193712	S	1818	6013	7831	0.00051	0.00039	0.00041	0.00054	29	nan
Candidatus Phytoplasma tritici	321961	S	730	739	1469	0.00010	0.00005	0.00000	0.00008	22	4.0
Candidatus Phytoplasma rubi	399025	S	4025	4085	8110	0.00052	0.00026	0.00000	0.00051	25	4.0
Candidatus Phytoplasma ziziphi	135727	S	108	113	221	0.00001	0.00001	0.00000	0.00001	25	3.0
Candidatus Phytoplasma solani	69896	S	178	178	356	0.00002	0.00001	0.00000	0.00002	28	2.0
Candidatus Phytoplasma australiense	59748	S	158	158	316	0.00002	0.00001	0.00000	0.00001	29	3.0
Mycoplasma phocoeninasale	2726117	S	125702	126073	251775	0.01629	0.00816	0.01103	0.01075	29	nan
Mycoplasma phocoenae	754517	S	150	150	300	0.00002	0.00001	0.00000	0.00001	28	3.0
Mycoplasmopsis bovis	28903	S	85295	85724	171019	0.01106	0.00555	0.00745	0.00719	29	nan
cyanobacterium endosymbiont of Rhopalodia gibberula	1763363	S	164595	164693	329288	0.02130	0.01065	0.01204	0.01202	38	nan
Alcaligenes faecalis	511	S	870455	1418883	2289338	0.14810	0.09179	0.07816	0.07435	58	nan
Alcaligenes ammonioxydans	2582914	S	120197	1060526	1180723	0.07638	0.06861	0.05595	0.05561	58	nan
Alcaligenes aquatilis	323284	S	23058	66337	89395	0.00578	0.00429	0.00366	0.00348	58	nan
Alcaligenes sp. SORT26	2813780	S	7391	7787	15178	0.00098	0.00050	0.00048	0.00041	58	nan
Alcaligenes sp. 1735tsa3	2953809	S	1501	6014	7515	0.00049	0.00039	0.00033	0.00032	58	nan
Alcaligenes sp. SMD-FA	2991054	S	1190	6179	7369	0.00048	0.00040	0.00033	0.00032	58	nan
Alcaligenes sp. NLF5-7	2918755	S	992	4182	5174	0.00033	0.00027	0.00022	0.00022	58	nan
Bordetella petrii	94624	S	5172	5556	10728	0.00069	0.00036	0.00000	0.00032	66	4.0
Advenella alkanexedens	1481665	S	899	907	1806	0.00012	0.00006	0.00000	0.00005	51	4.0
Pollutimonas thiosulfatoxidans	2028345	S	211	216	427	0.00003	0.00001	0.00000	0.00001	60	3.0
Neopusillimonas aromaticivorans	2979868	S	184	187	371	0.00002	0.00001	0.00000	0.00001	57	3.0
Orrella marina	2163011	S	151	151	302	0.00002	0.00001	0.00000	0.00001	56	4.0
Variovorax sp. PBL-E5	434014	S	70820	91136	161956	0.01048	0.00590	0.00542	0.00533	67	nan
Delftia tsuruhatensis	180282	S	642	718	1360	0.00009	0.00005	0.00000	0.00004	69	4.0
Burkholderia multivorans	87883	S	253	863	1116	0.00007	0.00006	0.00000	0.00005	68	3.0
Cupriavidus taiwanensis	164546	S	203	335	538	0.00003	0.00002	0.00000	0.00002	68	3.0
Cupriavidus necator	106590	S	171	236	407	0.00003	0.00002	0.00000	0.00001	67	3.0
Paraburkholderia graminis	60548	S	119	192	311	0.00002	0.00001	0.00000	0.00001	64	4.0
Caballeronia sp. NK8	140098	S	154	316	470	0.00003	0.00002	0.00000	0.00002	64	4.0
Rhizobacter gummiphilus	946333	S	898	989	1887	0.00012	0.00006	0.00000	0.00006	70	4.0
Paucibacter aquatile	2070761	S	417	427	844	0.00005	0.00003	0.00000	0.00003	68	4.0
Thiomonas intermedia	926	S	302	309	611	0.00004	0.00002	0.00000	0.00002	66	4.0
Inhella inkyongensis	392593	S	1168	1181	2349	0.00015	0.00008	0.00000	0.00007	68	4.0
Salinicola sp. JS01	3050071	S	743963	751195	1495158	0.09673	0.04860	0.04368	0.04372	67	nan
Halomonas sp. GD1P12	2982691	S	35154	58186	93340	0.00604	0.00376	0.00314	0.00317	63	nan
Colwellia sp. PAMC 21821	1816219	S	267325	269467	536792	0.03473	0.01743	0.01719	0.01695	39	nan
Shewanella denitrificans	192073	S	226273	227764	454037	0.02937	0.01473	0.01323	0.01290	46	nan
Shewanella algae	38313	S	171	189	360	0.00002	0.00001	0.00000	0.00001	55	4.0
Vibrio tubiashii	29498	S	325313	339843	665156	0.04303	0.02199	0.01898	0.01921	46	nan
Vibrio europaeus	300876	S	64012	67065	131077	0.00848	0.00434	0.00383	0.00378	46	nan
Vibrio sinaloensis	379097	S	287	288	575	0.00004	0.00002	0.00000	0.00002	49	4.0
Vibrio campbellii	680	S	519	671	1190	0.00008	0.00004	0.00000	0.00004	47	4.0
Vibrio parahaemolyticus	670	S	513	585	1098	0.00007	0.00004	0.00000	0.00003	46	4.0
Vibrio harveyi	669	S	340	482	822	0.00005	0.00003	0.00003	0.00003	46	nan
Vibrio coralliilyticus	190893	S	1409	1582	2991	0.00019	0.00010	0.00009	0.00009	47	nan
Vibrio sp. SCSIO 43135	2819096	S	448	536	984	0.00006	0.00003	0.00000	0.00003	46	4.0
Vibrio sp. THAF190c	2587865	S	167	220	387	0.00003	0.00001	0.00000	0.00001	46	4.0
Vibrio neptunius	170651	S	703	710	1413	0.00009	0.00005	0.00000	0.00004	46	4.0
Vibrio vulnificus	672	S	304	310	614	0.00004	0.00002	0.00000	0.00002	48	4.0
Vibrio aestuarianus	28171	S	218	220	438	0.00003	0.00001	0.00000	0.00001	43	4.0
Vibrio coralliirubri	1516159	S	160	175	335	0.00002	0.00001	0.00000	0.00001	46	5.0
Vibrio cholerae	666	S	123	194	317	0.00002	0.00001	0.00000	0.00001	49	4.0
Vibrio mimicus	674	S	110	113	223	0.00001	0.00001	0.00000	0.00001	47	4.0
Raoultella terrigena	577	S	154234	162006	316240	0.02046	0.01048	0.00867	0.00873	60	nan
Klebsiella pneumoniae	573	S	132	488	620	0.00004	0.00003	0.00000	0.00003	59	5.0
Kluyvera ascorbata	51288	S	61408	105912	167320	0.01082	0.00685	0.00582	0.00563	57	nan
Blochmannia endosymbiont of Polyrhachis (Hedomyrma) turneri	1505596	S	67319	67338	134657	0.00871	0.00436	0.00546	0.00580	30	nan
Escherichia coli	562	S	325	1548	1873	0.00012	0.00010	0.00008	0.00008	54	nan
Providencia stuartii	588	S	527	39917	40444	0.00262	0.00258	0.00252	0.00239	43	nan
Proteus mirabilis	584	S	240	313	553	0.00004	0.00002	0.00000	0.00002	41	3.0
Morganella morganii	582	S	114	128	242	0.00002	0.00001	0.00000	0.00001	54	4.0
Serratia rubidaea	61652	S	116	192	308	0.00002	0.00001	0.00000	0.00001	63	3.0
Pseudomonas sp. IAC-BECa141	2793103	S	54232	116689	170921	0.01106	0.00755	0.00618	0.00622	62	nan
Pseudomonas sp. CIP-10	2892442	S	567	2868	3435	0.00022	0.00019	0.00015	0.00015	62	nan
Pseudomonas kribbensis	1628086	S	31828	47106	78934	0.00511	0.00305	0.00249	0.00251	62	nan
Pseudomonas fluorescens	294	S	534	693	1227	0.00008	0.00004	0.00004	0.00004	62	nan
Pseudomonas aeruginosa	287	S	220	1550	1770	0.00011	0.00010	0.00000	0.00008	62	5.0
Pseudomonas putida	303	S	129	276	405	0.00003	0.00002	0.00000	0.00001	62	5.0
Francisella sp. Scap27	2589986	S	37754	38818	76572	0.00495	0.00251	0.00286	0.00283	34	nan
Luteibacter aegosomaticola	2911538	S	114	160	274	0.00002	0.00001	0.00000	0.00001	66	4.0
Aeromonas sp. ASNIH3	1636608	S	608	1446	2054	0.00013	0.00009	0.00000	0.00008	64	4.0
Aeromonas sanarellii	633415	S	148	166	314	0.00002	0.00001	0.00000	0.00001	65	3.0
Acinetobacter johnsonii	40214	S	249	265	514	0.00003	0.00002	0.00000	0.00002	43	2.0
Haemophilus haemolyticus	726	S	134	144	278	0.00002	0.00001	0.00000	0.00001	39	3.0
Immundisolibacter cernigliae	1810504	S	140	141	281	0.00002	0.00001	0.00000	0.00001	69	3.0
Methyloligella sp. GL2	2742204	S	449123	450915	900038	0.05823	0.02917	0.02489	0.02488	65	nan
Rhodoplanes serenus	200615	S	1835	1835	3670	0.00024	0.00012	0.00000	0.00012	69	5.0
Rhodoplanes sp. Z2-YC6860	674703	S	907	911	1818	0.00012	0.00006	0.00000	0.00005	65	4.0
Nitratireductor sp. OM-1	1756988	S	93223	94592	187815	0.01215	0.00612	0.00534	0.00509	62	nan
Nitratireductor sp. GZWM139	2950541	S	32020	35211	67231	0.00435	0.00228	0.00188	0.00189	61	nan
Nitratireductor sp.	1872084	S	118	118	236	0.00002	0.00001	0.00000	0.00001	60	4.0
Nitratireductor mangrovi	2599600	S	112	113	225	0.00001	0.00001	0.00000	0.00001	65	4.0
Roseitalea porphyridii	1852022	S	112063	112814	224877	0.01455	0.00730	0.00655	0.00660	67	nan
Mesorhizobium sp. M9A.F.Ca.ET.002.03.1.2	2493668	S	20891	23911	44802	0.00290	0.00155	0.00130	0.00130	63	nan
Mesorhizobium sp. WR6	3074855	S	109	109	218	0.00001	0.00001	0.00000	0.00001	63	4.0
Chelativorans sp. AA-79	3028735	S	1936	1986	3922	0.00025	0.00013	0.00011	0.00011	64	nan
Aquibium microcysteis	675281	S	103	105	208	0.00001	0.00001	0.00000	0.00001	68	4.0
Rhizobium brockwellii	3019932	S	46718	124006	170724	0.01104	0.00802	0.00657	0.00661	62	nan
Rhizobium leguminosarum	384	S	1520	1981	3501	0.00023	0.00013	0.00011	0.00011	62	nan
Rhizobium ruizarguesonis	2081791	S	225	257	482	0.00003	0.00002	0.00001	0.00001	61	nan
Rhizobium indicum	2583231	S	113	201	314	0.00002	0.00001	0.00001	0.00001	61	nan
Rhizobium phaseoli	396	S	107	379	486	0.00003	0.00002	0.00002	0.00002	62	nan
Rhizobium anhuiense	1184720	S	106	111	217	0.00001	0.00001	0.00001	0.00001	62	nan
Sinorhizobium sp. BG8	2613773	S	112129	113290	225419	0.01458	0.00733	0.00603	0.00607	63	nan
Shinella sp. HZN7	879274	S	128	178	306	0.00002	0.00001	0.00000	0.00001	66	4.0
Shinella zoogloeoides	352475	S	100	132	232	0.00002	0.00001	0.00000	0.00001	65	4.0
Terrihabitans soli	708113	S	182089	183122	365211	0.02363	0.01185	0.00979	0.00987	63	nan
Pseudorhodoplanes sinuspersici	1235591	S	260	261	521	0.00003	0.00002	0.00000	0.00001	61	4.0
Enhydrobacter sp.	1894999	S	221	221	442	0.00003	0.00001	0.00000	0.00001	67	4.0
Methylobacterium oryzae	334852	S	39421	43422	82843	0.00536	0.00281	0.00289	0.00296	72	nan
Methylobacterium sp. OT2	2813779	S	2381	4416	6797	0.00044	0.00029	0.00031	0.00029	72	nan
Methylobacterium sp. NMS14P	2894310	S	1107	1161	2268	0.00015	0.00008	0.00000	0.00008	72	5.0
Methylobacterium sp. C1	1479019	S	251	484	735	0.00005	0.00003	0.00000	0.00003	72	5.0
Methylobacterium sp. WL1	2603276	S	224	226	450	0.00003	0.00001	0.00000	0.00001	70	5.0
Methylobacterium sp. FF17	2984843	S	187	188	375	0.00002	0.00001	0.00000	0.00001	70	5.0
Methylobacterium sp. XJLW	739141	S	141	487	628	0.00004	0.00003	0.00003	0.00003	70	nan
Methylobacterium sp. 17Sr1-1	2202826	S	115	118	233	0.00002	0.00001	0.00000	0.00001	72	5.0
Methylobacterium radiotolerans	31998	S	486	691	1177	0.00008	0.00004	0.00000	0.00005	72	5.0
Methylobacterium mesophilicum	39956	S	336	340	676	0.00004	0.00002	0.00000	0.00002	70	4.0
Methylobacterium tardum	374432	S	289	298	587	0.00004	0.00002	0.00002	0.00002	70	nan
Methylobacterium aquaticum	270351	S	260	268	528	0.00003	0.00002	0.00000	0.00002	72	4.0
Methylobacterium nodulans	114616	S	249	250	499	0.00003	0.00002	0.00000	0.00002	69	4.0
Methylobacterium brachiatum	269660	S	217	233	450	0.00003	0.00002	0.00000	0.00002	71	5.0
Methylobacterium durans	2202825	S	207	208	415	0.00003	0.00001	0.00000	0.00001	70	5.0
Methylobacterium radiodurans	2202828	S	169	171	340	0.00002	0.00001	0.00000	0.00001	71	5.0
Methylobacterium currus	2051553	S	160	165	325	0.00002	0.00001	0.00000	0.00001	71	5.0
Methylobacterium indicum	1775910	S	151	155	306	0.00002	0.00001	0.00000	0.00001	71	5.0
Methylobacterium organophilum	410	S	149	171	320	0.00002	0.00001	0.00000	0.00001	71	4.0
Methylobacterium terrae	2202827	S	123	126	249	0.00002	0.00001	0.00000	0.00001	73	5.0
Microvirga sp. VF16	2807101	S	115	135	250	0.00002	0.00001	0.00000	0.00001	62	4.0
Microvirga thermotolerans	2651334	S	144	161	305	0.00002	0.00001	0.00000	0.00001	69	4.0
Microvirga terrae	2740529	S	120	138	258	0.00002	0.00001	0.00000	0.00001	64	4.0
Microvirga ossetica	1882682	S	109	123	232	0.00002	0.00001	0.00000	0.00001	64	4.0
Methylorubrum populi	223967	S	221	245	466	0.00003	0.00002	0.00002	0.00002	70	nan
Methylorubrum extorquens	408	S	165	274	439	0.00003	0.00002	0.00000	0.00002	69	5.0
Bradyrhizobium sp. CW1	2782686	S	1981	17497	19478	0.00126	0.00113	0.00000	0.00096	65	5.0
Bradyrhizobium sp. WD16	1521768	S	652	692	1344	0.00009	0.00004	0.00000	0.00004	66	4.0
Bradyrhizobium sp. BL16A	2854389	S	502	518	1020	0.00007	0.00003	0.00000	0.00003	64	4.0
Bradyrhizobium sp. BTAi1	288000	S	328	349	677	0.00004	0.00002	0.00000	0.00002	65	4.0
Bradyrhizobium sp. ORS 278	114615	S	324	348	672	0.00004	0.00002	0.00000	0.00002	66	4.0
Bradyrhizobium sp. NP1	3049772	S	321	334	655	0.00004	0.00002	0.00000	0.00002	65	4.0
Bradyrhizobium sp. A19	2898149	S	267	284	551	0.00004	0.00002	0.00000	0.00002	65	4.0
Bradyrhizobium sp. S12-14-2	3056648	S	246	264	510	0.00003	0.00002	0.00000	0.00001	64	4.0
Bradyrhizobium sp. ORS 285	115808	S	238	256	494	0.00003	0.00002	0.00000	0.00001	66	4.0
Bradyrhizobium sp. Ash2021	2954771	S	208	221	429	0.00003	0.00001	0.00000	0.00001	63	4.0
Bradyrhizobium sp. CCBAU 51753	1325100	S	188	203	391	0.00003	0.00001	0.00000	0.00001	66	4.0
Bradyrhizobium sp. SK17	2057741	S	168	221	389	0.00003	0.00001	0.00000	0.00001	65	4.0
Bradyrhizobium sp. 200	2782665	S	159	172	331	0.00002	0.00001	0.00000	0.00001	63	4.0
Bradyrhizobium sp. CB82	3039159	S	146	155	301	0.00002	0.00001	0.00000	0.00001	64	4.0
Bradyrhizobium sp. CCBAU 53421	1325120	S	134	149	283	0.00002	0.00001	0.00000	0.00001	65	4.0
Bradyrhizobium genosp. L	83637	S	131	142	273	0.00002	0.00001	0.00000	0.00001	65	4.0
Bradyrhizobium sp. 1(2017)	1404888	S	128	140	268	0.00002	0.00001	0.00000	0.00001	65	4.0
Bradyrhizobium sp. BWA-3-5	3080013	S	121	128	249	0.00002	0.00001	0.00000	0.00001	63	4.0
Bradyrhizobium sp. CCBAU 53340	1325112	S	115	151	266	0.00002	0.00001	0.00000	0.00001	64	4.0
Bradyrhizobium sp. 170	2782641	S	100	109	209	0.00001	0.00001	0.00000	0.00001	63	4.0
Bradyrhizobium erythrophlei	1437360	S	485	502	987	0.00006	0.00003	0.00000	0.00003	62	4.0
Bradyrhizobium sediminis	2840469	S	401	435	836	0.00005	0.00003	0.00000	0.00002	64	4.0
Bradyrhizobium diazoefficiens	1355477	S	328	576	904	0.00006	0.00004	0.00000	0.00003	65	4.0
Bradyrhizobium oligotrophicum	44255	S	324	344	668	0.00004	0.00002	0.00000	0.00002	66	4.0
Bradyrhizobium arachidis	858423	S	171	310	481	0.00003	0.00002	0.00000	0.00002	65	4.0
Bradyrhizobium elkanii	29448	S	169	305	474	0.00003	0.00002	0.00000	0.00002	65	4.0
Bradyrhizobium betae	244734	S	136	334	470	0.00003	0.00002	0.00000	0.00002	65	4.0
Bradyrhizobium lablabi	722472	S	135	285	420	0.00003	0.00002	0.00000	0.00002	63	4.0
Bradyrhizobium cosmicum	1404864	S	129	143	272	0.00002	0.00001	0.00000	0.00001	65	4.0
Bradyrhizobium commune	83627	S	117	126	243	0.00002	0.00001	0.00000	0.00001	64	4.0
Bradyrhizobium paxllaeri	190148	S	110	118	228	0.00001	0.00001	0.00000	0.00001	63	4.0
Bradyrhizobium japonicum	375	S	109	169	278	0.00002	0.00001	0.00000	0.00001	64	4.0
Rhodopseudomonas palustris	1076	S	2029	2411	4440	0.00029	0.00016	0.00000	0.00014	66	4.0
Rhodopseudomonas sp. P2A-2r	2991972	S	302	369	671	0.00004	0.00002	0.00000	0.00002	65	4.0
Rhodopseudomonas sp. BAL398	3034676	S	234	324	558	0.00004	0.00002	0.00000	0.00002	65	4.0
Rhodopseudomonas sp. SK50-23	340268	S	127	146	273	0.00002	0.00001	0.00000	0.00001	63	4.0
[Pseudomonas] carboxydohydrogena	290	S	192	227	419	0.00003	0.00001	0.00000	0.00001	64	4.0
Afipia carboxidovorans	40137	S	175	0	175	0.00001	0.00000	nan	nan	nan	nan
Variibacter gotjawalensis	1333996	S	350	355	705	0.00005	0.00002	0.00000	0.00002	63	4.0
Nitrobacter winogradskyi	913	S	129	146	275	0.00002	0.00001	0.00000	0.00001	63	4.0
Nitrobacter hamburgensis	912	S	126	145	271	0.00002	0.00001	0.00000	0.00001	63	4.0
Pseudolabrys taiwanensis	331696	S	687	706	1393	0.00009	0.00005	0.00000	0.00004	65	4.0
Pseudolabrys sp. FHR47	2562284	S	511	525	1036	0.00007	0.00003	0.00000	0.00003	65	4.0
Xanthobacter dioxanivorans	2528964	S	444	661	1105	0.00007	0.00004	0.00000	0.00004	68	5.0
Xanthobacter sp. YC-JY1	2419844	S	191	365	556	0.00004	0.00002	0.00000	0.00002	69	5.0
Ancylobacter sp. TS-1	1850374	S	186	315	501	0.00003	0.00002	0.00000	0.00002	70	4.0
Ancylobacter polymorphus	223390	S	163	253	416	0.00003	0.00002	0.00000	0.00002	67	5.0
Ancylobacter pratisalsi	1745854	S	130	148	278	0.00002	0.00001	0.00000	0.00001	66	4.0
Starkeya novella	921	S	290	324	614	0.00004	0.00002	0.00000	0.00002	68	5.0
Starkeya sp. ORNL1	2709380	S	276	286	562	0.00004	0.00002	0.00000	0.00002	67	4.0
Aquabacter sp. L1I39	2820278	S	247	251	498	0.00003	0.00002	0.00000	0.00001	67	4.0
Azorhizobium caulinodans	7	S	246	254	500	0.00003	0.00002	0.00000	0.00002	68	5.0
Blastochloris tepida	2233851	S	1070	1164	2234	0.00014	0.00008	0.00008	0.00007	69	nan
Blastochloris viridis	1079	S	699	756	1455	0.00009	0.00005	0.00000	0.00005	69	5.0
Bosea sp. RAC05	1842539	S	156	210	366	0.00002	0.00001	0.00000	0.00001	68	4.0
Bosea sp. Tri-49	1867715	S	136	229	365	0.00002	0.00001	0.00000	0.00001	67	4.0
Bosea sp. REN20	3068632	S	108	229	337	0.00002	0.00001	0.00000	0.00001	67	4.0
Bosea vestrisii	151416	S	100	167	267	0.00002	0.00001	0.00000	0.00001	67	4.0
Pelagibacterium sp. 26DY04	2967130	S	297	321	618	0.00004	0.00002	0.00000	0.00002	63	4.0
Chenggangzhangella methanolivorans	1437009	S	220	224	444	0.00003	0.00001	0.00000	0.00001	69	5.0
Methylosinus trichosporium	426	S	111	151	262	0.00002	0.00001	0.00000	0.00001	66	3.0
Phreatobacter cathodiphilus	1868589	S	270	294	564	0.00004	0.00002	0.00000	0.00002	70	5.0
Phreatobacter stygius	1940610	S	252	261	513	0.00003	0.00002	0.00000	0.00002	68	4.0
Phreatobacter aquaticus	2570229	S	189	204	393	0.00003	0.00001	0.00000	0.00001	66	4.0
Aurantimonas sp. HBX-1	2906072	S	122	145	267	0.00002	0.00001	0.00000	0.00001	68	4.0
Chelatococcus sp. CO-6	1702325	S	448	535	983	0.00006	0.00003	0.00000	0.00003	70	5.0
Stappia indica	538381	S	150	209	359	0.00002	0.00001	0.00000	0.00001	68	4.0
uncultured Pleomorphomonas sp.	442121	S	234	251	485	0.00003	0.00002	0.00000	0.00001	68	4.0
Kaustia mangrovi	2593653	S	141	144	285	0.00002	0.00001	0.00000	0.00001	68	4.0
Acuticoccus sp. I52.16.1	2928472	S	148	149	297	0.00002	0.00001	0.00000	0.00001	70	4.0
Kaistia sp. 32K	2795690	S	163	165	328	0.00002	0.00001	0.00000	0.00001	67	4.0
Wolbachia endosymbiont of Cruorifilaria tuberocauda	1812111	S	156161	156289	312450	0.02021	0.01011	0.01165	0.01157	32	nan
Wolbachia endosymbiont (group B) of Euphydryas aurinia	2954014	S	23848	83169	107017	0.00692	0.00538	0.00581	0.00581	35	nan
Wolbachia endosymbiont (group B) of Polyommatus icarus	2954049	S	7013	159893	166906	0.01080	0.01034	0.01117	0.01118	33	nan
Wolbachia endosymbiont of Trichogramma pretiosum	125593	S	387	416	803	0.00005	0.00003	0.00003	0.00003	33	nan
Wolbachia endosymbiont of Anopheles demeilloni	2748871	S	221	291	512	0.00003	0.00002	0.00002	0.00002	33	nan
Wolbachia endosymbiont of Diaphorina citri	116598	S	194	320	514	0.00003	0.00002	0.00002	0.00002	34	nan
Wolbachia endosymbiont of Oedothorax gibbosus	931100	S	147	168	315	0.00002	0.00001	0.00000	0.00001	34	5.0
Wolbachia endosymbiont of Folsomia candida	169402	S	120	120	240	0.00002	0.00001	0.00000	0.00001	34	4.0
Wolbachia endosymbiont of Cimex lectularius	246273	S	117	117	234	0.00002	0.00001	0.00000	0.00001	37	4.0
Wolbachia endosymbiont of Bemisia tabaci	215173	S	115	204	319	0.00002	0.00001	0.00001	0.00001	34	nan
Wolbachia endosymbiont of Ctenocephalides felis wCfeJ	2732594	S	100	100	200	0.00001	0.00001	0.00000	0.00001	35	5.0
Wolbachia pipientis	955	S	407	1235	1642	0.00011	0.00008	0.00009	0.00009	34	nan
Sulfitobacter sp. SK011	1389004	S	185985	186333	372318	0.02409	0.01205	0.00948	0.00974	57	nan
Sphingomonas rhizophila	2071607	S	47629	48237	95866	0.00620	0.00312	0.00269	0.00273	66	nan
Sphingosinicella microcystinivorans	335406	S	145	152	297	0.00002	0.00001	0.00000	0.00001	66	5.0
Magnetospirillum sp. XM-1	1663591	S	30405	31290	61695	0.00399	0.00202	0.00181	0.00183	67	nan
Hypericibacter adhaerens	2602016	S	114	130	244	0.00002	0.00001	0.00000	0.00001	68	4.0
Azospirillum thermophilum	2202148	S	111	388	499	0.00003	0.00003	0.00000	0.00003	71	5.0
Rhodovastum atsumiense	504468	S	137	161	298	0.00002	0.00001	0.00000	0.00001	70	4.0
Nonlabens dokdonensis	328515	S	270651	271297	541948	0.03506	0.01755	0.01840	0.01836	36	nan
Zunongwangia sp. HRR-M8	3015170	S	204050	209489	413539	0.02675	0.01355	0.01434	0.01432	35	nan
Seonamhaeicola sp. S2-3	1936081	S	29193	29229	58422	0.00378	0.00189	0.00218	0.00218	32	nan
Aquimarina sp. AD10	1714849	S	18079	18089	36168	0.00234	0.00117	0.00135	0.00134	32	nan
Blattabacterium sp. (Blattella germanica)	624186	S	219742	220238	439980	0.02846	0.01425	0.01967	0.02040	25	nan
Bacteroides thetaiotaomicron	818	S	459	709	1168	0.00008	0.00005	0.00000	0.00004	45	4.0
Caldimicrobium thiodismutans	1653476	S	300170	300174	600344	0.03884	0.01942	0.01926	0.01902	39	nan
Halarcobacter bivalviorum	663364	S	79403	79554	158957	0.01028	0.00515	0.00703	0.00700	28	nan
Aliarcobacter thereius	544718	S	76022	78802	154824	0.01002	0.00510	0.00721	0.00734	26	nan
Arcobacter cloacae	1054034	S	52317	53399	105716	0.00684	0.00345	0.00502	0.00502	25	nan
Arcobacter ellisii	913109	S	10010	10187	20197	0.00131	0.00066	0.00094	0.00096	26	nan
Campylobacter subantarcticus	497724	S	21196	22217	43413	0.00281	0.00144	0.00182	0.00181	30	nan
Sulfurihydrogenibium sp. YO3AOP1	436114	S	64283	64311	128594	0.00832	0.00416	0.00490	0.00483	31	nan
Thermosipho africanus	2421	S	18968	18985	37953	0.00246	0.00123	0.00150	0.00149	30	nan
Borrelia venezuelensis	1653839	S	5292	8648	13940	0.00090	0.00056	0.00071	0.00073	30	nan
Sneathia vaginalis	187101	S	117	122	239	0.00002	0.00001	0.00000	0.00001	29	3.0
Sorangium cellulosum	56	S	125	168	293	0.00002	0.00001	0.00000	0.00001	72	4.0
Homo sapiens	9606	S	547	547	1094	0.00007	0.00004	0.00000	0.00003	38	3.0
