name	taxonomy_id	taxonomy_lvl	kraken_assigned_reads	added_reads	new_est_reads	fraction_total_reads	Bracken_estimate	GuaCAMOLE_estimate	GuaCAMOLE_est_eff	GC content	Taxon Removal Cycle
Vitreoscilla stercoraria	61	S	910684	2400134	3310818	0.21937	0.15903	0.14392	0.13020	45	nan
Vitreoscilla massiliensis	1689272	S	1099	1101	2200	0.00015	0.00007	0.00000	0.00006	51	4.0
Vitreoscilla sp. C1	96942	S	641	1859	2500	0.00017	0.00012	0.00011	0.00010	45	nan
Burkholderia sp. LA-2-3-30-S1-D2	1637862	S	462582	494939	957521	0.06344	0.03279	0.03799	0.03475	67	nan
Burkholderia cepacia	292	S	164	580	744	0.00005	0.00004	0.00000	0.00004	68	5.0
Burkholderia multivorans	87883	S	139	276	415	0.00003	0.00002	0.00000	0.00002	68	3.0
Burkholderia ambifaria	152480	S	100	114	214	0.00001	0.00001	0.00000	0.00001	68	3.0
Candidatus Vallotia tarda	1177213	S	93152	93307	186459	0.01235	0.00618	0.00583	0.00533	47	nan
Comamonas sp. B21-038	2918299	S	549405	552740	1102145	0.07303	0.03662	0.04225	0.03651	66	nan
Bordetella sp. H567	1697043	S	131369	131738	263107	0.01743	0.00873	0.01047	0.00917	67	nan
Candidatus Kinetoplastibacterium desouzaii	994692	S	177	198	375	0.00002	0.00001	0.00000	0.00001	31	3.0
Wolbachia endosymbiont (group A) of Trypoxylon clavicerum	2954064	S	262075	503606	765681	0.05073	0.03337	0.03399	0.03002	35	nan
Wolbachia endosymbiont (group B) of Pandemis corylana	2954039	S	12149	197610	209759	0.01390	0.01309	0.01344	0.01188	35	nan
Wolbachia endosymbiont of Oedothorax gibbosus	931100	S	797	894	1691	0.00011	0.00006	0.00006	0.00005	34	nan
Wolbachia endosymbiont (group A) of Volucella inflata	2954065	S	563	1102	1665	0.00011	0.00007	0.00007	0.00007	35	nan
Wolbachia endosymbiont of Trichogramma pretiosum	125593	S	469	498	967	0.00006	0.00003	0.00000	0.00003	33	5.0
Wolbachia endosymbiont of Cimex lectularius	246273	S	355	355	710	0.00005	0.00002	0.00000	0.00002	37	5.0
Wolbachia endosymbiont of Ctenocephalides felis wCfeJ	2732594	S	326	327	653	0.00004	0.00002	0.00002	0.00002	35	nan
Wolbachia endosymbiont of Folsomia candida	169402	S	319	319	638	0.00004	0.00002	0.00000	0.00002	34	4.0
Wolbachia endosymbiont of Anopheles demeilloni	2748871	S	294	373	667	0.00004	0.00002	0.00000	0.00002	33	5.0
Wolbachia endosymbiont of Diaphorina citri	116598	S	288	447	735	0.00005	0.00003	0.00003	0.00003	34	nan
Wolbachia endosymbiont (group A) of Anomoia purmunda	2953978	S	269	363	632	0.00004	0.00002	0.00002	0.00002	35	nan
Wolbachia endosymbiont of Litomosoides sigmodontis	80850	S	252	252	504	0.00003	0.00002	0.00000	0.00002	31	3.0
Wolbachia endosymbiont of Ctenocephalides felis wCfeT	2732593	S	204	204	408	0.00003	0.00001	0.00000	0.00001	36	4.0
Wolbachia endosymbiont (group A) of Sicus ferrugineus	2954056	S	197	253	450	0.00003	0.00002	0.00002	0.00002	35	nan
Wolbachia endosymbiont of Aedes albopictus	167957	S	186	233	419	0.00003	0.00002	0.00002	0.00001	35	nan
Wolbachia endosymbiont (group A) of Icerya purchasi	2954019	S	182	291	473	0.00003	0.00002	0.00002	0.00002	35	nan
Wolbachia endosymbiont (group A) of Anoplius nigerrimus	2953979	S	167	1147	1314	0.00009	0.00008	0.00008	0.00007	35	nan
Wolbachia endosymbiont of Bemisia tabaci	215173	S	149	247	396	0.00003	0.00002	0.00002	0.00002	34	nan
Wolbachia endosymbiont of Dirofilaria (Dirofilaria) immitis	1812115	S	138	138	276	0.00002	0.00001	0.00000	0.00001	33	4.0
Wolbachia endosymbiont of Psylliodes chrysocephala	2883236	S	134	229	363	0.00002	0.00002	0.00002	0.00001	34	nan
Wolbachia endosymbiont of Cruorifilaria tuberocauda	1812111	S	128	128	256	0.00002	0.00001	0.00000	0.00001	32	3.0
Wolbachia endosymbiont of Dipetalonema caudispina	1812112	S	126	126	252	0.00002	0.00001	0.00000	0.00001	29	3.0
Wolbachia endosymbiont (group A) of Bombylius major	2953988	S	126	249	375	0.00002	0.00002	0.00002	0.00001	35	nan
Wolbachia endosymbiont (group A) of Bibio marci	2953987	S	122	230	352	0.00002	0.00002	0.00002	0.00001	34	nan
Wolbachia endosymbiont (group A) of Scambus nigricans	2954055	S	119	231	350	0.00002	0.00002	0.00002	0.00001	35	nan
Wolbachia endosymbiont of Frankliniella intonsa	2902422	S	118	183	301	0.00002	0.00001	0.00000	0.00001	34	5.0
Wolbachia endosymbiont (group A) of Apoderus coryli	2953980	S	105	225	330	0.00002	0.00001	0.00001	0.00001	35	nan
Wolbachia endosymbiont (group B) of Eucosma cana	2954012	S	104	262	366	0.00002	0.00002	0.00002	0.00002	34	nan
Wolbachia pipientis	955	S	657	2470	3127	0.00021	0.00016	0.00017	0.00015	34	nan
Candidatus Wolbachia massiliensis	1845000	S	236	240	476	0.00003	0.00002	0.00000	0.00001	35	5.0
Ehrlichia ruminantium	779	S	118786	118838	237624	0.01574	0.00787	0.01124	0.00957	30	nan
Rickettsia massiliae	35791	S	493823	665701	1159524	0.07683	0.04411	0.04868	0.04326	31	nan
Rickettsia conorii	781	S	804	1890	2694	0.00018	0.00013	0.00014	0.00012	31	nan
Rickettsia amblyommatis	33989	S	594	774	1368	0.00009	0.00005	0.00006	0.00005	31	nan
Rickettsia rhipicephali	33992	S	473	693	1166	0.00008	0.00005	0.00005	0.00005	32	nan
Rickettsia akari	786	S	465	473	938	0.00006	0.00003	0.00004	0.00003	33	nan
Rickettsia montanensis	33991	S	460	549	1009	0.00007	0.00004	0.00004	0.00004	31	nan
Rickettsia australis	787	S	441	455	896	0.00006	0.00003	0.00003	0.00003	33	nan
Rickettsia asembonensis	1068590	S	416	433	849	0.00006	0.00003	0.00003	0.00003	32	nan
Rickettsia tillamookensis	2761623	S	392	412	804	0.00005	0.00003	0.00003	0.00003	32	nan
Rickettsia rickettsii	783	S	330	46060	46390	0.00307	0.00305	0.00343	0.00300	31	nan
Rickettsia japonica	35790	S	257	827	1084	0.00007	0.00005	0.00006	0.00005	31	nan
Rickettsia parkeri	35792	S	234	424	658	0.00004	0.00003	0.00003	0.00003	31	nan
Rickettsia endosymbiont of Ixodes scapularis	444612	S	226	275	501	0.00003	0.00002	0.00002	0.00002	32	nan
Rickettsia africae	35788	S	203	308	511	0.00003	0.00002	0.00002	0.00002	31	nan
Rickettsia monacensis	109232	S	176	210	386	0.00003	0.00001	0.00002	0.00001	31	nan
Rickettsia helvetica	35789	S	168	211	379	0.00003	0.00001	0.00002	0.00001	31	nan
Rickettsia peacockii	47589	S	156	236	392	0.00003	0.00002	0.00002	0.00002	31	nan
Rickettsia asiatica	238800	S	152	194	346	0.00002	0.00001	0.00001	0.00001	32	nan
Rickettsia sibirica	35793	S	148	243	391	0.00003	0.00002	0.00002	0.00002	31	nan
Bradyrhizobium oligotrophicum	44255	S	769606	771508	1541114	0.10211	0.05112	0.05995	0.05221	66	nan
Bradyrhizobium sp. CCBAU 53421	1325120	S	499841	505808	1005649	0.06663	0.03351	0.03811	0.03341	65	nan
Phenylobacterium parvum	2201350	S	179600	179729	359329	0.02381	0.01191	0.01638	0.01397	71	nan
Leisingera sp. NJS201	2508306	S	99665	118614	218279	0.01446	0.00786	0.00874	0.00751	63	nan
Commensalibacter melissae	2070537	S	2618	2843	5461	0.00036	0.00019	0.00000	0.00017	39	5.0
Commensalibacter papalotli (ex Servin-Garciduenas et al. 2014)	1208583	S	1322	1322	2644	0.00018	0.00009	0.00000	0.00010	27	4.0
Entomobacter blattae	2762277	S	148	226	374	0.00002	0.00001	0.00000	0.00001	45	4.0
Aristophania vespae	2697033	S	121	148	269	0.00002	0.00001	0.00000	0.00001	43	4.0
Stenotrophomonas sp. YAU14D1_LEIMI4_1	2072407	S	577276	679938	1257214	0.08330	0.04505	0.05725	0.04825	68	nan
Stenotrophomonas sp. ZAC14D2_NAIMI4_7	2072405	S	279	306	585	0.00004	0.00002	0.00000	0.00002	67	5.0
Stenotrophomonas sp. ZAC14D2_NAIMI4_6	2072406	S	202	244	446	0.00003	0.00002	0.00000	0.00002	68	4.0
Stenotrophomonas sp. ESTM1D_MKCIP4_1	2072414	S	151	154	305	0.00002	0.00001	0.00000	0.00001	67	4.0
Stenotrophomonas maltophilia	40324	S	182	216	398	0.00003	0.00001	0.00000	0.00002	67	3.0
Xanthomonas sp. SI	2724123	S	370056	477023	847079	0.05613	0.03161	0.04309	0.03542	70	nan
Xanthomonas sp. SS	2724122	S	180	230	410	0.00003	0.00002	0.00000	0.00002	69	5.0
Xanthomonas sp. GW	2724121	S	177	218	395	0.00003	0.00001	0.00002	0.00002	69	nan
Xanthomonas sp. CFBP 8443	2971235	S	175	182	357	0.00002	0.00001	0.00000	0.00001	70	4.0
Xanthomonas sp. AM6	2982531	S	164	170	334	0.00002	0.00001	0.00000	0.00001	71	3.0
Xanthomonas translucens	343	S	260	278	538	0.00004	0.00002	0.00000	0.00002	69	4.0
Lysobacter alkalisoli	2591633	S	63953	64197	128150	0.00849	0.00425	0.00536	0.00449	67	nan
Pseudomonas sp. B21-047	2895489	S	109425	160405	269830	0.01788	0.01063	0.01206	0.01041	63	nan
Pseudomonas sp. FP1740	2954078	S	91748	129848	221596	0.01468	0.00860	0.01007	0.00805	61	nan
Pseudomonas sp. ADPe	2774873	S	60226	109786	170012	0.01126	0.00727	0.00896	0.00758	67	nan
Pseudomonas sp. 273	75692	S	124	133	257	0.00002	0.00001	0.00000	0.00001	69	3.0
Pseudomonas citronellolis	53408	S	333	442	775	0.00005	0.00003	0.00000	0.00003	69	4.0
Pseudomonas aeruginosa	287	S	134	571	705	0.00005	0.00004	0.00004	0.00004	66	nan
Pseudomonas putida	303	S	461	812	1273	0.00008	0.00005	0.00000	0.00005	63	4.0
Entomomonas sp. E2T0	2930213	S	194	196	390	0.00003	0.00001	0.00000	0.00001	37	3.0
Buchnera aphidicola	9	S	26800	26914	53714	0.00356	0.00178	0.00000	0.00262	26	5.0
Pantoea sp. SoEX	2576763	S	5656	5656	11312	0.00075	0.00037	0.00000	0.00050	28	4.0
Candidatus Pantoea carbekii	1235990	S	1499	2204	3703	0.00025	0.00015	0.00000	0.00017	34	4.0
Candidatus Erwinia haradaeae	1922217	S	2762	2956	5718	0.00038	0.00020	0.00000	0.00021	36	4.0
Wigglesworthia glossinidia	51229	S	348	468	816	0.00005	0.00003	0.00000	0.00004	26	4.0
Tatumella ptyseos	82987	S	108	207	315	0.00002	0.00001	0.00000	0.00001	49	4.0
Blochmannia endosymbiont of Camponotus (Colobopsis) obliquus	1505597	S	919	936	1855	0.00012	0.00006	0.00000	0.00008	31	5.0
Blochmannia endosymbiont of Colobopsis nipponica	2681987	S	861	908	1769	0.00012	0.00006	0.00000	0.00007	31	5.0
Blochmannia endosymbiont of Camponotus sp.	700220	S	671	1704	2375	0.00016	0.00011	0.00000	0.00013	32	5.0
Blochmannia endosymbiont of Camponotus nipponensis	2681986	S	650	767	1417	0.00009	0.00005	0.00000	0.00006	32	5.0
Blochmannia endosymbiont of Polyrhachis (Hedomyrma) turneri	1505596	S	368	374	742	0.00005	0.00002	0.00000	0.00003	30	4.0
Candidatus Blochmannia vafer	251535	S	585	628	1213	0.00008	0.00004	0.00000	0.00005	29	4.0
Candidatus Blochmannia ocreatus	251538	S	529	579	1108	0.00007	0.00004	0.00000	0.00005	29	5.0
Candidatus Blochmannia vicinus	251540	S	260	378	638	0.00004	0.00003	0.00000	0.00003	31	3.0
Candidatus Westeberhardia cardiocondylae	1594731	S	401	402	803	0.00005	0.00003	0.00000	0.00005	26	4.0
Candidatus Tachikawaea gelatinosa	1410383	S	1611	1717	3328	0.00022	0.00011	0.00000	0.00017	26	5.0
Candidatus Purcelliella pentastirinorum	472834	S	1333	1339	2672	0.00018	0.00009	0.00000	0.00018	23	4.0
secondary endosymbiont of Heteropsylla cubana	134287	S	511	567	1078	0.00007	0.00004	0.00000	0.00005	21	4.0
Candidatus Hamiltonella defensa	138072	S	213	216	429	0.00003	0.00001	0.00000	0.00001	41	3.0
Candidatus Annandia pinicola	1345117	S	323	326	649	0.00004	0.00002	0.00000	0.00006	17	4.0
Candidatus Annandia adelgestsuga	1302411	S	299	305	604	0.00004	0.00002	0.00000	0.00007	18	4.0
Candidatus Mikella endobia	1778264	S	355	412	767	0.00005	0.00003	0.00000	0.00003	35	5.0
Candidatus Gullanella endobia	1070130	S	334	358	692	0.00005	0.00002	0.00000	0.00003	20	4.0
secondary endosymbiont of Trabutina mannipara	1835721	S	298	373	671	0.00004	0.00002	0.00000	0.00003	34	4.0
Candidatus Hoaglandella endobia	1778263	S	208	221	429	0.00003	0.00001	0.00000	0.00001	43	4.0
Candidatus Doolittlea endobia	1778262	S	148	157	305	0.00002	0.00001	0.00000	0.00001	47	3.0
Enterobacteriaceae endosymbiont of Donacia tomentosa	2675787	S	813	956	1769	0.00012	0.00006	0.00000	0.00013	23	4.0
Enterobacteriaceae endosymbiont of Plateumaris rustica	2675796	S	769	1080	1849	0.00012	0.00007	0.00000	0.00018	21	4.0
Enterobacteriaceae endosymbiont of Neohaemonia nigricornis	2675792	S	656	749	1405	0.00009	0.00005	0.00000	0.00011	21	4.0
Enterobacteriaceae endosymbiont of Donacia provostii	2675781	S	570	769	1339	0.00009	0.00005	0.00000	0.00013	18	4.0
Enterobacteriaceae endosymbiont of Macroplea mutica	2675791	S	541	731	1272	0.00008	0.00005	0.00000	0.00009	22	4.0
Enterobacteriaceae endosymbiont of Donacia cincticornis	2675773	S	424	673	1097	0.00007	0.00004	0.00000	0.00011	20	4.0
Enterobacteriaceae endosymbiont of Donacia simplex	2675784	S	388	828	1216	0.00008	0.00005	0.00000	0.00014	20	4.0
Enterobacteriaceae endosymbiont of Donacia cinerea	2675774	S	313	600	913	0.00006	0.00004	0.00000	0.00010	20	4.0
Enterobacteriaceae endosymbiont of Plateumaris sericea	2675797	S	269	482	751	0.00005	0.00003	0.00000	0.00008	21	4.0
Enterobacteriaceae endosymbiont of Donacia crassipes	2675776	S	265	496	761	0.00005	0.00003	0.00000	0.00008	21	4.0
Enterobacteriaceae endosymbiont of Plateumaris pusilla	2675795	S	254	441	695	0.00005	0.00003	0.00000	0.00007	20	4.0
Enterobacteriaceae endosymbiont of Donacia fulgens	2675778	S	218	436	654	0.00004	0.00003	0.00000	0.00007	19	4.0
Enterobacteriaceae endosymbiont of Donacia sparganii	2675785	S	209	301	510	0.00003	0.00002	0.00000	0.00005	22	4.0
Enterobacteriaceae endosymbiont of Plateumaris consimilis	2675794	S	191	317	508	0.00003	0.00002	0.00000	0.00005	20	4.0
Enterobacteriaceae endosymbiont of Donacia clavipes	2675775	S	187	431	618	0.00004	0.00003	0.00000	0.00007	19	4.0
Enterobacteriaceae endosymbiont of Donacia thalassina	2675786	S	180	270	450	0.00003	0.00002	0.00000	0.00004	20	4.0
Enterobacteriaceae endosymbiont of Donacia piscatrix	2675780	S	162	284	446	0.00003	0.00002	0.00000	0.00005	21	4.0
Enterobacteriaceae endosymbiont of Plateumaris braccata	2675793	S	155	249	404	0.00003	0.00002	0.00000	0.00004	21	4.0
Enterobacteriaceae endosymbiont of Donacia vulgaris	2675789	S	138	258	396	0.00003	0.00002	0.00000	0.00004	19	4.0
Enterobacteriaceae endosymbiont of Macroplea appendiculata	2675790	S	104	140	244	0.00002	0.00001	0.00000	0.00002	22	4.0
Enterobacteriaceae endosymbiont of Donacia bicoloricornis	2675772	S	101	162	263	0.00002	0.00001	0.00000	0.00003	20	4.0
Candidatus Profftia lariciata	1987921	S	1054	1068	2122	0.00014	0.00007	0.00000	0.00014	12	5.0
Candidatus Profftia sp. (ex Adelges kitamiensis)	2864218	S	691	704	1395	0.00009	0.00005	0.00000	0.00008	15	4.0
Candidatus Profftia tarda	1177216	S	235	241	476	0.00003	0.00002	0.00000	0.00002	38	4.0
Candidatus Ishikawaella capsulata	168169	S	1219	1229	2448	0.00016	0.00008	0.00000	0.00009	29	4.0
Candidatus Schneideria nysicola	1081631	S	706	710	1416	0.00009	0.00005	0.00000	0.00005	30	4.0
Escherichia coli	562	S	404	5122	5526	0.00037	0.00034	0.00000	0.00030	53	4.0
Candidatus Riesia pediculicola	401619	S	215	270	485	0.00003	0.00002	0.00000	0.00002	29	3.0
Klebsiella pneumoniae	573	S	161	3871	4032	0.00027	0.00026	0.00000	0.00023	55	4.0
Providencia sp. R33	2828763	S	187	208	395	0.00003	0.00001	0.00000	0.00001	44	4.0
Providencia sp. PROV252	2936799	S	156	205	361	0.00002	0.00001	0.00000	0.00001	44	3.0
Providencia sp. PROV188	2939731	S	126	148	274	0.00002	0.00001	0.00000	0.00001	45	4.0
Providencia alcalifaciens	126385	S	290	341	631	0.00004	0.00002	0.00000	0.00002	44	4.0
Providencia rettgeri	587	S	243	1989	2232	0.00015	0.00013	0.00000	0.00011	42	4.0
Providencia sneebia	516075	S	204	229	433	0.00003	0.00002	0.00000	0.00001	40	3.0
Providencia heimbachae	333962	S	136	176	312	0.00002	0.00001	0.00000	0.00001	43	4.0
Candidatus Arsenophonus lipoptenae	634113	S	946	952	1898	0.00013	0.00006	0.00010	0.00009	27	nan
Arsenophonus endosymbiont of Aleurodicus dispersus	235559	S	184	185	369	0.00002	0.00001	0.00000	0.00001	36	4.0
Arsenophonus endosymbiont of Aphis craccivora	1231049	S	165	220	385	0.00003	0.00001	0.00000	0.00001	40	3.0
Arsenophonus nasoniae	638	S	336	628	964	0.00006	0.00004	0.00000	0.00004	40	4.0
Arsenophonus apicola	2879119	S	221	402	623	0.00004	0.00003	0.00000	0.00002	39	4.0
Proteus mirabilis	584	S	359	785	1144	0.00008	0.00005	0.00000	0.00005	41	4.0
Proteus vulgaris	585	S	270	853	1123	0.00007	0.00006	0.00000	0.00005	40	4.0
Proteus hauseri	183417	S	256	296	552	0.00004	0.00002	0.00000	0.00002	40	3.0
Proteus sp. ZN5	2697019	S	157	456	613	0.00004	0.00003	0.00000	0.00003	40	3.0
Proteus penneri	102862	S	150	294	444	0.00003	0.00002	0.00000	0.00002	40	3.0
Xenorhabdus hominickii	351679	S	289	311	600	0.00004	0.00002	0.00000	0.00002	45	4.0
Xenorhabdus poinarii	40577	S	175	195	370	0.00002	0.00001	0.00000	0.00001	47	4.0
Xenorhabdus bovienii	40576	S	145	156	301	0.00002	0.00001	0.00000	0.00001	46	4.0
Photorhabdus asymbiotica	291112	S	167	178	345	0.00002	0.00001	0.00000	0.00001	44	3.0
Photorhabdus thracensis	230089	S	127	153	280	0.00002	0.00001	0.00000	0.00001	46	3.0
Photorhabdus akhurstii	171438	S	101	119	220	0.00001	0.00001	0.00000	0.00001	46	4.0
Moellerella wisconsensis	158849	S	284	528	812	0.00005	0.00004	0.00000	0.00003	42	4.0
Yersinia enterocolitica	630	S	134	234	368	0.00002	0.00002	0.00000	0.00001	49	4.0
Yersinia aldovae	29483	S	134	212	346	0.00002	0.00001	0.00000	0.00001	49	4.0
Yersinia kristensenii	28152	S	120	285	405	0.00003	0.00002	0.00000	0.00002	49	4.0
Sodalis endosymbiont of Henestaris halophilus	1929246	S	229	230	459	0.00003	0.00002	0.00000	0.00001	34	4.0
Candidatus Sodalis pierantonius	1486991	S	105	112	217	0.00001	0.00001	0.00000	0.00001	59	2.0
Pragia fontium	82985	S	104	113	217	0.00001	0.00001	0.00000	0.00001	47	4.0
Pasteurella atlantica	2827233	S	61149	63120	124269	0.00823	0.00418	0.00445	0.00388	35	nan
Pasteurella skyensis	97481	S	13070	13410	26480	0.00175	0.00089	0.00094	0.00081	36	nan
Pasteurella dagmatis	754	S	389	407	796	0.00005	0.00003	0.00000	0.00002	39	3.0
Pasteurella canis	753	S	314	339	653	0.00004	0.00002	0.00000	0.00002	37	3.0
Pasteurella multocida	747	S	165	392	557	0.00004	0.00003	0.00000	0.00002	39	3.0
Haemophilus parainfluenzae	729	S	592	654	1246	0.00008	0.00004	0.00000	0.00004	40	4.0
Haemophilus influenzae	727	S	340	442	782	0.00005	0.00003	0.00000	0.00003	39	3.0
[Haemophilus] ducreyi	730	S	203	217	420	0.00003	0.00001	0.00000	0.00001	38	3.0
Haemophilus haemolyticus	726	S	123	142	265	0.00002	0.00001	0.00000	0.00001	39	3.0
Haemophilus pittmaniae	249188	S	111	117	228	0.00002	0.00001	0.00000	0.00001	43	3.0
Mannheimia haemolytica	75985	S	187	291	478	0.00003	0.00002	0.00000	0.00002	42	4.0
Mannheimia granulomatis	85402	S	149	174	323	0.00002	0.00001	0.00000	0.00001	41	3.0
Actinobacillus indolicus	51049	S	153	283	436	0.00003	0.00002	0.00000	0.00002	39	3.0
Gallibacterium salpingitidis	505341	S	186	189	375	0.00002	0.00001	0.00000	0.00001	38	3.0
Glaesserella parasuis	738	S	207	251	458	0.00003	0.00002	0.00000	0.00001	41	4.0
Bisgaardia hudsonensis	109472	S	204	210	414	0.00003	0.00001	0.00000	0.00001	34	3.0
Vespertiliibacter pulmonis	1443036	S	191	199	390	0.00003	0.00001	0.00000	0.00001	38	4.0
Mergibacter septicus	221402	S	190	194	384	0.00003	0.00001	0.00000	0.00001	37	4.0
Histophilus somni	731	S	189	270	459	0.00003	0.00002	0.00000	0.00002	38	3.0
Otariodibacter oris	1032623	S	155	160	315	0.00002	0.00001	0.00000	0.00001	37	4.0
Colwellia sp. PAMC 20917	1816218	S	33534	34053	67587	0.00448	0.00226	0.00213	0.00194	39	nan
Colwellia sp. 20A7	2689569	S	183	187	370	0.00002	0.00001	0.00000	0.00001	37	3.0
Colwellia sp. Arc7-D	2161872	S	163	170	333	0.00002	0.00001	0.00000	0.00001	39	4.0
Thalassotalea sp. PTE2	3030492	S	128	187	315	0.00002	0.00001	0.00000	0.00001	38	3.0
Thalassotalea crassostreae	1763536	S	114	123	237	0.00002	0.00001	0.00000	0.00001	39	3.0
Pseudoalteromonas carrageenovora	227	S	181	833	1014	0.00007	0.00006	0.00000	0.00005	40	4.0
Pseudoalteromonas xiamenensis	882626	S	168	182	350	0.00002	0.00001	0.00000	0.00001	43	3.0
Alteromonas sp. RKMC-009	2267264	S	185	284	469	0.00003	0.00002	0.00000	0.00002	50	4.0
Alteromonas naphthalenivorans	715451	S	132	185	317	0.00002	0.00001	0.00000	0.00001	43	3.0
Alteromonas macleodii	28108	S	111	135	246	0.00002	0.00001	0.00000	0.00001	45	3.0
Paraglaciecola sp. L3A3	2686358	S	206	212	418	0.00003	0.00001	0.00000	0.00001	39	3.0
Aliiglaciecola sp. LCG003	3053655	S	134	142	276	0.00002	0.00001	0.00000	0.00001	43	3.0
Shewanella psychrotolerans	2864206	S	157	249	406	0.00003	0.00002	0.00000	0.00001	45	4.0
Psychromonas ingrahamii	357794	S	121	122	243	0.00002	0.00001	0.00000	0.00001	39	3.0
Psychromonas sp. CNPT3	314282	S	110	116	226	0.00001	0.00001	0.00000	0.00001	40	3.0
Candidatus Vesicomyosocius okutanii	412965	S	24690	24925	49615	0.00329	0.00165	0.00187	0.00166	33	nan
Candidatus Baumannia cicadellinicola	186490	S	1131	1138	2269	0.00015	0.00008	0.00000	0.00007	37	3.0
Vibrio sp. VB16	2785746	S	127	138	265	0.00002	0.00001	0.00000	0.00001	43	3.0
Vibrio parahaemolyticus	670	S	139	225	364	0.00002	0.00001	0.00000	0.00001	46	4.0
Vibrio gigantis	296199	S	172	383	555	0.00004	0.00003	0.00000	0.00002	46	4.0
Vibrio casei	673372	S	133	204	337	0.00002	0.00001	0.00000	0.00001	42	3.0
Vibrio bathopelagicus	2777577	S	125	311	436	0.00003	0.00002	0.00000	0.00002	45	4.0
Vibrio cortegadensis	1328770	S	101	117	218	0.00001	0.00001	0.00000	0.00001	43	3.0
Candidatus Enterovibrio luxaltus	1927128	S	281	281	562	0.00004	0.00002	0.00000	0.00002	38	3.0
Aliivibrio fischeri	668	S	165	204	369	0.00002	0.00001	0.00000	0.00001	40	3.0
Paraphotobacterium marinum	1755811	S	126	138	264	0.00002	0.00001	0.00000	0.00001	32	2.0
Acinetobacter seifertii	1530123	S	130	799	929	0.00006	0.00005	0.00000	0.00005	40	4.0
Acinetobacter equi	1324350	S	169	237	406	0.00003	0.00002	0.00000	0.00001	37	3.0
Psychrobacter sp. M13	3067275	S	137	312	449	0.00003	0.00002	0.00000	0.00002	45	4.0
Gilliamella apis	1970738	S	672	703	1375	0.00009	0.00005	0.00000	0.00004	36	3.0
Gilliamella sp. ESL0405	2704653	S	282	293	575	0.00004	0.00002	0.00000	0.00002	38	4.0
Gilliamella sp. ESL0443	2704655	S	237	251	488	0.00003	0.00002	0.00000	0.00002	36	3.0
Gilliamella sp. B3022	2817969	S	128	136	264	0.00002	0.00001	0.00000	0.00001	36	3.0
Gilliamella apicola	1196095	S	408	428	836	0.00006	0.00003	0.00000	0.00003	35	3.0
Frischella perrara	1267021	S	223	233	456	0.00003	0.00002	0.00000	0.00001	34	4.0
Zophobihabitans entericus	1635327	S	152	154	306	0.00002	0.00001	0.00000	0.00001	40	4.0
Legionella sp. PC997	2755562	S	147	164	311	0.00002	0.00001	0.00000	0.00001	38	4.0
Legionella sp. PC1000	2746060	S	104	110	214	0.00001	0.00001	0.00000	0.00001	39	3.0
Legionella fallonii	96230	S	216	231	447	0.00003	0.00002	0.00000	0.00001	38	4.0
Legionella pneumophila	446	S	209	290	499	0.00003	0.00002	0.00000	0.00002	39	3.0
Legionella lytica	96232	S	123	124	247	0.00002	0.00001	0.00000	0.00001	40	3.0
Legionella israelensis	454	S	103	103	206	0.00001	0.00001	0.00000	0.00001	40	3.0
Coxiella endosymbiont of Amblyomma sculptum	2487929	S	102	265	367	0.00002	0.00002	0.00000	0.00002	37	4.0
Francisella tularensis	263	S	131	266	397	0.00003	0.00002	0.00000	0.00002	33	4.0
Francisella frigiditurris	1542390	S	131	145	276	0.00002	0.00001	0.00000	0.00001	32	3.0
Allofrancisella inopinata	1085647	S	211	216	427	0.00003	0.00001	0.00000	0.00001	31	3.0
Marinomonas mediterranea	119864	S	150	245	395	0.00003	0.00002	0.00000	0.00001	45	3.0
Neptunomonas japonica	417574	S	104	105	209	0.00001	0.00001	0.00000	0.00001	45	3.0
Candidatus Portiera aleyrodidarum	91844	S	221	223	444	0.00003	0.00001	0.00000	0.00002	24	4.0
Candidatus Carsonella ruddii	114186	S	147	161	308	0.00002	0.00001	0.00000	0.00006	 8	4.0
Gemella morbillorum	29391	S	539232	546307	1085539	0.07193	0.03620	0.04222	0.03798	30	nan
Gemella haemolysans	1379	S	15832	15900	31732	0.00210	0.00105	0.00000	0.00110	31	4.0
Gemella sanguinis	84135	S	4036	4069	8105	0.00054	0.00027	0.00000	0.00029	29	5.0
Gemella sp. zg-570	2840371	S	117	528	645	0.00004	0.00003	0.00000	0.00004	30	4.0
Bacillus sp. FDAARGOS_235	1839798	S	35621	308668	344289	0.02281	0.02045	0.02166	0.01862	35	nan
Bacillus cereus	1396	S	2261	24851	27112	0.00180	0.00165	0.00175	0.00150	35	nan
Bacillus thuringiensis	1428	S	1857	124925	126782	0.00840	0.00828	0.00878	0.00754	35	nan
Bacillus mycoides	1405	S	1494	2862	4356	0.00029	0.00019	0.00020	0.00017	35	nan
Bacillus toyonensis	155322	S	1242	3412	4654	0.00031	0.00023	0.00024	0.00021	35	nan
Bacillus wiedmannii	1890302	S	736	1064	1800	0.00012	0.00007	0.00007	0.00006	35	nan
Bacillus luti	2026191	S	443	494	937	0.00006	0.00003	0.00003	0.00003	35	nan
Bacillus pseudomycoides	64104	S	406	417	823	0.00005	0.00003	0.00003	0.00002	35	nan
Bacillus anthracis	1392	S	328	18257	18585	0.00123	0.00121	0.00128	0.00110	35	nan
Bacillus nitratireducens	2026193	S	290	378	668	0.00004	0.00003	0.00003	0.00002	36	nan
Bacillus tropicus	2026188	S	247	702	949	0.00006	0.00005	0.00005	0.00004	35	nan
Bacillus cytotoxicus	580165	S	237	240	477	0.00003	0.00002	0.00002	0.00001	36	nan
Bacillus paranthracis	2026186	S	166	878	1044	0.00007	0.00006	0.00006	0.00005	35	nan
Bacillus pacificus	2026187	S	125	262	387	0.00003	0.00002	0.00002	0.00002	36	nan
Bacillus sp. DX3.1	3052091	S	188	880	1068	0.00007	0.00006	0.00000	0.00005	35	5.0
Bacillus sp. COPE52	2233998	S	126	18614	18740	0.00124	0.00123	0.00000	0.00112	35	5.0
Bacillus arachidis	2819290	S	145	149	294	0.00002	0.00001	0.00001	0.00001	36	nan
Heyndrickxia oleronia	38875	S	110	112	222	0.00001	0.00001	0.00000	0.00001	35	3.0
Staphylococcus hominis	1290	S	150	160	310	0.00002	0.00001	0.00000	0.00001	32	4.0
Staphylococcus epidermidis	1282	S	127	151	278	0.00002	0.00001	0.00000	0.00001	33	4.0
Staphylococcus aureus	1280	S	127	322	449	0.00003	0.00002	0.00000	0.00002	33	3.0
Staphylococcus equorum	246432	S	126	255	381	0.00003	0.00002	0.00000	0.00002	34	3.0
Staphylococcus lugdunensis	28035	S	110	112	222	0.00001	0.00001	0.00000	0.00001	34	2.0
Staphylococcus haemolyticus	1283	S	106	115	221	0.00001	0.00001	0.00000	0.00001	33	3.0
Streptococcus sp. oral taxon 431	712633	S	1230	1603	2833	0.00019	0.00011	0.00000	0.00009	41	4.0
Streptococcus cristatus	45634	S	466	586	1052	0.00007	0.00004	0.00000	0.00003	44	4.0
Streptococcus equi	1336	S	412	457	869	0.00006	0.00003	0.00000	0.00003	43	3.0
Weissella jogaejeotgali	1631871	S	143	261	404	0.00003	0.00002	0.00000	0.00001	39	4.0
Ligilactobacillus salivarius	1624	S	108	148	256	0.00002	0.00001	0.00000	0.00001	33	3.0
Caldicellulosiruptor kronotskyensis	413889	S	324915	352284	677199	0.04487	0.02334	0.02419	0.02126	36	nan
Caldicellulosiruptor diazotrophicus	2806205	S	153	157	310	0.00002	0.00001	0.00000	0.00001	35	5.0
Caldicellulosiruptor acetigenus	301953	S	121	124	245	0.00002	0.00001	0.00000	0.00001	36	5.0
Clostridium sp. JN-1	2483110	S	139	168	307	0.00002	0.00001	0.00000	0.00001	31	3.0
Clostridium botulinum	1491	S	225	329	554	0.00004	0.00002	0.00000	0.00003	28	4.0
Clostridium saccharoperbutylacetonicum	36745	S	146	150	296	0.00002	0.00001	0.00000	0.00001	29	3.0
Clostridium estertheticum	238834	S	133	138	271	0.00002	0.00001	0.00000	0.00001	30	2.0
Clostridium sporogenes	1509	S	100	420	520	0.00003	0.00003	0.00000	0.00003	28	4.0
Paraclostridium bifermentans	1490	S	159	220	379	0.00003	0.00001	0.00000	0.00002	28	3.0
Filifactor alocis	143361	S	782	800	1582	0.00010	0.00005	0.00000	0.00005	35	5.0
Romboutsia ilealis	1115758	S	114	134	248	0.00002	0.00001	0.00000	0.00001	27	4.0
Lachnoanaerobaculum gingivalis	2490855	S	110	117	227	0.00002	0.00001	0.00000	0.00001	38	3.0
Anaerococcus prevotii	33034	S	189474	191323	380797	0.02523	0.01268	0.01325	0.01160	36	nan
Parvimonas micra	33033	S	252	255	507	0.00003	0.00002	0.00000	0.00002	29	4.0
Streptomyces sp. HUAS YS2	3081768	S	212222	215225	427447	0.02832	0.01426	0.02057	0.01838	72	nan
Streptomyces sp. TN58	234612	S	129953	134675	264628	0.01753	0.00892	0.01219	0.01178	72	nan
Streptomyces tsukubensis	83656	S	147571	149806	297377	0.01970	0.00993	0.01419	0.01260	72	nan
Streptomyces cyaneogriseus	68192	S	118591	127008	245599	0.01627	0.00842	0.01193	0.01151	74	nan
Streptomyces fagopyri	2662397	S	37355	38138	75493	0.00500	0.00253	0.00366	0.00315	72	nan
Clavibacter capsici	1874630	S	190238	196367	386605	0.02562	0.01301	0.01693	0.01775	74	nan
Clavibacter michiganensis	28447	S	1095	1174	2269	0.00015	0.00008	0.00000	0.00010	74	4.0
Clavibacter zhangzhiyongii	2768071	S	276	284	560	0.00004	0.00002	0.00000	0.00003	75	3.0
Clavibacter phaseoli	1734031	S	165	174	339	0.00002	0.00001	0.00000	0.00002	74	3.0
Clavibacter nebraskensis	31963	S	137	181	318	0.00002	0.00001	0.00000	0.00002	74	3.0
Rathayibacter festucae	110937	S	18766	19345	38111	0.00253	0.00128	0.00169	0.00166	73	nan
Rathayibacter sp. VKM Ac-2804	2609257	S	665	740	1405	0.00009	0.00005	0.00000	0.00006	73	4.0
Rathayibacter sp. VKM Ac-2760	2609253	S	652	694	1346	0.00009	0.00005	0.00000	0.00006	73	4.0
Rathayibacter sp. VKM Ac-2759	2609252	S	226	270	496	0.00003	0.00002	0.00000	0.00002	72	3.0
Micrococcus sp. KBS0714	1179670	S	3790	15160	18950	0.00126	0.00100	0.00145	0.00138	73	nan
Micrococcus luteus	1270	S	127	195	322	0.00002	0.00001	0.00000	0.00002	73	4.0
Acidothermus cellulolyticus	28049	S	79001	79010	158011	0.01047	0.00524	0.00665	0.00560	67	nan
Baekduia soli	496014	S	196416	196482	392898	0.02603	0.01302	0.00000	0.01887	74	5.0
Mycoplasmopsis bovigenitalium	2112	S	577478	579889	1157367	0.07669	0.03842	0.04638	0.04297	29	nan
Mesomycoplasma conjunctivae	45361	S	142274	143005	285279	0.01890	0.00948	0.01207	0.01097	29	nan
Mycoplasma tauri	547987	S	84181	84290	168471	0.01116	0.00559	0.00753	0.00705	26	nan
Mesoplasma tabanidae	219745	S	38914	40351	79265	0.00525	0.00267	0.00364	0.00339	27	nan
Candidatus Phytoplasma ziziphi	135727	S	106	113	219	0.00001	0.00001	0.00000	0.00001	25	4.0
Cyanobacterium aponinum	379064	S	306935	306971	613906	0.04068	0.02034	0.02115	0.01880	37	nan
Chryseobacterium indologenes	253	S	487480	502358	989838	0.06559	0.03329	0.03346	0.02932	38	nan
Chryseobacterium sp. MA9	2966625	S	52553	54630	107183	0.00710	0.00362	0.00367	0.00324	37	nan
Chryseobacterium sp. MEBOG07	2879939	S	15443	15684	31127	0.00206	0.00104	0.00106	0.00093	38	nan
Chryseobacterium sp. JV274	1932669	S	10148	26830	36978	0.00245	0.00178	0.00179	0.00159	37	nan
Chryseobacterium sp. D764	2856522	S	8266	24565	32831	0.00218	0.00163	0.00164	0.00145	37	nan
Chryseobacterium sp. MEBOG06	2879938	S	4426	4476	8902	0.00059	0.00030	0.00031	0.00027	37	nan
Chryseobacterium sp. StRB126	878220	S	3827	3901	7728	0.00051	0.00026	0.00000	0.00023	36	5.0
Chryseobacterium sp. SG20098	3074145	S	3204	6603	9807	0.00065	0.00044	0.00044	0.00039	37	nan
Chryseobacterium sp. G0186	2487064	S	3128	3289	6417	0.00043	0.00022	0.00000	0.00020	37	5.0
Chryseobacterium sp. G0162	2487063	S	1765	1967	3732	0.00025	0.00013	0.00000	0.00012	37	5.0
Chryseobacterium sp. PCH239	2825845	S	1640	3929	5569	0.00037	0.00026	0.00026	0.00023	37	nan
Chryseobacterium sp. WX	3031803	S	1587	3840	5427	0.00036	0.00025	0.00025	0.00023	38	nan
Chryseobacterium sp. IHB B 17019	1721091	S	1476	1486	2962	0.00020	0.00010	0.00000	0.00009	37	5.0
Chryseobacterium sp. MMS21-Ot14	2983606	S	1450	1459	2909	0.00019	0.00010	0.00000	0.00009	40	5.0
Chryseobacterium sp. Y16C	2920939	S	1410	1488	2898	0.00019	0.00010	0.00000	0.00009	36	5.0
Chryseobacterium sp.	1871047	S	1214	1226	2440	0.00016	0.00008	0.00000	0.00007	37	5.0
Chryseobacterium sp. T16E-39	2015076	S	1089	1096	2185	0.00014	0.00007	0.00000	0.00007	35	4.0
Chryseobacterium sp. G0201	2487065	S	1023	1041	2064	0.00014	0.00007	0.00000	0.00006	35	4.0
Chryseobacterium sp. CY350	2997336	S	667	673	1340	0.00009	0.00004	0.00000	0.00004	36	5.0
Chryseobacterium sp. 3008163	2478663	S	662	679	1341	0.00009	0.00004	0.00000	0.00004	35	5.0
Chryseobacterium sp. LJ668	2864040	S	623	626	1249	0.00008	0.00004	0.00000	0.00004	36	4.0
Chryseobacterium sp. ZHDP1	2838877	S	620	665	1285	0.00009	0.00004	0.00004	0.00004	38	nan
Chryseobacterium sp. PET-29	2983267	S	167	222	389	0.00003	0.00001	0.00001	0.00001	38	nan
Chryseobacterium sp. 6424	2039166	S	142	143	285	0.00002	0.00001	0.00000	0.00001	44	4.0
Chryseobacterium sp. POL2	2713414	S	107	108	215	0.00001	0.00001	0.00000	0.00001	36	5.0
Chryseobacterium panacisoli	1807141	S	14770	15383	30153	0.00200	0.00102	0.00103	0.00091	38	nan
Chryseobacterium gleum	250	S	14300	15582	29882	0.00198	0.00103	0.00000	0.00091	38	5.0
Chryseobacterium arthrosphaerae	651561	S	5829	5989	11818	0.00078	0.00040	0.00041	0.00034	40	nan
Chryseobacterium aureum	2497456	S	5560	5651	11211	0.00074	0.00037	0.00000	0.00033	39	5.0
Chryseobacterium cucumeris	1813611	S	5523	6069	11592	0.00077	0.00040	0.00041	0.00035	38	nan
Chryseobacterium nakagawai	1241982	S	1626	1804	3430	0.00023	0.00012	0.00000	0.00011	36	5.0
Chryseobacterium lactis	1241981	S	1123	1151	2274	0.00015	0.00008	0.00000	0.00007	37	5.0
Chryseobacterium oranimense	421058	S	1021	1029	2050	0.00014	0.00007	0.00000	0.00006	39	3.0
Chryseobacterium bernardetii	1241978	S	1007	1790	2797	0.00019	0.00012	0.00012	0.00011	37	nan
Chryseobacterium gallinarum	1324352	S	990	1000	1990	0.00013	0.00007	0.00000	0.00006	38	5.0
Chryseobacterium rhizoplanae	1609531	S	915	1879	2794	0.00019	0.00012	0.00012	0.00011	37	nan
Chryseobacterium capnotolerans	2759528	S	897	923	1820	0.00012	0.00006	0.00000	0.00006	36	5.0
Chryseobacterium daecheongense	192389	S	883	899	1782	0.00012	0.00006	0.00000	0.00005	37	5.0
Chryseobacterium carnipullorum	1124835	S	796	819	1615	0.00011	0.00005	0.00000	0.00005	39	5.0
Chryseobacterium joostei	112234	S	779	814	1593	0.00011	0.00005	0.00000	0.00005	37	5.0
Chryseobacterium indoltheticum	254	S	575	584	1159	0.00008	0.00004	0.00000	0.00004	36	5.0
Chryseobacterium camelliae	1265445	S	516	523	1039	0.00007	0.00003	0.00000	0.00003	41	4.0
Chryseobacterium glaciei	1685010	S	467	473	940	0.00006	0.00003	0.00000	0.00003	35	5.0
Chryseobacterium gambrini	373672	S	440	453	893	0.00006	0.00003	0.00003	0.00003	38	nan
Chryseobacterium shandongense	1493872	S	400	415	815	0.00005	0.00003	0.00000	0.00002	38	5.0
Chryseobacterium paludis	2956784	S	310	311	621	0.00004	0.00002	0.00000	0.00002	35	4.0
Chryseobacterium piperi	558152	S	289	290	579	0.00004	0.00002	0.00000	0.00002	36	4.0
Chryseobacterium balustinum	246	S	280	288	568	0.00004	0.00002	0.00000	0.00002	35	4.0
Chryseobacterium turcicum	2898076	S	120	122	242	0.00002	0.00001	0.00000	0.00001	36	4.0
Epilithonimonas vandammei	2487072	S	335	347	682	0.00005	0.00002	0.00000	0.00002	36	3.0
Elizabethkingia anophelis	1117645	S	239	263	502	0.00003	0.00002	0.00000	0.00002	37	3.0
Elizabethkingia sp. M8	2796140	S	122	166	288	0.00002	0.00001	0.00000	0.00001	36	3.0
Riemerella anatipestifer	34085	S	108	108	216	0.00001	0.00001	0.00000	0.00001	36	3.0
Flavobacterium sp. ZE23DGlu08	3059026	S	15223	18210	33433	0.00222	0.00121	0.00000	0.00112	36	5.0
Flavobacterium sp. Sr18	935222	S	12949	14985	27934	0.00185	0.00099	0.00106	0.00092	36	nan
Flavobacterium sp. F-340	2893886	S	5781	6582	12363	0.00082	0.00044	0.00047	0.00041	34	nan
Flavobacterium sp. F-29	2893883	S	5215	5767	10982	0.00073	0.00038	0.00000	0.00035	36	5.0
Flavobacterium sp. N3904	2986835	S	5059	5497	10556	0.00070	0.00036	0.00041	0.00034	35	nan
Flavobacterium sp. K5-23	2746225	S	4901	5315	10216	0.00068	0.00035	0.00039	0.00033	34	nan
Flavobacterium sp. M31R6	2739062	S	4810	5315	10125	0.00067	0.00035	0.00000	0.00033	36	5.0
Flavobacterium sp. 140616W15	2478552	S	4130	4462	8592	0.00057	0.00030	0.00035	0.00029	33	nan
Flavobacterium sp. F-70	2893884	S	2631	2937	5568	0.00037	0.00019	0.00000	0.00018	35	5.0
Flavobacterium sp. CHNK8	2871165	S	2532	5417	7949	0.00053	0.00036	0.00039	0.00033	34	nan
Flavobacterium sp. MDT1-60	1979344	S	2222	2531	4753	0.00031	0.00017	0.00018	0.00016	35	nan
Flavobacterium sp. N2038	2986829	S	2141	2527	4668	0.00031	0.00017	0.00018	0.00016	33	nan
Flavobacterium sp. CECT 9288	2845819	S	2135	4429	6564	0.00043	0.00029	0.00032	0.00027	34	nan
Flavobacterium sp. N2820	2986834	S	2015	2131	4146	0.00027	0.00014	0.00000	0.00014	33	5.0
Flavobacterium sp. F-323	2893885	S	1956	2177	4133	0.00027	0.00014	0.00000	0.00013	36	5.0
Flavobacterium sp. N1736	2986823	S	1926	2240	4166	0.00028	0.00015	0.00016	0.00014	34	nan
Flavobacterium sp. CLA17	2724135	S	1921	2129	4050	0.00027	0.00014	0.00000	0.00013	37	5.0
Flavobacterium sp. N1994	2986827	S	1663	1708	3371	0.00022	0.00011	0.00000	0.00010	35	5.0
Flavobacterium sp. KBS0721	1179672	S	1663	2063	3726	0.00025	0.00014	0.00015	0.00013	34	nan
Flavobacterium sp. CJ75	3034146	S	1507	2007	3514	0.00023	0.00013	0.00014	0.00012	33	nan
Flavobacterium sp. SLB02	2665645	S	1328	1641	2969	0.00020	0.00011	0.00000	0.00010	35	5.0
Flavobacterium sp. YJ01	3031997	S	1310	2408	3718	0.00025	0.00016	0.00017	0.00015	34	nan
Flavobacterium sp. GSB-24	2994319	S	1208	1663	2871	0.00019	0.00011	0.00012	0.00010	34	nan
Flavobacterium sp. KACC 22763	3025668	S	979	1992	2971	0.00020	0.00013	0.00014	0.00012	34	nan
Flavobacterium sp. N1846	2986824	S	966	1063	2029	0.00013	0.00007	0.00008	0.00007	32	nan
Flavobacterium sp. N502536	2986837	S	947	1243	2190	0.00015	0.00008	0.00000	0.00007	37	5.0
Flavobacterium sp. B183	907046	S	933	1801	2734	0.00018	0.00012	0.00000	0.00011	36	5.0
Flavobacterium sp. N2270	2986831	S	920	990	1910	0.00013	0.00007	0.00000	0.00007	30	4.0
Flavobacterium sp. IMCC34852	2732161	S	899	987	1886	0.00012	0.00007	0.00000	0.00006	38	4.0
Flavobacterium sp. IMCC34518	3003623	S	856	5026	5882	0.00039	0.00033	0.00037	0.00031	34	nan
Flavobacterium sp. N502540	2986838	S	825	1489	2314	0.00015	0.00010	0.00000	0.00009	36	5.0
Flavobacterium sp. TR2	2977321	S	766	1051	1817	0.00012	0.00007	0.00000	0.00006	35	5.0
Flavobacterium sp. 20NA77.7	3073563	S	627	650	1277	0.00008	0.00004	0.00000	0.00004	33	5.0
Flavobacterium sp. KACC 22758	3025667	S	562	1688	2250	0.00015	0.00011	0.00012	0.00011	34	nan
Flavobacterium sp. I3-2	2748319	S	521	568	1089	0.00007	0.00004	0.00000	0.00004	31	5.0
Flavobacterium sp. N1719	2885633	S	421	426	847	0.00006	0.00003	0.00000	0.00002	40	4.0
Flavobacterium sp. LPB0248	2614441	S	408	854	1262	0.00008	0.00006	0.00006	0.00005	34	nan
Flavobacterium sp. xlx-214	2654325	S	322	334	656	0.00004	0.00002	0.00000	0.00002	31	5.0
Flavobacterium sp. CJ74	2294119	S	259	262	521	0.00003	0.00002	0.00000	0.00001	42	4.0
Flavobacterium lacustre	3016339	S	45064	48468	93532	0.00620	0.00321	0.00000	0.00298	34	5.0
Flavobacterium eburneipallidum	3003263	S	5586	5846	11432	0.00076	0.00039	0.00042	0.00036	34	nan
Flavobacterium ammonificans	1751056	S	4753	5229	9982	0.00066	0.00035	0.00000	0.00032	34	5.0
Flavobacterium limnophilum	3003262	S	3881	4113	7994	0.00053	0.00027	0.00000	0.00024	38	5.0
Flavobacterium aestivum	3003257	S	3488	3670	7158	0.00047	0.00024	0.00026	0.00023	34	nan
Flavobacterium commune	1306519	S	3276	3499	6775	0.00045	0.00023	0.00000	0.00021	35	5.0
Flavobacterium ammoniigenes	1751095	S	3171	3479	6650	0.00044	0.00023	0.00000	0.00021	36	4.0
Flavobacterium nitratireducens	992289	S	3151	3378	6529	0.00043	0.00022	0.00025	0.00021	34	nan
Flavobacterium nackdongense	2547394	S	2969	3054	6023	0.00040	0.00020	0.00000	0.00018	37	5.0
Flavobacterium gilvum	1492737	S	2299	2403	4702	0.00031	0.00016	0.00000	0.00015	36	5.0
Flavobacterium marginilacus	3003256	S	2291	2418	4709	0.00031	0.00016	0.00000	0.00015	36	5.0
Flavobacterium aquiphilum	3003261	S	2287	2415	4702	0.00031	0.00016	0.00000	0.00015	36	5.0
Flavobacterium gyeonganense	1310418	S	2224	2936	5160	0.00034	0.00019	0.00000	0.00018	35	5.0
Flavobacterium flavigenum	3003258	S	2149	2806	4955	0.00033	0.00019	0.00000	0.00017	35	5.0
Flavobacterium faecale	1355330	S	2032	2100	4132	0.00027	0.00014	0.00000	0.00013	36	5.0
Flavobacterium pectinovorum	29533	S	2013	2302	4315	0.00029	0.00015	0.00017	0.00014	34	nan
Flavobacterium psychrophilum	96345	S	1772	1844	3616	0.00024	0.00012	0.00000	0.00012	33	5.0
uncultured Flavobacterium sp.	165435	S	1678	1918	3596	0.00024	0.00013	0.00014	0.00012	33	nan
Flavobacterium johnsoniae	986	S	1659	3447	5106	0.00034	0.00023	0.00025	0.00021	34	nan
Flavobacterium endoglycinae	2816357	S	1421	1573	2994	0.00020	0.00010	0.00000	0.00010	35	5.0
Flavobacterium crassostreae	1763534	S	1404	1508	2912	0.00019	0.00010	0.00000	0.00009	37	5.0
Flavobacterium sangjuense	2518177	S	1230	1259	2489	0.00016	0.00008	0.00000	0.00007	37	5.0
Flavobacterium anhuiense	459526	S	1228	1546	2774	0.00018	0.00010	0.00000	0.00010	34	5.0
Flavobacterium bizetiae	2704140	S	1188	1453	2641	0.00017	0.00010	0.00000	0.00009	35	5.0
Flavobacterium crocinum	2183896	S	978	1266	2244	0.00015	0.00008	0.00009	0.00008	34	nan
Flavobacterium praedii	3002900	S	941	5587	6528	0.00043	0.00037	0.00041	0.00035	34	nan
Flavobacterium humidisoli	2937442	S	892	1147	2039	0.00014	0.00008	0.00008	0.00007	34	nan
Flavobacterium azooxidireducens	1871076	S	892	906	1798	0.00012	0.00006	0.00000	0.00006	34	5.0
Flavobacterium gelatinilyticum	3003260	S	841	990	1831	0.00012	0.00007	0.00000	0.00006	35	5.0
Flavobacterium fluviale	2249356	S	810	1088	1898	0.00013	0.00007	0.00008	0.00007	34	nan
Flavobacterium collinsii	1114861	S	779	999	1778	0.00012	0.00007	0.00000	0.00006	36	5.0
Flavobacterium branchiophilum	55197	S	765	778	1543	0.00010	0.00005	0.00000	0.00005	34	5.0
Flavobacterium ginsengisoli	871694	S	745	1052	1797	0.00012	0.00007	0.00007	0.00007	34	nan
Flavobacterium channae	2897181	S	696	824	1520	0.00010	0.00005	0.00006	0.00005	32	nan
Flavobacterium haoranii	683124	S	626	781	1407	0.00009	0.00005	0.00000	0.00005	31	5.0
Flavobacterium luteolum	3003259	S	610	1068	1678	0.00011	0.00007	0.00008	0.00007	34	nan
Flavobacterium indicum	312277	S	589	607	1196	0.00008	0.00004	0.00000	0.00004	32	5.0
Flavobacterium nitrogenifigens	1617283	S	584	1126	1710	0.00011	0.00007	0.00008	0.00007	34	nan
Flavobacterium oreochromis	2906078	S	556	637	1193	0.00008	0.00004	0.00000	0.00004	30	5.0
Flavobacterium cyclinae	2895947	S	519	590	1109	0.00007	0.00004	0.00005	0.00004	33	nan
Flavobacterium cerinum	2502784	S	440	454	894	0.00006	0.00003	0.00000	0.00003	38	4.0
Flavobacterium kingsejongi	1678728	S	414	469	883	0.00006	0.00003	0.00000	0.00003	40	4.0
Flavobacterium okayamense	2830782	S	413	475	888	0.00006	0.00003	0.00000	0.00003	31	5.0
Flavobacterium ardleyense	2038737	S	402	414	816	0.00005	0.00003	0.00000	0.00002	36	4.0
Flavobacterium davisii	2906077	S	390	433	823	0.00005	0.00003	0.00000	0.00003	30	5.0
Flavobacterium agricola	2870839	S	369	384	753	0.00005	0.00003	0.00003	0.00002	34	nan
Flavobacterium covae	2906076	S	366	623	989	0.00007	0.00004	0.00005	0.00004	32	nan
Flavobacterium columnare	996	S	356	597	953	0.00006	0.00004	0.00005	0.00004	32	nan
Flavobacterium sediminis	2201181	S	351	392	743	0.00005	0.00003	0.00000	0.00002	36	5.0
Flavobacterium arcticum	1784713	S	316	323	639	0.00004	0.00002	0.00000	0.00002	36	4.0
Flavobacterium inviolabile	2748320	S	272	283	555	0.00004	0.00002	0.00000	0.00002	41	4.0
Flavobacterium pallidum	2172098	S	235	239	474	0.00003	0.00002	0.00000	0.00001	45	4.0
Flavobacterium litorale	2856519	S	233	237	470	0.00003	0.00002	0.00000	0.00001	38	4.0
Flavobacterium dauae	1563479	S	227	242	469	0.00003	0.00002	0.00000	0.00001	35	5.0
Flavobacterium alkalisoli	2602769	S	153	155	308	0.00002	0.00001	0.00000	0.00001	38	3.0
Flavobacterium magnum	2162713	S	100	102	202	0.00001	0.00001	0.00000	0.00001	49	4.0
Tenacibaculum pacificus	3018314	S	105032	110044	215076	0.01425	0.00729	0.00901	0.00801	30	nan
Tenacibaculum sp. GRR-S3-23	3038772	S	136	158	294	0.00002	0.00001	0.00000	0.00001	34	4.0
Tenacibaculum sp. SZ-18	754423	S	119	126	245	0.00002	0.00001	0.00000	0.00001	31	3.0
Tenacibaculum jejuense	584609	S	103	103	206	0.00001	0.00001	0.00000	0.00001	30	3.0
Capnocytophaga endodontalis	2708117	S	1126	1167	2293	0.00015	0.00008	0.00000	0.00007	41	4.0
Capnocytophaga leadbetteri	327575	S	911	944	1855	0.00012	0.00006	0.00000	0.00005	41	4.0
Capnocytophaga gingivalis	1017	S	894	903	1797	0.00012	0.00006	0.00000	0.00005	42	4.0
Capnocytophaga sp. FDAARGOS_737	2545799	S	350	384	734	0.00005	0.00003	0.00000	0.00002	42	3.0
Capnocytophaga canimorsus	28188	S	116	119	235	0.00002	0.00001	0.00000	0.00001	37	3.0
Polaribacter sp. MED152	313598	S	125	237	362	0.00002	0.00002	0.00000	0.00002	31	4.0
Polaribacter sp. KT25b	1855336	S	115	297	412	0.00003	0.00002	0.00000	0.00002	29	4.0
Polaribacter vadi	1774273	S	189	234	423	0.00003	0.00002	0.00000	0.00002	30	4.0
Polaribacter batillariae	2808900	S	109	141	250	0.00002	0.00001	0.00000	0.00001	30	3.0
Winogradskyella sp. HaHa_3_26	2749995	S	116	140	256	0.00002	0.00001	0.00000	0.00001	32	4.0
Winogradskyella sp. PG-2	754409	S	115	120	235	0.00002	0.00001	0.00000	0.00001	31	3.0
Cellulophaga lytica	979	S	152	206	358	0.00002	0.00001	0.00000	0.00001	32	4.0
Myroides odoratus	256	S	109	205	314	0.00002	0.00001	0.00000	0.00001	37	3.0
Lacinutrix sp. Bg11-31	2057808	S	129	133	262	0.00002	0.00001	0.00000	0.00001	32	3.0
Lacinutrix sp. 5H-3-7-4	983544	S	100	109	209	0.00001	0.00001	0.00000	0.00001	31	4.0
Lacinutrix venerupis	1486034	S	105	110	215	0.00001	0.00001	0.00000	0.00001	31	4.0
Aquimarina sp. Aq107	1191912	S	126	154	280	0.00002	0.00001	0.00000	0.00001	32	3.0
Lutibacter sp. A80	2918453	S	159	168	327	0.00002	0.00001	0.00000	0.00001	29	4.0
Lutibacter sp. A64	2918526	S	105	111	216	0.00001	0.00001	0.00000	0.00001	29	3.0
Gramella sp. MAR_2010_147	1250205	S	110	116	226	0.00001	0.00001	0.00000	0.00001	38	3.0
Psychroserpens ponticola	2932268	S	139	145	284	0.00002	0.00001	0.00000	0.00001	32	4.0
Aestuariibaculum lutulentum	2920935	S	164	170	334	0.00002	0.00001	0.00000	0.00001	35	4.0
Mesoflavibacter sp. SCSIO 43206	2779362	S	123	184	307	0.00002	0.00001	0.00000	0.00001	31	5.0
Paenimyroides cloacae	1852970	S	184	198	382	0.00003	0.00001	0.00000	0.00001	33	5.0
Mariniflexile sp. TRM1-10	2027857	S	170	171	341	0.00002	0.00001	0.00000	0.00001	35	4.0
Flaviramulus sp. BrNp1-15	2916754	S	144	149	293	0.00002	0.00001	0.00000	0.00001	31	3.0
Urechidicola croceus	1850246	S	106	121	227	0.00002	0.00001	0.00000	0.00001	30	3.0
Siansivirga zeaxanthinifaciens	762954	S	101	104	205	0.00001	0.00001	0.00000	0.00001	33	4.0
Blattabacterium cuenoti	1653831	S	856	984	1840	0.00012	0.00007	0.00000	0.00009	25	5.0
Candidatus Karelsulcia muelleri	336810	S	201	203	404	0.00003	0.00001	0.00000	0.00002	24	4.0
Sphingobacterium sp. WM	3031802	S	113	287	400	0.00003	0.00002	0.00000	0.00002	38	4.0
Desulfovibrio fairfieldensis	44742	S	1085239	1085567	2170806	0.14384	0.07193	0.00000	0.06925	64	4.0
Aliarcobacter cryaerophilus	28198	S	145979	147828	293807	0.01947	0.00980	0.01348	0.01189	27	nan
Aliarcobacter cibarius	255507	S	1009	1020	2029	0.00013	0.00007	0.00000	0.00008	27	5.0
Aliarcobacter skirrowii	28200	S	948	969	1917	0.00013	0.00006	0.00000	0.00008	28	4.0
Aliarcobacter butzleri	28197	S	941	951	1892	0.00013	0.00006	0.00000	0.00008	26	5.0
Aliarcobacter faecis	1564138	S	582	586	1168	0.00008	0.00004	0.00000	0.00005	27	3.0
Aliarcobacter thereius	544718	S	266	270	536	0.00004	0.00002	0.00000	0.00002	26	3.0
Aliarcobacter trophiarum	708186	S	207	207	414	0.00003	0.00001	0.00000	0.00002	29	3.0
Aliarcobacter lanthieri	1355374	S	191	191	382	0.00003	0.00001	0.00000	0.00002	27	4.0
Arcobacter porcinus	1935204	S	286	294	580	0.00004	0.00002	0.00000	0.00002	27	5.0
Arcobacter aquimarinus	1315211	S	281	330	611	0.00004	0.00002	0.00000	0.00003	26	2.0
Campylobacter sp. RM5004	1660078	S	124	302	426	0.00003	0.00002	0.00000	0.00002	29	3.0
Tuwongella immobilis	692036	S	112438	112438	224876	0.01490	0.00745	0.00853	0.00674	59	nan
Treponema denticola	158	S	205	642	847	0.00006	0.00004	0.00000	0.00004	39	4.0
Brachyspira pilosicoli	52584	S	117	118	235	0.00002	0.00001	0.00000	0.00001	29	3.0
Homo sapiens	9606	S	2020	2145	4165	0.00028	0.00014	0.00000	0.00013	38	3.0
