name	taxonomy_id	taxonomy_lvl	kraken_assigned_reads	added_reads	new_est_reads	fraction_total_reads	Bracken_estimate	GuaCAMOLE_estimate	GuaCAMOLE_est_eff	GC content	Taxon Removal Cycle
Sporosarcina sp. Te-1	2818390	S	2294335	2301772	4596107	0.28770	0.14408	0.13609	0.13116	45	nan
Planococcus sp. N022	3058393	S	57240	57475	114715	0.00718	0.00360	0.00342	0.00331	45	nan
Halobacillus halophilus	1570	S	268820	270644	539464	0.03377	0.01694	0.01647	0.01568	42	nan
Halobacillus mangrovi	402384	S	1388	1394	2782	0.00017	0.00009	0.00000	0.00008	42	4.0
Halobacillus litoralis	45668	S	1014	1019	2033	0.00013	0.00006	0.00000	0.00006	43	5.0
Halobacillus amylolyticus	2932259	S	550	557	1107	0.00007	0.00003	0.00000	0.00003	41	4.0
Halobacillus salinarum	2932257	S	235	235	470	0.00003	0.00001	0.00000	0.00001	43	5.0
Halobacillus shinanisalinarum	2932258	S	156	157	313	0.00002	0.00001	0.00000	0.00001	41	4.0
Halobacillus naozhouensis	554880	S	154	155	309	0.00002	0.00001	0.00000	0.00001	42	4.0
Gracilibacillus salinarum	2932255	S	43619	43918	87537	0.00548	0.00275	0.00272	0.00261	39	nan
Bacillus sp. SB49	1071080	S	275	883	1158	0.00007	0.00006	0.00000	0.00005	46	5.0
Pontibacillus sp. HMF3514	2692425	S	114	118	232	0.00001	0.00001	0.00000	0.00001	39	4.0
Pontibacillus chungwhensis	265426	S	102	116	218	0.00001	0.00001	0.00000	0.00001	41	4.0
Salinicoccus halodurans	407035	S	167524	168194	335718	0.02101	0.01053	0.01000	0.00967	46	nan
Paenibacillus sophorae	1333845	S	93482	94162	187644	0.01175	0.00589	0.00562	0.00543	54	nan
Paenibacillus sp. FSL R7-0331	1536773	S	49930	50134	100064	0.00626	0.00314	0.00296	0.00286	53	nan
Listeria monocytogenes	1639	S	2681	35783	38464	0.00241	0.00224	0.00224	0.00216	38	nan
Listeria sp. LM90SB2	2678528	S	726	73037	73763	0.00462	0.00457	0.00457	0.00441	38	nan
Listeria innocua	1642	S	389	414	803	0.00005	0.00003	0.00003	0.00003	37	nan
Listeria marthii	529731	S	196	202	398	0.00002	0.00001	0.00001	0.00001	39	nan
Listeria welshimeri	1643	S	137	140	277	0.00002	0.00001	0.00000	0.00001	36	5.0
Listeria ivanovii	1638	S	119	121	240	0.00002	0.00001	0.00000	0.00001	37	5.0
Paucilactobacillus nenjiangensis	1296540	S	653139	664439	1317578	0.08248	0.04159	0.04155	0.03962	39	nan
Paucilactobacillus oligofermentans	293371	S	453	456	909	0.00006	0.00003	0.00000	0.00003	37	4.0
Weissella paramesenteroides	1249	S	519808	523024	1042832	0.06528	0.03274	0.03315	0.03159	38	nan
Weissella jogaejeotgali	1631871	S	4170	4203	8373	0.00052	0.00026	0.00000	0.00025	39	5.0
Weissella confusa	1583	S	869	873	1742	0.00011	0.00005	0.00000	0.00005	46	4.0
Weissella cibaria	137591	S	657	660	1317	0.00008	0.00004	0.00000	0.00004	46	4.0
Weissella soli	155866	S	248	248	496	0.00003	0.00002	0.00000	0.00001	44	4.0
Lactobacillus amylolyticus	83683	S	224000	228160	452160	0.02830	0.01428	0.01448	0.01379	40	nan
Lactobacillus helveticus	1587	S	105	126	231	0.00001	0.00001	0.00000	0.00001	38	5.0
Fructilactobacillus myrtifloralis	2940301	S	95920	97205	193125	0.01209	0.00608	0.00579	0.00556	50	nan
Loigolactobacillus coryniformis	1610	S	7930	8159	16089	0.00101	0.00051	0.00000	0.00047	43	4.0
Lacticaseibacillus manihotivorans	88233	S	1303	1438	2741	0.00017	0.00009	0.00000	0.00008	48	5.0
Lacticaseibacillus paracasei	1597	S	574	854	1428	0.00009	0.00005	0.00000	0.00005	47	4.0
Leuconostoc lactis	1246	S	1598	1636	3234	0.00020	0.00010	0.00000	0.00009	44	4.0
Leuconostoc citreum	33964	S	250	292	542	0.00003	0.00002	0.00000	0.00002	39	4.0
Leuconostoc mesenteroides	1245	S	127	131	258	0.00002	0.00001	0.00000	0.00001	38	4.0
Limosilactobacillus fermentum	1613	S	1011	1087	2098	0.00013	0.00007	0.00000	0.00006	54	4.0
Limosilactobacillus reuteri	1598	S	275	315	590	0.00004	0.00002	0.00000	0.00002	40	5.0
Limosilactobacillus mucosae	97478	S	101	110	211	0.00001	0.00001	0.00000	0.00001	48	4.0
Lactiplantibacillus plantarum	1590	S	537	650	1187	0.00007	0.00004	0.00000	0.00004	45	4.0
Lactiplantibacillus paraplantarum	60520	S	226	235	461	0.00003	0.00001	0.00000	0.00001	45	4.0
Pediococcus damnosus	51663	S	572	592	1164	0.00007	0.00004	0.00000	0.00004	38	4.0
Pediococcus pentosaceus	1255	S	266	269	535	0.00003	0.00002	0.00000	0.00002	38	5.0
Levilactobacillus brevis	1580	S	592	639	1231	0.00008	0.00004	0.00000	0.00004	47	4.0
Lentilactobacillus hilgardii	1588	S	534	538	1072	0.00007	0.00003	0.00000	0.00003	41	5.0
Latilactobacillus curvatus	28038	S	515	520	1035	0.00006	0.00003	0.00000	0.00003	43	5.0
Ligilactobacillus acidipiscis	89059	S	138	138	276	0.00002	0.00001	0.00000	0.00001	40	4.0
Ligilactobacillus salivarius	1624	S	121	127	248	0.00002	0.00001	0.00000	0.00001	33	4.0
Streptococcus sp. D7B5	3038077	S	16262	23483	39745	0.00249	0.00147	0.00142	0.00137	43	nan
Streptococcus agalactiae	1311	S	408	1322	1730	0.00011	0.00008	0.00000	0.00008	40	5.0
Streptococcus oralis	1303	S	175	195	370	0.00002	0.00001	0.00001	0.00001	43	nan
Streptococcus parasuis	1501662	S	165	182	347	0.00002	0.00001	0.00000	0.00001	40	5.0
Clostridium intestinale	36845	S	204660	204877	409537	0.02564	0.01282	0.01564	0.01510	30	nan
Clostridium drakei	332101	S	28785	30585	59370	0.00372	0.00191	0.00240	0.00234	29	nan
Clostridium carboxidivorans	217159	S	18708	19327	38035	0.00238	0.00121	0.00149	0.00146	31	nan
Peptoniphilus ivorii	54006	S	97414	97568	194982	0.01221	0.00611	0.00584	0.00562	56	nan
Pontimonas salivibrio	1159327	S	842996	843415	1686411	0.10556	0.05280	0.05119	0.04914	58	nan
Curtobacterium sp. TXMA1	2876939	S	95848	100761	196609	0.01231	0.00631	0.00900	0.00880	73	nan
Brachybacterium sp. P6-10-X1	1903186	S	84338	84535	168873	0.01057	0.00529	0.00718	0.00705	71	nan
Rothia sp. SD9660Na	3047030	S	10470	10544	21014	0.00132	0.00066	0.00066	0.00064	62	nan
Paeniglutamicibacter sp. ZC-3	2986919	S	4347	4529	8876	0.00056	0.00028	0.00000	0.00030	66	5.0
Paeniglutamicibacter sp. Y32M11	2853258	S	1107	1163	2270	0.00014	0.00007	0.00000	0.00007	62	4.0
Arthrobacter sp.	1667	S	233	443	676	0.00004	0.00003	0.00000	0.00003	63	4.0
Arthrobacter sp. YC-RL1	1652545	S	130	261	391	0.00002	0.00002	0.00000	0.00002	66	4.0
Glutamicibacter creatinolyticus	162496	S	140	147	287	0.00002	0.00001	0.00000	0.00001	67	5.0
Glutamicibacter protophormiae	37930	S	125	541	666	0.00004	0.00003	0.00000	0.00004	68	5.0
Streptomyces sp. ADI95-16	1522758	S	277106	313621	590727	0.03698	0.01963	0.02815	0.02843	73	nan
Streptomyces sp. A10(2020)	2782013	S	60150	252681	312831	0.01958	0.01582	0.02608	0.02469	74	nan
Streptomyces sp. YPW6	2840373	S	14744	15793	30537	0.00191	0.00099	0.00139	0.00143	73	nan
Streptomyces sp. FR-008	206662	S	4750	15783	20533	0.00129	0.00099	0.00163	0.00154	74	nan
Streptomyces sp. NA13	2996051	S	124	280	404	0.00003	0.00002	0.00003	0.00003	74	nan
Streptomyces halobius	2879846	S	68793	69390	138183	0.00865	0.00434	0.00573	0.00556	70	nan
Streptomyces actuosus	1885	S	55615	57169	112784	0.00706	0.00358	0.00529	0.00531	73	nan
Streptomyces tubercidicus	47759	S	21401	22305	43706	0.00274	0.00140	0.00184	0.00187	71	nan
Streptomyces koyangensis	188770	S	427	487	914	0.00006	0.00003	0.00005	0.00005	74	nan
Streptomyces albidoflavus	1886	S	338	1080	1418	0.00009	0.00007	0.00011	0.00011	74	nan
Streptomyces rutgersensis	53451	S	336	348	684	0.00004	0.00002	0.00003	0.00003	74	nan
Streptomyces venezuelae	54571	S	144	173	317	0.00002	0.00001	0.00002	0.00002	73	nan
Kitasatospora fiedleri	2991545	S	36353	37152	73505	0.00460	0.00233	0.00341	0.00389	75	nan
Varibaculum prostatecancerukia	2811781	S	483641	484921	968562	0.06063	0.03035	0.02864	0.02744	54	nan
Schaalia sp. JY-X169	2758572	S	30656	30659	61315	0.00384	0.00192	0.00188	0.00181	59	nan
Corynebacterium caspium	234828	S	124346	124482	248828	0.01558	0.00779	0.00727	0.00697	49	nan
Corynebacterium accolens	38284	S	107674	122031	229705	0.01438	0.00764	0.00761	0.00734	61	nan
Corynebacterium segmentosum	43990	S	2284	4883	7167	0.00045	0.00031	0.00032	0.00029	60	nan
Corynebacterium macginleyi	38290	S	881	886	1767	0.00011	0.00006	0.00000	0.00005	58	5.0
Corynebacterium tuberculostearicum	38304	S	447	462	909	0.00006	0.00003	0.00000	0.00003	60	5.0
Corynebacterium hadale	2026255	S	113	129	242	0.00002	0.00001	0.00000	0.00001	67	5.0
Nocardia tengchongensis	2055889	S	25530	25598	51128	0.00320	0.00160	0.00197	0.00190	69	nan
Rhodococcus qingshengii	334542	S	4010	14321	18331	0.00115	0.00090	0.00091	0.00089	63	nan
Rhodococcus erythropolis	1833	S	105	267	372	0.00002	0.00002	0.00002	0.00002	63	nan
Rhodococcus sp. 3-2	2890836	S	142	382	524	0.00003	0.00002	0.00000	0.00002	61	5.0
Mycobacterium mantenii	560555	S	10731	10908	21639	0.00135	0.00068	0.00080	0.00077	67	nan
Micromonospora sp. LH3U1	3018339	S	14901	16150	31051	0.00194	0.00101	0.00000	0.00135	71	5.0
Micromonospora sp. WMMD964	3016091	S	1773	3698	5471	0.00034	0.00023	0.00036	0.00032	72	nan
Micromonospora sp. WMMD1155	3016094	S	1544	3003	4547	0.00028	0.00019	0.00028	0.00026	72	nan
Micromonospora sp. WMMD812	3015152	S	734	778	1512	0.00009	0.00005	0.00000	0.00007	74	5.0
Micromonospora sp. WMMC415	2675222	S	354	372	726	0.00005	0.00002	0.00000	0.00003	73	5.0
Micromonospora sp. HUAS 3	3028804	S	275	289	564	0.00004	0.00002	0.00000	0.00003	73	5.0
Micromonospora sp. WMMD882	3015151	S	242	253	495	0.00003	0.00002	0.00000	0.00002	75	5.0
Verrucosispora sp. NA02020	2742132	S	229	247	476	0.00003	0.00002	0.00000	0.00002	72	5.0
Verrucosispora sp. WMMD1129	3016093	S	225	250	475	0.00003	0.00002	0.00002	0.00002	71	nan
Micromonospora sp. NBRC 110009	3061627	S	216	242	458	0.00003	0.00002	0.00003	0.00002	73	nan
Micromonospora sp. WMMD998	3016092	S	189	243	432	0.00003	0.00002	0.00000	0.00002	74	5.0
Micromonospora sp. HM134	2583243	S	183	233	416	0.00003	0.00001	0.00000	0.00002	73	5.0
Micromonospora sp. HUAS LYJ1	3061626	S	172	213	385	0.00002	0.00001	0.00000	0.00002	73	5.0
Verrucosispora sp. WMMC514	3015156	S	165	204	369	0.00002	0.00001	0.00002	0.00002	72	nan
Verrucosispora sp. WMMA2044	3016419	S	159	199	358	0.00002	0.00001	0.00002	0.00002	72	nan
Verrucosispora sp. WMMD573	3015149	S	150	166	316	0.00002	0.00001	0.00001	0.00001	71	nan
Micromonospora sp. WMMD712	3016096	S	150	352	502	0.00003	0.00002	0.00000	0.00003	73	5.0
Micromonospora sp. WMMD987	3016089	S	147	219	366	0.00002	0.00001	0.00000	0.00002	73	5.0
Micromonospora sp. WMMA1947	3015163	S	135	218	353	0.00002	0.00001	0.00000	0.00002	73	5.0
Micromonospora sp. WMMA1976	3014995	S	125	223	348	0.00002	0.00001	0.00000	0.00002	73	5.0
Micromonospora sp. B006	2201999	S	115	177	292	0.00002	0.00001	0.00000	0.00002	73	5.0
Micromonospora zamorensis	709883	S	7467	8290	15757	0.00099	0.00052	0.00073	0.00071	72	nan
Micromonospora chokoriensis	356851	S	3616	4189	7805	0.00049	0.00026	0.00041	0.00036	72	nan
Micromonospora coriariae	285665	S	2847	3084	5931	0.00037	0.00019	0.00029	0.00027	72	nan
Micromonospora profundi	1420889	S	1966	2071	4037	0.00025	0.00013	0.00018	0.00017	71	nan
Micromonospora krabiensis	307121	S	637	676	1313	0.00008	0.00004	0.00000	0.00006	73	5.0
Micromonospora purpureochromogenes	47872	S	269	298	567	0.00004	0.00002	0.00000	0.00003	73	5.0
Micromonospora echinofusca	47858	S	259	279	538	0.00003	0.00002	0.00000	0.00003	74	5.0
Micromonospora echinaurantiaca	47857	S	256	280	536	0.00003	0.00002	0.00000	0.00003	74	5.0
Micromonospora maris	1003110	S	239	249	488	0.00003	0.00002	0.00000	0.00002	72	5.0
Micromonospora coxensis	356852	S	209	234	443	0.00003	0.00001	0.00000	0.00002	74	5.0
Micromonospora inositola	47865	S	200	222	422	0.00003	0.00001	0.00000	0.00002	73	5.0
Micromonospora endophytica	515350	S	197	206	403	0.00003	0.00001	0.00002	0.00002	72	nan
Micromonospora siamensis	299152	S	187	204	391	0.00002	0.00001	0.00000	0.00002	74	5.0
Micromonospora narathiwatensis	299146	S	180	199	379	0.00002	0.00001	0.00000	0.00002	74	5.0
Micromonospora echinospora	1877	S	161	172	333	0.00002	0.00001	0.00000	0.00002	73	5.0
Micromonospora halotolerans	709879	S	157	184	341	0.00002	0.00001	0.00000	0.00002	73	5.0
Micromonospora auratinigra	261654	S	151	169	320	0.00002	0.00001	0.00000	0.00002	74	5.0
Micromonospora sagamiensis	47875	S	148	158	306	0.00002	0.00001	0.00000	0.00001	73	5.0
Micromonospora viridifaciens	1881	S	136	149	285	0.00002	0.00001	0.00000	0.00001	72	5.0
Micromonospora ferruginea	2749844	S	132	157	289	0.00002	0.00001	0.00000	0.00002	74	5.0
Micromonospora carbonacea	47853	S	116	282	398	0.00002	0.00002	0.00000	0.00003	73	5.0
Micromonospora terminaliae	1914461	S	114	133	247	0.00002	0.00001	0.00000	0.00001	74	5.0
Bifidobacterium sp. ESL0798	2983235	S	37971	43131	81102	0.00508	0.00270	0.00271	0.00253	60	nan
Crinalium epipsammum	241425	S	149176	149184	298360	0.01868	0.00934	0.00910	0.00877	40	nan
Kovacikia minuta	2931930	S	121045	121052	242097	0.01515	0.00758	0.00702	0.00679	51	nan
Mycoplasmopsis californica	2113	S	54557	54780	109337	0.00684	0.00343	0.00409	0.00399	31	nan
Mycoplasma sp. 1654_15	2725994	S	14270	14299	28569	0.00179	0.00090	0.00119	0.00131	25	nan
Citrobacter sp. RHB25-C09	2742624	S	320	325	645	0.00004	0.00002	0.00000	0.00002	55	5.0
Citrobacter sp. MGH 55	1439319	S	317	720	1037	0.00006	0.00005	0.00004	0.00004	55	nan
Citrobacter sp. RHB20-C16	2742621	S	223	486437	486660	0.03046	0.03045	0.02819	0.02777	55	nan
Citrobacter sp. CFNIH10	1920110	S	152	632	784	0.00005	0.00004	0.00004	0.00004	55	nan
Citrobacter sp. RHB35-C17	2742625	S	123	469	592	0.00004	0.00003	0.00003	0.00003	55	nan
Citrobacter amalonaticus	35703	S	1732	4278	6010	0.00038	0.00027	0.00025	0.00024	55	nan
Citrobacter farmeri	67824	S	1348	1434	2782	0.00017	0.00009	0.00008	0.00008	55	nan
Citrobacter freundii complex sp. CFNIH2	2066049	S	364	519	883	0.00006	0.00003	0.00003	0.00003	55	nan
Citrobacter freundii	546	S	298	806	1104	0.00007	0.00005	0.00000	0.00005	55	5.0
Citrobacter portucalensis	1639133	S	144	233	377	0.00002	0.00001	0.00000	0.00001	54	5.0
Citrobacter braakii	57706	S	111	522	633	0.00004	0.00003	0.00003	0.00003	55	nan
Citrobacter rodentium	67825	S	268	336	604	0.00004	0.00002	0.00000	0.00002	57	5.0
Citrobacter koseri	545	S	147	924	1071	0.00007	0.00006	0.00005	0.00005	55	nan
Enterobacter sp. SA187	1914861	S	58102	58770	116872	0.00732	0.00368	0.00359	0.00343	58	nan
Enterobacter cancerogenus	69218	S	54166	55682	109848	0.00688	0.00349	0.00328	0.00324	58	nan
Candidatus Blochmannia herculeanus	108080	S	59888	60533	120421	0.00754	0.00379	0.00436	0.00476	32	nan
Klebsiella pneumoniae	573	S	159	529	688	0.00004	0.00003	0.00000	0.00003	57	5.0
Escherichia coli	562	S	251	2494	2745	0.00017	0.00016	0.00000	0.00014	55	5.0
Plesiomonas shigelloides	703	S	212	212	424	0.00003	0.00001	0.00000	0.00001	54	4.0
Salmonella enterica	28901	S	130	854	984	0.00006	0.00005	0.00000	0.00005	55	5.0
Tatumella ptyseos	82987	S	185637	186283	371920	0.02328	0.01166	0.00000	0.01053	50	5.0
[Mannheimia] succiniciproducens	157673	S	244919	325610	570529	0.03571	0.02038	0.01959	0.01890	44	nan
Basfia succiniciproducens	653940	S	135	180	315	0.00002	0.00001	0.00001	0.00001	44	nan
Haemophilus aegyptius	197575	S	20441	79965	100406	0.00629	0.00501	0.00499	0.00483	39	nan
Haemophilus influenzae	727	S	1803	33200	35003	0.00219	0.00208	0.00207	0.00200	39	nan
Haemophilus haemolyticus	726	S	397	418	815	0.00005	0.00003	0.00003	0.00003	39	nan
Haemophilus parainfluenzae	729	S	159	161	320	0.00002	0.00001	0.00000	0.00001	40	5.0
Gilvimarinus sp. DA14	2956798	S	434099	434174	868273	0.05435	0.02718	0.02578	0.02461	55	nan
Thiomicrospira cyclica	147268	S	355806	356229	712035	0.04457	0.02230	0.02086	0.02006	46	nan
Acinetobacter ursingii	108980	S	175170	217981	393151	0.02461	0.01364	0.01388	0.01294	41	nan
Acinetobacter sp. Colony158	2810070	S	28924	38494	67418	0.00422	0.00241	0.00237	0.00227	41	nan
Acinetobacter sp. KCTC 92772	3045147	S	377	405	782	0.00005	0.00003	0.00000	0.00002	43	5.0
Acinetobacter sp. C32I	2950074	S	269	299	568	0.00004	0.00002	0.00002	0.00002	42	nan
Acinetobacter sp. Z1	2953738	S	212	229	441	0.00003	0.00001	0.00000	0.00001	40	5.0
Acinetobacter sp. TGL-Y2	1407071	S	200	201	401	0.00003	0.00001	0.00000	0.00001	41	5.0
Acinetobacter sp. NEB 394	2743575	S	190	319	509	0.00003	0.00002	0.00002	0.00002	42	nan
Acinetobacter sp. C16S1	2609668	S	166	179	345	0.00002	0.00001	0.00001	0.00001	40	nan
Acinetobacter sp. SCLZS86	2908637	S	156	212	368	0.00002	0.00001	0.00001	0.00001	41	nan
Acinetobacter sp. CS-2	2798861	S	148	162	310	0.00002	0.00001	0.00001	0.00001	42	nan
Acinetobacter sp. NCu2D-2	1608473	S	136	144	280	0.00002	0.00001	0.00001	0.00001	41	nan
Acinetobacter sp. GSS19	3020716	S	136	138	274	0.00002	0.00001	0.00000	0.00001	46	4.0
Acinetobacter sp. ESL0695	2983215	S	135	136	271	0.00002	0.00001	0.00000	0.00001	37	4.0
Acinetobacter sp. WCHAc010034	1879049	S	126	135	261	0.00002	0.00001	0.00000	0.00001	54	5.0
Acinetobacter sp. ACNIH2	1758189	S	119	644	763	0.00005	0.00004	0.00004	0.00004	41	nan
Acinetobacter sp. LUNF3	2925837	S	112	264	376	0.00002	0.00002	0.00002	0.00002	42	nan
Acinetobacter sp. WCHA55	2004646	S	108	124	232	0.00001	0.00001	0.00001	0.00001	41	nan
Acinetobacter sp. TTH0-4	1646498	S	107	111	218	0.00001	0.00001	0.00000	0.00001	40	5.0
Acinetobacter septicus	465797	S	24033	35618	59651	0.00373	0.00223	0.00224	0.00211	41	nan
Acinetobacter pittii	48296	S	1203	1943	3146	0.00020	0.00012	0.00012	0.00012	40	nan
Acinetobacter baumannii	470	S	976	3239	4215	0.00026	0.00020	0.00021	0.00019	41	nan
Acinetobacter nosocomialis	106654	S	732	1158	1890	0.00012	0.00007	0.00000	0.00007	40	5.0
Acinetobacter seifertii	1530123	S	593	774	1367	0.00009	0.00005	0.00005	0.00005	40	nan
Acinetobacter calcoaceticus	471	S	288	305	593	0.00004	0.00002	0.00000	0.00002	40	5.0
Acinetobacter johnsonii	40214	S	923	1014	1937	0.00012	0.00006	0.00000	0.00006	43	5.0
Acinetobacter baylyi	202950	S	581	605	1186	0.00007	0.00004	0.00004	0.00004	41	nan
Acinetobacter colistiniresistens	280145	S	541	548	1089	0.00007	0.00003	0.00000	0.00003	43	5.0
Acinetobacter wuhouensis	1879050	S	481	497	978	0.00006	0.00003	0.00000	0.00003	40	5.0
Acinetobacter haemolyticus	29430	S	439	461	900	0.00006	0.00003	0.00003	0.00003	41	nan
Acinetobacter indicus	756892	S	343	355	698	0.00004	0.00002	0.00000	0.00002	48	5.0
Acinetobacter vivianii	1776742	S	335	337	672	0.00004	0.00002	0.00000	0.00002	44	5.0
Acinetobacter shaoyimingii	2715164	S	223	223	446	0.00003	0.00001	0.00000	0.00001	40	4.0
Acinetobacter radioresistens	40216	S	223	226	449	0.00003	0.00001	0.00000	0.00001	44	5.0
Acinetobacter junii	40215	S	215	280	495	0.00003	0.00002	0.00000	0.00002	40	5.0
Acinetobacter soli	487316	S	213	242	455	0.00003	0.00002	0.00000	0.00001	43	5.0
Acinetobacter piscicola	2006115	S	208	215	423	0.00003	0.00001	0.00000	0.00001	39	5.0
Acinetobacter venetianus	52133	S	184	190	374	0.00002	0.00001	0.00000	0.00001	40	5.0
Acinetobacter lanii	2715163	S	173	173	346	0.00002	0.00001	0.00000	0.00001	43	5.0
Acinetobacter schindleri	108981	S	168	175	343	0.00002	0.00001	0.00000	0.00001	45	5.0
Acinetobacter dispersus	70348	S	166	168	334	0.00002	0.00001	0.00001	0.00001	41	nan
Acinetobacter lwoffii	28090	S	162	198	360	0.00002	0.00001	0.00000	0.00001	44	5.0
Acinetobacter cumulans	2136182	S	159	161	320	0.00002	0.00001	0.00001	0.00001	41	nan
Acinetobacter defluvii	1871111	S	149	156	305	0.00002	0.00001	0.00000	0.00001	40	5.0
Acinetobacter larvae	1789224	S	136	136	272	0.00002	0.00001	0.00000	0.00001	43	5.0
Acinetobacter wanghuae	2662362	S	130	130	260	0.00002	0.00001	0.00001	0.00001	43	nan
Acinetobacter tibetensis	2943497	S	126	127	253	0.00002	0.00001	0.00001	0.00001	41	nan
Acinetobacter towneri	202956	S	124	152	276	0.00002	0.00001	0.00001	0.00001	42	nan
Acinetobacter proteolyticus	1776741	S	120	126	246	0.00002	0.00001	0.00001	0.00001	42	nan
Acinetobacter variabilis	70346	S	116	136	252	0.00002	0.00001	0.00000	0.00001	44	5.0
Acinetobacter bereziniae	106648	S	109	126	235	0.00001	0.00001	0.00000	0.00001	39	5.0
Pseudomonas sp. 7SR1	1881017	S	68329	70135	138464	0.00867	0.00439	0.00450	0.00436	63	nan
Pseudomonas sp. FP453	2954094	S	50334	54442	104776	0.00656	0.00341	0.00348	0.00336	63	nan
Pseudomonas sp. PSE14	3016341	S	24708	25938	50646	0.00317	0.00162	0.00179	0.00173	67	nan
Pseudomonas sp. MM213	2866807	S	2013	2448	4461	0.00028	0.00015	0.00000	0.00015	61	5.0
Pseudomonas sp. 31-12	2201356	S	1028	1110	2138	0.00013	0.00007	0.00007	0.00007	61	nan
Pseudomonas sp. ACM7	2052956	S	623	695	1318	0.00008	0.00004	0.00004	0.00004	60	nan
Pseudomonas sp. MPC6	2498848	S	507	533	1040	0.00007	0.00003	0.00000	0.00003	62	5.0
Pseudomonas sp. B21-040	2895486	S	464	484	948	0.00006	0.00003	0.00000	0.00003	61	5.0
Pseudomonas sp. DR48	2871095	S	437	477	914	0.00006	0.00003	0.00000	0.00003	60	5.0
Pseudomonas sp. URMO17WK12:I11	1283291	S	413	580	993	0.00006	0.00004	0.00000	0.00004	62	5.0
Pseudomonas sp. WJP1	2986947	S	305	320	625	0.00004	0.00002	0.00000	0.00002	62	5.0
Pseudomonas sp. B21-015	2895473	S	305	332	637	0.00004	0.00002	0.00002	0.00002	61	nan
Pseudomonas sp. N3-W	2975049	S	288	298	586	0.00004	0.00002	0.00000	0.00002	61	5.0
Pseudomonas sp. S34	1573718	S	272	288	560	0.00004	0.00002	0.00000	0.00002	62	5.0
Pseudomonas sp. B21-053	2895493	S	242	269	511	0.00003	0.00002	0.00000	0.00002	61	5.0
Pseudomonas sp. PP3	2815936	S	224	245	469	0.00003	0.00002	0.00000	0.00001	61	5.0
Pseudomonas sp. FP1742	2954079	S	213	259	472	0.00003	0.00002	0.00002	0.00002	61	nan
Pseudomonas sp. NIBR-H-19	2901380	S	211	223	434	0.00003	0.00001	0.00000	0.00001	60	5.0
Pseudomonas sp. B21-048	2895490	S	211	230	441	0.00003	0.00001	0.00001	0.00001	60	nan
Pseudomonas sp. DTU12.3	2073078	S	185	199	384	0.00002	0.00001	0.00000	0.00001	61	5.0
Pseudomonas sp. Seg1	2678259	S	174	186	360	0.00002	0.00001	0.00000	0.00001	61	5.0
Pseudomonas sp. B21-054	2895494	S	132	146	278	0.00002	0.00001	0.00000	0.00001	62	5.0
Pseudomonas sp. FP1740	2954078	S	127	209	336	0.00002	0.00001	0.00000	0.00001	62	5.0
Pseudomonas sp. A34-9	3034675	S	125	138	263	0.00002	0.00001	0.00001	0.00001	61	nan
Pseudomonas sp. PMCC200344	3042028	S	122	330	452	0.00003	0.00002	0.00000	0.00002	62	5.0
Pseudomonas sp. B21-019	2895475	S	121	182	303	0.00002	0.00001	0.00000	0.00001	61	5.0
Pseudomonas sp. PMCC200367	3042029	S	107	296	403	0.00003	0.00002	0.00000	0.00002	62	5.0
Pseudomonas sp. FP2196	2954086	S	105	111	216	0.00001	0.00001	0.00001	0.00001	61	nan
Pseudomonas sp. MRSN 12121	1611770	S	101	147	248	0.00002	0.00001	0.00000	0.00001	64	4.0
Pseudomonas hormoni	3093767	S	18684	19868	38552	0.00241	0.00124	0.00123	0.00118	61	nan
Pseudomonas fluorescens	294	S	12178	13323	25501	0.00160	0.00083	0.00082	0.00079	61	nan
Pseudomonas migulae	78543	S	1396	1710	3106	0.00019	0.00011	0.00000	0.00010	61	5.0
Pseudomonas mandelii	75612	S	478	1039	1517	0.00009	0.00007	0.00000	0.00006	61	5.0
Pseudomonas rhodesiae	76760	S	166	179	345	0.00002	0.00001	0.00000	0.00001	62	5.0
Pseudomonas mediterranea	183795	S	121	135	256	0.00002	0.00001	0.00000	0.00001	63	4.0
Pseudomonas granadensis	1421430	S	109	127	236	0.00001	0.00001	0.00000	0.00001	62	5.0
Pseudomonas syringae	317	S	458	664	1122	0.00007	0.00004	0.00000	0.00004	61	5.0
Pseudomonas chlororaphis	587753	S	372	572	944	0.00006	0.00004	0.00000	0.00004	64	5.0
Pseudomonas umsongensis	198618	S	578	602	1180	0.00007	0.00004	0.00000	0.00004	61	5.0
Pseudomonas arsenicoxydans	702115	S	506	540	1046	0.00007	0.00003	0.00000	0.00003	60	5.0
Pseudomonas putida	303	S	417	784	1201	0.00008	0.00005	0.00000	0.00005	63	5.0
Pseudomonas frederiksbergensis	104087	S	488	557	1045	0.00007	0.00003	0.00004	0.00003	61	nan
Pseudomonas silesiensis	1853130	S	321	336	657	0.00004	0.00002	0.00000	0.00002	61	5.0
Pseudomonas izuensis	2684212	S	238	246	484	0.00003	0.00002	0.00000	0.00001	61	5.0
Pseudomonas reinekei	395598	S	216	233	449	0.00003	0.00001	0.00000	0.00001	61	5.0
Pseudomonas brassicacearum	930166	S	212	395	607	0.00004	0.00002	0.00000	0.00002	62	5.0
Pseudomonas aeruginosa	287	S	131	362	493	0.00003	0.00002	0.00000	0.00002	64	4.0
Pseudomonas prosekii	1148509	S	170	175	345	0.00002	0.00001	0.00000	0.00001	61	5.0
Pseudomonas lini	163011	S	170	185	355	0.00002	0.00001	0.00001	0.00001	60	nan
Pseudomonas vancouverensis	95300	S	146	150	296	0.00002	0.00001	0.00000	0.00001	62	5.0
Pseudomonas nunensis	2961896	S	125	137	262	0.00002	0.00001	0.00000	0.00001	61	5.0
Shewanella sp. SNU WT4	2590015	S	56584	56850	113434	0.00710	0.00356	0.00333	0.00320	46	nan
Shewanella sp. FJAT-52076	2864202	S	100	113	213	0.00001	0.00001	0.00000	0.00001	55	5.0
Shewanella chilikensis	558541	S	32795	38148	70943	0.00444	0.00239	0.00226	0.00217	55	nan
Shewanella algae	38313	S	9856	10346	20202	0.00126	0.00065	0.00000	0.00059	55	5.0
Shewanella indica	768528	S	2259	2545	4804	0.00030	0.00016	0.00000	0.00014	55	5.0
Shewanella carassii	1987584	S	658	723	1381	0.00009	0.00005	0.00004	0.00004	54	nan
Pseudoalteromonas espejiana	28107	S	29809	30284	60093	0.00376	0.00190	0.00185	0.00177	41	nan
Vibrio sp. sp1	2766781	S	14536	100597	115133	0.00721	0.00630	0.00591	0.00568	46	nan
Vibrio alginolyticus	663	S	838	2237	3075	0.00019	0.00014	0.00013	0.00013	46	nan
Vibrio parahaemolyticus	670	S	365	447	812	0.00005	0.00003	0.00003	0.00003	46	nan
Vibrio diabolicus	50719	S	173	352	525	0.00003	0.00002	0.00002	0.00002	46	nan
Methylomarinovum sp. IN45	2840183	S	100555	100699	201254	0.01260	0.00630	0.00692	0.00660	65	nan
Lysobacter oculi	2698682	S	93075	93470	186545	0.01168	0.00585	0.00700	0.00663	68	nan
Halomonas qaidamensis	2866211	S	5287	8400	13687	0.00086	0.00053	0.00050	0.00047	52	nan
Wolbachia endosymbiont of Chironomus riparius	2883238	S	26353	26357	52710	0.00330	0.00165	0.00198	0.00194	29	nan
Wolbachia endosymbiont of Culex quinquefasciatus	263437	S	6390	28613	35003	0.00219	0.00179	0.00190	0.00186	34	nan
Wolbachia endosymbiont (group B) of Nymphalis c-album	2954034	S	1178	116554	117732	0.00737	0.00730	0.00775	0.00758	35	nan
Wolbachia endosymbiont of Trichogramma pretiosum	125593	S	290	302	592	0.00004	0.00002	0.00002	0.00002	33	nan
Wolbachia endosymbiont of Anopheles demeilloni	2748871	S	180	213	393	0.00002	0.00001	0.00001	0.00001	33	nan
Wolbachia endosymbiont of Diaphorina citri	116598	S	140	193	333	0.00002	0.00001	0.00001	0.00001	34	nan
Wolbachia endosymbiont of Oedothorax gibbosus	931100	S	131	142	273	0.00002	0.00001	0.00000	0.00001	34	5.0
Wolbachia endosymbiont of Bemisia tabaci	215173	S	102	148	250	0.00002	0.00001	0.00001	0.00001	34	nan
Wolbachia pipientis	955	S	280	593	873	0.00005	0.00004	0.00004	0.00004	34	nan
Ehrlichia chaffeensis	945	S	140053	140297	280350	0.01755	0.00878	0.01050	0.01040	30	nan
Anaplasma marginale	770	S	125175	131928	257103	0.01609	0.00826	0.00756	0.00736	50	nan
Rickettsia asembonensis	1068590	S	27055	28634	55689	0.00349	0.00179	0.00216	0.00200	32	nan
Rickettsia tillamookensis	2761623	S	19533	20958	40491	0.00253	0.00131	0.00150	0.00146	32	nan
Rickettsia felis	42862	S	7279	7282	14561	0.00091	0.00046	0.00049	0.00048	33	nan
Rickettsia australis	787	S	4604	4818	9422	0.00059	0.00030	0.00035	0.00033	33	nan
Rickettsia akari	786	S	2269	2328	4597	0.00029	0.00015	0.00017	0.00016	33	nan
Rickettsia amblyommatis	33989	S	1042	1213	2255	0.00014	0.00008	0.00008	0.00008	31	nan
Rickettsia conorii	781	S	778	1185	1963	0.00012	0.00007	0.00008	0.00008	32	nan
Rickettsia monacensis	109232	S	765	979	1744	0.00011	0.00006	0.00007	0.00007	31	nan
Rickettsia endosymbiont of Ixodes scapularis	444612	S	720	954	1674	0.00010	0.00006	0.00007	0.00007	32	nan
Rickettsia asiatica	238800	S	612	853	1465	0.00009	0.00005	0.00006	0.00006	32	nan
Rickettsia helvetica	35789	S	540	736	1276	0.00008	0.00005	0.00005	0.00005	31	nan
Rickettsia rhipicephali	33992	S	482	765	1247	0.00008	0.00005	0.00005	0.00005	32	nan
Rickettsia montanensis	33991	S	340	436	776	0.00005	0.00003	0.00003	0.00003	31	nan
Rickettsia massiliae	35791	S	253	376	629	0.00004	0.00002	0.00003	0.00003	31	nan
Rickettsia parkeri	35792	S	182	389	571	0.00004	0.00002	0.00003	0.00003	32	nan
Rickettsia rickettsii	783	S	150	4593	4743	0.00030	0.00029	0.00032	0.00032	32	nan
Rickettsia africae	35788	S	148	255	403	0.00003	0.00002	0.00002	0.00002	31	nan
Rickettsia sibirica	35793	S	126	239	365	0.00002	0.00002	0.00002	0.00002	31	nan
Rickettsia peacockii	47589	S	115	197	312	0.00002	0.00001	0.00001	0.00001	31	nan
Rickettsia endosymbiont of Ceutorhynchus assimilis	2884482	S	114	121	235	0.00001	0.00001	0.00000	0.00001	34	4.0
Rickettsia endosymbiont of Bemisia tabaci	337479	S	112	116	228	0.00001	0.00001	0.00000	0.00001	34	4.0
Roseobacter denitrificans	2434	S	305908	306412	612320	0.03833	0.01918	0.01878	0.01810	60	nan
Paracoccus marcusii	59779	S	44787	48182	92969	0.00582	0.00302	0.00000	0.00340	68	5.0
Paracoccus sp. Arc7-R13	2500532	S	13518	15475	28993	0.00181	0.00097	0.00000	0.00109	67	5.0
Paracoccus liaowanqingii	2560053	S	725	726	1451	0.00009	0.00005	0.00000	0.00005	68	5.0
Paracoccus aestuarii	453842	S	553	555	1108	0.00007	0.00003	0.00000	0.00004	69	5.0
Paracoccus yeei	147645	S	251	278	529	0.00003	0.00002	0.00000	0.00002	68	5.0
Paracoccus sanguinis	1545044	S	131	132	263	0.00002	0.00001	0.00000	0.00001	72	4.0
Paracoccus zhejiangensis	1077935	S	129	131	260	0.00002	0.00001	0.00000	0.00001	67	4.0
Haematobacter massiliensis	195105	S	103	105	208	0.00001	0.00001	0.00000	0.00001	66	4.0
Bartonella sp. Coyote22sub2	1933911	S	1445	124954	126399	0.00791	0.00782	0.00818	0.00793	39	nan
Bartonella sp. 1-1C	515256	S	469	495	964	0.00006	0.00003	0.00003	0.00003	37	nan
Bradyrhizobium sp. SEMIA	2597515	S	24589	108714	133303	0.00834	0.00681	0.00715	0.00697	65	nan
Bradyrhizobium sp. CB2312	3039155	S	176	190	366	0.00002	0.00001	0.00000	0.00001	65	5.0
Bradyrhizobium diazoefficiens	1355477	S	257	385	642	0.00004	0.00002	0.00002	0.00002	65	nan
Bradyrhizobium arachidis	858423	S	162	250	412	0.00003	0.00002	0.00000	0.00002	65	5.0
Bradyrhizobium japonicum	375	S	124	166	290	0.00002	0.00001	0.00000	0.00001	65	5.0
Labrenzia sp. VG12	2021862	S	82987	83323	166310	0.01041	0.00522	0.00520	0.00499	61	nan
Novosphingobium resinovorum	158500	S	174930	178980	353910	0.02215	0.01120	0.00000	0.01182	66	5.0
Novosphingobium kaempferiae	2896849	S	7616	7658	15274	0.00096	0.00048	0.00057	0.00052	67	nan
Novosphingobium sp. P6W	1609758	S	3900	3971	7871	0.00049	0.00025	0.00000	0.00025	64	5.0
Novosphingobium sp. KA1	164608	S	1105	1365	2470	0.00015	0.00009	0.00000	0.00009	66	5.0
Novosphingobium sp. 9	2025349	S	689	702	1391	0.00009	0.00004	0.00005	0.00005	65	nan
Novosphingobium sp. PP1Y	702113	S	317	374	691	0.00004	0.00002	0.00000	0.00002	64	4.0
Novosphingobium sp. EMRT-2	2571749	S	143	153	296	0.00002	0.00001	0.00000	0.00001	66	5.0
Novosphingobium sp. THN1	1016987	S	115	137	252	0.00002	0.00001	0.00000	0.00001	64	4.0
Novosphingobium decolorationis	2698673	S	429	440	869	0.00005	0.00003	0.00000	0.00003	66	5.0
Novosphingobium pentaromativorans	205844	S	139	168	307	0.00002	0.00001	0.00000	0.00001	64	4.0
Novosphingobium aromaticivorans	48935	S	127	134	261	0.00002	0.00001	0.00000	0.00001	66	5.0
Sphingobium sp. YG1	2082188	S	141	175	316	0.00002	0.00001	0.00000	0.00001	64	4.0
Sphingobium sp. V4	3038927	S	120	125	245	0.00002	0.00001	0.00000	0.00001	64	4.0
Sphingobium sp. AP49	1144307	S	118	133	251	0.00002	0.00001	0.00000	0.00001	65	5.0
Sphingobium sp. PAMC28499	2565554	S	102	214	316	0.00002	0.00001	0.00000	0.00001	65	5.0
Sphingobium yanoikuyae	13690	S	1039	1519	2558	0.00016	0.00010	0.00000	0.00010	64	5.0
Sphingobium baderi	1332080	S	252	484	736	0.00005	0.00003	0.00000	0.00003	63	5.0
Sphingomonas sp. IC081	304378	S	1000	1290	2290	0.00014	0.00008	0.00000	0.00009	66	5.0
Sphingomonas sp. PAMB00755	3012344	S	174	186	360	0.00002	0.00001	0.00000	0.00001	67	5.0
Sphingomonas sanxanigenens	397260	S	246	333	579	0.00004	0.00002	0.00003	0.00002	67	nan
Sphingomonas panacis	1560345	S	186	202	388	0.00002	0.00001	0.00000	0.00001	65	4.0
Sphingomonas bisphenolicum	296544	S	123	146	269	0.00002	0.00001	0.00000	0.00001	65	5.0
Thalassospira sp. B30-1	2785911	S	133298	147344	280642	0.01757	0.00922	0.00873	0.00839	56	nan
Xylophilus rhododendri	2697032	S	244708	245356	490064	0.03068	0.01536	0.01936	0.01847	70	nan
Acidovorax sp. GBBC 712	2940491	S	1576	97403	98979	0.00620	0.00610	0.00777	0.00747	71	nan
Variovorax sp. RA8	662548	S	3447	3553	7000	0.00044	0.00022	0.00025	0.00025	68	nan
Paracidovorax avenae	80867	S	429	525	954	0.00006	0.00003	0.00004	0.00004	70	nan
Sutterella wadsworthensis	40545	S	57964	57976	115940	0.00726	0.00363	0.00344	0.00333	56	nan
Kerstersia gyiorum	206506	S	36299	36392	72691	0.00455	0.00228	0.00237	0.00229	64	nan
Orrella dioscoreae	1851544	S	130	130	260	0.00002	0.00001	0.00000	0.00001	68	4.0
Methylophilus sp. TWE2	1662285	S	55937	56140	112077	0.00702	0.00351	0.00328	0.00315	51	nan
Flavobacterium aestivum	3003257	S	211671	212495	424166	0.02655	0.01330	0.01464	0.01415	34	nan
Polaribacter sp. R2A056_3_33	2745563	S	107451	179404	286855	0.01796	0.01123	0.01359	0.01306	31	nan
Polaribacter sp. NJDZ03	2855841	S	171	173	344	0.00002	0.00001	0.00001	0.00001	30	nan
Polaribacter sp. Q13	2806551	S	134	134	268	0.00002	0.00001	0.00001	0.00001	31	nan
Polaribacter sp. L3A8	2686361	S	104	104	208	0.00001	0.00001	0.00001	0.00001	31	nan
Polaribacter pectinis	2738844	S	21601	21734	43335	0.00271	0.00136	0.00170	0.00162	30	nan
Lutibacter sp. A80	2918453	S	68620	69346	137966	0.00864	0.00434	0.00540	0.00527	29	nan
Chryseobacterium shandongense	1493872	S	161752	170159	331911	0.02078	0.01065	0.01091	0.01062	38	nan
Chryseobacterium sp. PCH239	2825845	S	38550	73551	112101	0.00702	0.00460	0.00475	0.00460	37	nan
Hymenobacter sp. PAMC 26628	1484118	S	271807	271922	543729	0.03404	0.01702	0.01868	0.01811	65	nan
Hymenobacter sp. APR13	1356852	S	168534	172081	340615	0.02132	0.01077	0.01128	0.01094	64	nan
Pontibacter sp. G13	3074898	S	221726	221734	443460	0.02776	0.01388	0.01293	0.01241	50	nan
Flavihumibacter fluvii	2838157	S	57725	57727	115452	0.00723	0.00361	0.00339	0.00327	44	nan
Nitrospina watsonii	1323948	S	598230	598239	1196469	0.07490	0.03745	0.03665	0.03513	59	nan
Pseudodesulfovibrio portus	231439	S	476263	476669	952932	0.05965	0.02984	0.03125	0.02968	64	nan
Campylobacter hominis	76517	S	100129	100419	200548	0.01255	0.00629	0.00731	0.00726	34	nan
Helicobacter apodemus	135569	S	42269	42343	84612	0.00530	0.00265	0.00296	0.00283	34	nan
Helicobacter typhlonius	76936	S	266	273	539	0.00003	0.00002	0.00000	0.00002	39	3.0
Helicobacter hepaticus	32025	S	165	169	334	0.00002	0.00001	0.00000	0.00001	36	4.0
Halarcobacter anaerophilus	877500	S	24617	24633	49250	0.00308	0.00154	0.00190	0.00184	30	nan
Cetobacterium somerae	188913	S	43611	43614	87225	0.00546	0.00273	0.00363	0.00350	29	nan
Borreliella bissettiae	64897	S	17960	28968	46928	0.00294	0.00181	0.00229	0.00239	27	nan
Homo sapiens	9606	S	215	215	430	0.00003	0.00001	0.00000	0.00001	38	3.0
