name	taxonomy_id	taxonomy_lvl	kraken_assigned_reads	added_reads	new_est_reads	fraction_total_reads	Bracken_estimate	GuaCAMOLE_estimate	GuaCAMOLE_est_eff	GC content	Taxon Removal Cycle
Salmonella sp. SA14318	3030529	S	70952	290070	361022	0.02073	0.01665	0.01633	0.01596	54	nan
Salmonella enterica	28901	S	26322	399210	425532	0.02443	0.02292	0.02242	0.02197	54	nan
Salmonella bongori	54736	S	1255	1612	2867	0.00016	0.00009	0.00009	0.00009	53	nan
Kosakonia arachidis	551989	S	192616	194027	386643	0.02220	0.01114	0.01094	0.01064	54	nan
Klebsiella oxytoca	571	S	155999	165653	321652	0.01847	0.00951	0.00930	0.00924	57	nan
Klebsiella sp. A52	2834819	S	2181	3291	5472	0.00031	0.00019	0.00022	0.00018	57	nan
Klebsiella pneumoniae	573	S	740	4415	5155	0.00030	0.00025	0.00000	0.00025	58	5.0
Klebsiella michiganensis	1134687	S	712	1209	1921	0.00011	0.00007	0.00000	0.00007	58	5.0
Klebsiella grimontii	2058152	S	318	991	1309	0.00008	0.00006	0.00000	0.00006	58	5.0
Klebsiella quasipneumoniae	1463165	S	232	405	637	0.00004	0.00002	0.00000	0.00002	59	5.0
Enterobacter asburiae	61645	S	205	282	487	0.00003	0.00002	0.00000	0.00002	58	5.0
Enterobacter hormaechei	158836	S	194	493	687	0.00004	0.00003	0.00000	0.00003	57	5.0
Enterobacter mori	539813	S	160	164	324	0.00002	0.00001	0.00000	0.00001	57	4.0
Escherichia coli	562	S	986	2855	3841	0.00022	0.00016	0.00000	0.00016	53	5.0
Pantoea alhagi	1891675	S	981717	987881	1969598	0.11308	0.05672	0.05523	0.05431	55	nan
Proteus vulgaris	585	S	3016	175192	178208	0.01023	0.01006	0.01114	0.01068	40	nan
Proteus terrae	1574161	S	2926	275034	277960	0.01596	0.01579	0.01748	0.01677	40	nan
Proteus sp. ZN5	2697019	S	1078	48123	49201	0.00282	0.00276	0.00306	0.00293	40	nan
Proteus sp. HZ0627	3034648	S	159	7612	7771	0.00045	0.00044	0.00048	0.00046	40	nan
Proteus sp. CD3	1921565	S	158	7307	7465	0.00043	0.00042	0.00046	0.00045	40	nan
Proteus mirabilis	584	S	1099	4116	5215	0.00030	0.00024	0.00026	0.00025	40	nan
Proteus penneri	102862	S	991	18217	19208	0.00110	0.00105	0.00116	0.00111	40	nan
Proteus columbae	1987580	S	802	25900	26702	0.00153	0.00149	0.00165	0.00158	40	nan
Proteus hauseri	183417	S	532	2417	2949	0.00017	0.00014	0.00015	0.00015	40	nan
Yersinia sp. SCPM-O-B-9106 (C-191)	2992843	S	104692	152172	256864	0.01475	0.00874	0.00857	0.00838	50	nan
Yersinia frederiksenii	29484	S	42959	52783	95742	0.00550	0.00303	0.00300	0.00290	49	nan
Yersinia kristensenii	28152	S	4340	4477	8817	0.00051	0.00026	0.00026	0.00025	49	nan
Yersinia enterocolitica	630	S	807	875	1682	0.00010	0.00005	0.00005	0.00005	48	nan
Yersinia hibernica	2339259	S	467	474	941	0.00005	0.00003	0.00003	0.00003	50	nan
Yersinia alsatica	2890317	S	425	433	858	0.00005	0.00002	0.00003	0.00002	49	nan
Yersinia pseudotuberculosis	633	S	191	281	472	0.00003	0.00002	0.00002	0.00002	49	nan
Yersinia rochesterensis	1604335	S	275	384	659	0.00004	0.00002	0.00002	0.00002	49	nan
Yersinia intermedia	631	S	157	229	386	0.00002	0.00001	0.00001	0.00001	50	nan
Yersinia massiliensis	419257	S	151	236	387	0.00002	0.00001	0.00001	0.00001	50	nan
Yersinia canariae	2607663	S	147	149	296	0.00002	0.00001	0.00001	0.00001	49	nan
Yersinia rohdei	29485	S	146	147	293	0.00002	0.00001	0.00001	0.00001	49	nan
Yersinia mollaretii	33060	S	140	142	282	0.00002	0.00001	0.00000	0.00001	51	5.0
Yersinia ruckeri	29486	S	118	119	237	0.00001	0.00001	0.00000	0.00001	50	5.0
Serratia rhizosphaerae	2597702	S	90252	117130	207382	0.01191	0.00673	0.00681	0.00672	61	nan
Serratia sp. JSRIV006	2831896	S	15444	60869	76313	0.00438	0.00349	0.00000	0.00340	58	5.0
Serratia sp. K-M0706	3020826	S	701	11349	12050	0.00069	0.00065	0.00064	0.00064	58	nan
Serratia marcescens	615	S	557	1328	1885	0.00011	0.00008	0.00008	0.00008	60	nan
Serratia fonticola	47917	S	307	394	701	0.00004	0.00002	0.00000	0.00002	57	4.0
Serratia rubidaea	61652	S	108	128	236	0.00001	0.00001	0.00001	0.00001	61	nan
Limnobaculum parvum	2172103	S	151603	152047	303650	0.01743	0.00873	0.00862	0.00842	47	nan
Pectobacterium sp. PL64	2738983	S	123338	137694	261032	0.01499	0.00791	0.00770	0.00756	54	nan
Pectobacterium brasiliense	180957	S	130	161	291	0.00002	0.00001	0.00001	0.00001	55	nan
Vibrio gangliei	2077090	S	550709	558721	1109430	0.06370	0.03208	0.03247	0.03133	44	nan
Vibrio sp. J383	2942997	S	408209	554047	962256	0.05525	0.03181	0.03157	0.03067	45	nan
Vibrio sp. SCSIO 43137	3021011	S	61358	61534	122892	0.00706	0.00353	0.00348	0.00339	47	nan
Vibrio sp. FE10	3035453	S	126	139	265	0.00002	0.00001	0.00001	0.00001	45	nan
Vibrio sp. SNU_ST1	3064001	S	124	139	263	0.00002	0.00001	0.00001	0.00001	46	nan
Vibrio splendidus	29497	S	802	1004	1806	0.00010	0.00006	0.00006	0.00006	45	nan
Vibrio parahaemolyticus	670	S	144	562	706	0.00004	0.00003	0.00003	0.00003	46	nan
Vibrio cyclitrophicus	47951	S	350	410	760	0.00004	0.00002	0.00002	0.00002	45	nan
Vibrio lentus	136468	S	215	239	454	0.00003	0.00001	0.00001	0.00001	46	nan
Vibrio artabrorum	446374	S	206	212	418	0.00002	0.00001	0.00001	0.00001	45	nan
Vibrio crassostreae	246167	S	205	232	437	0.00003	0.00001	0.00001	0.00001	46	nan
Vibrio chagasii	170679	S	203	208	411	0.00002	0.00001	0.00001	0.00001	45	nan
Vibrio echinoideorum	2100116	S	202	218	420	0.00002	0.00001	0.00001	0.00001	45	nan
Vibrio gigantis	296199	S	182	194	376	0.00002	0.00001	0.00001	0.00001	46	nan
Vibrio atlanticus	693153	S	151	179	330	0.00002	0.00001	0.00001	0.00001	45	nan
Vibrio kanaloae	170673	S	149	163	312	0.00002	0.00001	0.00001	0.00001	45	nan
Vibrio bathopelagicus	2777577	S	133	145	278	0.00002	0.00001	0.00001	0.00001	45	nan
Vibrio vulnificus	672	S	131	133	264	0.00002	0.00001	0.00000	0.00001	48	5.0
Vibrio coralliirubri	1516159	S	118	137	255	0.00001	0.00001	0.00001	0.00001	46	nan
Vibrio tasmaniensis	212663	S	108	127	235	0.00001	0.00001	0.00001	0.00001	45	nan
Vibrio cholerae	666	S	107	598	705	0.00004	0.00003	0.00003	0.00003	47	nan
Pseudomonas maumuensis	2842354	S	293839	319341	613180	0.03521	0.01833	0.01988	0.01987	65	nan
Pseudomonas sp. DTU12.3	2073078	S	117141	123164	240305	0.01380	0.00707	0.00719	0.00702	61	nan
Pseudomonas sp. WJP1	2986947	S	5863	6054	11917	0.00068	0.00035	0.00037	0.00035	62	nan
Pseudomonas sp. PP3	2815936	S	588	623	1211	0.00007	0.00004	0.00000	0.00004	61	5.0
Pseudomonas sp. MPC6	2498848	S	548	566	1114	0.00006	0.00003	0.00003	0.00003	62	nan
Pseudomonas sp. S34	1573718	S	388	402	790	0.00005	0.00002	0.00003	0.00002	62	nan
Pseudomonas sp. B21-040	2895486	S	281	289	570	0.00003	0.00002	0.00000	0.00002	61	5.0
Pseudomonas sp. DR48	2871095	S	181	191	372	0.00002	0.00001	0.00000	0.00001	60	4.0
Pseudomonas sp. B21-017	2895474	S	181	450	631	0.00004	0.00003	0.00000	0.00003	61	5.0
Pseudomonas sp. ACM7	2052956	S	178	191	369	0.00002	0.00001	0.00000	0.00001	60	4.0
Pseudomonas sp. URMO17WK12:I11	1283291	S	155	194	349	0.00002	0.00001	0.00000	0.00001	62	5.0
Pseudomonas sp. MM213	2866807	S	144	163	307	0.00002	0.00001	0.00000	0.00001	61	5.0
Pseudomonas sp. 31-12	2201356	S	141	148	289	0.00002	0.00001	0.00000	0.00001	61	5.0
Pseudomonas sp. FP1742	2954079	S	133	152	285	0.00002	0.00001	0.00000	0.00001	61	5.0
Pseudomonas sp. N3-W	2975049	S	130	133	263	0.00002	0.00001	0.00000	0.00001	61	5.0
Pseudomonas sp. 15A4	2804761	S	123	129	252	0.00001	0.00001	0.00000	0.00001	62	5.0
Pseudomonas sp. PMCC200367	3042029	S	114	250	364	0.00002	0.00001	0.00002	0.00001	61	nan
Pseudomonas sp. NIBR-H-19	2901380	S	102	106	208	0.00001	0.00001	0.00000	0.00001	60	4.0
Pseudomonas sp. B21-015	2895473	S	101	107	208	0.00001	0.00001	0.00000	0.00001	61	5.0
Pseudomonas umsongensis	198618	S	122727	125978	248705	0.01428	0.00723	0.00718	0.00722	61	nan
Pseudomonas tritici	2745518	S	110787	116926	227713	0.01307	0.00671	0.00695	0.00674	62	nan
Pseudomonas fluorescens	294	S	829	945	1774	0.00010	0.00005	0.00000	0.00005	62	5.0
Pseudomonas moraviensis	321662	S	567	894	1461	0.00008	0.00005	0.00000	0.00005	62	5.0
Pseudomonas mandelii	75612	S	147	252	399	0.00002	0.00001	0.00000	0.00001	62	5.0
Pseudomonas synxantha	47883	S	105	129	234	0.00001	0.00001	0.00000	0.00001	61	5.0
Pseudomonas putida	303	S	1068	1782	2850	0.00016	0.00010	0.00000	0.00011	63	5.0
Pseudomonas chlororaphis	587753	S	400	530	930	0.00005	0.00003	0.00000	0.00003	65	5.0
Pseudomonas fragi	296	S	144	156	300	0.00002	0.00001	0.00000	0.00001	60	5.0
Pseudomonas syringae	317	S	104	209	313	0.00002	0.00001	0.00000	0.00001	61	4.0
Pseudomonas aeruginosa	287	S	279	1027	1306	0.00007	0.00006	0.00000	0.00006	65	5.0
Pseudomonas izuensis	2684212	S	363	371	734	0.00004	0.00002	0.00000	0.00002	61	5.0
Pseudomonas silesiensis	1853130	S	307	315	622	0.00004	0.00002	0.00002	0.00002	61	nan
Pseudomonas arsenicoxydans	702115	S	234	243	477	0.00003	0.00001	0.00000	0.00001	60	5.0
Pseudomonas azerbaijanorientalis	2842350	S	201	238	439	0.00003	0.00001	0.00000	0.00001	62	5.0
Pseudomonas frederiksbergensis	104087	S	160	173	333	0.00002	0.00001	0.00000	0.00001	61	4.0
Pseudomonas reinekei	395598	S	143	150	293	0.00002	0.00001	0.00000	0.00001	61	5.0
Pseudomonas laurylsulfatiphila	2011015	S	127	135	262	0.00002	0.00001	0.00000	0.00001	62	5.0
Pseudomonas vancouverensis	95300	S	117	119	236	0.00001	0.00001	0.00000	0.00001	62	5.0
Pseudomonas kielensis	2762577	S	114	117	231	0.00001	0.00001	0.00000	0.00001	63	5.0
Pseudomonas palleroniana	191390	S	114	116	230	0.00001	0.00001	0.00000	0.00001	62	5.0
Pseudomonas hormoni	3093767	S	112	116	228	0.00001	0.00001	0.00000	0.00001	61	5.0
Pseudomonas entomophila	312306	S	105	107	212	0.00001	0.00001	0.00000	0.00001	65	5.0
Ketobacter alkanivorans	1917421	S	38713	38758	77471	0.00445	0.00223	0.00215	0.00209	52	nan
Aliamphritea ceti	1524258	S	351223	353364	704587	0.04045	0.02029	0.01966	0.01920	48	nan
Marinobacterium sediminicola	518898	S	131800	131970	263770	0.01514	0.00758	0.00747	0.00726	58	nan
Marinomonas foliarum	491950	S	21754	22207	43961	0.00252	0.00128	0.00128	0.00124	44	nan
Marinomonas rhizomae	491948	S	1505	1534	3039	0.00017	0.00009	0.00000	0.00009	44	5.0
Marinomonas sp. A3A	2065312	S	616	632	1248	0.00007	0.00004	0.00000	0.00004	44	5.0
Marinomonas sp. FW-1	2071621	S	360	366	726	0.00004	0.00002	0.00000	0.00002	44	5.0
Marinomonas sp. CT5	2066133	S	205	207	412	0.00002	0.00001	0.00000	0.00001	44	5.0
Marinomonas profundi	2726122	S	547	550	1097	0.00006	0.00003	0.00000	0.00003	47	5.0
Marinomonas primoryensis	178399	S	198	198	396	0.00002	0.00001	0.00000	0.00001	44	4.0
Marinomonas arctica	383750	S	193	193	386	0.00002	0.00001	0.00000	0.00001	45	4.0
Thalassolituus hydrocarboniclasticus	2742796	S	21546	21743	43289	0.00249	0.00125	0.00122	0.00118	55	nan
Endozoicomonas euniceicola	1234143	S	52175	52767	104942	0.00603	0.00303	0.00303	0.00288	49	nan
Endozoicomonas montiporae	1027273	S	3874	3917	7791	0.00045	0.00022	0.00000	0.00021	50	5.0
Endozoicomonas gorgoniicola	1234144	S	1451	1451	2902	0.00017	0.00008	0.00000	0.00008	52	5.0
Endozoicomonas sp. 4G	2872754	S	644	689	1333	0.00008	0.00004	0.00000	0.00004	51	5.0
Endozoicomonas sp. 8E	3035692	S	234	242	476	0.00003	0.00001	0.00000	0.00001	49	4.0
Endozoicomonas sp. SCSIO W0465	2918516	S	216	243	459	0.00003	0.00001	0.00000	0.00001	49	4.0
Endozoicomonas sp. GU-1	3009078	S	189	204	393	0.00002	0.00001	0.00000	0.00001	51	5.0
Halomonas sp. KO116	1504981	S	117	186	303	0.00002	0.00001	0.00000	0.00001	55	4.0
Psychrobacter sp. PraFG1	2565531	S	229327	271774	501101	0.02877	0.01560	0.01551	0.01512	46	nan
Psychrobacter sp. WB2	3043330	S	175606	179895	355501	0.02041	0.01033	0.01045	0.01016	45	nan
Psychrobacter sp. van23A	3064892	S	168	173	341	0.00002	0.00001	0.00000	0.00001	47	5.0
Acinetobacter variabilis	70346	S	74297	85175	159472	0.00916	0.00489	0.00525	0.00490	45	nan
Acinetobacter sp. ACNIH1	1636603	S	2312	3660	5972	0.00034	0.00021	0.00022	0.00021	45	nan
Acinetobacter sp. FDAARGOS_724	2545797	S	842	1528	2370	0.00014	0.00009	0.00009	0.00009	45	nan
Acinetobacter sp. LoGeW2-3	1808001	S	428	434	862	0.00005	0.00002	0.00000	0.00002	45	5.0
Acinetobacter sp. 10FS3-1	2563897	S	235	253	488	0.00003	0.00001	0.00001	0.00001	44	nan
Acinetobacter sp. WY4	2708348	S	197	253	450	0.00003	0.00001	0.00001	0.00001	46	nan
Acinetobacter sp. NCu2D-2	1608473	S	110	111	221	0.00001	0.00001	0.00000	0.00001	41	4.0
Acinetobacter schindleri	108981	S	2387	2481	4868	0.00028	0.00014	0.00015	0.00014	45	nan
Acinetobacter baumannii	470	S	226	919	1145	0.00007	0.00005	0.00000	0.00005	41	5.0
Acinetobacter indicus	756892	S	842	871	1713	0.00010	0.00005	0.00000	0.00005	48	4.0
Acinetobacter lwoffii	28090	S	760	902	1662	0.00010	0.00005	0.00005	0.00005	45	nan
Acinetobacter johnsonii	40214	S	192	208	400	0.00002	0.00001	0.00001	0.00001	43	nan
Acinetobacter towneri	202956	S	180	214	394	0.00002	0.00001	0.00000	0.00001	43	5.0
Acinetobacter radioresistens	40216	S	110	186	296	0.00002	0.00001	0.00001	0.00001	43	nan
Thiomicrorhabdus sediminis	2580412	S	347637	347921	695558	0.03994	0.01998	0.01972	0.01918	45	nan
Shewanella decolorationis	256839	S	99778	108911	208689	0.01198	0.00625	0.00615	0.00595	48	nan
Shewanella halotolerans	2864204	S	67299	72018	139317	0.00800	0.00413	0.00399	0.00397	56	nan
Shewanella oncorhynchi	2726434	S	28120	32327	60447	0.00347	0.00186	0.00183	0.00178	47	nan
Alteromonas naphthalenivorans	715451	S	76781	82410	159191	0.00914	0.00473	0.00471	0.00459	45	nan
Agarivorans gilvus	680279	S	15005	15039	30044	0.00172	0.00086	0.00084	0.00082	47	nan
Pseudoalteromonas sp. THAF3	2587843	S	235	267	502	0.00003	0.00002	0.00000	0.00001	49	4.0
Pasteurella multocida	747	S	238460	297439	535899	0.03077	0.01708	0.01784	0.01731	41	nan
Nitrosococcus wardiae	1814290	S	54342	54361	108703	0.00624	0.00312	0.00303	0.00296	52	nan
Agrobacterium vitis	373	S	469865	481000	950865	0.05459	0.02762	0.02725	0.02688	59	nan
Agrobacterium fabacearum	1183401	S	1069	2013	3082	0.00018	0.00012	0.00000	0.00011	59	5.0
Agrobacterium tumefaciens	358	S	653	750	1403	0.00008	0.00004	0.00005	0.00004	60	nan
Agrobacterium pusense	648995	S	503	634	1137	0.00007	0.00004	0.00000	0.00004	60	5.0
Agrobacterium sp. S7/73	2820002	S	289	950	1239	0.00007	0.00005	0.00000	0.00005	59	5.0
Agrobacterium cucumeris	2862866	S	131	137	268	0.00002	0.00001	0.00000	0.00001	60	5.0
Rhizobium hidalgonense	1538159	S	35991	38405	74396	0.00427	0.00221	0.00219	0.00224	62	nan
Rhizobium sp. TAL182	2020313	S	394	1134	1528	0.00009	0.00007	0.00000	0.00007	62	5.0
Rhizobium sp. C104	2917727	S	274	365	639	0.00004	0.00002	0.00000	0.00002	62	5.0
Rhizobium sp. CIAT894	2020312	S	236	283	519	0.00003	0.00002	0.00000	0.00002	62	5.0
Rhizobium sp. NZLR1	2731096	S	216	242	458	0.00003	0.00001	0.00000	0.00001	62	5.0
Rhizobium sp. Kim5	2020311	S	147	417	564	0.00003	0.00002	0.00000	0.00002	62	5.0
Rhizobium sp. BT03	3045156	S	119	167	286	0.00002	0.00001	0.00000	0.00001	63	5.0
Rhizobium sp. Pop5	1223565	S	113	129	242	0.00001	0.00001	0.00000	0.00001	62	5.0
Rhizobium leguminosarum	384	S	1151	1776	2927	0.00017	0.00010	0.00000	0.00010	62	5.0
Rhizobium phaseoli	396	S	693	874	1567	0.00009	0.00005	0.00000	0.00005	62	5.0
Rhizobium ruizarguesonis	2081791	S	362	467	829	0.00005	0.00003	0.00000	0.00003	61	5.0
Rhizobium acidisoli	1538158	S	197	254	451	0.00003	0.00001	0.00000	0.00001	62	5.0
Rhizobium oryzihabitans	2267833	S	178	228	406	0.00002	0.00001	0.00000	0.00001	60	5.0
Rhizobium etli	29449	S	129	169	298	0.00002	0.00001	0.00000	0.00001	62	5.0
Allorhizobium ampelinum	3025782	S	4441	4479	8920	0.00051	0.00026	0.00000	0.00025	59	5.0
Ensifer canadensis	555315	S	324751	328932	653683	0.03753	0.01889	0.01904	0.01906	62	nan
Sinorhizobium sp. M14	430451	S	136	189	325	0.00002	0.00001	0.00000	0.00001	60	5.0
Brucella canis	36855	S	4506	100225	104731	0.00601	0.00575	0.00573	0.00559	59	nan
Brucella sp. 2716	2975052	S	210	346	556	0.00003	0.00002	0.00002	0.00002	58	nan
Brucella sp. NM4	3045175	S	162	175	337	0.00002	0.00001	0.00001	0.00001	58	nan
Brucella sp. 09RB8910	1844051	S	160	269	429	0.00002	0.00002	0.00001	0.00001	59	nan
Brucella sp. 10RB9215	1149953	S	159	265	424	0.00002	0.00002	0.00001	0.00001	58	nan
Brucella sp. 09RB8471	1149952	S	144	300	444	0.00003	0.00002	0.00002	0.00002	58	nan
Brucella sp. BO3	2691913	S	135	263	398	0.00002	0.00002	0.00001	0.00001	59	nan
Brucella sp. BO2	693750	S	134	299	433	0.00002	0.00002	0.00002	0.00002	59	nan
Brucella sp. MAB-22	2986424	S	121	161	282	0.00002	0.00001	0.00000	0.00001	57	5.0
Brucella sp. 2280	2592625	S	105	235	340	0.00002	0.00001	0.00001	0.00001	59	nan
Brucella sp. 458	2821140	S	100	236	336	0.00002	0.00001	0.00001	0.00001	59	nan
Brucella abortus	235	S	907	20994	21901	0.00126	0.00121	0.00120	0.00117	59	nan
Brucella melitensis	29459	S	907	7729	8636	0.00050	0.00044	0.00044	0.00043	59	nan
Brucella suis	29461	S	320	93608	93928	0.00539	0.00537	0.00535	0.00522	59	nan
Brucella intermedia	94625	S	217	219	436	0.00003	0.00001	0.00001	0.00001	59	nan
Brucella pseudintermedia	370111	S	111	112	223	0.00001	0.00001	0.00001	0.00001	59	nan
Brucella inopinata	1218315	S	100	133	233	0.00001	0.00001	0.00001	0.00001	59	nan
Bartonella apihabitans	2750929	S	75668	75871	151539	0.00870	0.00436	0.00430	0.00419	47	nan
Cohaesibacter marisflavi	655353	S	33821	34107	67928	0.00390	0.00196	0.00190	0.00185	55	nan
Acetobacter ascendens	481146	S	223626	232569	456195	0.02619	0.01335	0.01363	0.01270	54	nan
Blastomonas sp.	1909299	S	23058	30753	53811	0.00309	0.00177	0.00190	0.00190	65	nan
Wolbachia endosymbiont of Dipetalonema caudispina	1812112	S	17360	17367	34727	0.00199	0.00100	0.00118	0.00144	29	nan
Paracoccus yeei	147645	S	806	882	1688	0.00010	0.00005	0.00000	0.00006	68	5.0
Achromobacter xylosoxidans	85698	S	82798	90906	173704	0.00997	0.00522	0.00589	0.00598	67	nan
Achromobacter pestifer	1353889	S	70817	75072	145889	0.00838	0.00431	0.00498	0.00492	67	nan
Achromobacter insolitus	217204	S	29643	30493	60136	0.00345	0.00175	0.00000	0.00194	66	5.0
Achromobacter aegrifaciens	1287736	S	22965	50741	73706	0.00423	0.00291	0.00383	0.00332	67	nan
Achromobacter sp. AONIH1	1758194	S	3089	3171	6260	0.00036	0.00018	0.00000	0.00022	69	5.0
Achromobacter sp. MFA1 R4	1881016	S	2777	2868	5645	0.00032	0.00016	0.00020	0.00019	67	nan
Achromobacter sp. R39	3047478	S	2622	2643	5265	0.00030	0.00015	0.00000	0.00016	62	3.0
Achromobacter sp. B7	2282475	S	470	1531	2001	0.00011	0.00009	0.00000	0.00010	66	5.0
Achromobacter sp. ES-001	2860286	S	434	1418	1852	0.00011	0.00008	0.00000	0.00009	66	5.0
Achromobacter sp. 77	2756133	S	324	601	925	0.00005	0.00003	0.00005	0.00004	67	nan
Achromobacter denitrificans	32002	S	9552	9784	19336	0.00111	0.00056	0.00000	0.00067	69	5.0
Achromobacter spanius	217203	S	6351	10458	16809	0.00097	0.00060	0.00069	0.00067	66	nan
Achromobacter deleyi	1353891	S	4882	5422	10304	0.00059	0.00031	0.00041	0.00036	68	nan
Achromobacter mucicolens	1389922	S	3952	5081	9033	0.00052	0.00029	0.00000	0.00033	67	5.0
Achromobacter ruhlandii	72557	S	1913	2228	4141	0.00024	0.00013	0.00000	0.00015	69	5.0
Alcaligenes aquatilis	323284	S	62485	150615	213100	0.01224	0.00865	0.00862	0.00831	57	nan
Alcaligenes faecalis	511	S	29967	44141	74108	0.00425	0.00253	0.00267	0.00244	58	nan
Alcaligenes sp. SMD-FA	2991054	S	11601	48621	60222	0.00346	0.00279	0.00279	0.00268	57	nan
Alcaligenes sp. SORT26	2813780	S	1936	2119	4055	0.00023	0.00012	0.00013	0.00012	58	nan
Alcaligenes sp. NLF5-7	2918755	S	246	900	1146	0.00007	0.00005	0.00005	0.00005	58	nan
Alcaligenes sp. 1735tsa3	2953809	S	144	529	673	0.00004	0.00003	0.00003	0.00003	57	nan
Bordetella pseudohinzii	1331258	S	256	258	514	0.00003	0.00001	0.00000	0.00002	67	4.0
Bordetella trematum	123899	S	199	200	399	0.00002	0.00001	0.00000	0.00001	66	4.0
Bordetella bronchiseptica	518	S	193	418	611	0.00004	0.00002	0.00000	0.00003	69	4.0
Paraburkholderia atlantica	2654982	S	359935	361364	721299	0.04141	0.02075	0.02208	0.02203	65	nan
Polynucleobacter paludilacus	1855895	S	111223	115020	226243	0.01299	0.00660	0.00641	0.00624	47	nan
Ralstonia pickettii	329	S	211	224	435	0.00002	0.00001	0.00000	0.00001	65	4.0
Janthinobacterium tructae	2590869	S	114139	124431	238570	0.01370	0.00714	0.00729	0.00757	65	nan
Janthinobacterium svalbardensis	368607	S	69808	75842	145650	0.00836	0.00435	0.00442	0.00460	64	nan
Janthinobacterium sp. PAMC25594	2861284	S	39700	44377	84077	0.00483	0.00255	0.00267	0.00270	64	nan
Janthinobacterium sp. LM6	1938606	S	8698	9666	18364	0.00105	0.00056	0.00063	0.00060	65	nan
Janthinobacterium sp. 1_2014MBL_MicDiv	1644131	S	7616	7919	15535	0.00089	0.00045	0.00056	0.00050	65	nan
Janthinobacterium sp. HH102	1537274	S	3643	5298	8941	0.00051	0.00030	0.00037	0.00032	65	nan
Janthinobacterium sp. J1-1	3065910	S	3354	3437	6791	0.00039	0.00020	0.00025	0.00021	65	nan
Janthinobacterium rivuli	2751478	S	12866	13637	26503	0.00152	0.00078	0.00087	0.00084	64	nan
Janthinobacterium lividum	29581	S	4829	8070	12899	0.00074	0.00046	0.00059	0.00049	64	nan
Janthinobacterium agaricidamnosum	55508	S	3943	5343	9286	0.00053	0.00031	0.00040	0.00033	64	nan
Herminiimonas arsenitoxidans	1809410	S	17899	17924	35823	0.00206	0.00103	0.00099	0.00097	52	nan
Rugamonas sp. DEMB1	3039386	S	222	240	462	0.00003	0.00001	0.00000	0.00002	69	4.0
uncultured Rhodoferax sp.	223188	S	455	466	921	0.00005	0.00003	0.00000	0.00003	59	4.0
Hydrogenophaga sp. BPS33	2651974	S	119	170	289	0.00002	0.00001	0.00000	0.00001	67	4.0
Eikenella corrodens	539	S	49509	49866	99375	0.00571	0.00286	0.00293	0.00282	58	nan
Neisseria lactamica	486	S	16111	17670	33781	0.00194	0.00101	0.00100	0.00098	54	nan
Neisseria meningitidis	487	S	1708	2235	3943	0.00023	0.00013	0.00000	0.00012	54	5.0
Neisseria sp. Marseille-Q6792	2937985	S	229	254	483	0.00003	0.00001	0.00000	0.00001	54	5.0
Neisseria gonorrhoeae	485	S	220	234	454	0.00003	0.00001	0.00000	0.00001	55	5.0
Sideroxyarcus emersonii	2764705	S	24350	24386	48736	0.00280	0.00140	0.00147	0.00141	61	nan
Paenibacillus sp. PAMC21692	2762320	S	140714	146730	287444	0.01650	0.00842	0.00823	0.00805	54	nan
Paenibacillus sp. IHB B 3084	867076	S	73260	79283	152543	0.00876	0.00455	0.00449	0.00438	49	nan
Paenibacillus sp. lzh-N1	2069255	S	49169	118914	168083	0.00965	0.00683	0.00679	0.00659	47	nan
Paenibacillus sp. YPD9-1	2908839	S	43263	43342	86605	0.00497	0.00249	0.00243	0.00238	49	nan
Paenibacillus sp. PSB04	2866810	S	15722	16533	32255	0.00185	0.00095	0.00099	0.00091	56	nan
Paenibacillus sp. S02	2823904	S	738	1237	1975	0.00011	0.00007	0.00007	0.00007	47	nan
Paenibacillus sp. S25	2823905	S	514	1194	1708	0.00010	0.00007	0.00007	0.00007	47	nan
Paenibacillus sp. M-152	2487928	S	412	979	1391	0.00008	0.00006	0.00006	0.00005	47	nan
Paenibacillus sp. HWE-109	1306526	S	361	361	722	0.00004	0.00002	0.00000	0.00002	47	4.0
Paenibacillus sp. CAA11	1532905	S	227	227	454	0.00003	0.00001	0.00000	0.00001	50	5.0
Paenibacillus sp. FSL H7-0357	1536774	S	206	207	413	0.00002	0.00001	0.00000	0.00001	50	4.0
Paenibacillus sp. URB8-2	2741301	S	183	184	367	0.00002	0.00001	0.00000	0.00001	54	5.0
Paenibacillus sp. FSL R7-0273	1536772	S	169	171	340	0.00002	0.00001	0.00000	0.00001	53	4.0
Paenibacillus sp. JZ16	1906272	S	164	166	330	0.00002	0.00001	0.00000	0.00001	51	5.0
Paenibacillus sp. C31	3050112	S	156	156	312	0.00002	0.00001	0.00000	0.00001	43	4.0
Paenibacillus sp. PK3_47	2072642	S	153	153	306	0.00002	0.00001	0.00000	0.00001	52	5.0
Paenibacillus sp. SYP-B4298	2996034	S	134	134	268	0.00002	0.00001	0.00000	0.00001	56	4.0
Paenibacillus sp. IHBB 10380	1566358	S	133	133	266	0.00002	0.00001	0.00000	0.00001	42	4.0
Paenibacillus sp. 19GGS1-52	2758563	S	128	128	256	0.00001	0.00001	0.00000	0.00001	48	5.0
Paenibacillus sp. YPG26	2878915	S	120	120	240	0.00001	0.00001	0.00000	0.00001	51	4.0
Paenibacillus sp. sptzw28	715179	S	120	120	240	0.00001	0.00001	0.00000	0.00001	51	5.0
Paenibacillus sp. MMS20-IR301	2895946	S	119	119	238	0.00001	0.00001	0.00000	0.00001	54	4.0
Paenibacillus sp. DCT19	2211212	S	116	116	232	0.00001	0.00001	0.00000	0.00001	46	5.0
Paenibacillus sp. JNUCC-31	2777983	S	110	112	222	0.00001	0.00001	0.00001	0.00001	47	nan
Paenibacillus sp. D2_2	3073092	S	106	106	212	0.00001	0.00001	0.00001	0.00001	46	nan
Paenibacillus kribbensis	172713	S	72260	73192	145452	0.00835	0.00420	0.00417	0.00404	48	nan
Paenibacillus brasilensis	128574	S	34598	35239	69837	0.00401	0.00202	0.00205	0.00195	48	nan
Paenibacillus polymyxa	1406	S	25249	31971	57220	0.00329	0.00184	0.00183	0.00178	47	nan
Paenibacillus cellulositrophicus	562959	S	24882	26081	50963	0.00293	0.00150	0.00150	0.00144	54	nan
Paenibacillus terrae	159743	S	7893	8164	16057	0.00092	0.00047	0.00046	0.00045	48	nan
Paenibacillus peoriae	59893	S	4490	6618	11108	0.00064	0.00038	0.00039	0.00037	47	nan
Paenibacillus farraposensis	2807095	S	2524	2571	5095	0.00029	0.00015	0.00000	0.00015	42	4.0
Paenibacillus durus	44251	S	481	483	964	0.00006	0.00003	0.00000	0.00003	53	5.0
Paenibacillus lutimineralis	2707005	S	328	329	657	0.00004	0.00002	0.00000	0.00002	49	5.0
Paenibacillus azoreducens	116718	S	286	286	572	0.00003	0.00002	0.00000	0.00002	50	5.0
Paenibacillus macerans	44252	S	272	272	544	0.00003	0.00002	0.00000	0.00002	55	4.0
Paenibacillus urinalis	521520	S	232	233	465	0.00003	0.00001	0.00001	0.00001	47	nan
Paenibacillus donghaensis	414771	S	232	232	464	0.00003	0.00001	0.00000	0.00001	53	4.0
Paenibacillus sonchi	373687	S	107	125	232	0.00001	0.00001	0.00000	0.00001	52	5.0
Paenibacillus barcinonensis	198119	S	166	166	332	0.00002	0.00001	0.00001	0.00001	48	nan
Paenibacillus beijingensis	1126833	S	139	139	278	0.00002	0.00001	0.00000	0.00001	54	4.0
Paenibacillus thiaminolyticus	49283	S	138	139	277	0.00002	0.00001	0.00000	0.00001	57	4.0
Paenibacillus bovis	1616788	S	136	136	272	0.00002	0.00001	0.00000	0.00001	50	5.0
Paenibacillus elgii	189691	S	131	131	262	0.00002	0.00001	0.00000	0.00001	57	4.0
Paenibacillus lentus	1338368	S	123	123	246	0.00001	0.00001	0.00001	0.00001	47	nan
Paenibacillus ihbetae	1870820	S	108	108	216	0.00001	0.00001	0.00000	0.00001	54	4.0
Paenibacillus marchantiae	3026433	S	107	111	218	0.00001	0.00001	0.00001	0.00001	48	nan
Paenibacillus guangzhouensis	1473112	S	103	103	206	0.00001	0.00001	0.00000	0.00001	48	4.0
Paenibacillus amylolyticus	1451	S	102	108	210	0.00001	0.00001	0.00000	0.00001	47	5.0
Brevibacillus agri	51101	S	173614	416433	590047	0.03388	0.02391	0.02352	0.02296	56	nan
Brevibacillus sp. WF146	319501	S	114486	115527	230013	0.01321	0.00663	0.00684	0.00664	61	nan
Brevibacillus sp. NSP2.1	3003229	S	217	832	1049	0.00006	0.00005	0.00005	0.00005	56	nan
Brevibacillus brevis	1393	S	739	759	1498	0.00009	0.00004	0.00000	0.00004	49	4.0
Brevibacillus borstelensis	45462	S	125	126	251	0.00001	0.00001	0.00000	0.00001	53	4.0
Brevibacillus choshinensis	54911	S	125	125	250	0.00001	0.00001	0.00000	0.00001	53	4.0
Brevibacillus formosus	54913	S	100	107	207	0.00001	0.00001	0.00000	0.00001	48	4.0
Bacillus sp. FJAT-22090	1581038	S	168332	168993	337325	0.01937	0.00970	0.01123	0.01078	35	nan
Bacillus sp. FJAT-18017	1705566	S	52683	52818	105501	0.00606	0.00303	0.00308	0.00301	43	nan
Bacillus sp. HSf4	3035514	S	40458	114475	154933	0.00890	0.00657	0.00649	0.00634	48	nan
Bacillus sp. CMF12	2884834	S	3328	14120	17448	0.00100	0.00081	0.00081	0.00082	42	nan
Bacillus sp. L381	2982700	S	233	276611	276844	0.01590	0.01588	0.01570	0.01530	47	nan
Bacillus sp. S3	486398	S	125	125	250	0.00001	0.00001	0.00000	0.00001	41	4.0
Bacillus velezensis	492670	S	2723	22503	25226	0.00145	0.00129	0.00128	0.00124	47	nan
Bacillus amyloliquefaciens	1390	S	1744	41421	43165	0.00248	0.00238	0.00235	0.00229	47	nan
Bacillus siamensis	659243	S	452	804	1256	0.00007	0.00005	0.00005	0.00004	47	nan
Bacillus subtilis	1423	S	237	7410	7647	0.00044	0.00043	0.00042	0.00041	47	nan
Bacillus atrophaeus	1452	S	224	225	449	0.00003	0.00001	0.00000	0.00001	45	4.0
Bacillus mycoides	1405	S	190	308	498	0.00003	0.00002	0.00000	0.00002	35	4.0
Bacillus cereus	1396	S	187	3312	3499	0.00020	0.00019	0.00021	0.00019	47	nan
Bacillus pseudomycoides	64104	S	116	117	233	0.00001	0.00001	0.00000	0.00001	35	4.0
Bacillus thuringiensis	1428	S	100	230	330	0.00002	0.00001	0.00000	0.00001	37	5.0
Bacillus dafuensis	1742359	S	249	250	499	0.00003	0.00001	0.00000	0.00002	36	4.0
Bacillus infantis	324767	S	114	114	228	0.00001	0.00001	0.00000	0.00001	47	4.0
Cytobacillus firmus	1399	S	48744	50483	99227	0.00570	0.00290	0.00303	0.00290	42	nan
Cytobacillus oceanisediminis	665099	S	21774	61587	83361	0.00479	0.00354	0.00374	0.00358	42	nan
Cytobacillus pseudoceanisediminis	3051614	S	1898	8466	10364	0.00060	0.00049	0.00052	0.00049	42	nan
Cytobacillus gottheilii	859144	S	324	325	649	0.00004	0.00002	0.00000	0.00002	39	4.0
Cytobacillus solani	1637975	S	280	281	561	0.00003	0.00002	0.00000	0.00002	37	4.0
Cytobacillus spongiae	2901381	S	199	199	398	0.00002	0.00001	0.00000	0.00001	39	5.0
Evansella cellulosilytica	1413	S	102618	102891	205509	0.01180	0.00591	0.00665	0.00644	37	nan
Virgibacillus necropolis	163877	S	64535	64688	129223	0.00742	0.00371	0.00406	0.00398	38	nan
Neobacillus sp. WH10	3047873	S	200	236	436	0.00003	0.00001	0.00000	0.00001	38	4.0
Neobacillus sp. Marseille-Q6967	2963105	S	153	179	332	0.00002	0.00001	0.00000	0.00001	39	5.0
Neobacillus sp. 114	3048535	S	125	141	266	0.00002	0.00001	0.00000	0.00001	42	4.0
Neobacillus sp. PS3-34	3070678	S	117	123	240	0.00001	0.00001	0.00000	0.00001	40	4.0
Neobacillus sp. SuZ13	3047875	S	100	115	215	0.00001	0.00001	0.00000	0.00001	39	4.0
Peribacillus frigoritolerans	450367	S	273	325	598	0.00003	0.00002	0.00000	0.00002	41	4.0
Peribacillus simplex	1478	S	158	195	353	0.00002	0.00001	0.00000	0.00001	40	4.0
Peribacillus asahii	228899	S	152	153	305	0.00002	0.00001	0.00000	0.00001	38	4.0
Priestia megaterium	1404	S	260	355	615	0.00004	0.00002	0.00000	0.00002	38	5.0
Mesobacillus foraminis	279826	S	147	147	294	0.00002	0.00001	0.00000	0.00001	45	3.0
Mesobacillus jeotgali	129985	S	113	140	253	0.00001	0.00001	0.00000	0.00001	44	4.0
Metabacillus sediminilitoris	2567941	S	134	161	295	0.00002	0.00001	0.00000	0.00001	35	4.0
Staphylococcus xylosus	1288	S	469673	475218	944891	0.05425	0.02728	0.03327	0.03268	33	nan
Staphylococcus pseudoxylosus	2282419	S	1376	1397	2773	0.00016	0.00008	0.00000	0.00010	34	5.0
Staphylococcus edaphicus	1955013	S	852	854	1706	0.00010	0.00005	0.00000	0.00006	34	5.0
Staphylococcus shinii	2912228	S	742	751	1493	0.00009	0.00004	0.00000	0.00005	33	5.0
Staphylococcus hominis	1290	S	711	720	1431	0.00008	0.00004	0.00000	0.00005	32	5.0
Staphylococcus nepalensis	214473	S	610	613	1223	0.00007	0.00004	0.00000	0.00004	34	5.0
Staphylococcus saprophyticus	29385	S	557	562	1119	0.00006	0.00003	0.00000	0.00004	33	4.0
Staphylococcus equorum	246432	S	552	688	1240	0.00007	0.00004	0.00004	0.00005	34	nan
Staphylococcus aureus	1280	S	282	576	858	0.00005	0.00003	0.00000	0.00004	33	5.0
Staphylococcus cohnii	29382	S	220	224	444	0.00003	0.00001	0.00000	0.00002	33	5.0
Staphylococcus coagulans	74706	S	146	147	293	0.00002	0.00001	0.00000	0.00001	36	3.0
Staphylococcus arlettae	29378	S	121	121	242	0.00001	0.00001	0.00000	0.00001	34	4.0
Staphylococcus pasteuri	45972	S	107	107	214	0.00001	0.00001	0.00000	0.00001	31	4.0
Staphylococcus epidermidis	1282	S	102	126	228	0.00001	0.00001	0.00000	0.00001	33	4.0
Macrococcus equipercicus	69967	S	178830	179664	358494	0.02058	0.01032	0.01095	0.01024	46	nan
Macrococcus bovicus	69968	S	1400	1404	2804	0.00016	0.00008	0.00000	0.00008	46	4.0
Macrococcus brunensis	198483	S	966	969	1935	0.00011	0.00006	0.00000	0.00006	43	4.0
Macrococcus caseolyticus	69966	S	254	307	561	0.00003	0.00002	0.00000	0.00002	37	4.0
Macrococcus canis	1855823	S	157	158	315	0.00002	0.00001	0.00000	0.00001	38	4.0
Macrococcus bohemicus	1903056	S	116	149	265	0.00002	0.00001	0.00000	0.00001	35	4.0
Exiguobacterium sp. MH3	1399115	S	80039	88531	168570	0.00968	0.00508	0.00495	0.00483	48	nan
Lactobacillus sp. PV012	2594494	S	87543	180729	268272	0.01540	0.01038	0.01205	0.01198	34	nan
Lactobacillus sp. 3B(2020)	2695882	S	136	138	274	0.00002	0.00001	0.00000	0.00001	44	4.0
Lactobacillus gasseri	1596	S	141	167	308	0.00002	0.00001	0.00000	0.00001	36	4.0
Lactobacillus acetotolerans	1600	S	133	134	267	0.00002	0.00001	0.00000	0.00001	37	4.0
Limosilactobacillus vaginalis	1633	S	74120	76737	150857	0.00866	0.00441	0.00463	0.00445	41	nan
Limosilactobacillus reuteri	1598	S	1076	1098	2174	0.00012	0.00006	0.00000	0.00007	40	5.0
Limosilactobacillus fermentum	1613	S	408	443	851	0.00005	0.00003	0.00000	0.00002	54	4.0
Limosilactobacillus frumenti	104955	S	356	360	716	0.00004	0.00002	0.00000	0.00002	43	4.0
Limosilactobacillus portuensis	2742601	S	281	314	595	0.00003	0.00002	0.00000	0.00002	40	5.0
Lacticaseibacillus sp. KACC 23028	3025672	S	27724	28514	56238	0.00323	0.00164	0.00158	0.00155	53	nan
Ligilactobacillus acidipiscis	89059	S	101	102	203	0.00001	0.00001	0.00000	0.00001	40	4.0
Streptococcus intermedius	1338	S	22437	24339	46776	0.00269	0.00140	0.00153	0.00149	38	nan
Streptococcus constellatus	76860	S	408	696	1104	0.00006	0.00004	0.00004	0.00004	38	nan
Streptococcus anginosus	1328	S	368	503	871	0.00005	0.00003	0.00000	0.00003	40	5.0
Streptococcus sp. KS 6	2598457	S	148	168	316	0.00002	0.00001	0.00000	0.00001	40	4.0
Streptococcus periodonticum	2490633	S	193	237	430	0.00002	0.00001	0.00000	0.00001	40	4.0
Ruminococcus champanellensis	1161942	S	57351	57355	114706	0.00659	0.00329	0.00000	0.00316	56	5.0
Proteiniclasticum sp. QWL-01	3036945	S	57153	57236	114389	0.00657	0.00329	0.00325	0.00316	54	nan
Dehalobacter sp. DCA	1147129	S	3009	42358	45367	0.00260	0.00243	0.00242	0.00237	46	nan
Selenomonas sp. oral taxon 478	712538	S	106590	114271	220861	0.01268	0.00656	0.00671	0.00649	60	nan
Thermosynechococcus sp. HN-54	2933959	S	1361	1366	2727	0.00016	0.00008	0.00007	0.00007	54	nan
Thermosynechococcus sp.	2814275	S	582	591	1173	0.00007	0.00003	0.00003	0.00003	55	nan
Thermosynechococcus sp. NK55a	1394889	S	578	588	1166	0.00007	0.00003	0.00003	0.00003	54	nan
Thermosynechococcus sp. QS41	3074101	S	173	581	754	0.00004	0.00003	0.00003	0.00003	55	nan
Thermosynechococcus sp. GLH333	3074093	S	151	481462	481613	0.02765	0.02764	0.02681	0.02607	55	nan
Thermosynechococcus sp. QKsg1	3074130	S	109	510	619	0.00004	0.00003	0.00003	0.00003	55	nan
Microbacterium sp. zg-B96	3049069	S	111217	111770	222987	0.01280	0.00642	0.00869	0.00812	70	nan
Streptomyces sp. VB1	2986803	S	37511	72770	110281	0.00633	0.00418	0.00474	0.00585	72	nan
Candidatus Mycobacterium methanotrophicum	2943498	S	27759	27827	55586	0.00319	0.00160	0.00177	0.00179	67	nan
Alistipes ihumii	1470347	S	223571	223835	447406	0.02569	0.01285	0.01334	0.01284	61	nan
Duncaniella dubosii	2518971	S	90681	91084	181765	0.01044	0.00523	0.00000	0.00503	51	5.0
Muribaculum gordoncarteri	2530390	S	846	861	1707	0.00010	0.00005	0.00000	0.00005	53	5.0
Muribaculum intestinale	1796646	S	494	499	993	0.00006	0.00003	0.00000	0.00003	52	5.0
Paramuribaculum intestinale	2094151	S	1006	1011	2017	0.00012	0.00006	0.00000	0.00006	57	5.0
Bacteroides caecimuris	1796613	S	217	430	647	0.00004	0.00002	0.00000	0.00002	44	4.0
Parabacteroides distasonis	823	S	138	205	343	0.00002	0.00001	0.00000	0.00001	47	4.0
Siansivirga zeaxanthinifaciens	762954	S	161817	161994	323811	0.01859	0.00930	0.01101	0.01093	35	nan
Flagellimonas sp. CMM7	2654676	S	91489	91519	183008	0.01051	0.00525	0.00576	0.00559	37	nan
Chryseobacterium panacisoli	1807141	S	19739	20269	40008	0.00230	0.00116	0.00131	0.00128	38	nan
Chryseobacterium sp. MA9	2966625	S	6355	6537	12892	0.00074	0.00038	0.00045	0.00041	37	nan
Chryseobacterium sp. MEBOG07	2879939	S	1703	1722	3425	0.00020	0.00010	0.00012	0.00011	38	nan
Chryseobacterium sp. D764	2856522	S	1203	3282	4485	0.00026	0.00019	0.00022	0.00021	37	nan
Chryseobacterium sp. JV274	1932669	S	1064	2596	3660	0.00021	0.00015	0.00017	0.00016	37	nan
Chryseobacterium sp. StRB126	878220	S	745	755	1500	0.00009	0.00004	0.00000	0.00005	36	5.0
Chryseobacterium sp. MEBOG06	2879938	S	411	414	825	0.00005	0.00002	0.00000	0.00003	37	5.0
Chryseobacterium sp. G0186	2487064	S	375	389	764	0.00004	0.00002	0.00000	0.00002	37	5.0
Chryseobacterium sp. G0162	2487063	S	151	162	313	0.00002	0.00001	0.00000	0.00001	37	4.0
Chryseobacterium sp. SG20098	3074145	S	122	232	354	0.00002	0.00001	0.00001	0.00001	37	nan
Chryseobacterium sp. PCH239	2825845	S	117	257	374	0.00002	0.00001	0.00002	0.00002	37	nan
Chryseobacterium sp. G0201	2487065	S	104	105	209	0.00001	0.00001	0.00000	0.00001	35	4.0
Chryseobacterium indologenes	253	S	2576	2642	5218	0.00030	0.00015	0.00017	0.00016	38	nan
Chryseobacterium gleum	250	S	285	306	591	0.00003	0.00002	0.00000	0.00002	38	4.0
Chryseobacterium aureum	2497456	S	251	253	504	0.00003	0.00001	0.00000	0.00002	39	4.0
Chryseobacterium cucumeris	1813611	S	200	212	412	0.00002	0.00001	0.00000	0.00001	38	4.0
Chryseobacterium arthrosphaerae	651561	S	150	153	303	0.00002	0.00001	0.00000	0.00001	40	4.0
Chryseobacterium gallinarum	1324352	S	121	122	243	0.00001	0.00001	0.00000	0.00001	38	5.0
Chitinophaga agri	2703787	S	197705	197943	395648	0.02272	0.01136	0.01110	0.01083	47	nan
Chitinophaga horti	2920382	S	13318	13321	26639	0.00153	0.00076	0.00074	0.00072	52	nan
Spirosoma taeanense	2735870	S	122915	122947	245862	0.01412	0.00706	0.00688	0.00671	54	nan
Bdellovibrio sp. ZAP7	2231053	S	784728	792901	1577629	0.09058	0.04552	0.04434	0.04329	46	nan
Bdellovibrio sp. 22V	3044166	S	6260	6266	12526	0.00072	0.00036	0.00000	0.00034	47	5.0
Bdellovibrio sp. NC01	2220073	S	2081	2085	4166	0.00024	0.00012	0.00012	0.00011	44	nan
Bdellovibrio sp. SKB1291214	1732569	S	901	904	1805	0.00010	0.00005	0.00005	0.00005	44	nan
Bdellovibrio sp. KM01	2748865	S	669	675	1344	0.00008	0.00004	0.00004	0.00004	46	nan
Bdellovibrio bacteriovorus	959	S	5255	5262	10517	0.00060	0.00030	0.00000	0.00028	50	4.0
Bdellovibrio reynosensis	2835041	S	2585	2592	5177	0.00030	0.00015	0.00000	0.00014	43	5.0
Desulfovibrio sp. G11	631220	S	425134	432519	857653	0.04924	0.02483	0.02488	0.02444	59	nan
Desulfuromonas versatilis	2802975	S	376022	376188	752210	0.04319	0.02160	0.02441	0.02339	65	nan
Mesotoga infera	1236046	S	247353	247365	494718	0.02840	0.01420	0.01370	0.01337	48	nan
Gimesia aquarii	2527964	S	100298	100349	200647	0.01152	0.00576	0.00567	0.00553	45	nan
Edaphobacter lichenicola	2051959	S	29223	30883	60106	0.00345	0.00177	0.00000	0.00171	56	4.0
Edaphobacter sp. 12200R-103	2703788	S	1121	1207	2328	0.00013	0.00007	0.00007	0.00007	59	nan
Edaphobacter sp. 4G125	2763071	S	662	729	1391	0.00008	0.00004	0.00000	0.00004	55	4.0
Edaphobacter flagellatus	1933044	S	1791	1967	3758	0.00022	0.00011	0.00000	0.00011	57	5.0
Granulicella sp. WH15	2602070	S	1912	2060	3972	0.00023	0.00012	0.00000	0.00012	63	5.0
Granulicella sp. 5B5	1617967	S	1241	1312	2553	0.00015	0.00008	0.00009	0.00008	62	nan
Granulicella tundricola	940615	S	2226	2308	4534	0.00026	0.00013	0.00000	0.00013	61	5.0
Granulicella mallensis	940614	S	1346	1405	2751	0.00016	0.00008	0.00000	0.00008	59	5.0
Terriglobus roseus	392734	S	768	800	1568	0.00009	0.00005	0.00005	0.00005	60	nan
Terriglobus saanensis	870903	S	494	515	1009	0.00006	0.00003	0.00000	0.00003	58	5.0
Terriglobus albidus	1592106	S	405	410	815	0.00005	0.00002	0.00000	0.00002	58	4.0
Acidisarcina polymorpha	2211140	S	925	953	1878	0.00011	0.00005	0.00006	0.00005	56	nan
Alloacidobacterium dinghuense	2763107	S	485	489	974	0.00006	0.00003	0.00000	0.00003	56	4.0
Occallatibacter riparius	1002689	S	351	351	702	0.00004	0.00002	0.00000	0.00002	60	5.0
Acidobacterium capsulatum	33075	S	254	257	511	0.00003	0.00001	0.00000	0.00001	60	4.0
Candidatus Koribacter versatilis	658062	S	143	143	286	0.00002	0.00001	0.00000	0.00001	59	4.0
Homo sapiens	9606	S	238	238	476	0.00003	0.00001	0.00000	0.00001	38	4.0
