name	taxonomy_id	taxonomy_lvl	kraken_assigned_reads	added_reads	new_est_reads	fraction_total_reads	Bracken_estimate	GuaCAMOLE_estimate	GuaCAMOLE_est_eff	GC content	Taxon Removal Cycle
Pseudomonas amygdali	47877	S	282288	980930	1263218	0.07230	0.05615	0.05400	0.05503	59	nan
Pseudomonas savastanoi	29438	S	876	2790	3666	0.00021	0.00016	0.00000	0.00016	59	5.0
Pseudomonas ficuserectae	53410	S	485	846	1331	0.00008	0.00005	0.00000	0.00005	59	5.0
Pseudomonas syringae	317	S	2289	6332	8621	0.00049	0.00036	0.00035	0.00036	60	nan
Pseudomonas syringae group genomosp. 7	251699	S	703	715	1418	0.00008	0.00004	0.00000	0.00004	59	5.0
Pseudomonas viridiflava	33069	S	532	537	1069	0.00006	0.00003	0.00003	0.00003	61	nan
Pseudomonas asturiensis	1190415	S	203	205	408	0.00002	0.00001	0.00001	0.00001	61	nan
Pseudomonas nitroreducens	46680	S	219784	317365	537149	0.03075	0.01817	0.02031	0.01875	66	nan
Pseudomonas multiresinivorans	95301	S	264	282	546	0.00003	0.00002	0.00000	0.00002	66	4.0
Pseudomonas aeruginosa	287	S	808	3037	3845	0.00022	0.00017	0.00020	0.00018	63	nan
Pseudomonas sp. S35	1573719	S	152976	159975	312951	0.01791	0.00916	0.00925	0.00914	62	nan
Pseudomonas sp. LG1E9	2219057	S	53958	56934	110892	0.00635	0.00326	0.00328	0.00325	62	nan
Pseudomonas sp. FP198	2954084	S	956	978	1934	0.00011	0.00006	0.00006	0.00006	62	nan
Pseudomonas sp. PDNC002	2811422	S	298	309	607	0.00003	0.00002	0.00000	0.00002	66	4.0
Pseudomonas sp. 7SR1	1881017	S	297	301	598	0.00003	0.00002	0.00000	0.00002	63	5.0
Pseudomonas sp. C9-3	3078264	S	288	318	606	0.00003	0.00002	0.00000	0.00002	66	5.0
Pseudomonas sp. Tri1	2823875	S	277	291	568	0.00003	0.00002	0.00000	0.00002	62	5.0
Pseudomonas sp. Cab53	2678258	S	265	274	539	0.00003	0.00002	0.00000	0.00002	63	5.0
Pseudomonas sp. B21-010	2895471	S	251	297	548	0.00003	0.00002	0.00002	0.00002	62	nan
Pseudomonas sp. G2-4	1506334	S	224	233	457	0.00003	0.00001	0.00000	0.00001	62	5.0
Pseudomonas sp. GCEP-101	2974552	S	220	227	447	0.00003	0.00001	0.00000	0.00001	67	4.0
Pseudomonas sp. St316	2678257	S	207	225	432	0.00002	0.00001	0.00001	0.00001	62	nan
Pseudomonas sp. B21-054	2895494	S	203	216	419	0.00002	0.00001	0.00001	0.00001	62	nan
Pseudomonas sp. B21-056	2895495	S	200	207	407	0.00002	0.00001	0.00001	0.00001	62	nan
Pseudomonas sp. SCB32	2653853	S	189	194	383	0.00002	0.00001	0.00000	0.00001	67	4.0
Pseudomonas sp. ZM23	2961893	S	188	194	382	0.00002	0.00001	0.00000	0.00001	65	5.0
Pseudomonas sp. PSE14	3016341	S	172	177	349	0.00002	0.00001	0.00000	0.00001	67	4.0
Pseudomonas sp. B21-028	2895480	S	155	163	318	0.00002	0.00001	0.00001	0.00001	63	nan
Pseudomonas sp. ATCC 13867	1294143	S	142	147	289	0.00002	0.00001	0.00000	0.00001	66	4.0
Pseudomonas sp. FP2262	2954088	S	112	291	403	0.00002	0.00002	0.00002	0.00002	62	nan
Pseudomonas sp. St386	2678256	S	105	476	581	0.00003	0.00003	0.00000	0.00003	61	5.0
Pseudomonas fragi	296	S	68142	73647	141789	0.00812	0.00422	0.00393	0.00415	60	nan
Pseudomonas chlororaphis	587753	S	394	501	895	0.00005	0.00003	0.00004	0.00003	64	nan
Pseudomonas protegens	380021	S	151	187	338	0.00002	0.00001	0.00000	0.00001	64	5.0
Pseudomonas canavaninivorans	2859001	S	42530	58541	101071	0.00579	0.00335	0.00347	0.00335	62	nan
Pseudomonas alvandae	2842348	S	35018	47768	82786	0.00474	0.00273	0.00284	0.00274	62	nan
Pseudomonas fluorescens	294	S	1396	1595	2991	0.00017	0.00009	0.00010	0.00009	62	nan
Pseudomonas orientalis	76758	S	256	289	545	0.00003	0.00002	0.00002	0.00002	62	nan
Pseudomonas mediterranea	183795	S	225	267	492	0.00003	0.00002	0.00002	0.00002	63	nan
Pseudomonas congelans	200452	S	166	174	340	0.00002	0.00001	0.00000	0.00001	61	4.0
Pseudomonas corrugata	47879	S	161	180	341	0.00002	0.00001	0.00000	0.00001	62	5.0
Pseudomonas mucidolens	46679	S	115	120	235	0.00001	0.00001	0.00000	0.00001	60	4.0
Pseudomonas brassicacearum	930166	S	1069	1606	2675	0.00015	0.00009	0.00009	0.00009	62	nan
Pseudomonas thivervalensis	86265	S	749	781	1530	0.00009	0.00004	0.00005	0.00004	63	nan
Pseudomonas putida	303	S	387	569	956	0.00005	0.00003	0.00004	0.00003	63	nan
Pseudomonas viciae	2505979	S	268	280	548	0.00003	0.00002	0.00000	0.00002	62	5.0
Pseudomonas knackmussii	65741	S	114	119	233	0.00001	0.00001	0.00000	0.00001	65	5.0
Pseudomonas palleroniana	191390	S	109	111	220	0.00001	0.00001	0.00000	0.00001	62	5.0
Marinobacter sp. THAF197a	2587869	S	710	338352	339062	0.01941	0.01937	0.02069	0.01878	58	nan
Marinobacter sp. LQ44	1749259	S	594	694	1288	0.00007	0.00004	0.00004	0.00004	58	nan
Marinobacter sp. BSs20148	490759	S	125	130	255	0.00001	0.00001	0.00000	0.00001	55	4.0
Marinobacter sp. JH2	2547598	S	108	109	217	0.00001	0.00001	0.00000	0.00001	54	3.0
Citrobacter sp. RHB36-C18	2742627	S	160232	890262	1050494	0.06013	0.05096	0.04940	0.04872	55	nan
Citrobacter sp. On28M	2678565	S	351	358	709	0.00004	0.00002	0.00000	0.00002	53	5.0
Citrobacter sp. RHB25-C09	2742624	S	326	331	657	0.00004	0.00002	0.00002	0.00002	55	nan
Citrobacter sp. RHBSTW-01013	2742677	S	213	906	1119	0.00006	0.00005	0.00005	0.00005	55	nan
Citrobacter sp. S171	2971264	S	210	226	436	0.00002	0.00001	0.00001	0.00001	55	nan
Citrobacter sp. RHB35-C21	2742626	S	208	879	1087	0.00006	0.00005	0.00005	0.00005	55	nan
Citrobacter sp. R56	1573676	S	195	212	407	0.00002	0.00001	0.00001	0.00001	55	nan
Citrobacter sp. RHBSTW-00986	2742675	S	178	840	1018	0.00006	0.00005	0.00005	0.00005	54	nan
Citrobacter sp. RHBSTW-00524	2742653	S	153	646	799	0.00005	0.00004	0.00004	0.00004	54	nan
Citrobacter sp. FDAARGOS_156	1702170	S	145	468	613	0.00004	0.00003	0.00003	0.00003	54	nan
Citrobacter sp. 172116965	2683822	S	129	800	929	0.00005	0.00005	0.00004	0.00004	55	nan
Citrobacter sp. Colony219	2861802	S	119	432	551	0.00003	0.00002	0.00002	0.00002	55	nan
Citrobacter sp. RHBSTW-00570	2742655	S	101	925	1026	0.00006	0.00005	0.00005	0.00005	55	nan
Citrobacter braakii	57706	S	6266	28625	34891	0.00200	0.00164	0.00159	0.00157	55	nan
Citrobacter freundii	546	S	4848	11722	16570	0.00095	0.00067	0.00065	0.00064	54	nan
Citrobacter portucalensis	1639133	S	3680	5756	9436	0.00054	0.00033	0.00032	0.00031	54	nan
Citrobacter werkmanii	67827	S	1267	2708	3975	0.00023	0.00016	0.00015	0.00015	54	nan
Citrobacter youngae	133448	S	288	974	1262	0.00007	0.00006	0.00005	0.00005	54	nan
Citrobacter pasteurii	1563222	S	2578	3698	6276	0.00036	0.00021	0.00020	0.00020	54	nan
Citrobacter arsenatis	2546350	S	2507	2740	5247	0.00030	0.00016	0.00015	0.00015	55	nan
Citrobacter tructae	2562449	S	1050	1091	2141	0.00012	0.00006	0.00006	0.00006	53	nan
Citrobacter cronae	1748967	S	423	1919	2342	0.00013	0.00011	0.00011	0.00010	55	nan
Citrobacter farmeri	67824	S	274	293	567	0.00003	0.00002	0.00002	0.00002	55	nan
Citrobacter amalonaticus	35703	S	271	514	785	0.00004	0.00003	0.00003	0.00003	55	nan
Citrobacter rodentium	67825	S	244	311	555	0.00003	0.00002	0.00000	0.00002	56	5.0
Citrobacter koseri	545	S	228	339	567	0.00003	0.00002	0.00002	0.00002	55	nan
Symbiopectobacterium purcellii	2871826	S	90590	90753	181343	0.01038	0.00519	0.00507	0.00498	55	nan
Escherichia marmotae	1499973	S	28981	30655	59636	0.00341	0.00175	0.00169	0.00168	52	nan
Escherichia coli	562	S	6798	30111	36909	0.00211	0.00172	0.00171	0.00165	53	nan
Escherichia albertii	208962	S	356	382	738	0.00004	0.00002	0.00002	0.00002	52	nan
Escherichia fergusonii	564	S	187	333	520	0.00003	0.00002	0.00002	0.00002	52	nan
Escherichia sp. E4742	2044467	S	130	151	281	0.00002	0.00001	0.00001	0.00001	53	nan
Shigella sonnei	624	S	18820	60886	79706	0.00456	0.00349	0.00349	0.00333	53	nan
Shigella flexneri	623	S	145	3088	3233	0.00019	0.00018	0.00018	0.00017	53	nan
Shigella dysenteriae	622	S	130	356	486	0.00003	0.00002	0.00002	0.00002	53	nan
Salmonella enterica	28901	S	1383	21007	22390	0.00128	0.00120	0.00120	0.00116	54	nan
Klebsiella pneumoniae	573	S	400	1334	1734	0.00010	0.00008	0.00000	0.00007	57	5.0
Pectobacterium polonicum	2485124	S	144707	149722	294429	0.01685	0.00857	0.00827	0.00821	54	nan
Pectobacterium carotovorum	554	S	5028	6458	11486	0.00066	0.00037	0.00039	0.00035	54	nan
Pectobacterium punjabense	2108399	S	2759	2848	5607	0.00032	0.00016	0.00016	0.00016	52	nan
Pectobacterium versatile	2488639	S	2542	3533	6075	0.00035	0.00020	0.00000	0.00019	54	5.0
Pectobacterium brasiliense	180957	S	1559	1834	3393	0.00019	0.00011	0.00000	0.00010	54	5.0
Pectobacterium parmentieri	1905730	S	1482	1522	3004	0.00017	0.00009	0.00000	0.00008	53	5.0
Pectobacterium odoriferum	78398	S	1223	1355	2578	0.00015	0.00008	0.00000	0.00007	54	5.0
Pectobacterium sp. PL64	2738983	S	403	438	841	0.00005	0.00003	0.00000	0.00002	54	5.0
Pectobacterium sp. A5351	2914983	S	373	389	762	0.00004	0.00002	0.00000	0.00002	54	5.0
Pectobacterium sp. F1-1	2949614	S	333	438	771	0.00004	0.00003	0.00000	0.00002	54	5.0
Pectobacterium aroidearum	1201031	S	488	676	1164	0.00007	0.00004	0.00000	0.00004	54	5.0
Pectobacterium atrosepticum	29471	S	445	453	898	0.00005	0.00003	0.00000	0.00002	54	5.0
Pectobacterium actinidiae	1507808	S	421	433	854	0.00005	0.00002	0.00000	0.00002	54	5.0
Pectobacterium wasabiae	55208	S	407	418	825	0.00005	0.00002	0.00000	0.00002	53	5.0
Pectobacterium polaris	2042057	S	407	443	850	0.00005	0.00003	0.00000	0.00002	54	5.0
Pectobacterium cacticida	69221	S	268	269	537	0.00003	0.00002	0.00000	0.00001	51	4.0
Pectobacterium colocasium	2878098	S	248	320	568	0.00003	0.00002	0.00002	0.00002	54	nan
Pectobacterium aquaticum	2204145	S	196	233	429	0.00002	0.00001	0.00001	0.00001	54	nan
Pectobacterium quasiaquaticum	2774015	S	187	211	398	0.00002	0.00001	0.00000	0.00001	54	5.0
Pectobacterium parvum	2778550	S	181	206	387	0.00002	0.00001	0.00000	0.00001	54	5.0
Providencia sp. R33	2828763	S	160755	164131	324886	0.01860	0.00939	0.00965	0.00961	44	nan
Erwinia tasmaniensis	338565	S	121818	122620	244438	0.01399	0.00702	0.00686	0.00681	56	nan
Serratia rubidaea	61652	S	104118	115329	219447	0.01256	0.00660	0.00661	0.00665	63	nan
Halomonas sp. R57-5	1610576	S	529132	545487	1074619	0.06151	0.03122	0.03058	0.03001	57	nan
Marinobacterium aestuarii	1821621	S	224054	224567	448621	0.02568	0.01285	0.01294	0.01269	61	nan
Pasteurella canis	753	S	237343	238631	475974	0.02724	0.01366	0.01516	0.01501	37	nan
Pasteurella multocida	747	S	60942	73980	134922	0.00772	0.00423	0.00442	0.00437	41	nan
Gallibacterium salpingitidis	505341	S	44763	44926	89689	0.00513	0.00257	0.00285	0.00279	38	nan
Gallibacterium anatis	750	S	788	794	1582	0.00009	0.00005	0.00000	0.00005	41	4.0
Haemophilus parainfluenzae	729	S	526	532	1058	0.00006	0.00003	0.00000	0.00003	40	5.0
Haemophilus influenzae	727	S	132	198	330	0.00002	0.00001	0.00000	0.00001	39	4.0
Avibacterium paragallinarum	728	S	147	157	304	0.00002	0.00001	0.00000	0.00001	43	4.0
Vibrio rhizosphaerae	398736	S	140664	143018	283682	0.01624	0.00819	0.00801	0.00791	48	nan
Vibrio quintilis	1117707	S	88004	88292	176296	0.01009	0.00505	0.00496	0.00493	47	nan
Vibrio gallaecicus	552386	S	54738	55609	110347	0.00632	0.00318	0.00325	0.00322	42	nan
Vibrio ruber	184755	S	6875	6967	13842	0.00079	0.00040	0.00000	0.00039	47	5.0
Vibrio mangrovi	474394	S	1030	1032	2062	0.00012	0.00006	0.00000	0.00006	46	5.0
Vibrio spartinae	1918945	S	791	801	1592	0.00009	0.00005	0.00004	0.00004	47	nan
Vibrio gazogenes	687	S	647	653	1300	0.00007	0.00004	0.00000	0.00004	46	4.0
Vibrio parahaemolyticus	670	S	179	527	706	0.00004	0.00003	0.00000	0.00003	46	4.0
Vibrio cincinnatiensis	675	S	205	207	412	0.00002	0.00001	0.00000	0.00001	44	4.0
Vibrio vulnificus	672	S	171	175	346	0.00002	0.00001	0.00000	0.00001	48	4.0
Vibrio scophthalmi	45658	S	139	141	280	0.00002	0.00001	0.00000	0.00001	45	4.0
Photobacterium leiognathi	553611	S	105	146	251	0.00001	0.00001	0.00000	0.00001	43	4.0
Salinivibrio sp. YCSC6	2003370	S	167	199	366	0.00002	0.00001	0.00000	0.00001	51	4.0
Celerinatantimonas diazotrophica	412034	S	228725	228891	457616	0.02619	0.01310	0.01301	0.01293	44	nan
Shewanella sp. KX20019	2803864	S	71417	74912	146329	0.00838	0.00429	0.00427	0.00421	45	nan
Shewanella sp. MTB7	2746932	S	1990	2036	4026	0.00023	0.00012	0.00000	0.00012	43	5.0
Shewanella sp. GutDb-MelDb	2058316	S	1021	1687	2708	0.00016	0.00010	0.00000	0.00009	47	5.0
Shewanella sp. Scap07	2589987	S	778	806	1584	0.00009	0.00005	0.00000	0.00004	46	5.0
Shewanella sp. DAU312	3050637	S	671	838	1509	0.00009	0.00005	0.00000	0.00005	41	4.0
Shewanella sp. OMA3-2	2908650	S	479	516	995	0.00006	0.00003	0.00000	0.00003	42	5.0
Shewanella sp. SNU WT4	2590015	S	342	361	703	0.00004	0.00002	0.00000	0.00002	46	5.0
Shewanella sp. GutCb	2058315	S	286	286	572	0.00003	0.00002	0.00000	0.00002	38	4.0
Shewanella sp. Arc9-LZ	2698686	S	238	312	550	0.00003	0.00002	0.00000	0.00002	43	5.0
Shewanella sp. NFH-SH190041	2950245	S	237	242	479	0.00003	0.00001	0.00000	0.00001	49	4.0
Shewanella sp. WE21	2029986	S	115	316	431	0.00002	0.00002	0.00002	0.00002	45	nan
Shewanella sp. MEBiC00475	2575361	S	110	399	509	0.00003	0.00002	0.00002	0.00002	44	nan
Shewanella piezotolerans	404011	S	14148	14781	28929	0.00166	0.00085	0.00084	0.00083	44	nan
Shewanella sediminis	271097	S	4118	4299	8417	0.00048	0.00025	0.00000	0.00024	47	5.0
Shewanella halifaxensis	271098	S	3100	3278	6378	0.00037	0.00019	0.00019	0.00018	45	nan
Shewanella pealeana	70864	S	2909	3091	6000	0.00034	0.00018	0.00018	0.00017	46	nan
Shewanella psychromarinicola	2487742	S	1648	1754	3402	0.00019	0.00010	0.00000	0.00010	43	5.0
Shewanella psychrophila	225848	S	1567	1697	3264	0.00019	0.00010	0.00010	0.00010	45	nan
Shewanella donghaensis	238836	S	1171	1213	2384	0.00014	0.00007	0.00000	0.00007	41	4.0
Shewanella psychropiezotolerans	2593655	S	1035	1142	2177	0.00012	0.00007	0.00000	0.00006	47	5.0
Shewanella woodyi	60961	S	1018	1049	2067	0.00012	0.00006	0.00006	0.00006	45	nan
Shewanella benthica	43661	S	1014	1091	2105	0.00012	0.00006	0.00000	0.00006	48	5.0
Shewanella violacea	60217	S	779	831	1610	0.00009	0.00005	0.00000	0.00005	46	5.0
Shewanella mesophila	2864208	S	684	738	1422	0.00008	0.00004	0.00004	0.00004	45	nan
Shewanella psychrotolerans	2864206	S	672	736	1408	0.00008	0.00004	0.00004	0.00004	45	nan
Shewanella baltica	62322	S	582	1800	2382	0.00014	0.00010	0.00000	0.00010	46	5.0
Shewanella marisflavi	260364	S	519	561	1080	0.00006	0.00003	0.00000	0.00003	51	4.0
Shewanella vesiculosa	518738	S	510	582	1092	0.00006	0.00003	0.00000	0.00003	42	5.0
Shewanella maritima	2520507	S	494	502	996	0.00006	0.00003	0.00003	0.00003	45	nan
Shewanella livingstonensis	150120	S	470	532	1002	0.00006	0.00003	0.00000	0.00003	43	5.0
Shewanella aestuarii	1028752	S	469	487	956	0.00005	0.00003	0.00000	0.00003	41	4.0
Shewanella putrefaciens	24	S	441	2904	3345	0.00019	0.00017	0.00017	0.00016	45	nan
Shewanella inventionis	1738770	S	406	477	883	0.00005	0.00003	0.00000	0.00003	43	5.0
Shewanella glacialimarina	2590884	S	396	417	813	0.00005	0.00002	0.00000	0.00002	42	5.0
Shewanella denitrificans	192073	S	372	386	758	0.00004	0.00002	0.00000	0.00002	46	5.0
Shewanella frigidimarina	56812	S	299	409	708	0.00004	0.00002	0.00000	0.00002	42	5.0
Shewanella acanthi	2864212	S	276	291	567	0.00003	0.00002	0.00000	0.00002	49	4.0
Shewanella algae	38313	S	276	435	711	0.00004	0.00002	0.00000	0.00002	54	5.0
Shewanella oneidensis	70863	S	248	305	553	0.00003	0.00002	0.00000	0.00002	47	5.0
Shewanella xiamenensis	332186	S	217	1087	1304	0.00007	0.00006	0.00006	0.00006	45	nan
Shewanella yunxiaonensis	2829809	S	188	195	383	0.00002	0.00001	0.00000	0.00001	50	4.0
Shewanella seohaensis	755175	S	134	303	437	0.00003	0.00002	0.00000	0.00002	47	5.0
Shewanella avicenniae	2814294	S	134	137	271	0.00002	0.00001	0.00000	0.00001	49	4.0
Shewanella decolorationis	256839	S	113	225	338	0.00002	0.00001	0.00000	0.00001	47	5.0
Shewanella japonica	93973	S	112	479	591	0.00003	0.00003	0.00003	0.00003	44	nan
Shewanella dokdonensis	712036	S	106	108	214	0.00001	0.00001	0.00000	0.00001	50	4.0
Colwellia psychrerythraea	28229	S	173	185	358	0.00002	0.00001	0.00000	0.00001	38	4.0
Lysobacter terrestris	2865112	S	84777	85043	169820	0.00972	0.00487	0.00590	0.00550	69	nan
Thiothrix lacustris	525917	S	32792	34491	67283	0.00385	0.00197	0.00191	0.00188	53	nan
Chromatium okenii	61644	S	292	292	584	0.00003	0.00002	0.00000	0.00002	42	4.0
Thiocystis violascens	73141	S	237	313	550	0.00003	0.00002	0.00000	0.00002	64	4.0
Phyllobacterium zundukense	1867719	S	567944	569109	1137053	0.06508	0.03257	0.03094	0.03144	57	nan
Phyllobacterium sp. T1293	555317	S	220	231	451	0.00003	0.00001	0.00000	0.00001	55	4.0
Phyllobacterium sp. 628	2718938	S	170	177	347	0.00002	0.00001	0.00000	0.00001	56	4.0
Rhizobium jaguaris	1312183	S	176839	177295	354134	0.02027	0.01015	0.01010	0.01000	60	nan
Rhizobium tropici	398	S	39160	41891	81051	0.00464	0.00240	0.00229	0.00236	60	nan
Brucella inopinata	1218315	S	71421	123508	194929	0.01116	0.00707	0.00700	0.00686	59	nan
Brucella melitensis	29459	S	197	2297	2494	0.00014	0.00013	0.00013	0.00013	59	nan
Brucella abortus	235	S	196	12227	12423	0.00071	0.00070	0.00069	0.00068	59	nan
Pseudorhodoplanes sinuspersici	1235591	S	138226	138273	276499	0.01583	0.00791	0.00819	0.00786	61	nan
Sphingomonas sp. FARSPH	2219696	S	1618	1902	3520	0.00020	0.00011	0.00000	0.00012	68	5.0
Sphingobium amiense	135719	S	126	184	310	0.00002	0.00001	0.00000	0.00001	65	4.0
Limnohabitans sp. 103DPR2	1678129	S	418251	419122	837373	0.04793	0.02399	0.02294	0.02266	53	nan
Comamonas kerstersii	225992	S	68787	69293	138080	0.00790	0.00397	0.00387	0.00394	61	nan
Comamonas aquatica	225991	S	1710	1750	3460	0.00020	0.00010	0.00000	0.00011	67	5.0
Simplicispira suum	2109915	S	59659	60193	119852	0.00686	0.00345	0.00332	0.00357	64	nan
Hydrogenophaga crocea	2716225	S	165	172	337	0.00002	0.00001	0.00000	0.00001	70	4.0
Polynucleobacter sp. es-EL-1	1855652	S	141473	142703	284176	0.01627	0.00817	0.00794	0.00786	45	nan
Polynucleobacter sp. HIN5	3047864	S	19368	19857	39225	0.00225	0.00114	0.00110	0.00108	48	nan
Ralstonia pickettii	329	S	112	123	235	0.00001	0.00001	0.00000	0.00001	65	4.0
Oxalobacter aliiformigenes	2946593	S	99527	99670	199197	0.01140	0.00570	0.00546	0.00544	52	nan
Bordetella hinzii	103855	S	302	314	616	0.00004	0.00002	0.00000	0.00002	68	4.0
Neisseria arctica	1470200	S	24469	24525	48994	0.00280	0.00140	0.00138	0.00137	48	nan
Neisseria subflava	28449	S	13057	15129	28186	0.00161	0.00087	0.00086	0.00084	52	nan
Neisseria sp. Marseille-Q5346	2972775	S	3302	3975	7277	0.00042	0.00023	0.00023	0.00022	53	nan
Neisseria sp. RH3002v2g	1871109	S	1220	1595	2815	0.00016	0.00009	0.00000	0.00009	51	5.0
Neisseria sp. DTU_2021_1001991_1_SI_NGA_ILE_055	3077590	S	930	1185	2115	0.00012	0.00007	0.00007	0.00007	53	nan
Neisseria sp. Marseille-Q6792	2937985	S	110	130	240	0.00001	0.00001	0.00000	0.00001	54	5.0
Neisseria mucosa	488	S	1044	1256	2300	0.00013	0.00007	0.00008	0.00007	53	nan
Neisseria perflava	33053	S	885	3014	3899	0.00022	0.00017	0.00018	0.00017	52	nan
Neisseria flavescens	484	S	870	983	1853	0.00011	0.00006	0.00006	0.00005	52	nan
Neisseria meningitidis	487	S	569	719	1288	0.00007	0.00004	0.00000	0.00004	54	5.0
Neisseria sicca	490	S	231	402	633	0.00004	0.00002	0.00000	0.00002	53	5.0
Neisseria elongata	495	S	213	217	430	0.00002	0.00001	0.00000	0.00001	58	4.0
Neisseria lactamica	486	S	183	211	394	0.00002	0.00001	0.00000	0.00001	54	5.0
Neisseria cinerea	483	S	126	135	261	0.00001	0.00001	0.00000	0.00001	53	4.0
Conchiformibius steedae	153493	S	51815	51933	103748	0.00594	0.00297	0.00287	0.00287	52	nan
Chromobacterium haemolyticum	394935	S	9490	25488	34978	0.00200	0.00146	0.00148	0.00152	64	nan
Chromobacterium rhizoryzae	1778675	S	2794	4810	7604	0.00044	0.00028	0.00030	0.00029	65	nan
Chromobacterium sp. Beijing	2735795	S	415	549	964	0.00006	0.00003	0.00004	0.00003	66	nan
Azospira inquinata	2785627	S	55426	55490	110916	0.00635	0.00318	0.00342	0.00329	64	nan
Sulfuriferula nivalis	2675298	S	49791	49833	99624	0.00570	0.00285	0.00276	0.00273	48	nan
Acidithiobacillus sp. 'AMD consortium'	2614801	S	73461	424095	497556	0.02848	0.02427	0.02434	0.02396	62	nan
Acidithiobacillus ferrooxidans	920	S	1561	1756	3317	0.00019	0.00010	0.00010	0.00010	60	nan
Acidithiobacillus ferrivorans	160808	S	651	667	1318	0.00008	0.00004	0.00000	0.00004	58	5.0
Acidithiobacillus ferriphilus	1689834	S	424	434	858	0.00005	0.00002	0.00000	0.00002	59	5.0
Acidithiobacillus thiooxidans	930	S	126	127	253	0.00001	0.00001	0.00000	0.00001	54	3.0
Bacillus subtilis	1423	S	167640	673476	841116	0.04814	0.03855	0.04010	0.03807	45	nan
Bacillus velezensis	492670	S	6208	37753	43961	0.00252	0.00216	0.00217	0.00212	46	nan
Bacillus amyloliquefaciens	1390	S	952	4732	5684	0.00033	0.00027	0.00027	0.00027	47	nan
Bacillus siamensis	659243	S	234	371	605	0.00003	0.00002	0.00002	0.00002	47	nan
Bacillus paralicheniformis	1648923	S	4439	4969	9408	0.00054	0.00028	0.00028	0.00028	47	nan
Bacillus sonorensis	119858	S	1700	12017	13717	0.00079	0.00069	0.00070	0.00068	45	nan
Bacillus licheniformis	1402	S	1406	33415	34821	0.00199	0.00191	0.00196	0.00189	45	nan
Bacillus vallismortis	72361	S	1043	1066	2109	0.00012	0.00006	0.00006	0.00006	45	nan
Bacillus atrophaeus	1452	S	729	740	1469	0.00008	0.00004	0.00000	0.00004	45	5.0
Bacillus inaquosorum	483913	S	645	685	1330	0.00008	0.00004	0.00004	0.00004	45	nan
Bacillus spizizenii	96241	S	571	1494	2065	0.00012	0.00009	0.00009	0.00008	45	nan
Bacillus halotolerans	260554	S	259	406	665	0.00004	0.00002	0.00002	0.00002	45	nan
Bacillus mojavensis	72360	S	178	199	377	0.00002	0.00001	0.00000	0.00001	44	5.0
Bacillus tequilensis	227866	S	377	388	765	0.00004	0.00002	0.00000	0.00002	45	5.0
Bacillus stercoris	2054641	S	173	353	526	0.00003	0.00002	0.00002	0.00002	45	nan
Bacillus sp. OxB-1	98228	S	104454	104894	209348	0.01198	0.00600	0.00583	0.00577	50	nan
Bacillus sp. LJBV19	2821409	S	7380	24688	32068	0.00184	0.00141	0.00141	0.00139	46	nan
Bacillus sp. SB49	1071080	S	343	468	811	0.00005	0.00003	0.00003	0.00003	47	nan
Bacillus sp. BAC	1027627	S	288	118281	118569	0.00679	0.00677	0.00699	0.00668	45	nan
Bacillus sp. HSf4	3035514	S	197	4184	4381	0.00025	0.00024	0.00000	0.00023	48	5.0
Bacillus sp. NSP9.1	1071078	S	148	2719	2867	0.00016	0.00016	0.00000	0.00015	48	5.0
Bacillus sp. KH172YL63	2709784	S	123	123	246	0.00001	0.00001	0.00000	0.00001	46	5.0
Bacillus gobiensis	1441095	S	45806	45884	91690	0.00525	0.00263	0.00271	0.00271	41	nan
Bacillus glycinifermentans	1664069	S	5862	5919	11781	0.00067	0.00034	0.00034	0.00033	48	nan
Bacillus swezeyi	1925020	S	2122	2130	4252	0.00024	0.00012	0.00012	0.00012	45	nan
Bacillus rugosus	2715209	S	322	340	662	0.00004	0.00002	0.00000	0.00002	44	5.0
Bacillus cabrialesii	2487276	S	308	319	627	0.00004	0.00002	0.00002	0.00002	46	nan
Bacillus pumilus	1408	S	287	293	580	0.00003	0.00002	0.00000	0.00002	42	4.0
Bacillus haynesii	1925021	S	186	360	546	0.00003	0.00002	0.00002	0.00002	46	nan
Bacillus safensis	561879	S	140	196	336	0.00002	0.00001	0.00000	0.00001	43	4.0
Bacillus altitudinis	293387	S	102	118	220	0.00001	0.00001	0.00000	0.00001	42	4.0
Halobacillus litoralis	45668	S	268127	268838	536965	0.03073	0.01539	0.01666	0.01536	43	nan
Halobacillus shinanisalinarum	2932258	S	229363	230923	460286	0.02635	0.01322	0.01366	0.01354	41	nan
Halobacillus mangrovi	402384	S	1914	1918	3832	0.00022	0.00011	0.00000	0.00011	42	5.0
Halobacillus halophilus	1570	S	1299	1302	2601	0.00015	0.00007	0.00000	0.00008	42	4.0
Halobacillus amylolyticus	2932259	S	564	568	1132	0.00006	0.00003	0.00000	0.00003	40	4.0
Halobacillus salinarum	2932257	S	465	465	930	0.00005	0.00003	0.00000	0.00003	43	5.0
Halobacillus naozhouensis	554880	S	244	244	488	0.00003	0.00001	0.00000	0.00001	42	4.0
Halobacillus sp. ACCC02827	3052090	S	229	316	545	0.00003	0.00002	0.00000	0.00002	48	5.0
Priestia koreensis	284581	S	362550	363748	726298	0.04157	0.02082	0.02280	0.02160	41	nan
Priestia megaterium	1404	S	195	368	563	0.00003	0.00002	0.00000	0.00002	38	4.0
Geobacillus kaustophilus	1462	S	15371	89023	104394	0.00598	0.00510	0.00500	0.00492	54	nan
Geobacillus thermoleovorans	33941	S	275	2964	3239	0.00019	0.00017	0.00017	0.00016	54	nan
Geobacillus thermocatenulatus	33938	S	131	154	285	0.00002	0.00001	0.00001	0.00001	54	nan
Geobacillus thermodenitrificans	33940	S	16836	40539	57375	0.00328	0.00232	0.00225	0.00224	52	nan
Geobacillus sp. 47C-IIb	1963026	S	878	5937	6815	0.00039	0.00034	0.00033	0.00033	52	nan
Geobacillus sp. 46C-IIa	1963025	S	316	332	648	0.00004	0.00002	0.00002	0.00002	54	nan
Geobacillus subterraneus	129338	S	457	502	959	0.00005	0.00003	0.00003	0.00003	54	nan
Geobacillus stearothermophilus	1422	S	376	522	898	0.00005	0.00003	0.00003	0.00003	55	nan
Geobacillus genomosp. 3	1921421	S	202	209	411	0.00002	0.00001	0.00001	0.00001	55	nan
Geobacillus proteiniphilus	860353	S	108	143	251	0.00001	0.00001	0.00001	0.00001	55	nan
Virgibacillus phasianinus	2017483	S	130	265	395	0.00002	0.00002	0.00000	0.00002	39	4.0
Pontibacillus sp. ALD_SL1	2777185	S	249	256	505	0.00003	0.00001	0.00000	0.00001	41	4.0
Pontibacillus sp. HMF3514	2692425	S	145	146	291	0.00002	0.00001	0.00000	0.00001	39	4.0
Pontibacillus chungwhensis	265426	S	137	142	279	0.00002	0.00001	0.00000	0.00001	41	5.0
Rossellomorea marisflavi	189381	S	142	142	284	0.00002	0.00001	0.00000	0.00001	50	4.0
Rossellomorea vietnamensis	218284	S	112	212	324	0.00002	0.00001	0.00000	0.00001	45	4.0
Lentibacillus amyloliquefaciens	1472767	S	103	104	207	0.00001	0.00001	0.00000	0.00001	42	4.0
Radiobacillus deserti	2594883	S	104	105	209	0.00001	0.00001	0.00000	0.00001	39	4.0
Radiobacillus kanasensis	2844358	S	101	102	203	0.00001	0.00001	0.00000	0.00001	40	4.0
Salimicrobium jeotgali	1230341	S	175	175	350	0.00002	0.00001	0.00000	0.00001	48	4.0
Sutcliffiella horikoshii	79883	S	134	169	303	0.00002	0.00001	0.00000	0.00001	40	4.0
Sediminibacillus dalangtanensis	2729421	S	114	114	228	0.00001	0.00001	0.00000	0.00001	44	4.0
Pseudalkalibacillus hwajinpoensis	208199	S	114	114	228	0.00001	0.00001	0.00000	0.00001	40	4.0
Paenibacillus baekrokdamisoli	1712516	S	67806	67914	135720	0.00777	0.00389	0.00381	0.00378	46	nan
Paenibacillus cellulositrophicus	562959	S	46071	47292	93363	0.00534	0.00271	0.00258	0.00261	54	nan
Paenibacillus sp. PSB04	2866810	S	44582	45942	90524	0.00518	0.00263	0.00253	0.00254	56	nan
Paenibacillus polymyxa	1406	S	14886	16484	31370	0.00180	0.00094	0.00094	0.00092	47	nan
Paenibacillus azoreducens	116718	S	103	103	206	0.00001	0.00001	0.00000	0.00001	50	3.0
Sporosarcina ureae	1571	S	111	185	296	0.00002	0.00001	0.00000	0.00001	41	4.0
Streptococcus sp. DTU_2020_1001019_1_SI_AUS_MUR_006	3077584	S	56895	61245	118140	0.00676	0.00351	0.00370	0.00366	42	nan
Streptococcus sp. oral taxon 431	712633	S	27249	29646	56895	0.00326	0.00170	0.00183	0.00177	41	nan
Streptococcus sp. A12	1759399	S	23569	26088	49657	0.00284	0.00149	0.00158	0.00151	44	nan
Streptococcus sp. Marseille-Q3533	2759692	S	5594	5915	11509	0.00066	0.00034	0.00000	0.00036	40	5.0
Streptococcus sp. oral taxon 061	712623	S	5079	5624	10703	0.00061	0.00032	0.00038	0.00034	41	nan
Streptococcus sp. Marseille-Q6470	2972784	S	4093	4507	8600	0.00049	0.00026	0.00000	0.00027	42	5.0
Streptococcus sp. LPB0220	2610896	S	3012	3468	6480	0.00037	0.00020	0.00020	0.00020	44	nan
Streptococcus sp. 116-D4	2598453	S	1878	2002	3880	0.00022	0.00011	0.00012	0.00012	41	nan
Streptococcus sp. NPS 308	1902136	S	446	513	959	0.00005	0.00003	0.00003	0.00003	43	nan
Streptococcus sp. D7B5	3038077	S	414	644	1058	0.00006	0.00004	0.00004	0.00004	43	nan
Streptococcus sp. 1643	2576376	S	309	442	751	0.00004	0.00003	0.00003	0.00003	43	nan
Streptococcus sp. FDAARGOS_192	1839799	S	185	305	490	0.00003	0.00002	0.00002	0.00002	42	nan
Streptococcus sp. 29892	3028083	S	169	194	363	0.00002	0.00001	0.00000	0.00001	43	5.0
Streptococcus australis	113107	S	45963	64545	110508	0.00633	0.00369	0.00383	0.00374	44	nan
Streptococcus parasanguinis	1318	S	17397	18673	36070	0.00206	0.00107	0.00108	0.00108	43	nan
Streptococcus ilei	1156431	S	14807	20608	35415	0.00203	0.00118	0.00119	0.00119	44	nan
Streptococcus rubneri	1234680	S	9951	12528	22479	0.00129	0.00072	0.00073	0.00073	43	nan
Streptococcus oralis	1303	S	7934	9115	17049	0.00098	0.00052	0.00053	0.00053	43	nan
Streptococcus koreensis	2382163	S	7176	10623	17799	0.00102	0.00061	0.00061	0.00061	44	nan
Streptococcus pneumoniae	1313	S	4275	5188	9463	0.00054	0.00030	0.00031	0.00031	42	nan
Streptococcus salivarius	1304	S	4129	4659	8788	0.00050	0.00027	0.00000	0.00028	41	5.0
Streptococcus lactarius	684066	S	3977	4073	8050	0.00046	0.00023	0.00024	0.00024	43	nan
Streptococcus mitis	28037	S	3709	4115	7824	0.00045	0.00024	0.00025	0.00024	42	nan
Streptococcus infantis	68892	S	2944	3114	6058	0.00035	0.00018	0.00021	0.00019	41	nan
Streptococcus gordonii	1302	S	1698	1736	3434	0.00020	0.00010	0.00000	0.00010	41	5.0
Streptococcus sanguinis	1305	S	1134	1206	2340	0.00013	0.00007	0.00000	0.00007	46	5.0
Streptococcus cristatus	45634	S	1076	1098	2174	0.00012	0.00006	0.00000	0.00006	44	5.0
Streptococcus thermophilus	1308	S	1067	1163	2230	0.00013	0.00007	0.00000	0.00007	41	5.0
Streptococcus anginosus	1328	S	607	803	1410	0.00008	0.00005	0.00000	0.00005	40	5.0
Streptococcus intermedius	1338	S	237	271	508	0.00003	0.00002	0.00000	0.00002	38	4.0
Streptococcus equi	1336	S	629	646	1275	0.00007	0.00004	0.00000	0.00004	43	5.0
Streptococcus dysgalactiae	1334	S	120	355	475	0.00003	0.00002	0.00002	0.00002	42	nan
Streptococcus suis	1307	S	739	859	1598	0.00009	0.00005	0.00005	0.00005	42	nan
Streptococcus toyakuensis	2819619	S	536	664	1200	0.00007	0.00004	0.00004	0.00004	43	nan
Streptococcus gwangjuense	1433513	S	535	616	1151	0.00007	0.00004	0.00004	0.00004	42	nan
Streptococcus himalayensis	1888195	S	428	437	865	0.00005	0.00003	0.00000	0.00003	42	5.0
Streptococcus pseudopneumoniae	257758	S	397	462	859	0.00005	0.00003	0.00000	0.00003	43	5.0
Streptococcus agalactiae	1311	S	396	1437	1833	0.00010	0.00008	0.00009	0.00009	41	nan
Streptococcus oriscaviae	2781599	S	254	257	511	0.00003	0.00001	0.00000	0.00001	44	4.0
Streptococcus parasuis	1501662	S	246	258	504	0.00003	0.00001	0.00000	0.00002	40	5.0
Streptococcus pyogenes	1314	S	213	242	455	0.00003	0.00001	0.00000	0.00001	40	5.0
Streptococcus alactolyticus	29389	S	210	222	432	0.00002	0.00001	0.00000	0.00001	43	5.0
Streptococcus canis	1329	S	207	215	422	0.00002	0.00001	0.00000	0.00001	40	4.0
Streptococcus equinus	1335	S	196	217	413	0.00002	0.00001	0.00000	0.00001	39	4.0
Streptococcus ferus	1345	S	185	185	370	0.00002	0.00001	0.00000	0.00001	44	4.0
Streptococcus merionis	400065	S	183	183	366	0.00002	0.00001	0.00000	0.00001	44	5.0
Streptococcus vestibularis	1343	S	177	191	368	0.00002	0.00001	0.00000	0.00001	42	5.0
Streptococcus iniae	1346	S	172	174	346	0.00002	0.00001	0.00000	0.00001	37	4.0
Streptococcus pluranimalium	82348	S	146	149	295	0.00002	0.00001	0.00000	0.00001	40	4.0
Streptococcus urinalis	149016	S	141	148	289	0.00002	0.00001	0.00000	0.00001	34	4.0
Streptococcus sobrinus	1310	S	139	139	278	0.00002	0.00001	0.00000	0.00001	46	4.0
Streptococcus pseudoporcinus	361101	S	135	139	274	0.00002	0.00001	0.00000	0.00001	37	4.0
Streptococcus mutans	1309	S	134	139	273	0.00002	0.00001	0.00000	0.00001	37	4.0
Streptococcus uberis	1349	S	132	133	265	0.00002	0.00001	0.00000	0.00001	37	4.0
Streptococcus milleri	33040	S	130	249	379	0.00002	0.00001	0.00002	0.00001	41	nan
Streptococcus respiraculi	2021971	S	130	131	261	0.00001	0.00001	0.00001	0.00001	43	nan
Streptococcus marmotae	1825069	S	130	135	265	0.00002	0.00001	0.00000	0.00001	42	5.0
Streptococcus acidominimus	1326	S	102	105	207	0.00001	0.00001	0.00000	0.00001	41	5.0
Ligilactobacillus cholophilus	3050131	S	46110	46199	92309	0.00528	0.00264	0.00331	0.00337	32	nan
Limosilactobacillus oris	1632	S	45089	45333	90422	0.00518	0.00259	0.00000	0.00251	53	5.0
Limosilactobacillus reuteri	1598	S	158	159	317	0.00002	0.00001	0.00000	0.00001	40	4.0
Limosilactobacillus vaginalis	1633	S	146	147	293	0.00002	0.00001	0.00000	0.00001	41	4.0
Limosilactobacillus fermentum	1613	S	142	167	309	0.00002	0.00001	0.00000	0.00001	54	4.0
Limosilactobacillus portuensis	2742601	S	120	181	301	0.00002	0.00001	0.00000	0.00001	40	4.0
Erysipelothrix piscisicarius	2485784	S	580978	587360	1168338	0.06687	0.03362	0.03689	0.03647	37	nan
Carboxydocella thermautotrophica	178899	S	222660	222705	445365	0.02549	0.01275	0.01252	0.01235	52	nan
Simiaoa sunii	2763672	S	43823	45188	89011	0.00509	0.00259	0.00254	0.00252	48	nan
Ruminococcus sp. SR1/5	657323	S	18690	25391	44081	0.00252	0.00145	0.00144	0.00143	46	nan
Brevibacterium pigmentatum	1496080	S	643137	673474	1316611	0.07536	0.03855	0.04187	0.04036	66	nan
Brevibacterium siliguriense	1136497	S	36806	37142	73948	0.00423	0.00213	0.00230	0.00221	65	nan
Brevibacterium linens	1703	S	136	141	277	0.00002	0.00001	0.00001	0.00001	65	nan
Arthrobacter zhangbolii	2886936	S	50064	50232	100296	0.00574	0.00288	0.00314	0.00308	66	nan
Pseudoglutamicibacter albus	98671	S	326	328	654	0.00004	0.00002	0.00000	0.00002	61	5.0
Corynebacterium amycolatum	43765	S	199424	210078	409502	0.02344	0.01202	0.01152	0.01179	60	nan
Corynebacterium sp. LK31	2044576	S	9084	9098	18182	0.00104	0.00052	0.00053	0.00050	56	nan
Corynebacterium lactis	1231000	S	412	412	824	0.00005	0.00002	0.00000	0.00002	62	4.0
Corynebacterium urealyticum	43771	S	165	165	330	0.00002	0.00001	0.00000	0.00001	66	4.0
Corynebacterium freneyi	134034	S	156	156	312	0.00002	0.00001	0.00000	0.00001	70	4.0
Corynebacterium ihumii	1232427	S	139	143	282	0.00002	0.00001	0.00000	0.00001	67	4.0
Corynebacterium riegelii	156976	S	117	117	234	0.00001	0.00001	0.00000	0.00001	62	4.0
Corynebacterium tuberculostearicum	38304	S	114	114	228	0.00001	0.00001	0.00000	0.00001	60	5.0
Mycolicibacterium boenickei	146017	S	64151	64889	129040	0.00739	0.00371	0.00419	0.00405	67	nan
Micromonospora sp. HUAS LYJ1	3061626	S	34653	35634	70287	0.00402	0.00204	0.00217	0.00276	73	nan
Nostoc sp. TCL26-01	2576904	S	299479	299566	599045	0.03429	0.01715	0.01761	0.01753	42	nan
Synechococcus sp. PROS-U-1	1400866	S	229786	231176	460962	0.02638	0.01323	0.01369	0.01312	60	nan
Gloeomargarita lithophora	1188228	S	218380	218386	436766	0.02500	0.01250	0.01217	0.01212	57	nan
Mycoplasmopsis gallopavonis	76629	S	62793	63412	126205	0.00722	0.00363	0.00438	0.00538	26	nan
Phocaeicola dorei	357276	S	968673	1117809	2086482	0.11943	0.06398	0.06625	0.06513	42	nan
Phocaeicola vulgatus	821	S	19536	23855	43391	0.00248	0.00137	0.00000	0.00138	43	5.0
Phocaeicola salanitronis	376805	S	1247	1269	2516	0.00014	0.00007	0.00000	0.00007	49	5.0
Phocaeicola coprophilus	387090	S	1057	1167	2224	0.00013	0.00007	0.00000	0.00007	46	4.0
Bacteroides fragilis	817	S	16182	17357	33539	0.00192	0.00099	0.00000	0.00100	45	4.0
Bacteroides ovatus	28116	S	7471	9376	16847	0.00096	0.00054	0.00000	0.00054	43	4.0
Bacteroides sp. HF-162	2785531	S	3929	7679	11608	0.00066	0.00044	0.00000	0.00044	46	5.0
Bacteroides sp. PHL 2737	2162637	S	774	20853	21627	0.00124	0.00119	0.00000	0.00120	44	4.0
Bacteroides sp. D2	556259	S	443	472	915	0.00005	0.00003	0.00000	0.00003	43	4.0
Bacteroides sp. CACC 737	2755405	S	230	314	544	0.00003	0.00002	0.00000	0.00002	47	5.0
Bacteroides sp. A1C1	2528203	S	207	303	510	0.00003	0.00002	0.00000	0.00002	47	5.0
Bacteroides caccae	47678	S	3726	3875	7601	0.00044	0.00022	0.00000	0.00022	44	4.0
Bacteroides salyersiae	291644	S	3603	3742	7345	0.00042	0.00021	0.00000	0.00022	43	4.0
Bacteroides thetaiotaomicron	818	S	3485	3685	7170	0.00041	0.00021	0.00000	0.00021	45	4.0
Bacteroides stercoris	46506	S	2171	2357	4528	0.00026	0.00013	0.00000	0.00013	48	5.0
Bacteroides eggerthii	28111	S	2076	2324	4400	0.00025	0.00013	0.00000	0.00013	46	5.0
Bacteroides caecimuris	1796613	S	1252	1344	2596	0.00015	0.00008	0.00000	0.00008	44	4.0
Bacteroides cellulosilyticus	246787	S	788	847	1635	0.00009	0.00005	0.00000	0.00005	44	4.0
Bacteroides uniformis	820	S	713	885	1598	0.00009	0.00005	0.00000	0.00005	48	5.0
Bacteroides faecium	2715212	S	702	703	1405	0.00008	0.00004	0.00000	0.00004	45	4.0
Bacteroides xylanisolvens	371601	S	524	659	1183	0.00007	0.00004	0.00000	0.00004	43	4.0
Bacteroides zhangwenhongii	2650157	S	495	532	1027	0.00006	0.00003	0.00000	0.00003	44	4.0
Bacteroides faecis	674529	S	244	263	507	0.00003	0.00002	0.00000	0.00002	44	4.0
Bacteroides helcogenes	290053	S	238	239	477	0.00003	0.00001	0.00000	0.00001	45	4.0
Bacteroides nordii	291645	S	157	160	317	0.00002	0.00001	0.00000	0.00001	42	4.0
Bacteroides luhongzhouii	2650158	S	111	112	223	0.00001	0.00001	0.00000	0.00001	42	4.0
Coprobacter fastidiosus	1099853	S	204880	205925	410805	0.02351	0.01179	0.01307	0.01260	40	nan
Coprobacter secundus	1501392	S	1172	1234	2406	0.00014	0.00007	0.00000	0.00008	37	4.0
Prevotella communis	2913614	S	106643	106945	213588	0.01223	0.00612	0.00601	0.00590	52	nan
Paraprevotella xylaniphila	454155	S	3689	3924	7613	0.00044	0.00022	0.00000	0.00022	50	4.0
Paraprevotella clara	454154	S	420	431	851	0.00005	0.00002	0.00002	0.00002	51	nan
Segatella copri	165179	S	239	241	480	0.00003	0.00001	0.00000	0.00001	48	5.0
Parabacteroides distasonis	823	S	3388	7060	10448	0.00060	0.00040	0.00000	0.00040	46	4.0
Parabacteroides merdae	46503	S	1110	1266	2376	0.00014	0.00007	0.00000	0.00007	47	5.0
Parabacteroides goldsteinii	328812	S	1035	1093	2128	0.00012	0.00006	0.00000	0.00006	45	4.0
Parabacteroides johnsonii	387661	S	430	656	1086	0.00006	0.00004	0.00000	0.00004	46	4.0
Parabacteroides chongii	2685834	S	153	161	314	0.00002	0.00001	0.00000	0.00001	45	4.0
Odoribacter splanchnicus	28118	S	454	598	1052	0.00006	0.00003	0.00000	0.00003	45	4.0
Butyricimonas faecalis	2093856	S	200	235	435	0.00002	0.00001	0.00000	0.00001	44	4.0
Sodaliphilus pleomorphus	2606626	S	362	370	732	0.00004	0.00002	0.00000	0.00002	59	5.0
Alistipes finegoldii	214856	S	123	175	298	0.00002	0.00001	0.00000	0.00001	61	5.0
Chryseobacterium taklimakanense	536441	S	316158	324377	640535	0.03666	0.01857	0.01919	0.01922	43	nan
Aestuariibaculum lutulentum	2920935	S	129931	130052	259983	0.01488	0.00744	0.00869	0.00847	35	nan
Constantimarinum furrinae	2562285	S	31659	31675	63334	0.00363	0.00181	0.00188	0.00187	41	nan
Chitinophaga alhagiae	2203219	S	176895	176895	353790	0.02025	0.01013	0.00993	0.00971	53	nan
Larkinella sp. IE-0392	2907205	S	145348	145365	290713	0.01664	0.00832	0.00805	0.00794	49	nan
Pontibacter sp. SGAir0037	2571030	S	18182	18283	36465	0.00209	0.00105	0.00103	0.00102	46	nan
Mucilaginibacter mali	2740462	S	54969	54993	109962	0.00629	0.00315	0.00307	0.00305	48	nan
Bdellovibrio bacteriovorus	959	S	443279	443367	886646	0.05075	0.02538	0.02393	0.02388	50	nan
Candidatus Xiphinematobacter sp. Idaho Grape	1704307	S	197060	197060	394120	0.02256	0.01128	0.01071	0.01061	47	nan
Verrucomicrobium spinosum	2736	S	31028	31028	62056	0.00355	0.00178	0.00184	0.00177	61	nan
Gimesia chilikensis	2605989	S	53224	53936	107160	0.00613	0.00309	0.00294	0.00293	54	nan
Gimesia benthica	2608982	S	6741	7000	13741	0.00079	0.00040	0.00038	0.00038	54	nan
Gimesia panareensis	2527978	S	761	761	1522	0.00009	0.00004	0.00000	0.00004	55	5.0
Pirellula sp. SH-Sr6A	1632865	S	26615	26615	53230	0.00305	0.00152	0.00145	0.00144	54	nan
Thermotoga profunda	1508420	S	268691	268696	537387	0.03076	0.01538	0.01632	0.01617	39	nan
Treponema socranskii	53419	S	254278	254758	509036	0.02914	0.01458	0.01435	0.01414	52	nan
Sulfurimonas xiamenensis	2590021	S	7099	11311	18410	0.00105	0.00065	0.00078	0.00076	34	nan
Homo sapiens	9606	S	289	289	578	0.00003	0.00002	0.00000	0.00002	38	3.0
