name	taxonomy_id	taxonomy_lvl	kraken_assigned_reads	added_reads	new_est_reads	fraction_total_reads	Bracken_estimate	GuaCAMOLE_estimate	GuaCAMOLE_est_eff	GC content	Taxon Removal Cycle
Enterobacter ludwigii	299767	S	16981	42846	59827	0.00389	0.00279	0.00259	0.00248	57	nan
Enterobacter sp. BIDMC 29	1329841	S	5485	17264	22749	0.00148	0.00112	0.00106	0.00101	58	nan
Enterobacter cloacae complex sp.	2027919	S	1223	1569	2792	0.00018	0.00010	0.00010	0.00009	57	nan
Enterobacter cloacae complex sp. ECL68	2850494	S	374	18636	19010	0.00124	0.00121	0.00113	0.00108	57	nan
Enterobacter sp. BWH 37	1329836	S	359	34658	35017	0.00228	0.00225	0.00210	0.00202	57	nan
Enterobacter roggenkampii	1812935	S	5558	7207	12765	0.00083	0.00047	0.00047	0.00042	58	nan
Enterobacter asburiae	61645	S	3560	6894	10454	0.00068	0.00045	0.00043	0.00040	58	nan
Enterobacter hormaechei	158836	S	3147	19079	22226	0.00144	0.00124	0.00116	0.00111	57	nan
Enterobacter cloacae	550	S	2969	4115	7084	0.00046	0.00027	0.00026	0.00024	57	nan
Enterobacter chuandaensis	2497875	S	2816	3223	6039	0.00039	0.00021	0.00000	0.00019	58	5.0
Enterobacter sichuanensis	2071710	S	781	851	1632	0.00011	0.00006	0.00006	0.00005	57	nan
Enterobacter chengduensis	2494701	S	733	884	1617	0.00011	0.00006	0.00000	0.00005	58	5.0
Enterobacter kobei	208224	S	714	1945	2659	0.00017	0.00013	0.00012	0.00011	57	nan
Enterobacter cancerogenus	69218	S	626	651	1277	0.00008	0.00004	0.00000	0.00004	58	5.0
Enterobacter bugandensis	881260	S	54822	76526	131348	0.00854	0.00497	0.00462	0.00448	58	nan
Enterobacter sp. ODB01	1827481	S	1099	10785	11884	0.00077	0.00070	0.00066	0.00063	57	nan
Enterobacter sp. SGAir0187	2836161	S	497	760	1257	0.00008	0.00005	0.00005	0.00004	58	nan
Enterobacter sp. RHBSTW-00994	2742676	S	206	210	416	0.00003	0.00001	0.00001	0.00001	53	nan
Enterobacter sp. JBIWA003	2831890	S	192	378	570	0.00004	0.00002	0.00002	0.00002	58	nan
Enterobacter sp. SES19	2705458	S	183	389	572	0.00004	0.00003	0.00002	0.00002	58	nan
Enterobacter sp. CP102	2976431	S	157	170	327	0.00002	0.00001	0.00001	0.00001	56	nan
Enterobacter sp. S-33	3026145	S	143	806	949	0.00006	0.00005	0.00005	0.00005	58	nan
Enterobacter sp. JBIWA005	2831891	S	131	435	566	0.00004	0.00003	0.00003	0.00003	58	nan
Enterobacter mori	539813	S	1717	1864	3581	0.00023	0.00012	0.00012	0.00011	57	nan
Enterobacter oligotrophicus	2478464	S	407	421	828	0.00005	0.00003	0.00003	0.00002	56	nan
Enterobacter huaxiensis	2494702	S	331	347	678	0.00004	0.00002	0.00000	0.00002	59	5.0
Enterobacter pseudoroggenkampii	2996112	S	284	471	755	0.00005	0.00003	0.00003	0.00003	58	nan
Enterobacter quasiroggenkampii	2497436	S	214	377	591	0.00004	0.00002	0.00002	0.00002	58	nan
Enterobacter soli	885040	S	156	167	323	0.00002	0.00001	0.00001	0.00001	55	nan
Leclercia sp. J807	2681307	S	45301	59946	105247	0.00684	0.00390	0.00367	0.00352	59	nan
Leclercia adecarboxylata	83655	S	117	128	245	0.00002	0.00001	0.00000	0.00001	58	5.0
Citrobacter pasteurii	1563222	S	6998	11577	18575	0.00121	0.00075	0.00069	0.00066	54	nan
Citrobacter sp. Y3	2716879	S	1293	22163	23456	0.00152	0.00144	0.00131	0.00127	55	nan
Citrobacter sp. S39	2660638	S	850	17614	18464	0.00120	0.00115	0.00104	0.00101	54	nan
Citrobacter freundii	546	S	590	1731	2321	0.00015	0.00011	0.00010	0.00010	54	nan
Citrobacter portucalensis	1639133	S	294	527	821	0.00005	0.00003	0.00003	0.00003	54	nan
Citrobacter braakii	57706	S	154	974	1128	0.00007	0.00006	0.00006	0.00006	55	nan
Citrobacter amalonaticus	35703	S	138	437	575	0.00004	0.00003	0.00003	0.00003	55	nan
Citrobacter farmeri	67824	S	128	154	282	0.00002	0.00001	0.00000	0.00001	55	5.0
Salmonella enterica	28901	S	2543	53637	56180	0.00365	0.00349	0.00322	0.00308	54	nan
Salmonella bongori	54736	S	173	531	704	0.00005	0.00003	0.00003	0.00003	53	nan
secondary endosymbiont of Ctenarytaina eucalypti	1199245	S	19453	19458	38911	0.00253	0.00126	0.00118	0.00115	46	nan
Symbiopectobacterium purcellii	2871826	S	12732	12756	25488	0.00166	0.00083	0.00076	0.00073	55	nan
Blochmannia endosymbiont of Camponotus (Colobopsis) obliquus	1505597	S	10622	10626	21248	0.00138	0.00069	0.00093	0.00098	31	nan
Shigella dysenteriae	622	S	9171	31067	40238	0.00262	0.00202	0.00187	0.00177	53	nan
Shigella flexneri	623	S	7416	87468	94884	0.00617	0.00569	0.00527	0.00498	53	nan
Shigella sonnei	624	S	2122	10502	12624	0.00082	0.00068	0.00063	0.00060	53	nan
Shigella boydii	621	S	163	1469	1632	0.00011	0.00010	0.00009	0.00008	53	nan
Escherichia coli	562	S	11929	77381	89310	0.00581	0.00503	0.00465	0.00441	53	nan
Escherichia albertii	208962	S	467	508	975	0.00006	0.00003	0.00003	0.00003	52	nan
Escherichia fergusonii	564	S	302	375	677	0.00004	0.00002	0.00002	0.00002	52	nan
Escherichia marmotae	1499973	S	236	251	487	0.00003	0.00002	0.00001	0.00001	52	nan
Escherichia sp. E4742	2044467	S	179	219	398	0.00003	0.00001	0.00001	0.00001	53	nan
Klebsiella sp. FDAARGOS_511	2488567	S	881	2877	3758	0.00024	0.00019	0.00000	0.00017	58	5.0
Klebsiella pneumoniae	573	S	826	4767	5593	0.00036	0.00031	0.00000	0.00028	58	5.0
Klebsiella aerogenes	548	S	133	142	275	0.00002	0.00001	0.00000	0.00001	57	5.0
Klebsiella oxytoca	571	S	129	138	267	0.00002	0.00001	0.00000	0.00001	57	5.0
Klebsiella michiganensis	1134687	S	103	155	258	0.00002	0.00001	0.00000	0.00001	58	5.0
Buttiauxella sp. 3AFRM03	2479367	S	4024	5999	10023	0.00065	0.00039	0.00036	0.00034	52	nan
Kluyvera genomosp. 3	2774055	S	3268	5638	8906	0.00058	0.00037	0.00000	0.00033	57	5.0
Cedecea neteri	158822	S	405	414	819	0.00005	0.00003	0.00000	0.00002	57	5.0
Serratia sp. JSRIV004	2831895	S	27497	98705	126202	0.00820	0.00642	0.00588	0.00569	57	nan
Serratia sp. JSRIV001	2831893	S	10569	36501	47070	0.00306	0.00237	0.00217	0.00210	57	nan
Serratia sp. K-E0102	3021405	S	1711	8606	10317	0.00067	0.00056	0.00055	0.00051	57	nan
Serratia sp. 3ACOL1	2448483	S	110	145	255	0.00002	0.00001	0.00001	0.00001	56	nan
Serratia fonticola	47917	S	535	656	1191	0.00008	0.00004	0.00004	0.00004	56	nan
Serratia marcescens	615	S	223	496	719	0.00005	0.00003	0.00000	0.00003	58	5.0
Yersinia enterocolitica	630	S	40470	41251	81721	0.00531	0.00268	0.00245	0.00236	49	nan
Edwardsiella anguillarum	1821960	S	5118	89673	94791	0.00616	0.00583	0.00582	0.00558	62	nan
Edwardsiella ictaluri	67780	S	529	673	1202	0.00008	0.00004	0.00000	0.00004	62	5.0
Edwardsiella piscicida	1263550	S	351	423	774	0.00005	0.00003	0.00003	0.00003	63	nan
Edwardsiella tarda	636	S	118	125	243	0.00002	0.00001	0.00000	0.00001	60	4.0
Moellerella wisconsensis	158849	S	48947	52363	101310	0.00659	0.00340	0.00339	0.00318	42	nan
Morganella morganii	582	S	10839	10941	21780	0.00142	0.00071	0.00068	0.00063	54	nan
Dickeya parazeae	2893572	S	33483	66535	100018	0.00650	0.00433	0.00399	0.00383	55	nan
Dickeya zeae	204042	S	410	476	886	0.00006	0.00003	0.00003	0.00003	56	nan
Dickeya sp. DW 0440	1225785	S	246	5182	5428	0.00035	0.00034	0.00032	0.00030	55	nan
Pectobacterium polonicum	2485124	S	4573	4799	9372	0.00061	0.00031	0.00029	0.00027	54	nan
Pectobacterium carotovorum	554	S	229	325	554	0.00004	0.00002	0.00000	0.00002	54	5.0
Pectobacterium punjabense	2108399	S	128	133	261	0.00002	0.00001	0.00000	0.00001	52	4.0
Mixta calida	665913	S	39305	39848	79153	0.00515	0.00259	0.00245	0.00238	60	nan
Mixta hanseatica	2872648	S	701	713	1414	0.00009	0.00005	0.00000	0.00004	55	4.0
Mixta gaviniae	665914	S	243	246	489	0.00003	0.00002	0.00000	0.00001	61	4.0
Buchnera aphidicola	9	S	10072	10071	20143	0.00131	0.00065	0.00090	0.00095	27	nan
Erwinia persicina	55211	S	5793	5838	11631	0.00076	0.00038	0.00035	0.00034	57	nan
Pantoea alhagi	1891675	S	291	295	586	0.00004	0.00002	0.00000	0.00002	55	4.0
Pantoea agglomerans	549	S	161	210	371	0.00002	0.00001	0.00000	0.00001	57	3.0
Aeromonas sp. FDAARGOS 1416	2778065	S	438379	881243	1319622	0.08578	0.05729	0.05554	0.05345	61	nan
Aeromonas sp. FDAARGOS 1410	2778059	S	3939	5959	9898	0.00064	0.00039	0.00039	0.00036	62	nan
Aeromonas sp. CU5	2033033	S	699	737	1436	0.00009	0.00005	0.00004	0.00004	61	nan
Aeromonas sp. ASNIH3	1636608	S	679	7053	7732	0.00050	0.00046	0.00046	0.00043	61	nan
Aeromonas sp. FDAARGOS 1405	2778054	S	283	430	713	0.00005	0.00003	0.00003	0.00003	62	nan
Aeromonas sp. FDAARGOS 1417	2778066	S	186	344	530	0.00003	0.00002	0.00002	0.00002	61	nan
Aeromonas sp. FDAARGOS 1411	2778060	S	169	360	529	0.00003	0.00002	0.00002	0.00002	62	nan
Aeromonas sp. FDAARGOS 1419	2778068	S	169	344	513	0.00003	0.00002	0.00002	0.00002	62	nan
Aeromonas sp. FDAARGOS 1415	2778064	S	165	178	343	0.00002	0.00001	0.00000	0.00001	64	5.0
Aeromonas sp. FDAARGOS 1414	2778063	S	151	314	465	0.00003	0.00002	0.00002	0.00002	62	nan
Aeromonas sp. FDAARGOS 1404	2778053	S	117	319	436	0.00003	0.00002	0.00002	0.00002	61	nan
Aeromonas sp. CA23	2033032	S	100	120	220	0.00001	0.00001	0.00000	0.00001	63	5.0
Aeromonas veronii	654	S	12503	16846	29349	0.00191	0.00110	0.00107	0.00102	61	nan
Aeromonas media	651	S	3753	4144	7897	0.00051	0.00027	0.00000	0.00026	64	5.0
Aeromonas rivipollensis	948519	S	1574	1935	3509	0.00023	0.00013	0.00000	0.00012	64	5.0
Aeromonas hydrophila	644	S	1356	3809	5165	0.00034	0.00025	0.00027	0.00023	62	nan
Aeromonas salmonicida	645	S	1193	1501	2694	0.00018	0.00010	0.00009	0.00009	61	nan
Aeromonas jandaei	650	S	1053	1253	2306	0.00015	0.00008	0.00008	0.00008	62	nan
Aeromonas allosaccharophila	656	S	1051	1397	2448	0.00016	0.00009	0.00009	0.00008	61	nan
Aeromonas dhakensis	196024	S	648	964	1612	0.00010	0.00006	0.00000	0.00006	64	5.0
Aeromonas caviae	648	S	629	1413	2042	0.00013	0.00009	0.00010	0.00009	62	nan
Aeromonas encheleia	73010	S	470	480	950	0.00006	0.00003	0.00000	0.00003	65	5.0
Aeromonas enteropelogenes	29489	S	376	430	806	0.00005	0.00003	0.00003	0.00003	63	nan
Aeromonas rivuli	648794	S	301	305	606	0.00004	0.00002	0.00002	0.00002	62	nan
Aeromonas schubertii	652	S	194	197	391	0.00003	0.00001	0.00000	0.00001	63	5.0
Aeromonas simiae	218936	S	157	159	316	0.00002	0.00001	0.00001	0.00001	63	nan
Vibrio sp. SCSIO 43140	2819100	S	138685	146933	285618	0.01857	0.00955	0.00866	0.00831	47	nan
Vibrio sp. SCSIO 43137	3021011	S	51434	51582	103016	0.00670	0.00335	0.00306	0.00295	47	nan
Vibrio sp. FE10	3035453	S	36375	40263	76638	0.00498	0.00262	0.00247	0.00231	45	nan
Vibrio sp. EJY3	1116375	S	27748	49871	77619	0.00505	0.00324	0.00307	0.00284	47	nan
Vibrio sp. LQ2	2883075	S	20036	65262	85298	0.00554	0.00424	0.00409	0.00369	49	nan
Vibrio sp. JC009	2912314	S	9999	10028	20027	0.00130	0.00065	0.00059	0.00057	48	nan
Vibrio sp. SCSIO 43186	2822843	S	122	35723	35845	0.00233	0.00232	0.00213	0.00202	48	nan
Vibrio cholerae	666	S	229254	298046	527300	0.03428	0.01937	0.01751	0.01682	49	nan
Vibrio gazogenes	687	S	51048	51559	102607	0.00667	0.00335	0.00308	0.00296	46	nan
Vibrio panuliri	1381081	S	15062	15184	30246	0.00197	0.00099	0.00090	0.00086	46	nan
Vibrio mimicus	674	S	2371	2486	4857	0.00032	0.00016	0.00016	0.00014	47	nan
Vibrio metschnikovii	28172	S	1965	1981	3946	0.00026	0.00013	0.00000	0.00011	45	4.0
Vibrio parahaemolyticus	670	S	1024	1254	2278	0.00015	0.00008	0.00000	0.00007	46	5.0
Vibrio natriegens	691	S	205	1100	1305	0.00008	0.00007	0.00007	0.00006	47	nan
Vibrio harveyi	669	S	113	163	276	0.00002	0.00001	0.00000	0.00001	46	5.0
Vibrio campbellii	680	S	102	128	230	0.00001	0.00001	0.00000	0.00001	47	5.0
Vibrio metoecus	1481663	S	1686	1848	3534	0.00023	0.00012	0.00011	0.00010	48	nan
Vibrio tarriae	2014742	S	1243	1573	2816	0.00018	0.00010	0.00010	0.00009	49	nan
Vibrio fluvialis	676	S	1199	1481	2680	0.00017	0.00010	0.00000	0.00008	51	5.0
Vibrio vulnificus	672	S	537	548	1085	0.00007	0.00004	0.00003	0.00003	48	nan
Vibrio paracholerae	650003	S	463	881	1344	0.00009	0.00006	0.00005	0.00005	48	nan
Vibrio qinghaiensis	2025808	S	367	433	800	0.00005	0.00003	0.00000	0.00002	46	5.0
Vibrio anguillarum	55601	S	338	453	791	0.00005	0.00003	0.00000	0.00003	46	5.0
Vibrio furnissii	29494	S	313	325	638	0.00004	0.00002	0.00000	0.00002	52	5.0
Vibrio aestuarianus	28171	S	266	270	536	0.00003	0.00002	0.00000	0.00002	43	4.0
Vibrio coralliilyticus	190893	S	265	317	582	0.00004	0.00002	0.00000	0.00002	47	5.0
Vibrio porteresiae	435912	S	215	216	431	0.00003	0.00001	0.00000	0.00001	46	5.0
Vibrio zhugei	2479546	S	103	104	207	0.00001	0.00001	0.00000	0.00001	46	5.0
Photobacterium damselae	38293	S	3610	3678	7288	0.00047	0.00024	0.00023	0.00022	42	nan
Pseudomonas sp. DR 5-09	1534110	S	14427	25946	40373	0.00262	0.00169	0.00000	0.00161	63	5.0
Pseudomonas sp. B21-053	2895493	S	10142	11636	21778	0.00142	0.00076	0.00000	0.00071	61	4.0
Pseudomonas sp. JS425	2829498	S	8544	198396	206940	0.01345	0.01290	0.01311	0.01265	64	nan
Pseudomonas sp. 905_Psudmo1	3038925	S	3783	8418	12201	0.00079	0.00055	0.00058	0.00054	64	nan
Pseudomonas sp. JY-Q	1338689	S	3344	24899	28243	0.00184	0.00162	0.00163	0.00158	64	nan
Pseudomonas sp. JBR1	3020907	S	2679	3499	6178	0.00040	0.00023	0.00000	0.00023	66	5.0
Pseudomonas sp. LPH1	1898684	S	1925	3064	4989	0.00032	0.00020	0.00021	0.00020	64	nan
Pseudomonas sp. B11D7D	2735906	S	914	959	1873	0.00012	0.00006	0.00007	0.00006	63	nan
Pseudomonas sp. RtIB026	2749999	S	881	1077	1958	0.00013	0.00007	0.00000	0.00007	66	5.0
Pseudomonas sp. BT-42-2	2986927	S	695	711	1406	0.00009	0.00005	0.00000	0.00004	63	5.0
Pseudomonas sp. p1(2021b)	2874628	S	684	786	1470	0.00010	0.00005	0.00005	0.00005	65	nan
Pseudomonas sp. 2hn	2866626	S	671	854	1525	0.00010	0.00006	0.00000	0.00006	66	5.0
Pseudomonas sp.	306	S	669	766	1435	0.00009	0.00005	0.00000	0.00005	63	5.0
Pseudomonas sp. PSKL.D1	3029060	S	659	679	1338	0.00009	0.00004	0.00000	0.00004	63	5.0
Pseudomonas sp. LRP2-20	2944234	S	627	679	1306	0.00008	0.00004	0.00005	0.00004	65	nan
Pseudomonas sp. Leaf58	1736226	S	618	642	1260	0.00008	0.00004	0.00000	0.00004	62	5.0
Pseudomonas sp. KU43P	2487887	S	614	646	1260	0.00008	0.00004	0.00005	0.00004	64	nan
Pseudomonas sp. LS.1a	2920387	S	560	654	1214	0.00008	0.00004	0.00005	0.00004	64	nan
Pseudomonas sp. Marseille-Q3773	2866592	S	423	466	889	0.00006	0.00003	0.00003	0.00003	64	nan
Pseudomonas sp. MSPm1	2726956	S	415	443	858	0.00006	0.00003	0.00003	0.00003	63	nan
Pseudomonas sp. CCOS 191	1649877	S	397	566	963	0.00006	0.00004	0.00004	0.00004	65	nan
Pseudomonas sp. RC3H12	2834406	S	344	620	964	0.00006	0.00004	0.00004	0.00004	65	nan
Pseudomonas sp. phDV1	253237	S	320	817	1137	0.00007	0.00005	0.00005	0.00005	64	nan
Pseudomonas sp. SK	2729423	S	261	379	640	0.00004	0.00002	0.00003	0.00002	64	nan
Pseudomonas sp. DG56-2	2320270	S	249	254	503	0.00003	0.00002	0.00000	0.00002	60	4.0
Pseudomonas sp. DTU_2021_1001937_2_SI_NGA_ILE_001	3077589	S	244	247	491	0.00003	0.00002	0.00000	0.00002	65	5.0
Pseudomonas sp. KNUC1026	2893890	S	233	233	466	0.00003	0.00002	0.00002	0.00002	65	nan
Pseudomonas sp. ZM23	2961893	S	218	228	446	0.00003	0.00001	0.00000	0.00002	65	5.0
Pseudomonas sp. A2	107445	S	204	466	670	0.00004	0.00003	0.00003	0.00003	64	nan
Pseudomonas sp. TCU-HL1	1856685	S	184	187	371	0.00002	0.00001	0.00001	0.00001	65	nan
Pseudomonas sp. HLS-6	2049589	S	184	192	376	0.00002	0.00001	0.00000	0.00001	61	4.0
Pseudomonas sp. FGI182	1259844	S	173	338	511	0.00003	0.00002	0.00002	0.00002	64	nan
Pseudomonas sp. Ost2	2678260	S	171	176	347	0.00002	0.00001	0.00001	0.00001	64	nan
Pseudomonas sp. PIA16	2931382	S	164	166	330	0.00002	0.00001	0.00001	0.00001	64	nan
Pseudomonas sp. StFLB209	1028989	S	160	162	322	0.00002	0.00001	0.00000	0.00001	62	4.0
Pseudomonas sp. SO81	2983246	S	158	161	319	0.00002	0.00001	0.00000	0.00001	67	5.0
Pseudomonas sp. MM211	2866808	S	155	156	311	0.00002	0.00001	0.00000	0.00001	63	5.0
Pseudomonas sp. Q1-7	3020843	S	153	160	313	0.00002	0.00001	0.00000	0.00001	67	5.0
Pseudomonas sp. T1-3-2	2908006	S	149	154	303	0.00002	0.00001	0.00000	0.00001	64	5.0
Pseudomonas sp. LS1212	2972478	S	144	146	290	0.00002	0.00001	0.00000	0.00001	62	4.0
Pseudomonas sp. L5B5	2883205	S	143	148	291	0.00002	0.00001	0.00001	0.00001	65	nan
Pseudomonas sp. Z8(2022)	2962597	S	141	200	341	0.00002	0.00001	0.00001	0.00001	64	nan
Pseudomonas sp. DY-1	1755504	S	141	143	284	0.00002	0.00001	0.00000	0.00001	64	5.0
Pseudomonas sp. SCB32	2653853	S	136	143	279	0.00002	0.00001	0.00000	0.00001	67	5.0
Pseudomonas sp. PSE14	3016341	S	127	135	262	0.00002	0.00001	0.00000	0.00001	67	5.0
Pseudomonas sp. I3-I5	2926671	S	126	447	573	0.00004	0.00003	0.00003	0.00003	63	nan
Pseudomonas sp. CC6-YY-74	1930532	S	125	125	250	0.00002	0.00001	0.00000	0.00001	63	5.0
Pseudomonas sp. GCEP-101	2974552	S	124	133	257	0.00002	0.00001	0.00000	0.00001	67	4.0
Pseudomonas sp. ABC1	2748080	S	124	125	249	0.00002	0.00001	0.00001	0.00001	64	nan
Pseudomonas sp. NY5710	2662033	S	123	180	303	0.00002	0.00001	0.00001	0.00001	63	nan
Pseudomonas sp. N3-W	2975049	S	122	127	249	0.00002	0.00001	0.00000	0.00001	61	4.0
Pseudomonas sp. SG20056	3074146	S	121	123	244	0.00002	0.00001	0.00000	0.00001	61	4.0
Pseudomonas sp. KHPS1	2961531	S	117	194	311	0.00002	0.00001	0.00001	0.00001	65	nan
Pseudomonas sp. MM227	3019968	S	111	113	224	0.00001	0.00001	0.00001	0.00001	64	nan
Pseudomonas sp. 7SR1	1881017	S	110	113	223	0.00001	0.00001	0.00001	0.00001	63	nan
Pseudomonas sp. J452	2898441	S	110	114	224	0.00001	0.00001	0.00001	0.00001	65	nan
Pseudomonas sp. LS44	1357074	S	109	110	219	0.00001	0.00001	0.00001	0.00001	64	nan
Pseudomonas sp. Cab53	2678258	S	106	113	219	0.00001	0.00001	0.00001	0.00001	63	nan
Pseudomonas sp. B21-047	2895489	S	105	190	295	0.00002	0.00001	0.00001	0.00001	63	nan
Pseudomonas sp. PP3	2815936	S	103	115	218	0.00001	0.00001	0.00000	0.00001	61	4.0
Pseudomonas sp. 273	75692	S	103	114	217	0.00001	0.00001	0.00000	0.00001	68	5.0
Pseudomonas sp. ATCC 13867	1294143	S	102	110	212	0.00001	0.00001	0.00000	0.00001	66	5.0
Pseudomonas sp. MPC6	2498848	S	100	106	206	0.00001	0.00001	0.00000	0.00001	62	4.0
Pseudomonas psychrotolerans	237610	S	42794	45514	88308	0.00574	0.00296	0.00334	0.00309	66	nan
Pseudomonas oryzihabitans	47885	S	23264	26341	49605	0.00322	0.00171	0.00224	0.00180	66	nan
Pseudomonas putida	303	S	9502	22303	31805	0.00207	0.00145	0.00145	0.00141	64	nan
Pseudomonas mosselii	78327	S	2138	2458	4596	0.00030	0.00016	0.00000	0.00016	66	5.0
Pseudomonas plecoglossicida	70775	S	623	882	1505	0.00010	0.00006	0.00006	0.00006	64	nan
Pseudomonas inefficax	2078786	S	610	711	1321	0.00009	0.00005	0.00005	0.00005	64	nan
Pseudomonas monteilii	76759	S	458	11484	11942	0.00078	0.00075	0.00076	0.00073	64	nan
Pseudomonas fulva	47880	S	335	569	904	0.00006	0.00004	0.00004	0.00004	64	nan
Pseudomonas wadenswilerensis	1785161	S	160	174	334	0.00002	0.00001	0.00001	0.00001	63	nan
Pseudomonas hormoni	3093767	S	14784	15970	30754	0.00200	0.00104	0.00000	0.00096	61	4.0
Pseudomonas chengduensis	489632	S	13580	24869	38449	0.00250	0.00162	0.00171	0.00159	64	nan
Pseudomonas sichuanensis	2213015	S	10749	24545	35294	0.00229	0.00160	0.00176	0.00159	64	nan
Pseudomonas oryziphila	2894079	S	9230	21415	30645	0.00199	0.00139	0.00154	0.00139	64	nan
Pseudomonas asgharzadehiana	2842349	S	7675	8262	15937	0.00104	0.00054	0.00000	0.00051	62	5.0
Pseudomonas mendocina	300	S	1438	1608	3046	0.00020	0.00010	0.00011	0.00010	64	nan
Pseudomonas aeruginosa	287	S	1180	11522	12702	0.00083	0.00075	0.00080	0.00074	64	nan
Pseudomonas oleovorans	301	S	824	1757	2581	0.00017	0.00011	0.00012	0.00011	64	nan
Pseudomonas furukawaii	1149133	S	223	230	453	0.00003	0.00001	0.00000	0.00002	67	5.0
Pseudomonas alcaligenes	43263	S	271	285	556	0.00004	0.00002	0.00000	0.00002	67	5.0
Pseudomonas citronellolis	53408	S	160	239	399	0.00003	0.00002	0.00000	0.00002	67	5.0
Pseudomonas resinovorans	53412	S	154	163	317	0.00002	0.00001	0.00000	0.00001	67	5.0
Pseudomonas entomophila	312306	S	3944	4473	8417	0.00055	0.00029	0.00000	0.00030	65	5.0
Pseudomonas nunensis	2961896	S	3533	3968	7501	0.00049	0.00026	0.00000	0.00024	61	4.0
Pseudomonas fluorescens	294	S	1171	1529	2700	0.00018	0.00010	0.00000	0.00009	62	5.0
Pseudomonas orientalis	76758	S	159	185	344	0.00002	0.00001	0.00000	0.00001	62	5.0
Pseudomonas synxantha	47883	S	141	239	380	0.00002	0.00002	0.00000	0.00001	62	4.0
Pseudomonas rhodesiae	76760	S	136	156	292	0.00002	0.00001	0.00000	0.00001	62	4.0
Pseudomonas alcaliphila	101564	S	1832	2787	4619	0.00030	0.00018	0.00019	0.00018	64	nan
Pseudomonas sihuiensis	1274359	S	1660	3400	5060	0.00033	0.00022	0.00023	0.00022	64	nan
Pseudomonas toyotomiensis	554344	S	1579	2356	3935	0.00026	0.00015	0.00016	0.00015	64	nan
Pseudomonas syringae	317	S	381	1941	2322	0.00015	0.00013	0.00000	0.00012	62	5.0
Pseudomonas viridiflava	33069	S	181	184	365	0.00002	0.00001	0.00000	0.00001	61	4.0
Pseudomonas fakonensis	2842355	S	1305	1424	2729	0.00018	0.00009	0.00000	0.00009	66	5.0
Pseudomonas sediminis	1691904	S	1157	1255	2412	0.00016	0.00008	0.00009	0.00008	63	nan
Pseudomonas xantholysinigenes	2745490	S	1149	1227	2376	0.00015	0.00008	0.00000	0.00008	65	5.0
Pseudomonas muyukensis	2842357	S	1125	1207	2332	0.00015	0.00008	0.00000	0.00008	67	5.0
Pseudomonas chlororaphis	587753	S	539	837	1376	0.00009	0.00005	0.00006	0.00005	64	nan
Pseudomonas protegens	380021	S	326	509	835	0.00005	0.00003	0.00004	0.00003	64	nan
Pseudomonas fragi	296	S	130	153	283	0.00002	0.00001	0.00000	0.00001	60	4.0
Pseudomonas xanthosomatis	2842356	S	1101	1203	2304	0.00015	0.00008	0.00000	0.00008	66	5.0
Pseudomonas asiatica	2219225	S	694	3140	3834	0.00025	0.00020	0.00021	0.00020	64	nan
Pseudomonas maumuensis	2842354	S	668	787	1455	0.00009	0.00005	0.00000	0.00005	65	5.0
Pseudomonas promysalinigenes	485898	S	555	570	1125	0.00007	0.00004	0.00000	0.00004	62	4.0
Pseudomonas guguanensis	1198456	S	548	638	1186	0.00008	0.00004	0.00000	0.00004	66	5.0
Pseudomonas parafulva	157782	S	528	576	1104	0.00007	0.00004	0.00004	0.00004	64	nan
Pseudomonas hydrolytica	2493633	S	439	600	1039	0.00007	0.00004	0.00005	0.00004	66	nan
Pseudomonas alkylphenolica	237609	S	365	377	742	0.00005	0.00002	0.00000	0.00002	63	5.0
Pseudomonas cremoricolorata	157783	S	362	366	728	0.00005	0.00002	0.00003	0.00002	64	nan
Pseudomonas otitidis	319939	S	336	346	682	0.00004	0.00002	0.00000	0.00003	68	5.0
Pseudomonas wenzhouensis	2906062	S	305	350	655	0.00004	0.00002	0.00002	0.00002	63	nan
Pseudomonas soli	1306993	S	263	650	913	0.00006	0.00004	0.00005	0.00004	64	nan
Pseudomonas benzenivorans	556533	S	257	261	518	0.00003	0.00002	0.00000	0.00002	67	5.0
Pseudomonas kermanshahensis	2745482	S	256	411	667	0.00004	0.00003	0.00003	0.00003	64	nan
Pseudomonas knackmussii	65741	S	241	263	504	0.00003	0.00002	0.00002	0.00002	66	nan
Pseudomonas tructae	2518644	S	240	248	488	0.00003	0.00002	0.00002	0.00002	63	nan
Pseudomonas anuradhapurensis	485870	S	207	290	497	0.00003	0.00002	0.00002	0.00002	64	nan
Pseudomonas kurunegalensis	485880	S	201	437	638	0.00004	0.00003	0.00003	0.00003	64	nan
Pseudomonas baltica	2762576	S	197	198	395	0.00003	0.00001	0.00000	0.00001	63	5.0
Pseudomonas vanderleydeniana	2745495	S	196	200	396	0.00003	0.00001	0.00001	0.00001	65	nan
Pseudomonas oryzae	1392877	S	165	168	333	0.00002	0.00001	0.00000	0.00001	69	5.0
Pseudomonas cavernae	2320867	S	158	160	318	0.00002	0.00001	0.00000	0.00001	65	5.0
Pseudomonas seleniipraecipitans	640205	S	136	137	273	0.00002	0.00001	0.00000	0.00001	63	5.0
Pseudomonas rhizosphaerae	216142	S	127	130	257	0.00002	0.00001	0.00001	0.00001	64	nan
Pseudomonas saudiphocaensis	1499686	S	127	127	254	0.00002	0.00001	0.00000	0.00001	62	4.0
Pseudomonas prosekii	1148509	S	125	129	254	0.00002	0.00001	0.00000	0.00001	61	4.0
Pseudomonas donghuensis	1163398	S	125	324	449	0.00003	0.00002	0.00002	0.00002	64	nan
Pseudomonas lalkuanensis	2604832	S	125	128	253	0.00002	0.00001	0.00000	0.00001	65	5.0
Pseudomonas eucalypticola	2599595	S	123	129	252	0.00002	0.00001	0.00001	0.00001	65	nan
Pseudomonas laurentiana	2364649	S	113	115	228	0.00001	0.00001	0.00000	0.00001	60	4.0
Pseudomonas frederiksbergensis	104087	S	111	130	241	0.00002	0.00001	0.00000	0.00001	61	4.0
Pseudomonas phytophila	2867264	S	110	111	221	0.00001	0.00001	0.00000	0.00001	59	4.0
Pseudomonas umsongensis	198618	S	108	113	221	0.00001	0.00001	0.00000	0.00001	61	4.0
Pseudomonas coleopterorum	1605838	S	108	111	219	0.00001	0.00001	0.00001	0.00001	64	nan
Pseudomonas juntendi	2666183	S	108	231	339	0.00002	0.00002	0.00001	0.00001	64	nan
Pseudomonas guangdongensis	1245526	S	104	105	209	0.00001	0.00001	0.00000	0.00001	70	4.0
Stutzerimonas stutzeri	316	S	8915	11305	20220	0.00131	0.00073	0.00074	0.00073	64	nan
Stutzerimonas kunmingensis	1211807	S	2339	4012	6351	0.00041	0.00026	0.00027	0.00026	64	nan
Stutzerimonas chloritidismutans	203192	S	2311	4238	6549	0.00043	0.00028	0.00029	0.00027	65	nan
Stutzerimonas frequens	2968969	S	13716	17297	31013	0.00202	0.00112	0.00116	0.00113	65	nan
Stutzerimonas balearica	74829	S	223	241	464	0.00003	0.00002	0.00000	0.00002	66	4.0
Stutzerimonas sp. R40042	2998559	S	1341	2325	3666	0.00024	0.00015	0.00000	0.00015	65	5.0
Stutzerimonas decontaminans	3022791	S	211	229	440	0.00003	0.00001	0.00000	0.00001	64	5.0
Halopseudomonas sp. SMJS2	3041098	S	24335	24413	48748	0.00317	0.00159	0.00151	0.00148	62	nan
Halopseudomonas salegens	1434072	S	106	106	212	0.00001	0.00001	0.00000	0.00001	59	4.0
Pseudohongiella spirulinae	1249552	S	33323	33329	66652	0.00433	0.00217	0.00197	0.00189	54	nan
Shewanella sp. WE21	2029986	S	28407	33338	61745	0.00401	0.00217	0.00199	0.00191	47	nan
Shewanella sp. FDAARGOS_354	1930557	S	8420	31988	40408	0.00263	0.00208	0.00190	0.00182	48	nan
Shewanella sp. KX20019	2803864	S	3700	3717	7417	0.00048	0.00024	0.00023	0.00021	45	nan
Shewanella sp. Pdp11	2059264	S	2048	2372	4420	0.00029	0.00015	0.00014	0.00013	48	nan
Shewanella sp. W3-18-1	351745	S	329	910	1239	0.00008	0.00006	0.00005	0.00005	46	nan
Shewanella sp. DAU305	2991940	S	311	682	993	0.00006	0.00004	0.00004	0.00004	48	nan
Shewanella sp. JNE2	2989727	S	178	1004	1182	0.00008	0.00007	0.00006	0.00006	46	nan
Shewanella sp. LZH-2	2806008	S	158	328	486	0.00003	0.00002	0.00002	0.00002	48	nan
Shewanella sp. MTB7	2746932	S	123	123	246	0.00002	0.00001	0.00000	0.00001	43	4.0
Shewanella glacialimarina	2590884	S	31239	31414	62653	0.00407	0.00204	0.00194	0.00186	42	nan
Shewanella oncorhynchi	2726434	S	25879	30547	56426	0.00367	0.00199	0.00182	0.00174	47	nan
Shewanella baltica	62322	S	9960	12404	22364	0.00145	0.00081	0.00075	0.00071	48	nan
Shewanella yunxiaonensis	2829809	S	9609	9653	19262	0.00125	0.00063	0.00057	0.00054	50	nan
Shewanella putrefaciens	24	S	1943	3060	5003	0.00033	0.00020	0.00019	0.00017	46	nan
Shewanella piezotolerans	404011	S	747	750	1497	0.00010	0.00005	0.00005	0.00004	44	nan
Shewanella oneidensis	70863	S	301	330	631	0.00004	0.00002	0.00002	0.00002	47	nan
Shewanella sediminis	271097	S	205	205	410	0.00003	0.00001	0.00000	0.00001	47	5.0
Shewanella xiamenensis	332186	S	204	292	496	0.00003	0.00002	0.00002	0.00002	47	nan
Shewanella halifaxensis	271098	S	184	185	369	0.00002	0.00001	0.00001	0.00001	45	nan
Shewanella pealeana	70864	S	157	158	315	0.00002	0.00001	0.00001	0.00001	46	nan
Shewanella decolorationis	256839	S	127	140	267	0.00002	0.00001	0.00000	0.00001	48	5.0
Shewanella psychromarinicola	2487742	S	110	110	220	0.00001	0.00001	0.00000	0.00001	43	4.0
Pseudoalteromonas ostreae	2774154	S	112224	115574	227798	0.01481	0.00751	0.00725	0.00691	41	nan
Pseudoalteromonas phenolica	161398	S	6001	6018	12019	0.00078	0.00039	0.00039	0.00036	41	nan
Pseudoalteromonas sp. LC2018020214	2799564	S	1536	2408	3944	0.00026	0.00016	0.00015	0.00015	40	nan
Pseudoalteromonas sp. HL-AS1	3071081	S	707	917	1624	0.00011	0.00006	0.00006	0.00006	40	nan
Pseudoalteromonas sp. Bsw20308	283699	S	182	313	495	0.00003	0.00002	0.00000	0.00002	40	5.0
Pseudoalteromonas sp. 1_2015MBL_MicDiv	1720343	S	139	239	378	0.00002	0.00002	0.00001	0.00001	40	nan
Pseudoalteromonas distincta	77608	S	3099	4206	7305	0.00047	0.00027	0.00027	0.00026	40	nan
Pseudoalteromonas arctica	394751	S	489	539	1028	0.00007	0.00004	0.00003	0.00003	40	nan
Pseudoalteromonas aliena	247523	S	101	102	203	0.00001	0.00001	0.00000	0.00001	40	5.0
Aliiglaciecola sp. LCG003	3053655	S	130534	130684	261218	0.01698	0.00850	0.00791	0.00757	43	nan
Colwellia sp. PAMC 21821	1816219	S	41093	41441	82534	0.00537	0.00269	0.00266	0.00255	39	nan
Cognaticolwellia beringensis	1967665	S	26479	26739	53218	0.00346	0.00174	0.00172	0.00165	39	nan
Ferrimonas sp. YFM	3028878	S	37978	38058	76036	0.00494	0.00247	0.00239	0.00230	60	nan
Acinetobacter sp. SH20PTE14	2905879	S	18151	28919	47070	0.00306	0.00188	0.00184	0.00176	42	nan
Acinetobacter sp. BEC1-S18-ESBL-01	2675741	S	5318	76394	81712	0.00531	0.00497	0.00490	0.00470	40	nan
Acinetobacter sp. WCHAc010052	2004647	S	1642	2263	3905	0.00025	0.00015	0.00000	0.00014	44	5.0
Acinetobacter sp. Tol 5	710648	S	277	659	936	0.00006	0.00004	0.00004	0.00004	39	nan
Acinetobacter sp. TTH0-4	1646498	S	146	151	297	0.00002	0.00001	0.00001	0.00001	40	nan
Acinetobacter sp. Marseille-Q1620	2714110	S	124	124	248	0.00002	0.00001	0.00000	0.00001	39	5.0
Acinetobacter sp. KCTC 92772	3045147	S	110	117	227	0.00001	0.00001	0.00000	0.00001	43	5.0
Acinetobacter sp. XS-4	2923375	S	101	109	210	0.00001	0.00001	0.00001	0.00001	40	nan
Acinetobacter wuhouensis	1879050	S	50177	53611	103788	0.00675	0.00349	0.00358	0.00336	40	nan
Acinetobacter radioresistens	40216	S	7959	8192	16151	0.00105	0.00053	0.00051	0.00049	44	nan
Acinetobacter chinensis	2004650	S	7849	9153	17002	0.00111	0.00060	0.00000	0.00054	43	5.0
Acinetobacter bereziniae	106648	S	3262	4327	7589	0.00049	0.00028	0.00029	0.00027	40	nan
Acinetobacter pittii	48296	S	802	1241	2043	0.00013	0.00008	0.00008	0.00008	40	nan
Acinetobacter baumannii	470	S	676	2622	3298	0.00021	0.00017	0.00017	0.00016	40	nan
Acinetobacter seifertii	1530123	S	381	450	831	0.00005	0.00003	0.00003	0.00003	40	nan
Acinetobacter calcoaceticus	471	S	266	279	545	0.00004	0.00002	0.00002	0.00002	40	nan
Acinetobacter nosocomialis	106654	S	191	253	444	0.00003	0.00002	0.00002	0.00002	40	nan
Acinetobacter johnsonii	40214	S	559	726	1285	0.00008	0.00005	0.00000	0.00004	43	5.0
Acinetobacter piscicola	2006115	S	409	436	845	0.00005	0.00003	0.00003	0.00003	39	nan
Acinetobacter colistiniresistens	280145	S	290	298	588	0.00004	0.00002	0.00000	0.00002	43	5.0
Acinetobacter guillouiae	106649	S	243	303	546	0.00004	0.00002	0.00002	0.00002	40	nan
Acinetobacter defluvii	1871111	S	242	265	507	0.00003	0.00002	0.00000	0.00002	40	5.0
Acinetobacter indicus	756892	S	187	212	399	0.00003	0.00001	0.00000	0.00001	47	4.0
Acinetobacter towneri	202956	S	139	203	342	0.00002	0.00001	0.00000	0.00001	42	5.0
Acinetobacter ursingii	108980	S	123	184	307	0.00002	0.00001	0.00001	0.00001	41	nan
Acinetobacter haemolyticus	29430	S	122	134	256	0.00002	0.00001	0.00001	0.00001	40	nan
Acinetobacter schindleri	108981	S	119	129	248	0.00002	0.00001	0.00000	0.00001	44	4.0
Acinetobacter junii	40215	S	113	183	296	0.00002	0.00001	0.00001	0.00001	40	nan
Acinetobacter lwoffii	28090	S	100	145	245	0.00002	0.00001	0.00000	0.00001	43	5.0
Psychrobacter sp. KH172YL61	2517899	S	11631	20765	32396	0.00211	0.00135	0.00125	0.00120	46	nan
Psychrobacter sp. P11G3	1699623	S	8336	8598	16934	0.00110	0.00056	0.00053	0.00050	46	nan
Moraxella nasibovis	2904120	S	9364	9420	18784	0.00122	0.00061	0.00057	0.00054	50	nan
Haemophilus parahaemolyticus	735	S	101808	102317	204125	0.01327	0.00665	0.00653	0.00617	42	nan
Haemophilus influenzae	727	S	7799	8378	16177	0.00105	0.00054	0.00000	0.00052	39	4.0
Haemophilus parainfluenzae	729	S	1465	1479	2944	0.00019	0.00010	0.00000	0.00009	40	4.0
Haemophilus haemolyticus	726	S	775	785	1560	0.00010	0.00005	0.00000	0.00005	39	5.0
Avibacterium sp. 21-595	2911527	S	73288	81448	154736	0.01006	0.00529	0.00514	0.00492	41	nan
Glaesserella parasuis	738	S	29245	29901	59146	0.00384	0.00194	0.00193	0.00182	41	nan
Glaesserella sp. 15-184	2030797	S	335	339	674	0.00004	0.00002	0.00000	0.00002	40	5.0
Actinobacillus porcitonsillarum	189834	S	332	355	687	0.00004	0.00002	0.00000	0.00002	40	4.0
Actinobacillus equuli	718	S	195	456	651	0.00004	0.00003	0.00000	0.00003	41	4.0
Mannheimia varigena	85404	S	250	346	596	0.00004	0.00002	0.00000	0.00002	41	5.0
Mannheimia granulomatis	85402	S	160	167	327	0.00002	0.00001	0.00000	0.00001	41	4.0
Mannheimia haemolytica	75985	S	129	177	306	0.00002	0.00001	0.00000	0.00001	42	5.0
Aggregatibacter actinomycetemcomitans	714	S	530	563	1093	0.00007	0.00004	0.00000	0.00003	46	4.0
Rodentibacter heylii	1906744	S	117	117	234	0.00002	0.00001	0.00000	0.00001	41	4.0
Vespertiliibacter pulmonis	1443036	S	101	101	202	0.00001	0.00001	0.00000	0.00001	38	4.0
Stenotrophomonas sp. ZAC14A_NAIMI4_1	2072412	S	82938	111184	194122	0.01262	0.00723	0.00830	0.00801	68	nan
Stenotrophomonas maltophilia	40324	S	1130	3068	4198	0.00027	0.00020	0.00022	0.00022	67	nan
Stenotrophomonas sp. MYb57	1827305	S	8421	42537	50958	0.00331	0.00277	0.00309	0.00298	67	nan
Stenotrophomonas sp. SI-NJAU-1	2886359	S	654	2656	3310	0.00022	0.00017	0.00019	0.00019	67	nan
Xanthomonas theicola	56464	S	7275	7410	14685	0.00095	0.00048	0.00056	0.00056	70	nan
Xanthomonas albilineans	29447	S	6711	6736	13447	0.00087	0.00044	0.00046	0.00044	64	nan
Aerosticca soli	2010829	S	15301	15595	30896	0.00201	0.00101	0.00123	0.00117	70	nan
Cobetia sp. AM6	2661553	S	69261	119262	188523	0.01226	0.00775	0.00794	0.00764	65	nan
Cobetia sp. cqz5-12	2609415	S	139	151	290	0.00002	0.00001	0.00001	0.00001	63	nan
Cobetia amphilecti	1055104	S	111	164	275	0.00002	0.00001	0.00001	0.00001	64	nan
Halomonas tianxiuensis	2497861	S	15464	15659	31123	0.00202	0.00102	0.00108	0.00104	65	nan
Gynuella sunshinyii	1445505	S	15714	15717	31431	0.00204	0.00102	0.00093	0.00089	49	nan
Nitrincola iocasae	2614693	S	7741	7790	15531	0.00101	0.00051	0.00046	0.00044	51	nan
Neptunomonas phycophila	1572645	S	226	226	452	0.00003	0.00001	0.00000	0.00001	46	4.0
Candidatus Rickettsiella viridis	676208	S	75434	75524	150958	0.00981	0.00491	0.00484	0.00462	41	nan
Coxiella endosymbiont of Amblyomma nuttalli	2749996	S	42386	42389	84775	0.00551	0.00276	0.00291	0.00277	37	nan
Legionella cherrii	28084	S	13643	13659	27302	0.00177	0.00089	0.00087	0.00084	40	nan
Acidihalobacter aeolianus	2792603	S	76952	77055	154007	0.01001	0.00501	0.00510	0.00494	65	nan
Rheinheimera sp. F8	1763998	S	45680	45694	91374	0.00594	0.00297	0.00269	0.00257	52	nan
Thermochromatium tepidum	1050	S	6133	6134	12267	0.00080	0.00040	0.00041	0.00040	64	nan
Gallaecimonas mangrovi	2291597	S	31808	31842	63650	0.00414	0.00207	0.00188	0.00180	54	nan
Candidatus Methylospira mobilis	1808979	S	7454	7454	14908	0.00097	0.00048	0.00045	0.00043	55	nan
Wolbachia endosymbiont of Oedothorax gibbosus	931100	S	203026	238931	441957	0.02873	0.01553	0.01639	0.01579	34	nan
Wolbachia endosymbiont (group B) of Chorthippus parallelus	2953997	S	19003	57303	76306	0.00496	0.00373	0.00413	0.00386	34	nan
Wolbachia endosymbiont (group A) of Sicus ferrugineus	2954056	S	10671	15044	25715	0.00167	0.00098	0.00104	0.00100	35	nan
Wolbachia endosymbiont of Dipetalonema caudispina	1812112	S	10433	10441	20874	0.00136	0.00068	0.00094	0.00090	29	nan
Wolbachia endosymbiont of Trichogramma pretiosum	125593	S	10397	11342	21739	0.00141	0.00074	0.00085	0.00077	33	nan
Wolbachia endosymbiont of Drosophila innubila	282263	S	8791	32254	41045	0.00267	0.00210	0.00222	0.00215	34	nan
Wolbachia endosymbiont (group A) of Lasioglossum morio	2954025	S	2486	28945	31431	0.00204	0.00188	0.00202	0.00193	35	nan
Wolbachia endosymbiont (group B) of Hylaea fasciaria	2954017	S	2027	161826	163853	0.01065	0.01052	0.01136	0.01082	34	nan
Wolbachia endosymbiont (group B) of Pammene fasciana	2954037	S	1789	13695	15484	0.00101	0.00089	0.00096	0.00092	34	nan
Wolbachia endosymbiont (group A) of Tiphia femorata	2954063	S	847	6018	6865	0.00045	0.00039	0.00042	0.00040	35	nan
Wolbachia endosymbiont of Cimex lectularius	246273	S	397	398	795	0.00005	0.00003	0.00000	0.00003	37	5.0
Wolbachia endosymbiont of Folsomia candida	169402	S	374	374	748	0.00005	0.00002	0.00003	0.00003	34	nan
Wolbachia endosymbiont of Ctenocephalides felis wCfeJ	2732594	S	336	337	673	0.00004	0.00002	0.00000	0.00002	35	5.0
Wolbachia endosymbiont (group A) of Anomoia purmunda	2953978	S	305	460	765	0.00005	0.00003	0.00003	0.00003	35	nan
Wolbachia endosymbiont of Anopheles demeilloni	2748871	S	275	380	655	0.00004	0.00002	0.00003	0.00003	33	nan
Wolbachia endosymbiont of Drosophila yakuba	260915	S	258	134449	134707	0.00876	0.00874	0.00939	0.00898	34	nan
Wolbachia endosymbiont of Litomosoides sigmodontis	80850	S	240	240	480	0.00003	0.00002	0.00000	0.00002	31	5.0
Wolbachia endosymbiont of Diaphorina citri	116598	S	238	427	665	0.00004	0.00003	0.00003	0.00003	34	nan
Wolbachia endosymbiont of Aedes albopictus	167957	S	228	310	538	0.00003	0.00002	0.00002	0.00002	35	nan
Wolbachia endosymbiont (group A) of Icerya purchasi	2954019	S	206	385	591	0.00004	0.00003	0.00003	0.00003	35	nan
Wolbachia endosymbiont (group A) of Scambus nigricans	2954055	S	201	467	668	0.00004	0.00003	0.00003	0.00003	36	nan
Wolbachia endosymbiont of Ctenocephalides felis wCfeT	2732593	S	200	200	400	0.00003	0.00001	0.00000	0.00001	36	5.0
Wolbachia endosymbiont (group A) of Volucella inflata	2954065	S	195	466	661	0.00004	0.00003	0.00003	0.00003	35	nan
Wolbachia endosymbiont of Dirofilaria (Dirofilaria) immitis	1812115	S	178	178	356	0.00002	0.00001	0.00000	0.00001	33	4.0
Wolbachia endosymbiont (group A) of Bibio marci	2953987	S	157	363	520	0.00003	0.00002	0.00002	0.00002	34	nan
Wolbachia endosymbiont of Psylliodes chrysocephala	2883236	S	153	314	467	0.00003	0.00002	0.00002	0.00002	34	nan
Wolbachia endosymbiont (group A) of Bombylius major	2953988	S	153	371	524	0.00003	0.00002	0.00002	0.00002	35	nan
Wolbachia endosymbiont (group A) of Trypoxylon clavicerum	2954064	S	151	353	504	0.00003	0.00002	0.00002	0.00002	35	nan
Wolbachia endosymbiont of Drosophila simulans	77038	S	141	2367	2508	0.00016	0.00015	0.00017	0.00016	34	nan
Wolbachia endosymbiont of Drosophila pseudotakahashii	375919	S	140	441	581	0.00004	0.00003	0.00003	0.00003	35	nan
Wolbachia endosymbiont of Bemisia tabaci	215173	S	136	264	400	0.00003	0.00002	0.00002	0.00002	34	nan
Wolbachia endosymbiont (group A) of Apoderus coryli	2953980	S	131	353	484	0.00003	0.00002	0.00002	0.00002	35	nan
Wolbachia endosymbiont of Frankliniella intonsa	2902422	S	131	236	367	0.00002	0.00002	0.00002	0.00002	34	nan
Wolbachia endosymbiont (group B) of Emmelina monodactyla	2954003	S	127	19440	19567	0.00127	0.00126	0.00136	0.00130	34	nan
Wolbachia endosymbiont of Cruorifilaria tuberocauda	1812111	S	113	113	226	0.00001	0.00001	0.00000	0.00001	32	4.0
Wolbachia endosymbiont (group A) of Gymnosoma rotundatum	2954016	S	105	378	483	0.00003	0.00002	0.00003	0.00003	35	nan
Wolbachia endosymbiont (group A) of Epagoge grotiana	2954006	S	104	789	893	0.00006	0.00005	0.00005	0.00005	34	nan
Wolbachia endosymbiont of Phyllotreta cruciferae	2886377	S	103	354	457	0.00003	0.00002	0.00002	0.00002	34	nan
Wolbachia endosymbiont of Drosophila incompta	1633785	S	101	551	652	0.00004	0.00004	0.00004	0.00004	34	nan
Wolbachia pipientis	955	S	857	2793	3650	0.00024	0.00018	0.00019	0.00019	34	nan
Candidatus Wolbachia massiliensis	1845000	S	335	344	679	0.00004	0.00002	0.00000	0.00002	35	5.0
Rickettsia montanensis	33991	S	4225	5215	9440	0.00061	0.00034	0.00039	0.00038	31	nan
Rhizobium sp. MJ22	3024248	S	9909	80253	90162	0.00586	0.00522	0.00532	0.00499	62	nan
Rhizobium sp. CCGE531	2364271	S	512	8100	8612	0.00056	0.00053	0.00053	0.00050	62	nan
Rhizobium sp. CSC1952	2978974	S	179	180	359	0.00002	0.00001	0.00000	0.00001	64	5.0
Rhizobium leguminosarum	384	S	209	582	791	0.00005	0.00004	0.00004	0.00004	62	nan
Neorhizobium galegae	399	S	14932	15082	30014	0.00195	0.00098	0.00094	0.00093	62	nan
Neorhizobium petrolearium	515361	S	206	212	418	0.00003	0.00001	0.00000	0.00001	62	5.0
Bartonella sp. HY038	2759660	S	38563	46843	85406	0.00555	0.00305	0.00297	0.00285	43	nan
Bartonella taylorii	33046	S	34884	35243	70127	0.00456	0.00229	0.00227	0.00218	40	nan
Bartonella quintana	803	S	13895	13913	27808	0.00181	0.00090	0.00089	0.00086	39	nan
Bartonella birtlesii	111504	S	727	735	1462	0.00010	0.00005	0.00000	0.00005	39	5.0
Bartonella grahamii	33045	S	694	698	1392	0.00009	0.00005	0.00000	0.00004	39	5.0
Bartonella vinsonii	33047	S	242	242	484	0.00003	0.00002	0.00000	0.00001	39	4.0
Bartonella alsatica	52764	S	149	149	298	0.00002	0.00001	0.00000	0.00001	39	5.0
Bartonella krasnovii	2267275	S	103	103	206	0.00001	0.00001	0.00000	0.00001	39	4.0
Brucella sp. 10RB9215	1149953	S	20017	30779	50796	0.00330	0.00200	0.00188	0.00180	58	nan
Brucella sp. 1315	2975050	S	116	25491	25607	0.00166	0.00166	0.00154	0.00149	58	nan
Pseudochrobactrum sp. XF203	2879116	S	19967	21127	41094	0.00267	0.00137	0.00126	0.00119	53	nan
Methylobacterium aquaticum	270351	S	59400	60669	120069	0.00781	0.00394	0.00000	0.00506	72	5.0
Methylobacterium indicum	1775910	S	1112	1135	2247	0.00015	0.00007	0.00010	0.00010	71	nan
Methylobacterium currus	2051553	S	468	475	943	0.00006	0.00003	0.00000	0.00004	71	5.0
Methylobacterium sp. NMS14P	2894310	S	156	169	325	0.00002	0.00001	0.00000	0.00001	72	4.0
Methylobacterium sp. 17Sr1-1	2202826	S	138	141	279	0.00002	0.00001	0.00000	0.00001	72	4.0
Methylobacterium terrae	2202827	S	151	153	304	0.00002	0.00001	0.00000	0.00001	73	4.0
Mesorhizobium ciceri	39645	S	28412	42970	71382	0.00464	0.00279	0.00282	0.00272	63	nan
Enhydrobacter sp.	1894999	S	36019	36034	72053	0.00468	0.00234	0.00267	0.00255	67	nan
Tardiphaga sp. 709	3076039	S	34940	35605	70545	0.00459	0.00231	0.00230	0.00221	62	nan
Ancylobacter polymorphus	223390	S	18483	18906	37389	0.00243	0.00123	0.00139	0.00136	67	nan
Polymorphobacter megasporae	2835787	S	88810	97485	186295	0.01211	0.00634	0.00655	0.00663	66	nan
Sphingomonas nostoxanthinifaciens	2872652	S	44688	44748	89436	0.00581	0.00291	0.00340	0.00321	68	nan
Sphingomonas sp. NIBR02145	3014784	S	20222	20255	40477	0.00263	0.00132	0.00153	0.00144	68	nan
Sphingomonas taxi	1549858	S	12696	12732	25428	0.00165	0.00083	0.00099	0.00094	69	nan
Sphingorhabdus lutea	1913578	S	16189	16197	32386	0.00211	0.00105	0.00097	0.00093	48	nan
Aurantiacibacter gangjinensis	502682	S	62936	63020	125956	0.00819	0.00410	0.00421	0.00401	64	nan
Qipengyuania spongiae	2909673	S	13717	14206	27923	0.00182	0.00092	0.00097	0.00094	65	nan
Azospirillum sp. B510	137722	S	52700	53187	105887	0.00688	0.00346	0.00414	0.00394	69	nan
Azospirillum sp. TSA2s	709810	S	46494	48897	95391	0.00620	0.00318	0.00358	0.00353	68	nan
Skermanella sp. TT6	2775420	S	3897	4051	7948	0.00052	0.00026	0.00030	0.00030	69	nan
Elioraea tepida	2843330	S	85425	85438	170863	0.01111	0.00555	0.00738	0.00702	70	nan
Acidocella sp. MX-AZ03	2697363	S	46364	46387	92751	0.00603	0.00302	0.00327	0.00312	65	nan
Thalassospira indica	1891279	S	9094	9283	18377	0.00119	0.00060	0.00055	0.00053	55	nan
Cognatishimia activa	1715691	S	56300	56348	112648	0.00732	0.00366	0.00000	0.00322	56	5.0
Marivivens sp. JLT3646	1920883	S	33209	33409	66618	0.00433	0.00217	0.00202	0.00192	56	nan
Pikeienuella piscinae	2748098	S	16872	16913	33785	0.00220	0.00110	0.00122	0.00118	66	nan
Tabrizicola piscis	2494374	S	10046	10071	20117	0.00131	0.00065	0.00069	0.00066	64	nan
Paracoccus denitrificans	266	S	5923	6132	12055	0.00078	0.00040	0.00045	0.00044	67	nan
Profundibacter amoris	2171755	S	4770	4772	9542	0.00062	0.00031	0.00029	0.00028	59	nan
Sulfitobacter sp. DSM 110093	2883127	S	28538	28916	57454	0.00373	0.00188	0.00177	0.00172	59	nan
Phaeobacter piscinae	1580596	S	18834	19735	38569	0.00251	0.00128	0.00124	0.00120	61	nan
Ruegeria sp. SCSIO 43209	2793010	S	14939	15223	30162	0.00196	0.00099	0.00092	0.00088	57	nan
Thalassococcus sp. S3	2017482	S	4295	4296	8591	0.00056	0.00028	0.00027	0.00027	61	nan
Caulobacter flavus	1679497	S	37960	38060	76020	0.00494	0.00247	0.00318	0.00298	70	nan
Asticcacaulis sp. SL142	2995155	S	18276	18318	36594	0.00238	0.00119	0.00112	0.00107	59	nan
Candidatus Hydrogenosomobacter endosymbioticus	2558174	S	41212	41213	82425	0.00536	0.00268	0.00255	0.00245	42	nan
Candidatus Pelagibacter sp. RS40	1977865	S	36090	36103	72193	0.00469	0.00235	0.00309	0.00292	30	nan
Polynucleobacter sp. HIN6	3047865	S	74468	123734	198202	0.01288	0.00804	0.00728	0.00694	49	nan
Polynucleobacter sp. AP-Sving-400A-A2	2081049	S	12827	13016	25843	0.00168	0.00085	0.00077	0.00074	47	nan
Polynucleobacter sp. HIN5	3047864	S	158	163	321	0.00002	0.00001	0.00001	0.00001	48	nan
Polynucleobacter asymbioticus	576611	S	93484	93867	187351	0.01218	0.00610	0.00000	0.00533	45	5.0
Caballeronia zhejiangensis	871203	S	97652	98074	195726	0.01272	0.00638	0.00637	0.00630	64	nan
Caballeronia sp. NK8	140098	S	649	725	1374	0.00009	0.00005	0.00000	0.00005	64	5.0
Caballeronia sp. Sq4a	2878152	S	366	430	796	0.00005	0.00003	0.00000	0.00003	65	4.0
Caballeronia sp. Lep1P3	2878150	S	306	308	614	0.00004	0.00002	0.00000	0.00002	63	5.0
Caballeronia grimmiae	1071679	S	293	295	588	0.00004	0.00002	0.00000	0.00002	63	4.0
Paraburkholderia dokdonensis	2211211	S	48711	49099	97810	0.00636	0.00319	0.00339	0.00327	64	nan
Paraburkholderia aromaticivorans	2026199	S	257	263	520	0.00003	0.00002	0.00000	0.00002	63	4.0
Paraburkholderia terrae	311230	S	131	139	270	0.00002	0.00001	0.00000	0.00001	63	4.0
Burkholderia savannae	1637837	S	10907	20401	31308	0.00204	0.00133	0.00158	0.00150	68	nan
Burkholderia multivorans	87883	S	313	537	850	0.00006	0.00003	0.00000	0.00004	68	4.0
Burkholderia sp. THE68	758782	S	583	679	1262	0.00008	0.00004	0.00000	0.00004	64	4.0
Pandoraea pnomenusa	93220	S	229	239	468	0.00003	0.00002	0.00000	0.00002	65	4.0
Kinneretia sp. DAIF2	2714952	S	174668	175616	350284	0.02277	0.01142	0.01466	0.01385	70	nan
Diaphorobacter aerolatus	1288495	S	17792	18441	36233	0.00236	0.00120	0.00124	0.00118	65	nan
Taylorella equigenitalis	29575	S	50085	50139	100224	0.00652	0.00326	0.00329	0.00315	38	nan
Pusillimonas sp. T7-7	1007105	S	29344	29470	58814	0.00382	0.00192	0.00180	0.00172	57	nan
Castellaniella defragrans	75697	S	29189	29487	58676	0.00381	0.00192	0.00241	0.00232	70	nan
Roseateles depolymerans	76731	S	15019	15074	30093	0.00196	0.00098	0.00113	0.00107	67	nan
Inhella inkyongensis	392593	S	7416	7432	14848	0.00097	0.00048	0.00055	0.00052	68	nan
Neisseria lactamica	486	S	35104	39044	74148	0.00482	0.00254	0.00238	0.00226	54	nan
Neisseria subflava	28449	S	31878	35397	67275	0.00437	0.00230	0.00216	0.00203	52	nan
Neisseria musculi	1815583	S	14782	14809	29591	0.00192	0.00096	0.00090	0.00086	55	nan
Neisseria brasiliensis	2666100	S	8413	8517	16930	0.00110	0.00055	0.00051	0.00049	52	nan
Neisseria sp. Marseille-Q5346	2972775	S	1929	2228	4157	0.00027	0.00014	0.00013	0.00013	53	nan
Neisseria sp. DTU_2021_1001991_1_SI_NGA_ILE_055	3077590	S	1452	1775	3227	0.00021	0.00012	0.00011	0.00010	53	nan
Neisseria sp. RH3002v2g	1871109	S	1180	1473	2653	0.00017	0.00010	0.00009	0.00008	52	nan
Neisseria sp. Marseille-Q6792	2937985	S	790	892	1682	0.00011	0.00006	0.00005	0.00005	54	nan
Neisseria sp. oral taxon 014	641148	S	229	234	463	0.00003	0.00002	0.00000	0.00001	58	4.0
Neisseria sp. KH1003-01	1871106	S	186	193	379	0.00002	0.00001	0.00000	0.00001	43	4.0
Neisseria meningitidis	487	S	5533	7165	12698	0.00083	0.00047	0.00043	0.00041	54	nan
Neisseria flavescens	484	S	1836	2002	3838	0.00025	0.00013	0.00012	0.00012	52	nan
Neisseria mucosa	488	S	1635	1881	3516	0.00023	0.00012	0.00000	0.00011	53	5.0
Neisseria perflava	33053	S	1071	2852	3923	0.00026	0.00019	0.00017	0.00016	52	nan
Neisseria gonorrhoeae	485	S	813	892	1705	0.00011	0.00006	0.00000	0.00005	55	5.0
Neisseria elongata	495	S	682	693	1375	0.00009	0.00005	0.00000	0.00004	57	4.0
Neisseria sicca	490	S	487	677	1164	0.00008	0.00004	0.00004	0.00004	54	nan
Neisseria cinerea	483	S	453	477	930	0.00006	0.00003	0.00003	0.00003	53	nan
Neisseria macacae	496	S	199	220	419	0.00003	0.00001	0.00001	0.00001	55	nan
Chromobacterium haemolyticum	394935	S	197	9801	9998	0.00065	0.00064	0.00068	0.00064	64	nan
Fluviibacter phosphoraccumulans	1751046	S	107998	108326	216324	0.01406	0.00704	0.00000	0.00617	56	5.0
Bacillus sp. MD-5	2009331	S	137067	367463	504530	0.03280	0.02389	0.02228	0.02139	45	nan
Bacillus sp. JS	1127744	S	120	337	457	0.00003	0.00002	0.00002	0.00002	45	nan
Bacillus sp. MBGLi79	2070759	S	109	316	425	0.00003	0.00002	0.00002	0.00002	45	nan
Bacillus rugosus	2715209	S	70837	74981	145818	0.00948	0.00487	0.00452	0.00435	44	nan
Bacillus luti	2026191	S	15209	16698	31907	0.00207	0.00109	0.00000	0.00109	35	5.0
Bacillus cereus	1396	S	7220	25394	32614	0.00212	0.00165	0.00000	0.00162	36	5.0
Bacillus thuringiensis	1428	S	166	6730	6896	0.00045	0.00044	0.00000	0.00042	37	5.0
Bacillus safensis	561879	S	14111	19835	33946	0.00221	0.00129	0.00000	0.00117	43	5.0
Bacillus subtilis	1423	S	3903	111038	114941	0.00747	0.00722	0.00679	0.00648	45	nan
Bacillus vallismortis	72361	S	1043	1063	2106	0.00014	0.00007	0.00006	0.00006	45	nan
Bacillus inaquosorum	483913	S	675	709	1384	0.00009	0.00005	0.00004	0.00004	45	nan
Bacillus spizizenii	96241	S	605	1666	2271	0.00015	0.00011	0.00010	0.00010	45	nan
Bacillus velezensis	492670	S	285	1966	2251	0.00015	0.00013	0.00012	0.00011	45	nan
Bacillus tequilensis	227866	S	477	489	966	0.00006	0.00003	0.00003	0.00003	45	nan
Bacillus halotolerans	260554	S	228	355	583	0.00004	0.00002	0.00002	0.00002	45	nan
Bacillus mojavensis	72360	S	191	211	402	0.00003	0.00001	0.00001	0.00001	44	nan
Bacillus stercoris	2054641	S	428	871	1299	0.00008	0.00006	0.00005	0.00005	44	nan
Bacillus atrophaeus	1452	S	278	308	586	0.00004	0.00002	0.00002	0.00002	44	nan
Bacillus paralicheniformis	1648923	S	142	154	296	0.00002	0.00001	0.00000	0.00001	47	5.0
Bacillus pumilus	1408	S	851	870	1721	0.00011	0.00006	0.00000	0.00005	42	5.0
Bacillus cabrialesii	2487276	S	415	431	846	0.00005	0.00003	0.00003	0.00003	46	nan
Bacillus altitudinis	293387	S	376	439	815	0.00005	0.00003	0.00000	0.00003	42	5.0
Metabacillus sediminilitoris	2567941	S	125549	125978	251527	0.01635	0.00819	0.00871	0.00820	35	nan
Sediminibacillus dalangtanensis	2729421	S	71955	72071	144026	0.00936	0.00469	0.00436	0.00418	44	nan
Geobacillus sp. GHH01	1233873	S	3483	18159	21642	0.00141	0.00118	0.00109	0.00105	54	nan
Staphylococcus pseudintermedius	283734	S	146411	149349	295760	0.01923	0.00971	0.00990	0.00941	38	nan
Staphylococcus delphini	53344	S	167	170	337	0.00002	0.00001	0.00000	0.00001	38	4.0
Staphylococcus agnetis	985762	S	107786	109202	216988	0.01411	0.00710	0.00757	0.00712	36	nan
Staphylococcus warneri	1292	S	44560	47829	92389	0.00601	0.00311	0.00355	0.00339	33	nan
Staphylococcus argenteus	985002	S	14054	14383	28437	0.00185	0.00094	0.00109	0.00103	32	nan
Staphylococcus auricularis	29379	S	8136	8166	16302	0.00106	0.00053	0.00055	0.00052	38	nan
Staphylococcus aureus	1280	S	1067	1802	2869	0.00019	0.00012	0.00000	0.00013	33	5.0
Staphylococcus hyicus	1284	S	955	973	1928	0.00013	0.00006	0.00000	0.00006	36	5.0
Staphylococcus chromogenes	46126	S	710	718	1428	0.00009	0.00005	0.00000	0.00005	36	4.0
Staphylococcus epidermidis	1282	S	386	394	780	0.00005	0.00003	0.00000	0.00003	33	5.0
Staphylococcus pasteuri	45972	S	227	294	521	0.00003	0.00002	0.00000	0.00002	32	5.0
Staphylococcus saprophyticus	29385	S	182	187	369	0.00002	0.00001	0.00000	0.00001	33	4.0
Staphylococcus schleiferi	1295	S	125	127	252	0.00002	0.00001	0.00000	0.00001	36	4.0
Staphylococcus simulans	1286	S	115	115	230	0.00001	0.00001	0.00000	0.00001	36	3.0
Staphylococcus hominis	1290	S	100	101	201	0.00001	0.00001	0.00000	0.00001	32	5.0
Macrococcus brunensis	198483	S	34005	34217	68222	0.00443	0.00222	0.00215	0.00203	43	nan
Macrococcus bovicus	69968	S	299	300	599	0.00004	0.00002	0.00000	0.00002	46	4.0
Mammaliicoccus lentus	42858	S	2780	2857	5637	0.00037	0.00019	0.00022	0.00021	32	nan
Paenibacillus sp. MMS20-IR301	2895946	S	105847	106173	212020	0.01378	0.00690	0.00637	0.00610	54	nan
Paenibacillus sp. BIC5C1	3078263	S	50827	52031	102858	0.00669	0.00338	0.00310	0.00297	48	nan
Paenibacillus sp. JZ16	1906272	S	4344	4378	8722	0.00057	0.00028	0.00026	0.00025	51	nan
Paenibacillus elgii	189691	S	21687	21735	43422	0.00282	0.00141	0.00000	0.00127	57	5.0
Paenibacillus urinalis	521520	S	6100	6134	12234	0.00080	0.00040	0.00037	0.00035	47	nan
Paenibacillus ehimensis	79264	S	168	168	336	0.00002	0.00001	0.00000	0.00001	48	4.0
Brevibacillus sp. DP1.3A	2738867	S	57687	59466	117153	0.00762	0.00387	0.00350	0.00335	49	nan
Planococcus sp. N016	3058398	S	11833	11880	23713	0.00154	0.00077	0.00072	0.00069	45	nan
Ureibacillus thermophilus	367743	S	5028	5134	10162	0.00066	0.00033	0.00033	0.00032	38	nan
Streptococcus alactolyticus	29389	S	67230	69480	136710	0.00889	0.00452	0.00450	0.00417	43	nan
Streptococcus intermedius	1338	S	44945	49045	93990	0.00611	0.00319	0.00324	0.00309	38	nan
Streptococcus anginosus	1328	S	346	445	791	0.00005	0.00003	0.00003	0.00003	40	nan
Streptococcus constellatus	76860	S	296	689	985	0.00006	0.00004	0.00004	0.00004	39	nan
Streptococcus sp. 116-D4	2598453	S	46131	48012	94143	0.00612	0.00312	0.00303	0.00290	41	nan
Streptococcus sp. KS 6	2598457	S	172	206	378	0.00002	0.00001	0.00001	0.00001	40	nan
Streptococcus lutetiensis	150055	S	488	546	1034	0.00007	0.00004	0.00003	0.00003	38	nan
Streptococcus thermophilus	1308	S	309	323	632	0.00004	0.00002	0.00000	0.00002	41	5.0
Streptococcus equinus	1335	S	256	273	529	0.00003	0.00002	0.00000	0.00002	39	5.0
Streptococcus gallolyticus	315405	S	198	295	493	0.00003	0.00002	0.00002	0.00002	39	nan
Streptococcus mutans	1309	S	187	201	388	0.00003	0.00001	0.00000	0.00001	37	5.0
Streptococcus suis	1307	S	173	227	400	0.00003	0.00001	0.00000	0.00001	42	4.0
Lactococcus taiwanensis	1151742	S	76340	76841	153181	0.00996	0.00500	0.00500	0.00474	40	nan
Lactococcus lactis	1358	S	2929	3537	6466	0.00042	0.00023	0.00024	0.00023	36	nan
Lactococcus cremoris	1359	S	590	659	1249	0.00008	0.00004	0.00000	0.00004	37	5.0
Lactococcus sp. NH2-7C	2879149	S	357	388	745	0.00005	0.00003	0.00003	0.00003	35	nan
Lactococcus garvieae	1363	S	100	104	204	0.00001	0.00001	0.00000	0.00001	40	4.0
Liquorilactobacillus hordei	468911	S	63439	64531	127970	0.00832	0.00419	0.00453	0.00431	36	nan
Liquorilactobacillus nagelii	82688	S	281	286	567	0.00004	0.00002	0.00000	0.00002	37	3.0
Schleiferilactobacillus harbinensis	304207	S	48163	48241	96404	0.00627	0.00314	0.00289	0.00275	54	nan
Lactobacillus sp. XA3	2932184	S	30673	30710	61383	0.00399	0.00200	0.00201	0.00193	38	nan
Apilactobacillus kunkeei	148814	S	11796	11842	23638	0.00154	0.00077	0.00080	0.00076	38	nan
Lapidilactobacillus dextrinicus	51664	S	11220	11243	22463	0.00146	0.00073	0.00072	0.00070	39	nan
Levilactobacillus zymae	267363	S	6405	6475	12880	0.00084	0.00042	0.00039	0.00038	57	nan
Lactiplantibacillus plantarum	1590	S	123	270	393	0.00003	0.00002	0.00000	0.00002	46	3.0
Carnobacterium inhibens	147709	S	43351	44909	88260	0.00574	0.00292	0.00312	0.00298	35	nan
Carnobacterium sp. CP1	1564681	S	10304	18991	29295	0.00190	0.00123	0.00124	0.00118	38	nan
Suicoccus acidiformans	2036206	S	50157	50468	100625	0.00654	0.00328	0.00311	0.00297	43	nan
Abiotrophia defectiva	46125	S	9297	9362	18659	0.00121	0.00061	0.00056	0.00053	47	nan
Enterococcus faecalis	1351	S	110	139	249	0.00002	0.00001	0.00000	0.00001	38	4.0
Enterococcus faecium	1352	S	109	158	267	0.00002	0.00001	0.00000	0.00001	38	4.0
Ruminococcus albus	1264	S	32641	32658	65299	0.00424	0.00212	0.00200	0.00192	47	nan
Faecalibacterium sp. HTF-F	2929491	S	16284	17140	33424	0.00217	0.00111	0.00106	0.00102	60	nan
Monoglobus pectinilyticus	1981510	S	16052	16193	32245	0.00210	0.00105	0.00110	0.00105	40	nan
Alkalibacter rhizosphaerae	2815577	S	59789	59808	119597	0.00777	0.00389	0.00355	0.00341	48	nan
[Clostridium] hylemonae	89153	S	32386	32545	64931	0.00422	0.00212	0.00194	0.00186	51	nan
[Clostridium] scindens	29347	S	181	184	365	0.00002	0.00001	0.00000	0.00001	49	4.0
[Ruminococcus] torques	33039	S	10780	11142	21922	0.00143	0.00072	0.00069	0.00066	42	nan
Thermanaerosceptrum fracticalcis	1712410	S	40042	40088	80130	0.00521	0.00261	0.00241	0.00231	47	nan
Romboutsia sp. CE17	2724150	S	17968	18468	36436	0.00237	0.00120	0.00172	0.00160	28	nan
Romboutsia sp. 13368	2708053	S	15038	15488	30526	0.00198	0.00101	0.00117	0.00138	29	nan
Peptostreptococcus sp. CBA3647	3003601	S	2801	2806	5607	0.00036	0.00018	0.00023	0.00022	30	nan
Tepidibacter hydrothermalis	3036126	S	602	605	1207	0.00008	0.00004	0.00005	0.00005	28	nan
Desulfoscipio gibsoniae	102134	S	28555	28566	57121	0.00371	0.00186	0.00174	0.00167	45	nan
Clostridium gelidum	704125	S	8443	8494	16937	0.00110	0.00055	0.00073	0.00070	29	nan
Clostridium botulinum	1491	S	2105	2523	4628	0.00030	0.00016	0.00022	0.00022	28	nan
Clostridium sp. OS1-26	3070681	S	1423	1430	2853	0.00019	0.00009	0.00011	0.00011	32	nan
Clostridium novyi	1542	S	321	1373	1694	0.00011	0.00009	0.00013	0.00012	28	nan
Clostridium haemolyticum	84025	S	246	273	519	0.00003	0.00002	0.00000	0.00003	26	5.0
Alkaliphilus sp. B6464	2731219	S	9536	9553	19089	0.00124	0.00062	0.00077	0.00072	30	nan
Iocasia fonsfrigidae	2682810	S	20776	23322	44098	0.00287	0.00152	0.00163	0.00157	36	nan
Erysipelothrix sp. HDW6C	2714930	S	37413	37450	74863	0.00487	0.00243	0.00236	0.00226	40	nan
Intestinibaculum porci	2487118	S	7407	7419	14826	0.00096	0.00048	0.00047	0.00045	38	nan
Tannockella kyphosi	2899121	S	20361	20378	40739	0.00265	0.00132	0.00164	0.00154	30	nan
Selenomonas dianae	135079	S	23560	23650	47210	0.00307	0.00154	0.00147	0.00140	60	nan
Phascolarctobacterium faecium	33025	S	242	325	567	0.00004	0.00002	0.00000	0.00002	44	4.0
Mycobacterium lepromatosis	480418	S	78744	78778	157522	0.01024	0.00512	0.00485	0.00464	58	nan
Mycobacterium sp. IDR2000157661	2867005	S	61130	61582	122712	0.00798	0.00400	0.00469	0.00449	68	nan
Mycobacterium vicinigordonae	1719132	S	40199	40242	80441	0.00523	0.00262	0.00286	0.00275	65	nan
Mycobacterium tuberculosis	1773	S	624	32852	33476	0.00218	0.00214	0.00238	0.00226	65	nan
Mycobacterium canettii	78331	S	173	304	477	0.00003	0.00002	0.00002	0.00002	65	nan
Mycobacterium paraintracellulare	1138383	S	1449	8617	10066	0.00065	0.00056	0.00066	0.00064	68	nan
Mycobacterium intracellulare	1767	S	801	3239	4040	0.00026	0.00021	0.00025	0.00024	68	nan
Mycobacterium avium	1764	S	124	138	262	0.00002	0.00001	0.00000	0.00001	69	5.0
Mycolicibacterium arabiense	1286181	S	43928	44067	87995	0.00572	0.00286	0.00342	0.00327	69	nan
Corynebacterium striatum	43770	S	25413	26653	52066	0.00338	0.00173	0.00167	0.00161	60	nan
Corynebacterium yudongzhengii	2080740	S	12164	12220	24384	0.00159	0.00079	0.00086	0.00083	67	nan
Corynebacterium jeikeium	38289	S	9146	9776	18922	0.00123	0.00064	0.00064	0.00062	63	nan
Corynebacterium ciconiae	227319	S	7611	7621	15232	0.00099	0.00050	0.00050	0.00048	63	nan
Gordonia jinghuaiqii	2758710	S	36439	36662	73101	0.00475	0.00238	0.00278	0.00266	69	nan
Streptomyces sp. PBH53	1577075	S	17789	33999	51788	0.00337	0.00221	0.00359	0.00324	74	nan
Streptomyces sp. WZ-12	3030210	S	9316	9568	18884	0.00123	0.00062	0.00086	0.00083	72	nan
Streptomyces sp. FR-008	206662	S	8968	36867	45835	0.00298	0.00240	0.00409	0.00357	74	nan
Streptomyces sp. G11C(2021)	2841662	S	5558	50820	56378	0.00366	0.00330	0.00576	0.00489	74	nan
Streptomyces sp. OUCMDZ-3434	1535304	S	4230	46516	50746	0.00330	0.00302	0.00529	0.00448	74	nan
Streptomyces sp. CB09001	2083284	S	2375	2753	5128	0.00033	0.00018	0.00026	0.00025	73	nan
Streptomyces sp. WA1-19	2884220	S	636	2369	3005	0.00020	0.00015	0.00027	0.00023	74	nan
Streptomyces sp. BI87	2987521	S	444	2875	3319	0.00022	0.00019	0.00032	0.00028	74	nan
Streptomyces sp. HUAS 5	3031124	S	302	313	615	0.00004	0.00002	0.00002	0.00003	72	nan
Streptomyces sp. WAC 01438	2203204	S	274	289	563	0.00004	0.00002	0.00002	0.00003	73	nan
Streptomyces sp. WAC00276	2933778	S	160	165	325	0.00002	0.00001	0.00000	0.00001	72	5.0
Streptomyces viridosporus	67581	S	29161	30278	59439	0.00386	0.00197	0.00287	0.00283	73	nan
Streptomyces atratus	1893	S	11034	11205	22239	0.00145	0.00073	0.00093	0.00089	70	nan
Streptomyces argyrophyllae	2726118	S	8978	9416	18394	0.00120	0.00061	0.00087	0.00087	73	nan
Streptomyces violaceusniger	68280	S	2510	2788	5298	0.00034	0.00018	0.00023	0.00024	71	nan
Streptomyces tubbatahanensis	2923272	S	2565	2584	5149	0.00033	0.00017	0.00023	0.00024	72	nan
Streptomyces albidoflavus	1886	S	626	2132	2758	0.00018	0.00014	0.00024	0.00021	74	nan
Streptomyces koyangensis	188770	S	194	226	420	0.00003	0.00001	0.00002	0.00002	74	nan
Streptomyces prasinus	67345	S	157	161	318	0.00002	0.00001	0.00001	0.00001	73	nan
Streptomyces calvus	67282	S	121	125	246	0.00002	0.00001	0.00001	0.00001	73	nan
Leifsonia xyli	1575	S	28800	29248	58048	0.00377	0.00190	0.00229	0.00216	69	nan
Leifsonia shinshuensis	150026	S	6361	6638	12999	0.00085	0.00043	0.00000	0.00054	71	5.0
Leifsonia sp. PS1209	2724914	S	550	581	1131	0.00007	0.00004	0.00005	0.00004	69	nan
Leifsonia sp. ZF2019	2781978	S	479	513	992	0.00006	0.00003	0.00000	0.00004	70	5.0
Leifsonia sp. 21MFCrub1.1	1798223	S	396	683	1079	0.00007	0.00004	0.00000	0.00006	71	4.0
Rathayibacter oskolensis	1891671	S	24294	30852	55146	0.00358	0.00201	0.00271	0.00270	73	nan
Microbacterium wangchenii	2541726	S	14631	15214	29845	0.00194	0.00099	0.00135	0.00125	72	nan
Microbacterium sp. PM5	2014534	S	6340	6719	13059	0.00085	0.00044	0.00055	0.00053	70	nan
Microbacterium terricola	344163	S	5451	5618	11069	0.00072	0.00037	0.00050	0.00046	70	nan
Microbacterium hominis	162426	S	109	344	453	0.00003	0.00002	0.00000	0.00003	71	5.0
Diaminobutyricimonas sp. LJ205	2683590	S	25168	25696	50864	0.00331	0.00167	0.00191	0.00180	67	nan
Agromyces protaetiae	2509455	S	110	244	354	0.00002	0.00002	0.00000	0.00002	71	4.0
Clavibacter michiganensis	28447	S	158	411	569	0.00004	0.00003	0.00000	0.00004	74	5.0
Frondihabitans sp. 762G35	1446794	S	126	133	259	0.00002	0.00001	0.00000	0.00001	71	4.0
Herbiconiux sp. L3-i23	2905871	S	202	210	412	0.00003	0.00001	0.00000	0.00002	71	4.0
Naasia aerilata	1162966	S	273	278	551	0.00004	0.00002	0.00000	0.00002	71	5.0
Frigoribacterium sp. NBH87	2596916	S	115	121	236	0.00002	0.00001	0.00000	0.00001	74	5.0
Gryllotalpicola protaetiae	2419771	S	172	175	347	0.00002	0.00001	0.00000	0.00001	70	4.0
Homoserinibacter sp. YIM 151385	2985506	S	115	118	233	0.00002	0.00001	0.00000	0.00001	73	5.0
Paeniglutamicibacter sp. Y32M11	2853258	S	23274	23461	46735	0.00304	0.00153	0.00152	0.00144	62	nan
Pseudarthrobacter sp. SSS035	2931399	S	16766	17573	34339	0.00223	0.00114	0.00123	0.00118	65	nan
Arthrobacter sp. zg-Y820	2894192	S	6163	6334	12497	0.00081	0.00041	0.00046	0.00044	67	nan
Serinicoccus chungangensis	767452	S	21875	22735	44610	0.00290	0.00148	0.00210	0.00217	75	nan
Serinicoccus profundi	1078471	S	2188	2266	4454	0.00029	0.00015	0.00020	0.00020	72	nan
Serinicoccus marinus	247333	S	1717	1897	3614	0.00023	0.00012	0.00019	0.00017	73	nan
Serinicoccus hydrothermalis	1758689	S	1700	1859	3559	0.00023	0.00012	0.00019	0.00017	74	nan
Ornithinimicrobium flavum	1288636	S	934	999	1933	0.00013	0.00006	0.00000	0.00009	74	5.0
Ornithinimicrobium sp. HY006	2508882	S	170	189	359	0.00002	0.00001	0.00000	0.00002	72	4.0
Ornithinimicrobium avium	2283195	S	171	175	346	0.00002	0.00001	0.00000	0.00002	74	4.0
Ornithinimicrobium pratense	2593973	S	134	143	277	0.00002	0.00001	0.00000	0.00001	72	5.0
Ornithinimicrobium ciconiae	2594265	S	121	124	245	0.00002	0.00001	0.00000	0.00001	70	4.0
Janibacter sp. DB-40	3028808	S	25880	26424	52304	0.00340	0.00172	0.00232	0.00221	72	nan
Georgenia sp. TF02-10	2917725	S	5144	5295	10439	0.00068	0.00034	0.00052	0.00056	74	nan
Micromonospora coxensis	356852	S	16778	17133	33911	0.00220	0.00111	0.00160	0.00171	74	nan
Micromonospora carbonacea	47853	S	16528	19873	36401	0.00237	0.00129	0.00180	0.00207	75	nan
Micromonospora sp. WMMD712	3016096	S	9288	11325	20613	0.00134	0.00074	0.00103	0.00117	74	nan
Micromonospora sp. HUAS LYJ1	3061626	S	150	200	350	0.00002	0.00001	0.00000	0.00002	73	5.0
Micromonospora sp. HM134	2583243	S	135	185	320	0.00002	0.00001	0.00000	0.00002	74	5.0
Micromonospora echinofusca	47858	S	121	122	243	0.00002	0.00001	0.00000	0.00001	74	4.0
Polymorphospora rubra	338584	S	27633	27720	55353	0.00360	0.00180	0.00259	0.00247	73	nan
Dactylosporangium vinaceum	53362	S	6317	6846	13163	0.00086	0.00045	0.00063	0.00063	73	nan
Umezawaea sp. Da 62-37	3075927	S	34547	34647	69194	0.00450	0.00225	0.00304	0.00286	71	nan
Amycolatopsis acidiphila	715473	S	24519	24638	49157	0.00320	0.00160	0.00214	0.00202	71	nan
Amycolatopsis sp. HUAS 11-8	2995223	S	6394	6445	12839	0.00083	0.00042	0.00055	0.00052	71	nan
Actinosynnema mirum	40567	S	6066	6374	12440	0.00081	0.00041	0.00057	0.00064	75	nan
Saccharopolyspora erythraea	1836	S	2941	2959	5900	0.00038	0.00019	0.00028	0.00025	72	nan
Blastococcus saxobsidens	138336	S	57578	57891	115469	0.00751	0.00376	0.00555	0.00546	73	nan
Actinomyces faecalis	2722820	S	34181	34273	68454	0.00445	0.00223	0.00282	0.00260	70	nan
Nocardioides marinisabuli	419476	S	19539	19806	39345	0.00256	0.00129	0.00196	0.00190	74	nan
Aeromicrobium choanae	1736691	S	13192	13282	26474	0.00172	0.00086	0.00119	0.00111	71	nan
Frankia sp. QA3	710111	S	12763	12819	25582	0.00166	0.00083	0.00121	0.00121	74	nan
Candidatus Planktophila lacus	1884913	S	9996	10007	20003	0.00130	0.00065	0.00058	0.00056	48	nan
Jatrophihabitans sp. SB3-54	2944128	S	8219	8240	16459	0.00107	0.00054	0.00074	0.00068	71	nan
Conexibacter sp. S30A1	2937800	S	31686	31691	63377	0.00412	0.00206	0.00250	0.00235	69	nan
Capillimicrobium parvum	2884022	S	10427	10435	20862	0.00136	0.00068	0.00099	0.00098	73	nan
Spiroplasma clarkii	2139	S	106238	106314	212552	0.01382	0.00691	0.00885	0.00846	30	nan
Spiroplasma alleghenense	216931	S	66962	67113	134075	0.00872	0.00436	0.00571	0.00540	29	nan
Spiroplasma endosymbiont of Phyllotreta cruciferae	2886375	S	25233	26552	51785	0.00337	0.00173	0.00248	0.00248	25	nan
Spiroplasma endosymbiont of 'Nebria riversi'	2792084	S	8531	8531	17062	0.00111	0.00055	0.00083	0.00082	24	nan
Spiroplasma culicicola	216935	S	13593	13608	27201	0.00177	0.00088	0.00136	0.00129	26	nan
Spiroplasma kunkelii	47834	S	12139	12716	24855	0.00162	0.00083	0.00133	0.00132	25	nan
Paulownia witches'-broom phytoplasma	39647	S	26814	32737	59551	0.00387	0.00213	0.00299	0.00299	27	nan
Alteracholeplasma palmae	38986	S	12942	12943	25885	0.00168	0.00084	0.00110	0.00106	29	nan
Candidatus Mycoplasma mahonii	3004105	S	6751	6751	13502	0.00088	0.00044	0.00056	0.00053	30	nan
Mycoplasma anserisalpingitidis	519450	S	4943	4955	9898	0.00064	0.00032	0.00049	0.00046	25	nan
Mesomycoplasma molare	171288	S	13449	13472	26921	0.00175	0.00088	0.00147	0.00142	24	nan
Mesomycoplasma flocculare	2128	S	5807	5986	11793	0.00077	0.00039	0.00052	0.00050	29	nan
Mesomycoplasma bovoculi	45362	S	1513	1514	3027	0.00020	0.00010	0.00014	0.00013	28	nan
Mycoplasmopsis cynos	171284	S	17909	17919	35828	0.00233	0.00116	0.00170	0.00179	25	nan
Metamycoplasma hyosynoviae	29559	S	12200	12222	24422	0.00159	0.00079	0.00118	0.00111	27	nan
Metamycoplasma subdolum	92407	S	4457	4464	8921	0.00058	0.00029	0.00038	0.00037	29	nan
Malacoplasma penetrans	28227	S	12889	12889	25778	0.00168	0.00084	0.00125	0.00126	26	nan
Synechococcus sp. RS9907	221350	S	68575	75971	144546	0.00940	0.00494	0.00509	0.00472	63	nan
Synechococcus sp. PCC 7336	195250	S	5966	5966	11932	0.00078	0.00039	0.00036	0.00034	55	nan
Prochlorococcus sp. MIT 0801	1501269	S	14713	15521	30234	0.00197	0.00101	0.00109	0.00104	35	nan
Thermosynechococcus sp. HN-54	2933959	S	109	39470	39579	0.00257	0.00257	0.00232	0.00223	54	nan
Nodosilinea sp. E11	3037479	S	22574	22585	45159	0.00294	0.00147	0.00137	0.00132	59	nan
Halothece sp. PCC 7418	65093	S	4332	4335	8667	0.00056	0.00028	0.00027	0.00025	45	nan
Chloroflexus aggregans	152260	S	98074	98108	196182	0.01275	0.00638	0.00596	0.00571	57	nan
Deinococcus gobiensis	502394	S	38285	38309	76594	0.00498	0.00249	0.00295	0.00300	70	nan
Flavobacterium indicum	312277	S	164851	165194	330045	0.02145	0.01074	0.01295	0.01234	32	nan
Flavobacterium cyclinae	2895947	S	32384	32665	65049	0.00423	0.00212	0.00252	0.00240	33	nan
Flavobacterium agricola	2870839	S	24203	24277	48480	0.00315	0.00158	0.00176	0.00168	34	nan
Flavobacterium pectinovorum	29533	S	18441	18606	37047	0.00241	0.00121	0.00136	0.00129	34	nan
Flavobacterium lacustre	3016339	S	12937	12999	25936	0.00169	0.00085	0.00092	0.00088	34	nan
Flavobacterium columnare	996	S	5632	5864	11496	0.00075	0.00038	0.00046	0.00043	31	nan
Polaribacter haliotis	1888915	S	36411	36733	73144	0.00475	0.00239	0.00303	0.00286	30	nan
Polaribacter sp. KT25b	1855336	S	7263	7285	14548	0.00095	0.00047	0.00063	0.00059	29	nan
Formosa agariphila	320324	S	43775	43882	87657	0.00570	0.00285	0.00319	0.00303	34	nan
Lutibacter sp. A80	2918453	S	24358	24646	49004	0.00319	0.00160	0.00208	0.00197	29	nan
Lutibacter sp. A64	2918526	S	14438	14607	29045	0.00189	0.00095	0.00122	0.00115	29	nan
Capnocytophaga sp. H4358	1945658	S	19350	26868	46218	0.00300	0.00175	0.00182	0.00176	38	nan
Nonlabens sp. MB-3u-79	2058134	S	21685	21746	43431	0.00282	0.00141	0.00142	0.00137	38	nan
Tenacibaculum mesophilum	104268	S	10748	10916	21664	0.00141	0.00071	0.00086	0.00080	31	nan
Tenacibaculum singaporense	2358479	S	454	463	917	0.00006	0.00003	0.00000	0.00003	31	5.0
Gillisia sp. Hel1_33_143	1336796	S	7913	7951	15864	0.00103	0.00052	0.00056	0.00053	35	nan
Aegicerativicinus sediminis	2893202	S	2276	2276	4552	0.00030	0.00015	0.00015	0.00015	36	nan
Myroides odoratimimus	76832	S	266	276	542	0.00004	0.00002	0.00000	0.00002	35	4.0
Chryseobacterium sp.	1871047	S	80482	85558	166040	0.01079	0.00556	0.00000	0.00541	37	5.0
Chryseobacterium sp. 3008163	2478663	S	42632	52646	95278	0.00619	0.00342	0.00366	0.00354	35	nan
Chryseobacterium sp. D764	2856522	S	31219	99576	130795	0.00850	0.00647	0.00669	0.00647	38	nan
Chryseobacterium indologenes	253	S	159	203	362	0.00002	0.00001	0.00000	0.00001	38	5.0
Elizabethkingia anophelis	1117645	S	9217	12992	22209	0.00144	0.00084	0.00090	0.00085	36	nan
Candidatus Walczuchella monophlebidarum	1415657	S	29976	29977	59953	0.00390	0.00195	0.00224	0.00212	32	nan
Sphingobacterium hotanense	649196	S	116010	117516	233526	0.01518	0.00764	0.00731	0.00698	42	nan
Sphingobacterium sp. PCS056	2931400	S	18437	28215	46652	0.00303	0.00183	0.00189	0.00180	37	nan
Sphingobacterium sp. BN32	3058432	S	8204	8472	16676	0.00108	0.00055	0.00053	0.00050	42	nan
Sphingobacterium sp. CZ-2	2557994	S	415	423	838	0.00005	0.00003	0.00000	0.00003	41	5.0
Sphingobacterium sp. DR205	2713573	S	249	254	503	0.00003	0.00002	0.00000	0.00002	41	4.0
Sphingobacterium sp. dk4302	2662364	S	249	250	499	0.00003	0.00002	0.00000	0.00002	39	5.0
Sphingobacterium sp. ML3W	1538644	S	191	197	388	0.00003	0.00001	0.00000	0.00001	39	5.0
Sphingobacterium sp. WM	3031802	S	172	174	346	0.00002	0.00001	0.00000	0.00001	38	4.0
Sphingobacterium sp. LZ7M1	2961941	S	140	143	283	0.00002	0.00001	0.00000	0.00001	41	5.0
Sphingobacterium sp. UDSM-2020	2795738	S	111	113	224	0.00001	0.00001	0.00000	0.00001	37	4.0
Sphingobacterium spiritivorum	258	S	800	814	1614	0.00010	0.00005	0.00000	0.00005	41	5.0
Sphingobacterium multivorum	28454	S	237	300	537	0.00003	0.00002	0.00000	0.00002	40	5.0
Sphingobacterium thalpophilum	259	S	110	112	222	0.00001	0.00001	0.00000	0.00001	44	4.0
Sphingobacterium daejeonense	371142	S	108	109	217	0.00001	0.00001	0.00000	0.00001	38	4.0
Pseudopedobacter saltans	151895	S	319	322	641	0.00004	0.00002	0.00000	0.00002	37	4.0
Olivibacter sp. SDN3	2764720	S	120	120	240	0.00002	0.00001	0.00000	0.00001	42	3.0
Muribaculum gordoncarteri	2530390	S	77209	78133	155342	0.01010	0.00508	0.00460	0.00448	53	nan
Muribaculum intestinale	1796646	S	819	823	1642	0.00011	0.00005	0.00000	0.00005	52	4.0
Paramuribaculum intestinale	2094151	S	1360	1370	2730	0.00018	0.00009	0.00000	0.00008	57	5.0
Duncaniella dubosii	2518971	S	108	148	256	0.00002	0.00001	0.00000	0.00001	51	4.0
Bacteroides salyersiae	291644	S	34566	35828	70394	0.00458	0.00233	0.00226	0.00213	43	nan
Bacteroides thetaiotaomicron	818	S	370	432	802	0.00005	0.00003	0.00000	0.00003	45	4.0
Bacteroides ovatus	28116	S	253	414	667	0.00004	0.00003	0.00000	0.00002	43	5.0
Bacteroides fragilis	817	S	250	298	548	0.00004	0.00002	0.00000	0.00002	44	4.0
Bacteroides xylanisolvens	371601	S	135	239	374	0.00002	0.00002	0.00000	0.00001	43	5.0
Phocaeicola vulgatus	821	S	137	168	305	0.00002	0.00001	0.00000	0.00001	43	5.0
Spirosoma pollinicola	2057025	S	48605	48633	97238	0.00632	0.00316	0.00289	0.00276	50	nan
Chlorobium phaeovibrioides	1094	S	29664	29863	59527	0.00387	0.00194	0.00176	0.00168	53	nan
Pelodictyon luteolum	1100	S	703	707	1410	0.00009	0.00005	0.00000	0.00004	59	5.0
Prosthecochloris sp. SCSIO W1101	2992242	S	11608	12232	23840	0.00155	0.00080	0.00072	0.00069	48	nan
Prosthecochloris sp. CIB 2401	1868325	S	165	165	330	0.00002	0.00001	0.00000	0.00001	54	4.0
Chlorobaculum tepidum	1097	S	9499	9517	19016	0.00124	0.00062	0.00059	0.00056	59	nan
Treponema succinifaciens	167	S	170291	170843	341134	0.02218	0.01111	0.01109	0.01064	40	nan
Treponema medium	58231	S	151796	156949	308745	0.02007	0.01020	0.00955	0.00916	46	nan
Sphaerochaeta globosa	1131703	S	84612	84819	169431	0.01101	0.00551	0.00499	0.00477	51	nan
Borreliella bavariensis	664662	S	32337	39341	71678	0.00466	0.00256	0.00359	0.00345	27	nan
Borreliella bissettiae	64897	S	25615	31036	56651	0.00368	0.00202	0.00284	0.00268	28	nan
Borreliella americana	478807	S	9627	9989	19616	0.00128	0.00065	0.00096	0.00087	27	nan
Borreliella burgdorferi	139	S	906	1119	2025	0.00013	0.00007	0.00011	0.00010	27	nan
Borreliella garinii	29519	S	485	654	1139	0.00007	0.00004	0.00006	0.00006	27	nan
Borreliella spielmanii	88916	S	305	308	613	0.00004	0.00002	0.00000	0.00003	24	5.0
Borreliella valaisiana	62088	S	151	160	311	0.00002	0.00001	0.00000	0.00001	26	5.0
Borreliella finlandensis	498741	S	134	150	284	0.00002	0.00001	0.00001	0.00001	28	nan
Borreliella turdi	57863	S	121	123	244	0.00002	0.00001	0.00000	0.00001	28	5.0
Borreliella andersonii	42109	S	107	108	215	0.00001	0.00001	0.00001	0.00001	28	nan
Borreliella mayonii	1674146	S	102	108	210	0.00001	0.00001	0.00001	0.00001	28	nan
Geomonas nitrogeniifigens	2847991	S	304544	305757	610301	0.03967	0.01988	0.02055	0.01955	64	nan
Geobacter metallireducens	28232	S	9763	9768	19531	0.00127	0.00063	0.00063	0.00060	62	nan
Pelobacter propionicus	29543	S	35717	35886	71603	0.00465	0.00233	0.00223	0.00218	62	nan
Desulfomicrobium sp. ZS1	2952228	S	48194	48475	96669	0.00628	0.00315	0.00307	0.00293	61	nan
Oleidesulfovibrio alaskensis	58180	S	9269	9340	18609	0.00121	0.00061	0.00057	0.00055	59	nan
uncultured Desulfobulbus sp.	239745	S	43440	43444	86884	0.00565	0.00282	0.00264	0.00252	56	nan
Desulfoglaeba alkanexedens	361111	S	16689	16689	33378	0.00217	0.00108	0.00106	0.00101	60	nan
Rubinisphaera brasiliensis	119	S	68358	68358	136716	0.00889	0.00444	0.00409	0.00392	57	nan
Symmachiella dynata	2527995	S	47599	47599	95198	0.00619	0.00309	0.00282	0.00271	56	nan
Gimesia chilikensis	2605989	S	5964	6096	12060	0.00078	0.00040	0.00036	0.00035	54	nan
Lacipirellula limnantheis	2528024	S	56961	56968	113929	0.00741	0.00370	0.00373	0.00359	62	nan
Candidatus Kuenenia stuttgartiensis	174633	S	37645	37645	75290	0.00489	0.00245	0.00234	0.00225	41	nan
Chlamydia suis	83559	S	56496	57146	113642	0.00739	0.00371	0.00354	0.00335	42	nan
Waddlia chondrophila	71667	S	5548	5548	11096	0.00072	0.00036	0.00033	0.00032	45	nan
Opitutus sp. GAS368	1882749	S	39788	39793	79581	0.00517	0.00259	0.00289	0.00276	67	nan
Poseidonibacter lekithochrous	1904463	S	81747	81820	163567	0.01063	0.00532	0.00733	0.00689	28	nan
Malaciobacter marinus	505249	S	9721	9866	19587	0.00127	0.00064	0.00093	0.00089	26	nan
Aliarcobacter faecis	1564138	S	5636	5672	11308	0.00074	0.00037	0.00057	0.00051	27	nan
Campylobacter gracilis	824	S	36092	36137	72229	0.00470	0.00235	0.00220	0.00211	50	nan
Campylobacter pinnipediorum	1965231	S	35055	35149	70204	0.00456	0.00228	0.00283	0.00273	30	nan
Campylobacter sp. RM12651	1660079	S	13503	13581	27084	0.00176	0.00088	0.00134	0.00121	26	nan
Campylobacter avium	522485	S	8605	8614	17219	0.00112	0.00056	0.00061	0.00059	34	nan
Nautilia profundicola	244787	S	90147	90388	180535	0.01174	0.00588	0.00674	0.00641	34	nan
Caminibacter mediatlanticus	291048	S	5615	5625	11240	0.00073	0.00037	0.00056	0.00052	27	nan
Chondromyces crocatus	52	S	45284	45290	90574	0.00589	0.00294	0.00368	0.00344	69	nan
Nannocystis poenicansa	2995304	S	19652	19652	39304	0.00256	0.00128	0.00178	0.00171	72	nan
Corallococcus coralloides	184914	S	15669	15876	31545	0.00205	0.00103	0.00137	0.00129	71	nan
Thermosipho sp. 1070	1437364	S	3810	41612	45422	0.00295	0.00271	0.00329	0.00309	30	nan
Thermotoga sp. RQ7	126738	S	4971	10980	15951	0.00104	0.00071	0.00064	0.00062	48	nan
Aminobacterium colombiense	81468	S	13438	13442	26880	0.00175	0.00087	0.00080	0.00077	46	nan
Leptotrichia buccalis	40542	S	11450	11745	23195	0.00151	0.00076	0.00098	0.00096	30	nan
Desulfurobacterium thermolithotrophum	64160	S	9884	9884	19768	0.00129	0.00064	0.00069	0.00066	35	nan
Edaphobacter lichenicola	2051959	S	2984	3147	6131	0.00040	0.00020	0.00000	0.00018	56	4.0
Edaphobacter sp. 12200R-103	2703788	S	105	115	220	0.00001	0.00001	0.00000	0.00001	59	4.0
Edaphobacter flagellatus	1933044	S	160	176	336	0.00002	0.00001	0.00000	0.00001	57	4.0
Granulicella sp. WH15	2602070	S	255	266	521	0.00003	0.00002	0.00000	0.00002	63	5.0
Granulicella sp. 5B5	1617967	S	162	168	330	0.00002	0.00001	0.00000	0.00001	62	5.0
Granulicella tundricola	940615	S	254	260	514	0.00003	0.00002	0.00000	0.00002	61	4.0
Granulicella mallensis	940614	S	109	112	221	0.00001	0.00001	0.00000	0.00001	59	4.0
Homo sapiens	9606	S	120	120	240	0.00002	0.00001	0.00000	0.00001	38	3.0
