name	taxonomy_id	taxonomy_lvl	kraken_assigned_reads	added_reads	new_est_reads	fraction_total_reads	Bracken_estimate	GuaCAMOLE_estimate	GuaCAMOLE_est_eff	GC content	Taxon Removal Cycle
Leifsonia sp. ZF2019	2781978	S	4225	9338	13563	0.00092	0.00064	0.00071	0.00067	70	nan
Leifsonia sp. 21MFCrub1.1	1798223	S	3282	63110	66392	0.00452	0.00430	0.00483	0.00455	71	nan
Leifsonia sp. PS1209	2724914	S	3164	5245	8409	0.00057	0.00036	0.00037	0.00037	70	nan
Leifsonia shinshuensis	150026	S	17700	19113	36813	0.00251	0.00130	0.00158	0.00139	71	nan
Leifsonia xyli	1575	S	1486	1511	2997	0.00020	0.00010	0.00000	0.00010	69	5.0
Microbacterium sp. 1.5R	1916917	S	40087	51694	91781	0.00625	0.00352	0.00347	0.00337	69	nan
Microbacterium sp. ET2 (Ac-2212)	3050384	S	28166	28371	56537	0.00385	0.00193	0.00202	0.00196	69	nan
Microbacterium sp. PAMC22086	2861281	S	8164	11662	19826	0.00135	0.00079	0.00079	0.00077	69	nan
Microbacterium sp. 4R-513	2567934	S	102	103	205	0.00001	0.00001	0.00000	0.00001	70	5.0
Microbacterium elymi	2909587	S	2773	2791	5564	0.00038	0.00019	0.00021	0.00020	70	nan
Microbacterium testaceum	2033	S	127	129	256	0.00002	0.00001	0.00001	0.00001	71	nan
Microbacterium hominis	162426	S	107	162	269	0.00002	0.00001	0.00001	0.00001	70	nan
Microbacterium azadirachtae	582680	S	106	107	213	0.00001	0.00001	0.00000	0.00001	71	5.0
Microbacterium protaetiae	2509458	S	104	105	209	0.00001	0.00001	0.00000	0.00001	69	4.0
Microbacterium oxydans	82380	S	104	119	223	0.00002	0.00001	0.00001	0.00001	69	nan
Curtobacterium sp. MCBD17_040	2175674	S	29917	46657	76574	0.00521	0.00318	0.00339	0.00341	70	nan
Curtobacterium sp. MCLR17_058	2175635	S	3935	6790	10725	0.00073	0.00046	0.00050	0.00051	72	nan
Curtobacterium sp. MCLR17_007	2175648	S	3211	3286	6497	0.00044	0.00022	0.00025	0.00024	71	nan
Frigoribacterium sp. NBH87	2596916	S	27395	28220	55615	0.00379	0.00192	0.00241	0.00243	74	nan
Salinibacterium sp. ZJ450	2708338	S	19316	19536	38852	0.00265	0.00133	0.00127	0.00123	68	nan
Chryseoglobus sp. 28M-23	2772253	S	7657	12302	19959	0.00136	0.00084	0.00089	0.00087	70	nan
Agromyces sp. H17E-10	2932244	S	122	151	273	0.00002	0.00001	0.00000	0.00001	71	5.0
Agromyces sp. LHK192	2498704	S	101	118	219	0.00001	0.00001	0.00000	0.00001	72	5.0
Agromyces protaetiae	2509455	S	211	239	450	0.00003	0.00002	0.00002	0.00002	71	nan
Agromyces soli	659012	S	166	200	366	0.00002	0.00001	0.00000	0.00002	73	5.0
Agromyces flavus	589382	S	120	143	263	0.00002	0.00001	0.00000	0.00001	71	5.0
Clavibacter michiganensis	28447	S	131	281	412	0.00003	0.00002	0.00000	0.00002	74	5.0
Microterricola viridarii	412690	S	241	246	487	0.00003	0.00002	0.00000	0.00002	69	5.0
Subtercola endophyticus	2895559	S	187	188	375	0.00003	0.00001	0.00000	0.00001	66	4.0
Herbiconiux sp. SALV-R1	2735133	S	132	134	266	0.00002	0.00001	0.00000	0.00001	71	5.0
Humibacter ginsenosidimutans	2599293	S	175	179	354	0.00002	0.00001	0.00000	0.00001	69	4.0
Cnuibacter physcomitrellae	1619308	S	143	146	289	0.00002	0.00001	0.00000	0.00001	71	5.0
Glaciibacter superstes	501023	S	128	128	256	0.00002	0.00001	0.00000	0.00001	64	3.0
Gryllotalpicola protaetiae	2419771	S	107	108	215	0.00001	0.00001	0.00000	0.00001	70	4.0
Arthrobacter sp. FW306-2-2C-D06B	2879618	S	129367	130445	259812	0.01769	0.00888	0.00783	0.00758	64	nan
Arthrobacter sp. MMS18-M83	2996261	S	43158	43361	86519	0.00589	0.00295	0.00258	0.00250	64	nan
Arthrobacter sp. DNA4	2963432	S	20630	21157	41787	0.00285	0.00144	0.00135	0.00130	66	nan
Arthrobacter gengyunqii	2886940	S	55024	55470	110494	0.00752	0.00378	0.00343	0.00331	66	nan
Citricoccus sp. I39-566	3073268	S	27613	27970	55583	0.00379	0.00190	0.00208	0.00204	71	nan
Kocuria rosea	1275	S	20282	20721	41003	0.00279	0.00141	0.00171	0.00174	74	nan
Micrococcus luteus	1270	S	2620	4947	7567	0.00052	0.00034	0.00044	0.00043	73	nan
Micrococcus yunnanensis	566027	S	139	726	865	0.00006	0.00005	0.00006	0.00006	74	nan
Sinomonas sp. R1AF57	2020377	S	4868	4879	9747	0.00066	0.00033	0.00038	0.00037	71	nan
Brevibacterium atlanticum	2697563	S	91637	92531	184168	0.01254	0.00630	0.00579	0.00558	66	nan
Brevibacterium limosum	2697565	S	50856	52007	102863	0.00701	0.00354	0.00322	0.00310	66	nan
Brevibacterium luteolum	199591	S	20641	20936	41577	0.00283	0.00143	0.00137	0.00132	67	nan
Cellulosimicrobium sp. 72-3	2731680	S	12687	26235	38922	0.00265	0.00179	0.00243	0.00256	75	nan
Cellulosimicrobium sp. JZ28	1906273	S	5880	8615	14495	0.00099	0.00059	0.00076	0.00084	75	nan
Xylanimonas protaetiae	2509457	S	24477	24842	49319	0.00336	0.00169	0.00224	0.00220	73	nan
Isoptericola dokdonensis	372663	S	2254	2271	4525	0.00031	0.00015	0.00020	0.00021	75	nan
Brachybacterium sp. P6-10-X1	1903186	S	22448	22542	44990	0.00306	0.00154	0.00172	0.00168	71	nan
Helcobacillus massiliensis	521392	S	151	151	302	0.00002	0.00001	0.00000	0.00001	69	4.0
Barrientosiimonas endolithica	1535208	S	9747	9995	19742	0.00134	0.00068	0.00082	0.00081	73	nan
Demequina sp. PMTSA13	3075620	S	4622	6327	10949	0.00075	0.00043	0.00045	0.00044	70	nan
Cellulomonas wangleii	2816956	S	3948	4053	8001	0.00054	0.00028	0.00035	0.00039	75	nan
Miniimonas sp. S16	2171623	S	1841	1890	3731	0.00025	0.00013	0.00016	0.00016	75	nan
Streptomyces sp. A2-16	2781734	S	49773	51811	101584	0.00692	0.00353	0.00395	0.00388	71	nan
Streptomyces sp. WA6-1-16	2879427	S	32989	41261	74250	0.00506	0.00281	0.00322	0.00323	73	nan
Streptomyces sp. NA07423	3042026	S	25870	58502	84372	0.00575	0.00398	0.00464	0.00452	72	nan
Streptomyces sp. S465	2979468	S	22933	30973	53906	0.00367	0.00211	0.00247	0.00244	72	nan
Streptomyces sp. PBH53	1577075	S	19417	27180	46597	0.00317	0.00185	0.00229	0.00226	73	nan
Streptomyces sp. KMM 9044	2744474	S	17809	18250	36059	0.00246	0.00124	0.00140	0.00138	72	nan
Streptomyces sp. SH5	3041765	S	16917	20055	36972	0.00252	0.00137	0.00164	0.00159	72	nan
Streptomyces sp. Tue 6075	1661694	S	15097	19287	34384	0.00234	0.00131	0.00152	0.00151	72	nan
Streptomyces sp. A144	2871487	S	14484	42235	56719	0.00386	0.00288	0.00358	0.00337	72	nan
Streptomyces sp. JB150	2714844	S	13885	14479	28364	0.00193	0.00099	0.00124	0.00122	73	nan
Streptomyces sp. RLB1-33	2721243	S	11542	26557	38099	0.00259	0.00181	0.00199	0.00200	71	nan
Streptomyces sp. R527F	1664033	S	5016	15728	20744	0.00141	0.00107	0.00129	0.00123	72	nan
Streptomyces sp. CCM_MD2014	1561022	S	4642	5486	10128	0.00069	0.00037	0.00046	0.00044	73	nan
Streptomyces sp. S063	2005885	S	4172	4893	9065	0.00062	0.00033	0.00039	0.00038	72	nan
Streptomyces sp. SAT1	1849967	S	3961	4063	8024	0.00055	0.00028	0.00039	0.00035	74	nan
Streptomyces sp. YPW6	2840373	S	2733	2958	5691	0.00039	0.00020	0.00025	0.00024	73	nan
Streptomyces sp. P9-2B-1	3057115	S	1813	7153	8966	0.00061	0.00049	0.00057	0.00056	72	nan
Streptomyces sp. Alt3	3033808	S	1421	1491	2912	0.00020	0.00010	0.00011	0.00011	71	nan
Streptomyces sp. MMBL 11-1	3026420	S	971	1060	2031	0.00014	0.00007	0.00009	0.00008	72	nan
Streptomyces sp. NA13	2996051	S	790	1984	2774	0.00019	0.00014	0.00018	0.00016	73	nan
Streptomyces sp. JUS-F4	2951988	S	767	1586	2353	0.00016	0.00011	0.00013	0.00013	72	nan
Streptomyces sp. VB1	2986803	S	729	1672	2401	0.00016	0.00011	0.00013	0.00013	72	nan
Streptomyces sp. Tu 2975	2676871	S	693	715	1408	0.00010	0.00005	0.00005	0.00005	72	nan
Streptomyces sp. WY228	2855836	S	690	1434	2124	0.00014	0.00010	0.00012	0.00011	72	nan
Streptomyces sp. AM2-3-1	3075824	S	615	623	1238	0.00008	0.00004	0.00000	0.00005	71	4.0
Streptomyces sp. CB00271	2750025	S	611	851	1462	0.00010	0.00006	0.00007	0.00007	72	nan
Streptomyces sp. HUAS YS2	3081768	S	490	502	992	0.00007	0.00003	0.00004	0.00004	72	nan
Streptomyces sp. QHH-9511	2684468	S	473	484	957	0.00007	0.00003	0.00004	0.00004	72	nan
Streptomyces sp. CB04723	2748873	S	419	616	1035	0.00007	0.00004	0.00005	0.00005	73	nan
Streptomyces sp. SM18	1736046	S	417	427	844	0.00006	0.00003	0.00004	0.00003	72	nan
Streptomyces sp. SirexAA-E	862751	S	405	416	821	0.00006	0.00003	0.00003	0.00003	73	nan
Streptomyces sp. AM 2-1-1	3028709	S	387	393	780	0.00005	0.00003	0.00003	0.00003	72	nan
Streptomyces sp. HUAS CB01	3053466	S	380	387	767	0.00005	0.00003	0.00003	0.00003	73	nan
Streptomyces sp. AM 4-1-1	3028710	S	367	374	741	0.00005	0.00003	0.00003	0.00003	72	nan
Streptomyces sp. S8	1837283	S	364	420	784	0.00005	0.00003	0.00004	0.00003	73	nan
Streptomyces sp. Mut1	3033811	S	364	374	738	0.00005	0.00003	0.00003	0.00003	72	nan
Streptomyces sp. GMY02	1333528	S	346	348	694	0.00005	0.00002	0.00000	0.00003	71	5.0
Streptomyces sp. AM8-1-1	3075825	S	344	350	694	0.00005	0.00002	0.00000	0.00002	70	4.0
Streptomyces sp. HL-66	2964669	S	341	348	689	0.00005	0.00002	0.00000	0.00003	74	5.0
Streptomyces sp. ITFR-6	3075197	S	329	340	669	0.00005	0.00002	0.00002	0.00003	71	nan
Streptomyces sp. C8S0	2585716	S	319	324	643	0.00004	0.00002	0.00003	0.00003	73	nan
Streptomyces sp. VNUA116	3062449	S	309	316	625	0.00004	0.00002	0.00003	0.00003	73	nan
Streptomyces sp. ITFR-16	3075198	S	301	315	616	0.00004	0.00002	0.00003	0.00002	73	nan
Streptomyces sp. FIT100	2837956	S	301	312	613	0.00004	0.00002	0.00002	0.00002	72	nan
Streptomyces sp. NA04227	2742136	S	293	296	589	0.00004	0.00002	0.00002	0.00002	72	nan
Streptomyces sp. GF20	2692235	S	291	864	1155	0.00008	0.00006	0.00008	0.00007	73	nan
Streptomyces sp. BPTC-684	3043734	S	283	289	572	0.00004	0.00002	0.00002	0.00002	72	nan
Streptomyces sp. WMMC500	3015154	S	280	285	565	0.00004	0.00002	0.00003	0.00003	74	nan
Streptomyces sp. SCSIO ZS0520	2892996	S	273	276	549	0.00004	0.00002	0.00003	0.00002	74	nan
Streptomyces sp. PLM4	2929798	S	269	990	1259	0.00009	0.00007	0.00009	0.00008	73	nan
Streptomyces sp. HNA39	2850561	S	266	327	593	0.00004	0.00002	0.00003	0.00003	72	nan
Streptomyces sp. NBU3104	2911367	S	264	812	1076	0.00007	0.00006	0.00007	0.00007	73	nan
Streptomyces sp. ICC4	2099584	S	264	7141	7405	0.00050	0.00049	0.00058	0.00057	72	nan
Streptomyces sp. S4.7	2705439	S	261	271	532	0.00004	0.00002	0.00002	0.00002	71	nan
Streptomyces sp. FR-008	206662	S	260	976	1236	0.00008	0.00007	0.00008	0.00008	73	nan
Streptomyces sp. XD-27	3062779	S	259	263	522	0.00004	0.00002	0.00002	0.00002	73	nan
Streptomyces sp. MBT27	1488356	S	256	261	517	0.00004	0.00002	0.00002	0.00002	71	nan
Streptomyces sp. So13.3	2136173	S	254	255	509	0.00003	0.00002	0.00000	0.00002	71	5.0
Streptomyces sp. LRE541	2931983	S	240	245	485	0.00003	0.00002	0.00002	0.00002	71	nan
Streptomyces sp. NA02950	2742137	S	232	234	466	0.00003	0.00002	0.00002	0.00002	72	nan
Streptomyces sp. WAC00303	2933779	S	229	440	669	0.00005	0.00003	0.00004	0.00003	72	nan
Streptomyces sp. M92	2944250	S	226	240	466	0.00003	0.00002	0.00002	0.00002	72	nan
Streptomyces sp. P3	2135430	S	224	229	453	0.00003	0.00002	0.00002	0.00002	72	nan
Streptomyces sp. 604F	1476754	S	217	1042	1259	0.00009	0.00007	0.00009	0.00008	73	nan
Streptomyces sp. SN-593	659352	S	214	215	429	0.00003	0.00001	0.00000	0.00002	74	5.0
Streptomyces sp. HM190	2695266	S	214	220	434	0.00003	0.00002	0.00002	0.00002	73	nan
Streptomyces sp. W1SF4	2305220	S	214	220	434	0.00003	0.00002	0.00000	0.00002	73	5.0
Streptomyces sp. CFMR 7	1649184	S	214	312	526	0.00004	0.00002	0.00003	0.00002	72	nan
Streptomyces sp. BB1-1-1	3074430	S	209	222	431	0.00003	0.00002	0.00002	0.00002	72	nan
Streptomyces sp. LX-29	2900152	S	207	210	417	0.00003	0.00001	0.00002	0.00002	73	nan
Streptomyces sp. MA3_2.13	2867410	S	207	207	414	0.00003	0.00001	0.00002	0.00002	72	nan
Streptomyces sp. EAS-AB2608	2779671	S	205	286	491	0.00003	0.00002	0.00003	0.00002	73	nan
Streptomyces sp. Li-HN-5-11	3075432	S	205	210	415	0.00003	0.00001	0.00002	0.00002	72	nan
Streptomyces sp. N50	3081765	S	204	206	410	0.00003	0.00001	0.00000	0.00001	71	5.0
Streptomyces sp. GQFP	2907545	S	203	206	409	0.00003	0.00001	0.00000	0.00001	70	4.0
Streptomyces sp. NHF165	2175864	S	200	201	401	0.00003	0.00001	0.00000	0.00002	74	5.0
Streptomyces sp. DSM 40868	2721173	S	197	204	401	0.00003	0.00001	0.00002	0.00002	72	nan
Streptomyces sp. FZ201	3057122	S	194	201	395	0.00003	0.00001	0.00002	0.00002	72	nan
Streptomyces sp. HSG2	2797167	S	193	194	387	0.00003	0.00001	0.00002	0.00002	73	nan
Streptomyces sp. CdTB01	1725411	S	189	194	383	0.00003	0.00001	0.00002	0.00002	72	nan
Streptomyces sp. WAC00288	2094021	S	183	425	608	0.00004	0.00003	0.00004	0.00003	72	nan
Streptomyces sp. ST1015	1848900	S	181	183	364	0.00002	0.00001	0.00001	0.00001	72	nan
Streptomyces sp. VNUA24	3031131	S	180	201	381	0.00003	0.00001	0.00002	0.00002	72	nan
Streptomyces sp. RerS4	2942449	S	180	185	365	0.00002	0.00001	0.00002	0.00002	73	nan
Streptomyces sp. TN58	234612	S	180	191	371	0.00003	0.00001	0.00002	0.00002	72	nan
Streptomyces sp. HUAS 14-6	2981135	S	179	185	364	0.00002	0.00001	0.00002	0.00002	73	nan
Streptomyces sp. Go40/10	2825844	S	179	189	368	0.00003	0.00001	0.00002	0.00002	73	nan
Streptomyces sp. fd1-xmd	1812480	S	178	191	369	0.00003	0.00001	0.00002	0.00002	73	nan
Streptomyces sp. G11C(2021)	2841662	S	177	834	1011	0.00007	0.00006	0.00007	0.00007	72	nan
Streptomyces sp. YIM 121038	2136401	S	174	179	353	0.00002	0.00001	0.00002	0.00001	73	nan
Streptomyces sp. MST-110588	2833628	S	174	176	350	0.00002	0.00001	0.00001	0.00001	72	nan
Streptomyces sp. Rer75	2750011	S	172	183	355	0.00002	0.00001	0.00001	0.00001	72	nan
Streptomyces sp. WAC 01529	2203205	S	169	176	345	0.00002	0.00001	0.00001	0.00001	72	nan
Streptomyces sp. WAC 01438	2203204	S	169	175	344	0.00002	0.00001	0.00001	0.00001	73	nan
Streptomyces sp. 11x1	3038642	S	168	177	345	0.00002	0.00001	0.00001	0.00001	71	nan
Streptomyces sp. HUAS 5	3031124	S	167	171	338	0.00002	0.00001	0.00001	0.00001	72	nan
Streptomyces sp. WZ-12	3030210	S	165	168	333	0.00002	0.00001	0.00001	0.00001	72	nan
Streptomyces sp. SCUT-3	2684469	S	164	165	329	0.00002	0.00001	0.00000	0.00002	74	5.0
Streptomyces sp. 891-h	2720714	S	164	165	329	0.00002	0.00001	0.00001	0.00001	71	nan
Streptomyces sp. PCS3-D2	1460244	S	163	170	333	0.00002	0.00001	0.00001	0.00001	72	nan
Streptomyces sp. NEAU-sy36	2751189	S	161	167	328	0.00002	0.00001	0.00002	0.00001	73	nan
Streptomyces sp. RTd22	1841249	S	157	166	323	0.00002	0.00001	0.00001	0.00001	72	nan
Streptomyces sp. ITFR-21	3075199	S	155	156	311	0.00002	0.00001	0.00001	0.00001	72	nan
Streptomyces sp. NBC_00162	2903629	S	154	159	313	0.00002	0.00001	0.00001	0.00001	71	nan
Streptomyces sp. GS7	2692234	S	154	157	311	0.00002	0.00001	0.00001	0.00001	73	nan
Streptomyces sp. HUAS 15-9	2981136	S	152	155	307	0.00002	0.00001	0.00000	0.00001	71	5.0
Streptomyces sp. CA-278952	2980556	S	148	387	535	0.00004	0.00003	0.00003	0.00003	72	nan
Streptomyces sp. CGMCC 4.7035	3061628	S	146	150	296	0.00002	0.00001	0.00000	0.00001	71	5.0
Streptomyces sp. MRC013	2898276	S	144	148	292	0.00002	0.00001	0.00000	0.00001	74	5.0
Streptomyces sp. RPA4-2	2721244	S	143	148	291	0.00002	0.00001	0.00001	0.00001	72	nan
Streptomyces sp. TLI_053	1855352	S	142	143	285	0.00002	0.00001	0.00000	0.00001	74	5.0
Streptomyces sp. RPA4-5	2721245	S	141	437	578	0.00004	0.00003	0.00003	0.00003	72	nan
Streptomyces sp. WA1-19	2884220	S	137	464	601	0.00004	0.00003	0.00004	0.00004	73	nan
Streptomyces sp. Z423-1	2730915	S	136	140	276	0.00002	0.00001	0.00001	0.00001	72	nan
Streptomyces sp. INR7	2607753	S	135	147	282	0.00002	0.00001	0.00001	0.00001	73	nan
Streptomyces sp. FXJ1.172	710705	S	134	140	274	0.00002	0.00001	0.00001	0.00001	71	nan
Streptomyces sp. T12	477697	S	132	137	269	0.00002	0.00001	0.00000	0.00001	71	5.0
Streptomyces sp. SYP-A7193	2662065	S	131	144	275	0.00002	0.00001	0.00001	0.00001	73	nan
Streptomyces sp. CA-256286	2801033	S	130	365	495	0.00003	0.00002	0.00003	0.00003	72	nan
Streptomyces sp. 135	2838850	S	129	134	263	0.00002	0.00001	0.00001	0.00001	72	nan
Streptomyces sp. S1D4-11	2721246	S	129	152	281	0.00002	0.00001	0.00000	0.00001	70	5.0
Streptomyces sp. ADI95-16	1522758	S	128	148	276	0.00002	0.00001	0.00001	0.00001	73	nan
Streptomyces sp. CB09001	2083284	S	125	139	264	0.00002	0.00001	0.00001	0.00001	72	nan
Streptomyces sp. BHT-5-2	2866715	S	124	127	251	0.00002	0.00001	0.00001	0.00001	72	nan
Streptomyces sp. FXY-T5	3064901	S	124	133	257	0.00002	0.00001	0.00001	0.00001	72	nan
Streptomyces sp. DSM 40750	2801030	S	122	128	250	0.00002	0.00001	0.00000	0.00001	71	5.0
Streptomyces sp. Caat 7-52	2949637	S	121	126	247	0.00002	0.00001	0.00001	0.00001	72	nan
Streptomyces sp. Je 1-369	2966192	S	121	128	249	0.00002	0.00001	0.00001	0.00001	72	nan
Streptomyces sp. 3214.6	1882757	S	121	124	245	0.00002	0.00001	0.00001	0.00001	71	nan
Streptomyces sp. CB01881	2078691	S	118	119	237	0.00002	0.00001	0.00000	0.00001	74	5.0
Streptomyces sp. A10(2020)	2782013	S	117	566	683	0.00005	0.00004	0.00005	0.00005	73	nan
Streptomyces sp. CA-210063	2801029	S	115	121	236	0.00002	0.00001	0.00000	0.00001	71	5.0
Streptomyces sp. SM17	565560	S	114	642	756	0.00005	0.00004	0.00005	0.00005	72	nan
Streptomyces sp. HUAS 2-6	3004093	S	113	117	230	0.00002	0.00001	0.00001	0.00001	72	nan
Streptomyces sp. GBA 94-10 4N24	1218177	S	109	585	694	0.00005	0.00004	0.00005	0.00005	73	nan
Streptomyces sp. 71268	3002640	S	104	109	213	0.00001	0.00001	0.00001	0.00001	73	nan
Streptomyces sp. HUAS 31	3020055	S	103	119	222	0.00002	0.00001	0.00001	0.00001	72	nan
Streptomyces sp. Go-475	2072505	S	101	108	209	0.00001	0.00001	0.00001	0.00001	73	nan
Streptomyces dangxiongensis	1442032	S	73863	76046	149909	0.01021	0.00518	0.00612	0.00615	73	nan
Streptomyces inhibens	2293571	S	55337	57007	112344	0.00765	0.00388	0.00426	0.00417	70	nan
Streptomyces graminofaciens	68212	S	48281	49731	98012	0.00667	0.00339	0.00368	0.00361	71	nan
Streptomyces globisporus	1908	S	2894	4003	6897	0.00047	0.00027	0.00032	0.00031	72	nan
Streptomyces griseus	1911	S	1497	1665	3162	0.00022	0.00011	0.00014	0.00013	73	nan
Streptomyces sp. M54	2759525	S	124	207	331	0.00002	0.00001	0.00002	0.00002	73	nan
Streptomyces anulatus	1892	S	1518	2043	3561	0.00024	0.00014	0.00017	0.00016	72	nan
Streptomyces microflavus	1919	S	370	617	987	0.00007	0.00004	0.00005	0.00005	72	nan
Streptomyces cyaneofuscatus	66883	S	327	394	721	0.00005	0.00003	0.00003	0.00003	72	nan
Streptomyces genisteinicus	2768068	S	49168	49981	99149	0.00675	0.00340	0.00461	0.00446	74	nan
Streptomyces koyangensis	188770	S	16341	19251	35592	0.00242	0.00131	0.00182	0.00165	74	nan
Streptomyces cadmiisoli	2184053	S	12274	12491	24765	0.00169	0.00085	0.00096	0.00093	71	nan
Streptomyces aurantiacus	47760	S	261	265	526	0.00004	0.00002	0.00000	0.00002	71	5.0
Streptomyces phaeoluteigriseus	114686	S	209	217	426	0.00003	0.00001	0.00002	0.00002	73	nan
Streptomyces alboniger	132473	S	107	111	218	0.00001	0.00001	0.00001	0.00001	71	nan
Streptomyces zhihengii	1818004	S	13995	14052	28047	0.00191	0.00096	0.00093	0.00091	67	nan
Streptomyces filamentosus	67294	S	13488	17766	31254	0.00213	0.00121	0.00142	0.00138	72	nan
Streptomyces lydicamycinicus	1546107	S	13446	14990	28436	0.00194	0.00102	0.00116	0.00115	72	nan
Streptomyces hygroscopicus	1912	S	10451	14127	24578	0.00167	0.00096	0.00108	0.00107	72	nan
Streptomyces rapamycinicus	1226757	S	182	189	371	0.00003	0.00001	0.00001	0.00001	71	nan
Streptomyces scabiei	1930	S	10447	50636	61083	0.00416	0.00345	0.00414	0.00395	72	nan
Streptomyces noursei	1971	S	5708	6425	12133	0.00083	0.00044	0.00056	0.00052	73	nan
Streptomyces cavourensis	67258	S	1689	2315	4004	0.00027	0.00016	0.00020	0.00019	73	nan
Streptomyces parvus	66428	S	1668	1885	3553	0.00024	0.00013	0.00016	0.00015	72	nan
Streptomyces gardneri	66892	S	1373	1453	2826	0.00019	0.00010	0.00013	0.00011	72	nan
Streptomyces albidoflavus	1886	S	939	3544	4483	0.00031	0.00024	0.00031	0.00029	73	nan
Streptomyces sampsonii	42239	S	194	691	885	0.00006	0.00005	0.00006	0.00006	73	nan
Streptomyces venezuelae	54571	S	1117	1174	2291	0.00016	0.00008	0.00010	0.00009	73	nan
Streptomyces durocortorensis	2811104	S	832	872	1704	0.00012	0.00006	0.00007	0.00007	72	nan
Streptomyces peucetius	1950	S	775	789	1564	0.00011	0.00005	0.00006	0.00006	71	nan
Streptomyces rutgersensis	53451	S	699	731	1430	0.00010	0.00005	0.00000	0.00006	73	5.0
Streptomyces pristinaespiralis	38300	S	633	654	1287	0.00009	0.00004	0.00005	0.00005	72	nan
Streptomyces pratensis	1169025	S	538	551	1089	0.00007	0.00004	0.00000	0.00004	71	5.0
Streptomyces californicus	67351	S	525	987	1512	0.00010	0.00007	0.00009	0.00008	73	nan
Streptomyces vietnamensis	362257	S	451	470	921	0.00006	0.00003	0.00004	0.00004	72	nan
Streptomyces nitrosporeus	28894	S	419	427	846	0.00006	0.00003	0.00004	0.00003	72	nan
Streptomyces finlayi	67296	S	410	416	826	0.00006	0.00003	0.00000	0.00003	70	5.0
Streptomyces tsukubensis	83656	S	400	405	805	0.00005	0.00003	0.00003	0.00003	72	nan
Streptomyces clavuligerus	1901	S	399	402	801	0.00005	0.00003	0.00004	0.00003	73	nan
Streptomyces longhuiensis	2880933	S	387	392	779	0.00005	0.00003	0.00000	0.00003	71	5.0
Streptomyces niveus	193462	S	382	389	771	0.00005	0.00003	0.00003	0.00003	71	nan
Streptomyces ficellus	1977088	S	363	371	734	0.00005	0.00003	0.00003	0.00003	73	nan
Streptomyces formicae	1616117	S	362	377	739	0.00005	0.00003	0.00003	0.00003	72	nan
Streptomyces lunaelactis	1535768	S	319	323	642	0.00004	0.00002	0.00000	0.00002	71	4.0
Streptomyces vilmorinianum	3051092	S	303	312	615	0.00004	0.00002	0.00003	0.00002	72	nan
Streptomyces phaeolivaceus	2653200	S	273	283	556	0.00004	0.00002	0.00002	0.00002	72	nan
Streptomyces griseorubiginosus	67304	S	273	282	555	0.00004	0.00002	0.00002	0.00002	72	nan
Streptomyces roseicoloratus	2508722	S	269	275	544	0.00004	0.00002	0.00003	0.00002	73	nan
Streptomyces collinus	42684	S	266	281	547	0.00004	0.00002	0.00002	0.00002	73	nan
Streptomyces atratus	1893	S	263	267	530	0.00004	0.00002	0.00000	0.00002	70	4.0
Streptomyces alfalfae	1642299	S	256	262	518	0.00004	0.00002	0.00002	0.00002	73	nan
Streptomyces tanashiensis	67367	S	256	267	523	0.00004	0.00002	0.00002	0.00002	73	nan
Streptomyces xanthophaeus	67385	S	251	266	517	0.00004	0.00002	0.00002	0.00002	72	nan
Streptomyces laculatispora	887464	S	247	254	501	0.00003	0.00002	0.00002	0.00002	71	nan
Streptomyces liangshanensis	2717324	S	241	243	484	0.00003	0.00002	0.00002	0.00002	73	nan
Streptomyces seoulensis	73044	S	233	239	472	0.00003	0.00002	0.00002	0.00002	73	nan
Streptomyces paludis	2282738	S	229	231	460	0.00003	0.00002	0.00002	0.00002	72	nan
Streptomyces xanthii	2768069	S	226	229	455	0.00003	0.00002	0.00002	0.00002	73	nan
Streptomyces aureoverticillatus	66871	S	224	229	453	0.00003	0.00002	0.00002	0.00002	72	nan
Streptomyces liliifuscus	2797636	S	223	229	452	0.00003	0.00002	0.00000	0.00002	70	5.0
Streptomyces ambofaciens	1889	S	222	233	455	0.00003	0.00002	0.00002	0.00002	73	nan
Streptomyces drozdowiczii	202862	S	212	218	430	0.00003	0.00001	0.00002	0.00002	72	nan
Streptomyces hundungensis	1077946	S	202	206	408	0.00003	0.00001	0.00002	0.00002	72	nan
Streptomyces qinzhouensis	2599401	S	198	201	399	0.00003	0.00001	0.00002	0.00002	71	nan
Streptomyces tirandamycinicus	2174846	S	194	199	393	0.00003	0.00001	0.00002	0.00002	72	nan
Streptomyces spectabilis	68270	S	192	197	389	0.00003	0.00001	0.00002	0.00002	73	nan
Streptomyces katrae	68223	S	190	195	385	0.00003	0.00001	0.00002	0.00002	73	nan
Streptomyces coeruleorubidus	116188	S	188	202	390	0.00003	0.00001	0.00002	0.00002	72	nan
Streptomyces marincola	2878388	S	186	186	372	0.00003	0.00001	0.00000	0.00002	74	5.0
Streptomyces lienomycini	284035	S	180	192	372	0.00003	0.00001	0.00002	0.00002	72	nan
Streptomyces chartreusis	1969	S	175	194	369	0.00003	0.00001	0.00001	0.00001	72	nan
Streptomyces subrutilus	36818	S	174	178	352	0.00002	0.00001	0.00000	0.00002	74	5.0
Streptomyces olivoreticuli	68246	S	173	175	348	0.00002	0.00001	0.00001	0.00001	72	nan
Streptomyces griseoviridis	45398	S	170	173	343	0.00002	0.00001	0.00002	0.00001	73	nan
Streptomyces xinghaiensis	1038928	S	170	171	341	0.00002	0.00001	0.00000	0.00002	73	5.0
Streptomyces fradiae	1906	S	169	342	511	0.00003	0.00002	0.00003	0.00003	73	nan
Streptomyces spongiicola	1690221	S	167	170	337	0.00002	0.00001	0.00002	0.00001	73	nan
Streptomyces durmitorensis	319947	S	165	167	332	0.00002	0.00001	0.00000	0.00001	71	5.0
Streptomyces glaucescens	1907	S	159	164	323	0.00002	0.00001	0.00002	0.00001	73	nan
Streptomyces prasinus	67345	S	157	161	318	0.00002	0.00001	0.00001	0.00001	73	nan
Streptomyces mirabilis	68239	S	155	414	569	0.00004	0.00003	0.00003	0.00003	71	nan
Streptomyces rimosus	1927	S	154	172	326	0.00002	0.00001	0.00001	0.00001	73	nan
Streptomyces viridosporus	67581	S	151	157	308	0.00002	0.00001	0.00001	0.00001	73	nan
Streptomyces capitiformicae	2014920	S	151	154	305	0.00002	0.00001	0.00000	0.00001	70	5.0
Streptomyces luteoverticillatus	66425	S	150	152	302	0.00002	0.00001	0.00001	0.00001	73	nan
Streptomyces davaonensis	348043	S	148	155	303	0.00002	0.00001	0.00001	0.00001	72	nan
Streptomyces cyanogenus	80860	S	147	154	301	0.00002	0.00001	0.00001	0.00001	73	nan
Streptomyces buecherae	2763006	S	144	149	293	0.00002	0.00001	0.00001	0.00001	73	nan
Streptomyces pactum	68249	S	142	149	291	0.00002	0.00001	0.00001	0.00001	73	nan
Streptomyces yangpuensis	1648182	S	141	149	290	0.00002	0.00001	0.00001	0.00001	73	nan
Streptomyces armeniacus	83291	S	141	141	282	0.00002	0.00001	0.00001	0.00001	73	nan
Streptomyces nigra	1827580	S	138	142	280	0.00002	0.00001	0.00001	0.00001	72	nan
Streptomyces roseirectus	2768066	S	138	140	278	0.00002	0.00001	0.00001	0.00001	73	nan
Streptomyces chromofuscus	42881	S	138	142	280	0.00002	0.00001	0.00001	0.00001	72	nan
Streptomyces dengpaensis	2049881	S	136	138	274	0.00002	0.00001	0.00000	0.00001	71	5.0
Streptomyces vinaceus	1960	S	135	139	274	0.00002	0.00001	0.00001	0.00001	73	nan
Streptomyces bathyalis	2710756	S	133	133	266	0.00002	0.00001	0.00000	0.00001	70	5.0
Streptomyces griseocarneus	51201	S	133	135	268	0.00002	0.00001	0.00001	0.00001	73	nan
Streptomyces lavendulae	1914	S	132	136	268	0.00002	0.00001	0.00001	0.00001	73	nan
Streptomyces calvus	67282	S	131	136	267	0.00002	0.00001	0.00001	0.00001	73	nan
Streptomyces antibioticus	1890	S	131	134	265	0.00002	0.00001	0.00001	0.00001	73	nan
Streptomyces tendae	1932	S	130	135	265	0.00002	0.00001	0.00001	0.00001	72	nan
Streptomyces gilvosporeus	553510	S	130	132	262	0.00002	0.00001	0.00001	0.00001	71	nan
Streptomyces avermitilis	33903	S	129	132	261	0.00002	0.00001	0.00001	0.00001	72	nan
Streptomyces nodosus	40318	S	122	123	245	0.00002	0.00001	0.00001	0.00001	71	nan
Streptomyces cinereoruber	67260	S	121	341	462	0.00003	0.00002	0.00003	0.00003	73	nan
Streptomyces aquilus	2548456	S	120	123	243	0.00002	0.00001	0.00001	0.00001	71	nan
Streptomyces cyaneochromogenes	2496836	S	120	124	244	0.00002	0.00001	0.00001	0.00001	71	nan
Streptomyces lydicus	47763	S	119	140	259	0.00002	0.00001	0.00001	0.00001	72	nan
Streptomyces pluripotens	1355015	S	118	119	237	0.00002	0.00001	0.00000	0.00001	70	5.0
Streptomyces lusitanus	68232	S	118	128	246	0.00002	0.00001	0.00001	0.00001	73	nan
Streptomyces albus	1888	S	117	117	234	0.00002	0.00001	0.00001	0.00001	73	nan
Streptomyces sudanensis	436397	S	116	119	235	0.00002	0.00001	0.00000	0.00001	74	5.0
Streptomyces alboflavus	67267	S	115	119	234	0.00002	0.00001	0.00001	0.00001	73	nan
Streptomyces actuosus	1885	S	113	117	230	0.00002	0.00001	0.00001	0.00001	73	nan
Streptomyces griseochromogenes	68214	S	112	115	227	0.00002	0.00001	0.00001	0.00001	71	nan
Streptomyces tubbatahanensis	2923272	S	111	111	222	0.00002	0.00001	0.00001	0.00001	72	nan
Streptomyces angustmyceticus	285578	S	108	112	220	0.00001	0.00001	0.00001	0.00001	73	nan
Streptomyces lincolnensis	1915	S	108	112	220	0.00001	0.00001	0.00001	0.00001	72	nan
Streptomyces akebiae	2865673	S	106	112	218	0.00001	0.00001	0.00001	0.00001	71	nan
Streptomyces flavofungini	68200	S	104	108	212	0.00001	0.00001	0.00001	0.00001	73	nan
Streptomyces cyaneogriseus	68192	S	103	115	218	0.00001	0.00001	0.00001	0.00001	74	nan
Streptomyces asoensis	249586	S	103	105	208	0.00001	0.00001	0.00001	0.00001	72	nan
Streptomyces coralus	66880	S	103	108	211	0.00001	0.00001	0.00001	0.00001	72	nan
Streptomyces halobius	2879846	S	101	102	203	0.00001	0.00001	0.00000	0.00001	70	5.0
Streptomyces nojiriensis	66374	S	100	109	209	0.00001	0.00001	0.00001	0.00001	72	nan
Kitasatospora setae	2066	S	7683	7882	15565	0.00106	0.00054	0.00069	0.00075	75	nan
Gordonia terrae	2055	S	112320	114800	227120	0.01547	0.00782	0.00758	0.00742	69	nan
Gordonia alkanivorans	84096	S	25554	56691	82245	0.00560	0.00386	0.00374	0.00361	68	nan
Gordonia sp. 1D	1737359	S	4360	16250	20610	0.00140	0.00111	0.00107	0.00103	68	nan
Gordonia sp. SMJS1	3039400	S	1408	3025	4433	0.00030	0.00021	0.00020	0.00019	68	nan
Gordonia sp. KTR9	337191	S	943	964	1907	0.00013	0.00007	0.00006	0.00006	68	nan
Gordonia sp. JH63	2698900	S	532	995	1527	0.00010	0.00007	0.00007	0.00006	68	nan
Gordonia sp. WA4-43	2878678	S	426	745	1171	0.00008	0.00005	0.00005	0.00005	68	nan
Gordonia sp. Swx-4	3029399	S	221	852	1073	0.00007	0.00006	0.00006	0.00005	68	nan
Gordonia sp. NB41Y	875808	S	188	188	376	0.00003	0.00001	0.00001	0.00001	69	nan
Gordonia sp. 135	2676309	S	148	545	693	0.00005	0.00004	0.00004	0.00003	68	nan
Gordonia sp. SL306	2995145	S	102	102	204	0.00001	0.00001	0.00001	0.00001	68	nan
Gordonia amicalis	89053	S	7735	38230	45965	0.00313	0.00260	0.00251	0.00243	68	nan
Gordonia rubripertincta	36822	S	2176	2331	4507	0.00031	0.00016	0.00015	0.00015	68	nan
Gordonia hongkongensis	1701090	S	1540	3078	4618	0.00031	0.00021	0.00021	0.00020	68	nan
Gordonia ajococcus	1292359	S	1532	18107	19639	0.00134	0.00123	0.00119	0.00115	68	nan
Gordonia jinghuaiqii	2758710	S	491	493	984	0.00007	0.00003	0.00003	0.00003	69	nan
Gordonia bronchialis	2054	S	222	225	447	0.00003	0.00002	0.00001	0.00001	68	nan
Gordonia otitidis	249058	S	218	220	438	0.00003	0.00002	0.00000	0.00001	66	5.0
Gordonia insulae	2420509	S	152	153	305	0.00002	0.00001	0.00001	0.00001	67	nan
Gordonia pseudamarae	2831662	S	150	150	300	0.00002	0.00001	0.00000	0.00001	67	5.0
Gordonia polyisoprenivorans	84595	S	138	145	283	0.00002	0.00001	0.00001	0.00001	67	nan
Gordonia mangrovi	2665643	S	111	111	222	0.00002	0.00001	0.00000	0.00001	67	5.0
Mycobacterium marseillense	701042	S	41101	43268	84369	0.00575	0.00295	0.00291	0.00283	68	nan
Mycobacterium colombiense	339268	S	35395	35850	71245	0.00485	0.00244	0.00243	0.00237	68	nan
Mycobacterium sp. Aquia_213	2991728	S	56519	56983	113502	0.00773	0.00388	0.00362	0.00351	66	nan
Mycobacterium conspicuum	44010	S	8294	8428	16722	0.00114	0.00057	0.00056	0.00055	68	nan
Mycolicibacter virginiensis	1795032	S	15314	15799	31113	0.00212	0.00108	0.00105	0.00102	68	nan
Mycolicibacter sp. MU0102	3064288	S	201	223	424	0.00003	0.00002	0.00000	0.00001	68	4.0
Mycolicibacter heraklionensis	512402	S	116	119	235	0.00002	0.00001	0.00000	0.00001	68	4.0
Mycolicibacillus parakoreensis	1069221	S	15476	15804	31280	0.00213	0.00108	0.00118	0.00117	71	nan
Mycolicibacterium phlei	1771	S	7860	8100	15960	0.00109	0.00055	0.00058	0.00056	70	nan
Corynebacterium casei	160386	S	31120	32632	63752	0.00434	0.00222	0.00188	0.00178	57	nan
Corynebacterium falsenii	108486	S	17176	17387	34563	0.00235	0.00118	0.00105	0.00101	64	nan
Corynebacterium suedekumii	3049801	S	9405	9547	18952	0.00129	0.00065	0.00064	0.00062	69	nan
Corynebacterium sanguinis	2594913	S	5904	8855	14759	0.00101	0.00060	0.00056	0.00054	66	nan
Corynebacterium sp. Z-1	3074378	S	4271	6502	10773	0.00073	0.00044	0.00041	0.00039	67	nan
Corynebacterium mycetoides	38302	S	188	193	381	0.00003	0.00001	0.00000	0.00001	68	5.0
Corynebacterium qintianiae	2709392	S	151	153	304	0.00002	0.00001	0.00000	0.00001	66	5.0
Corynebacterium liangguodongii	2079535	S	119	119	238	0.00002	0.00001	0.00000	0.00001	67	5.0
Rhodococcus sp. BH4	1807790	S	4022	19419	23441	0.00160	0.00132	0.00000	0.00124	64	5.0
Rhodococcus sp. WB1	1033922	S	3180	22676	25856	0.00176	0.00154	0.00156	0.00152	70	nan
Rhodococcus aetherivorans	191292	S	1763	10486	12249	0.00083	0.00071	0.00073	0.00070	70	nan
Rhodococcus pyridinivorans	103816	S	176	516	692	0.00005	0.00004	0.00003	0.00003	68	nan
Tsukamurella tyrosinosolvens	57704	S	40729	41626	82355	0.00561	0.00283	0.00316	0.00319	72	nan
Tsukamurella paurometabola	2061	S	126	127	253	0.00002	0.00001	0.00000	0.00001	70	5.0
Dietzia kunjamensis	322509	S	345	357	702	0.00005	0.00002	0.00000	0.00003	70	5.0
Saccharopolyspora erythraea	1836	S	336792	338538	675330	0.04599	0.02305	0.02597	0.02557	72	nan
Actinoalloteichus hoggarensis	1470176	S	34840	34973	69813	0.00475	0.00238	0.00272	0.00266	71	nan
Actinoalloteichus sp. GBA129-24	1612551	S	6662	29757	36419	0.00248	0.00203	0.00219	0.00214	71	nan
Saccharomonospora glauca	40990	S	58584	59742	118326	0.00806	0.00407	0.00418	0.00408	70	nan
Amycolatopsis sp. QT-25	3034022	S	18923	19315	38238	0.00260	0.00132	0.00133	0.00130	70	nan
Saccharothrix sp. 6-C	2781735	S	20234	20311	40545	0.00276	0.00138	0.00169	0.00166	73	nan
Pseudonocardia sp. HH130630-07	1690815	S	12263	13088	25351	0.00173	0.00089	0.00108	0.00118	75	nan
Pseudonocardia sp. DSM 110487	2865833	S	1393	1401	2794	0.00019	0.00010	0.00000	0.00011	72	5.0
Pseudonocardia sp. AL041005-10	445576	S	107	112	219	0.00001	0.00001	0.00000	0.00001	74	5.0
Pseudonocardia alaniniphila	75291	S	1302	1302	2604	0.00018	0.00009	0.00010	0.00010	72	nan
Pseudonocardia broussonetiae	2736640	S	469	502	971	0.00007	0.00003	0.00000	0.00005	75	5.0
Pseudonocardia dioxanivorans	240495	S	415	422	837	0.00006	0.00003	0.00000	0.00004	74	5.0
Pseudonocardia petroleophila	37331	S	324	399	723	0.00005	0.00003	0.00000	0.00004	75	5.0
Pseudonocardia abyssalis	2792008	S	266	319	585	0.00004	0.00002	0.00000	0.00003	74	5.0
Pseudonocardia autotrophica	2074	S	157	169	326	0.00002	0.00001	0.00000	0.00001	73	5.0
Micromonospora krabiensis	307121	S	249743	251713	501456	0.03415	0.01714	0.02129	0.02126	74	nan
Micromonospora sp. WMMD998	3016092	S	40779	42571	83350	0.00568	0.00290	0.00360	0.00364	74	nan
Micromonospora sp. WMMD964	3016091	S	18673	21924	40597	0.00276	0.00149	0.00172	0.00170	72	nan
Phytohabitans suffuscus	624315	S	3956	3969	7925	0.00054	0.00027	0.00032	0.00032	73	nan
Nocardioides humi	449461	S	28679	28875	57554	0.00392	0.00197	0.00239	0.00234	73	nan
Nocardioides sambongensis	2589074	S	10639	10678	21317	0.00145	0.00073	0.00087	0.00083	72	nan
Nocardioides aquaticus	160826	S	6495	6517	13012	0.00089	0.00044	0.00056	0.00056	73	nan
Marmoricola scoriae	642780	S	23669	23771	47440	0.00323	0.00162	0.00212	0.00210	74	nan
Friedmanniella luteola	546871	S	18558	18595	37153	0.00253	0.00127	0.00171	0.00168	74	nan
Cutibacterium modestum	2559073	S	16718	17113	33831	0.00230	0.00117	0.00098	0.00094	61	nan
Nocardiopsis akebiae	2831968	S	47361	51659	99020	0.00674	0.00352	0.00423	0.00431	73	nan
Streptosporangium roseum	2001	S	24367	24438	48805	0.00332	0.00166	0.00188	0.00185	72	nan
Streptosporangium sp. 'caverna'	2202249	S	105	105	210	0.00001	0.00001	0.00000	0.00001	70	4.0
Nonomuraea gerenzanensis	93944	S	13485	13593	27078	0.00184	0.00093	0.00109	0.00107	73	nan
Nonomuraea coxensis	404386	S	690	693	1383	0.00009	0.00005	0.00000	0.00006	74	5.0
Nonomuraea sp. ATCC 55076	1909395	S	199	200	399	0.00003	0.00001	0.00000	0.00002	73	5.0
Nonomuraea phyllanthi	2219224	S	153	153	306	0.00002	0.00001	0.00000	0.00001	72	4.0
Actinomyces sp. oral taxon 169	712116	S	27440	28910	56350	0.00384	0.00197	0.00206	0.00198	70	nan
Jatrophihabitans sp. GAS493	1907575	S	8871	8877	17748	0.00121	0.00060	0.00058	0.00056	67	nan
Kineococcus radiotolerans	131568	S	5452	5467	10919	0.00074	0.00037	0.00049	0.00051	74	nan
Berryella wangjianweii	2734634	S	27931	27938	55869	0.00380	0.00190	0.00185	0.00177	67	nan
Denitrobacterium detoxificans	79604	S	20164	20247	40411	0.00275	0.00138	0.00118	0.00112	60	nan
Eggerthella sp. YY7918	502558	S	5158	5289	10447	0.00071	0.00036	0.00030	0.00029	57	nan
Staphylococcus edaphicus	1955013	S	125412	126057	251469	0.01713	0.00858	0.00927	0.00881	34	nan
Staphylococcus sp. NRL 16/872	2930131	S	9403	65894	75297	0.00513	0.00449	0.00493	0.00465	34	nan
Staphylococcus warneri	1292	S	29095	31362	60457	0.00412	0.00214	0.00236	0.00223	33	nan
Staphylococcus succinus	61015	S	13324	13637	26961	0.00184	0.00093	0.00102	0.00096	34	nan
Staphylococcus pseudintermedius	283734	S	7307	7480	14787	0.00101	0.00051	0.00050	0.00047	38	nan
Staphylococcus xylosus	1288	S	6823	6947	13770	0.00094	0.00047	0.00052	0.00050	33	nan
Staphylococcus epidermidis	1282	S	750	806	1556	0.00011	0.00005	0.00000	0.00006	33	5.0
Staphylococcus aureus	1280	S	274	1117	1391	0.00009	0.00008	0.00000	0.00008	33	4.0
Staphylococcus haemolyticus	1283	S	104	106	210	0.00001	0.00001	0.00000	0.00001	33	4.0
Nosocomiicoccus massiliensis	1232430	S	165612	166932	332544	0.02265	0.01137	0.01172	0.01093	35	nan
Nosocomiicoccus ampullae	489910	S	78836	79270	158106	0.01077	0.00540	0.00565	0.00538	34	nan
Macrococcus caseolyticus	69966	S	359	21186	21545	0.00147	0.00144	0.00145	0.00138	37	nan
Macrococcus canis	1855823	S	110	722	832	0.00006	0.00005	0.00005	0.00005	37	nan
Jeotgalicoccus sp. WY2	2708346	S	136	138	274	0.00002	0.00001	0.00000	0.00001	41	3.0
Bacillus cytotoxicus	580165	S	47399	48202	95601	0.00651	0.00328	0.00337	0.00315	36	nan
Bacillus luti	2026191	S	12023	13776	25799	0.00176	0.00094	0.00096	0.00090	35	nan
Bacillus toyonensis	155322	S	2552	7522	10074	0.00069	0.00051	0.00052	0.00048	35	nan
Bacillus sp. FDAARGOS_235	1839798	S	1325	13906	15231	0.00104	0.00095	0.00096	0.00088	36	nan
Bacillus cereus	1396	S	1083	7680	8763	0.00060	0.00052	0.00053	0.00049	35	nan
Bacillus thuringiensis	1428	S	735	11237	11972	0.00082	0.00077	0.00077	0.00072	36	nan
Bacillus mycoides	1405	S	485	1170	1655	0.00011	0.00008	0.00008	0.00008	35	nan
Bacillus wiedmannii	1890302	S	193	304	497	0.00003	0.00002	0.00000	0.00002	35	5.0
Bacillus pseudomycoides	64104	S	135	139	274	0.00002	0.00001	0.00000	0.00001	35	5.0
Bacillus paralicheniformis	1648923	S	65337	80738	146075	0.00995	0.00550	0.00489	0.00464	47	nan
Bacillus licheniformis	1402	S	245	2976	3221	0.00022	0.00020	0.00000	0.00018	36	5.0
Neobacillus sp. PS3-12	3070677	S	144133	145099	289232	0.01970	0.00988	0.00950	0.00907	39	nan
Amphibacillus xylanus	1449	S	48848	48962	97810	0.00666	0.00333	0.00334	0.00320	35	nan
Metabacillus endolithicus	1535204	S	38593	40840	79433	0.00541	0.00278	0.00286	0.00268	36	nan
Metabacillus sediminilitoris	2567941	S	729	733	1462	0.00010	0.00005	0.00000	0.00005	35	5.0
Metabacillus sp. KUDC1714	2745198	S	625	629	1254	0.00009	0.00004	0.00000	0.00004	36	5.0
Lysinibacillus sp. OF-1	2972483	S	39595	40414	80009	0.00545	0.00275	0.00267	0.00252	37	nan
Parageobacillus caldoxylosilyticus	81408	S	30712	31538	62250	0.00424	0.00215	0.00190	0.00182	45	nan
Parageobacillus genomosp. 1	1295642	S	236	239	475	0.00003	0.00002	0.00000	0.00001	45	4.0
Parageobacillus toebii	153151	S	227	446	673	0.00005	0.00003	0.00000	0.00003	41	4.0
Parageobacillus thermoglucosidasius	1426	S	203	210	413	0.00003	0.00001	0.00000	0.00001	44	4.0
Geobacillus thermodenitrificans	33940	S	137	315	452	0.00003	0.00002	0.00000	0.00002	50	4.0
Peribacillus asahii	228899	S	137	213	350	0.00002	0.00001	0.00000	0.00001	38	4.0
Priestia megaterium	1404	S	152	196	348	0.00002	0.00001	0.00000	0.00001	38	4.0
Aeribacillus pallidus	33936	S	110	121	231	0.00002	0.00001	0.00000	0.00001	40	4.0
Brevibacillus sp. JNUCC-41	2778370	S	37415	39010	76425	0.00520	0.00266	0.00246	0.00235	40	nan
Gemella sp. zg-570	2840371	S	15111	15136	30247	0.00206	0.00103	0.00131	0.00128	30	nan
Exiguobacterium mexicanum	340146	S	124	127	251	0.00002	0.00001	0.00000	0.00001	55	4.0
Fructilactobacillus sanfranciscensis	1625	S	87314	88704	176018	0.01199	0.00604	0.00637	0.00592	35	nan
Fructilactobacillus lindneri	53444	S	103	104	207	0.00001	0.00001	0.00000	0.00001	33	4.0
Lactobacillus kefiranofaciens	267818	S	40262	43335	83597	0.00569	0.00295	0.00291	0.00275	38	nan
Lactobacillus acidophilus	1579	S	31478	31753	63231	0.00431	0.00216	0.00223	0.00213	35	nan
Lactobacillus helveticus	1587	S	1533	1692	3225	0.00022	0.00012	0.00011	0.00011	38	nan
Lactobacillus iners	147802	S	358	362	720	0.00005	0.00002	0.00000	0.00003	33	4.0
Lactobacillus crispatus	47770	S	159	171	330	0.00002	0.00001	0.00001	0.00001	38	nan
Lactobacillus amylovorus	1604	S	134	143	277	0.00002	0.00001	0.00000	0.00001	39	4.0
Lentilactobacillus hilgardii	1588	S	28523	29047	57570	0.00392	0.00198	0.00184	0.00175	41	nan
Pediococcus inopinatus	114090	S	16896	18108	35004	0.00238	0.00123	0.00118	0.00111	39	nan
Pediococcus pentosaceus	1255	S	184	188	372	0.00003	0.00001	0.00000	0.00001	38	5.0
Weissella koreensis	165096	S	5177	5226	10403	0.00071	0.00036	0.00037	0.00035	37	nan
Lactiplantibacillus plantarum	1590	S	572	680	1252	0.00009	0.00005	0.00000	0.00004	45	4.0
Ligilactobacillus agilis	1601	S	142	165	307	0.00002	0.00001	0.00000	0.00001	43	4.0
Ligilactobacillus salivarius	1624	S	116	135	251	0.00002	0.00001	0.00000	0.00001	33	4.0
Limosilactobacillus fermentum	1613	S	345	367	712	0.00005	0.00003	0.00000	0.00002	54	4.0
Liquorilactobacillus nagelii	82688	S	193	232	425	0.00003	0.00002	0.00000	0.00001	38	4.0
Latilactobacillus sakei	1599	S	301	320	621	0.00004	0.00002	0.00000	0.00002	42	4.0
Streptococcus sobrinus	1310	S	44424	44601	89025	0.00606	0.00304	0.00269	0.00257	46	nan
Streptococcus sp. D7B5	3038077	S	18079	27653	45732	0.00311	0.00188	0.00171	0.00164	43	nan
Streptococcus toyakuensis	2819619	S	9130	11332	20462	0.00139	0.00077	0.00071	0.00068	43	nan
Streptococcus anginosus	1328	S	495	624	1119	0.00008	0.00004	0.00000	0.00004	40	5.0
Streptococcus oralis	1303	S	198	224	422	0.00003	0.00002	0.00001	0.00001	43	nan
Lactococcus taiwanensis	1151742	S	37511	37755	75266	0.00513	0.00257	0.00244	0.00232	40	nan
Lactococcus lactis	1358	S	1413	1702	3115	0.00021	0.00012	0.00012	0.00011	36	nan
Lactococcus cremoris	1359	S	303	339	642	0.00004	0.00002	0.00000	0.00002	37	5.0
Lactococcus sp. NH2-7C	2879149	S	186	197	383	0.00003	0.00001	0.00000	0.00001	35	5.0
Carnobacterium maltaromaticum	2751	S	43659	43922	87581	0.00596	0.00299	0.00315	0.00297	35	nan
Carnobacterium sp. CP1	1564681	S	5008	9310	14318	0.00098	0.00063	0.00061	0.00058	38	nan
Dolosigranulum pigrum	29394	S	12908	12943	25851	0.00176	0.00088	0.00082	0.00079	40	nan
Tetragenococcus halophilus	51669	S	16422	16689	33111	0.00225	0.00114	0.00114	0.00108	36	nan
Clostridium sp. 001	1970093	S	57488	61728	119216	0.00812	0.00420	0.00490	0.00468	32	nan
Clostridium sp. JN-1	2483110	S	25439	25512	50951	0.00347	0.00174	0.00203	0.00197	31	nan
Clostridium sp. DL-VIII	641107	S	14582	14706	29288	0.00199	0.00100	0.00120	0.00117	30	nan
Clostridium sp. CM028	2851575	S	7516	27151	34667	0.00236	0.00185	0.00218	0.00203	31	nan
Clostridium sp. K25	1443109	S	181	292	473	0.00003	0.00002	0.00002	0.00003	28	nan
Clostridium isatidis	182773	S	64440	64820	129260	0.00880	0.00441	0.00561	0.00545	30	nan
Clostridium bornimense	1216932	S	30345	30523	60868	0.00415	0.00208	0.00259	0.00250	29	nan
Clostridium carboxidivorans	217159	S	29714	31301	61015	0.00416	0.00213	0.00257	0.00249	31	nan
Clostridium intestinale	36845	S	22399	22454	44853	0.00305	0.00153	0.00188	0.00175	30	nan
Clostridium saccharobutylicum	169679	S	10346	10397	20743	0.00141	0.00071	0.00092	0.00088	29	nan
Clostridium botulinum	1491	S	1786	1990	3776	0.00026	0.00014	0.00017	0.00017	28	nan
Clostridium perfringens	1502	S	1129	1595	2724	0.00019	0.00011	0.00013	0.00013	29	nan
Clostridium novyi	1542	S	247	845	1092	0.00007	0.00006	0.00006	0.00007	29	nan
Clostridium beijerinckii	1520	S	226	283	509	0.00003	0.00002	0.00002	0.00002	30	nan
Candidatus Arthromitus sp. SFB-mouse	49118	S	20672	50089	70761	0.00482	0.00341	0.00442	0.00434	28	nan
Candidatus Arthromitus sp. SFB-rat-Yit	1041504	S	102	102	204	0.00001	0.00001	0.00000	0.00001	27	5.0
Alkaliphilus metalliredigens	208226	S	35010	35059	70069	0.00477	0.00239	0.00235	0.00224	37	nan
Paraclostridium bifermentans	1490	S	34531	34658	69189	0.00471	0.00236	0.00333	0.00299	28	nan
Crassaminicella thermophila	2599308	S	18834	18873	37707	0.00257	0.00129	0.00150	0.00145	30	nan
Caminicella sporogenes	166485	S	15751	15769	31520	0.00215	0.00107	0.00137	0.00132	30	nan
Caloramator sp. mosi_1	3023090	S	10890	11026	21916	0.00149	0.00075	0.00088	0.00084	31	nan
Cellulosilyticum sp. WCF-2	2497860	S	35628	41246	76874	0.00524	0.00281	0.00291	0.00278	34	nan
Proteiniborus sp. MB09-C3	3050072	S	39949	39981	79930	0.00544	0.00272	0.00293	0.00282	32	nan
Romboutsia hominis	1507512	S	18977	19188	38165	0.00260	0.00131	0.00172	0.00168	27	nan
Paeniclostridium sordellii	1505	S	128	128	256	0.00002	0.00001	0.00000	0.00001	28	5.0
Thermoanaerobacter siderophilus	106578	S	13158	25411	38569	0.00263	0.00173	0.00178	0.00173	34	nan
Thermoanaerobacter brockii	29323	S	192	72869	73061	0.00498	0.00496	0.00520	0.00495	33	nan
Thermoanaerobacter kivui	2325	S	100	108	208	0.00001	0.00001	0.00001	0.00001	35	nan
Thermoanaerobacterium xylanolyticum	29329	S	23923	24073	47996	0.00327	0.00164	0.00170	0.00161	36	nan
Sedimentibacter sp. zth1	2816908	S	41338	41351	82689	0.00563	0.00282	0.00352	0.00343	29	nan
Miniphocaeibacter halophilus	2931922	S	25591	25601	51192	0.00349	0.00174	0.00218	0.00214	30	nan
Dialister pneumosintes	39950	S	9969	9973	19942	0.00136	0.00068	0.00070	0.00067	34	nan
Mycoplasmopsis anatis	171279	S	152396	153827	306223	0.02085	0.01048	0.01534	0.01442	25	nan
Mycoplasmopsis phocirhinis	142650	S	50025	50213	100238	0.00683	0.00342	0.00461	0.00451	27	nan
Mycoplasmopsis meleagridis	29561	S	48007	48149	96156	0.00655	0.00328	0.00492	0.00469	24	nan
Mycoplasmopsis bovirhinis	29553	S	36205	36429	72634	0.00495	0.00248	0.00337	0.00324	27	nan
Mycoplasmopsis verecunda	171291	S	9060	9097	18157	0.00124	0.00062	0.00089	0.00083	27	nan
Mycoplasmopsis caviae	55603	S	5423	5438	10861	0.00074	0.00037	0.00049	0.00047	27	nan
Mesomycoplasma hyopneumoniae	2099	S	29705	29875	59580	0.00406	0.00203	0.00260	0.00257	28	nan
Mesomycoplasma dispar	86660	S	28778	28799	57577	0.00392	0.00196	0.00247	0.00239	29	nan
[Mycoplasma] mobile	2118	S	4768	4768	9536	0.00065	0.00032	0.00049	0.00050	24	nan
Metamycoplasma orale	2121	S	16775	16798	33573	0.00229	0.00114	0.00168	0.00172	25	nan
Mycoplasma sp. 97/66	2963127	S	45230	72507	117737	0.00802	0.00494	0.00645	0.00618	26	nan
Mycoplasma sp. Ms02	353851	S	20747	20817	41564	0.00283	0.00142	0.00158	0.00152	31	nan
Mycoplasma sp. 1578d	2967299	S	161	1713	1874	0.00013	0.00012	0.00015	0.00014	28	nan
Mycoplasma cottewii	51364	S	18664	19155	37819	0.00258	0.00130	0.00202	0.00190	26	nan
Mycoplasma anserisalpingitidis	519450	S	4722	4748	9470	0.00064	0.00032	0.00000	0.00044	25	5.0
Mesoplasma syrphidae	225999	S	71077	71214	142291	0.00969	0.00485	0.00580	0.00559	30	nan
Mesoplasma lactucae	138853	S	16975	16985	33960	0.00231	0.00116	0.00142	0.00135	28	nan
Spiroplasma sp. BIUS-1	216964	S	12639	12685	25324	0.00172	0.00086	0.00119	0.00113	26	nan
Spiroplasma tabanidicola	324079	S	5994	6009	12003	0.00082	0.00041	0.00063	0.00063	24	nan
Spiroplasma kunkelii	47834	S	5760	6007	11767	0.00080	0.00041	0.00062	0.00063	25	nan
Aster yellows witches'-broom phytoplasma	229545	S	39106	40094	79200	0.00539	0.00273	0.00429	0.00384	26	nan
Paulownia witches'-broom phytoplasma	39647	S	1582	2567	4149	0.00028	0.00017	0.00020	0.00023	27	nan
'Catharanthus roseus' aster yellows phytoplasma	1193712	S	1389	4359	5748	0.00039	0.00030	0.00032	0.00038	29	nan
Mulberry dwarf phytoplasma	186171	S	1221	2632	3853	0.00026	0.00018	0.00019	0.00023	29	nan
Maize bushy stunt phytoplasma	202462	S	1094	3252	4346	0.00030	0.00022	0.00024	0.00029	29	nan
Candidatus Phytoplasma tritici	321961	S	219	221	440	0.00003	0.00002	0.00000	0.00002	22	4.0
Candidatus Phytoplasma rubi	399025	S	1300	1316	2616	0.00018	0.00009	0.00000	0.00016	25	4.0
Nostoc sp. PCC 7120 = FACHB-418	103690	S	123328	123808	247136	0.01683	0.00843	0.00763	0.00734	43	nan
Planktothrix tepida	1678309	S	13535	29219	42754	0.00291	0.00199	0.00185	0.00178	38	nan
Synechococcus sp. A15-24	1050635	S	9127	9270	18397	0.00125	0.00063	0.00056	0.00052	62	nan
Deinococcus metallilatus	1211322	S	137610	137865	275475	0.01876	0.00939	0.00972	0.00943	70	nan
Pseudomonas sp. L5B5	2883205	S	91253	93677	184930	0.01259	0.00638	0.00566	0.00545	65	nan
Pseudomonas sp. FGI182	1259844	S	91073	145733	236806	0.01613	0.00992	0.00000	0.00840	64	5.0
Pseudomonas sp. LPB0260	2614442	S	55371	56424	111795	0.00761	0.00384	0.00370	0.00348	67	nan
Pseudomonas sp. Eqa60	2799184	S	32545	130410	162955	0.01110	0.00888	0.00788	0.00746	63	nan
Pseudomonas sp. 09C 129	2054915	S	24694	48458	73152	0.00498	0.00330	0.00000	0.00279	64	5.0
Pseudomonas sp. HN11	1344094	S	15547	16431	31978	0.00218	0.00112	0.00098	0.00091	61	nan
Pseudomonas sp. I3-I5	2926671	S	15381	40678	56059	0.00382	0.00277	0.00243	0.00231	63	nan
Pseudomonas sp. B21-035	2895484	S	10240	50780	61020	0.00416	0.00346	0.00000	0.00292	64	5.0
Pseudomonas sp. LS.1a	2920387	S	8258	9168	17426	0.00119	0.00062	0.00000	0.00053	64	5.0
Pseudomonas sp. MM213	2866807	S	3340	3927	7267	0.00049	0.00027	0.00000	0.00022	61	5.0
Pseudomonas sp. 31-12	2201356	S	2741	2934	5675	0.00039	0.00020	0.00000	0.00016	61	5.0
Pseudomonas sp. ACM7	2052956	S	2060	2285	4345	0.00030	0.00016	0.00000	0.00013	60	5.0
Pseudomonas sp. URMO17WK12:I11	1283291	S	1835	2452	4287	0.00029	0.00017	0.00015	0.00014	62	nan
Pseudomonas sp. B21-040	2895486	S	1797	1868	3665	0.00025	0.00013	0.00000	0.00010	61	5.0
Pseudomonas sp. MPC6	2498848	S	1684	1759	3443	0.00023	0.00012	0.00000	0.00010	62	5.0
Pseudomonas sp. DR48	2871095	S	1188	1386	2574	0.00018	0.00009	0.00000	0.00008	60	5.0
Pseudomonas sp. FP818	2954099	S	1166	4219	5385	0.00037	0.00029	0.00025	0.00024	63	nan
Pseudomonas sp. S34	1573718	S	1156	1216	2372	0.00016	0.00008	0.00000	0.00007	62	5.0
Pseudomonas sp. B21-053	2895493	S	1130	1238	2368	0.00016	0.00008	0.00000	0.00007	61	5.0
Pseudomonas sp. N3-W	2975049	S	1092	1126	2218	0.00015	0.00008	0.00000	0.00006	61	5.0
Pseudomonas sp. So3.2b	2864101	S	1062	4009	5071	0.00035	0.00027	0.00024	0.00023	63	nan
Pseudomonas sp. WJP1	2986947	S	1029	1073	2102	0.00014	0.00007	0.00006	0.00006	62	nan
Pseudomonas sp. FP2294	2954089	S	890	3649	4539	0.00031	0.00025	0.00022	0.00021	63	nan
Pseudomonas sp. B21-015	2895473	S	881	954	1835	0.00012	0.00007	0.00000	0.00005	61	5.0
Pseudomonas sp. PP3	2815936	S	830	896	1726	0.00012	0.00006	0.00000	0.00005	61	5.0
Pseudomonas sp. NIBR-H-19	2901380	S	801	844	1645	0.00011	0.00006	0.00000	0.00005	60	5.0
Pseudomonas sp. FP1742	2954079	S	728	879	1607	0.00011	0.00006	0.00000	0.00005	61	5.0
Pseudomonas sp. B21-048	2895490	S	646	701	1347	0.00009	0.00005	0.00000	0.00004	60	5.0
Pseudomonas sp. UW4	1207075	S	601	757	1358	0.00009	0.00005	0.00005	0.00004	61	nan
Pseudomonas sp. FP2196	2954086	S	448	473	921	0.00006	0.00003	0.00000	0.00003	61	5.0
Pseudomonas sp. Seg1	2678259	S	402	428	830	0.00006	0.00003	0.00000	0.00002	61	5.0
Pseudomonas sp. PMCC200367	3042029	S	379	1059	1438	0.00010	0.00007	0.00006	0.00006	62	nan
Pseudomonas sp. PMCC200344	3042028	S	376	1027	1403	0.00010	0.00007	0.00006	0.00006	62	nan
Pseudomonas sp. HS6	2850559	S	371	404	775	0.00005	0.00003	0.00000	0.00002	62	5.0
Pseudomonas sp. DTU12.3	2073078	S	361	386	747	0.00005	0.00003	0.00000	0.00002	61	5.0
Pseudomonas sp. B21-051	2895491	S	319	369	688	0.00005	0.00003	0.00002	0.00002	62	nan
Pseudomonas sp. B21-019	2895475	S	312	463	775	0.00005	0.00003	0.00003	0.00003	62	nan
Pseudomonas sp. A34-9	3034675	S	268	294	562	0.00004	0.00002	0.00000	0.00002	61	5.0
Pseudomonas sp. BW7P1	2973088	S	260	274	534	0.00004	0.00002	0.00002	0.00002	62	nan
Pseudomonas sp. AO-1	2855434	S	253	335	588	0.00004	0.00002	0.00002	0.00002	62	nan
Pseudomonas sp. FP1740	2954078	S	247	400	647	0.00004	0.00003	0.00002	0.00002	62	nan
Pseudomonas sp. FP198	2954084	S	240	247	487	0.00003	0.00002	0.00001	0.00001	62	nan
Pseudomonas sp. ADAK18	2730848	S	239	245	484	0.00003	0.00002	0.00000	0.00001	60	5.0
Pseudomonas sp. Ost2	2678260	S	237	241	478	0.00003	0.00002	0.00000	0.00001	64	5.0
Pseudomonas sp. R84	1573712	S	228	268	496	0.00003	0.00002	0.00000	0.00001	61	5.0
Pseudomonas sp. Cab53	2678258	S	217	228	445	0.00003	0.00002	0.00000	0.00001	64	5.0
Pseudomonas sp. Tri1	2823875	S	214	229	443	0.00003	0.00002	0.00001	0.00001	62	nan
Pseudomonas sp. BSw22131	3002903	S	206	207	413	0.00003	0.00001	0.00000	0.00001	60	5.0
Pseudomonas sp. LS1212	2972478	S	204	206	410	0.00003	0.00001	0.00001	0.00001	62	nan
Pseudomonas sp. SCA2728.1_7	2825975	S	201	244	445	0.00003	0.00002	0.00000	0.00001	61	5.0
Pseudomonas sp. HLS-6	2049589	S	186	191	377	0.00003	0.00001	0.00000	0.00001	61	5.0
Pseudomonas sp. 7SR1	1881017	S	185	189	374	0.00003	0.00001	0.00000	0.00001	63	5.0
Pseudomonas sp. Leaf58	1736226	S	184	188	372	0.00003	0.00001	0.00001	0.00001	62	nan
Pseudomonas sp. DR 5-09	1534110	S	181	281	462	0.00003	0.00002	0.00002	0.00002	63	nan
Pseudomonas sp. B21-056	2895495	S	177	186	363	0.00002	0.00001	0.00001	0.00001	62	nan
Pseudomonas sp. PIA16	2931382	S	167	168	335	0.00002	0.00001	0.00000	0.00001	64	5.0
Pseudomonas sp. FP1935	2954082	S	162	379	541	0.00004	0.00003	0.00002	0.00002	62	nan
Pseudomonas sp. S09G 359	2054919	S	161	171	332	0.00002	0.00001	0.00001	0.00001	62	nan
Pseudomonas sp. ADAK13	2730847	S	160	170	330	0.00002	0.00001	0.00001	0.00001	63	nan
Pseudomonas sp. HN2	2884805	S	160	329	489	0.00003	0.00002	0.00002	0.00002	62	nan
Pseudomonas sp. FP2335	2954092	S	158	167	325	0.00002	0.00001	0.00001	0.00001	62	nan
Pseudomonas sp. StFLB209	1028989	S	158	159	317	0.00002	0.00001	0.00001	0.00001	62	nan
Pseudomonas sp. NS1(2017)	2025658	S	157	176	333	0.00002	0.00001	0.00001	0.00001	62	nan
Pseudomonas sp. FP2309	2954091	S	157	164	321	0.00002	0.00001	0.00001	0.00001	62	nan
Pseudomonas sp. B21-028	2895480	S	156	167	323	0.00002	0.00001	0.00001	0.00001	63	nan
Pseudomonas sp. G2-4	1506334	S	156	165	321	0.00002	0.00001	0.00001	0.00001	62	nan
Pseudomonas sp. Marseille-Q3773	2866592	S	151	161	312	0.00002	0.00001	0.00000	0.00001	64	5.0
Pseudomonas sp. SG20052	3074147	S	148	307	455	0.00003	0.00002	0.00002	0.00002	62	nan
Pseudomonas sp. OE 28.3	2745519	S	147	163	310	0.00002	0.00001	0.00001	0.00001	61	nan
Pseudomonas sp. IzPS59	2774459	S	146	168	314	0.00002	0.00001	0.00001	0.00001	62	nan
Pseudomonas sp. TMW 2.1634	1886807	S	143	323	466	0.00003	0.00002	0.00002	0.00002	62	nan
Pseudomonas sp. D3	517398	S	139	147	286	0.00002	0.00001	0.00001	0.00001	62	nan
Pseudomonas sp. B21-054	2895494	S	136	148	284	0.00002	0.00001	0.00001	0.00001	62	nan
Pseudomonas sp. FP1962	2954083	S	135	311	446	0.00003	0.00002	0.00002	0.00002	62	nan
Pseudomonas sp. DG56-2	2320270	S	133	134	267	0.00002	0.00001	0.00000	0.00001	60	5.0
Pseudomonas sp. BT-42-2	2986927	S	132	134	266	0.00002	0.00001	0.00000	0.00001	63	5.0
Pseudomonas sp. PSKL.D1	3029060	S	131	133	264	0.00002	0.00001	0.00000	0.00001	63	5.0
Pseudomonas sp. FP2338	2954093	S	130	144	274	0.00002	0.00001	0.00001	0.00001	62	nan
Pseudomonas sp. St316	2678257	S	129	145	274	0.00002	0.00001	0.00001	0.00001	62	nan
Pseudomonas sp. Lz4W	1206777	S	127	129	256	0.00002	0.00001	0.00000	0.00001	60	5.0
Pseudomonas sp. LG1E9	2219057	S	127	137	264	0.00002	0.00001	0.00001	0.00001	62	nan
Pseudomonas sp. B21-021	2895476	S	125	153	278	0.00002	0.00001	0.00001	0.00001	62	nan
Pseudomonas sp. Z003-0.4C(8344-21)	1855380	S	124	151	275	0.00002	0.00001	0.00000	0.00001	61	5.0
Pseudomonas sp. CBS	2971912	S	123	139	262	0.00002	0.00001	0.00001	0.00001	62	nan
Pseudomonas sp.	306	S	122	133	255	0.00002	0.00001	0.00001	0.00001	63	nan
Pseudomonas sp. BF61	2741068	S	122	122	244	0.00002	0.00001	0.00000	0.00001	58	4.0
Pseudomonas sp. KU26590	2991051	S	122	123	245	0.00002	0.00001	0.00001	0.00001	62	nan
Pseudomonas sp. SK3(2021)	2841064	S	121	144	265	0.00002	0.00001	0.00000	0.00001	64	5.0
Pseudomonas sp. KU43P	2487887	S	120	124	244	0.00002	0.00001	0.00000	0.00001	64	5.0
Pseudomonas sp. DTU_2021_1001937_2_SI_NGA_ILE_001	3077589	S	114	115	229	0.00002	0.00001	0.00000	0.00001	65	4.0
Pseudomonas sp. FP597	2954096	S	113	119	232	0.00002	0.00001	0.00001	0.00001	62	nan
Pseudomonas sp. NBB	2976333	S	109	43329	43438	0.00296	0.00295	0.00257	0.00246	63	nan
Pseudomonas sp. 3-2	2867408	S	108	165	273	0.00002	0.00001	0.00001	0.00001	62	nan
Pseudomonas sp. ATCC 43928	676210	S	103	344	447	0.00003	0.00002	0.00002	0.00002	63	nan
Pseudomonas sp. FP453	2954094	S	102	109	211	0.00001	0.00001	0.00001	0.00001	63	nan
Pseudomonas sp. R5-89-07	658644	S	100	108	208	0.00001	0.00001	0.00001	0.00001	62	nan
Pseudomonas sp. S35	1573719	S	100	106	206	0.00001	0.00001	0.00001	0.00001	62	nan
Pseudomonas cerasi	1583341	S	232070	408834	640904	0.04365	0.02784	0.02416	0.02277	62	nan
Pseudomonas hormoni	3093767	S	49920	52413	102333	0.00697	0.00357	0.00318	0.00289	61	nan
Pseudomonas fluorescens	294	S	41627	44532	86159	0.00587	0.00303	0.00000	0.00246	61	5.0
Pseudomonas migulae	78543	S	2517	2951	5468	0.00037	0.00020	0.00000	0.00016	61	5.0
Pseudomonas mucidolens	46679	S	779	797	1576	0.00011	0.00005	0.00000	0.00004	60	5.0
Pseudomonas mandelii	75612	S	502	955	1457	0.00010	0.00007	0.00006	0.00005	62	nan
Pseudomonas congelans	200452	S	497	531	1028	0.00007	0.00004	0.00000	0.00003	61	5.0
Pseudomonas orientalis	76758	S	328	349	677	0.00005	0.00002	0.00002	0.00002	62	nan
Pseudomonas synxantha	47883	S	318	431	749	0.00005	0.00003	0.00003	0.00002	62	nan
Pseudomonas koreensis	198620	S	250	354	604	0.00004	0.00002	0.00002	0.00002	62	nan
Pseudomonas libanensis	75588	S	249	391	640	0.00004	0.00003	0.00000	0.00002	61	5.0
Pseudomonas granadensis	1421430	S	242	272	514	0.00004	0.00002	0.00000	0.00002	62	5.0
Pseudomonas proteolytica	219574	S	228	282	510	0.00003	0.00002	0.00002	0.00002	62	nan
Pseudomonas rhodesiae	76760	S	216	229	445	0.00003	0.00002	0.00001	0.00001	62	nan
Pseudomonas corrugata	47879	S	186	195	381	0.00003	0.00001	0.00001	0.00001	62	nan
Pseudomonas brenneri	129817	S	178	190	368	0.00003	0.00001	0.00000	0.00001	62	5.0
Pseudomonas poae	200451	S	149	168	317	0.00002	0.00001	0.00001	0.00001	62	nan
Pseudomonas tolaasii	29442	S	144	150	294	0.00002	0.00001	0.00001	0.00001	62	nan
Pseudomonas moraviensis	321662	S	143	204	347	0.00002	0.00001	0.00001	0.00001	62	nan
Pseudomonas trivialis	200450	S	141	155	296	0.00002	0.00001	0.00001	0.00001	62	nan
Pseudomonas azotoformans	47878	S	109	168	277	0.00002	0.00001	0.00001	0.00001	62	nan
Pseudomonas ogarae	1114970	S	103	132	235	0.00002	0.00001	0.00001	0.00001	62	nan
Pseudomonas syringae	317	S	3111	11223	14334	0.00098	0.00076	0.00069	0.00063	62	nan
Pseudomonas amygdali	47877	S	256	919	1175	0.00008	0.00006	0.00000	0.00005	60	5.0
Pseudomonas viridiflava	33069	S	431	436	867	0.00006	0.00003	0.00000	0.00002	61	5.0
Pseudomonas syringae group genomosp. 7	251699	S	369	380	749	0.00005	0.00003	0.00000	0.00002	59	5.0
Pseudomonas asturiensis	1190415	S	175	177	352	0.00002	0.00001	0.00000	0.00001	61	5.0
Pseudomonas lijiangensis	2995658	S	121	126	247	0.00002	0.00001	0.00000	0.00001	60	5.0
Pseudomonas benzenivorans	556533	S	6413	6483	12896	0.00088	0.00044	0.00000	0.00040	67	5.0
Pseudomonas fragi	296	S	2882	3198	6080	0.00041	0.00022	0.00000	0.00018	60	5.0
Pseudomonas chlororaphis	587753	S	1595	2880	4475	0.00030	0.00020	0.00018	0.00017	64	nan
Pseudomonas protegens	380021	S	1401	59005	60406	0.00411	0.00402	0.00350	0.00335	63	nan
Pseudomonas lundensis	86185	S	115	116	231	0.00002	0.00001	0.00000	0.00001	60	5.0
Pseudomonas guangdongensis	1245526	S	5473	5529	11002	0.00075	0.00038	0.00000	0.00038	70	5.0
Pseudomonas putida	303	S	2422	4963	7385	0.00050	0.00034	0.00030	0.00028	63	nan
Pseudomonas inefficax	2078786	S	205	228	433	0.00003	0.00002	0.00000	0.00001	64	5.0
Pseudomonas frederiksbergensis	104087	S	1395	1549	2944	0.00020	0.00011	0.00000	0.00009	61	5.0
Pseudomonas arsenicoxydans	702115	S	1175	1237	2412	0.00016	0.00008	0.00000	0.00007	60	5.0
Pseudomonas silesiensis	1853130	S	1087	1127	2214	0.00015	0.00008	0.00000	0.00006	61	5.0
Pseudomonas shahriarae	2745512	S	997	3239	4236	0.00029	0.00022	0.00019	0.00018	63	nan
Pseudomonas aeruginosa	287	S	563	2692	3255	0.00022	0.00018	0.00000	0.00016	64	5.0
Pseudomonas izuensis	2684212	S	876	902	1778	0.00012	0.00006	0.00000	0.00005	61	5.0
Pseudomonas prosekii	1148509	S	852	872	1724	0.00012	0.00006	0.00000	0.00005	61	5.0
Pseudomonas umsongensis	198618	S	808	835	1643	0.00011	0.00006	0.00000	0.00005	61	5.0
Pseudomonas lini	163011	S	527	565	1092	0.00007	0.00004	0.00000	0.00003	60	5.0
Pseudomonas nunensis	2961896	S	482	518	1000	0.00007	0.00004	0.00000	0.00003	61	5.0
Pseudomonas vancouverensis	95300	S	450	460	910	0.00006	0.00003	0.00000	0.00003	62	5.0
Pseudomonas reinekei	395598	S	411	437	848	0.00006	0.00003	0.00000	0.00002	61	5.0
Pseudomonas laurylsulfatiphila	2011015	S	377	409	786	0.00005	0.00003	0.00002	0.00002	62	nan
Pseudomonas siliginis	2842346	S	279	506	785	0.00005	0.00003	0.00003	0.00003	62	nan
Pseudomonas kielensis	2762577	S	265	276	541	0.00004	0.00002	0.00002	0.00002	63	nan
Pseudomonas lurida	244566	S	253	266	519	0.00004	0.00002	0.00002	0.00001	62	nan
Pseudomonas asiatica	2219225	S	242	773	1015	0.00007	0.00005	0.00005	0.00004	63	nan
Pseudomonas thivervalensis	86265	S	232	246	478	0.00003	0.00002	0.00001	0.00001	63	nan
Pseudomonas brassicacearum	930166	S	215	376	591	0.00004	0.00003	0.00002	0.00002	62	nan
Pseudomonas atacamensis	2565368	S	210	285	495	0.00003	0.00002	0.00002	0.00002	62	nan
Pseudomonas agarici	46677	S	207	208	415	0.00003	0.00001	0.00000	0.00001	61	5.0
Pseudomonas entomophila	312306	S	198	204	402	0.00003	0.00001	0.00000	0.00001	65	5.0
Pseudomonas phytophila	2867264	S	190	191	381	0.00003	0.00001	0.00000	0.00001	59	4.0
Pseudomonas hamedanensis	2745504	S	175	180	355	0.00002	0.00001	0.00000	0.00001	61	5.0
Pseudomonas serboccidentalis	2964670	S	173	184	357	0.00002	0.00001	0.00001	0.00001	62	nan
Pseudomonas simiae	321846	S	168	177	345	0.00002	0.00001	0.00001	0.00001	62	nan
Pseudomonas azerbaijanorientalis	2842350	S	156	192	348	0.00002	0.00001	0.00001	0.00001	62	nan
Pseudomonas psychrophila	122355	S	151	153	304	0.00002	0.00001	0.00000	0.00001	58	4.0
Pseudomonas promysalinigenes	485898	S	143	145	288	0.00002	0.00001	0.00001	0.00001	62	nan
Pseudomonas taetrolens	47884	S	142	143	285	0.00002	0.00001	0.00000	0.00001	59	5.0
Pseudomonas palleroniana	191390	S	140	143	283	0.00002	0.00001	0.00001	0.00001	62	nan
Pseudomonas parafulva	157782	S	137	144	281	0.00002	0.00001	0.00000	0.00001	64	5.0
Pseudomonas alkylphenolica	237609	S	136	138	274	0.00002	0.00001	0.00001	0.00001	63	nan
Pseudomonas baltica	2762576	S	133	133	266	0.00002	0.00001	0.00001	0.00001	63	nan
Pseudomonas zeae	2745510	S	129	150	279	0.00002	0.00001	0.00000	0.00001	61	5.0
Pseudomonas canadensis	915099	S	123	136	259	0.00002	0.00001	0.00000	0.00001	62	5.0
Pseudomonas kribbensis	1628086	S	119	159	278	0.00002	0.00001	0.00001	0.00001	62	nan
Pseudomonas laurentiana	2364649	S	115	116	231	0.00002	0.00001	0.00000	0.00001	60	5.0
Pseudomonas gozinkensis	2774461	S	110	123	233	0.00002	0.00001	0.00001	0.00001	62	nan
Pseudomonas vanderleydeniana	2745495	S	110	111	221	0.00002	0.00001	0.00000	0.00001	65	5.0
Pseudomonas fitomaticsae	2837969	S	109	127	236	0.00002	0.00001	0.00001	0.00001	62	nan
Pseudomonas viciae	2505979	S	106	112	218	0.00001	0.00001	0.00001	0.00001	62	nan
Pseudomonas glycinae	1785145	S	103	123	226	0.00002	0.00001	0.00001	0.00001	62	nan
Pseudomonas allokribbensis	2774460	S	102	112	214	0.00001	0.00001	0.00001	0.00001	62	nan
Pseudomonas tensinigenes	2745511	S	102	116	218	0.00001	0.00001	0.00000	0.00001	60	5.0
Stutzerimonas balearica	74829	S	25295	26529	51824	0.00353	0.00181	0.00172	0.00159	66	nan
Stutzerimonas stutzeri	316	S	210	239	449	0.00003	0.00002	0.00000	0.00001	64	4.0
Stutzerimonas frequens	2968969	S	139	157	296	0.00002	0.00001	0.00000	0.00001	65	4.0
Serratia sp. JUb9	2724469	S	57394	188237	245631	0.01673	0.01282	0.01105	0.01059	62	nan
Serratia sp. FDAARGOS_506	2420306	S	33540	42895	76435	0.00521	0.00292	0.00251	0.00242	62	nan
Serratia sp. LS-1	2485839	S	9874	97540	107414	0.00732	0.00664	0.00574	0.00552	62	nan
Serratia sp. JKS000199	1938820	S	616	41364	41980	0.00286	0.00282	0.00244	0.00234	62	nan
Serratia sp. FGI94	671990	S	112	154	266	0.00002	0.00001	0.00001	0.00001	61	nan
Serratia marcescens	615	S	2703	6567	9270	0.00063	0.00045	0.00039	0.00037	62	nan
Serratia ureilytica	300181	S	387	2100	2487	0.00017	0.00014	0.00012	0.00012	62	nan
Serratia entomophila	42906	S	174	205	379	0.00003	0.00001	0.00001	0.00001	62	nan
Serratia plymuthica	82996	S	135	160	295	0.00002	0.00001	0.00000	0.00001	59	5.0
Serratia proteamaculans	28151	S	124	154	278	0.00002	0.00001	0.00000	0.00001	57	4.0
Serratia symbiotica	138074	S	117	117	234	0.00002	0.00001	0.00000	0.00001	54	4.0
Serratia rubidaea	61652	S	103	123	226	0.00002	0.00001	0.00001	0.00001	63	nan
Candidatus Blochmannia herculeanus	108080	S	65131	65910	131041	0.00892	0.00449	0.00537	0.00539	32	nan
Blochmannia endosymbiont of Camponotus nipponensis	2681986	S	13271	13330	26601	0.00181	0.00091	0.00106	0.00113	32	nan
secondary endosymbiont of Trabutina mannipara	1835721	S	66161	66243	132404	0.00902	0.00451	0.00505	0.00485	34	nan
Candidatus Tachikawaea gelatinosa	1410383	S	187	187	374	0.00003	0.00001	0.00000	0.00002	26	5.0
Candidatus Purcelliella pentastirinorum	472834	S	112	112	224	0.00002	0.00001	0.00000	0.00002	23	4.0
Escherichia coli	562	S	338	1381	1719	0.00012	0.00009	0.00000	0.00008	53	4.0
Candidatus Ishikawaella capsulata	168169	S	168	168	336	0.00002	0.00001	0.00000	0.00001	29	4.0
Buchnera aphidicola	9	S	2908	2856	5764	0.00039	0.00019	0.00000	0.00031	26	5.0
Candidatus Pantoea edessiphila	2044610	S	1041	1041	2082	0.00014	0.00007	0.00000	0.00009	31	5.0
Candidatus Pantoea carbekii	1235990	S	215	296	511	0.00003	0.00002	0.00000	0.00002	34	4.0
Candidatus Erwinia haradaeae	1922217	S	465	476	941	0.00006	0.00003	0.00000	0.00004	36	4.0
Proteus mirabilis	584	S	2788	3085	5873	0.00040	0.00021	0.00000	0.00019	41	5.0
Candidatus Arsenophonus lipoptenae	634113	S	143	162	305	0.00002	0.00001	0.00000	0.00002	27	5.0
Acinetobacter sp. WCHAc010052	2004647	S	43635	59511	103146	0.00702	0.00405	0.00404	0.00352	44	nan
Acinetobacter sp. BHS4	2836181	S	33872	62473	96345	0.00656	0.00425	0.00401	0.00383	41	nan
Acinetobacter sp. WY4	2708348	S	3385	5786	9171	0.00062	0.00039	0.00000	0.00034	43	5.0
Acinetobacter sp. NEB149	2725684	S	1147	3083	4230	0.00029	0.00021	0.00022	0.00019	41	nan
Acinetobacter sp. F9	2853158	S	295	476	771	0.00005	0.00003	0.00000	0.00003	44	5.0
Acinetobacter sp. 10FS3-1	2563897	S	155	184	339	0.00002	0.00001	0.00000	0.00001	44	5.0
Acinetobacter sp. A22	1204684	S	148	99532	99680	0.00679	0.00678	0.00642	0.00605	40	nan
Acinetobacter sp. TTH0-4	1646498	S	122	127	249	0.00002	0.00001	0.00001	0.00001	40	nan
Acinetobacter sp. Z1	2953738	S	109	113	222	0.00002	0.00001	0.00000	0.00001	40	5.0
Acinetobacter lwoffii	28090	S	38342	56057	94399	0.00643	0.00382	0.00371	0.00333	43	nan
Acinetobacter haemolyticus	29430	S	18443	20485	38928	0.00265	0.00140	0.00131	0.00124	40	nan
Acinetobacter baumannii	470	S	655	2547	3202	0.00022	0.00017	0.00016	0.00016	40	nan
Acinetobacter pittii	48296	S	493	820	1313	0.00009	0.00006	0.00005	0.00005	40	nan
Acinetobacter seifertii	1530123	S	222	255	477	0.00003	0.00002	0.00002	0.00002	40	nan
Acinetobacter nosocomialis	106654	S	178	223	401	0.00003	0.00002	0.00001	0.00001	40	nan
Acinetobacter calcoaceticus	471	S	147	153	300	0.00002	0.00001	0.00001	0.00001	40	nan
Acinetobacter pseudolwoffii	2053287	S	943	1324	2267	0.00015	0.00009	0.00000	0.00008	44	5.0
Acinetobacter schindleri	108981	S	731	799	1530	0.00010	0.00005	0.00000	0.00005	44	5.0
Acinetobacter junii	40215	S	718	1171	1889	0.00013	0.00008	0.00007	0.00007	40	nan
Acinetobacter indicus	756892	S	706	755	1461	0.00010	0.00005	0.00000	0.00004	47	5.0
Acinetobacter variabilis	70346	S	605	824	1429	0.00010	0.00006	0.00000	0.00005	44	5.0
Acinetobacter johnsonii	40214	S	432	529	961	0.00007	0.00004	0.00000	0.00003	43	5.0
Acinetobacter radioresistens	40216	S	215	287	502	0.00003	0.00002	0.00002	0.00002	41	nan
Acinetobacter venetianus	52133	S	114	122	236	0.00002	0.00001	0.00001	0.00001	40	nan
Psychrobacter sp. van23A	3064892	S	9876	10470	20346	0.00139	0.00071	0.00064	0.00061	47	nan
Moraxella sp. ZY171148	2904119	S	9694	9808	19502	0.00133	0.00067	0.00060	0.00057	44	nan
Spartinivicinus ruber	2683272	S	129329	129370	258699	0.01762	0.00881	0.00813	0.00778	41	nan
Marinomonas sp. CT5	2066133	S	50251	50341	100592	0.00685	0.00343	0.00306	0.00291	44	nan
Marinomonas algicola	2773454	S	11264	11307	22571	0.00154	0.00077	0.00070	0.00066	42	nan
Halomonas sp. GD1P12	2982691	S	8954	14895	23849	0.00162	0.00101	0.00088	0.00085	63	nan
Xanthomonas cassavae	56450	S	6542	8195	14737	0.00100	0.00056	0.00052	0.00050	66	nan
Xanthomonas cucurbitae	56453	S	5028	5371	10399	0.00071	0.00037	0.00035	0.00033	66	nan
Xanthomonas citri	346	S	957	85689	86646	0.00590	0.00584	0.00530	0.00510	66	nan
Xanthomonas oryzae	347	S	323	400	723	0.00005	0.00003	0.00002	0.00002	65	nan
Xanthomonas campestris	339	S	216	292	508	0.00003	0.00002	0.00002	0.00002	66	nan
Xanthomonas axonopodis	53413	S	137	1209	1346	0.00009	0.00008	0.00007	0.00007	66	nan
Xanthomonas vasicola	56459	S	134	165	299	0.00002	0.00001	0.00000	0.00001	64	5.0
Xanthomonas prunicola	2053930	S	131	150	281	0.00002	0.00001	0.00001	0.00001	65	nan
Xanthomonas arboricola	56448	S	129	268	397	0.00003	0.00002	0.00002	0.00002	66	nan
Xanthomonas hortorum	56454	S	112	242	354	0.00002	0.00002	0.00001	0.00001	65	nan
Xanthomonas fragariae	48664	S	106	111	217	0.00001	0.00001	0.00000	0.00001	63	4.0
Stenotrophomonas sp. 17(2023)	3051123	S	28348	63277	91625	0.00624	0.00431	0.00451	0.00439	70	nan
Stenotrophomonas sp. NA06056	2742129	S	7533	8014	15547	0.00106	0.00055	0.00051	0.00049	67	nan
Stenotrophomonas maltophilia	40324	S	186	1223	1409	0.00010	0.00008	0.00000	0.00008	67	4.0
Stenotrophomonas acidaminiphila	128780	S	180	309	489	0.00003	0.00002	0.00002	0.00002	70	nan
Thermomonas sp. HDW16	2714945	S	7394	7436	14830	0.00101	0.00051	0.00046	0.00044	65	nan
Psychrosphaera ytuae	2820710	S	135676	136865	272541	0.01856	0.00932	0.00830	0.00794	43	nan
Pseudoalteromonas translucida	166935	S	600	1296	1896	0.00013	0.00009	0.00008	0.00008	41	nan
Alteromonas sp. CI.11.F.A3	3079555	S	9141	9360	18501	0.00126	0.00064	0.00056	0.00053	45	nan
Colwellia psychrerythraea	28229	S	5441	5466	10907	0.00074	0.00037	0.00036	0.00034	38	nan
Vibrio coralliirubri	1516159	S	16908	20108	37016	0.00252	0.00137	0.00118	0.00114	46	nan
Vibrio crassostreae	246167	S	12514	14464	26978	0.00184	0.00099	0.00085	0.00082	46	nan
Vibrio mediterranei	689	S	11174	13679	24853	0.00169	0.00093	0.00080	0.00078	45	nan
Vibrio ziniensis	2711221	S	11132	11251	22383	0.00152	0.00077	0.00068	0.00065	44	nan
Vibrio sp. SCSIO 43133	2802577	S	3770	6178	9948	0.00068	0.00042	0.00037	0.00035	45	nan
Vibrio sp. J383	2942997	S	488	693	1181	0.00008	0.00005	0.00004	0.00004	45	nan
Vibrio sp. ED004	2785124	S	427	523	950	0.00006	0.00004	0.00003	0.00003	46	nan
Vibrio sp. Scap24	2589990	S	257	315	572	0.00004	0.00002	0.00002	0.00002	46	nan
Vibrio sp. FE10	3035453	S	253	286	539	0.00004	0.00002	0.00002	0.00002	45	nan
Vibrio sp. SNU_ST1	3064001	S	232	265	497	0.00003	0.00002	0.00002	0.00002	46	nan
Vibrio sp. YMD68	3042300	S	170	175	345	0.00002	0.00001	0.00000	0.00001	45	5.0
Vibrio sp. CyArs1	2682577	S	166	169	335	0.00002	0.00001	0.00000	0.00001	43	4.0
Vibrio sp. THAF190c	2587865	S	157	161	318	0.00002	0.00001	0.00001	0.00001	46	nan
Vibrio celticus	446372	S	4641	5635	10276	0.00070	0.00038	0.00033	0.00032	46	nan
Vibrio splendidus	29497	S	2944	3795	6739	0.00046	0.00026	0.00022	0.00022	45	nan
Vibrio cyclitrophicus	47951	S	1479	1770	3249	0.00022	0.00012	0.00010	0.00010	45	nan
Vibrio kanaloae	170673	S	1408	1565	2973	0.00020	0.00011	0.00009	0.00009	45	nan
Vibrio gigantis	296199	S	987	1065	2052	0.00014	0.00007	0.00006	0.00006	46	nan
Vibrio artabrorum	446374	S	828	856	1684	0.00011	0.00006	0.00000	0.00005	45	5.0
Vibrio atlanticus	693153	S	781	948	1729	0.00012	0.00006	0.00005	0.00005	45	nan
Vibrio lentus	136468	S	687	776	1463	0.00010	0.00005	0.00005	0.00004	46	nan
Vibrio chagasii	170679	S	545	562	1107	0.00008	0.00004	0.00003	0.00003	45	nan
Vibrio parahaemolyticus	670	S	196	266	462	0.00003	0.00002	0.00000	0.00002	46	5.0
Vibrio echinoideorum	2100116	S	331	361	692	0.00005	0.00002	0.00002	0.00002	45	nan
Vibrio bathopelagicus	2777577	S	322	355	677	0.00005	0.00002	0.00002	0.00002	45	nan
Vibrio pomeroyi	198832	S	255	296	551	0.00004	0.00002	0.00002	0.00002	46	nan
Vibrio tasmaniensis	212663	S	192	231	423	0.00003	0.00002	0.00001	0.00001	45	nan
Vibrio syngnathi	3034029	S	181	225	406	0.00003	0.00002	0.00001	0.00001	45	nan
Vibrio toranzoniae	1194427	S	176	199	375	0.00003	0.00001	0.00001	0.00001	45	nan
Vibrio pelagius	28169	S	176	181	357	0.00002	0.00001	0.00000	0.00001	45	4.0
Vibrio vulnificus	672	S	109	111	220	0.00001	0.00001	0.00000	0.00001	48	4.0
Aliivibrio fischeri	668	S	29751	29845	59596	0.00406	0.00203	0.00196	0.00184	39	nan
Allofrancisella guangzhouensis	594679	S	45280	45416	90696	0.00618	0.00309	0.00346	0.00331	32	nan
Francisella orientalis	299583	S	7897	8408	16305	0.00111	0.00057	0.00063	0.00061	33	nan
Coxiella-like endosymbiont	1592897	S	34750	34772	69522	0.00473	0.00237	0.00000	0.00238	38	5.0
Coxiella burnetii	777	S	2471	2471	4942	0.00034	0.00017	0.00015	0.00014	42	nan
Aeromonas sp. FDAARGOS 1418	2778067	S	5914	31679	37593	0.00256	0.00216	0.00189	0.00182	64	nan
Aeromonas caviae	648	S	318	810	1128	0.00008	0.00006	0.00005	0.00005	64	nan
Aeromonas hydrophila	644	S	104	151	255	0.00002	0.00001	0.00001	0.00001	64	nan
Otariodibacter oris	1032623	S	27684	27819	55503	0.00378	0.00189	0.00189	0.00179	37	nan
Methylococcus capsulatus	414	S	14204	14264	28468	0.00194	0.00097	0.00086	0.00083	64	nan
Thiocapsa bogorovii	521689	S	150	194	344	0.00002	0.00001	0.00000	0.00001	65	5.0
Thiocapsa sp.	2024551	S	142	180	322	0.00002	0.00001	0.00000	0.00001	65	5.0
Candidatus Baumannia cicadellinicola	186490	S	161	168	329	0.00002	0.00001	0.00000	0.00001	34	3.0
Sphingomonas sabuli	2764186	S	410814	411315	822129	0.05599	0.02801	0.02599	0.02514	66	nan
Sphingomonas sp. J315	2898433	S	31066	31250	62316	0.00424	0.00213	0.00197	0.00191	66	nan
Sphingomonas sp. C3-2	3062169	S	18264	18307	36571	0.00249	0.00125	0.00110	0.00107	65	nan
Sphingomonas paeninsulae	2319844	S	12350	12357	24707	0.00168	0.00084	0.00070	0.00068	59	nan
Sphingobium baderi	1332080	S	53584	85631	139215	0.00948	0.00583	0.00504	0.00490	63	nan
Sphingobium sp. RAC03	1843368	S	24320	24819	49139	0.00335	0.00169	0.00149	0.00143	63	nan
Novosphingobium sp. THN1	1016987	S	14885	14992	29877	0.00203	0.00102	0.00090	0.00087	64	nan
Sphingopyxis sp. EG6	1874061	S	9213	10084	19297	0.00131	0.00069	0.00062	0.00060	65	nan
Rhizorhabdus wittichii	160791	S	7409	7781	15190	0.00103	0.00053	0.00051	0.00051	68	nan
Erythrobacter mangrovi	2739433	S	86968	89451	176419	0.01201	0.00609	0.00527	0.00510	63	nan
Erythrobacter litoralis	39960	S	393	406	799	0.00005	0.00003	0.00000	0.00002	64	4.0
Qipengyuania flava	192812	S	22377	23039	45416	0.00309	0.00157	0.00141	0.00134	64	nan
Croceicoccus sp. Ery5	1703340	S	633	740	1373	0.00009	0.00005	0.00000	0.00004	63	4.0
Ancylobacter pratisalsi	1745854	S	184232	185029	369261	0.02515	0.01260	0.01176	0.01141	66	nan
Azorhizobium caulinodans	7	S	23516	23576	47092	0.00321	0.00161	0.00157	0.00151	68	nan
Pseudolabrys taiwanensis	331696	S	118	120	238	0.00002	0.00001	0.00000	0.00001	65	4.0
Pseudolabrys sp. FHR47	2562284	S	104	105	209	0.00001	0.00001	0.00000	0.00001	65	4.0
Rhizobium sp. N324	1703969	S	5718	50734	56452	0.00384	0.00346	0.00298	0.00285	62	nan
Rhizobium sp. N4311	1703972	S	429	16153	16582	0.00113	0.00110	0.00095	0.00091	62	nan
Rhizobium sp. BT03	3045156	S	120	129	249	0.00002	0.00001	0.00001	0.00001	63	nan
Rhizobium phaseoli	396	S	121	127	248	0.00002	0.00001	0.00000	0.00001	62	4.0
Pararhizobium sp. YC-54	2986920	S	31702	31809	63511	0.00433	0.00217	0.00183	0.00177	61	nan
Sinorhizobium sp. BG8	2613773	S	36857	36991	73848	0.00503	0.00252	0.00216	0.00208	63	nan
Brucella sp. MAB-22	2986424	S	38519	68989	107508	0.00732	0.00470	0.00390	0.00374	57	nan
Brucella anthropi	529	S	115	194	309	0.00002	0.00001	0.00001	0.00001	57	nan
Mesorhizobium sp. 113-3-9	2744517	S	21265	24177	45442	0.00309	0.00165	0.00144	0.00139	64	nan
Mesorhizobium sp. WSM1497	278153	S	5481	10635	16116	0.00110	0.00072	0.00062	0.00060	63	nan
Blastochloris tepida	2233851	S	25993	26086	52079	0.00355	0.00178	0.00182	0.00176	69	nan
Blastochloris viridis	1079	S	201	201	402	0.00003	0.00001	0.00000	0.00001	69	5.0
Bartonella sp. CDC_skunk	1933905	S	1644	14792	16436	0.00112	0.00101	0.00102	0.00097	38	nan
Bartonella alsatica	52764	S	11257	11291	22548	0.00154	0.00077	0.00076	0.00072	39	nan
Pelagibacterium halotolerans	531813	S	21984	22034	44018	0.00300	0.00150	0.00127	0.00123	61	nan
Bradyrhizobium sp. BTAi1	288000	S	798	7142	7940	0.00054	0.00049	0.00044	0.00043	65	nan
Rhodopseudomonas palustris	1076	S	441	636	1077	0.00007	0.00004	0.00000	0.00004	66	4.0
Rhodoplanes sp. Z2-YC6860	674703	S	160	160	320	0.00002	0.00001	0.00000	0.00001	65	4.0
Wolbachia endosymbiont (group A) of Yponomeuta plumbellus	2954068	S	31996	170940	202936	0.01382	0.01164	0.01199	0.01142	35	nan
Wolbachia endosymbiont of Onchocerca volvulus	77551	S	23864	45698	69562	0.00474	0.00311	0.00357	0.00319	33	nan
Wolbachia endosymbiont (group A) of Andrena dorsata	2953975	S	9065	73306	82371	0.00561	0.00499	0.00507	0.00487	35	nan
Wolbachia endosymbiont of Frankliniella intonsa	2902422	S	6901	10481	17382	0.00118	0.00071	0.00076	0.00071	34	nan
Wolbachia endosymbiont (group A) of Anoplius nigerrimus	2953979	S	2252	15826	18078	0.00123	0.00108	0.00112	0.00106	35	nan
Wolbachia endosymbiont (group B) of Polyommatus icarus	2954049	S	1528	25144	26672	0.00182	0.00171	0.00175	0.00168	35	nan
Wolbachia endosymbiont of Culex quinquefasciatus	263437	S	1387	7689	9076	0.00062	0.00052	0.00054	0.00052	34	nan
Wolbachia endosymbiont of Oedothorax gibbosus	931100	S	575	649	1224	0.00008	0.00004	0.00004	0.00004	34	nan
Wolbachia endosymbiont (group A) of Cheilosia soror	2953995	S	376	4287	4663	0.00032	0.00029	0.00030	0.00029	35	nan
Wolbachia endosymbiont of Folsomia candida	169402	S	260	260	520	0.00004	0.00002	0.00000	0.00002	34	5.0
Wolbachia endosymbiont (group A) of Anomoia purmunda	2953978	S	245	332	577	0.00004	0.00002	0.00002	0.00002	35	nan
Wolbachia endosymbiont of Cimex lectularius	246273	S	234	234	468	0.00003	0.00002	0.00000	0.00002	37	4.0
Wolbachia endosymbiont of Ctenocephalides felis wCfeJ	2732594	S	218	218	436	0.00003	0.00001	0.00000	0.00001	35	5.0
Wolbachia endosymbiont of Aedes albopictus	167957	S	190	244	434	0.00003	0.00002	0.00002	0.00002	35	nan
Wolbachia endosymbiont of Trichogramma pretiosum	125593	S	166	175	341	0.00002	0.00001	0.00000	0.00001	33	5.0
Wolbachia endosymbiont (group A) of Sicus ferrugineus	2954056	S	162	231	393	0.00003	0.00002	0.00002	0.00002	35	nan
Wolbachia endosymbiont of Dirofilaria (Dirofilaria) immitis	1812115	S	153	153	306	0.00002	0.00001	0.00000	0.00001	33	4.0
Wolbachia endosymbiont of Drosophila pseudotakahashii	375919	S	153	368	521	0.00004	0.00003	0.00003	0.00002	35	nan
Wolbachia endosymbiont of Anopheles demeilloni	2748871	S	147	182	329	0.00002	0.00001	0.00001	0.00001	33	nan
Wolbachia endosymbiont of Litomosoides sigmodontis	80850	S	144	144	288	0.00002	0.00001	0.00000	0.00001	31	4.0
Wolbachia endosymbiont (group A) of Volucella inflata	2954065	S	141	273	414	0.00003	0.00002	0.00002	0.00002	35	nan
Wolbachia endosymbiont (group A) of Icerya purchasi	2954019	S	138	219	357	0.00002	0.00001	0.00001	0.00001	35	nan
Wolbachia endosymbiont of Diaphorina citri	116598	S	134	202	336	0.00002	0.00001	0.00001	0.00001	34	nan
Wolbachia endosymbiont of Ctenocephalides felis wCfeT	2732593	S	133	133	266	0.00002	0.00001	0.00000	0.00001	36	5.0
Wolbachia endosymbiont (group A) of Trypoxylon clavicerum	2954064	S	122	230	352	0.00002	0.00002	0.00002	0.00002	35	nan
Wolbachia endosymbiont of Cruorifilaria tuberocauda	1812111	S	115	115	230	0.00002	0.00001	0.00000	0.00001	32	4.0
Wolbachia endosymbiont (group A) of Bibio marci	2953987	S	112	215	327	0.00002	0.00001	0.00001	0.00001	34	nan
Wolbachia endosymbiont (group A) of Bombylius major	2953988	S	109	213	322	0.00002	0.00001	0.00001	0.00001	35	nan
Wolbachia endosymbiont (group A) of Scambus nigricans	2954055	S	107	199	306	0.00002	0.00001	0.00001	0.00001	36	nan
Wolbachia endosymbiont of Dipetalonema caudispina	1812112	S	104	104	208	0.00001	0.00001	0.00000	0.00001	29	4.0
Wolbachia endosymbiont (group A) of Sphaerophoria taeniata	2954057	S	103	255	358	0.00002	0.00002	0.00002	0.00002	35	nan
Wolbachia pipientis	955	S	13508	32613	46121	0.00314	0.00222	0.00225	0.00217	35	nan
Candidatus Wolbachia massiliensis	1845000	S	142	144	286	0.00002	0.00001	0.00000	0.00001	35	5.0
Ehrlichia chaffeensis	945	S	5832	5851	11683	0.00080	0.00040	0.00048	0.00046	31	nan
Sulfitobacter sp. W002	2867024	S	65104	69052	134156	0.00914	0.00470	0.00404	0.00389	61	nan
Sagittula sp. MA-2	3048007	S	35110	38017	73127	0.00498	0.00259	0.00241	0.00234	67	nan
Roseovarius sp. TM1035	391613	S	17227	19928	37155	0.00253	0.00136	0.00116	0.00112	61	nan
Roseovarius sp. THAF9	2587847	S	4082	4267	8349	0.00057	0.00029	0.00026	0.00025	64	nan
Gymnodinialimonas ceratoperidinii	2856823	S	51418	51490	102908	0.00701	0.00351	0.00319	0.00306	65	nan
Marivivens sp. JLT3646	1920883	S	47243	47542	94785	0.00645	0.00324	0.00268	0.00257	56	nan
Sediminicoccus rosea	1225128	S	46113	46200	92313	0.00629	0.00315	0.00000	0.00322	69	5.0
Acidibrevibacterium fodinaquatile	1969806	S	30920	31019	61939	0.00422	0.00211	0.00199	0.00193	66	nan
Gluconobacter frateurii	38308	S	3325	3738	7063	0.00048	0.00025	0.00021	0.00020	57	nan
Gluconobacter thailandicus	257438	S	3284	3737	7021	0.00048	0.00025	0.00022	0.00020	58	nan
Gluconobacter oxydans	442	S	679	775	1454	0.00010	0.00005	0.00000	0.00004	62	4.0
Gluconobacter albidus	318683	S	662	878	1540	0.00010	0.00006	0.00000	0.00005	61	4.0
Gluconobacter sphaericus	574987	S	392	531	923	0.00006	0.00004	0.00000	0.00003	60	4.0
Acetobacter senegalensis	446692	S	151	262	413	0.00003	0.00002	0.00000	0.00001	57	4.0
Acetobacter persici	1076596	S	131	133	264	0.00002	0.00001	0.00000	0.00001	58	4.0
Acetobacter aceti	435	S	130	140	270	0.00002	0.00001	0.00000	0.00001	59	4.0
Komagataeibacter saccharivorans	265959	S	131	149	280	0.00002	0.00001	0.00000	0.00001	63	4.0
Komagataeibacter xylinus	28448	S	115	159	274	0.00002	0.00001	0.00000	0.00001	64	4.0
Kozakia baliensis	153496	S	109	114	223	0.00002	0.00001	0.00000	0.00001	59	4.0
Azospirillum sp. TSH58	664962	S	40292	42078	82370	0.00561	0.00287	0.00299	0.00295	70	nan
Elioraea tepida	2843330	S	33842	33851	67693	0.00461	0.00231	0.00253	0.00247	70	nan
Candidatus Pelagibacter sp. RS40	1977865	S	16792	16798	33590	0.00229	0.00114	0.00143	0.00137	30	nan
Hyphomonas sp. KY3	2016196	S	11953	12055	24008	0.00163	0.00082	0.00068	0.00066	59	nan
Hyphomonas sp.	87	S	478	484	962	0.00007	0.00003	0.00000	0.00003	62	4.0
Brevundimonas mediterranea	74329	S	6065	6509	12574	0.00086	0.00044	0.00044	0.00042	68	nan
Brevundimonas sp. SL130	2995143	S	1354	1394	2748	0.00019	0.00009	0.00000	0.00009	68	5.0
Brevundimonas sp. DS20	1532555	S	120	372	492	0.00003	0.00003	0.00003	0.00002	68	nan
uncultured Brevundimonas sp.	213418	S	119	150	269	0.00002	0.00001	0.00000	0.00001	67	5.0
Brevundimonas nasdae	172043	S	110	124	234	0.00002	0.00001	0.00000	0.00001	67	4.0
Acidovorax sp. RAC01	1842533	S	124184	126838	251022	0.01709	0.00864	0.00808	0.00776	66	nan
Simplicispira suum	2109915	S	42086	42605	84691	0.00577	0.00290	0.00268	0.00249	64	nan
Diaphorobacter sp. JS3050	2735554	S	12605	29991	42596	0.00290	0.00204	0.00199	0.00191	67	nan
Comamonas flocculans	2597701	S	19802	20272	40074	0.00273	0.00138	0.00138	0.00134	68	nan
Pulveribacter suum	2116657	S	10689	10763	21452	0.00146	0.00073	0.00078	0.00076	70	nan
Variovorax sp. PDNC026	2811425	S	493	5919	6412	0.00044	0.00040	0.00040	0.00039	69	nan
Hydrogenophaga crocea	2716225	S	163	180	343	0.00002	0.00001	0.00000	0.00001	70	4.0
Massilia varians	457921	S	31304	31666	62970	0.00429	0.00216	0.00205	0.00199	67	nan
Massilia forsythiae	2728020	S	27915	28180	56095	0.00382	0.00192	0.00189	0.00185	68	nan
Massilia sp. H6	2970464	S	178	196	374	0.00003	0.00001	0.00000	0.00001	65	4.0
Massilia sp. WG5	1707785	S	110	126	236	0.00002	0.00001	0.00000	0.00001	67	5.0
Massilia sp. NP310	2861282	S	109	196	305	0.00002	0.00001	0.00000	0.00001	67	4.0
Massilia sp. REN29	3068633	S	109	160	269	0.00002	0.00001	0.00000	0.00001	68	4.0
Sphaerotilus sp. FB-5	2914710	S	47681	48506	96187	0.00655	0.00330	0.00348	0.00339	70	nan
Schlegelella aquatica	376175	S	7688	7770	15458	0.00105	0.00053	0.00056	0.00054	69	nan
Burkholderia sp. KBS0801	1179675	S	10686	19846	30532	0.00208	0.00135	0.00131	0.00127	68	nan
Caballeronia zhejiangensis	871203	S	8230	8279	16509	0.00112	0.00056	0.00051	0.00048	64	nan
Caballeronia sp. NK8	140098	S	126	158	284	0.00002	0.00001	0.00000	0.00001	64	4.0
Paucibacter sp. S2-9	3019553	S	26644	26794	53438	0.00364	0.00182	0.00186	0.00180	69	nan
Candidatus Kinetoplastibacterium oncopeltii	994696	S	12678	12767	25445	0.00173	0.00087	0.00103	0.00097	31	nan
Candidatus Kinetoplastibacterium desouzaii	994692	S	7344	7389	14733	0.00100	0.00050	0.00062	0.00059	31	nan
Thauera sp. K11	2005884	S	4829	5297	10126	0.00069	0.00036	0.00040	0.00035	69	nan
Thauera sp. 2A1	2570191	S	1213	2152	3365	0.00023	0.00015	0.00000	0.00013	65	5.0
Thauera sp. GDN1	2944810	S	965	1043	2008	0.00014	0.00007	0.00000	0.00007	70	5.0
Thauera sp. MZ1T	85643	S	824	914	1738	0.00012	0.00006	0.00000	0.00006	69	5.0
Thauera sp. WB-2	2897772	S	635	696	1331	0.00009	0.00005	0.00000	0.00004	67	5.0
Thauera sp. PIV-1	204461	S	255	500	755	0.00005	0.00003	0.00000	0.00003	68	5.0
Thauera chlorobenzoica	96773	S	196	235	431	0.00003	0.00002	0.00000	0.00002	68	5.0
Thauera humireducens	1134435	S	177	364	541	0.00004	0.00002	0.00002	0.00002	68	nan
Thauera aromatica	59405	S	172	196	368	0.00003	0.00001	0.00000	0.00001	68	5.0
Azoarcus sp. DD4	2027405	S	299	351	650	0.00004	0.00002	0.00000	0.00002	67	5.0
Azoarcus sp. DN11	356837	S	251	319	570	0.00004	0.00002	0.00000	0.00002	68	5.0
Azoarcus sp. KH32C	748247	S	160	162	322	0.00002	0.00001	0.00000	0.00001	66	5.0
Azoarcus sp. CIB	198107	S	142	180	322	0.00002	0.00001	0.00000	0.00001	66	5.0
Azoarcus olearius	418699	S	270	297	567	0.00004	0.00002	0.00000	0.00002	68	5.0
Parazoarcus communis	41977	S	163	170	333	0.00002	0.00001	0.00000	0.00001	64	4.0
Aromatoleum petrolei	76116	S	312	337	649	0.00004	0.00002	0.00000	0.00002	67	5.0
Aromatoleum bremense	76115	S	109	141	250	0.00002	0.00001	0.00000	0.00001	66	5.0
Laribacter hongkongensis	168471	S	130	139	269	0.00002	0.00001	0.00000	0.00001	64	4.0
Cellulophaga sp. HaHa_2_1	2749994	S	102003	150616	252619	0.01720	0.01026	0.01059	0.01006	34	nan
Cellulophaga sp. L1A9	2686362	S	104	105	209	0.00001	0.00001	0.00000	0.00001	35	5.0
Polaribacter sejongensis	985043	S	63738	85717	149455	0.01018	0.00584	0.00684	0.00657	31	nan
Polaribacter sp. SA4-10	754397	S	25569	25698	51267	0.00349	0.00175	0.00208	0.00200	30	nan
Polaribacter batillariae	2808900	S	9296	9311	18607	0.00127	0.00063	0.00073	0.00070	30	nan
Myroides sp. ZB35	1458492	S	24695	63029	87724	0.00597	0.00429	0.00447	0.00430	35	nan
Myroides sp. A21	1583100	S	12518	30178	42696	0.00291	0.00206	0.00214	0.00206	35	nan
Myroides profundi	480520	S	25063	27384	52447	0.00357	0.00186	0.00197	0.00188	35	nan
Myroides odoratimimus	76832	S	108	222	330	0.00002	0.00002	0.00002	0.00002	35	nan
Flavobacterium endoglycinae	2816357	S	30975	31966	62941	0.00429	0.00218	0.00226	0.00218	35	nan
Flavobacterium praedii	3002900	S	10737	26898	37635	0.00256	0.00183	0.00000	0.00189	34	4.0
Flavobacterium sp. IMCC34518	3003623	S	5455	13483	18938	0.00129	0.00092	0.00000	0.00095	34	4.0
Psychroflexus sp. ALD_RP9	2777186	S	41606	41630	83236	0.00567	0.00284	0.00306	0.00292	33	nan
Aequorivita sp. H23M31	2494375	S	25127	25134	50261	0.00342	0.00171	0.00164	0.00156	38	nan
Mesoflavibacter sp. SCSIO 43206	2779362	S	9165	9265	18430	0.00126	0.00063	0.00071	0.00069	31	nan
Mesoflavibacter profundi	2708110	S	2596	10804	13400	0.00091	0.00074	0.00085	0.00081	31	nan
Psychroserpens sp. NJDZ02	2570561	S	19434	19712	39146	0.00267	0.00134	0.00146	0.00140	33	nan
Tenacibaculum todarodis	1850252	S	14258	14302	28560	0.00194	0.00097	0.00114	0.00109	31	nan
Galbibacter sp. BG1	1170699	S	11868	11872	23740	0.00162	0.00081	0.00079	0.00075	38	nan
Flavivirga eckloniae	1803846	S	10528	10532	21060	0.00143	0.00072	0.00076	0.00072	34	nan
Maribacter sp. HTCC2170	313603	S	10152	10157	20309	0.00138	0.00069	0.00067	0.00064	37	nan
Olleya sp. HaHaR_3_96	2745560	S	5229	5567	10796	0.00074	0.00038	0.00041	0.00040	33	nan
Capnocytophaga cynodegmi	28189	S	3431	3470	6901	0.00047	0.00024	0.00025	0.00024	36	nan
Capnocytophaga canimorsus	28188	S	714	719	1433	0.00010	0.00005	0.00000	0.00005	37	5.0
Capnocytophaga stomatis	1848904	S	101	101	202	0.00001	0.00001	0.00000	0.00001	38	3.0
Blattabacterium sp. (Nauphoeta cinerea)	1316444	S	75605	75865	151470	0.01032	0.00517	0.00707	0.00745	24	nan
Blattabacterium cuenoti	1653831	S	112	112	224	0.00002	0.00001	0.00000	0.00001	25	4.0
Elizabethkingia sp. JS20170427COW	2583851	S	8580	8598	17178	0.00117	0.00059	0.00059	0.00057	36	nan
Ornithobacterium rhinotracheale	28251	S	5854	5956	11810	0.00080	0.00041	0.00041	0.00038	38	nan
Candidatus Walczuchella monophlebidarum	1415657	S	2664	2664	5328	0.00036	0.00018	0.00020	0.00019	32	nan
Algoriphagus machipongonensis	388413	S	114782	114795	229577	0.01563	0.00782	0.00736	0.00701	39	nan
Hymenobacter sp. PAMC 26628	1484118	S	16536	16542	33078	0.00225	0.00113	0.00103	0.00101	65	nan
Sphingobacterium sp. LZ7M1	2961941	S	28694	29536	58230	0.00397	0.00201	0.00187	0.00179	41	nan
Pedobacter aquae	2605747	S	29219	29225	58444	0.00398	0.00199	0.00203	0.00195	34	nan
Arachidicoccus soli	2341117	S	17697	17701	35398	0.00241	0.00121	0.00119	0.00114	36	nan
Arachidicoccus sp. B3-10	2545455	S	14731	14732	29463	0.00201	0.00100	0.00104	0.00101	34	nan
Aureispira sp. EL160426	2864201	S	5874	5874	11748	0.00080	0.00040	0.00040	0.00038	37	nan
Segatella copri	165179	S	311	414	725	0.00005	0.00003	0.00000	0.00002	48	5.0
Rhodocaloribacter litoris	2558931	S	27752	27756	55508	0.00378	0.00189	0.00186	0.00181	69	nan
Campylobacter insulaenigrae	260714	S	126867	127748	254615	0.01734	0.00870	0.01151	0.01103	28	nan
Campylobacter hyointestinalis	198	S	61210	62033	123243	0.00839	0.00422	0.00446	0.00429	34	nan
Campylobacter sp. RM12651	1660079	S	20386	20516	40902	0.00279	0.00140	0.00192	0.00185	26	nan
Campylobacter blaseri	2042961	S	19778	19812	39590	0.00270	0.00135	0.00167	0.00163	30	nan
Campylobacter volucris	1031542	S	5248	5423	10671	0.00073	0.00037	0.00046	0.00046	28	nan
Aliarcobacter skirrowii	28200	S	42830	43818	86648	0.00590	0.00298	0.00404	0.00385	28	nan
Aliarcobacter lanthieri	1355374	S	21893	21966	43859	0.00299	0.00150	0.00215	0.00206	27	nan
Aliarcobacter cibarius	255507	S	11410	11556	22966	0.00156	0.00079	0.00110	0.00105	27	nan
Aliarcobacter cryaerophilus	28198	S	7644	7749	15393	0.00105	0.00053	0.00081	0.00069	27	nan
Aliarcobacter butzleri	28197	S	694	702	1396	0.00010	0.00005	0.00000	0.00006	26	5.0
Aliarcobacter thereius	544718	S	306	315	621	0.00004	0.00002	0.00000	0.00003	26	4.0
Aliarcobacter trophiarum	708186	S	258	259	517	0.00004	0.00002	0.00000	0.00002	29	4.0
Aliarcobacter faecis	1564138	S	213	214	427	0.00003	0.00001	0.00000	0.00002	27	5.0
Arcobacter ellisii	913109	S	29601	30043	59644	0.00406	0.00205	0.00285	0.00277	26	nan
Arcobacter cloacae	1054034	S	9346	9509	18855	0.00128	0.00065	0.00092	0.00088	25	nan
Arcobacter acticola	1849015	S	6536	6563	13099	0.00089	0.00045	0.00062	0.00058	27	nan
Arcobacter porcinus	1935204	S	660	686	1346	0.00009	0.00005	0.00000	0.00006	27	4.0
Malaciobacter marinus	505249	S	12845	13147	25992	0.00177	0.00090	0.00122	0.00120	26	nan
Halarcobacter anaerophilus	877500	S	1364	1365	2729	0.00019	0.00009	0.00011	0.00011	30	nan
Sulfurovum mangrovi	2893889	S	32439	32485	64924	0.00442	0.00221	0.00197	0.00188	45	nan
Sulfurospirillum barnesii	44674	S	9891	9907	19798	0.00135	0.00067	0.00064	0.00061	39	nan
Sulfurospirillum sp. 'SP'	3023479	S	2297	2518	4815	0.00033	0.00017	0.00017	0.00016	38	nan
Helicobacter pullorum	35818	S	8537	8568	17105	0.00116	0.00058	0.00061	0.00058	35	nan
Nitrosophilus labii	2706014	S	59310	59344	118654	0.00808	0.00404	0.00432	0.00416	34	nan
Aureliella helgolandensis	2527968	S	134104	134108	268212	0.01827	0.00913	0.00749	0.00720	55	nan
Humisphaera borealis	2807512	S	14841	14841	29682	0.00202	0.00101	0.00088	0.00085	64	nan
Chlamydia gallinacea	1457153	S	115871	115955	231826	0.01579	0.00790	0.00755	0.00719	38	nan
Chlamydia crocodili	2766982	S	10523	10567	21090	0.00144	0.00072	0.00070	0.00066	37	nan
Candidatus Protochlamydia amoebophila	362787	S	16696	16702	33398	0.00227	0.00114	0.00116	0.00113	35	nan
Horticoccus luteus	2862869	S	6587	6590	13177	0.00090	0.00045	0.00041	0.00039	64	nan
Borreliella yangtzensis	683292	S	127320	129576	256896	0.01749	0.00882	0.01182	0.01145	27	nan
Borreliella kurtenbachii	1196056	S	32510	35000	67510	0.00460	0.00238	0.00317	0.00304	27	nan
Borreliella andersonii	42109	S	18049	18330	36379	0.00248	0.00125	0.00164	0.00158	28	nan
Borreliella burgdorferi	139	S	3665	4192	7857	0.00054	0.00029	0.00038	0.00037	27	nan
Treponema sp. OMZ 855	1643512	S	5032	9736	14768	0.00101	0.00066	0.00059	0.00056	46	nan
Thermospira aquatica	2828656	S	48801	48802	97603	0.00665	0.00332	0.00296	0.00282	44	nan
Brachyspira hyodysenteriae	159	S	22791	23060	45851	0.00312	0.00157	0.00209	0.00216	27	nan
Brachyspira hampsonii	1287055	S	2977	3008	5985	0.00041	0.00020	0.00027	0.00028	28	nan
Brachyspira murdochii	84378	S	1021	1032	2053	0.00014	0.00007	0.00000	0.00009	29	5.0
Brachyspira intermedia	84377	S	561	565	1126	0.00008	0.00004	0.00000	0.00005	27	5.0
Brachyspira pilosicoli	52584	S	320	320	640	0.00004	0.00002	0.00000	0.00003	29	5.0
Halobacteriovorax marinus	97084	S	136478	136492	272970	0.01859	0.00930	0.00907	0.00866	37	nan
Fusobacterium periodonticum	860	S	14840	20243	35083	0.00239	0.00138	0.00183	0.00175	29	nan
Fusobacterium ulcerans	861	S	13922	13982	27904	0.00190	0.00095	0.00117	0.00112	30	nan
Fusobacterium mortiferum	850	S	13073	13103	26176	0.00178	0.00089	0.00113	0.00108	29	nan
Fusobacterium hominis	2764326	S	11265	11433	22698	0.00155	0.00078	0.00101	0.00095	29	nan
Fusobacterium pseudoperiodonticum	2663009	S	110	118	228	0.00002	0.00001	0.00001	0.00001	28	nan
Leptotrichia sp. oral taxon 498	712368	S	8178	8522	16700	0.00114	0.00058	0.00071	0.00070	30	nan
Leptotrichia shahii	157691	S	6958	7223	14181	0.00097	0.00049	0.00060	0.00059	30	nan
Streptobacillus moniliformis	34105	S	6215	6241	12456	0.00085	0.00043	0.00062	0.00060	25	nan
Nitrospira moscoviensis	42253	S	58828	58872	117700	0.00802	0.00401	0.00346	0.00336	64	nan
Thermosipho ferrireducens	2571116	S	21367	21370	42737	0.00291	0.00146	0.00152	0.00146	33	nan
Thermosipho sp. 1070	1437364	S	1187	13061	14248	0.00097	0.00089	0.00102	0.00097	30	nan
Homo sapiens	9606	S	387	387	774	0.00005	0.00003	0.00000	0.00002	38	3.0
Afonbuvirus intestinihominis	2955234	S	178	224	402	0.00003	0.00002	0.00000	0.00002	30	5.0
Afonbuvirus faecalis	2955233	S	143	180	323	0.00002	0.00001	0.00000	0.00001	29	5.0
