name	taxonomy_id	taxonomy_lvl	kraken_assigned_reads	added_reads	new_est_reads	fraction_total_reads	Bracken_estimate	GuaCAMOLE_estimate	GuaCAMOLE_est_eff	GC content	Taxon Removal Cycle
Enterobacter ludwigii	299767	S	56884	179452	236336	0.01354	0.01028	0.01010	0.00998	57	nan
Enterobacter cloacae complex sp. FDA-CDC-AR_0164	2077136	S	19045	120004	139049	0.00797	0.00688	0.00676	0.00668	57	nan
Enterobacter cloacae complex sp.	2027919	S	757	1019	1776	0.00010	0.00006	0.00006	0.00006	57	nan
Enterobacter cloacae complex sp. ECL112	2850493	S	367	43175	43542	0.00249	0.00247	0.00244	0.00241	57	nan
Enterobacter sp. MGH 14	1329823	S	204	305554	305758	0.01752	0.01751	0.01740	0.01704	56	nan
Enterobacter sp. BIDMC100	1686399	S	180	2635	2815	0.00016	0.00015	0.00015	0.00015	57	nan
Enterobacter sp. BIDMC 29	1329841	S	107	432	539	0.00003	0.00002	0.00002	0.00002	57	nan
Enterobacter sichuanensis	2071710	S	26957	30042	56999	0.00327	0.00172	0.00171	0.00168	57	nan
Enterobacter hormaechei	158836	S	12135	94140	106275	0.00609	0.00539	0.00533	0.00525	57	nan
Enterobacter roggenkampii	1812935	S	5064	7125	12189	0.00070	0.00041	0.00041	0.00040	58	nan
Enterobacter cloacae	550	S	3098	6332	9430	0.00054	0.00036	0.00036	0.00035	57	nan
Enterobacter asburiae	61645	S	2611	6164	8775	0.00050	0.00035	0.00035	0.00034	57	nan
Enterobacter kobei	208224	S	1433	4941	6374	0.00037	0.00028	0.00028	0.00028	57	nan
Enterobacter cancerogenus	69218	S	781	818	1599	0.00009	0.00005	0.00005	0.00005	58	nan
Enterobacter chengduensis	2494701	S	384	493	877	0.00005	0.00003	0.00003	0.00003	57	nan
Enterobacter chuandaensis	2497875	S	373	443	816	0.00005	0.00003	0.00003	0.00002	58	nan
Enterobacter sp. CP102	2976431	S	20006	22507	42513	0.00244	0.00129	0.00000	0.00124	56	5.0
Enterobacter sp. SA187	1914861	S	17511	17931	35442	0.00203	0.00103	0.00105	0.00101	58	nan
Enterobacter sp. JBIWA003	2831890	S	3628	8401	12029	0.00069	0.00048	0.00048	0.00047	58	nan
Enterobacter sp. SGAir0187	2836161	S	1127	1908	3035	0.00017	0.00011	0.00011	0.00011	57	nan
Enterobacter sp. RHBSTW-00994	2742676	S	274	281	555	0.00003	0.00002	0.00000	0.00002	53	4.0
Enterobacter sp. SES19	2705458	S	192	527	719	0.00004	0.00003	0.00003	0.00003	58	nan
Enterobacter sp. DSM 30060	2747372	S	186	7343	7529	0.00043	0.00042	0.00042	0.00041	57	nan
Enterobacter sp. JBIWA005	2831891	S	136	411	547	0.00003	0.00002	0.00002	0.00002	58	nan
Enterobacter sp. DTU_2021_1002640_1_SI_PRY_ASU_LCPMC_013	3077940	S	123	408	531	0.00003	0.00002	0.00002	0.00002	57	nan
Enterobacter sp. 18A13	2565914	S	116	465	581	0.00003	0.00003	0.00003	0.00003	58	nan
Enterobacter sp. N18-03635	2500132	S	102	490	592	0.00003	0.00003	0.00003	0.00003	58	nan
Enterobacter mori	539813	S	18980	21329	40309	0.00231	0.00122	0.00121	0.00119	57	nan
Enterobacter quasiroggenkampii	2497436	S	3694	8274	11968	0.00069	0.00047	0.00047	0.00046	58	nan
Enterobacter bugandensis	881260	S	645	1050	1695	0.00010	0.00006	0.00006	0.00006	58	nan
Enterobacter oligotrophicus	2478464	S	409	428	837	0.00005	0.00002	0.00002	0.00002	56	nan
Enterobacter pseudoroggenkampii	2996112	S	397	821	1218	0.00007	0.00005	0.00005	0.00005	58	nan
Enterobacter huaxiensis	2494702	S	375	401	776	0.00004	0.00002	0.00002	0.00002	59	nan
Enterobacter soli	885040	S	144	159	303	0.00002	0.00001	0.00000	0.00001	55	5.0
Kosakonia radicincitans	283686	S	258789	274666	533455	0.03056	0.01574	0.01538	0.01519	56	nan
Kosakonia sp. ML.JS2a	2980557	S	120841	123249	244090	0.01398	0.00706	0.00699	0.00682	56	nan
Kosakonia sp. MUSA4	2067958	S	791	817	1608	0.00009	0.00005	0.00000	0.00005	57	5.0
Kosakonia arachidis	551989	S	5829	5899	11728	0.00067	0.00034	0.00034	0.00032	54	nan
Kosakonia oryzae	497725	S	1591	1653	3244	0.00019	0.00009	0.00000	0.00009	56	5.0
Kosakonia sacchari	1158459	S	308	341	649	0.00004	0.00002	0.00000	0.00002	56	5.0
Kosakonia cowanii	208223	S	167	172	339	0.00002	0.00001	0.00000	0.00001	58	5.0
Kosakonia oryzendophytica	1005665	S	140	143	283	0.00002	0.00001	0.00000	0.00001	56	5.0
Citrobacter sp. RHB25-C09	2742624	S	54911	56111	111022	0.00636	0.00321	0.00316	0.00307	55	nan
Citrobacter sp. CF971	2566012	S	4026	26045	30071	0.00172	0.00149	0.00147	0.00143	54	nan
Citrobacter sp. CFNIH10	1920110	S	2460	10297	12757	0.00073	0.00059	0.00059	0.00057	54	nan
Citrobacter sp. CRE-46	1703250	S	2058	6734	8792	0.00050	0.00039	0.00038	0.00037	54	nan
Citrobacter sp. S39	2660638	S	942	13501	14443	0.00083	0.00077	0.00076	0.00074	54	nan
Citrobacter sp. RHBSTW-00424	2742647	S	339	41779	42118	0.00241	0.00239	0.00236	0.00229	54	nan
Citrobacter sp. XT1-2-2	2942480	S	107	800	907	0.00005	0.00005	0.00004	0.00004	54	nan
Citrobacter cronae	1748967	S	9064	40196	49260	0.00282	0.00230	0.00226	0.00220	54	nan
Citrobacter freundii	546	S	2686	6261	8947	0.00051	0.00036	0.00035	0.00034	54	nan
Citrobacter werkmanii	67827	S	1318	2618	3936	0.00023	0.00015	0.00015	0.00014	54	nan
Citrobacter portucalensis	1639133	S	952	1484	2436	0.00014	0.00009	0.00008	0.00008	54	nan
Citrobacter braakii	57706	S	636	2837	3473	0.00020	0.00016	0.00016	0.00016	54	nan
Citrobacter amalonaticus	35703	S	397	1141	1538	0.00009	0.00007	0.00007	0.00006	55	nan
Citrobacter koseri	545	S	355	529	884	0.00005	0.00003	0.00003	0.00003	55	nan
Citrobacter arsenatis	2546350	S	209	229	438	0.00003	0.00001	0.00001	0.00001	55	nan
Citrobacter pasteurii	1563222	S	152	218	370	0.00002	0.00001	0.00001	0.00001	54	nan
Citrobacter farmeri	67824	S	141	155	296	0.00002	0.00001	0.00000	0.00001	55	5.0
Citrobacter tructae	2562449	S	120	126	246	0.00001	0.00001	0.00001	0.00001	53	nan
Lelliottia sp. WB101	2153385	S	75774	84498	160272	0.00918	0.00484	0.00477	0.00470	58	nan
Klebsiella sp. WP3-W18-ESBL-02	2675710	S	18189	53828	72017	0.00413	0.00308	0.00326	0.00301	57	nan
Klebsiella sp. RHBSTW-00465	2742650	S	119	291	410	0.00002	0.00002	0.00000	0.00002	55	5.0
Klebsiella huaxiensis	2153354	S	8317	8624	16941	0.00097	0.00049	0.00050	0.00048	55	nan
Klebsiella pneumoniae	573	S	2178	6929	9107	0.00052	0.00040	0.00000	0.00039	56	5.0
Klebsiella michiganensis	1134687	S	743	903	1646	0.00009	0.00005	0.00000	0.00005	58	5.0
Klebsiella quasipneumoniae	1463165	S	587	761	1348	0.00008	0.00004	0.00000	0.00004	59	5.0
Klebsiella variicola	244366	S	496	704	1200	0.00007	0.00004	0.00000	0.00004	59	5.0
Klebsiella aerogenes	548	S	247	258	505	0.00003	0.00001	0.00000	0.00001	57	5.0
Klebsiella oxytoca	571	S	221	232	453	0.00003	0.00001	0.00000	0.00001	57	5.0
Klebsiella grimontii	2058152	S	170	274	444	0.00003	0.00002	0.00000	0.00002	57	5.0
Raoultella ornithinolytica	54291	S	363	660	1023	0.00006	0.00004	0.00000	0.00004	57	5.0
Salmonella enterica	28901	S	3617	63574	67191	0.00385	0.00364	0.00363	0.00351	54	nan
Salmonella bongori	54736	S	171	309	480	0.00003	0.00002	0.00002	0.00002	53	nan
Shigella boydii	621	S	5839	63865	69704	0.00399	0.00366	0.00372	0.00350	53	nan
Shigella sonnei	624	S	1083	5744	6827	0.00039	0.00033	0.00034	0.00032	53	nan
Shigella flexneri	623	S	619	25213	25832	0.00148	0.00144	0.00146	0.00138	53	nan
Shigella dysenteriae	622	S	484	2206	2690	0.00015	0.00013	0.00013	0.00012	53	nan
Candidatus Moranella endobia	1048758	S	38682	38784	77466	0.00444	0.00222	0.00226	0.00219	44	nan
Escherichia coli	562	S	13485	85923	99408	0.00570	0.00492	0.00507	0.00473	53	nan
Escherichia sp. HH091_1A	2509662	S	4378	22236	26614	0.00152	0.00127	0.00126	0.00122	52	nan
Escherichia sp. E4742	2044467	S	225	250	475	0.00003	0.00001	0.00001	0.00001	53	nan
Escherichia albertii	208962	S	571	647	1218	0.00007	0.00004	0.00004	0.00004	52	nan
Escherichia fergusonii	564	S	356	509	865	0.00005	0.00003	0.00003	0.00003	52	nan
Escherichia marmotae	1499973	S	283	307	590	0.00003	0.00002	0.00002	0.00002	52	nan
Scandinavium goeteborgense	1851514	S	12145	12232	24377	0.00140	0.00070	0.00069	0.00068	57	nan
Pseudocitrobacter corydidari	2891570	S	4047	4133	8180	0.00047	0.00024	0.00026	0.00023	56	nan
Leclercia adecarboxylata	83655	S	107	159	266	0.00002	0.00001	0.00000	0.00001	58	5.0
Kluyvera intermedia	61648	S	115	137	252	0.00001	0.00001	0.00000	0.00001	55	5.0
Trabulsiella odontotermitis	379893	S	111	116	227	0.00001	0.00001	0.00000	0.00001	57	5.0
Yersinia ruckeri	29486	S	209584	211990	421574	0.02415	0.01215	0.01198	0.01164	50	nan
Yersinia aldovae	29483	S	54421	55592	110013	0.00630	0.00319	0.00313	0.00306	49	nan
Yersinia rochesterensis	1604335	S	15922	23952	39874	0.00228	0.00137	0.00137	0.00132	49	nan
Yersinia sp. SCPM-O-B-9106 (C-191)	2992843	S	10584	16669	27253	0.00156	0.00096	0.00095	0.00092	50	nan
Yersinia kristensenii	28152	S	1805	1878	3683	0.00021	0.00011	0.00011	0.00010	49	nan
Yersinia enterocolitica	630	S	598	654	1252	0.00007	0.00004	0.00004	0.00004	49	nan
Yersinia pseudotuberculosis	633	S	209	269	478	0.00003	0.00002	0.00002	0.00001	49	nan
Yersinia hibernica	2339259	S	201	205	406	0.00002	0.00001	0.00001	0.00001	50	nan
Yersinia intermedia	631	S	105	166	271	0.00002	0.00001	0.00001	0.00001	50	nan
Serratia odorifera	618	S	154059	155856	309915	0.01776	0.00893	0.00881	0.00877	58	nan
Serratia sp. FGI94	671990	S	36674	46278	82952	0.00475	0.00265	0.00278	0.00274	61	nan
Serratia sp. JSRIV004	2831895	S	2412	8207	10619	0.00061	0.00047	0.00000	0.00047	57	4.0
Serratia sp. HRI	2663241	S	1771	16083	17854	0.00102	0.00092	0.00098	0.00094	61	nan
Serratia marcescens	615	S	1134	2303	3437	0.00020	0.00013	0.00015	0.00014	63	nan
Serratia plymuthica	82996	S	580	646	1226	0.00007	0.00004	0.00000	0.00004	59	5.0
Serratia liquefaciens	614	S	283	411	694	0.00004	0.00002	0.00000	0.00002	58	4.0
Serratia proteamaculans	28151	S	159	173	332	0.00002	0.00001	0.00000	0.00001	57	4.0
Serratia rhizosphaerae	2597702	S	136	164	300	0.00002	0.00001	0.00001	0.00001	61	nan
Serratia rubidaea	61652	S	130	147	277	0.00002	0.00001	0.00001	0.00001	63	nan
Serratia fonticola	47917	S	109	131	240	0.00001	0.00001	0.00000	0.00001	57	4.0
Serratia symbiotica	138074	S	102	102	204	0.00001	0.00001	0.00000	0.00001	54	4.0
Rouxiella badensis	1646377	S	21144	21255	42399	0.00243	0.00122	0.00119	0.00117	56	nan
Hafnia alvei	569	S	173563	201257	374820	0.02147	0.01153	0.01135	0.01099	51	nan
Hafnia sp. CBA7124	1848580	S	3136	6346	9482	0.00054	0.00036	0.00036	0.00035	51	nan
Hafnia paralvei	546367	S	2420	2513	4933	0.00028	0.00014	0.00000	0.00014	50	5.0
Obesumbacterium proteus	82983	S	171721	180572	352293	0.02018	0.01035	0.01031	0.00986	51	nan
Edwardsiella tarda	636	S	147	197	344	0.00002	0.00001	0.00000	0.00001	60	4.0
Providencia sp. R33	2828763	S	37197	38157	75354	0.00432	0.00219	0.00226	0.00221	44	nan
Providencia sp. PROV040	2949771	S	3244	12121	15365	0.00088	0.00069	0.00075	0.00071	43	nan
Providencia sp. PROV161	2936790	S	156	111919	112075	0.00642	0.00641	0.00679	0.00654	43	nan
Providencia rettgeri	587	S	351	1218	1569	0.00009	0.00007	0.00007	0.00007	42	nan
Proteus sp. HZ0627	3034648	S	51415	82344	133759	0.00766	0.00472	0.00520	0.00501	41	nan
Proteus mirabilis	584	S	138	143	281	0.00002	0.00001	0.00000	0.00001	41	4.0
Photorhabdus asymbiotica	291112	S	12642	12665	25307	0.00145	0.00073	0.00075	0.00073	44	nan
Xenorhabdus doucetiae	351671	S	7252	7278	14530	0.00083	0.00042	0.00042	0.00041	48	nan
Dickeya aquatica	1401087	S	1457	55543	57000	0.00327	0.00318	0.00319	0.00309	56	nan
Dickeya dianthicola	204039	S	345	472	817	0.00005	0.00003	0.00000	0.00003	58	5.0
Dickeya chrysanthemi	556	S	244	252	496	0.00003	0.00001	0.00002	0.00001	56	nan
Dickeya dadantii	204038	S	156	185	341	0.00002	0.00001	0.00000	0.00001	59	5.0
Dickeya lacustris	2259638	S	119	122	241	0.00001	0.00001	0.00001	0.00001	54	nan
Dickeya oryzae	1240404	S	115	174	289	0.00002	0.00001	0.00001	0.00001	56	nan
Prodigiosinella sp. LS101	3057057	S	27122	29071	56193	0.00322	0.00167	0.00164	0.00159	51	nan
Brenneria sp. K61	3076559	S	11300	13441	24741	0.00142	0.00077	0.00076	0.00074	51	nan
Pectobacterium quasiaquaticum	2774015	S	258	306	564	0.00003	0.00002	0.00000	0.00002	54	4.0
Pectobacterium versatile	2488639	S	113	175	288	0.00002	0.00001	0.00000	0.00001	54	5.0
Lonsdalea populi	1172565	S	484	486	970	0.00006	0.00003	0.00000	0.00003	58	4.0
Pantoea sp. SM3640	2787629	S	12951	28739	41690	0.00239	0.00165	0.00166	0.00160	57	nan
Pantoea sp. MT58	2768165	S	3655	6380	10035	0.00057	0.00037	0.00036	0.00035	56	nan
Pantoea sp. Lij88	3028622	S	319	330	649	0.00004	0.00002	0.00002	0.00002	57	nan
Pantoea sp. SS70	3024247	S	219	328	547	0.00003	0.00002	0.00000	0.00002	57	5.0
Pantoea vagans	470934	S	8321	10303	18624	0.00107	0.00059	0.00058	0.00057	57	nan
Pantoea eucalypti	470933	S	3572	6012	9584	0.00055	0.00034	0.00034	0.00033	56	nan
Pantoea agglomerans	549	S	1746	1815	3561	0.00020	0.00010	0.00000	0.00010	57	5.0
Pantoea ananatis	553	S	416	420	836	0.00005	0.00002	0.00000	0.00002	55	5.0
Pantoea dispersa	59814	S	274	276	550	0.00003	0.00002	0.00000	0.00002	60	5.0
Pantoea deleyi	470932	S	154	156	310	0.00002	0.00001	0.00000	0.00001	60	5.0
Pantoea stewartii	66269	S	135	136	271	0.00002	0.00001	0.00001	0.00001	55	nan
Pantoea anthophila	470931	S	121	122	243	0.00001	0.00001	0.00000	0.00001	59	5.0
Tatumella citrea	53336	S	15513	15565	31078	0.00178	0.00089	0.00087	0.00084	50	nan
Erwinia amylovora	552	S	13020	13227	26247	0.00150	0.00076	0.00076	0.00073	56	nan
Erwinia sp. QL-Z3	2547962	S	111	148	259	0.00001	0.00001	0.00000	0.00001	57	4.0
Sodalis praecaptivus	1239307	S	37426	38337	75763	0.00434	0.00220	0.00222	0.00221	59	nan
Sodalis glossinidius	63612	S	13267	13320	26587	0.00152	0.00076	0.00078	0.00075	56	nan
Candidatus Sodalis pierantonius	1486991	S	4032	4142	8174	0.00047	0.00024	0.00000	0.00023	59	5.0
Pseudomonas sp. J380	2605424	S	141718	245715	387433	0.02220	0.01408	0.01468	0.01432	62	nan
Pseudomonas sp. KU26590	2991051	S	104063	105972	210035	0.01203	0.00607	0.00632	0.00618	62	nan
Pseudomonas sp. NY5710	2662033	S	82499	112620	195119	0.01118	0.00645	0.00733	0.00680	63	nan
Pseudomonas sp. SL4(2022)	2994661	S	54856	55585	110441	0.00633	0.00318	0.00330	0.00322	61	nan
Pseudomonas sp. FP2254	2954087	S	52457	86139	138596	0.00794	0.00494	0.00580	0.00511	63	nan
Pseudomonas sp. DR48	2871095	S	51404	55778	107182	0.00614	0.00320	0.00325	0.00319	60	nan
Pseudomonas sp. ADAK18	2730848	S	44201	45461	89662	0.00514	0.00260	0.00266	0.00261	60	nan
Pseudomonas sp. 7SR1	1881017	S	38499	39496	77995	0.00447	0.00226	0.00246	0.00239	63	nan
Pseudomonas sp. C27(2019)	2604941	S	27730	27852	55582	0.00318	0.00160	0.00156	0.00151	50	nan
Pseudomonas sp. DY-1	1755504	S	22063	22349	44412	0.00254	0.00128	0.00137	0.00137	64	nan
Pseudomonas sp. OST1909	2777367	S	18937	45414	64351	0.00369	0.00260	0.00300	0.00267	62	nan
Pseudomonas sp. PMCC200367	3042029	S	14930	50138	65068	0.00373	0.00287	0.00294	0.00291	61	nan
Pseudomonas sp. RU47	2005388	S	5853	21474	27327	0.00157	0.00123	0.00129	0.00125	61	nan
Pseudomonas sp. TCU-HL1	1856685	S	5402	5484	10886	0.00062	0.00031	0.00039	0.00034	65	nan
Pseudomonas sp. KUIN-1	2609418	S	5401	19448	24849	0.00142	0.00111	0.00132	0.00114	62	nan
Pseudomonas sp. ArH3a	2862945	S	5196	27427	32623	0.00187	0.00157	0.00167	0.00160	62	nan
Pseudomonas sp. NyZ480	3035289	S	3355	36575	39930	0.00229	0.00210	0.00230	0.00214	62	nan
Pseudomonas sp. Q1-7	3020843	S	2405	2486	4891	0.00028	0.00014	0.00000	0.00016	67	5.0
Pseudomonas sp. CFSAN084952	2664899	S	1836	5960	7796	0.00045	0.00034	0.00036	0.00035	62	nan
Pseudomonas sp. B21-059	2895496	S	932	1569	2501	0.00014	0.00009	0.00000	0.00009	63	5.0
Pseudomonas sp. MM213	2866807	S	674	795	1469	0.00008	0.00005	0.00005	0.00005	61	nan
Pseudomonas sp. FP818	2954099	S	673	2626	3299	0.00019	0.00015	0.00017	0.00015	62	nan
Pseudomonas sp. 31-12	2201356	S	661	713	1374	0.00008	0.00004	0.00004	0.00004	61	nan
Pseudomonas sp. So3.2b	2864101	S	581	2360	2941	0.00017	0.00014	0.00016	0.00014	62	nan
Pseudomonas sp. FP2294	2954089	S	511	2261	2772	0.00016	0.00013	0.00015	0.00013	62	nan
Pseudomonas sp. ACM7	2052956	S	450	510	960	0.00006	0.00003	0.00000	0.00003	60	5.0
Pseudomonas sp. B21-040	2895486	S	428	447	875	0.00005	0.00003	0.00000	0.00003	61	5.0
Pseudomonas sp. MPC6	2498848	S	404	423	827	0.00005	0.00002	0.00002	0.00002	62	nan
Pseudomonas sp. URMO17WK12:I11	1283291	S	404	547	951	0.00005	0.00003	0.00004	0.00003	62	nan
Pseudomonas sp. S34	1573718	S	333	352	685	0.00004	0.00002	0.00002	0.00002	62	nan
Pseudomonas sp. WJP1	2986947	S	314	328	642	0.00004	0.00002	0.00002	0.00002	62	nan
Pseudomonas sp. N3-W	2975049	S	296	306	602	0.00003	0.00002	0.00002	0.00002	61	nan
Pseudomonas sp. NIBR-H-19	2901380	S	252	267	519	0.00003	0.00002	0.00000	0.00002	60	5.0
Pseudomonas sp. B21-053	2895493	S	251	276	527	0.00003	0.00002	0.00002	0.00002	61	nan
Pseudomonas sp. DTU12.3	2073078	S	244	264	508	0.00003	0.00002	0.00002	0.00002	61	nan
Pseudomonas sp. SCB32	2653853	S	240	252	492	0.00003	0.00001	0.00000	0.00002	67	5.0
Pseudomonas sp. B21-015	2895473	S	237	260	497	0.00003	0.00001	0.00001	0.00001	61	nan
Pseudomonas sp. A34-9	3034675	S	230	256	486	0.00003	0.00001	0.00001	0.00001	61	nan
Pseudomonas sp. LS44	1357074	S	203	204	407	0.00002	0.00001	0.00000	0.00001	64	5.0
Pseudomonas sp. R84	1573712	S	194	235	429	0.00002	0.00001	0.00001	0.00001	61	nan
Pseudomonas sp. FP1742	2954079	S	190	239	429	0.00002	0.00001	0.00001	0.00001	61	nan
Pseudomonas sp. Seg1	2678259	S	190	204	394	0.00002	0.00001	0.00001	0.00001	61	nan
Pseudomonas sp. BIOMIG1BAC	1758730	S	185	379	564	0.00003	0.00002	0.00000	0.00002	63	5.0
Pseudomonas sp. FP2196	2954086	S	182	193	375	0.00002	0.00001	0.00001	0.00001	61	nan
Pseudomonas sp. PP3	2815936	S	178	192	370	0.00002	0.00001	0.00001	0.00001	61	nan
Pseudomonas sp. TUM22785	3019098	S	177	208	385	0.00002	0.00001	0.00000	0.00001	68	5.0
Pseudomonas sp. B21-048	2895490	S	172	189	361	0.00002	0.00001	0.00000	0.00001	60	5.0
Pseudomonas sp. SCA2728.1_7	2825975	S	162	204	366	0.00002	0.00001	0.00001	0.00001	61	nan
Pseudomonas sp. SO81	2983246	S	162	165	327	0.00002	0.00001	0.00000	0.00001	67	5.0
Pseudomonas sp. UW4	1207075	S	145	183	328	0.00002	0.00001	0.00001	0.00001	61	nan
Pseudomonas sp. LS1212	2972478	S	134	135	269	0.00002	0.00001	0.00001	0.00001	62	nan
Pseudomonas sp. ZM23	2961893	S	131	136	267	0.00002	0.00001	0.00000	0.00001	65	4.0
Pseudomonas sp. PIA16	2931382	S	124	125	249	0.00001	0.00001	0.00000	0.00001	64	5.0
Pseudomonas sp. BW7P1	2973088	S	118	125	243	0.00001	0.00001	0.00001	0.00001	62	nan
Pseudomonas sp. PSE14	3016341	S	114	121	235	0.00001	0.00001	0.00000	0.00001	67	4.0
Pseudomonas sp. Ost2	2678260	S	112	114	226	0.00001	0.00001	0.00000	0.00001	64	5.0
Pseudomonas sp. FP2309	2954091	S	110	116	226	0.00001	0.00001	0.00001	0.00001	62	nan
Pseudomonas sp. AO-1	2855434	S	107	149	256	0.00001	0.00001	0.00001	0.00001	61	nan
Pseudomonas sp. HN11	1344094	S	107	113	220	0.00001	0.00001	0.00001	0.00001	61	nan
Pseudomonas sp. PMCC200344	3042028	S	106	347	453	0.00003	0.00002	0.00002	0.00002	61	nan
Pseudomonas sp. B21-051	2895491	S	106	124	230	0.00001	0.00001	0.00001	0.00001	62	nan
Pseudomonas sp. HS6	2850559	S	103	113	216	0.00001	0.00001	0.00001	0.00001	61	nan
Pseudomonas sp. PDNC002	2811422	S	102	108	210	0.00001	0.00001	0.00000	0.00001	66	4.0
Pseudomonas sp. Cab53	2678258	S	101	107	208	0.00001	0.00001	0.00000	0.00001	63	5.0
Pseudomonas sp. CC6-YY-74	1930532	S	100	100	200	0.00001	0.00001	0.00000	0.00001	63	5.0
Pseudomonas sp. MYb193	1827300	S	100	161	261	0.00001	0.00001	0.00001	0.00001	62	nan
Pseudomonas lijiangensis	2995658	S	22148	22868	45016	0.00258	0.00131	0.00131	0.00130	60	nan
Pseudomonas syringae group genomosp. 7	251699	S	5284	5500	10784	0.00062	0.00032	0.00031	0.00031	59	nan
Pseudomonas syringae	317	S	438	1284	1722	0.00010	0.00007	0.00008	0.00007	61	nan
Pseudomonas viridiflava	33069	S	111	112	223	0.00001	0.00001	0.00000	0.00001	61	5.0
Pseudomonas fluorescens	294	S	8882	9615	18497	0.00106	0.00055	0.00056	0.00055	61	nan
Pseudomonas migulae	78543	S	605	713	1318	0.00008	0.00004	0.00004	0.00004	61	nan
Pseudomonas synxantha	47883	S	364	510	874	0.00005	0.00003	0.00003	0.00003	61	nan
Pseudomonas orientalis	76758	S	260	281	541	0.00003	0.00002	0.00002	0.00002	62	nan
Pseudomonas mucidolens	46679	S	232	239	471	0.00003	0.00001	0.00001	0.00001	60	nan
Pseudomonas rhodesiae	76760	S	217	233	450	0.00003	0.00001	0.00002	0.00001	62	nan
Pseudomonas mandelii	75612	S	134	252	386	0.00002	0.00001	0.00002	0.00001	61	nan
Pseudomonas tolaasii	29442	S	110	116	226	0.00001	0.00001	0.00001	0.00001	62	nan
Pseudomonas brenneri	129817	S	103	112	215	0.00001	0.00001	0.00001	0.00001	62	nan
Pseudomonas poae	200451	S	101	118	219	0.00001	0.00001	0.00001	0.00001	62	nan
Pseudomonas hormoni	3093767	S	10018	10505	20523	0.00118	0.00060	0.00060	0.00060	61	nan
Pseudomonas lalkuanensis	2604832	S	7170	7282	14452	0.00083	0.00042	0.00055	0.00047	65	nan
Pseudomonas resinovorans	53412	S	3472	3623	7095	0.00041	0.00021	0.00000	0.00024	67	5.0
Pseudomonas furukawaii	1149133	S	2011	2068	4079	0.00023	0.00012	0.00000	0.00014	67	5.0
Pseudomonas aeruginosa	287	S	628	3803	4431	0.00025	0.00022	0.00000	0.00023	63	5.0
Pseudomonas alcaligenes	43263	S	182	191	373	0.00002	0.00001	0.00000	0.00001	67	5.0
Pseudomonas mendocina	300	S	128	138	266	0.00002	0.00001	0.00000	0.00001	63	5.0
Pseudomonas citronellolis	53408	S	112	146	258	0.00001	0.00001	0.00000	0.00001	67	5.0
Pseudomonas protegens	380021	S	3042	18869	21911	0.00126	0.00108	0.00000	0.00113	63	5.0
Pseudomonas chlororaphis	587753	S	415	1826	2241	0.00013	0.00010	0.00000	0.00011	63	5.0
Pseudomonas putida	303	S	941	2556	3497	0.00020	0.00015	0.00000	0.00015	63	5.0
Pseudomonas shahriarae	2745512	S	569	1808	2377	0.00014	0.00010	0.00013	0.00011	62	nan
Pseudomonas otitidis	319939	S	457	466	923	0.00005	0.00003	0.00000	0.00003	68	4.0
Pseudomonas frederiksbergensis	104087	S	381	422	803	0.00005	0.00002	0.00002	0.00002	61	nan
Pseudomonas arsenicoxydans	702115	S	265	278	543	0.00003	0.00002	0.00000	0.00002	60	5.0
Pseudomonas cavernae	2320867	S	231	233	464	0.00003	0.00001	0.00000	0.00002	65	5.0
Pseudomonas izuensis	2684212	S	229	235	464	0.00003	0.00001	0.00001	0.00001	61	nan
Pseudomonas silesiensis	1853130	S	229	237	466	0.00003	0.00001	0.00001	0.00001	61	nan
Pseudomonas umsongensis	198618	S	216	223	439	0.00003	0.00001	0.00001	0.00001	61	nan
Pseudomonas knackmussii	65741	S	195	207	402	0.00002	0.00001	0.00000	0.00001	65	5.0
Pseudomonas tohonis	2725477	S	182	214	396	0.00002	0.00001	0.00000	0.00001	68	5.0
Pseudomonas alkylphenolica	237609	S	180	183	363	0.00002	0.00001	0.00000	0.00001	63	5.0
Pseudomonas prosekii	1148509	S	175	179	354	0.00002	0.00001	0.00001	0.00001	61	nan
Pseudomonas vancouverensis	95300	S	157	160	317	0.00002	0.00001	0.00001	0.00001	62	nan
Pseudomonas benzenivorans	556533	S	140	141	281	0.00002	0.00001	0.00000	0.00001	67	4.0
Pseudomonas palleroniana	191390	S	126	156	282	0.00002	0.00001	0.00001	0.00001	62	nan
Pseudomonas nunensis	2961896	S	121	129	250	0.00001	0.00001	0.00001	0.00001	61	nan
Pseudomonas lurida	244566	S	118	124	242	0.00001	0.00001	0.00000	0.00001	62	5.0
Pseudomonas lini	163011	S	108	115	223	0.00001	0.00001	0.00000	0.00001	60	5.0
Pseudomonas reinekei	395598	S	107	113	220	0.00001	0.00001	0.00001	0.00001	61	nan
Halopseudomonas litoralis	797277	S	63806	64695	128501	0.00736	0.00371	0.00374	0.00367	59	nan
Marinobacter sp. AN1	2886046	S	57039	58054	115093	0.00659	0.00333	0.00342	0.00333	60	nan
Marinobacter salarius	1420917	S	144	146	290	0.00002	0.00001	0.00000	0.00001	58	4.0
Vibrio rhizosphaerae	398736	S	134984	146710	281694	0.01614	0.00841	0.00835	0.00809	48	nan
Vibrio ruber	184755	S	127210	135944	263154	0.01508	0.00779	0.00768	0.00752	47	nan
Vibrio ziniensis	2711221	S	98904	103310	202214	0.01159	0.00592	0.00594	0.00582	44	nan
Vibrio sp. gvc	2993714	S	69719	74949	144668	0.00829	0.00429	0.00419	0.00410	48	nan
Vibrio sp. HDW18	2714948	S	18030	19825	37855	0.00217	0.00114	0.00112	0.00108	48	nan
Vibrio scophthalmi	45658	S	85433	88263	173696	0.00995	0.00506	0.00505	0.00489	45	nan
Vibrio aerogenes	92172	S	34479	34861	69340	0.00397	0.00200	0.00198	0.00194	46	nan
Vibrio gallicus	190897	S	34310	35394	69704	0.00399	0.00203	0.00203	0.00197	44	nan
Vibrio kanaloae	170673	S	33415	50563	83978	0.00481	0.00290	0.00289	0.00281	45	nan
Vibrio mangrovi	474394	S	20785	20969	41754	0.00239	0.00120	0.00119	0.00116	46	nan
Vibrio mimicus	674	S	3852	4850	8702	0.00050	0.00028	0.00029	0.00027	47	nan
Vibrio parahaemolyticus	670	S	466	2584	3050	0.00017	0.00015	0.00015	0.00014	46	nan
Vibrio harveyi	669	S	278	926	1204	0.00007	0.00005	0.00005	0.00005	46	nan
Vibrio campbellii	680	S	103	238	341	0.00002	0.00001	0.00001	0.00001	46	nan
Vibrio spartinae	1918945	S	794	847	1641	0.00009	0.00005	0.00005	0.00005	47	nan
Vibrio gazogenes	687	S	554	582	1136	0.00007	0.00003	0.00003	0.00003	46	nan
Vibrio vulnificus	672	S	350	390	740	0.00004	0.00002	0.00000	0.00002	48	5.0
Vibrio cholerae	666	S	291	2134	2425	0.00014	0.00012	0.00012	0.00012	47	nan
Vibrio cyclitrophicus	47951	S	271	517	788	0.00005	0.00003	0.00003	0.00003	45	nan
Vibrio cincinnatiensis	675	S	182	192	374	0.00002	0.00001	0.00000	0.00001	44	5.0
Vibrio anguillarum	55601	S	179	512	691	0.00004	0.00003	0.00003	0.00003	46	nan
Vibrio coralliilyticus	190893	S	165	343	508	0.00003	0.00002	0.00002	0.00002	46	nan
Vibrio taketomensis	2572923	S	144	148	292	0.00002	0.00001	0.00001	0.00001	45	nan
Vibrio chagasii	170679	S	143	163	306	0.00002	0.00001	0.00001	0.00001	45	nan
Vibrio fluvialis	676	S	121	336	457	0.00003	0.00002	0.00000	0.00002	49	5.0
Grimontia hollisae	673	S	11640	11682	23322	0.00134	0.00067	0.00065	0.00063	51	nan
Salinivibrio kushneri	1908198	S	10644	10702	21346	0.00122	0.00061	0.00060	0.00058	51	nan
Salinivibrio sp. YCSC6	2003370	S	229	275	504	0.00003	0.00002	0.00000	0.00001	51	4.0
Photobacterium leiognathi	553611	S	133	150	283	0.00002	0.00001	0.00000	0.00001	43	4.0
Photobacterium damselae	38293	S	105	116	221	0.00001	0.00001	0.00000	0.00001	42	4.0
Pleionea sp. HL-JVS1	3070815	S	316969	317671	634640	0.03636	0.01820	0.01831	0.01787	43	nan
Halomonas sp. 1513	1883416	S	133209	134052	267261	0.01531	0.00768	0.00908	0.00900	67	nan
Halomonas sp. N3-2A	2014541	S	48157	141162	189319	0.01085	0.00809	0.00797	0.00768	54	nan
Halomonas sp. GT	1971364	S	124	141	265	0.00002	0.00001	0.00001	0.00001	53	nan
Halomonas sp. KG2	2951138	S	107	137	244	0.00001	0.00001	0.00001	0.00001	54	nan
Alcanivorax borkumensis	59754	S	14528	43628	58156	0.00333	0.00250	0.00246	0.00238	55	nan
Aliamphritea spongicola	707589	S	36703	36812	73515	0.00421	0.00211	0.00206	0.00200	53	nan
Shewanella sp. LZH-2	2806008	S	104827	231839	336666	0.01929	0.01328	0.01303	0.01275	48	nan
Shewanella sp. SNU WT4	2590015	S	10159	10241	20400	0.00117	0.00059	0.00057	0.00056	46	nan
Shewanella sp. LC6	2589790	S	4979	14745	19724	0.00113	0.00084	0.00084	0.00081	48	nan
Shewanella sp. OMA3-2	2908650	S	4126	4166	8292	0.00048	0.00024	0.00000	0.00024	42	5.0
Shewanella sp. Arc9-LZ	2698686	S	3928	4071	7999	0.00046	0.00023	0.00000	0.00023	42	5.0
Shewanella sp. MEBiC00475	2575361	S	603	789	1392	0.00008	0.00005	0.00000	0.00005	42	4.0
Shewanella sp. DAU312	3050637	S	484	495	979	0.00006	0.00003	0.00000	0.00003	41	4.0
Shewanella sp. Scap07	2589987	S	247	248	495	0.00003	0.00001	0.00000	0.00001	46	5.0
Shewanella sp. MR-4	60480	S	187	212	399	0.00002	0.00001	0.00000	0.00001	49	5.0
Shewanella sp. KX20019	2803864	S	182	183	365	0.00002	0.00001	0.00000	0.00001	45	5.0
Shewanella sp. MTB7	2746932	S	161	161	322	0.00002	0.00001	0.00000	0.00001	43	5.0
Shewanella frigidimarina	56812	S	46664	48779	95443	0.00547	0.00279	0.00292	0.00279	42	nan
Shewanella vesiculosa	518738	S	30376	30901	61277	0.00351	0.00177	0.00184	0.00176	42	nan
Shewanella alkalitolerans	2864209	S	22126	26551	48677	0.00279	0.00152	0.00000	0.00147	56	5.0
Shewanella khirikhana	1965282	S	10866	10962	21828	0.00125	0.00063	0.00065	0.00060	56	nan
Shewanella glacialimarina	2590884	S	5259	5295	10554	0.00060	0.00030	0.00033	0.00030	42	nan
Shewanella aestuarii	1028752	S	3127	3163	6290	0.00036	0.00018	0.00000	0.00018	41	5.0
Shewanella livingstonensis	150120	S	1459	1482	2941	0.00017	0.00008	0.00000	0.00009	43	5.0
Shewanella inventionis	1738770	S	1331	1363	2694	0.00015	0.00008	0.00000	0.00008	43	5.0
Shewanella psychromarinicola	2487742	S	799	805	1604	0.00009	0.00005	0.00000	0.00005	43	5.0
Shewanella xiamenensis	332186	S	740	1121	1861	0.00011	0.00006	0.00006	0.00006	48	nan
Shewanella donghaensis	238836	S	615	617	1232	0.00007	0.00004	0.00000	0.00004	41	4.0
Shewanella baltica	62322	S	571	722	1293	0.00007	0.00004	0.00004	0.00004	48	nan
Shewanella denitrificans	192073	S	559	561	1120	0.00006	0.00003	0.00000	0.00003	46	5.0
Shewanella maritima	2520507	S	511	512	1023	0.00006	0.00003	0.00000	0.00003	45	5.0
Shewanella oneidensis	70863	S	468	481	949	0.00005	0.00003	0.00003	0.00003	47	nan
Shewanella putrefaciens	24	S	330	550	880	0.00005	0.00003	0.00003	0.00003	46	nan
Shewanella polaris	2588449	S	320	421	741	0.00004	0.00002	0.00000	0.00002	42	4.0
Shewanella acanthi	2864212	S	280	282	562	0.00003	0.00002	0.00000	0.00002	49	5.0
Shewanella decolorationis	256839	S	255	288	543	0.00003	0.00002	0.00002	0.00002	48	nan
Shewanella halifaxensis	271098	S	206	207	413	0.00002	0.00001	0.00001	0.00001	45	nan
Shewanella piezotolerans	404011	S	201	202	403	0.00002	0.00001	0.00000	0.00001	44	5.0
Shewanella mesophila	2864208	S	196	197	393	0.00002	0.00001	0.00001	0.00001	46	nan
Shewanella pealeana	70864	S	184	185	369	0.00002	0.00001	0.00001	0.00001	46	nan
Shewanella algae	38313	S	173	186	359	0.00002	0.00001	0.00000	0.00001	55	4.0
Shewanella woodyi	60961	S	170	170	340	0.00002	0.00001	0.00000	0.00001	45	5.0
Shewanella psychrotolerans	2864206	S	169	171	340	0.00002	0.00001	0.00000	0.00001	45	5.0
Shewanella marisflavi	260364	S	131	132	263	0.00002	0.00001	0.00000	0.00001	51	4.0
Shewanella yunxiaonensis	2829809	S	116	116	232	0.00001	0.00001	0.00000	0.00001	50	4.0
Shewanella sediminis	271097	S	114	114	228	0.00001	0.00001	0.00000	0.00001	47	5.0
Shewanella avicenniae	2814294	S	107	107	214	0.00001	0.00001	0.00000	0.00001	49	4.0
Parashewanella tropica	2547970	S	103	103	206	0.00001	0.00001	0.00000	0.00001	42	4.0
Pseudoalteromonas rubra	43658	S	86536	87312	173848	0.00996	0.00500	0.00490	0.00476	49	nan
Pseudoalteromonas sp. SCSIO 43101	2822847	S	6361	10914	17275	0.00099	0.00063	0.00063	0.00063	41	nan
Salinimonas lutimaris	914153	S	27553	27786	55339	0.00317	0.00159	0.00155	0.00151	51	nan
Alteromonas macleodii	28108	S	116	171	287	0.00002	0.00001	0.00000	0.00001	45	4.0
Alkalimarinus alittae	2961619	S	20124	20200	40324	0.00231	0.00116	0.00116	0.00113	44	nan
Paraneptunicella aestuarii	2831148	S	15071	15083	30154	0.00173	0.00086	0.00086	0.00084	44	nan
Moritella sp. 36	2746233	S	19891	43627	63518	0.00364	0.00250	0.00263	0.00255	41	nan
Idiomarina abyssalis	86102	S	27766	27905	55671	0.00319	0.00160	0.00156	0.00152	48	nan
Idiomarina loihiensis	135577	S	1283	1420	2703	0.00015	0.00008	0.00000	0.00008	48	5.0
Idiomarina sp. X4	2055892	S	221	248	469	0.00003	0.00001	0.00000	0.00001	48	4.0
Idiomarina sp.	1874361	S	179	198	377	0.00002	0.00001	0.00000	0.00001	49	4.0
Idiomarina sp. OT37-5b	2100422	S	115	134	249	0.00001	0.00001	0.00000	0.00001	52	4.0
Idiomarina piscisalsi	1096243	S	105	108	213	0.00001	0.00001	0.00000	0.00001	48	4.0
Microbulbifer sp. RZ01	3021711	S	161	166147	166308	0.00953	0.00952	0.01012	0.00988	62	nan
Microbulbifer hydrolyticus	48074	S	23202	23254	46456	0.00266	0.00133	0.00135	0.00132	58	nan
Cellvibrio sp. QJXJ	2964606	S	57603	66324	123927	0.00710	0.00380	0.00374	0.00364	50	nan
Teredinibacter purpureus	2731756	S	17407	17418	34825	0.00200	0.00100	0.00098	0.00096	46	nan
Saccharophagus degradans	86304	S	4524	4529	9053	0.00052	0.00026	0.00025	0.00025	46	nan
Methylobacter sp. YRD-M1	2911520	S	154644	154719	309363	0.01772	0.00886	0.00878	0.00859	53	nan
Methylomonas paludis	1173101	S	54489	54544	109033	0.00625	0.00312	0.00306	0.00299	49	nan
Methylococcus sp. EFPC2	2812648	S	8866	8875	17741	0.00102	0.00051	0.00055	0.00053	63	nan
Methylomarinovum caldicuralii	438856	S	7718	7734	15452	0.00089	0.00044	0.00051	0.00050	66	nan
Acinetobacter indicus	756892	S	57818	61603	119421	0.00684	0.00353	0.00362	0.00345	48	nan
Acinetobacter guillouiae	106649	S	37284	46406	83690	0.00479	0.00266	0.00287	0.00279	40	nan
Acinetobacter proteolyticus	1776741	S	24853	27461	52314	0.00300	0.00157	0.00171	0.00160	42	nan
Acinetobacter sp. WCHAc010034	1879049	S	14082	14955	29037	0.00166	0.00086	0.00089	0.00085	54	nan
Acinetobacter sp. PK01	2930198	S	1096	2517	3613	0.00021	0.00014	0.00017	0.00015	42	nan
Acinetobacter sp. ACNIH2	1758189	S	1074	2452	3526	0.00020	0.00014	0.00017	0.00014	41	nan
Acinetobacter sp. A7.4	2919921	S	371	371	742	0.00004	0.00002	0.00000	0.00002	41	4.0
Acinetobacter sp. WCHA55	2004646	S	326	387	713	0.00004	0.00002	0.00000	0.00002	41	4.0
Acinetobacter sp. CS-2	2798861	S	279	312	591	0.00003	0.00002	0.00000	0.00002	42	5.0
Acinetobacter sp. TTH0-4	1646498	S	255	266	521	0.00003	0.00002	0.00000	0.00002	40	4.0
Acinetobacter sp. TGL-Y2	1407071	S	195	196	391	0.00002	0.00001	0.00000	0.00001	41	5.0
Acinetobacter sp. KCTC 92772	3045147	S	192	206	398	0.00002	0.00001	0.00001	0.00001	43	nan
Acinetobacter sp. GSS19	3020716	S	180	182	362	0.00002	0.00001	0.00000	0.00001	47	5.0
Acinetobacter sp. NCu2D-2	1608473	S	176	183	359	0.00002	0.00001	0.00000	0.00001	41	5.0
Acinetobacter sp. LoGeW2-3	1808001	S	168	175	343	0.00002	0.00001	0.00000	0.00001	45	5.0
Acinetobacter sp. 10FS3-1	2563897	S	152	181	333	0.00002	0.00001	0.00000	0.00001	44	5.0
Acinetobacter sp. Marseille-Q1620	2714110	S	133	133	266	0.00002	0.00001	0.00000	0.00001	39	4.0
Acinetobacter sp. Z1	2953738	S	131	137	268	0.00002	0.00001	0.00000	0.00001	40	4.0
Acinetobacter sp. C32I	2950074	S	124	131	255	0.00001	0.00001	0.00000	0.00001	42	5.0
Acinetobacter sp. ASP199	2773709	S	115	122	237	0.00001	0.00001	0.00000	0.00001	45	5.0
Acinetobacter tibetensis	2943497	S	3049	3109	6158	0.00035	0.00018	0.00019	0.00018	41	nan
Acinetobacter baumannii	470	S	329	966	1295	0.00007	0.00006	0.00000	0.00006	40	5.0
Acinetobacter pittii	48296	S	173	441	614	0.00004	0.00003	0.00000	0.00003	40	5.0
Acinetobacter calcoaceticus	471	S	164	172	336	0.00002	0.00001	0.00000	0.00001	40	4.0
Acinetobacter seifertii	1530123	S	163	194	357	0.00002	0.00001	0.00000	0.00001	40	4.0
Acinetobacter johnsonii	40214	S	881	1155	2036	0.00012	0.00007	0.00007	0.00007	43	nan
Acinetobacter wuhouensis	1879050	S	175	188	363	0.00002	0.00001	0.00000	0.00001	40	4.0
Acinetobacter haemolyticus	29430	S	153	169	322	0.00002	0.00001	0.00000	0.00001	41	5.0
Acinetobacter piscicola	2006115	S	151	162	313	0.00002	0.00001	0.00000	0.00001	39	4.0
Acinetobacter cumulans	2136182	S	147	153	300	0.00002	0.00001	0.00000	0.00001	41	4.0
Acinetobacter shaoyimingii	2715164	S	146	146	292	0.00002	0.00001	0.00000	0.00001	40	4.0
Acinetobacter schindleri	108981	S	145	158	303	0.00002	0.00001	0.00000	0.00001	44	5.0
Acinetobacter lwoffii	28090	S	138	201	339	0.00002	0.00001	0.00000	0.00001	44	5.0
Acinetobacter towneri	202956	S	119	174	293	0.00002	0.00001	0.00000	0.00001	42	5.0
Acinetobacter venetianus	52133	S	109	117	226	0.00001	0.00001	0.00000	0.00001	40	5.0
Acinetobacter ursingii	108980	S	104	155	259	0.00001	0.00001	0.00000	0.00001	41	5.0
Acinetobacter vivianii	1776742	S	103	104	207	0.00001	0.00001	0.00000	0.00001	44	5.0
Psychrobacter sp. 28M-43	2772254	S	8026	8398	16424	0.00094	0.00048	0.00049	0.00048	45	nan
Psychrobacter sp. P11G3	1699623	S	6460	6762	13222	0.00076	0.00039	0.00040	0.00038	46	nan
Psychrobacter sp. van23A	3064892	S	2095	2237	4332	0.00025	0.00013	0.00000	0.00013	47	4.0
Psychrobacter sp. P11F6	1699621	S	2038	2075	4113	0.00024	0.00012	0.00000	0.00012	45	5.0
Psychrobacter sp. KCTC 72983	2733866	S	1902	2890	4792	0.00027	0.00017	0.00000	0.00016	45	5.0
Psychrobacter sp. WB2	3043330	S	1854	1949	3803	0.00022	0.00011	0.00000	0.00011	45	4.0
Psychrobacter sp. AntiMn-1	1720344	S	894	2419	3313	0.00019	0.00014	0.00000	0.00014	46	5.0
Psychrobacter sp. DAB_AL43B	1028416	S	866	869	1735	0.00010	0.00005	0.00000	0.00005	44	4.0
Psychrobacter sp. M13	3067275	S	619	620	1239	0.00007	0.00004	0.00000	0.00004	45	4.0
Psychrobacter sp. KH172YL61	2517899	S	544	1227	1771	0.00010	0.00007	0.00000	0.00007	46	5.0
Psychrobacter sp. P11G5	1699624	S	433	629	1062	0.00006	0.00004	0.00000	0.00004	44	5.0
Psychrobacter sp. P2G3	1699622	S	372	539	911	0.00005	0.00003	0.00000	0.00003	44	4.0
Psychrobacter sp. G	571800	S	277	356	633	0.00004	0.00002	0.00000	0.00002	45	5.0
Psychrobacter sp. SC65A.3	2983299	S	235	301	536	0.00003	0.00002	0.00000	0.00002	45	4.0
Psychrobacter sp. MES7-P7E	2058322	S	118	166	284	0.00002	0.00001	0.00000	0.00001	41	4.0
Psychrobacter arcticus	334543	S	408	410	818	0.00005	0.00002	0.00000	0.00002	45	4.0
Psychrobacter urativorans	45610	S	307	308	615	0.00004	0.00002	0.00000	0.00002	45	4.0
Psychrobacter arenosus	256326	S	205	205	410	0.00002	0.00001	0.00000	0.00001	47	4.0
Psychrobacter cryohalolentis	330922	S	167	1094	1261	0.00007	0.00006	0.00000	0.00006	45	4.0
Moraxella osloensis	34062	S	114	173	287	0.00002	0.00001	0.00000	0.00001	45	4.0
Stenotrophomonas sp. ZAC14D2_NAIMI4_7	2072405	S	117153	127494	244647	0.01402	0.00730	0.00885	0.00885	67	nan
Stenotrophomonas maltophilia	40324	S	156	190	346	0.00002	0.00001	0.00000	0.00001	67	4.0
Xylella fastidiosa	2371	S	28917	28978	57895	0.00332	0.00166	0.00165	0.00159	53	nan
Lysobacter oculi	2698682	S	20216	20311	40527	0.00232	0.00116	0.00146	0.00142	68	nan
Aquicella lusitana	254246	S	28715	28721	57436	0.00329	0.00165	0.00168	0.00162	44	nan
Coxiella endosymbiont of Amblyomma sculptum	2487929	S	12285	12288	24573	0.00141	0.00070	0.00078	0.00074	37	nan
Coxiella endosymbiont of Amblyomma americanum	325775	S	1813	15889	17702	0.00101	0.00091	0.00106	0.00102	34	nan
Cysteiniphilum sp. QT6929	2975055	S	17014	17016	34030	0.00195	0.00097	0.00104	0.00101	39	nan
Methylophaga frappieri	754477	S	16568	16849	33417	0.00191	0.00097	0.00094	0.00092	48	nan
Tolumonas auensis	43948	S	12733	12870	25603	0.00147	0.00074	0.00073	0.00071	51	nan
Aeromonas sp. ASNIH4	1636609	S	6328	12159	18487	0.00106	0.00070	0.00086	0.00073	63	nan
Aeromonas media	651	S	133	160	293	0.00002	0.00001	0.00000	0.00001	64	4.0
Aeromonas hydrophila	644	S	132	189	321	0.00002	0.00001	0.00000	0.00001	64	5.0
Candidatus Ruthia endofausta	2738852	S	24899	24953	49852	0.00286	0.00143	0.00159	0.00153	37	nan
Mannheimia haemolytica	75985	S	14531	15338	29869	0.00171	0.00088	0.00090	0.00089	42	nan
Actinobacillus equuli	718	S	3953	4334	8287	0.00047	0.00025	0.00026	0.00025	41	nan
Nitrosococcus oceani	1229	S	13280	13379	26659	0.00153	0.00077	0.00075	0.00073	52	nan
Rhizobium croatiense	2867516	S	270499	301609	572108	0.03278	0.01728	0.01818	0.01810	63	nan
Rhizobium gei	1395951	S	32069	32200	64269	0.00368	0.00184	0.00189	0.00185	60	nan
Rhizobium flavescens	2607407	S	4997	4997	9994	0.00057	0.00029	0.00000	0.00028	50	4.0
Rhizobium sp. T136	555319	S	1262	10459	11721	0.00067	0.00060	0.00067	0.00062	62	nan
Rhizobium sp. X9	2815360	S	279	360	639	0.00004	0.00002	0.00000	0.00002	60	5.0
Rhizobium sp. WL3	2603277	S	187	207	394	0.00002	0.00001	0.00000	0.00001	62	4.0
Rhizobium sp. BG4	2613770	S	120	124	244	0.00001	0.00001	0.00000	0.00001	63	4.0
Rhizobium sp. 11515TR	2028343	S	110	169	279	0.00002	0.00001	0.00000	0.00001	60	5.0
Rhizobium sp. CC-CFT758	2926709	S	108	110	218	0.00001	0.00001	0.00000	0.00001	62	4.0
Rhizobium sp. ACO-34A	1571470	S	107	110	217	0.00001	0.00001	0.00000	0.00001	62	4.0
Rhizobium sp. NXC14	1981173	S	106	229	335	0.00002	0.00001	0.00001	0.00001	62	nan
Rhizobium sp. K102	2918527	S	102	310	412	0.00002	0.00002	0.00002	0.00002	62	nan
Rhizobium leguminosarum	384	S	450	650	1100	0.00006	0.00004	0.00004	0.00004	62	nan
Rhizobium rhizoryzae	451876	S	403	405	808	0.00005	0.00002	0.00000	0.00002	58	4.0
Rhizobium ruizarguesonis	2081791	S	289	325	614	0.00004	0.00002	0.00002	0.00002	61	nan
Rhizobium phaseoli	396	S	277	302	579	0.00003	0.00002	0.00002	0.00002	62	nan
Rhizobium tumorigenes	2041385	S	140	149	289	0.00002	0.00001	0.00000	0.00001	61	5.0
Rhizobium rhizogenes	359	S	133	162	295	0.00002	0.00001	0.00000	0.00001	61	5.0
Rhizobium binae	1138190	S	127	138	265	0.00002	0.00001	0.00001	0.00001	62	nan
Rhizobium gallicum	56730	S	110	115	225	0.00001	0.00001	0.00000	0.00001	60	5.0
Rhizobium jaguaris	1312183	S	102	102	204	0.00001	0.00001	0.00000	0.00001	60	4.0
Rhizobium bangladeshense	1138189	S	101	185	286	0.00002	0.00001	0.00001	0.00001	62	nan
Rhizobium etli	29449	S	101	107	208	0.00001	0.00001	0.00001	0.00001	61	nan
Pararhizobium sp. T808	3031126	S	48596	49111	97707	0.00560	0.00281	0.00286	0.00283	61	nan
Pararhizobium sp. YC-54	2986920	S	146	147	293	0.00002	0.00001	0.00000	0.00001	61	5.0
Agrobacterium pusense	648995	S	24408	30027	54435	0.00312	0.00172	0.00172	0.00171	60	nan
Agrobacterium fabrum	1176649	S	7625	10574	18199	0.00104	0.00061	0.00000	0.00060	60	5.0
Agrobacterium tumefaciens	358	S	1127	1241	2368	0.00014	0.00007	0.00008	0.00007	60	nan
Agrobacterium fabacearum	1183401	S	171	246	417	0.00002	0.00001	0.00001	0.00001	59	nan
Agrobacterium larrymoorei	160699	S	1351	1377	2728	0.00016	0.00008	0.00000	0.00008	58	4.0
Agrobacterium sp. 33MFTa1.1	1279031	S	189	445	634	0.00004	0.00003	0.00003	0.00003	60	nan
Neorhizobium galegae	399	S	299	301	600	0.00003	0.00002	0.00000	0.00002	62	4.0
Pseudorhizobium banfieldiae	1125847	S	237	241	478	0.00003	0.00001	0.00000	0.00001	63	4.0
Pseudorhizobium flavum	1335061	S	106	109	215	0.00001	0.00001	0.00000	0.00001	62	4.0
Sinorhizobium sp. CCBAU 05631	794846	S	18464	30196	48660	0.00279	0.00173	0.00182	0.00183	64	nan
Sinorhizobium sp. RAC02	1842534	S	178	178	356	0.00002	0.00001	0.00000	0.00001	63	4.0
Sinorhizobium fredii	380	S	958	1006	1964	0.00011	0.00006	0.00000	0.00006	63	5.0
Ensifer adhaerens	106592	S	119	123	242	0.00001	0.00001	0.00000	0.00001	63	3.0
Shinella zoogloeoides	352475	S	2977	3192	6169	0.00035	0.00018	0.00000	0.00020	65	5.0
Shinella sp. HZN7	879274	S	114	123	237	0.00001	0.00001	0.00000	0.00001	66	4.0
Bartonella grahamii	33045	S	126963	127549	254512	0.01458	0.00731	0.00799	0.00774	39	nan
Bartonella sp. Coyote22sub2	1933911	S	615	54860	55475	0.00318	0.00314	0.00356	0.00345	39	nan
Bartonella sp. 1-1C	515256	S	199	210	409	0.00002	0.00001	0.00001	0.00001	37	nan
Mesorhizobium sp. M3A.F.Ca.ET.080.04.2.1	2493676	S	47604	49560	97164	0.00557	0.00284	0.00308	0.00308	64	nan
Mesorhizobium sp. 113-1-2	2744515	S	33141	36008	69149	0.00396	0.00206	0.00224	0.00221	63	nan
Bradyrhizobium japonicum	375	S	22571	29885	52456	0.00301	0.00171	0.00183	0.00186	64	nan
Bradyrhizobium sp. 6(2017)	1197460	S	4364	5710	10074	0.00058	0.00033	0.00036	0.00036	64	nan
Bradyrhizobium sp. Ash2021	2954771	S	1147	1238	2385	0.00014	0.00007	0.00000	0.00007	62	5.0
Bradyrhizobium sp. NP1	3049772	S	858	892	1750	0.00010	0.00005	0.00006	0.00006	65	nan
Bradyrhizobium sp. S12-14-2	3056648	S	634	682	1316	0.00008	0.00004	0.00004	0.00004	64	nan
Bradyrhizobium sp. 170	2782641	S	529	817	1346	0.00008	0.00005	0.00005	0.00005	63	nan
Bradyrhizobium sp. 200	2782665	S	508	739	1247	0.00007	0.00004	0.00000	0.00005	63	5.0
Bradyrhizobium genosp. L	83637	S	493	557	1050	0.00006	0.00003	0.00004	0.00004	65	nan
Bradyrhizobium sp. BL16A	2854389	S	474	481	955	0.00005	0.00003	0.00000	0.00003	64	5.0
Bradyrhizobium sp. sBnM-33	2831780	S	469	521	990	0.00006	0.00003	0.00000	0.00003	62	4.0
Bradyrhizobium sp. CCBAU 51753	1325100	S	409	479	888	0.00005	0.00003	0.00003	0.00003	66	nan
Bradyrhizobium sp. BWA-3-5	3080013	S	402	486	888	0.00005	0.00003	0.00000	0.00003	63	5.0
Bradyrhizobium sp. CCBAU 051011	858422	S	375	433	808	0.00005	0.00002	0.00000	0.00003	63	5.0
Bradyrhizobium sp. SK17	2057741	S	366	450	816	0.00005	0.00003	0.00000	0.00003	65	5.0
Bradyrhizobium sp. CB3481	3039158	S	362	445	807	0.00005	0.00003	0.00000	0.00003	64	5.0
Bradyrhizobium sp. CB82	3039159	S	350	410	760	0.00004	0.00002	0.00000	0.00003	64	5.0
Bradyrhizobium sp. WD16	1521768	S	345	351	696	0.00004	0.00002	0.00000	0.00002	66	5.0
Bradyrhizobium sp. BTAi1	288000	S	322	353	675	0.00004	0.00002	0.00003	0.00002	65	nan
Bradyrhizobium sp. ORS 285	115808	S	286	328	614	0.00004	0.00002	0.00000	0.00002	66	5.0
Bradyrhizobium sp. A19	2898149	S	270	289	559	0.00003	0.00002	0.00000	0.00002	65	5.0
Bradyrhizobium sp. ORS 278	114615	S	247	281	528	0.00003	0.00002	0.00000	0.00002	66	5.0
Bradyrhizobium sp. CB1650	3039153	S	238	332	570	0.00003	0.00002	0.00002	0.00002	64	nan
Bradyrhizobium sp. 186	2782654	S	216	334	550	0.00003	0.00002	0.00002	0.00002	64	nan
Bradyrhizobium sp. CCBAU 53421	1325120	S	215	277	492	0.00003	0.00002	0.00002	0.00002	65	nan
Bradyrhizobium sp. CIAT3101	439387	S	181	212	393	0.00002	0.00001	0.00001	0.00001	64	nan
Bradyrhizobium sp. 41S5	1404443	S	160	234	394	0.00002	0.00001	0.00002	0.00001	65	nan
Bradyrhizobium sp. CCBAU 53340	1325112	S	145	187	332	0.00002	0.00001	0.00001	0.00001	64	nan
Bradyrhizobium sp. CB3035	2976824	S	140	357	497	0.00003	0.00002	0.00002	0.00002	65	nan
Bradyrhizobium sp. CB1024	2976823	S	139	208	347	0.00002	0.00001	0.00001	0.00001	65	nan
Bradyrhizobium sp. 195	2782662	S	134	217	351	0.00002	0.00001	0.00001	0.00001	64	nan
Bradyrhizobium sp. NDS-1	3080014	S	133	184	317	0.00002	0.00001	0.00001	0.00001	64	nan
Bradyrhizobium sp. 1(2017)	1404888	S	132	174	306	0.00002	0.00001	0.00001	0.00001	65	nan
Bradyrhizobium sp. CB2312	3039155	S	126	180	306	0.00002	0.00001	0.00001	0.00001	65	nan
Bradyrhizobium sp. CB1015	2976822	S	118	205	323	0.00002	0.00001	0.00001	0.00001	65	nan
Bradyrhizobium sp. CCGE-LA001	1223566	S	110	148	258	0.00001	0.00001	0.00001	0.00001	65	nan
Bradyrhizobium sp. BEA-2-5	3080015	S	101	318	419	0.00002	0.00002	0.00002	0.00002	64	nan
Bradyrhizobium erythrophlei	1437360	S	3577	3604	7181	0.00041	0.00021	0.00000	0.00022	62	5.0
Bradyrhizobium canariense	255045	S	2592	4317	6909	0.00040	0.00025	0.00029	0.00027	64	nan
Bradyrhizobium sediminis	2840469	S	1805	1836	3641	0.00021	0.00011	0.00012	0.00012	64	nan
Bradyrhizobium lablabi	722472	S	1221	1765	2986	0.00017	0.00010	0.00011	0.00011	63	nan
Bradyrhizobium diazoefficiens	1355477	S	972	1356	2328	0.00013	0.00008	0.00000	0.00009	65	5.0
Bradyrhizobium barranii	2992140	S	615	999	1614	0.00009	0.00006	0.00007	0.00006	64	nan
Bradyrhizobium paxllaeri	190148	S	367	375	742	0.00004	0.00002	0.00002	0.00002	63	nan
Bradyrhizobium icense	1274631	S	355	360	715	0.00004	0.00002	0.00000	0.00002	62	5.0
Bradyrhizobium elkanii	29448	S	335	476	811	0.00005	0.00003	0.00003	0.00003	64	nan
Bradyrhizobium arachidis	858423	S	299	427	726	0.00004	0.00002	0.00003	0.00003	65	nan
Bradyrhizobium oligotrophicum	44255	S	201	203	404	0.00002	0.00001	0.00000	0.00001	66	4.0
Bradyrhizobium quebecense	2748629	S	196	220	416	0.00002	0.00001	0.00000	0.00001	64	5.0
Bradyrhizobium amphicarpaeae	1404768	S	151	160	311	0.00002	0.00001	0.00000	0.00001	66	4.0
Bradyrhizobium septentrionale	1404411	S	136	155	291	0.00002	0.00001	0.00001	0.00001	65	nan
Bradyrhizobium guangdongense	1325090	S	128	150	278	0.00002	0.00001	0.00001	0.00001	64	nan
Bradyrhizobium cosmicum	1404864	S	125	130	255	0.00001	0.00001	0.00000	0.00001	65	5.0
Bradyrhizobium guangzhouense	1325095	S	117	136	253	0.00001	0.00001	0.00001	0.00001	64	nan
Bradyrhizobium guangxiense	1325115	S	109	127	236	0.00001	0.00001	0.00001	0.00001	65	nan
Bradyrhizobium commune	83627	S	108	110	218	0.00001	0.00001	0.00000	0.00001	64	5.0
Bradyrhizobium betae	244734	S	105	173	278	0.00002	0.00001	0.00000	0.00001	65	5.0
Bradyrhizobium xenonodulans	2736875	S	100	103	203	0.00001	0.00001	0.00000	0.00001	65	5.0
Rhodopseudomonas palustris	1076	S	410	432	842	0.00005	0.00002	0.00000	0.00003	66	4.0
Rhodopseudomonas sp. P2A-2r	2991972	S	144	154	298	0.00002	0.00001	0.00000	0.00001	65	5.0
Rhodopseudomonas sp. BAL398	3034676	S	141	160	301	0.00002	0.00001	0.00000	0.00001	65	5.0
Rhodopseudomonas sp. SK50-23	340268	S	103	111	214	0.00001	0.00001	0.00000	0.00001	63	4.0
Rhodopseudomonas boonkerdii	475937	S	111	125	236	0.00001	0.00001	0.00000	0.00001	63	4.0
Nitrobacter hamburgensis	912	S	617	642	1259	0.00007	0.00004	0.00004	0.00004	63	nan
Nitrobacter winogradskyi	913	S	161	168	329	0.00002	0.00001	0.00000	0.00001	63	5.0
Afipia sp. GAS231	1882747	S	215	267	482	0.00003	0.00002	0.00002	0.00002	64	nan
Labrenzia sp. CP4	1674922	S	39132	64784	103916	0.00595	0.00371	0.00374	0.00368	60	nan
Roseibium aggregatum	187304	S	252	308	560	0.00003	0.00002	0.00002	0.00002	60	nan
Brucella sp. JSBI001	2886044	S	7702	18550	26252	0.00150	0.00106	0.00105	0.00103	57	nan
Brucella microti	444163	S	3039	27534	30573	0.00175	0.00158	0.00159	0.00154	58	nan
Brucella anthropi	529	S	345	1983	2328	0.00013	0.00011	0.00012	0.00011	58	nan
Brucella pseudintermedia	370111	S	345	356	701	0.00004	0.00002	0.00002	0.00002	59	nan
Brucella abortus	235	S	139	11750	11889	0.00068	0.00067	0.00068	0.00066	58	nan
Brucella melitensis	29459	S	137	1465	1602	0.00009	0.00008	0.00008	0.00008	58	nan
Maritalea myrionectae	454601	S	47893	47913	95806	0.00549	0.00275	0.00266	0.00259	53	nan
Devosia sp. G2-5	3026423	S	5254	5268	10522	0.00060	0.00030	0.00030	0.00029	58	nan
Cohaesibacter sp. ES.047	1798205	S	27724	27786	55510	0.00318	0.00159	0.00157	0.00153	56	nan
Wolbachia endosymbiont of Cimex lectularius	246273	S	128993	129360	258353	0.01480	0.00741	0.00824	0.00800	37	nan
Wolbachia endosymbiont of Ctenocephalides felis wCfeT	2732593	S	36911	36934	73845	0.00423	0.00212	0.00244	0.00234	36	nan
Wolbachia endosymbiont (group A) of Ectemnius continuus	2954002	S	6172	114407	120579	0.00691	0.00655	0.00760	0.00730	34	nan
Wolbachia endosymbiont (group A) of Yponomeuta plumbellus	2954068	S	1995	12841	14836	0.00085	0.00074	0.00085	0.00082	34	nan
Wolbachia endosymbiont of Oedothorax gibbosus	931100	S	1793	2057	3850	0.00022	0.00012	0.00013	0.00013	34	nan
Wolbachia endosymbiont (group B) of Pheosia tremula	2954045	S	1032	136121	137153	0.00786	0.00780	0.00900	0.00870	34	nan
Wolbachia endosymbiont (group A) of Coremacera marginata	2953999	S	991	18611	19602	0.00112	0.00107	0.00119	0.00119	34	nan
Wolbachia endosymbiont (group A) of Trypoxylon clavicerum	2954064	S	831	1758	2589	0.00015	0.00010	0.00011	0.00011	35	nan
Wolbachia endosymbiont (group A) of Anomoia purmunda	2953978	S	828	1181	2009	0.00012	0.00007	0.00008	0.00008	34	nan
Wolbachia endosymbiont (group A) of Volucella inflata	2954065	S	713	1540	2253	0.00013	0.00009	0.00010	0.00010	35	nan
Wolbachia endosymbiont (group A) of Icerya purchasi	2954019	S	675	1165	1840	0.00011	0.00007	0.00008	0.00007	34	nan
Wolbachia endosymbiont (group A) of Bombylius major	2953988	S	574	1257	1831	0.00010	0.00007	0.00008	0.00008	34	nan
Wolbachia endosymbiont (group A) of Phalera bucephala	2954042	S	514	13746	14260	0.00082	0.00079	0.00091	0.00088	34	nan
Wolbachia endosymbiont of Aedes albopictus	167957	S	472	612	1084	0.00006	0.00004	0.00004	0.00004	35	nan
Wolbachia endosymbiont of Trichogramma pretiosum	125593	S	409	439	848	0.00005	0.00003	0.00003	0.00003	33	nan
Wolbachia endosymbiont of Ctenocephalides felis wCfeJ	2732594	S	395	396	791	0.00005	0.00002	0.00002	0.00002	35	nan
Wolbachia endosymbiont (group A) of Bibio marci	2953987	S	394	829	1223	0.00007	0.00005	0.00005	0.00005	34	nan
Wolbachia endosymbiont of Psylliodes chrysocephala	2883236	S	390	735	1125	0.00006	0.00004	0.00005	0.00005	34	nan
Wolbachia endosymbiont (group A) of Gymnosoma rotundatum	2954016	S	381	1205	1586	0.00009	0.00007	0.00008	0.00008	34	nan
Wolbachia endosymbiont (group A) of Sicus ferrugineus	2954056	S	380	507	887	0.00005	0.00003	0.00003	0.00003	35	nan
Wolbachia endosymbiont of Folsomia candida	169402	S	357	357	714	0.00004	0.00002	0.00000	0.00002	34	5.0
Wolbachia endosymbiont (group A) of Scambus nigricans	2954055	S	335	702	1037	0.00006	0.00004	0.00004	0.00004	34	nan
Wolbachia endosymbiont (group A) of Apoderus coryli	2953980	S	324	784	1108	0.00006	0.00004	0.00005	0.00005	34	nan
Wolbachia endosymbiont of Phyllotreta cruciferae	2886377	S	279	845	1124	0.00006	0.00005	0.00005	0.00005	34	nan
Wolbachia endosymbiont (group A) of Epistrophe grossularia	2954008	S	271	986	1257	0.00007	0.00006	0.00006	0.00006	34	nan
Wolbachia endosymbiont of Litomosoides sigmodontis	80850	S	254	254	508	0.00003	0.00001	0.00000	0.00002	31	4.0
Wolbachia endosymbiont of Diaphorina citri	116598	S	231	384	615	0.00004	0.00002	0.00003	0.00002	34	nan
Wolbachia endosymbiont of Anopheles demeilloni	2748871	S	224	295	519	0.00003	0.00002	0.00002	0.00002	33	nan
Wolbachia endosymbiont (group A) of Sphecodes monilicornis	2954060	S	220	1548	1768	0.00010	0.00009	0.00010	0.00010	34	nan
Wolbachia endosymbiont (group A) of Lasioglossum morio	2954025	S	203	2010	2213	0.00013	0.00012	0.00013	0.00013	34	nan
Wolbachia endosymbiont (group A) of Epagoge grotiana	2954006	S	202	1306	1508	0.00009	0.00007	0.00009	0.00008	34	nan
Wolbachia endosymbiont (group A) of Rhinocyllus conicus	2954053	S	172	339	511	0.00003	0.00002	0.00002	0.00002	34	nan
Wolbachia endosymbiont of Dirofilaria (Dirofilaria) immitis	1812115	S	162	162	324	0.00002	0.00001	0.00000	0.00001	33	4.0
Wolbachia endosymbiont of Drosophila pseudotakahashii	375919	S	159	444	603	0.00003	0.00003	0.00003	0.00003	35	nan
Wolbachia endosymbiont of Bemisia tabaci	215173	S	149	266	415	0.00002	0.00002	0.00002	0.00002	34	nan
Wolbachia endosymbiont (group A) of Acrocera orbiculus	2953971	S	141	645	786	0.00005	0.00004	0.00004	0.00004	34	nan
Wolbachia endosymbiont of Drosophila simulans	77038	S	132	1672	1804	0.00010	0.00010	0.00011	0.00011	34	nan
Wolbachia endosymbiont of Dipetalonema caudispina	1812112	S	132	132	264	0.00002	0.00001	0.00000	0.00001	29	4.0
Wolbachia endosymbiont (group A) of Hylaeus communis	2954018	S	130	659	789	0.00005	0.00004	0.00004	0.00004	34	nan
Wolbachia endosymbiont (group A) of Sphaerophoria taeniata	2954057	S	115	228	343	0.00002	0.00001	0.00001	0.00001	35	nan
Wolbachia endosymbiont (group A) of Philonthus cognatus	2954046	S	106	422	528	0.00003	0.00002	0.00003	0.00003	34	nan
Wolbachia pipientis	955	S	766	2183	2949	0.00017	0.00013	0.00014	0.00014	34	nan
Candidatus Wolbachia massiliensis	1845000	S	320	327	647	0.00004	0.00002	0.00000	0.00002	35	5.0
Anaplasma marginale	770	S	4595	4901	9496	0.00054	0.00028	0.00027	0.00026	49	nan
Acetobacter pasteurianus	438	S	80516	88451	168967	0.00968	0.00507	0.00491	0.00485	54	nan
Acetobacter oryzoeni	2500548	S	38260	41793	80053	0.00459	0.00239	0.00237	0.00229	54	nan
Kozakia baliensis	153496	S	31450	31748	63198	0.00362	0.00182	0.00183	0.00180	59	nan
Erythrobacter aurantius	2909249	S	48307	48388	96695	0.00554	0.00277	0.00298	0.00288	62	nan
Mameliella alba	561184	S	16990	18356	35346	0.00203	0.00105	0.00000	0.00119	65	5.0
Thalassobacter stenotrophicus	266809	S	9299	9353	18652	0.00107	0.00054	0.00054	0.00053	59	nan
Sulfitobacter sp. S223	2867023	S	1034	1105	2139	0.00012	0.00006	0.00000	0.00006	56	5.0
Sulfitobacter sp. S190	2867022	S	258	269	527	0.00003	0.00002	0.00000	0.00002	62	4.0
Sulfitobacter sp. SK012	1389005	S	253	267	520	0.00003	0.00002	0.00000	0.00001	55	5.0
Sulfitobacter sp. SK011	1389004	S	154	191	345	0.00002	0.00001	0.00000	0.00001	57	5.0
Sulfitobacter sp. BSw21498	664426	S	136	186	322	0.00002	0.00001	0.00000	0.00001	59	4.0
Sulfitobacter sp. JL08	2070369	S	103	128	231	0.00001	0.00001	0.00000	0.00001	57	5.0
Sulfitobacter guttiformis	74349	S	1480	1480	2960	0.00017	0.00008	0.00009	0.00008	56	nan
Sulfitobacter albidus	2829501	S	322	326	648	0.00004	0.00002	0.00000	0.00002	64	4.0
Sulfitobacter mediterraneus	83219	S	234	575	809	0.00005	0.00003	0.00000	0.00003	59	4.0
Sulfitobacter faviae	1775881	S	112	209	321	0.00002	0.00001	0.00000	0.00001	62	5.0
Sulfitobacter indolifex	225422	S	106	164	270	0.00002	0.00001	0.00000	0.00001	59	5.0
Pseudosulfitobacter pseudonitzschiae	1402135	S	265	338	603	0.00003	0.00002	0.00000	0.00002	63	4.0
Pseudosulfitobacter sp. DSM 107133	2883100	S	105	133	238	0.00001	0.00001	0.00000	0.00001	62	4.0
Phaeobacter inhibens	221822	S	176	351	527	0.00003	0.00002	0.00000	0.00002	60	4.0
Leisingera caerulea	506591	S	103	136	239	0.00001	0.00001	0.00000	0.00001	65	4.0
Lentibacter algarum	576131	S	180	181	361	0.00002	0.00001	0.00000	0.00001	57	4.0
Loktanella salsilacus	195913	S	106	107	213	0.00001	0.00001	0.00000	0.00001	61	4.0
Candidatus Pelagibacter giovannonii	2563896	S	28625	28729	57354	0.00329	0.00165	0.00181	0.00213	30	nan
Hyphomonas sp. Mor2	1906738	S	23538	23542	47080	0.00270	0.00135	0.00137	0.00133	60	nan
Brevundimonas sp. DS20	1532555	S	12837	18952	31789	0.00182	0.00109	0.00145	0.00134	68	nan
Polynucleobacter sp. MWH-UH2A	1855617	S	127774	128728	256502	0.01470	0.00738	0.00724	0.00707	46	nan
Polynucleobacter sp. HIN5	3047864	S	38445	39352	77797	0.00446	0.00225	0.00220	0.00214	48	nan
Polynucleobacter sp. JS-JIR-II-50	2576919	S	32678	33192	65870	0.00377	0.00190	0.00186	0.00182	46	nan
Polynucleobacter antarcticus	1743162	S	25223	25266	50489	0.00289	0.00145	0.00142	0.00140	46	nan
Polynucleobacter paludilacus	1855895	S	10368	10812	21180	0.00121	0.00062	0.00061	0.00059	47	nan
Mycoavidus sp. B2-EB	2651972	S	74784	75096	149880	0.00859	0.00430	0.00421	0.00410	50	nan
Undibacterium parvum	401471	S	89411	89880	179291	0.01027	0.00515	0.00503	0.00490	51	nan
Undibacterium sp. YM2	2058625	S	24470	24783	49253	0.00282	0.00142	0.00139	0.00135	53	nan
Massilia sp. NR 4-1	1678028	S	31517	44508	76025	0.00436	0.00255	0.00290	0.00287	66	nan
Herbaspirillum sp. meg3	2025949	S	31824	31962	63786	0.00365	0.00183	0.00184	0.00179	59	nan
Diaphorobacter ruginosibacter	1715720	S	30064	30405	60469	0.00346	0.00174	0.00196	0.00196	66	nan
Diaphorobacter sp. Y-1	3036128	S	9321	10006	19327	0.00111	0.00057	0.00068	0.00068	67	nan
[Acidovorax] ebreus	721785	S	2308	4003	6311	0.00036	0.00023	0.00031	0.00028	68	nan
Comamonas piscis	1562974	S	19548	19814	39362	0.00226	0.00114	0.00124	0.00123	64	nan
Variovorax paradoxus	34073	S	378	519	897	0.00005	0.00003	0.00000	0.00004	68	4.0
Kinneretia sp. DAIF2	2714952	S	121	123	244	0.00001	0.00001	0.00000	0.00001	70	4.0
Ramlibacter tataouinensis	94132	S	167	169	336	0.00002	0.00001	0.00000	0.00001	70	5.0
Rubrivivax gelatinosus	28068	S	37903	38514	76417	0.00438	0.00221	0.00333	0.00324	72	nan
Aquincola tertiaricarbonis	391953	S	9224	9416	18640	0.00107	0.00054	0.00079	0.00072	70	nan
Caldimonas thermodepolymerans	215580	S	103	107	210	0.00001	0.00001	0.00000	0.00001	71	4.0
Roseateles depolymerans	76731	S	103	111	214	0.00001	0.00001	0.00000	0.00001	67	4.0
Sphaerotilus sp. FB-5	2914710	S	123	128	251	0.00001	0.00001	0.00000	0.00001	70	5.0
Piscinibacter sp. XHJ-5	3037797	S	108	108	216	0.00001	0.00001	0.00000	0.00001	69	4.0
Sutterella wadsworthensis	40545	S	14974	14985	29959	0.00172	0.00086	0.00084	0.00083	56	nan
Pusillimonas sp. DMV24BSW_D	2716226	S	4541	4612	9153	0.00052	0.00026	0.00025	0.00025	54	nan
Rhizobacter gummiphilus	946333	S	235	256	491	0.00003	0.00001	0.00000	0.00002	70	5.0
Aquabacterium sp. J223	2898431	S	177	196	373	0.00002	0.00001	0.00000	0.00002	72	4.0
Neisseria zoodegmatis	326523	S	88184	93839	182023	0.01043	0.00538	0.00533	0.00520	54	nan
Neisseria animaloris	326522	S	23094	23449	46543	0.00267	0.00134	0.00134	0.00130	53	nan
Neisseria wadsworthii	607711	S	16893	17104	33997	0.00195	0.00098	0.00099	0.00095	50	nan
Neisseria canis	493	S	10895	11082	21977	0.00126	0.00063	0.00063	0.00062	53	nan
Neisseria sp. Dent CA1/247	2912675	S	685	715	1400	0.00008	0.00004	0.00000	0.00004	55	5.0
Neisseria dumasiana	1931275	S	507	522	1029	0.00006	0.00003	0.00000	0.00003	53	4.0
Neisseria weaveri	28091	S	490	497	987	0.00006	0.00003	0.00000	0.00003	52	4.0
Neisseria bacilliformis	267212	S	122	122	244	0.00001	0.00001	0.00000	0.00001	60	4.0
Neisseria shayeganii	607712	S	111	111	222	0.00001	0.00001	0.00000	0.00001	60	4.0
Neisseria dentiae	194197	S	110	110	220	0.00001	0.00001	0.00000	0.00001	58	4.0
Kingella negevensis	1522312	S	43057	44255	87312	0.00500	0.00254	0.00253	0.00247	48	nan
Kingella oralis	505	S	19275	19332	38607	0.00221	0.00111	0.00110	0.00108	56	nan
Kingella kingae	504	S	3397	3480	6877	0.00039	0.00020	0.00020	0.00019	49	nan
Vitreoscilla sp. C1	96942	S	14101	38707	52808	0.00303	0.00222	0.00221	0.00216	46	nan
Paralysiella testudinis	2809020	S	13266	13333	26599	0.00152	0.00076	0.00076	0.00074	57	nan
Conchiformibius steedae	153493	S	7270	7316	14586	0.00084	0.00042	0.00041	0.00040	53	nan
Chitinibacter fontanus	1737446	S	16976	17093	34069	0.00195	0.00098	0.00096	0.00093	51	nan
Chromobacterium rhizoryzae	1778675	S	2311	7619	9930	0.00057	0.00044	0.00053	0.00049	66	nan
Nitrosospira multiformis	1231	S	51289	51328	102617	0.00588	0.00294	0.00287	0.00280	55	nan
Ferrovum myxofaciens	416213	S	28644	28669	57313	0.00328	0.00164	0.00162	0.00157	55	nan
Nitrogeniibacter mangrovi	2016596	S	1913	2081	3994	0.00023	0.00012	0.00015	0.00015	67	nan
Nitrogeniibacter aestuarii	2815343	S	920	964	1884	0.00011	0.00006	0.00000	0.00006	63	4.0
Thauera sp. K11	2005884	S	261	371	632	0.00004	0.00002	0.00000	0.00003	69	5.0
Thauera sp. MZ1T	85643	S	241	354	595	0.00003	0.00002	0.00000	0.00003	69	5.0
Thauera sp. GDN1	2944810	S	241	331	572	0.00003	0.00002	0.00000	0.00002	68	5.0
Thauera sp. WB-2	2897772	S	237	328	565	0.00003	0.00002	0.00000	0.00002	67	5.0
Thauera chlorobenzoica	96773	S	197	414	611	0.00004	0.00002	0.00000	0.00003	68	5.0
Thauera aromatica	59405	S	127	218	345	0.00002	0.00001	0.00000	0.00002	68	5.0
Azoarcus sp. DD4	2027405	S	323	460	783	0.00004	0.00003	0.00000	0.00003	67	5.0
Azoarcus sp. KH32C	748247	S	284	298	582	0.00003	0.00002	0.00000	0.00002	66	4.0
Azoarcus sp. DN11	356837	S	191	260	451	0.00003	0.00001	0.00002	0.00002	68	nan
Azoarcus sp. CIB	198107	S	140	200	340	0.00002	0.00001	0.00000	0.00001	66	5.0
Azoarcus olearius	418699	S	283	346	629	0.00004	0.00002	0.00000	0.00002	68	5.0
Denitromonas iodatirespirans	2795389	S	738	738	1476	0.00008	0.00004	0.00000	0.00004	58	5.0
Parazoarcus communis	41977	S	462	521	983	0.00006	0.00003	0.00000	0.00003	64	3.0
Pseudothauera hydrothermalis	2184083	S	184	201	385	0.00002	0.00001	0.00000	0.00001	64	4.0
Pseudazoarcus pumilus	2067960	S	164	172	336	0.00002	0.00001	0.00000	0.00001	67	5.0
Aromatoleum petrolei	76116	S	145	187	332	0.00002	0.00001	0.00000	0.00001	67	4.0
Aromatoleum bremense	76115	S	105	149	254	0.00001	0.00001	0.00001	0.00001	66	nan
Azospira restricta	404405	S	162	253	415	0.00002	0.00001	0.00000	0.00002	70	5.0
Ferribacterium limneticum	76259	S	179	228	407	0.00002	0.00001	0.00000	0.00001	61	3.0
Paenibacillus physcomitrellae	1619311	S	348002	352435	700437	0.04013	0.02019	0.01982	0.01934	52	nan
Paenibacillus sp. PSB04	2866810	S	84139	87218	171357	0.00982	0.00500	0.00492	0.00484	56	nan
Paenibacillus sp. FSL R5-0345	1536770	S	82879	85681	168560	0.00966	0.00491	0.00492	0.00482	44	nan
Paenibacillus sp. BIHB 4019	1870819	S	41830	41905	83735	0.00480	0.00240	0.00236	0.00230	50	nan
Paenibacillus sp. FSL R7-0273	1536772	S	34252	34581	68833	0.00394	0.00198	0.00196	0.00191	53	nan
Paenibacillus sp. E222	2748863	S	33866	35040	68906	0.00395	0.00201	0.00199	0.00193	48	nan
Paenibacillus sp. FSL R7-0331	1536773	S	32827	33141	65968	0.00378	0.00190	0.00186	0.00183	53	nan
Paenibacillus sp. R14(2021)	2859228	S	9994	10033	20027	0.00115	0.00057	0.00057	0.00056	55	nan
Paenibacillus sp. 37	2607911	S	2498	8803	11301	0.00065	0.00050	0.00052	0.00049	46	nan
Paenibacillus sp. JNUCC-32	2777984	S	1599	3189	4788	0.00027	0.00018	0.00000	0.00018	50	5.0
Paenibacillus sp. D2_2	3073092	S	139	139	278	0.00002	0.00001	0.00000	0.00001	46	3.0
Paenibacillus sp. N3/727	2925845	S	110	115	225	0.00001	0.00001	0.00000	0.00001	46	4.0
Paenibacillus sp. CAA11	1532905	S	107	107	214	0.00001	0.00001	0.00000	0.00001	50	4.0
Paenibacillus sp. RC67	3039392	S	100	100	200	0.00001	0.00001	0.00000	0.00001	46	4.0
Paenibacillus cellulositrophicus	562959	S	87729	90725	178454	0.01022	0.00520	0.00512	0.00502	54	nan
Paenibacillus lentus	1338368	S	56789	56956	113745	0.00652	0.00326	0.00323	0.00316	47	nan
Paenibacillus elgii	189691	S	39780	39893	79673	0.00456	0.00229	0.00227	0.00223	57	nan
Paenibacillus lutimineralis	2707005	S	33799	33937	67736	0.00388	0.00194	0.00192	0.00188	49	nan
Paenibacillus bovis	1616788	S	10549	10597	21146	0.00121	0.00061	0.00060	0.00059	50	nan
Paenibacillus polymyxa	1406	S	426	486	912	0.00005	0.00003	0.00000	0.00003	47	4.0
Paenibacillus azoreducens	116718	S	288	288	576	0.00003	0.00002	0.00000	0.00002	50	4.0
Paenibacillus macerans	44252	S	151	151	302	0.00002	0.00001	0.00000	0.00001	55	4.0
Paenibacillus guangzhouensis	1473112	S	136	136	272	0.00002	0.00001	0.00000	0.00001	48	3.0
Paenibacillus stellifer	169760	S	128	128	256	0.00001	0.00001	0.00000	0.00001	56	4.0
Paenibacillus spongiae	2909671	S	123	123	246	0.00001	0.00001	0.00000	0.00001	54	4.0
Paenibacillus yonginensis	1462996	S	110	111	221	0.00001	0.00001	0.00000	0.00001	52	5.0
Paenibacillus konkukensis	2020716	S	103	103	206	0.00001	0.00001	0.00000	0.00001	54	4.0
Paenibacillus mucilaginosus	61624	S	102	102	204	0.00001	0.00001	0.00000	0.00001	61	4.0
Brevibacillus choshinensis	54911	S	22714	22893	45607	0.00261	0.00131	0.00000	0.00124	53	5.0
Brevibacillus brevis	1393	S	7053	7265	14318	0.00082	0.00042	0.00042	0.00040	49	nan
Brevibacillus agri	51101	S	4908	12093	17001	0.00097	0.00069	0.00072	0.00067	56	nan
Brevibacillus sp. NSP2.1	3003229	S	1495	5919	7414	0.00042	0.00034	0.00036	0.00033	55	nan
Brevibacillus sp. JNUCC-41	2778370	S	910	1051	1961	0.00011	0.00006	0.00000	0.00006	41	5.0
Brevibacillus sp. BB3-R1	2950604	S	393	397	790	0.00005	0.00002	0.00000	0.00002	51	5.0
Brevibacillus sp. DP1.3A	2738867	S	314	341	655	0.00004	0.00002	0.00000	0.00002	49	4.0
Brevibacillus sp. WF146	319501	S	172	175	347	0.00002	0.00001	0.00000	0.00001	61	4.0
Brevibacillus formosus	54913	S	700	759	1459	0.00008	0.00004	0.00000	0.00004	48	5.0
Brevibacillus borstelensis	45462	S	529	537	1066	0.00006	0.00003	0.00000	0.00003	53	4.0
Brevibacillus laterosporus	1465	S	241	263	504	0.00003	0.00002	0.00000	0.00002	41	4.0
Brevibacillus composti	2796470	S	238	241	479	0.00003	0.00001	0.00000	0.00001	57	5.0
Brevibacillus parabrevis	54914	S	126	240	366	0.00002	0.00001	0.00001	0.00001	55	nan
Aneurinibacillus soli	1500254	S	12961	13089	26050	0.00149	0.00075	0.00075	0.00073	46	nan
Bacillus siamensis	659243	S	12902	25454	38356	0.00220	0.00146	0.00145	0.00141	47	nan
Bacillus velezensis	492670	S	1347	13034	14381	0.00082	0.00075	0.00074	0.00072	47	nan
Bacillus amyloliquefaciens	1390	S	431	5061	5492	0.00031	0.00029	0.00029	0.00028	47	nan
Bacillus paralicheniformis	1648923	S	1565	1888	3453	0.00020	0.00011	0.00011	0.00010	47	nan
Bacillus licheniformis	1402	S	747	56336	57083	0.00327	0.00323	0.00322	0.00313	47	nan
Bacillus subtilis	1423	S	169	11668	11837	0.00068	0.00067	0.00067	0.00065	47	nan
Bacillus atrophaeus	1452	S	153	161	314	0.00002	0.00001	0.00000	0.00001	45	5.0
Bacillus sp. WP8	756828	S	10004	18823	28827	0.00165	0.00108	0.00000	0.00107	43	5.0
Bacillus sp. PAMC28748	2762328	S	3140	161250	164390	0.00942	0.00924	0.00921	0.00897	47	nan
Bacillus sp. SDLI1	1774743	S	2258	45168	47426	0.00272	0.00259	0.00258	0.00251	47	nan
Bacillus cereus	1396	S	803	4849	5652	0.00032	0.00028	0.00000	0.00029	37	5.0
Bacillus sp. HBCD-sjtu	2053832	S	557	2211	2768	0.00016	0.00013	0.00000	0.00013	37	5.0
Bacillus mycoides	1405	S	189	349	538	0.00003	0.00002	0.00000	0.00002	36	5.0
Bacillus thuringiensis	1428	S	170	1841	2011	0.00012	0.00011	0.00000	0.00011	46	5.0
Bacillus swezeyi	1925020	S	313	315	628	0.00004	0.00002	0.00000	0.00002	45	5.0
Bacillus glycinifermentans	1664069	S	308	318	626	0.00004	0.00002	0.00002	0.00002	48	nan
Bacillus pumilus	1408	S	215	223	438	0.00003	0.00001	0.00000	0.00001	42	4.0
Bacillus safensis	561879	S	133	225	358	0.00002	0.00001	0.00000	0.00001	43	5.0
Peribacillus muralis	264697	S	58358	59308	117666	0.00674	0.00340	0.00353	0.00340	44	nan
Peribacillus simplex	1478	S	17001	20303	37304	0.00214	0.00116	0.00000	0.00119	40	5.0
Peribacillus frigoritolerans	450367	S	11311	12986	24297	0.00139	0.00074	0.00078	0.00076	41	nan
Peribacillus sp. R9-11	3073271	S	1387	2506	3893	0.00022	0.00014	0.00000	0.00015	39	5.0
Peribacillus butanolivorans	421767	S	1082	1913	2995	0.00017	0.00011	0.00000	0.00011	39	5.0
Peribacillus asahii	228899	S	317	321	638	0.00004	0.00002	0.00000	0.00002	38	4.0
Peribacillus psychrosaccharolyticus	1407	S	174	175	349	0.00002	0.00001	0.00000	0.00001	39	4.0
Lysinibacillus timonensis	2086577	S	58490	59325	117815	0.00675	0.00340	0.00395	0.00373	35	nan
Geobacillus subterraneus	129338	S	26156	32002	58158	0.00333	0.00183	0.00182	0.00178	54	nan
Mesobacillus sp. AQ2	3043332	S	22235	22483	44718	0.00256	0.00129	0.00130	0.00127	44	nan
Neobacillus sp. DY30	3047871	S	5534	5629	11163	0.00064	0.00032	0.00034	0.00034	39	nan
Salimicrobium jeotgali	1230341	S	2490	2500	4990	0.00029	0.00014	0.00000	0.00014	48	5.0
Priestia megaterium	1404	S	313	456	769	0.00004	0.00003	0.00000	0.00003	38	4.0
Halobacillus litoralis	45668	S	287	306	593	0.00003	0.00002	0.00000	0.00002	43	4.0
Listeria newyorkensis	1497681	S	161619	162522	324141	0.01857	0.00931	0.00947	0.00920	43	nan
Listeria weihenstephanensis	1006155	S	1758	1767	3525	0.00020	0.00010	0.00000	0.00010	42	5.0
Planococcus maritimus	192421	S	18212	18709	36921	0.00212	0.00107	0.00106	0.00103	49	nan
Planococcus halotolerans	2233542	S	9554	9645	19199	0.00110	0.00055	0.00060	0.00054	46	nan
Planococcus sp. MB-3u-03	2058136	S	199	236	435	0.00002	0.00001	0.00000	0.00001	49	4.0
Planococcus sp. 107-1	2908840	S	188	192	380	0.00002	0.00001	0.00000	0.00001	45	5.0
Planococcus sp. N016	3058398	S	104	104	208	0.00001	0.00001	0.00000	0.00001	45	4.0
Planococcus glaciei	459472	S	166	175	341	0.00002	0.00001	0.00000	0.00001	49	4.0
Planococcus massiliensis	1499687	S	159	162	321	0.00002	0.00001	0.00000	0.00001	48	5.0
Planococcus plakortidis	1038856	S	137	143	280	0.00002	0.00001	0.00000	0.00001	52	4.0
Planococcus antarcticus	161360	S	115	116	231	0.00001	0.00001	0.00000	0.00001	44	3.0
Sporosarcina sp. Marseille-Q4063	2810514	S	20048	20134	40182	0.00230	0.00115	0.00120	0.00118	40	nan
Jeotgalicoccus saudimassiliensis	1461582	S	21468	21530	42998	0.00246	0.00123	0.00126	0.00123	43	nan
Staphylococcus delphini	53344	S	11671	11856	23527	0.00135	0.00068	0.00073	0.00071	38	nan
Staphylococcus capitis	29388	S	205	210	415	0.00002	0.00001	0.00000	0.00001	33	4.0
Exiguobacterium acetylicum	41170	S	17870	20229	38099	0.00218	0.00116	0.00116	0.00111	49	nan
Exiguobacterium sp. MH3	1399115	S	2765	3016	5781	0.00033	0.00017	0.00017	0.00017	48	nan
Exiguobacterium sp. ZWU0009	1224749	S	1679	2884	4563	0.00026	0.00017	0.00017	0.00016	49	nan
Exiguobacterium sp. N4-1P	2051906	S	362	363	725	0.00004	0.00002	0.00000	0.00002	49	5.0
Exiguobacterium sp. U13-1	1849031	S	294	985	1279	0.00007	0.00006	0.00000	0.00005	49	5.0
Exiguobacterium sp. Helios	2735868	S	278	283	561	0.00003	0.00002	0.00002	0.00002	49	nan
Exiguobacterium antarcticum	132920	S	303	305	608	0.00003	0.00002	0.00000	0.00002	48	5.0
Exiguobacterium sibiricum	332410	S	242	246	488	0.00003	0.00001	0.00000	0.00001	49	5.0
Polycladomyces abyssicola	1125966	S	23026	23036	46062	0.00264	0.00132	0.00129	0.00126	54	nan
Limosilactobacillus portuensis	2742601	S	52115	53877	105992	0.00607	0.00309	0.00326	0.00314	40	nan
Limosilactobacillus pontis	35787	S	43783	44187	87970	0.00504	0.00253	0.00249	0.00247	57	nan
Limosilactobacillus oris	1632	S	36759	37314	74073	0.00424	0.00214	0.00212	0.00206	53	nan
Limosilactobacillus reuteri	1598	S	293	322	615	0.00004	0.00002	0.00000	0.00002	40	4.0
Weissella cibaria	137591	S	65344	66257	131601	0.00754	0.00380	0.00378	0.00367	46	nan
Fructobacillus americanaquae	2940302	S	21984	21998	43982	0.00252	0.00126	0.00127	0.00123	44	nan
Leuconostoc falkenbergense	2766470	S	13298	13837	27135	0.00155	0.00079	0.00084	0.00081	40	nan
Leuconostoc pseudomesenteroides	33968	S	2100	2145	4245	0.00024	0.00012	0.00013	0.00013	40	nan
Leuconostoc mesenteroides	1245	S	1102	1210	2312	0.00013	0.00007	0.00007	0.00007	38	nan
Leuconostoc citreum	33964	S	191	306	497	0.00003	0.00002	0.00000	0.00002	40	5.0
Lactobacillus iners	147802	S	4829	4867	9696	0.00056	0.00028	0.00033	0.00032	33	nan
Lacticaseibacillus rhamnosus	47715	S	4294	4340	8634	0.00049	0.00025	0.00024	0.00024	47	nan
Streptococcus canis	1329	S	49596	51069	100665	0.00577	0.00293	0.00311	0.00299	40	nan
Streptococcus sp. A12	1759399	S	31921	34106	66027	0.00378	0.00195	0.00202	0.00195	44	nan
Streptococcus sp. LPB0220	2610896	S	8973	9846	18819	0.00108	0.00056	0.00058	0.00056	44	nan
Streptococcus dysgalactiae	1334	S	933	2302	3235	0.00019	0.00013	0.00014	0.00013	41	nan
Streptococcus pyogenes	1314	S	394	437	831	0.00005	0.00003	0.00000	0.00003	40	5.0
Jeotgalibaca porci	1868793	S	35841	36694	72535	0.00416	0.00210	0.00222	0.00213	40	nan
Vagococcus luciliae	2920380	S	12414	12703	25117	0.00144	0.00073	0.00083	0.00084	34	nan
Aerococcus tenax	3078812	S	3364	3590	6954	0.00040	0.00021	0.00000	0.00021	43	5.0
Aerococcus sp. Group 1	2976812	S	417	445	862	0.00005	0.00003	0.00000	0.00003	43	4.0
Aerococcus urinae	1376	S	371	379	750	0.00004	0.00002	0.00000	0.00002	44	5.0
Caproicibacterium sp. ZCY20-5	3030016	S	86349	87416	173765	0.00996	0.00501	0.00496	0.00483	54	nan
Anaerotruncus colihominis	169435	S	18161	18563	36724	0.00210	0.00106	0.00106	0.00104	54	nan
Flavonifractor plautii	292800	S	530	534	1064	0.00006	0.00003	0.00000	0.00003	64	5.0
Faecalibacterium sp. I3-3-89	2929493	S	117	150	267	0.00002	0.00001	0.00000	0.00001	62	4.0
Faecalibacterium prausnitzii	853	S	103	130	233	0.00001	0.00001	0.00000	0.00001	62	4.0
Clostridium sp. SY8519	1042156	S	36412	36675	73087	0.00419	0.00210	0.00207	0.00201	52	nan
Clostridium sp. M62/1	411486	S	169	179	348	0.00002	0.00001	0.00000	0.00001	53	4.0
Clostridium sporogenes	1509	S	2955	14069	17024	0.00098	0.00081	0.00000	0.00114	28	5.0
Clostridium botulinum	1491	S	115	145	260	0.00001	0.00001	0.00000	0.00001	28	5.0
Hungatella xylanolytica	384636	S	16904	16944	33848	0.00194	0.00097	0.00100	0.00097	43	nan
Sellimonas intestinalis	1653434	S	18824	19087	37911	0.00217	0.00109	0.00110	0.00107	47	nan
Enterocloster bolteae	208479	S	18011	18348	36359	0.00208	0.00105	0.00103	0.00101	52	nan
Enterocloster clostridioformis	1531	S	117	119	236	0.00001	0.00001	0.00000	0.00001	51	4.0
Simiaoa sunii	2763672	S	5436	5805	11241	0.00064	0.00033	0.00033	0.00032	48	nan
Dorea longicatena	88431	S	299	339	638	0.00004	0.00002	0.00000	0.00002	43	5.0
[Clostridium] scindens	29347	S	142	145	287	0.00002	0.00001	0.00000	0.00001	49	4.0
Anaerostipes hadrus	649756	S	118	122	240	0.00001	0.00001	0.00000	0.00001	38	4.0
Flintibacter sp. KGMB00164	2610895	S	32457	32619	65076	0.00373	0.00187	0.00193	0.00188	61	nan
Desulforamulus ferrireducens	1833852	S	5372	5473	10845	0.00062	0.00031	0.00032	0.00031	46	nan
Clostridioides difficile	1496	S	266	279	545	0.00003	0.00002	0.00000	0.00002	29	4.0
Carboxydothermus hydrogenoformans	129958	S	15681	15684	31365	0.00180	0.00090	0.00093	0.00090	42	nan
Acidaminococcus intestini	187327	S	42551	42758	85309	0.00489	0.00245	0.00238	0.00233	51	nan
Catenibacterium sp. co_0103	2478954	S	17565	17890	35455	0.00203	0.00102	0.00119	0.00115	34	nan
Catenibacterium mitsuokai	100886	S	1521	1533	3054	0.00017	0.00009	0.00011	0.00010	34	nan
Corynebacterium pelargi	1471400	S	111526	112989	224515	0.01286	0.00647	0.00648	0.00633	59	nan
Corynebacterium sp. FDAARGOS 1242	2778078	S	90331	104802	195133	0.01118	0.00600	0.00607	0.00603	61	nan
Corynebacterium sp. SCR221107	3017361	S	10943	11037	21980	0.00126	0.00063	0.00067	0.00065	62	nan
Corynebacterium ramonii	3026968	S	47609	95385	142994	0.00819	0.00546	0.00538	0.00522	55	nan
Corynebacterium appendicis	163202	S	43508	44383	87891	0.00504	0.00254	0.00285	0.00283	65	nan
Corynebacterium hansenii	394964	S	32273	32632	64905	0.00372	0.00187	0.00258	0.00258	70	nan
Corynebacterium pseudodiphtheriticum	37637	S	15472	15901	31373	0.00180	0.00091	0.00090	0.00087	55	nan
Corynebacterium kutscheri	35755	S	7017	7038	14055	0.00081	0.00040	0.00039	0.00038	46	nan
Corynebacterium simulans	146827	S	2078	2164	4242	0.00024	0.00012	0.00000	0.00012	60	5.0
Corynebacterium ulcerans	65058	S	543	610	1153	0.00007	0.00003	0.00003	0.00003	54	nan
Corynebacterium propinquum	43769	S	507	521	1028	0.00006	0.00003	0.00000	0.00003	58	5.0
Corynebacterium silvaticum	2320431	S	179	181	360	0.00002	0.00001	0.00001	0.00001	55	nan
Corynebacterium pseudotuberculosis	1719	S	156	157	313	0.00002	0.00001	0.00000	0.00001	53	4.0
Corynebacterium striatum	43770	S	146	164	310	0.00002	0.00001	0.00000	0.00001	60	4.0
Mycobacterium leprae	1769	S	47617	47713	95330	0.00546	0.00273	0.00275	0.00269	59	nan
Rhodococcus sp. B7740	1564114	S	10559	14997	25556	0.00146	0.00086	0.00107	0.00097	65	nan
Pseudarthrobacter sp. NamE5	2576839	S	16747	16904	33651	0.00193	0.00097	0.00103	0.00098	61	nan
Pseudarthrobacter sp. L1SW	2851598	S	14353	16660	31013	0.00178	0.00095	0.00122	0.00112	67	nan
Pseudarthrobacter sp. NS4	2973976	S	11714	12442	24156	0.00138	0.00071	0.00078	0.00080	65	nan
Pseudarthrobacter sp. BIM B-2242	2772401	S	2788	2949	5737	0.00033	0.00017	0.00020	0.00019	66	nan
Pseudarthrobacter sp. NBSH8	2596911	S	1321	1597	2918	0.00017	0.00009	0.00010	0.00010	66	nan
Pseudarthrobacter sp. MM222	3018929	S	1081	1161	2242	0.00013	0.00007	0.00009	0.00008	67	nan
Pseudarthrobacter sp. NIBRBAC000502772	2590775	S	990	1697	2687	0.00015	0.00010	0.00011	0.00011	66	nan
Pseudarthrobacter sp. NIBRBAC000502770	2590785	S	667	2304	2971	0.00017	0.00013	0.00017	0.00015	67	nan
Pseudarthrobacter sp. NIBRBAC000502771	2590774	S	571	2047	2618	0.00015	0.00012	0.00015	0.00014	67	nan
Pseudarthrobacter sp. SSS035	2931399	S	569	1196	1765	0.00010	0.00007	0.00008	0.00008	66	nan
Pseudarthrobacter phenanthrenivorans	361575	S	24581	31963	56544	0.00324	0.00183	0.00214	0.00210	66	nan
Pseudarthrobacter chlorophenolicus	85085	S	3661	4310	7971	0.00046	0.00025	0.00031	0.00029	66	nan
Pseudarthrobacter equi	728066	S	3321	3940	7261	0.00042	0.00023	0.00030	0.00027	67	nan
Pseudarthrobacter defluvii	410837	S	2525	3651	6176	0.00035	0.00021	0.00026	0.00024	67	nan
Pseudarthrobacter psychrotolerans	2697569	S	1080	1351	2431	0.00014	0.00008	0.00009	0.00009	66	nan
Pseudarthrobacter sulfonivorans	121292	S	601	1504	2105	0.00012	0.00009	0.00010	0.00010	66	nan
Arthrobacter sp. PGP41	2079227	S	13024	14264	27288	0.00156	0.00082	0.00097	0.00094	66	nan
Arthrobacter sp. CDRTa11	2651199	S	3657	3783	7440	0.00043	0.00022	0.00000	0.00024	64	5.0
Arthrobacter sp. QXT-31	1357915	S	2699	2833	5532	0.00032	0.00016	0.00021	0.00019	67	nan
Arthrobacter sp. DNA4	2963432	S	2366	2913	5279	0.00030	0.00017	0.00021	0.00020	66	nan
Arthrobacter sp. FW305-BF8	2879617	S	2320	2480	4800	0.00028	0.00014	0.00018	0.00017	67	nan
Arthrobacter sp. NicSoilC5	2831000	S	2149	2727	4876	0.00028	0.00016	0.00020	0.00018	67	nan
Arthrobacter sp. 24S4-2	2575374	S	1883	1994	3877	0.00022	0.00011	0.00013	0.00013	66	nan
Arthrobacter sp. FB24	290399	S	1861	2260	4121	0.00024	0.00013	0.00015	0.00015	66	nan
Arthrobacter sp. U41	1849032	S	1428	1547	2975	0.00017	0.00009	0.00012	0.00010	68	nan
Arthrobacter sp. NicSoilB8	2830998	S	1336	1411	2747	0.00016	0.00008	0.00011	0.00010	68	nan
Arthrobacter sp. PM3	2017685	S	1333	1388	2721	0.00016	0.00008	0.00000	0.00010	68	5.0
Arthrobacter sp. CJ23	2972479	S	1297	1374	2671	0.00015	0.00008	0.00000	0.00009	67	5.0
Arthrobacter sp. UKPF54-2	2600159	S	1210	1338	2548	0.00015	0.00008	0.00000	0.00010	69	5.0
Arthrobacter sp. NicSoilB4	2830997	S	1143	1231	2374	0.00014	0.00007	0.00000	0.00009	68	5.0
Arthrobacter sp. PAMC25564	2565366	S	1107	1166	2273	0.00013	0.00007	0.00009	0.00008	67	nan
Arthrobacter sp. KBS0702	2578107	S	1070	1179	2249	0.00013	0.00007	0.00000	0.00008	69	5.0
Arthrobacter sp. PAMC25284	2861279	S	1055	1104	2159	0.00012	0.00006	0.00008	0.00007	66	nan
Arthrobacter sp. EM1	3043847	S	1009	1054	2063	0.00012	0.00006	0.00007	0.00007	67	nan
Arthrobacter sp. StoSoilB20	2830995	S	870	958	1828	0.00010	0.00005	0.00000	0.00006	64	4.0
Arthrobacter sp. YA7-1	2987701	S	853	903	1756	0.00010	0.00005	0.00000	0.00006	65	4.0
Arthrobacter sp. StoSoilB22	2830996	S	768	857	1625	0.00009	0.00005	0.00000	0.00005	63	4.0
Arthrobacter sp. FW306-2-2C-D06B	2879618	S	721	767	1488	0.00009	0.00004	0.00000	0.00005	64	5.0
Arthrobacter sp. StoSoilB5	2830992	S	666	725	1391	0.00008	0.00004	0.00000	0.00004	62	4.0
Arthrobacter sp. MMS18-M83	2996261	S	605	625	1230	0.00007	0.00004	0.00000	0.00004	64	4.0
Arthrobacter sp. NtRootA1	2830983	S	541	619	1160	0.00007	0.00004	0.00000	0.00004	62	4.0
Arthrobacter sp. ERGS1:01	1704044	S	505	525	1030	0.00006	0.00003	0.00000	0.00003	67	5.0
Arthrobacter sp. YN	2020486	S	503	674	1177	0.00007	0.00004	0.00000	0.00004	64	4.0
Arthrobacter sp. FW306-06-A	2879621	S	450	2227	2677	0.00015	0.00013	0.00015	0.00015	66	nan
Arthrobacter sp. ATA002	2991715	S	425	452	877	0.00005	0.00003	0.00000	0.00003	67	5.0
Arthrobacter sp. PAMC 25486	1494608	S	415	430	845	0.00005	0.00002	0.00000	0.00003	63	4.0
Arthrobacter sp. zg-Y20	2886938	S	414	448	862	0.00005	0.00003	0.00000	0.00003	66	5.0
Arthrobacter sp. FX8	2997335	S	391	2341	2732	0.00016	0.00013	0.00017	0.00016	66	nan
Arthrobacter sp. NicSoilB11	2830999	S	377	2564	2941	0.00017	0.00015	0.00018	0.00017	66	nan
Arthrobacter sp. zg-Y919	2894187	S	355	393	748	0.00004	0.00002	0.00003	0.00003	67	nan
Arthrobacter sp. Helios	2828862	S	338	353	691	0.00004	0.00002	0.00003	0.00002	66	nan
Arthrobacter sp. zg-Y820	2894192	S	311	344	655	0.00004	0.00002	0.00003	0.00002	67	nan
Arthrobacter sp. Y-9	3039385	S	306	403	709	0.00004	0.00002	0.00000	0.00003	68	5.0
Arthrobacter sp. StoSoilB19	2830994	S	278	2268	2546	0.00015	0.00013	0.00016	0.00015	66	nan
Arthrobacter sp. FW306-07-I	2879622	S	277	1883	2160	0.00012	0.00011	0.00013	0.00012	66	nan
Arthrobacter sp. zg-Y815	2964616	S	248	279	527	0.00003	0.00002	0.00002	0.00002	67	nan
Arthrobacter sp. FW306-05-C	2879620	S	221	1469	1690	0.00010	0.00008	0.00010	0.00010	66	nan
Arthrobacter sp. StoSoilA2	2830990	S	185	470	655	0.00004	0.00003	0.00000	0.00003	64	5.0
Arthrobacter sp. StoSoilB13	2830993	S	167	435	602	0.00003	0.00002	0.00000	0.00003	64	5.0
Arthrobacter sp. zg-Y859	2964609	S	135	157	292	0.00002	0.00001	0.00001	0.00001	66	nan
Arthrobacter sp. zg-Y1171	2964610	S	112	142	254	0.00001	0.00001	0.00001	0.00001	67	nan
Arthrobacter sp. D5-1	1477518	S	106	531	637	0.00004	0.00003	0.00003	0.00003	65	nan
Arthrobacter oryzae	409290	S	1278	1425	2703	0.00015	0.00008	0.00010	0.00009	66	nan
Arthrobacter agilis	37921	S	611	627	1238	0.00007	0.00004	0.00000	0.00005	70	5.0
Arthrobacter crystallopoietes	37928	S	502	519	1021	0.00006	0.00003	0.00000	0.00003	65	5.0
Arthrobacter dokdonellae	2211210	S	378	385	763	0.00004	0.00002	0.00000	0.00003	67	5.0
Arthrobacter alpinus	656366	S	331	1229	1560	0.00009	0.00007	0.00000	0.00008	63	5.0
Arthrobacter zhangbolii	2886936	S	255	281	536	0.00003	0.00002	0.00002	0.00002	66	nan
Arthrobacter antioxidans	2895818	S	228	237	465	0.00003	0.00001	0.00000	0.00002	70	5.0
Arthrobacter woluwensis	156980	S	208	272	480	0.00003	0.00002	0.00000	0.00002	68	5.0
Arthrobacter jiangjiafuii	2817475	S	207	232	439	0.00003	0.00001	0.00000	0.00002	67	5.0
Arthrobacter citreus	1670	S	194	220	414	0.00002	0.00001	0.00002	0.00001	65	nan
Arthrobacter sulfonylureivorans	2486855	S	190	193	383	0.00002	0.00001	0.00001	0.00001	66	nan
Arthrobacter koreensis	199136	S	169	190	359	0.00002	0.00001	0.00001	0.00001	66	nan
Arthrobacter caoxuetaonis	2886935	S	147	156	303	0.00002	0.00001	0.00001	0.00001	66	nan
Arthrobacter sunyaminii	2816859	S	134	157	291	0.00002	0.00001	0.00001	0.00001	65	nan
Arthrobacter polaris	2813727	S	116	118	234	0.00001	0.00001	0.00000	0.00001	60	4.0
Arthrobacter gengyunqii	2886940	S	100	120	220	0.00001	0.00001	0.00001	0.00001	65	nan
Rothia terrae	396015	S	63384	65560	128944	0.00739	0.00376	0.00373	0.00359	53	nan
Rothia amarae	169480	S	140	145	285	0.00002	0.00001	0.00000	0.00001	54	3.0
Paenarthrobacter sp. GOM3	2782567	S	873	957	1830	0.00010	0.00005	0.00000	0.00006	64	4.0
Paenarthrobacter sp. JL.01a	2979324	S	636	697	1333	0.00008	0.00004	0.00000	0.00004	64	4.0
Paenarthrobacter sp. YJN-5	2735316	S	197	548	745	0.00004	0.00003	0.00000	0.00003	64	4.0
Paenarthrobacter ureafaciens	37931	S	131	1149	1280	0.00007	0.00007	0.00000	0.00007	64	4.0
Paenarthrobacter nicotinovorans	29320	S	104	393	497	0.00003	0.00002	0.00000	0.00002	64	4.0
Glutamicibacter halophytocola	1933880	S	100	197	297	0.00002	0.00001	0.00000	0.00001	61	4.0
Sinomonas atrocyanea	37927	S	242	248	490	0.00003	0.00001	0.00000	0.00002	72	4.0
Sinomonas sp. R1AF57	2020377	S	193	197	390	0.00002	0.00001	0.00000	0.00002	71	4.0
Paeniglutamicibacter sp. ZC-3	2986919	S	185	189	374	0.00002	0.00001	0.00001	0.00001	66	nan
Aurantimicrobium photophilum	1987356	S	4988	5338	10326	0.00059	0.00031	0.00000	0.00029	56	4.0
Aurantimicrobium sp. MWH-Uga1	2079575	S	754	982	1736	0.00010	0.00006	0.00000	0.00005	53	4.0
Aurantimicrobium sp. INA4	2986279	S	591	988	1579	0.00009	0.00006	0.00000	0.00005	54	4.0
Aurantimicrobium minutum	708131	S	571	982	1553	0.00009	0.00006	0.00000	0.00005	53	4.0
Microbacterium sp. JZ31	1906274	S	1458	2087	3545	0.00020	0.00012	0.00000	0.00017	71	5.0
Microbacterium sp. AB	2981139	S	106	142	248	0.00001	0.00001	0.00000	0.00001	72	4.0
Microbacterium sediminis	904291	S	291	772	1063	0.00006	0.00004	0.00000	0.00006	72	5.0
Microbacterium oryzae	743009	S	100	134	234	0.00001	0.00001	0.00000	0.00001	72	4.0
Candidatus Planktophila versatilis	1884905	S	129782	130021	259803	0.01488	0.00745	0.00715	0.00700	48	nan
Candidatus Planktophila vernalis	1884907	S	5391	5395	10786	0.00062	0.00031	0.00030	0.00029	46	nan
Bifidobacterium saguini	762210	S	92299	108719	201018	0.01152	0.00623	0.00623	0.00605	57	nan
Bifidobacterium dentium	1689	S	9020	9143	18163	0.00104	0.00052	0.00053	0.00052	60	nan
Actinomyces pacaensis	1852377	S	27884	28007	55891	0.00320	0.00160	0.00159	0.00156	57	nan
Arcanobacterium phocisimile	1302235	S	7488	7649	15137	0.00087	0.00044	0.00042	0.00041	51	nan
Streptomyces sp. ADI95-16	1522758	S	4329	5721	10050	0.00058	0.00033	0.00036	0.00050	73	nan
Streptomyces sp. Mg1	465541	S	1554	6169	7723	0.00044	0.00035	0.00052	0.00055	73	nan
Streptomyces sp. KCTC 0041BP	201500	S	270	572	842	0.00005	0.00003	0.00005	0.00005	72	nan
Streptomyces goshikiensis	1942	S	1274	5441	6715	0.00038	0.00031	0.00047	0.00048	73	nan
Streptomyces venezuelae	54571	S	110	117	227	0.00001	0.00001	0.00001	0.00001	72	nan
Streptomyces xanthophaeus	67385	S	103	113	216	0.00001	0.00001	0.00000	0.00001	72	5.0
Tessaracoccus aquimaris	1332264	S	11064	11330	22394	0.00128	0.00065	0.00093	0.00084	69	nan
Synechococcus sp. PROS-9-1	1968775	S	128847	129431	258278	0.01480	0.00742	0.00735	0.00712	57	nan
Synechococcus sp. BIOS-U3-1	1400865	S	70072	70178	140250	0.00804	0.00402	0.00400	0.00389	58	nan
Synechococcus sp. SYN20	1050714	S	41358	43869	85227	0.00488	0.00251	0.00251	0.00242	57	nan
Synechococcus sp. JA-3-3Ab	321327	S	32630	32931	65561	0.00376	0.00189	0.00196	0.00193	62	nan
Synechococcus sp. PCC 7502	1173263	S	27646	27648	55294	0.00317	0.00158	0.00165	0.00160	42	nan
Synechococcus sp. MVIR-18-1	1386941	S	13137	14057	27194	0.00156	0.00081	0.00080	0.00078	57	nan
Synechocystis sp. PCC 7339	2782213	S	23337	162596	185933	0.01065	0.00932	0.00920	0.00894	51	nan
Synechocystis sp. CACIAM 05	1933929	S	269	378	647	0.00004	0.00002	0.00002	0.00002	50	nan
Synechocystis sp. PCC 6714	1147	S	256	260	516	0.00003	0.00001	0.00001	0.00001	50	nan
Parasynechococcus marenigrum	2881428	S	11921	12077	23998	0.00137	0.00069	0.00074	0.00071	63	nan
Pseudanabaena sp. PCC 7367	82654	S	75921	75925	151846	0.00870	0.00435	0.00429	0.00419	49	nan
Phormidium yuhuli	2974039	S	41874	41912	83786	0.00480	0.00240	0.00235	0.00228	53	nan
Oscillatoria nigro-viridis	482564	S	10454	10454	20908	0.00120	0.00060	0.00059	0.00058	45	nan
Limnospira indica	147322	S	1029	3268	4297	0.00025	0.00019	0.00019	0.00018	45	nan
Picosynechococcus sp. PCC 11901	2579791	S	13586	16951	30537	0.00175	0.00097	0.00094	0.00093	50	nan
Nostoc sp. 'Lobaria pulmonaria (5183) cyanobiont'	1618022	S	52375	52535	104910	0.00601	0.00301	0.00309	0.00302	44	nan
Cylindrospermum stagnale	142864	S	15193	15205	30398	0.00174	0.00087	0.00090	0.00087	44	nan
Thermosynechococcus sp. B0	2937284	S	2634	41538	44172	0.00253	0.00238	0.00231	0.00225	55	nan
Thermosynechococcus sp. HN-54	2933959	S	124	124	248	0.00001	0.00001	0.00000	0.00001	54	5.0
Thermosynechococcus vestitus	146786	S	15716	15739	31455	0.00180	0.00090	0.00087	0.00085	55	nan
Dehalococcoides sp. UCH007	1522671	S	5269	66486	71755	0.00411	0.00381	0.00375	0.00365	48	nan
Dehalococcoides mccartyi	61435	S	697	864	1561	0.00009	0.00005	0.00005	0.00005	48	nan
Mycoplasma sp. Ms02	353851	S	44004	44082	88086	0.00505	0.00253	0.00282	0.00300	31	nan
Zobellia galactanivorans	63186	S	44726	44767	89493	0.00513	0.00256	0.00261	0.00254	44	nan
Algibacter sp. L3A6	2686366	S	43214	43599	86813	0.00497	0.00250	0.00276	0.00287	34	nan
Flavobacterium magnum	2162713	S	24853	25088	49941	0.00286	0.00144	0.00142	0.00138	49	nan
Flavobacterium sp. CJ74	2294119	S	15882	16049	31931	0.00183	0.00092	0.00095	0.00093	42	nan
Flavobacterium album	2175091	S	1578	1585	3163	0.00018	0.00009	0.00000	0.00009	46	5.0
Flavobacterium alkalisoli	2602769	S	109	109	218	0.00001	0.00001	0.00000	0.00001	39	4.0
Salinimicrobium tongyeongense	2809707	S	33049	33092	66141	0.00379	0.00190	0.00193	0.00187	44	nan
Leeuwenhoekiella sp. ZYFB001	2719912	S	31682	32651	64333	0.00369	0.00187	0.00197	0.00191	40	nan
Formosa sp. L2A11	2686363	S	9950	9988	19938	0.00114	0.00057	0.00077	0.00068	33	nan
Chryseobacterium sp. ZHDP1	2838877	S	28751	29803	58554	0.00335	0.00171	0.00194	0.00187	38	nan
Chryseobacterium sp. WX	3031803	S	13010	24833	37843	0.00217	0.00142	0.00161	0.00155	38	nan
Chryseobacterium sp. JV274	1932669	S	8434	17537	25971	0.00149	0.00100	0.00115	0.00109	37	nan
Chryseobacterium manosquense	2754694	S	13918	14240	28158	0.00161	0.00082	0.00091	0.00088	37	nan
Chryseobacterium daecheongense	192389	S	11372	11476	22848	0.00131	0.00066	0.00074	0.00072	37	nan
Chryseobacterium camelliae	1265445	S	1442	1453	2895	0.00017	0.00008	0.00000	0.00009	41	5.0
Cruoricaptor ignavus	1118202	S	40257	40411	80668	0.00462	0.00232	0.00232	0.00227	48	nan
Prevotella melaninogenica	28132	S	101221	104328	205549	0.01178	0.00598	0.00623	0.00605	43	nan
Prevotella sp. E13-17	2913616	S	42525	42614	85139	0.00488	0.00244	0.00241	0.00235	50	nan
Prevotella sp. E15-22	2937774	S	34070	34265	68335	0.00392	0.00196	0.00194	0.00190	50	nan
Prevotella sp. oral taxon 299	652716	S	170	172	342	0.00002	0.00001	0.00000	0.00001	38	4.0
Prevotella jejuni	1177574	S	4490	4701	9191	0.00053	0.00027	0.00000	0.00027	43	5.0
Prevotella intermedia	28131	S	801	834	1635	0.00009	0.00005	0.00000	0.00005	46	4.0
Prevotella scopos	589437	S	510	535	1045	0.00006	0.00003	0.00000	0.00003	42	5.0
Prevotella nigrescens	28133	S	295	312	607	0.00003	0.00002	0.00000	0.00002	46	4.0
Prevotella denticola	28129	S	205	212	417	0.00002	0.00001	0.00000	0.00001	54	4.0
Prevotella histicola	470565	S	141	143	284	0.00002	0.00001	0.00000	0.00001	43	4.0
Prevotella fusca	589436	S	102	104	206	0.00001	0.00001	0.00000	0.00001	47	4.0
Paraprevotella clara	454154	S	18014	18336	36350	0.00208	0.00105	0.00106	0.00101	51	nan
Paraprevotella xylaniphila	454155	S	3429	3542	6971	0.00040	0.00020	0.00000	0.00020	50	5.0
Segatella oris	28135	S	125	128	253	0.00001	0.00001	0.00000	0.00001	46	3.0
Bacteroides intestinalis	329854	S	12284	12487	24771	0.00142	0.00072	0.00074	0.00071	44	nan
Bacteroides cellulosilyticus	246787	S	6892	7776	14668	0.00084	0.00045	0.00046	0.00044	44	nan
Bacteroides thetaiotaomicron	818	S	191	294	485	0.00003	0.00002	0.00000	0.00002	45	5.0
Bacteroides fragilis	817	S	126	198	324	0.00002	0.00001	0.00000	0.00001	45	4.0
Phocaeicola vulgatus	821	S	10523	12136	22659	0.00130	0.00070	0.00071	0.00070	43	nan
Duncaniella sp. C9	2530392	S	553	21061	21614	0.00124	0.00121	0.00119	0.00116	54	nan
Butyricimonas virosa	544645	S	17855	18174	36029	0.00206	0.00104	0.00109	0.00104	44	nan
Butyricimonas paravirosa	1472417	S	696	739	1435	0.00008	0.00004	0.00000	0.00004	45	5.0
Butyricimonas faecihominis	1472416	S	280	291	571	0.00003	0.00002	0.00000	0.00002	44	5.0
Butyricimonas faecalis	2093856	S	272	291	563	0.00003	0.00002	0.00000	0.00002	44	4.0
Dysgonomonas sp. HDW5B	2714927	S	7457	7989	15446	0.00088	0.00046	0.00051	0.00049	37	nan
Parabacteroides merdae	46503	S	6100	6514	12614	0.00072	0.00037	0.00038	0.00037	47	nan
Parabacteroides distasonis	823	S	131	221	352	0.00002	0.00001	0.00000	0.00001	47	4.0
uncultured Carboxylicivirga sp.	1628156	S	26914	26916	53830	0.00308	0.00154	0.00177	0.00168	36	nan
Spirosoma rigui	564064	S	134519	134540	269059	0.01542	0.00771	0.00762	0.00741	55	nan
Spirosoma sp. KCTC 42546	2520506	S	30189	30195	60384	0.00346	0.00173	0.00170	0.00165	48	nan
Imperialibacter roseus	1324217	S	60353	60362	120715	0.00692	0.00346	0.00339	0.00331	47	nan
Dyadobacter chenhuakuii	2909339	S	35341	35613	70954	0.00407	0.00204	0.00201	0.00196	47	nan
Cyclobacterium marinum	104	S	2075	2083	4158	0.00024	0.00012	0.00013	0.00013	39	nan
Chitinophaga sp. XS-30	2604421	S	72489	72496	144985	0.00831	0.00415	0.00406	0.00396	54	nan
Chitinophaga agri	2703787	S	6141	6146	12287	0.00070	0.00035	0.00035	0.00034	47	nan
Arachidicoccus terrestris	2875539	S	74833	74858	149691	0.00858	0.00429	0.00428	0.00421	46	nan
Thermoflavifilum sp.	1968839	S	43401	43401	86802	0.00497	0.00249	0.00245	0.00240	48	nan
Solitalea lacus	2911172	S	28315	28326	56641	0.00325	0.00162	0.00176	0.00171	38	nan
Sphingobacterium sp. DR205	2713573	S	19696	19808	39504	0.00226	0.00113	0.00119	0.00115	41	nan
Chlorobaculum limnaeum	274537	S	25372	25400	50772	0.00291	0.00146	0.00151	0.00147	60	nan
Rhodopirellula sp. P2	2127060	S	66821	66840	133661	0.00766	0.00383	0.00381	0.00370	58	nan
Blastopirellula sp. J2-11	2943192	S	19527	19527	39054	0.00224	0.00112	0.00110	0.00108	57	nan
Roseimaritima multifibrata	1930274	S	7509	7510	15019	0.00086	0.00043	0.00042	0.00041	55	nan
Adhaeretor mobilis	1930276	S	47842	47842	95684	0.00548	0.00274	0.00269	0.00261	55	nan
Lacipirellula parvula	2650471	S	5522	5522	11044	0.00063	0.00032	0.00034	0.00033	63	nan
Symmachiella dynata	2527995	S	54984	54984	109968	0.00630	0.00315	0.00307	0.00300	56	nan
Planctopirus limnophila	120	S	4589	4602	9191	0.00053	0.00026	0.00025	0.00025	54	nan
Candidatus Methylacidiphilum infernorum	511746	S	18643	18646	37289	0.00214	0.00107	0.00106	0.00104	47	nan
Turneriella parva	29510	S	67596	67596	135192	0.00775	0.00387	0.00379	0.00368	54	nan
Leptospira kobayashii	1917830	S	31655	31661	63316	0.00363	0.00181	0.00187	0.00183	42	nan
Borreliella californiensis	373543	S	38627	39379	78006	0.00447	0.00226	0.00245	0.00311	28	nan
Borreliella bissettiae	64897	S	3908	4318	8226	0.00047	0.00025	0.00000	0.00034	28	5.0
Borreliella burgdorferi	139	S	3045	3377	6422	0.00037	0.00019	0.00000	0.00027	27	5.0
Borreliella bavariensis	664662	S	343	429	772	0.00004	0.00002	0.00000	0.00003	27	5.0
Borreliella garinii	29519	S	302	332	634	0.00004	0.00002	0.00000	0.00003	27	5.0
Borreliella finlandensis	498741	S	203	214	417	0.00002	0.00001	0.00000	0.00002	28	4.0
Borreliella mayonii	1674146	S	192	197	389	0.00002	0.00001	0.00000	0.00002	26	4.0
Borreliella spielmanii	88916	S	166	166	332	0.00002	0.00001	0.00000	0.00001	24	4.0
Borreliella turdi	57863	S	137	138	275	0.00002	0.00001	0.00000	0.00001	28	4.0
Borreliella valaisiana	62088	S	105	108	213	0.00001	0.00001	0.00000	0.00001	26	5.0
Treponema brennaborense	81028	S	34389	34431	68820	0.00394	0.00197	0.00198	0.00192	55	nan
Granulicella mallensis	940614	S	104936	104945	209881	0.01202	0.00601	0.00605	0.00592	59	nan
Geothrix sp. PMB-07	3068640	S	14055	14079	28134	0.00161	0.00081	0.00092	0.00091	65	nan
Desulfocapsa sulfexigens	65555	S	48612	48623	97235	0.00557	0.00279	0.00274	0.00269	47	nan
Desulfopila sp. IMCC35008	2653858	S	11811	11813	23624	0.00135	0.00068	0.00066	0.00065	48	nan
Desulfovibrio ferrophilus	241368	S	26854	26860	53714	0.00308	0.00154	0.00153	0.00149	56	nan
Geobacter sulfurreducens	35554	S	9240	9280	18520	0.00106	0.00053	0.00057	0.00056	62	nan
Geomonas nitrogeniifigens	2847991	S	4100	4119	8219	0.00047	0.00024	0.00026	0.00025	64	nan
Desulfosarcina sp. BuS5	933262	S	12943	12944	25887	0.00148	0.00074	0.00077	0.00075	41	nan
Thermotoga maritima	2336	S	26100	62815	88915	0.00509	0.00360	0.00351	0.00343	47	nan
Kosmotoga olearia	651457	S	40997	40997	81994	0.00470	0.00235	0.00238	0.00235	42	nan
Hydrogenobacter sp. T-8	1632019	S	77930	77930	155860	0.00893	0.00446	0.00444	0.00433	44	nan
Campylobacter concisus	199	S	26207	26257	52464	0.00301	0.00150	0.00181	0.00158	40	nan
Campylobacter mucosalis	202	S	16778	16797	33575	0.00192	0.00096	0.00108	0.00104	38	nan
Nitratiruptor sp. SB155-2	387092	S	27671	27751	55422	0.00318	0.00159	0.00170	0.00163	41	nan
Bdellovibrio sp. ZAP7	2231053	S	62645	63169	125814	0.00721	0.00362	0.00354	0.00347	46	nan
Leptospirillum sp. Group II 'CF-1'	1660083	S	33280	52760	86040	0.00493	0.00302	0.00299	0.00292	57	nan
Homo sapiens	9606	S	245	245	490	0.00003	0.00001	0.00000	0.00001	38	4.0
Alphainfluenzavirus influenzae	2955291	S	102	102	204	0.00001	0.00001	0.00000	0.00001	44	3.0
