name	taxonomy_id	taxonomy_lvl	kraken_assigned_reads	added_reads	new_est_reads	fraction_total_reads	Bracken_estimate	GuaCAMOLE_estimate	GuaCAMOLE_est_eff	GC content	Taxon Removal Cycle
Leclercia sp. Colony189	2681309	S	5560	499189	504749	0.02815	0.02784	0.02799	0.02735	59	nan
Leclercia sp. 29361	2714951	S	520	820	1340	0.00007	0.00005	0.00005	0.00004	58	nan
Leclercia sp. J807	2681307	S	496	1681	2177	0.00012	0.00009	0.00009	0.00009	59	nan
Leclercia sp. W17	2282309	S	431	1827	2258	0.00013	0.00010	0.00010	0.00010	59	nan
Leclercia sp. W6	2282310	S	409	1575	1984	0.00011	0.00009	0.00009	0.00009	59	nan
Leclercia adecarboxylata	83655	S	2482	7541	10023	0.00056	0.00042	0.00042	0.00041	59	nan
Leclercia pneumoniae	2815358	S	251	267	518	0.00003	0.00001	0.00000	0.00001	56	5.0
Escherichia coli	562	S	363	8706	9069	0.00051	0.00049	0.00000	0.00047	54	5.0
Klebsiella pneumoniae	573	S	170	1224	1394	0.00008	0.00007	0.00000	0.00007	55	5.0
Salmonella enterica	28901	S	140	3794	3934	0.00022	0.00021	0.00024	0.00021	54	nan
Erwinia sp. Ejp617	215689	S	181817	222858	404675	0.02257	0.01243	0.01246	0.01213	56	nan
Erwinia amylovora	552	S	211	235	446	0.00002	0.00001	0.00001	0.00001	55	nan
Erwinia pyrifoliae	79967	S	132	259	391	0.00002	0.00001	0.00002	0.00001	56	nan
Providencia sp. R33	2828763	S	115	8249	8364	0.00047	0.00046	0.00000	0.00048	44	4.0
Providencia sp. PROV252	2936799	S	103	7810	7913	0.00044	0.00044	0.00000	0.00045	44	4.0
Providencia rettgeri	587	S	1053	187980	189033	0.01054	0.01048	0.01105	0.01096	42	nan
Providencia huaxiensis	2027290	S	405	2756	3161	0.00018	0.00015	0.00016	0.00016	42	nan
Providencia heimbachae	333962	S	126	177	303	0.00002	0.00001	0.00001	0.00001	43	nan
Providencia alcalifaciens	126385	S	109	282	391	0.00002	0.00002	0.00002	0.00002	43	nan
Serratia rhizosphaerae	2597702	S	101998	123211	225209	0.01256	0.00687	0.00710	0.00687	61	nan
Serratia marcescens	615	S	111	218	329	0.00002	0.00001	0.00001	0.00001	61	nan
Shewanella khirikhana	1965282	S	395747	399009	794756	0.04432	0.02225	0.02199	0.02154	56	nan
Shewanella sp. NFH-SH190041	2950245	S	44967	45198	90165	0.00503	0.00252	0.00249	0.00247	49	nan
Thalassotalea sp. PS06	2594005	S	280499	281129	561628	0.03132	0.01568	0.01561	0.01536	46	nan
Thalassomonas haliotis	485448	S	126	126	252	0.00001	0.00001	0.00000	0.00001	50	3.0
Aliamphritea ceti	1524258	S	257762	262652	520414	0.02902	0.01465	0.01438	0.01418	48	nan
Thalassolituus oleivorans	187493	S	154279	156598	310877	0.01734	0.00873	0.00869	0.00844	47	nan
Endozoicomonas euniceicola	1234143	S	271215	271666	542881	0.03028	0.01515	0.01490	0.01468	49	nan
Vibrio ishigakensis	1481914	S	521692	525160	1046852	0.05838	0.02929	0.02888	0.02840	47	nan
Vibrio sp. SCSIO 43140	2819100	S	45288	47564	92852	0.00518	0.00265	0.00261	0.00257	47	nan
Pseudomonas sp. SWI6	2083051	S	12618	75457	88075	0.00491	0.00421	0.00430	0.00426	63	nan
Pseudomonas sp. FJ2-5-13	2976884	S	2092	2771	4863	0.00027	0.00015	0.00015	0.00015	62	nan
Pseudomonas sp. FP215	2738126	S	782	1449	2231	0.00012	0.00008	0.00000	0.00008	62	5.0
Pseudomonas sp. J380	2605424	S	688	939	1627	0.00009	0.00005	0.00000	0.00005	62	5.0
Pseudomonas sp. FDAARGOS_380	2018067	S	684	1214	1898	0.00011	0.00007	0.00000	0.00007	62	5.0
Pseudomonas sp. CFSAN084952	2664899	S	610	1234	1844	0.00010	0.00007	0.00000	0.00007	62	5.0
Pseudomonas sp. MYb193	1827300	S	530	688	1218	0.00007	0.00004	0.00000	0.00004	62	5.0
Pseudomonas sp. G11	528343	S	255	723	978	0.00005	0.00004	0.00004	0.00004	62	nan
Pseudomonas sp. R4-39-08	1173288	S	127	313	440	0.00002	0.00002	0.00002	0.00002	63	nan
Pseudomonas lactis	1615674	S	30869	37123	67992	0.00379	0.00207	0.00210	0.00207	62	nan
Pseudomonas synxantha	47883	S	530	740	1270	0.00007	0.00004	0.00000	0.00004	61	5.0
Pseudomonas orientalis	76758	S	349	377	726	0.00004	0.00002	0.00000	0.00002	62	4.0
Pseudomonas fluorescens	294	S	121	149	270	0.00002	0.00001	0.00000	0.00001	62	5.0
Pseudomonas trivialis	200450	S	102	115	217	0.00001	0.00001	0.00000	0.00001	62	4.0
Pseudomonas salmasensis	2745514	S	573	678	1251	0.00007	0.00004	0.00000	0.00004	62	5.0
Pseudomonas simiae	321846	S	413	434	847	0.00005	0.00002	0.00000	0.00002	62	4.0
Pseudomonas aeruginosa	287	S	340	885	1225	0.00007	0.00005	0.00000	0.00005	64	5.0
Pseudomonas putida	303	S	137	238	375	0.00002	0.00001	0.00000	0.00001	63	4.0
Pseudomonas chlororaphis	587753	S	116	154	270	0.00002	0.00001	0.00000	0.00001	64	4.0
Cardiobacterium sp. Marseille-Q4385	2866573	S	323	323	646	0.00004	0.00002	0.00000	0.00002	62	4.0
Acinetobacter sp. NEB149	2725684	S	112	146	258	0.00001	0.00001	0.00000	0.00001	45	3.0
Kingella oralis	505	S	1582685	1588902	3171587	0.17688	0.08861	0.08830	0.08662	56	nan
Kingella denitrificans	502	S	2118	2144	4262	0.00024	0.00012	0.00000	0.00012	58	5.0
Kingella potus	265175	S	1695	1698	3393	0.00019	0.00009	0.00000	0.00009	61	5.0
Kingella kingae	504	S	603	630	1233	0.00007	0.00004	0.00000	0.00003	49	4.0
Kingella negevensis	1522312	S	446	469	915	0.00005	0.00003	0.00000	0.00003	48	4.0
Neisseria dentiae	194197	S	11871	11919	23790	0.00133	0.00066	0.00067	0.00065	58	nan
Neisseria bacilliformis	267212	S	7811	7938	15749	0.00088	0.00044	0.00000	0.00045	60	5.0
Neisseria sp. KEM232	655307	S	2587	2632	5219	0.00029	0.00015	0.00017	0.00015	60	nan
Neisseria sp. oral taxon 014	641148	S	272	291	563	0.00003	0.00002	0.00000	0.00002	54	3.0
Neisseria sp. Marseille-Q5346	2972775	S	251	368	619	0.00003	0.00002	0.00000	0.00002	53	4.0
Neisseria sp. RH3002v2g	1871109	S	207	365	572	0.00003	0.00002	0.00000	0.00002	52	4.0
Neisseria sp. Dent CA1/247	2912675	S	100	114	214	0.00001	0.00001	0.00000	0.00001	55	4.0
Neisseria elongata	495	S	1868	1951	3819	0.00021	0.00011	0.00000	0.00011	57	4.0
Neisseria sicca	490	S	1150	1401	2551	0.00014	0.00008	0.00000	0.00008	54	5.0
Neisseria canis	493	S	918	967	1885	0.00011	0.00005	0.00000	0.00005	53	4.0
Neisseria mucosa	488	S	836	1187	2023	0.00011	0.00007	0.00000	0.00006	53	4.0
Neisseria subflava	28449	S	774	1026	1800	0.00010	0.00006	0.00000	0.00006	52	4.0
Neisseria chenwenguii	1853278	S	523	526	1049	0.00006	0.00003	0.00000	0.00003	57	4.0
Neisseria meningitidis	487	S	517	658	1175	0.00007	0.00004	0.00000	0.00004	54	4.0
Neisseria animalis	492	S	484	486	970	0.00005	0.00003	0.00000	0.00003	54	5.0
Neisseria perflava	33053	S	410	2441	2851	0.00016	0.00014	0.00000	0.00013	52	4.0
Neisseria arctica	1470200	S	396	397	793	0.00004	0.00002	0.00000	0.00002	48	4.0
Neisseria shayeganii	607712	S	300	303	603	0.00003	0.00002	0.00000	0.00002	60	4.0
Neisseria macacae	496	S	278	361	639	0.00004	0.00002	0.00000	0.00002	55	4.0
Neisseria cinerea	483	S	258	299	557	0.00003	0.00002	0.00000	0.00002	53	4.0
Neisseria lisongii	2912188	S	240	241	481	0.00003	0.00001	0.00000	0.00001	55	4.0
Neisseria wadsworthii	607711	S	231	239	470	0.00003	0.00001	0.00000	0.00001	50	4.0
Neisseria flavescens	484	S	212	268	480	0.00003	0.00001	0.00000	0.00001	52	4.0
Neisseria gonorrhoeae	485	S	194	236	430	0.00002	0.00001	0.00000	0.00001	55	4.0
Neisseria musculi	1815583	S	171	171	342	0.00002	0.00001	0.00000	0.00001	55	4.0
Neisseria animaloris	326522	S	152	159	311	0.00002	0.00001	0.00000	0.00001	53	4.0
Neisseria yangbaofengii	2709396	S	142	143	285	0.00002	0.00001	0.00000	0.00001	52	4.0
Neisseria weixii	1853276	S	106	107	213	0.00001	0.00001	0.00000	0.00001	52	3.0
Neisseria lactamica	486	S	105	136	241	0.00001	0.00001	0.00000	0.00001	54	4.0
Eikenella corrodens	539	S	2127	2216	4343	0.00024	0.00012	0.00000	0.00012	58	5.0
Wielerella bovis	2917790	S	538	539	1077	0.00006	0.00003	0.00000	0.00003	44	4.0
Alysiella filiformis	194196	S	225	268	493	0.00003	0.00001	0.00000	0.00001	50	4.0
Alysiella crassa	153491	S	223	260	483	0.00003	0.00001	0.00000	0.00001	48	4.0
Uruburuella suis	252130	S	131	161	292	0.00002	0.00001	0.00000	0.00001	57	3.0
Uruburuella testudinis	1282863	S	131	158	289	0.00002	0.00001	0.00000	0.00001	56	4.0
Conchiformibius steedae	153493	S	313	313	626	0.00003	0.00002	0.00000	0.00002	52	4.0
Morococcus cerebrosus	1056807	S	310	376	686	0.00004	0.00002	0.00000	0.00002	54	4.0
Simonsiella muelleri	72	S	130	130	260	0.00001	0.00001	0.00000	0.00001	43	3.0
Sutterella faecalis	2584944	S	625507	625976	1251483	0.06980	0.03491	0.03587	0.03457	60	nan
Curvibacter sp. AEP1-3	1844971	S	615779	618953	1234732	0.06886	0.03452	0.03553	0.03424	61	nan
Polynucleobacter sp. AP-Kolm-20A-A1	2081041	S	315493	319563	635056	0.03542	0.01782	0.01754	0.01724	47	nan
Cupriavidus gilardii	82541	S	102	107	209	0.00001	0.00001	0.00000	0.00001	68	4.0
Nitrosomonas sp.	42353	S	126	126	252	0.00001	0.00001	0.00000	0.00001	52	3.0
Luteithermobacter gelatinilyticus	2582913	S	1519784	1521149	3040933	0.16959	0.08484	0.08464	0.08240	56	nan
Brucella abortus	235	S	9775	285175	294950	0.01645	0.01590	0.01602	0.01555	59	nan
Brucella sp. 10RB9215	1149953	S	556	942	1498	0.00008	0.00005	0.00005	0.00005	58	nan
Brucella sp. 2716	2975052	S	523	875	1398	0.00008	0.00005	0.00005	0.00005	58	nan
Brucella sp. 09RB8910	1844051	S	505	863	1368	0.00008	0.00005	0.00005	0.00005	59	nan
Brucella sp. NM4	3045175	S	423	424	847	0.00005	0.00002	0.00002	0.00002	58	nan
Brucella sp. BO3	2691913	S	403	805	1208	0.00007	0.00004	0.00004	0.00004	59	nan
Brucella sp. 6810	2769351	S	371	765	1136	0.00006	0.00004	0.00004	0.00004	59	nan
Brucella sp. BO2	693750	S	344	780	1124	0.00006	0.00004	0.00004	0.00004	59	nan
Brucella sp. 09RB8471	1149952	S	340	732	1072	0.00006	0.00004	0.00004	0.00004	59	nan
Brucella sp. 2280	2592625	S	321	729	1050	0.00006	0.00004	0.00004	0.00004	59	nan
Brucella sp. 458	2821140	S	315	774	1089	0.00006	0.00004	0.00004	0.00004	59	nan
Brucella sp. bbatCR03	2942452	S	283	731	1014	0.00006	0.00004	0.00004	0.00004	58	nan
Brucella melitensis	29459	S	2760	38086	40846	0.00228	0.00212	0.00214	0.00208	59	nan
Brucella suis	29461	S	866	204267	205133	0.01144	0.01139	0.01147	0.01114	59	nan
Brucella intermedia	94625	S	665	673	1338	0.00007	0.00004	0.00004	0.00004	59	nan
Brucella inopinata	1218315	S	391	612	1003	0.00006	0.00003	0.00003	0.00003	59	nan
Brucella pseudintermedia	370111	S	321	326	647	0.00004	0.00002	0.00002	0.00002	59	nan
Brucella ovis	236	S	258	626	884	0.00005	0.00003	0.00003	0.00003	59	nan
Brucella canis	36855	S	255	183309	183564	0.01024	0.01022	0.01029	0.01000	59	nan
Brucella ceti	120577	S	192	2375	2567	0.00014	0.00013	0.00013	0.00013	59	nan
Brucella anthropi	529	S	162	224	386	0.00002	0.00001	0.00000	0.00001	58	5.0
Brucella pinnipedialis	120576	S	145	2339	2484	0.00014	0.00013	0.00013	0.00013	59	nan
Brucella pseudogrignonensis	419475	S	131	139	270	0.00002	0.00001	0.00000	0.00001	55	4.0
Bradyrhizobium sp. S12-14-2	3056648	S	352582	353054	705636	0.03935	0.01969	0.02120	0.02037	64	nan
Rhizobium sp. TAL182	2020313	S	9091	24501	33592	0.00187	0.00137	0.00141	0.00137	62	nan
Rhizobium sp. NLR16a	2731112	S	4931	5739	10670	0.00060	0.00032	0.00032	0.00032	62	nan
Rhizobium sp. NXC14	1981173	S	4518	5168	9686	0.00054	0.00029	0.00028	0.00029	62	nan
Rhizobium sp. C104	2917727	S	1971	2629	4600	0.00026	0.00015	0.00016	0.00015	62	nan
Rhizobium sp. IE4771	1301032	S	900	2026	2926	0.00016	0.00011	0.00011	0.00011	62	nan
Rhizobium sp. K102	2918527	S	830	1173	2003	0.00011	0.00007	0.00007	0.00007	62	nan
Rhizobium sp. CIAT894	2020312	S	763	904	1667	0.00009	0.00005	0.00005	0.00005	62	nan
Rhizobium sp. Pop5	1223565	S	693	788	1481	0.00008	0.00004	0.00004	0.00004	62	nan
Rhizobium sp. Kim5	2020311	S	542	1408	1950	0.00011	0.00008	0.00008	0.00008	62	nan
Rhizobium sp. BT03	3045156	S	487	664	1151	0.00006	0.00004	0.00004	0.00004	63	nan
Rhizobium sp. NZLR1	2731096	S	406	452	858	0.00005	0.00003	0.00003	0.00003	62	nan
Rhizobium sp. CCGE 510	1132836	S	382	441	823	0.00005	0.00002	0.00002	0.00002	61	nan
Rhizobium sp. WYJ-E13	2849093	S	328	330	658	0.00004	0.00002	0.00000	0.00002	61	5.0
Rhizobium sp. BT04	3045157	S	229	708	937	0.00005	0.00004	0.00004	0.00004	62	nan
Rhizobium sp. BG4	2613770	S	133	134	267	0.00001	0.00001	0.00000	0.00001	63	4.0
Rhizobium etli	29449	S	14590	17973	32563	0.00182	0.00100	0.00100	0.00101	62	nan
Rhizobium phaseoli	396	S	3660	4496	8156	0.00045	0.00025	0.00026	0.00025	62	nan
Rhizobium leguminosarum	384	S	2058	3148	5206	0.00029	0.00018	0.00018	0.00018	62	nan
Rhizobium bangladeshense	1138189	S	1337	1408	2745	0.00015	0.00008	0.00008	0.00008	62	nan
Rhizobium lentis	1138194	S	717	774	1491	0.00008	0.00004	0.00005	0.00004	62	nan
Rhizobium binae	1138190	S	545	611	1156	0.00006	0.00003	0.00003	0.00003	62	nan
Rhizobium acidisoli	1538158	S	519	664	1183	0.00007	0.00004	0.00004	0.00004	62	nan
Rhizobium hidalgonense	1538159	S	387	429	816	0.00005	0.00002	0.00002	0.00002	62	nan
Rhizobium croatiense	2867516	S	330	411	741	0.00004	0.00002	0.00003	0.00002	63	nan
Rhizobium ruizarguesonis	2081791	S	278	355	633	0.00004	0.00002	0.00002	0.00002	62	nan
Rhizobium anhuiense	1184720	S	261	286	547	0.00003	0.00002	0.00002	0.00002	62	nan
Rhizobium gallicum	56730	S	138	207	345	0.00002	0.00001	0.00001	0.00001	60	nan
Rhizobium sullae	50338	S	128	130	258	0.00001	0.00001	0.00000	0.00001	60	4.0
Sulfitobacter sp. W027	2867025	S	110008	111976	221984	0.01238	0.00624	0.00634	0.00622	60	nan
Parasphingorhabdus litoris	394733	S	81114	81157	162271	0.00905	0.00453	0.00445	0.00434	52	nan
Acidithiobacillus ferrooxidans	920	S	154429	160654	315083	0.01757	0.00896	0.00893	0.00889	60	nan
Acidithiobacillus ferrivorans	160808	S	9919	10012	19931	0.00111	0.00056	0.00056	0.00055	58	nan
Acidithiobacillus ferriphilus	1689834	S	6113	6170	12283	0.00069	0.00034	0.00000	0.00034	59	5.0
Acidithiobacillus thiooxidans	930	S	5653	5673	11326	0.00063	0.00032	0.00000	0.00031	54	4.0
Acidithiobacillus sp. 'AMD consortium'	2614801	S	3480	9628	13108	0.00073	0.00054	0.00000	0.00053	60	5.0
Acidithiobacillus sp. YTS05	2927876	S	247	255	502	0.00003	0.00001	0.00000	0.00001	60	4.0
Acidithiobacillus ferridurans	1232575	S	2738	6051	8789	0.00049	0.00034	0.00000	0.00033	60	5.0
Acidithiobacillus caldus	33059	S	697	707	1404	0.00008	0.00004	0.00000	0.00004	63	4.0
Lysinibacillus sp. 2017	2169540	S	1227229	1235515	2462744	0.13735	0.06891	0.07491	0.07497	37	nan
Bacillus cabrialesii	2487276	S	85726	91973	177699	0.00991	0.00513	0.00000	0.00513	46	5.0
Bacillus tequilensis	227866	S	10298	11166	21464	0.00120	0.00062	0.00000	0.00062	45	4.0
Bacillus vallismortis	72361	S	8518	9066	17584	0.00098	0.00051	0.00000	0.00050	45	4.0
Bacillus inaquosorum	483913	S	7940	9362	17302	0.00096	0.00052	0.00000	0.00052	45	4.0
Bacillus subtilis	1423	S	7523	66115	73638	0.00411	0.00369	0.00421	0.00408	36	nan
Bacillus spizizenii	96241	S	5399	6605	12004	0.00067	0.00037	0.00000	0.00037	45	4.0
Bacillus halotolerans	260554	S	1654	3326	4980	0.00028	0.00019	0.00000	0.00019	41	5.0
Bacillus mojavensis	72360	S	823	940	1763	0.00010	0.00005	0.00000	0.00005	44	4.0
Bacillus velezensis	492670	S	540	5392	5932	0.00033	0.00030	0.00036	0.00033	36	nan
Bacillus amyloliquefaciens	1390	S	222	1880	2102	0.00012	0.00010	0.00000	0.00011	36	5.0
Bacillus stercoris	2054641	S	728	2299	3027	0.00017	0.00013	0.00000	0.00014	38	5.0
Bacillus atrophaeus	1452	S	625	636	1261	0.00007	0.00004	0.00000	0.00004	45	4.0
Bacillus paralicheniformis	1648923	S	226	280	506	0.00003	0.00002	0.00000	0.00002	47	4.0
Bacillus sp. A260	2660750	S	45765	390148	435913	0.02431	0.02176	0.02434	0.02457	36	nan
Bacillus sp. DX3.1	3052091	S	220	224	444	0.00002	0.00001	0.00001	0.00001	36	nan
Bacillus sp. MD-5	2009331	S	157	640	797	0.00004	0.00004	0.00000	0.00004	36	5.0
Bacillus sp. BD59S	2499213	S	134	226	360	0.00002	0.00001	0.00001	0.00001	35	nan
Bacillus sp. JS	1127744	S	133	572	705	0.00004	0.00003	0.00000	0.00003	36	5.0
Bacillus sp. ZJS3	2928154	S	118	188	306	0.00002	0.00001	0.00001	0.00001	35	nan
Bacillus sp. MBGLi79	2070759	S	106	485	591	0.00003	0.00003	0.00000	0.00003	36	5.0
Bacillus cereus	1396	S	6376	38521	44897	0.00250	0.00215	0.00241	0.00243	36	nan
Bacillus thuringiensis	1428	S	3856	125410	129266	0.00721	0.00699	0.00783	0.00789	36	nan
Bacillus mycoides	1405	S	1577	2349	3926	0.00022	0.00013	0.00015	0.00015	35	nan
Bacillus wiedmannii	1890302	S	1033	1307	2340	0.00013	0.00007	0.00008	0.00008	35	nan
Bacillus luti	2026191	S	589	627	1216	0.00007	0.00004	0.00004	0.00004	35	nan
Bacillus anthracis	1392	S	563	28133	28696	0.00160	0.00157	0.00176	0.00177	36	nan
Bacillus pseudomycoides	64104	S	516	522	1038	0.00006	0.00003	0.00003	0.00003	35	nan
Bacillus toyonensis	155322	S	470	1063	1533	0.00009	0.00006	0.00007	0.00007	35	nan
Bacillus tropicus	2026188	S	411	932	1343	0.00007	0.00005	0.00006	0.00006	35	nan
Bacillus paranthracis	2026186	S	315	1323	1638	0.00009	0.00007	0.00008	0.00008	36	nan
Bacillus cytotoxicus	580165	S	308	310	618	0.00003	0.00002	0.00002	0.00002	36	nan
Bacillus nitratireducens	2026193	S	274	303	577	0.00003	0.00002	0.00002	0.00002	36	nan
Bacillus pacificus	2026187	S	176	302	478	0.00003	0.00002	0.00002	0.00002	36	nan
Bacillus albus	2026189	S	105	275	380	0.00002	0.00002	0.00002	0.00002	36	nan
Bacillus rugosus	2715209	S	1373	1521	2894	0.00016	0.00008	0.00000	0.00009	44	4.0
Bacillus arachidis	2819290	S	241	246	487	0.00003	0.00001	0.00001	0.00002	36	nan
Bacillus glycinifermentans	1664069	S	206	209	415	0.00002	0.00001	0.00000	0.00001	48	4.0
Paenibacillus sp. JZ16	1906272	S	267333	272403	539736	0.03010	0.01519	0.01510	0.01473	51	nan
Paenibacillus sp. Cedars	1980674	S	1823	3636	5459	0.00030	0.00020	0.00000	0.00020	50	4.0
Paenibacillus sp. Y412MC10	481743	S	1570	1963	3533	0.00020	0.00011	0.00000	0.00011	53	5.0
Paenibacillus sp. JNUCC-32	2777984	S	565	973	1538	0.00009	0.00005	0.00000	0.00005	53	4.0
Paenibacillus sp. BR1-192	3032287	S	542	930	1472	0.00008	0.00005	0.00000	0.00005	53	4.0
Paenibacillus sp. PSB04	2866810	S	159	176	335	0.00002	0.00001	0.00000	0.00001	56	4.0
Paenibacillus sp. YPD9-1	2908839	S	153	153	306	0.00002	0.00001	0.00000	0.00001	49	3.0
Paenibacillus sp. N3/727	2925845	S	126	142	268	0.00001	0.00001	0.00000	0.00001	46	5.0
Paenibacillus woosongensis	307580	S	107436	108292	215728	0.01203	0.00604	0.00604	0.00589	52	nan
Paenibacillus lentus	1338368	S	5239	5272	10511	0.00059	0.00029	0.00000	0.00029	47	5.0
Paenibacillus lautus	1401	S	3385	4183	7568	0.00042	0.00023	0.00000	0.00023	53	5.0
Paenibacillus ihbetae	1870820	S	1555	1567	3122	0.00017	0.00009	0.00000	0.00008	54	5.0
Paenibacillus glucanolyticus	59843	S	1276	2476	3752	0.00021	0.00014	0.00000	0.00013	50	4.0
Paenibacillus macerans	44252	S	601	602	1203	0.00007	0.00003	0.00000	0.00003	55	4.0
Paenibacillus xylanexedens	528191	S	373	478	851	0.00005	0.00003	0.00000	0.00003	48	4.0
Paenibacillus tritici	1873425	S	358	361	719	0.00004	0.00002	0.00000	0.00002	54	4.0
Paenibacillus lutimineralis	2707005	S	247	249	496	0.00003	0.00001	0.00000	0.00001	49	5.0
Paenibacillus polymyxa	1406	S	222	336	558	0.00003	0.00002	0.00000	0.00002	48	5.0
Paenibacillus donghaensis	414771	S	194	195	389	0.00002	0.00001	0.00000	0.00001	53	4.0
Paenibacillus azoreducens	116718	S	177	177	354	0.00002	0.00001	0.00000	0.00001	50	4.0
Paenibacillus uliginis	683737	S	137	154	291	0.00002	0.00001	0.00000	0.00001	47	5.0
Paenibacillus amylolyticus	1451	S	114	130	244	0.00001	0.00001	0.00000	0.00001	47	4.0
Paenibacillus physcomitrellae	1619311	S	112	115	227	0.00001	0.00001	0.00000	0.00001	52	4.0
Paenibacillus dendritiformis	130049	S	108	111	219	0.00001	0.00001	0.00000	0.00001	57	4.0
Paenibacillus barcinonensis	198119	S	106	106	212	0.00001	0.00001	0.00000	0.00001	48	3.0
Brevibacillus sp. BB3-R1	2950604	S	358573	362306	720879	0.04020	0.02021	0.01992	0.01952	51	nan
Staphylococcus aureus	1280	S	168	306	474	0.00003	0.00002	0.00000	0.00002	33	3.0
Gemella haemolysans	1379	S	341	344	685	0.00004	0.00002	0.00000	0.00003	31	4.0
Streptococcus mitis	28037	S	137799	148994	286793	0.01599	0.00831	0.00873	0.00861	42	nan
Streptococcus pneumoniae	1313	S	22059	27167	49226	0.00275	0.00152	0.00162	0.00158	42	nan
Streptococcus toyakuensis	2819619	S	16163	19095	35258	0.00197	0.00106	0.00110	0.00110	42	nan
Streptococcus oralis	1303	S	15216	16770	31986	0.00178	0.00094	0.00097	0.00096	43	nan
Streptococcus sp. 116-D4	2598453	S	6734	7126	13860	0.00077	0.00040	0.00041	0.00041	41	nan
Streptococcus sp. DTU_2020_1001019_1_SI_AUS_MUR_006	3077584	S	709	798	1507	0.00008	0.00004	0.00000	0.00005	42	4.0
Streptococcus sp. 1643	2576376	S	526	726	1252	0.00007	0.00004	0.00000	0.00004	43	5.0
Streptococcus sp. Marseille-Q3533	2759692	S	520	564	1084	0.00006	0.00003	0.00000	0.00003	40	5.0
Streptococcus sp. NPS 308	1902136	S	488	563	1051	0.00006	0.00003	0.00003	0.00003	43	nan
Streptococcus sp. D7B5	3038077	S	474	714	1188	0.00007	0.00004	0.00004	0.00004	43	nan
Streptococcus sp. oral taxon 431	712633	S	392	448	840	0.00005	0.00003	0.00000	0.00003	41	4.0
Streptococcus sp. Marseille-Q6470	2972784	S	246	286	532	0.00003	0.00002	0.00000	0.00002	42	4.0
Streptococcus sp. oral taxon 064	712624	S	230	427	657	0.00004	0.00002	0.00002	0.00002	43	nan
Streptococcus sp. oral taxon 061	712623	S	194	226	420	0.00002	0.00001	0.00000	0.00001	41	4.0
Streptococcus gwangjuense	1433513	S	6442	7170	13612	0.00076	0.00040	0.00042	0.00041	42	nan
Streptococcus pseudopneumoniae	257758	S	4459	5021	9480	0.00053	0.00028	0.00030	0.00029	43	nan
Streptococcus parasanguinis	1318	S	897	943	1840	0.00010	0.00005	0.00000	0.00005	43	5.0
Streptococcus australis	113107	S	647	839	1486	0.00008	0.00005	0.00000	0.00005	43	5.0
Streptococcus sanguinis	1305	S	458	479	937	0.00005	0.00003	0.00000	0.00003	46	5.0
Streptococcus gordonii	1302	S	417	423	840	0.00005	0.00002	0.00000	0.00002	41	5.0
Streptococcus thermophilus	1308	S	303	322	625	0.00003	0.00002	0.00000	0.00002	41	5.0
Streptococcus suis	1307	S	231	266	497	0.00003	0.00001	0.00001	0.00002	42	nan
Streptococcus cristatus	45634	S	206	209	415	0.00002	0.00001	0.00000	0.00001	44	5.0
Streptococcus infantis	68892	S	173	180	353	0.00002	0.00001	0.00000	0.00001	41	5.0
Streptococcus vestibularis	1343	S	119	126	245	0.00001	0.00001	0.00000	0.00001	42	5.0
Lactococcus paracarnosus	2749962	S	48457	49167	97624	0.00544	0.00274	0.00297	0.00292	40	nan
Lactococcus carnosus	2749961	S	1385	1422	2807	0.00016	0.00008	0.00000	0.00008	40	5.0
Lactococcus piscium	1364	S	1124	1162	2286	0.00013	0.00006	0.00000	0.00007	40	5.0
Lactococcus raffinolactis	1366	S	218	220	438	0.00002	0.00001	0.00000	0.00001	41	4.0
Enterococcus sp. CR-Ec1	2057791	S	52342	139161	191503	0.01068	0.00776	0.00803	0.00783	44	nan
Enterococcus casseliflavus	37734	S	503	837	1340	0.00007	0.00005	0.00005	0.00005	44	nan
Caproicibacter fermentans	2576756	S	276921	277869	554790	0.03094	0.01550	0.01547	0.01519	52	nan
Faecalibacterium sp. I3-3-33	2929492	S	124462	134202	258664	0.01443	0.00748	0.00756	0.00742	60	nan
Faecalibacterium prausnitzii	853	S	113	125	238	0.00001	0.00001	0.00000	0.00001	60	4.0
Caproicibacterium sp. BJN0003	2994078	S	2118	2141	4259	0.00024	0.00012	0.00000	0.00012	45	4.0
Caproicibacterium sp. ZCY20-5	3030016	S	509	515	1024	0.00006	0.00003	0.00000	0.00003	54	5.0
Caproicibacterium amylolyticum	2766537	S	1125	1130	2255	0.00013	0.00006	0.00000	0.00006	52	4.0
Caproiciproducens sp. NJN-50	2507162	S	2604	2620	5224	0.00029	0.00015	0.00000	0.00014	57	4.0
uncultured Caproiciproducens sp.	1738647	S	738	738	1476	0.00008	0.00004	0.00000	0.00004	46	5.0
Ethanoligenens harbinense	253239	S	1680	1684	3364	0.00019	0.00009	0.00000	0.00009	58	5.0
Thermocaproicibacter melissae	2966552	S	205	205	410	0.00002	0.00001	0.00000	0.00001	50	4.0
Subdoligranulum variabile	214851	S	115	116	231	0.00001	0.00001	0.00000	0.00001	62	4.0
Anaerotignum propionicum	28446	S	75604	76000	151604	0.00846	0.00424	0.00447	0.00450	40	nan
Anaerotignum sp. MB30-C6	3070814	S	222	224	446	0.00002	0.00001	0.00000	0.00001	40	4.0
Anaerocolumna cellulosilytica	433286	S	1444	1456	2900	0.00016	0.00008	0.00000	0.00009	37	4.0
Lacrimispora saccharolytica	84030	S	575	582	1157	0.00006	0.00003	0.00000	0.00003	46	4.0
Clostridium kluyveri	1534	S	588	595	1183	0.00007	0.00003	0.00000	0.00005	31	4.0
Clostridium sporogenes	1509	S	128	2080	2208	0.00012	0.00012	0.00000	0.00023	28	4.0
Aminipila butyrica	433296	S	933	934	1867	0.00010	0.00005	0.00000	0.00005	47	4.0
Proteiniborus sp. MB09-C3	3050072	S	154	154	308	0.00002	0.00001	0.00000	0.00001	32	4.0
Desulfitobacterium hafniense	49338	S	374	374	748	0.00004	0.00002	0.00000	0.00002	48	4.0
Acidaminococcus intestini	187327	S	76384	76697	153081	0.00854	0.00428	0.00420	0.00413	51	nan
Dialister hominis	2582419	S	122	124	246	0.00001	0.00001	0.00000	0.00001	52	3.0
Acidilutibacter cellobiosedens	2507161	S	224	226	450	0.00003	0.00001	0.00000	0.00002	33	4.0
Candidatus Planktophila limnetica	573600	S	1414338	1415056	2829394	0.15780	0.07892	0.07829	0.07657	45	nan
Corynebacterium deserti	1408191	S	1177575	1191187	2368762	0.13211	0.06643	0.06574	0.06418	57	nan
Corynebacterium glutamicum	1718	S	121	884	1005	0.00006	0.00005	0.00000	0.00005	55	4.0
Rhodococcus fascians	1828	S	91030	91800	182830	0.01020	0.00512	0.00547	0.00532	65	nan
Rhodococcus sp. B7740	1564114	S	3171	3308	6479	0.00036	0.00018	0.00000	0.00019	65	5.0
Rhodococcus sp. P1Y	1302308	S	963	994	1957	0.00011	0.00006	0.00000	0.00006	64	5.0
Rhodococcus erythropolis	1833	S	137	429	566	0.00003	0.00002	0.00000	0.00002	64	5.0
Mycolicibacterium neoaurum	1795	S	127	224	351	0.00002	0.00001	0.00000	0.00001	67	4.0
Gordonia polyisoprenivorans	84595	S	113	135	248	0.00001	0.00001	0.00000	0.00001	67	3.0
Microbacterium sp. 1S1	2606451	S	397638	423436	821074	0.04579	0.02362	0.02657	0.02860	70	nan
Bifidobacterium bifidum	1681	S	117	121	238	0.00001	0.00001	0.00000	0.00001	64	4.0
Mycoplasmoides pneumoniae	2104	S	80709	80729	161438	0.00900	0.00450	0.00478	0.00466	40	nan
Campylobacter showae	204	S	392837	393967	786804	0.04388	0.02197	0.02218	0.02200	48	nan
Sulfurospirillum cavolei	366522	S	269420	269975	539395	0.03008	0.01506	0.01515	0.01499	46	nan
Hydrogenimonas urashimensis	2740515	S	176433	176490	352923	0.01968	0.00984	0.00978	0.00957	55	nan
Prevotella denticola	28129	S	211919	216797	428716	0.02391	0.01209	0.01196	0.01182	54	nan
Mucilaginibacter sp. 21P	2778902	S	179405	179488	358893	0.02002	0.01001	0.01009	0.00993	44	nan
Thalassoglobus polymorphus	2527994	S	196718	196720	393438	0.02194	0.01097	0.01072	0.01047	51	nan
Desulfococcus multivorans	897	S	296	296	592	0.00003	0.00002	0.00000	0.00002	59	4.0
