name	taxonomy_id	taxonomy_lvl	kraken_assigned_reads	added_reads	new_est_reads	fraction_total_reads	Bracken_estimate	GuaCAMOLE_estimate	GuaCAMOLE_est_eff	GC content	Taxon Removal Cycle
Sphingomonas koreensis	93064	S	1438902	1553127	2992029	0.21720	0.11275	0.10085	0.09618	67	nan
Sphingomonas hankookensis	563996	S	392	407	799	0.00006	0.00003	0.00000	0.00003	68	4.0
Sphingomonas paucimobilis	13689	S	271	281	552	0.00004	0.00002	0.00000	0.00002	66	4.0
Sphingobium sp. TKS	1315974	S	392107	444598	836705	0.06074	0.03228	0.02771	0.02644	64	nan
Sphingobium sp. YC-XJ3	3024245	S	7984	29505	37489	0.00272	0.00214	0.00186	0.00178	65	nan
Sphingorhabdus lacus	392610	S	281889	282035	563924	0.04094	0.02047	0.00000	0.01598	57	4.0
Candidatus Nesciobacter abundans	2601668	S	1067306	1067392	2134698	0.15497	0.07749	0.09316	0.09170	30	nan
Rickettsia prowazekii	782	S	290533	291124	581657	0.04222	0.02113	0.02662	0.02614	28	nan
Rickettsia typhi	785	S	104	104	208	0.00002	0.00001	0.00000	0.00001	29	4.0
Rickettsia peacockii	47589	S	115601	175629	291230	0.02114	0.01275	0.01383	0.01347	31	nan
Rickettsia conorii	781	S	369	916	1285	0.00009	0.00007	0.00007	0.00007	31	nan
Rickettsia amblyommatis	33989	S	228	382	610	0.00004	0.00003	0.00003	0.00003	31	nan
Rickettsia asembonensis	1068590	S	170	177	347	0.00003	0.00001	0.00001	0.00001	32	nan
Rickettsia montanensis	33991	S	157	187	344	0.00002	0.00001	0.00001	0.00001	31	nan
Rickettsia rickettsii	783	S	155	30492	30647	0.00222	0.00221	0.00240	0.00234	31	nan
Rickettsia massiliae	35791	S	155	206	361	0.00003	0.00002	0.00002	0.00002	31	nan
Rickettsia akari	786	S	153	155	308	0.00002	0.00001	0.00001	0.00001	32	nan
Rickettsia australis	787	S	141	145	286	0.00002	0.00001	0.00001	0.00001	33	nan
Rickettsia parkeri	35792	S	138	250	388	0.00003	0.00002	0.00002	0.00002	31	nan
Rickettsia tillamookensis	2761623	S	133	139	272	0.00002	0.00001	0.00001	0.00001	32	nan
Rickettsia japonica	35790	S	124	287	411	0.00003	0.00002	0.00002	0.00002	31	nan
Rickettsia rhipicephali	33992	S	118	169	287	0.00002	0.00001	0.00001	0.00001	32	nan
Rhizobium sp. BT-226	2986922	S	47853	240478	288331	0.02093	0.01746	0.01449	0.01392	62	nan
Rhizobium sp. NZLR1	2731096	S	179	184	363	0.00003	0.00001	0.00001	0.00001	62	nan
Rhizobium sp. Pop5	1223565	S	164	170	334	0.00002	0.00001	0.00001	0.00001	62	nan
Rhizobium sp. BT03	3045156	S	140	155	295	0.00002	0.00001	0.00001	0.00001	63	nan
Rhizobium sp. CIAT894	2020312	S	126	132	258	0.00002	0.00001	0.00001	0.00001	62	nan
Rhizobium sp. C104	2917727	S	123	134	257	0.00002	0.00001	0.00001	0.00001	62	nan
Rhizobium sp. NLR16a	2731112	S	104	108	212	0.00002	0.00001	0.00001	0.00001	62	nan
Rhizobium leguminosarum	384	S	317	409	726	0.00005	0.00003	0.00002	0.00002	62	nan
Mesorhizobium sp. M1E.F.Ca.ET.045.02.1.1	2493672	S	64745	70836	135581	0.00984	0.00514	0.00440	0.00421	65	nan
Microvirga ossetica	1882682	S	151	151	302	0.00002	0.00001	0.00000	0.00001	64	nan
Brevundimonas diminuta	293	S	24849	28804	53653	0.00389	0.00209	0.00195	0.00186	67	nan
Brevundimonas vancanneytii	1325724	S	6513	8692	15205	0.00110	0.00063	0.00059	0.00056	67	nan
Brevundimonas sp.	1871086	S	1380	1537	2917	0.00021	0.00011	0.00000	0.00010	68	5.0
Brevundimonas sp. NCCP 15609	3021811	S	392	516	908	0.00007	0.00004	0.00004	0.00003	68	nan
Brevundimonas naejangsanensis	588932	S	1376	1494	2870	0.00021	0.00011	0.00010	0.00010	68	nan
Brevundimonas pondensis	2774189	S	800	812	1612	0.00012	0.00006	0.00000	0.00005	67	4.0
Brevundimonas albigilva	1312364	S	106	108	214	0.00002	0.00001	0.00000	0.00001	70	4.0
Falsihalocynthiibacter arcticus	1579316	S	102	113	215	0.00002	0.00001	0.00000	0.00001	54	nan
Vibrio porteresiae	435912	S	1023295	1036349	2059644	0.14952	0.07523	0.06446	0.06004	46	nan
Vibrio sp. VB16	2785746	S	161	162	323	0.00002	0.00001	0.00000	0.00001	43	4.0
Vibrio sp. FE10	3035453	S	143	156	299	0.00002	0.00001	0.00000	0.00001	45	4.0
Vibrio sp. YMD68	3042300	S	111	118	229	0.00002	0.00001	0.00000	0.00001	45	4.0
Vibrio parahaemolyticus	670	S	258	283	541	0.00004	0.00002	0.00000	0.00002	46	4.0
Vibrio owensii	696485	S	115	141	256	0.00002	0.00001	0.00000	0.00001	47	4.0
Vibrio gigantis	296199	S	227	269	496	0.00004	0.00002	0.00000	0.00002	46	4.0
Vibrio bathopelagicus	2777577	S	170	184	354	0.00003	0.00001	0.00000	0.00001	45	4.0
Vibrio casei	673372	S	168	185	353	0.00003	0.00001	0.00000	0.00001	42	4.0
Vibrio cortegadensis	1328770	S	161	164	325	0.00002	0.00001	0.00000	0.00001	43	4.0
Vibrio europaeus	300876	S	127	130	257	0.00002	0.00001	0.00000	0.00001	46	4.0
Vibrio rumoiensis	76258	S	130	159	289	0.00002	0.00001	0.00000	0.00001	43	4.0
Vibrio alfacsensis	1074311	S	120	136	256	0.00002	0.00001	0.00000	0.00001	45	4.0
Vibrio quintilis	1117707	S	102	102	204	0.00001	0.00001	0.00000	0.00001	47	4.0
Candidatus Enterovibrio luxaltus	1927128	S	443	443	886	0.00006	0.00003	0.00000	0.00003	38	4.0
Photobacterium sanguinicancri	875932	S	103	181	284	0.00002	0.00001	0.00000	0.00001	45	4.0
Aliivibrio fischeri	668	S	225	228	453	0.00003	0.00002	0.00000	0.00001	40	4.0
Aliivibrio salmonicida	40269	S	108	114	222	0.00002	0.00001	0.00000	0.00001	40	4.0
Paraphotobacterium marinum	1755811	S	170	172	342	0.00002	0.00001	0.00000	0.00001	32	3.0
Pseudomonas aeruginosa	287	S	96492	187664	284156	0.02063	0.01362	0.01269	0.01196	68	nan
Pseudomonas paraeruginosa	2994495	S	3283	21346	24629	0.00179	0.00155	0.00147	0.00136	68	nan
Pseudomonas alcaliphila	101564	S	298	312	610	0.00004	0.00002	0.00000	0.00002	64	4.0
Pseudomonas putida	303	S	169	203	372	0.00003	0.00001	0.00000	0.00001	63	4.0
Stutzerimonas stutzeri	316	S	770	840	1610	0.00012	0.00006	0.00000	0.00005	65	4.0
Stutzerimonas frequens	2968969	S	204	229	433	0.00003	0.00002	0.00000	0.00001	65	4.0
Entomomonas sp. E2T0	2930213	S	174	175	349	0.00003	0.00001	0.00000	0.00001	37	4.0
Buchnera aphidicola	9	S	38768	38783	77551	0.00563	0.00282	0.00000	0.00457	26	5.0
Pantoea sp. SoEX	2576763	S	8204	8204	16408	0.00119	0.00060	0.00000	0.00087	28	4.0
Candidatus Pantoea carbekii	1235990	S	2064	2899	4963	0.00036	0.00021	0.00000	0.00025	34	5.0
Candidatus Erwinia haradaeae	1922217	S	3963	4034	7997	0.00058	0.00029	0.00000	0.00034	36	4.0
Erwinia rhapontici	55212	S	102	512	614	0.00004	0.00004	0.00000	0.00003	56	5.0
Wigglesworthia glossinidia	51229	S	488	622	1110	0.00008	0.00005	0.00000	0.00007	26	5.0
Tatumella ptyseos	82987	S	130	221	351	0.00003	0.00002	0.00000	0.00001	50	4.0
Tatumella citrea	53336	S	107	176	283	0.00002	0.00001	0.00000	0.00001	51	4.0
Blochmannia endosymbiont of Camponotus (Colobopsis) obliquus	1505597	S	1345	1366	2711	0.00020	0.00010	0.00000	0.00014	31	5.0
Blochmannia endosymbiont of Colobopsis nipponica	2681987	S	1260	1322	2582	0.00019	0.00010	0.00000	0.00012	31	4.0
Blochmannia endosymbiont of Camponotus nipponensis	2681986	S	966	1080	2046	0.00015	0.00008	0.00000	0.00010	32	5.0
Blochmannia endosymbiont of Camponotus sp.	700220	S	951	1902	2853	0.00021	0.00014	0.00000	0.00017	32	5.0
Blochmannia endosymbiont of Polyrhachis (Hedomyrma) turneri	1505596	S	571	576	1147	0.00008	0.00004	0.00000	0.00005	30	4.0
Candidatus Blochmannia vafer	251535	S	798	830	1628	0.00012	0.00006	0.00000	0.00008	29	4.0
Candidatus Blochmannia ocreatus	251538	S	698	731	1429	0.00010	0.00005	0.00000	0.00007	29	5.0
Candidatus Blochmannia vicinus	251540	S	356	432	788	0.00006	0.00003	0.00000	0.00004	31	4.0
Candidatus Blochmannia herculeanus	108080	S	143	971	1114	0.00008	0.00007	0.00000	0.00009	32	4.0
Candidatus Westeberhardia cardiocondylae	1594731	S	595	597	1192	0.00009	0.00004	0.00000	0.00008	26	4.0
Candidatus Tachikawaea gelatinosa	1410383	S	2342	2494	4836	0.00035	0.00018	0.00000	0.00029	26	5.0
Candidatus Purcelliella pentastirinorum	472834	S	1892	1897	3789	0.00028	0.00014	0.00000	0.00032	23	4.0
secondary endosymbiont of Heteropsylla cubana	134287	S	767	855	1622	0.00012	0.00006	0.00000	0.00008	21	4.0
Candidatus Hamiltonella defensa	138072	S	280	283	563	0.00004	0.00002	0.00000	0.00002	41	3.0
Candidatus Annandia adelgestsuga	1302411	S	477	493	970	0.00007	0.00004	0.00000	0.00013	18	4.0
Candidatus Annandia pinicola	1345117	S	472	476	948	0.00007	0.00003	0.00000	0.00011	17	4.0
Candidatus Mikella endobia	1778264	S	548	640	1188	0.00009	0.00005	0.00000	0.00006	35	5.0
secondary endosymbiont of Trabutina mannipara	1835721	S	478	603	1081	0.00008	0.00004	0.00000	0.00005	34	4.0
Candidatus Gullanella endobia	1070130	S	447	481	928	0.00007	0.00003	0.00000	0.00005	20	4.0
Candidatus Hoaglandella endobia	1778263	S	271	288	559	0.00004	0.00002	0.00000	0.00002	43	4.0
Candidatus Doolittlea endobia	1778262	S	217	230	447	0.00003	0.00002	0.00000	0.00001	47	4.0
Enterobacteriaceae endosymbiont of Plateumaris rustica	2675796	S	1138	1576	2714	0.00020	0.00011	0.00000	0.00031	21	4.0
Enterobacteriaceae endosymbiont of Donacia tomentosa	2675787	S	1100	1282	2382	0.00017	0.00009	0.00000	0.00021	23	4.0
Enterobacteriaceae endosymbiont of Neohaemonia nigricornis	2675792	S	972	1101	2073	0.00015	0.00008	0.00000	0.00020	21	4.0
Enterobacteriaceae endosymbiont of Macroplea mutica	2675791	S	805	1074	1879	0.00014	0.00008	0.00000	0.00016	22	4.0
Enterobacteriaceae endosymbiont of Donacia provostii	2675781	S	790	1053	1843	0.00013	0.00008	0.00000	0.00022	18	4.0
Enterobacteriaceae endosymbiont of Donacia cincticornis	2675773	S	623	972	1595	0.00012	0.00007	0.00000	0.00019	20	4.0
Enterobacteriaceae endosymbiont of Donacia simplex	2675784	S	534	1114	1648	0.00012	0.00008	0.00000	0.00022	20	4.0
Enterobacteriaceae endosymbiont of Donacia cinerea	2675774	S	479	899	1378	0.00010	0.00007	0.00000	0.00018	20	4.0
Enterobacteriaceae endosymbiont of Plateumaris pusilla	2675795	S	435	740	1175	0.00009	0.00005	0.00000	0.00015	20	4.0
Enterobacteriaceae endosymbiont of Plateumaris sericea	2675797	S	392	689	1081	0.00008	0.00005	0.00000	0.00013	21	4.0
Enterobacteriaceae endosymbiont of Donacia crassipes	2675776	S	355	650	1005	0.00007	0.00005	0.00000	0.00013	21	4.0
Enterobacteriaceae endosymbiont of Donacia sparganii	2675785	S	310	440	750	0.00005	0.00003	0.00000	0.00009	22	4.0
Enterobacteriaceae endosymbiont of Donacia fulgens	2675778	S	293	573	866	0.00006	0.00004	0.00000	0.00012	19	4.0
Enterobacteriaceae endosymbiont of Donacia clavipes	2675775	S	282	634	916	0.00007	0.00005	0.00000	0.00013	19	4.0
Enterobacteriaceae endosymbiont of Donacia vulgaris	2675789	S	255	467	722	0.00005	0.00003	0.00000	0.00009	19	4.0
Enterobacteriaceae endosymbiont of Plateumaris consimilis	2675794	S	240	391	631	0.00005	0.00003	0.00000	0.00007	20	4.0
Enterobacteriaceae endosymbiont of Donacia thalassina	2675786	S	233	344	577	0.00004	0.00002	0.00000	0.00007	20	4.0
Enterobacteriaceae endosymbiont of Plateumaris braccata	2675793	S	213	336	549	0.00004	0.00002	0.00000	0.00006	21	4.0
Enterobacteriaceae endosymbiont of Donacia piscatrix	2675780	S	207	357	564	0.00004	0.00003	0.00000	0.00007	21	4.0
Enterobacteriaceae endosymbiont of Macroplea appendiculata	2675790	S	195	260	455	0.00003	0.00002	0.00000	0.00004	22	4.0
Enterobacteriaceae endosymbiont of Donacia semicuprea	2675783	S	174	391	565	0.00004	0.00003	0.00000	0.00008	19	4.0
Enterobacteriaceae endosymbiont of Donacia bicoloricornis	2675772	S	151	237	388	0.00003	0.00002	0.00000	0.00005	20	4.0
Enterobacteriaceae endosymbiont of Donacia proxima	2675782	S	125	222	347	0.00003	0.00002	0.00000	0.00004	21	4.0
Candidatus Profftia lariciata	1987921	S	1587	1610	3197	0.00023	0.00012	0.00000	0.00025	12	5.0
Candidatus Profftia sp. (ex Adelges kitamiensis)	2864218	S	968	987	1955	0.00014	0.00007	0.00000	0.00013	15	4.0
Candidatus Profftia tarda	1177216	S	354	365	719	0.00005	0.00003	0.00000	0.00003	38	4.0
Candidatus Ishikawaella capsulata	168169	S	1780	1786	3566	0.00026	0.00013	0.00000	0.00015	29	4.0
Candidatus Schneideria nysicola	1081631	S	952	954	1906	0.00014	0.00007	0.00000	0.00009	30	4.0
Escherichia coli	562	S	440	5184	5624	0.00041	0.00038	0.00000	0.00030	53	4.0
Candidatus Riesia pediculicola	401619	S	303	375	678	0.00005	0.00003	0.00000	0.00003	29	4.0
Klebsiella pneumoniae	573	S	198	2341	2539	0.00018	0.00017	0.00000	0.00014	55	4.0
Raoultella ornithinolytica	54291	S	105	591	696	0.00005	0.00004	0.00000	0.00003	55	4.0
Enterobacter sp. BIDMC 29	1329841	S	152	210	362	0.00003	0.00002	0.00000	0.00001	58	4.0
Salmonella enterica	28901	S	126	5233	5359	0.00039	0.00038	0.00000	0.00031	54	4.0
Candidatus Moranella endobia	1048758	S	107	0	107	0.00001	0.00000	nan	nan	nan	nan
Plesiomonas shigelloides	703	S	106	113	219	0.00002	0.00001	0.00000	0.00001	54	4.0
Candidatus Arsenophonus lipoptenae	634113	S	1444	1449	2893	0.00021	0.00011	0.00000	0.00017	27	5.0
Arsenophonus endosymbiont of Aleurodicus dispersus	235559	S	255	255	510	0.00004	0.00002	0.00000	0.00002	36	4.0
Arsenophonus endosymbiont of Aphis craccivora	1231049	S	254	310	564	0.00004	0.00002	0.00000	0.00002	40	4.0
Arsenophonus nasoniae	638	S	503	907	1410	0.00010	0.00007	0.00000	0.00006	40	4.0
Arsenophonus apicola	2879119	S	309	542	851	0.00006	0.00004	0.00000	0.00004	39	4.0
Providencia sp. R33	2828763	S	270	288	558	0.00004	0.00002	0.00000	0.00002	44	4.0
Providencia sp. PROV252	2936799	S	239	308	547	0.00004	0.00002	0.00000	0.00002	44	4.0
Providencia sp. PROV188	2939731	S	171	192	363	0.00003	0.00001	0.00000	0.00001	45	4.0
Providencia sp. 21OH12SH02B-Prov	3015951	S	115	775	890	0.00006	0.00006	0.00000	0.00005	43	4.0
Providencia alcalifaciens	126385	S	370	414	784	0.00006	0.00003	0.00000	0.00003	44	4.0
Providencia rettgeri	587	S	303	1710	2013	0.00015	0.00012	0.00000	0.00010	43	4.0
Providencia sneebia	516075	S	262	283	545	0.00004	0.00002	0.00000	0.00002	40	4.0
Providencia heimbachae	333962	S	189	237	426	0.00003	0.00002	0.00000	0.00001	43	4.0
Proteus mirabilis	584	S	570	947	1517	0.00011	0.00007	0.00000	0.00006	41	4.0
Proteus hauseri	183417	S	394	444	838	0.00006	0.00003	0.00000	0.00003	40	4.0
Proteus sp. ZN5	2697019	S	241	639	880	0.00006	0.00005	0.00000	0.00004	40	4.0
Proteus vulgaris	585	S	306	879	1185	0.00009	0.00006	0.00000	0.00006	40	4.0
Proteus penneri	102862	S	210	362	572	0.00004	0.00003	0.00000	0.00002	40	4.0
Xenorhabdus hominickii	351679	S	409	427	836	0.00006	0.00003	0.00000	0.00003	45	4.0
Xenorhabdus poinarii	40577	S	251	268	519	0.00004	0.00002	0.00000	0.00002	47	4.0
Xenorhabdus bovienii	40576	S	178	187	365	0.00003	0.00001	0.00000	0.00001	46	4.0
Xenorhabdus sp. SF857	3026967	S	124	129	253	0.00002	0.00001	0.00000	0.00001	46	4.0
Xenorhabdus griffiniae	351672	S	117	122	239	0.00002	0.00001	0.00000	0.00001	45	4.0
Photorhabdus asymbiotica	291112	S	201	213	414	0.00003	0.00002	0.00000	0.00001	44	4.0
Photorhabdus thracensis	230089	S	168	205	373	0.00003	0.00001	0.00000	0.00001	46	4.0
Photorhabdus akhurstii	171438	S	108	129	237	0.00002	0.00001	0.00000	0.00001	46	4.0
Moellerella wisconsensis	158849	S	408	675	1083	0.00008	0.00005	0.00000	0.00004	42	4.0
Yersinia enterocolitica	630	S	174	216	390	0.00003	0.00002	0.00000	0.00001	49	4.0
Yersinia kristensenii	28152	S	157	218	375	0.00003	0.00002	0.00000	0.00001	49	4.0
Yersinia aldovae	29483	S	157	174	331	0.00002	0.00001	0.00000	0.00001	49	4.0
Yersinia canariae	2607663	S	139	198	337	0.00002	0.00001	0.00000	0.00001	49	4.0
Yersinia intermedia	631	S	117	356	473	0.00003	0.00003	0.00000	0.00002	50	4.0
Serratia symbiotica	138074	S	143	313	456	0.00003	0.00002	0.00000	0.00002	54	4.0
Rahnella aquatilis	34038	S	110	190	300	0.00002	0.00001	0.00000	0.00001	54	4.0
Candidatus Fukatsuia symbiotica	1878942	S	116	116	232	0.00002	0.00001	0.00000	0.00001	44	4.0
Pectobacterium carotovorum	554	S	139	454	593	0.00004	0.00003	0.00000	0.00003	54	4.0
Musicola paradisiaca	69223	S	140	0	140	0.00001	0.00000	nan	nan	nan	nan
Sodalis endosymbiont of Henestaris halophilus	1929246	S	349	349	698	0.00005	0.00003	0.00000	0.00002	34	4.0
Candidatus Sodalis pierantonius	1486991	S	135	139	274	0.00002	0.00001	0.00000	0.00001	57	3.0
Pragia fontium	82985	S	146	152	298	0.00002	0.00001	0.00000	0.00001	47	4.0
Pseudoalteromonas carrageenovora	227	S	275	359	634	0.00005	0.00003	0.00000	0.00002	41	4.0
Pseudoalteromonas xiamenensis	882626	S	221	230	451	0.00003	0.00002	0.00000	0.00001	44	4.0
Pseudoalteromonas rhizosphaerae	2518973	S	171	259	430	0.00003	0.00002	0.00000	0.00002	41	4.0
Pseudoalteromonas distincta	77608	S	134	626	760	0.00006	0.00005	0.00000	0.00004	41	4.0
Pseudoalteromonas rubra	43658	S	121	128	249	0.00002	0.00001	0.00000	0.00001	48	4.0
Pseudoalteromonas maricaloris	184924	S	117	656	773	0.00006	0.00005	0.00000	0.00004	43	4.0
Pseudoalteromonas tunicata	314281	S	117	126	243	0.00002	0.00001	0.00000	0.00001	40	4.0
Psychrosphaera aestuarii	1266052	S	138	203	341	0.00002	0.00001	0.00000	0.00001	40	4.0
Alteromonas sp. RKMC-009	2267264	S	284	425	709	0.00005	0.00003	0.00000	0.00002	50	4.0
Alteromonas naphthalenivorans	715451	S	194	273	467	0.00003	0.00002	0.00000	0.00002	43	4.0
Alteromonas macleodii	28108	S	109	134	243	0.00002	0.00001	0.00000	0.00001	45	4.0
Paraglaciecola sp. L3A3	2686358	S	239	246	485	0.00004	0.00002	0.00000	0.00002	39	4.0
Paraglaciecola mesophila	197222	S	101	110	211	0.00002	0.00001	0.00000	0.00001	44	4.0
Aliiglaciecola sp. LCG003	3053655	S	156	167	323	0.00002	0.00001	0.00000	0.00001	43	4.0
Agarivorans sp. B2Z047	2652721	S	122	134	256	0.00002	0.00001	0.00000	0.00001	44	4.0
Catenovulum sp. TS8	2984846	S	125	128	253	0.00002	0.00001	0.00000	0.00001	39	4.0
Colwellia sp. Arc7-D	2161872	S	241	293	534	0.00004	0.00002	0.00000	0.00002	39	4.0
Colwellia sp. 20A7	2689569	S	234	244	478	0.00003	0.00002	0.00000	0.00002	37	4.0
Colwellia psychrerythraea	28229	S	120	122	242	0.00002	0.00001	0.00000	0.00001	38	3.0
Thalassotalea sp. PTE2	3030492	S	199	305	504	0.00004	0.00002	0.00000	0.00002	39	4.0
Thalassotalea piscium	1230533	S	145	223	368	0.00003	0.00002	0.00000	0.00001	38	4.0
Thalassotalea crassostreae	1763536	S	129	139	268	0.00002	0.00001	0.00000	0.00001	40	4.0
Thalassotalea sediminis	1759089	S	113	123	236	0.00002	0.00001	0.00000	0.00001	39	4.0
Shewanella psychrotolerans	2864206	S	202	223	425	0.00003	0.00002	0.00000	0.00001	45	4.0
Shewanella oncorhynchi	2726434	S	131	205	336	0.00002	0.00001	0.00000	0.00001	47	4.0
Psychromonas ingrahamii	357794	S	187	189	376	0.00003	0.00001	0.00000	0.00001	39	4.0
Psychromonas sp. CNPT3	314282	S	141	152	293	0.00002	0.00001	0.00000	0.00001	40	4.0
Idiomarina sp. OT37-5b	2100422	S	117	174	291	0.00002	0.00001	0.00000	0.00001	52	4.0
Haemophilus parainfluenzae	729	S	726	942	1668	0.00012	0.00007	0.00000	0.00006	40	4.0
Haemophilus influenzae	727	S	375	538	913	0.00007	0.00004	0.00000	0.00003	39	4.0
[Haemophilus] ducreyi	730	S	271	324	595	0.00004	0.00002	0.00000	0.00002	39	4.0
Haemophilus haemolyticus	726	S	137	173	310	0.00002	0.00001	0.00000	0.00001	39	4.0
Haemophilus pittmaniae	249188	S	134	150	284	0.00002	0.00001	0.00000	0.00001	43	4.0
Pasteurella dagmatis	754	S	486	540	1026	0.00007	0.00004	0.00000	0.00004	39	4.0
Pasteurella atlantica	2827233	S	240	254	494	0.00004	0.00002	0.00000	0.00002	35	3.0
Pasteurella canis	753	S	173	210	383	0.00003	0.00002	0.00000	0.00001	38	4.0
Pasteurella multocida	747	S	114	194	308	0.00002	0.00001	0.00000	0.00001	41	4.0
Pasteurella skyensis	97481	S	106	111	217	0.00002	0.00001	0.00000	0.00001	36	3.0
Mannheimia haemolytica	75985	S	212	302	514	0.00004	0.00002	0.00000	0.00002	42	4.0
Mannheimia granulomatis	85402	S	154	175	329	0.00002	0.00001	0.00000	0.00001	40	4.0
Mannheimia sp. USDA-ARS-USMARC-1261	1432056	S	105	202	307	0.00002	0.00001	0.00000	0.00001	40	4.0
Actinobacillus indolicus	51049	S	190	473	663	0.00005	0.00003	0.00000	0.00003	40	4.0
Gallibacterium salpingitidis	505341	S	237	243	480	0.00003	0.00002	0.00000	0.00002	38	4.0
Mergibacter septicus	221402	S	271	285	556	0.00004	0.00002	0.00000	0.00002	37	4.0
Vespertiliibacter pulmonis	1443036	S	221	243	464	0.00003	0.00002	0.00000	0.00002	38	4.0
Glaesserella parasuis	738	S	220	357	577	0.00004	0.00003	0.00000	0.00002	41	4.0
Otariodibacter oris	1032623	S	207	224	431	0.00003	0.00002	0.00000	0.00002	37	4.0
Bisgaardia hudsonensis	109472	S	175	189	364	0.00003	0.00001	0.00000	0.00001	34	3.0
Acinetobacter sp. NCu2D-2	1608473	S	175	190	365	0.00003	0.00001	0.00000	0.00001	41	4.0
Acinetobacter sp. WCHAc010034	1879049	S	113	133	246	0.00002	0.00001	0.00000	0.00001	52	4.0
Acinetobacter sp. WY4	2708348	S	107	277	384	0.00003	0.00002	0.00000	0.00002	42	4.0
Acinetobacter sp. BHS4	2836181	S	106	299	405	0.00003	0.00002	0.00000	0.00002	41	4.0
Acinetobacter seifertii	1530123	S	164	268	432	0.00003	0.00002	0.00000	0.00002	40	4.0
Acinetobacter pittii	48296	S	135	364	499	0.00004	0.00003	0.00000	0.00002	40	4.0
Acinetobacter equi	1324350	S	179	182	361	0.00003	0.00001	0.00000	0.00001	36	3.0
Acinetobacter radioresistens	40216	S	116	128	244	0.00002	0.00001	0.00000	0.00001	43	4.0
Psychrobacter sp. M13	3067275	S	215	404	619	0.00004	0.00003	0.00000	0.00002	45	4.0
Gilliamella sp. ESL0405	2704653	S	384	395	779	0.00006	0.00003	0.00000	0.00003	38	5.0
Gilliamella sp. ESL0443	2704655	S	368	386	754	0.00005	0.00003	0.00000	0.00003	36	4.0
Gilliamella sp. B3022	2817969	S	162	171	333	0.00002	0.00001	0.00000	0.00001	36	4.0
Gilliamella apis	1970738	S	932	972	1904	0.00014	0.00007	0.00000	0.00007	36	3.0
Gilliamella apicola	1196095	S	527	552	1079	0.00008	0.00004	0.00000	0.00004	35	3.0
Frischella perrara	1267021	S	257	268	525	0.00004	0.00002	0.00000	0.00002	34	4.0
Zophobihabitans entericus	1635327	S	184	185	369	0.00003	0.00001	0.00000	0.00001	40	4.0
Legionella sp. PC997	2755562	S	218	228	446	0.00003	0.00002	0.00000	0.00001	38	4.0
Legionella fallonii	96230	S	285	293	578	0.00004	0.00002	0.00000	0.00002	38	4.0
Legionella pneumophila	446	S	266	320	586	0.00004	0.00002	0.00000	0.00002	39	4.0
Legionella lytica	96232	S	243	245	488	0.00004	0.00002	0.00000	0.00002	40	4.0
Candidatus Legionella polyplacis	2005262	S	133	133	266	0.00002	0.00001	0.00000	0.00002	23	5.0
Legionella oakridgensis	29423	S	130	133	263	0.00002	0.00001	0.00000	0.00001	41	4.0
Legionella israelensis	454	S	128	128	256	0.00002	0.00001	0.00000	0.00001	40	4.0
Coxiella endosymbiont of Amblyomma sculptum	2487929	S	180	222	402	0.00003	0.00002	0.00000	0.00001	37	4.0
Coxiella-like endosymbiont	1592897	S	119	282	401	0.00003	0.00002	0.00000	0.00002	38	4.0
Candidatus Baumannia cicadellinicola	186490	S	1627	1654	3281	0.00024	0.00012	0.00000	0.00012	37	3.0
Candidatus Vesicomyosocius sp. SY067_SCS001	2732590	S	101	102	203	0.00001	0.00001	0.00000	0.00001	33	3.0
Candidatus Vesicomyosocius okutanii	412965	S	100	101	201	0.00001	0.00001	0.00000	0.00001	33	3.0
Candidatus Ruthturnera calyptogenae	386487	S	152	155	307	0.00002	0.00001	0.00000	0.00001	34	3.0
Celerinatantimonas diazotrophica	412034	S	108	108	216	0.00002	0.00001	0.00000	0.00001	44	4.0
Francisella tularensis	263	S	185	270	455	0.00003	0.00002	0.00000	0.00002	33	4.0
Francisella sp. FSC1006	1547445	S	120	154	274	0.00002	0.00001	0.00000	0.00001	33	3.0
Francisella frigiditurris	1542390	S	164	173	337	0.00002	0.00001	0.00000	0.00001	32	4.0
Francisella persica	954	S	142	154	296	0.00002	0.00001	0.00000	0.00001	32	4.0
Allofrancisella inopinata	1085647	S	316	329	645	0.00005	0.00002	0.00000	0.00003	31	4.0
Thiomicrospira aerophila	92245	S	105	106	211	0.00002	0.00001	0.00000	0.00001	46	5.0
Marinomonas mediterranea	119864	S	201	318	519	0.00004	0.00002	0.00000	0.00002	45	4.0
Neptunomonas japonica	417574	S	155	155	310	0.00002	0.00001	0.00000	0.00001	45	4.0
Candidatus Portiera aleyrodidarum	91844	S	316	317	633	0.00005	0.00002	0.00000	0.00004	24	4.0
Candidatus Carsonella ruddii	114186	S	181	202	383	0.00003	0.00001	0.00000	0.00010	 8	4.0
Rheinheimera sp. MMS21-TC3	3072790	S	125	131	256	0.00002	0.00001	0.00000	0.00001	41	4.0
Candidatus Nitrosacidococcus tergens	553981	S	117	131	248	0.00002	0.00001	0.00000	0.00001	37	4.0
Wohlfahrtiimonas chitiniclastica	400946	S	108	109	217	0.00002	0.00001	0.00000	0.00001	45	4.0
Paraburkholderia phytofirmans	261302	S	158926	166746	325672	0.02364	0.01210	0.01012	0.00981	64	nan
Mycoavidus sp. B2-EB	2651972	S	120	120	240	0.00002	0.00001	0.00000	0.00001	50	4.0
Achromobacter xylosoxidans	85698	S	304	318	622	0.00005	0.00002	0.00000	0.00002	69	4.0
Taylorella asinigenitalis	84590	S	130	130	260	0.00002	0.00001	0.00000	0.00001	38	4.0
Candidatus Kinetoplastibacterium desouzaii	994692	S	264	295	559	0.00004	0.00002	0.00000	0.00003	31	4.0
Agrococcus sp. SCSIO52902	2933290	S	869113	876430	1745543	0.12672	0.06362	0.07621	0.07354	74	nan
Microbacterium sp. zg-B185	3049070	S	620864	622508	1243372	0.09026	0.04519	0.04471	0.04220	69	nan
Leifsonia sp. 21MFCrub1.1	1798223	S	101428	102145	203573	0.01478	0.00742	0.00770	0.00730	71	nan
Protaetiibacter sp. SSC-01	2759943	S	67561	67949	135510	0.00984	0.00493	0.00542	0.00513	73	nan
Streptomyces sp. R527F	1664033	S	123041	356097	479138	0.03478	0.02585	0.02924	0.02744	72	nan
Streptomyces sp. WMMC500	3015154	S	62160	63183	125343	0.00910	0.00459	0.00532	0.00545	74	nan
Streptomyces sp. 604F	1476754	S	32312	146626	178938	0.01299	0.01064	0.01235	0.01210	73	nan
Streptomyces sp. YPW6	2840373	S	352	377	729	0.00005	0.00003	0.00003	0.00003	73	nan
Streptomyces sp. S063	2005885	S	280	323	603	0.00004	0.00002	0.00003	0.00002	72	nan
Streptomyces sp. SH5	3041765	S	260	303	563	0.00004	0.00002	0.00002	0.00002	72	nan
Streptomyces sp. Tue 6075	1661694	S	238	297	535	0.00004	0.00002	0.00002	0.00002	73	nan
Streptomyces sp. WA6-1-16	2879427	S	217	265	482	0.00003	0.00002	0.00002	0.00002	73	nan
Streptomyces sp. MMBL 11-1	3026420	S	154	166	320	0.00002	0.00001	0.00001	0.00001	72	nan
Streptomyces globisporus	1908	S	458	697	1155	0.00008	0.00005	0.00006	0.00005	72	nan
Streptomyces griseus	1911	S	275	303	578	0.00004	0.00002	0.00003	0.00002	73	nan
Streptomyces anulatus	1892	S	294	385	679	0.00005	0.00003	0.00003	0.00003	72	nan
Streptomyces parvus	66428	S	366	408	774	0.00006	0.00003	0.00003	0.00003	72	nan
Streptomyces durocortorensis	2811104	S	199	207	406	0.00003	0.00002	0.00002	0.00002	72	nan
Streptomyces filamentosus	67294	S	171	218	389	0.00003	0.00002	0.00002	0.00002	72	nan
Streptomyces venezuelae	54571	S	143	176	319	0.00002	0.00001	0.00002	0.00001	73	nan
Streptomyces finlayi	67296	S	102	103	205	0.00001	0.00001	0.00000	0.00001	70	5.0
Pseudonocardia autotrophica	2074	S	235602	236178	471780	0.03425	0.01715	0.01956	0.01927	73	nan
Pseudonocardia sp. EC080610-09	1688404	S	1618	44872	46490	0.00337	0.00326	0.00360	0.00374	73	nan
Amycolatopsis sp. CA-230715	2745196	S	240544	240722	481266	0.03494	0.01747	0.01792	0.01687	71	nan
Schaalia sp. 19OD2882	2794089	S	424134	424392	848526	0.06160	0.03081	0.02875	0.02726	68	nan
Nocardia terpenica	455432	S	64677	64903	129580	0.00941	0.00471	0.00450	0.00438	70	nan
Nocardia arthritidis	228602	S	204	204	408	0.00003	0.00001	0.00000	0.00001	68	4.0
Corynebacterium stationis	1705	S	117	118	235	0.00002	0.00001	0.00000	0.00001	55	nan
Baekduia soli	496014	S	32541	32554	65095	0.00473	0.00236	0.00283	0.00291	74	nan
Bacillus sp. B25(2016b)	1868655	S	43427	249618	293045	0.02127	0.01812	0.01835	0.01747	35	nan
Bacillus sp. DX3.1	3052091	S	117	120	237	0.00002	0.00001	0.00000	0.00001	36	5.0
Bacillus cereus	1396	S	2283	10211	12494	0.00091	0.00074	0.00077	0.00071	35	nan
Bacillus thuringiensis	1428	S	1726	49299	51025	0.00370	0.00358	0.00370	0.00345	35	nan
Bacillus mycoides	1405	S	690	1059	1749	0.00013	0.00008	0.00008	0.00007	35	nan
Bacillus wiedmannii	1890302	S	453	553	1006	0.00007	0.00004	0.00004	0.00004	35	nan
Bacillus pseudomycoides	64104	S	261	267	528	0.00004	0.00002	0.00002	0.00002	35	nan
Bacillus luti	2026191	S	261	278	539	0.00004	0.00002	0.00002	0.00002	35	nan
Bacillus anthracis	1392	S	235	10541	10776	0.00078	0.00077	0.00079	0.00074	35	nan
Bacillus toyonensis	155322	S	220	442	662	0.00005	0.00003	0.00003	0.00003	35	nan
Bacillus cytotoxicus	580165	S	168	170	338	0.00002	0.00001	0.00000	0.00001	36	5.0
Bacillus tropicus	2026188	S	155	313	468	0.00003	0.00002	0.00002	0.00002	35	nan
Bacillus nitratireducens	2026193	S	144	160	304	0.00002	0.00001	0.00001	0.00001	36	nan
Bacillus paranthracis	2026186	S	127	453	580	0.00004	0.00003	0.00003	0.00003	35	nan
Evansella cellulosilytica	1413	S	160049	160937	320986	0.02330	0.01168	0.01136	0.01084	37	nan
Neobacillus mesonae	1193713	S	113	115	228	0.00002	0.00001	0.00000	0.00001	41	4.0
Priestia filamentosa	1402861	S	132	155	287	0.00002	0.00001	0.00000	0.00001	37	4.0
Heyndrickxia oleronia	38875	S	140	143	283	0.00002	0.00001	0.00000	0.00001	35	4.0
Staphylococcus equorum	246432	S	207	327	534	0.00004	0.00002	0.00000	0.00002	34	4.0
Staphylococcus epidermidis	1282	S	183	199	382	0.00003	0.00001	0.00000	0.00002	33	4.0
Staphylococcus lugdunensis	28035	S	151	154	305	0.00002	0.00001	0.00000	0.00001	34	3.0
Staphylococcus aureus	1280	S	137	407	544	0.00004	0.00003	0.00000	0.00003	33	4.0
Staphylococcus haemolyticus	1283	S	133	141	274	0.00002	0.00001	0.00000	0.00001	33	4.0
Staphylococcus cohnii	29382	S	105	113	218	0.00002	0.00001	0.00000	0.00001	33	3.0
Macrococcus epidermidis	1902580	S	104	120	224	0.00002	0.00001	0.00000	0.00001	36	4.0
Solibacillus sp. R5-41	2048654	S	103	106	209	0.00002	0.00001	0.00000	0.00001	37	4.0
Gemella haemolysans	1379	S	102	102	204	0.00001	0.00001	0.00000	0.00001	31	3.0
Streptococcus dysgalactiae	1334	S	134089	278962	413051	0.02999	0.02025	0.01862	0.01748	40	nan
Streptococcus equi	1336	S	335	343	678	0.00005	0.00002	0.00000	0.00002	43	5.0
Streptococcus pyogenes	1314	S	3545	7631	11176	0.00081	0.00055	0.00053	0.00049	40	nan
Streptococcus sp. NCTC 11567	2583584	S	2729	33839	36568	0.00265	0.00246	0.00227	0.00213	40	nan
Streptococcus agalactiae	1311	S	1124	7514	8638	0.00063	0.00055	0.00052	0.00048	40	nan
Streptococcus suis	1307	S	1112	1434	2546	0.00018	0.00010	0.00000	0.00009	41	5.0
Streptococcus canis	1329	S	802	885	1687	0.00012	0.00006	0.00006	0.00006	40	nan
Streptococcus anginosus	1328	S	400	1232	1632	0.00012	0.00009	0.00009	0.00008	40	nan
Streptococcus uberis	1349	S	226	232	458	0.00003	0.00002	0.00000	0.00002	37	4.0
Streptococcus pseudoporcinus	361101	S	201	219	420	0.00003	0.00002	0.00000	0.00001	38	5.0
Streptococcus pneumoniae	1313	S	121	187	308	0.00002	0.00001	0.00001	0.00001	41	nan
Streptococcus pluranimalium	82348	S	100	107	207	0.00002	0.00001	0.00001	0.00001	40	nan
Weissella jogaejeotgali	1631871	S	146	185	331	0.00002	0.00001	0.00000	0.00001	39	4.0
Ligilactobacillus salivarius	1624	S	137	152	289	0.00002	0.00001	0.00000	0.00001	33	4.0
Companilactobacillus paralimentarius	83526	S	141	214	355	0.00003	0.00002	0.00000	0.00001	36	4.0
Granulicatella elegans	137732	S	454	520	974	0.00007	0.00004	0.00000	0.00004	33	4.0
Enterococcus faecalis	1351	S	273	399	672	0.00005	0.00003	0.00000	0.00003	38	4.0
Clostridium sp. BJN0001	2930219	S	11232	11515	22747	0.00165	0.00084	0.00105	0.00104	29	nan
Clostridium sp. JN-1	2483110	S	206	209	415	0.00003	0.00002	0.00000	0.00002	31	4.0
Clostridium sp. MD294	97138	S	104	108	212	0.00002	0.00001	0.00000	0.00001	30	3.0
Clostridium botulinum	1491	S	337	397	734	0.00005	0.00003	0.00000	0.00004	28	4.0
Clostridium estertheticum	238834	S	175	179	354	0.00003	0.00001	0.00000	0.00001	30	3.0
Clostridium saccharoperbutylacetonicum	36745	S	170	172	342	0.00002	0.00001	0.00000	0.00002	29	4.0
Clostridium pasteurianum	1501	S	163	164	327	0.00002	0.00001	0.00000	0.00001	31	3.0
Clostridium sporogenes	1509	S	159	561	720	0.00005	0.00004	0.00000	0.00005	28	4.0
Clostridium baratii	1561	S	141	143	284	0.00002	0.00001	0.00000	0.00001	28	3.0
Clostridium tetani	1513	S	120	122	242	0.00002	0.00001	0.00000	0.00001	28	4.0
Clostridium perfringens	1502	S	116	290	406	0.00003	0.00002	0.00000	0.00003	29	4.0
Paraclostridium bifermentans	1490	S	157	196	353	0.00003	0.00001	0.00000	0.00002	28	4.0
Hungatella hathewayi	154046	S	129	131	260	0.00002	0.00001	0.00000	0.00001	54	4.0
Romboutsia ilealis	1115758	S	120	131	251	0.00002	0.00001	0.00000	0.00001	27	4.0
Clostridioides difficile	1496	S	141	172	313	0.00002	0.00001	0.00000	0.00002	29	4.0
Paeniclostridium sordellii	1505	S	134	154	288	0.00002	0.00001	0.00000	0.00002	28	4.0
Novisyntrophococcus fermenticellae	2068655	S	138	178	316	0.00002	0.00001	0.00000	0.00001	44	4.0
Acetivibrio clariflavus	288965	S	124	176	300	0.00002	0.00001	0.00000	0.00001	36	4.0
Mageeibacillus indolicus	884684	S	141	154	295	0.00002	0.00001	0.00000	0.00001	44	4.0
Peptoniphilus asaccharolyticus	1258	S	5329	5329	10658	0.00077	0.00039	0.00000	0.00054	25	4.0
Peptoniphilus sp. SAHP1	2948573	S	916	1222	2138	0.00016	0.00009	0.00000	0.00009	35	4.0
Peptoniphilus equinus	3016343	S	883	911	1794	0.00013	0.00007	0.00000	0.00005	49	4.0
Peptoniphilus harei	54005	S	466	603	1069	0.00008	0.00004	0.00000	0.00004	36	4.0
Anaerococcus sp. Marseille-Q7828	3036300	S	267	335	602	0.00004	0.00002	0.00000	0.00002	34	4.0
Anaerococcus mediterraneensis	1870984	S	191	304	495	0.00004	0.00002	0.00000	0.00002	36	4.0
Finegoldia magna	1260	S	468	566	1034	0.00008	0.00004	0.00000	0.00004	32	5.0
Parvimonas micra	33033	S	207	222	429	0.00003	0.00002	0.00000	0.00002	29	5.0
Keratinibaculum paraultunense	1278232	S	156	165	321	0.00002	0.00001	0.00000	0.00001	30	4.0
Ezakiella coagulans	46507	S	341	461	802	0.00006	0.00003	0.00000	0.00003	36	4.0
Erysipelothrix sp. HDW6C	2714930	S	110	110	220	0.00002	0.00001	0.00000	0.00001	40	4.0
Pectinatus frisingensis	865	S	141	141	282	0.00002	0.00001	0.00000	0.00001	39	4.0
Megamonas funiformis	437897	S	118	118	236	0.00002	0.00001	0.00000	0.00001	32	3.0
Mycoplasma sp. NEAQ87857	2683967	S	336915	337993	674908	0.04899	0.02454	0.03839	0.03805	24	nan
Candidatus Hepatoplasma crinochetorum	295596	S	148	148	296	0.00002	0.00001	0.00000	0.00002	20	4.0
Candidatus Phytoplasma ziziphi	135727	S	118	123	241	0.00002	0.00001	0.00000	0.00002	25	4.0
Mycoplasmopsis fermentans	2115	S	190643	192596	383239	0.02782	0.01398	0.01987	0.01961	26	nan
Mycoplasmopsis synoviae	2109	S	113	120	233	0.00002	0.00001	0.00000	0.00001	27	4.0
Thermoleptolyngbya sichuanensis	2885951	S	21349	106274	127623	0.00926	0.00771	0.00624	0.00605	58	nan
Halotia branconii	1620816	S	102	183	285	0.00002	0.00001	0.00000	0.00001	41	4.0
Prochlorococcus marinus	1219	S	107	109	216	0.00002	0.00001	0.00000	0.00001	36	3.0
Stanieria cyanosphaera	102116	S	119	119	238	0.00002	0.00001	0.00000	0.00001	37	4.0
Cellulophaga sp. HaHaR_3_176	1942464	S	479539	483390	962929	0.06990	0.03509	0.03959	0.03812	32	nan
Cellulophaga lytica	979	S	108	111	219	0.00002	0.00001	0.00000	0.00001	32	4.0
Flavobacterium columnare	996	S	196570	208400	404970	0.02940	0.01513	0.01709	0.01651	31	nan
Flavobacterium sp. xlx-214	2654325	S	38285	39021	77306	0.00561	0.00283	0.00314	0.00300	31	nan
Flavobacterium sp. N1719	2885633	S	13029	13119	26148	0.00190	0.00095	0.00000	0.00083	40	5.0
Flavobacterium sp. IMCC34852	2732161	S	781	879	1660	0.00012	0.00006	0.00006	0.00006	38	nan
Flavobacterium sp. N1994	2986827	S	564	578	1142	0.00008	0.00004	0.00000	0.00004	35	4.0
Flavobacterium sp. N1846	2986824	S	431	479	910	0.00007	0.00003	0.00000	0.00004	32	4.0
Flavobacterium sp. 20NA77.7	3073563	S	423	429	852	0.00006	0.00003	0.00000	0.00003	33	4.0
Flavobacterium sp. N2820	2986834	S	419	435	854	0.00006	0.00003	0.00000	0.00003	32	4.0
Flavobacterium sp. N2270	2986831	S	303	308	611	0.00004	0.00002	0.00000	0.00003	30	4.0
Flavobacterium sp. ZE23DGlu08	3059026	S	284	401	685	0.00005	0.00003	0.00000	0.00003	36	5.0
Flavobacterium sp. N3904	2986835	S	284	310	594	0.00004	0.00002	0.00000	0.00002	35	4.0
Flavobacterium sp. Sr18	935222	S	279	369	648	0.00005	0.00003	0.00000	0.00003	36	5.0
Flavobacterium sp. M31R6	2739062	S	271	300	571	0.00004	0.00002	0.00000	0.00002	36	4.0
Flavobacterium sp. F-340	2893886	S	264	329	593	0.00004	0.00002	0.00000	0.00002	34	4.0
Flavobacterium sp. F-70	2893884	S	247	276	523	0.00004	0.00002	0.00000	0.00002	35	5.0
Flavobacterium sp. CJ75	3034146	S	230	276	506	0.00004	0.00002	0.00000	0.00002	33	4.0
Flavobacterium sp. K5-23	2746225	S	225	242	467	0.00003	0.00002	0.00000	0.00002	34	4.0
Flavobacterium sp. I3-2	2748319	S	216	249	465	0.00003	0.00002	0.00000	0.00002	31	4.0
Flavobacterium sp. KBS0721	1179672	S	184	248	432	0.00003	0.00002	0.00000	0.00002	34	5.0
Flavobacterium sp. CLA17	2724135	S	180	203	383	0.00003	0.00001	0.00000	0.00001	37	5.0
Flavobacterium sp. F-29	2893883	S	178	203	381	0.00003	0.00001	0.00000	0.00001	36	5.0
Flavobacterium sp. F-323	2893885	S	171	190	361	0.00003	0.00001	0.00000	0.00001	36	5.0
Flavobacterium sp. 140616W15	2478552	S	171	181	352	0.00003	0.00001	0.00000	0.00001	33	4.0
Flavobacterium sp. GSB-24	2994319	S	162	195	357	0.00003	0.00001	0.00000	0.00001	34	4.0
Flavobacterium sp. MDT1-60	1979344	S	156	182	338	0.00002	0.00001	0.00000	0.00001	33	5.0
Flavobacterium sp. CECT 9288	2845819	S	151	585	736	0.00005	0.00004	0.00000	0.00004	34	5.0
Flavobacterium sp. CHNK8	2871165	S	151	612	763	0.00006	0.00004	0.00000	0.00004	34	5.0
Flavobacterium sp. KACC 22763	3025668	S	149	215	364	0.00003	0.00002	0.00000	0.00002	34	5.0
Flavobacterium sp. TR2	2977321	S	140	204	344	0.00002	0.00001	0.00000	0.00001	35	5.0
Flavobacterium sp. SLB02	2665645	S	111	147	258	0.00002	0.00001	0.00000	0.00001	35	5.0
Flavobacterium sp. N1736	2986823	S	110	129	239	0.00002	0.00001	0.00000	0.00001	34	4.0
Flavobacterium sp. N502536	2986837	S	106	139	245	0.00002	0.00001	0.00001	0.00001	37	nan
Flavobacterium sp. CS20	2775246	S	103	106	209	0.00002	0.00001	0.00000	0.00001	34	4.0
Flavobacterium sangjuense	2518177	S	537	539	1076	0.00008	0.00004	0.00000	0.00004	37	5.0
Flavobacterium indicum	312277	S	532	535	1067	0.00008	0.00004	0.00000	0.00004	32	4.0
Flavobacterium ammonificans	1751056	S	463	468	931	0.00007	0.00003	0.00000	0.00003	34	5.0
Flavobacterium azooxidireducens	1871076	S	399	400	799	0.00006	0.00003	0.00000	0.00003	34	4.0
Flavobacterium channae	2897181	S	344	351	695	0.00005	0.00003	0.00000	0.00003	32	4.0
Flavobacterium dauae	1563479	S	339	357	696	0.00005	0.00003	0.00000	0.00003	35	5.0
Flavobacterium haoranii	683124	S	332	340	672	0.00005	0.00002	0.00000	0.00003	31	4.0
Flavobacterium okayamense	2830782	S	328	334	662	0.00005	0.00002	0.00000	0.00003	31	4.0
Flavobacterium psychrophilum	96345	S	325	327	652	0.00005	0.00002	0.00000	0.00003	33	4.0
Flavobacterium branchiophilum	55197	S	312	312	624	0.00005	0.00002	0.00000	0.00002	34	4.0
Flavobacterium cyclinae	2895947	S	290	294	584	0.00004	0.00002	0.00000	0.00002	33	4.0
Flavobacterium ammoniigenes	1751095	S	271	274	545	0.00004	0.00002	0.00000	0.00002	36	5.0
Flavobacterium oreochromis	2906078	S	264	321	585	0.00004	0.00002	0.00000	0.00003	29	4.0
Flavobacterium limnophilum	3003262	S	257	259	516	0.00004	0.00002	0.00000	0.00002	38	5.0
Flavobacterium davisii	2906077	S	249	252	501	0.00004	0.00002	0.00000	0.00002	30	4.0
Flavobacterium sediminis	2201181	S	246	275	521	0.00004	0.00002	0.00000	0.00002	36	5.0
Flavobacterium agricola	2870839	S	236	239	475	0.00003	0.00002	0.00000	0.00002	34	4.0
Flavobacterium cerinum	2502784	S	230	232	462	0.00003	0.00002	0.00000	0.00002	38	5.0
Flavobacterium covae	2906076	S	224	237	461	0.00003	0.00002	0.00000	0.00002	31	4.0
Flavobacterium nitratireducens	992289	S	222	224	446	0.00003	0.00002	0.00000	0.00002	34	4.0
Flavobacterium nackdongense	2547394	S	218	218	436	0.00003	0.00002	0.00000	0.00001	37	5.0
Flavobacterium flavigenum	3003258	S	213	218	431	0.00003	0.00002	0.00000	0.00002	35	5.0
Flavobacterium eburneipallidum	3003263	S	208	209	417	0.00003	0.00002	0.00000	0.00002	34	4.0
Flavobacterium inviolabile	2748320	S	197	198	395	0.00003	0.00001	0.00000	0.00001	41	4.0
Flavobacterium faecale	1355330	S	195	195	390	0.00003	0.00001	0.00000	0.00001	36	5.0
Flavobacterium kingsejongi	1678728	S	192	194	386	0.00003	0.00001	0.00000	0.00001	40	4.0
Flavobacterium gilvum	1492737	S	187	188	375	0.00003	0.00001	0.00000	0.00001	36	5.0
Flavobacterium aestivum	3003257	S	184	185	369	0.00003	0.00001	0.00000	0.00001	34	4.0
Flavobacterium litorale	2856519	S	181	184	365	0.00003	0.00001	0.00000	0.00001	38	4.0
Flavobacterium aquiphilum	3003261	S	173	174	347	0.00003	0.00001	0.00000	0.00001	36	5.0
Flavobacterium lacustre	3016339	S	171	172	343	0.00002	0.00001	0.00000	0.00001	34	5.0
Flavobacterium marginilacus	3003256	S	157	158	315	0.00002	0.00001	0.00000	0.00001	36	4.0
Flavobacterium pallidum	2172098	S	150	150	300	0.00002	0.00001	0.00000	0.00001	45	4.0
Flavobacterium pectinovorum	29533	S	148	149	297	0.00002	0.00001	0.00000	0.00001	34	4.0
Flavobacterium anhuiense	459526	S	148	151	299	0.00002	0.00001	0.00000	0.00001	34	5.0
Flavobacterium crassostreae	1763534	S	147	148	295	0.00002	0.00001	0.00000	0.00001	37	5.0
Flavobacterium arcticum	1784713	S	146	146	292	0.00002	0.00001	0.00000	0.00001	36	4.0
Flavobacterium ardleyense	2038737	S	145	145	290	0.00002	0.00001	0.00000	0.00001	36	5.0
Flavobacterium commune	1306519	S	144	145	289	0.00002	0.00001	0.00000	0.00001	35	4.0
Flavobacterium johnsoniae	986	S	137	149	286	0.00002	0.00001	0.00000	0.00001	34	5.0
Flavobacterium alkalisoli	2602769	S	137	137	274	0.00002	0.00001	0.00000	0.00001	39	4.0
Flavobacterium crocinum	2183896	S	126	129	255	0.00002	0.00001	0.00000	0.00001	34	5.0
Flavobacterium humidisoli	2937442	S	123	126	249	0.00002	0.00001	0.00000	0.00001	34	4.0
uncultured Flavobacterium sp.	165435	S	109	110	219	0.00002	0.00001	0.00000	0.00001	33	4.0
Flavobacterium gelatinilyticum	3003260	S	104	105	209	0.00002	0.00001	0.00000	0.00001	35	5.0
Flavobacterium endoglycinae	2816357	S	103	104	207	0.00002	0.00001	0.00000	0.00001	35	4.0
Polaribacter sp. MED152	313598	S	186	262	448	0.00003	0.00002	0.00000	0.00002	31	4.0
Polaribacter dokdonensis	326329	S	119	181	300	0.00002	0.00001	0.00000	0.00002	31	3.0
Polaribacter vadi	1774273	S	106	113	219	0.00002	0.00001	0.00000	0.00001	30	4.0
Tenacibaculum jejuense	584609	S	220	295	515	0.00004	0.00002	0.00000	0.00002	30	4.0
Paenimyroides cloacae	1852970	S	362	384	746	0.00005	0.00003	0.00000	0.00003	33	4.0
Gramella sp. MAR_2010_147	1250205	S	195	195	390	0.00003	0.00001	0.00000	0.00001	38	4.0
Formosa sp. Hel1_31_208	1798225	S	107	108	215	0.00002	0.00001	0.00000	0.00001	35	5.0
Aquimarina sp. ERC-38	2949996	S	129	158	287	0.00002	0.00001	0.00000	0.00001	35	4.0
Aestuariibaculum lutulentum	2920935	S	210	212	422	0.00003	0.00002	0.00000	0.00001	35	4.0
Mesoflavibacter sp. SCSIO 43206	2779362	S	180	252	432	0.00003	0.00002	0.00000	0.00002	31	4.0
Antarcticibacterium arcticum	2585771	S	117	117	234	0.00002	0.00001	0.00000	0.00001	40	4.0
Aegicerativicinus sediminis	2893202	S	111	117	228	0.00002	0.00001	0.00000	0.00001	36	4.0
Chryseobacterium oranimense	421058	S	151234	154039	305273	0.02216	0.01118	0.01059	0.01014	39	nan
Chryseobacterium sp. G0186	2487064	S	699	784	1483	0.00011	0.00006	0.00000	0.00005	37	5.0
Chryseobacterium sp. WX	3031803	S	527	1415	1942	0.00014	0.00010	0.00000	0.00010	38	5.0
Chryseobacterium sp. MA9	2966625	S	516	553	1069	0.00008	0.00004	0.00000	0.00004	37	5.0
Chryseobacterium sp.	1871047	S	505	517	1022	0.00007	0.00004	0.00000	0.00003	37	5.0
Chryseobacterium sp. Y16C	2920939	S	498	561	1059	0.00008	0.00004	0.00000	0.00004	36	5.0
Chryseobacterium sp. StRB126	878220	S	486	505	991	0.00007	0.00004	0.00000	0.00003	36	4.0
Chryseobacterium sp. MMS21-Ot14	2983606	S	437	443	880	0.00006	0.00003	0.00000	0.00003	40	5.0
Chryseobacterium sp. IHB B 17019	1721091	S	395	401	796	0.00006	0.00003	0.00000	0.00003	37	5.0
Chryseobacterium sp. MEBOG06	2879938	S	395	404	799	0.00006	0.00003	0.00000	0.00003	37	5.0
Chryseobacterium sp. MEBOG07	2879939	S	390	401	791	0.00006	0.00003	0.00000	0.00003	38	5.0
Chryseobacterium sp. G0201	2487065	S	343	355	698	0.00005	0.00003	0.00000	0.00003	35	4.0
Chryseobacterium sp. T16E-39	2015076	S	294	298	592	0.00004	0.00002	0.00000	0.00002	35	4.0
Chryseobacterium sp. ZHDP1	2838877	S	241	287	528	0.00004	0.00002	0.00000	0.00002	38	5.0
Chryseobacterium sp. 3008163	2478663	S	224	235	459	0.00003	0.00002	0.00000	0.00002	35	5.0
Chryseobacterium sp. G0162	2487063	S	211	261	472	0.00003	0.00002	0.00000	0.00002	37	5.0
Chryseobacterium sp. CY350	2997336	S	187	190	377	0.00003	0.00001	0.00000	0.00001	36	3.0
Chryseobacterium sp. PCH239	2825845	S	186	484	670	0.00005	0.00004	0.00000	0.00003	37	5.0
Chryseobacterium sp. SG20098	3074145	S	169	377	546	0.00004	0.00003	0.00000	0.00003	37	5.0
Chryseobacterium carnipullorum	1124835	S	3010	3231	6241	0.00045	0.00023	0.00022	0.00022	39	nan
Chryseobacterium indologenes	253	S	2393	2585	4978	0.00036	0.00019	0.00000	0.00017	38	5.0
Chryseobacterium gleum	250	S	1720	2128	3848	0.00028	0.00015	0.00000	0.00014	38	5.0
Chryseobacterium daecheongense	192389	S	1204	1253	2457	0.00018	0.00009	0.00000	0.00009	37	5.0
Chryseobacterium arthrosphaerae	651561	S	1182	1272	2454	0.00018	0.00009	0.00009	0.00008	39	nan
Chryseobacterium gallinarum	1324352	S	688	711	1399	0.00010	0.00005	0.00000	0.00005	38	5.0
Chryseobacterium camelliae	1265445	S	655	689	1344	0.00010	0.00005	0.00000	0.00004	40	5.0
Chryseobacterium aureum	2497456	S	506	524	1030	0.00007	0.00004	0.00000	0.00003	39	5.0
Chryseobacterium bernardetii	1241978	S	441	1231	1672	0.00012	0.00009	0.00000	0.00008	37	5.0
Chryseobacterium cucumeris	1813611	S	409	493	902	0.00007	0.00004	0.00000	0.00003	38	5.0
Chryseobacterium capnotolerans	2759528	S	404	430	834	0.00006	0.00003	0.00000	0.00003	36	4.0
Chryseobacterium gambrini	373672	S	382	409	791	0.00006	0.00003	0.00000	0.00003	38	5.0
Chryseobacterium lactis	1241981	S	360	403	763	0.00006	0.00003	0.00000	0.00003	37	5.0
Chryseobacterium joostei	112234	S	333	366	699	0.00005	0.00003	0.00000	0.00003	37	5.0
Chryseobacterium indoltheticum	254	S	298	308	606	0.00004	0.00002	0.00000	0.00002	36	4.0
Chryseobacterium shandongense	1493872	S	282	311	593	0.00004	0.00002	0.00000	0.00002	38	5.0
Chryseobacterium rhizoplanae	1609531	S	264	848	1112	0.00008	0.00006	0.00000	0.00006	38	5.0
Chryseobacterium piperi	558152	S	262	265	527	0.00004	0.00002	0.00000	0.00002	36	5.0
Chryseobacterium paludis	2956784	S	257	260	517	0.00004	0.00002	0.00000	0.00002	35	4.0
Chryseobacterium glaciei	1685010	S	196	201	397	0.00003	0.00001	0.00000	0.00001	35	4.0
Chryseobacterium oryzae	2929799	S	177	192	369	0.00003	0.00001	0.00000	0.00001	34	4.0
Chryseobacterium nakagawai	1241982	S	164	208	372	0.00003	0.00002	0.00000	0.00001	36	4.0
Chryseobacterium nepalense	1854498	S	159	275	434	0.00003	0.00002	0.00002	0.00002	38	nan
Chryseobacterium balustinum	246	S	153	162	315	0.00002	0.00001	0.00000	0.00001	35	4.0
Chryseobacterium turcicum	2898076	S	142	147	289	0.00002	0.00001	0.00000	0.00001	36	4.0
Chryseobacterium panacisoli	1807141	S	108	117	225	0.00002	0.00001	0.00000	0.00001	38	5.0
Elizabethkingia anophelis	1117645	S	193	262	455	0.00003	0.00002	0.00000	0.00002	36	4.0
Blattabacterium cuenoti	1653831	S	1031	1246	2277	0.00017	0.00009	0.00000	0.00014	25	5.0
Candidatus Karelsulcia muelleri	336810	S	293	298	591	0.00004	0.00002	0.00000	0.00004	24	4.0
Pedobacter mucosus	2895286	S	445900	446308	892208	0.06477	0.03240	0.03223	0.03093	35	nan
Pedobacter heparinus	984	S	185197	185452	370649	0.02691	0.01346	0.01186	0.01117	43	nan
Sphingobacterium sp. WM	3031802	S	122	161	283	0.00002	0.00001	0.00000	0.00001	38	4.0
Sphingobacterium sp. DR205	2713573	S	120	189	309	0.00002	0.00001	0.00000	0.00001	41	4.0
Mucilaginibacter ginkgonis	2682091	S	103	112	215	0.00002	0.00001	0.00001	0.00001	44	nan
Dyadobacter sandarakinus	2747268	S	123	142	265	0.00002	0.00001	0.00000	0.00001	51	4.0
Leadbetterella byssophila	316068	S	125	132	257	0.00002	0.00001	0.00000	0.00001	41	4.0
Treponema pedis	409322	S	727268	729617	1456885	0.10576	0.05297	0.05164	0.04934	38	nan
Borreliella mayonii	1674146	S	86047	91573	177620	0.01289	0.00665	0.00924	0.00902	26	nan
Borreliella burgdorferi	139	S	106	140	246	0.00002	0.00001	0.00001	0.00001	27	nan
Borrelia turcica	229155	S	76426	76721	153147	0.01112	0.00557	0.00659	0.00650	30	nan
Brachyspira pilosicoli	52584	S	158	159	317	0.00002	0.00001	0.00000	0.00002	29	4.0
Brachyspira intermedia	84377	S	137	144	281	0.00002	0.00001	0.00000	0.00001	27	4.0
Chondromyces crocatus	52	S	311584	311607	623191	0.04524	0.02262	0.02223	0.02097	69	nan
Marinitoga sp. BP5-C20A	2809031	S	230818	230863	461681	0.03352	0.01676	0.02300	0.02304	27	nan
Calditerrivibrio nitroreducens	477976	S	93200	93216	186416	0.01353	0.00677	0.00677	0.00648	36	nan
Campylobacter sp. 2014D-0216	1813595	S	80579	86711	167290	0.01214	0.00629	0.00724	0.00692	31	nan
Campylobacter sp. RM5004	1660078	S	160	160	320	0.00002	0.00001	0.00000	0.00001	29	4.0
Aliarcobacter thereius	544718	S	164	358	522	0.00004	0.00003	0.00000	0.00004	26	4.0
Poseidonibacter lekithochrous	1904463	S	118	118	236	0.00002	0.00001	0.00000	0.00001	28	4.0
Fusobacterium periodonticum	860	S	145	271	416	0.00003	0.00002	0.00000	0.00003	27	4.0
Fusobacterium hwasookii	1583098	S	122	184	306	0.00002	0.00001	0.00000	0.00002	27	4.0
Homo sapiens	9606	S	2523	2889	5412	0.00039	0.00021	0.00000	0.00019	37	4.0
