name	taxonomy_id	taxonomy_lvl	kraken_assigned_reads	added_reads	new_est_reads	fraction_total_reads	Bracken_estimate	GuaCAMOLE_estimate	GuaCAMOLE_est_eff	GC content	Taxon Removal Cycle
Arthrobacter polaris	2813727	S	427029	428140	855169	0.05712	0.02860	0.02430	0.02400	60	nan
Georgenia sp. TF02-10	2917725	S	204702	207431	412133	0.02753	0.01386	0.01939	0.02042	74	nan
Arsenicicoccus sp. oral taxon 190	1658671	S	85169	86001	171170	0.01143	0.00574	0.00760	0.00745	73	nan
Microbacterium sp. CGR1	1696072	S	53361	68811	122172	0.00816	0.00460	0.00472	0.00466	68	nan
Gordonia jinghuaiqii	2758710	S	553478	555070	1108548	0.07405	0.03708	0.03789	0.03706	69	nan
Mycobacterium florentinum	292462	S	37571	37784	75355	0.00503	0.00252	0.00251	0.00245	67	nan
Mycolicibacterium fallax	1793	S	26515	27646	54161	0.00362	0.00185	0.00211	0.00212	71	nan
Mycolicibacterium phlei	1771	S	1423	1460	2883	0.00019	0.00010	0.00000	0.00011	70	5.0
Nocardioides sp. S5	2017486	S	248468	251416	499884	0.03339	0.01679	0.02007	0.01961	73	nan
Brooklawnia sp. SH051	3041175	S	88796	89970	178766	0.01194	0.00601	0.00585	0.00570	66	nan
Streptomyces sp. NEAU-S7GS2	2202000	S	41511	64680	106191	0.00709	0.00432	0.00508	0.00517	72	nan
Streptomyces sp. P9-2B-2	3057114	S	15495	46830	62325	0.00416	0.00313	0.00370	0.00383	72	nan
Streptomyces sp. PVA_94-07	1225337	S	6176	36310	42486	0.00284	0.00243	0.00305	0.00307	73	nan
Streptomyces sp. B146	2944251	S	731	75991	76722	0.00512	0.00508	0.00650	0.00636	73	nan
Streptomyces sp. VN1	1821625	S	129	175	304	0.00002	0.00001	0.00002	0.00001	73	nan
Streptomyces tanashiensis	67367	S	83015	86919	169934	0.01135	0.00581	0.00737	0.00734	73	nan
Streptomyces aurantiacus	47760	S	13612	13880	27492	0.00184	0.00093	0.00104	0.00106	71	nan
Streptomyces venezuelae	54571	S	168	175	343	0.00002	0.00001	0.00001	0.00001	72	nan
Micromonospora sp. WMMD964	3016091	S	107960	132154	240114	0.01604	0.00883	0.01059	0.01063	72	nan
Micromonospora sp. WMMC415	2675222	S	105328	107750	213078	0.01423	0.00720	0.00953	0.00947	73	nan
Micromonospora sp. NBRC 110009	3061627	S	31175	32317	63492	0.00424	0.00216	0.00286	0.00282	73	nan
Micromonospora sp. WMMD812	3015152	S	329	336	665	0.00004	0.00002	0.00000	0.00003	74	5.0
Verrucosispora sp. NA02020	2742132	S	323	330	653	0.00004	0.00002	0.00003	0.00003	72	nan
Micromonospora sp. WMMD882	3015151	S	287	292	579	0.00004	0.00002	0.00000	0.00003	75	5.0
Verrucosispora sp. WMMD1129	3016093	S	277	285	562	0.00004	0.00002	0.00002	0.00002	71	nan
Micromonospora sp. HUAS 3	3028804	S	273	278	551	0.00004	0.00002	0.00000	0.00002	73	5.0
Micromonospora sp. LH3U1	3018339	S	248	253	501	0.00003	0.00002	0.00002	0.00002	71	nan
Verrucosispora sp. WMMD573	3015149	S	165	169	334	0.00002	0.00001	0.00001	0.00001	71	nan
Micromonospora sp. WMMD1155	3016094	S	156	186	342	0.00002	0.00001	0.00002	0.00001	71	nan
Micromonospora sp. HM134	2583243	S	150	159	309	0.00002	0.00001	0.00000	0.00001	73	5.0
Micromonospora sp. HUAS LYJ1	3061626	S	137	144	281	0.00002	0.00001	0.00001	0.00001	73	nan
Verrucosispora sp. WMMC514	3015156	S	133	140	273	0.00002	0.00001	0.00001	0.00001	72	nan
Micromonospora sp. WMMA1947	3015163	S	131	147	278	0.00002	0.00001	0.00000	0.00001	74	5.0
Micromonospora sp. B006	2201999	S	129	142	271	0.00002	0.00001	0.00000	0.00001	73	5.0
Micromonospora sp. WMMD998	3016092	S	124	132	256	0.00002	0.00001	0.00000	0.00001	74	5.0
Micromonospora sp. WMMA1976	3014995	S	118	135	253	0.00002	0.00001	0.00000	0.00001	73	5.0
Verrucosispora sp. WMMA2044	3016419	S	117	124	241	0.00002	0.00001	0.00001	0.00001	72	nan
Micromonospora sp. WMMA2032	2039870	S	111	126	237	0.00002	0.00001	0.00000	0.00001	74	5.0
Micromonospora krabiensis	307121	S	340	347	687	0.00005	0.00002	0.00000	0.00003	74	5.0
Micromonospora coriariae	285665	S	289	296	585	0.00004	0.00002	0.00000	0.00002	72	5.0
Micromonospora profundi	1420889	S	274	278	552	0.00004	0.00002	0.00000	0.00002	71	5.0
Micromonospora echinaurantiaca	47857	S	255	263	518	0.00003	0.00002	0.00000	0.00002	74	5.0
Micromonospora endophytica	515350	S	236	240	476	0.00003	0.00002	0.00000	0.00002	72	5.0
Micromonospora maris	1003110	S	226	229	455	0.00003	0.00002	0.00002	0.00002	72	nan
Micromonospora siamensis	299152	S	207	213	420	0.00003	0.00001	0.00000	0.00002	74	5.0
Micromonospora zamorensis	709883	S	206	211	417	0.00003	0.00001	0.00000	0.00002	72	5.0
Micromonospora purpureochromogenes	47872	S	203	210	413	0.00003	0.00001	0.00000	0.00002	73	5.0
Micromonospora craniellae	2294034	S	199	203	402	0.00003	0.00001	0.00000	0.00002	72	5.0
Micromonospora ferruginea	2749844	S	196	205	401	0.00003	0.00001	0.00000	0.00002	74	5.0
Micromonospora echinospora	1877	S	173	176	349	0.00002	0.00001	0.00000	0.00002	73	5.0
Micromonospora inositola	47865	S	171	176	347	0.00002	0.00001	0.00000	0.00002	73	5.0
Micromonospora sagamiensis	47875	S	165	168	333	0.00002	0.00001	0.00000	0.00001	73	5.0
Micromonospora auratinigra	261654	S	164	169	333	0.00002	0.00001	0.00000	0.00002	74	5.0
Micromonospora halotolerans	709879	S	161	168	329	0.00002	0.00001	0.00000	0.00002	74	5.0
Micromonospora terminaliae	1914461	S	160	166	326	0.00002	0.00001	0.00000	0.00002	74	5.0
Micromonospora echinofusca	47858	S	157	161	318	0.00002	0.00001	0.00000	0.00001	74	5.0
Micromonospora chokoriensis	356851	S	156	161	317	0.00002	0.00001	0.00000	0.00001	72	5.0
Micromonospora narathiwatensis	299146	S	154	158	312	0.00002	0.00001	0.00000	0.00001	74	5.0
Micromonospora coxensis	356852	S	153	158	311	0.00002	0.00001	0.00000	0.00001	74	5.0
Micromonospora viridifaciens	1881	S	152	156	308	0.00002	0.00001	0.00000	0.00001	72	5.0
Actinoplanes sp. N902-109	649831	S	3495	3781	7276	0.00049	0.00025	0.00037	0.00030	72	nan
Actinoplanes sp. L3-i22	2836373	S	3064	4254	7318	0.00049	0.00028	0.00039	0.00034	73	nan
Actinoplanes sp. OR16	946334	S	2915	3676	6591	0.00044	0.00025	0.00030	0.00028	71	nan
Actinoplanes sp. NRRL 3884	3040509	S	1994	3566	5560	0.00037	0.00024	0.00034	0.00029	73	nan
Actinoplanes friuliensis	196914	S	4771	4962	9733	0.00065	0.00033	0.00042	0.00038	71	nan
Actinoplanes hotanensis	2906497	S	4204	4218	8422	0.00056	0.00028	0.00033	0.00033	72	nan
Actinoplanes derwentensis	113562	S	2648	2853	5501	0.00037	0.00019	0.00021	0.00021	70	nan
Actinoplanes sichuanensis	512349	S	2545	2805	5350	0.00036	0.00019	0.00021	0.00021	71	nan
Actinoplanes missouriensis	1866	S	2369	2870	5239	0.00035	0.00019	0.00025	0.00022	72	nan
Actinoplanes teichomyceticus	1867	S	1934	2418	4352	0.00029	0.00016	0.00000	0.00021	73	5.0
Actinoplanes ianthinogenes	122358	S	1600	2319	3919	0.00026	0.00015	0.00022	0.00019	73	nan
Couchioplanes caeruleus	56438	S	3466	3535	7001	0.00047	0.00024	0.00000	0.00030	74	5.0
Dactylosporangium aurantiacum	35754	S	524	530	1054	0.00007	0.00004	0.00000	0.00005	74	5.0
Dactylosporangium fulvum	53359	S	284	308	592	0.00004	0.00002	0.00003	0.00002	72	nan
Dactylosporangium vinaceum	53362	S	154	399	553	0.00004	0.00003	0.00000	0.00003	73	5.0
Dactylosporangium roseum	47989	S	132	145	277	0.00002	0.00001	0.00000	0.00001	72	5.0
Dactylosporangium matsuzakiense	53360	S	100	285	385	0.00003	0.00002	0.00000	0.00002	73	5.0
Phytohabitans suffuscus	624315	S	602	666	1268	0.00008	0.00004	0.00006	0.00006	73	nan
Phytohabitans flavus	1076124	S	370	401	771	0.00005	0.00003	0.00000	0.00003	71	5.0
Solwaraspora sp. WMMD791	3016086	S	213	369	582	0.00004	0.00002	0.00000	0.00003	72	5.0
Solwaraspora sp. WMMA2056	3015161	S	136	326	462	0.00003	0.00002	0.00000	0.00003	72	5.0
Plantactinospora sp. KBS50	2024580	S	314	608	922	0.00006	0.00004	0.00000	0.00005	73	5.0
Catellatospora sp. IY07-71	2728827	S	340	343	683	0.00005	0.00002	0.00000	0.00003	73	5.0
Polymorphospora rubra	338584	S	325	330	655	0.00004	0.00002	0.00000	0.00003	73	5.0
Saccharomonospora marina	632569	S	154507	155277	309784	0.02069	0.01037	0.01119	0.01094	70	nan
Pseudonocardia petroleophila	37331	S	107898	108828	216726	0.01448	0.00727	0.00991	0.01049	75	nan
Pseudonocardia sp. DSM 110487	2865833	S	105	159	264	0.00002	0.00001	0.00000	0.00001	72	4.0
Saccharothrix syringae	103733	S	103	108	211	0.00001	0.00001	0.00000	0.00001	75	4.0
Actinomyces marmotae	2737173	S	144670	145419	290089	0.01938	0.00971	0.01196	0.01193	72	nan
Nonomuraea sp. ATCC 55076	1909395	S	112	164	276	0.00002	0.00001	0.00000	0.00001	73	5.0
Streptosporangium sp. 'caverna'	2202249	S	211	236	447	0.00003	0.00002	0.00000	0.00002	70	4.0
Baekduia soli	496014	S	30831	30849	61680	0.00412	0.00206	0.00281	0.00295	74	nan
Bacillus sp. Y1	352858	S	368440	369831	738271	0.04931	0.02470	0.02198	0.02137	38	nan
Bacillus sp. S3	486398	S	183548	184273	367821	0.02457	0.01231	0.01068	0.01045	41	nan
Bacillus sp. A260	2660750	S	33663	300415	334078	0.02231	0.02007	0.01951	0.01876	35	nan
Bacillus sp. DX3.1	3052091	S	211	216	427	0.00003	0.00001	0.00001	0.00001	36	nan
Bacillus sp. BD59S	2499213	S	104	179	283	0.00002	0.00001	0.00001	0.00001	35	nan
Bacillus sp. ZJS3	2928154	S	102	166	268	0.00002	0.00001	0.00001	0.00001	35	nan
Bacillus cereus	1396	S	4457	29997	34454	0.00230	0.00200	0.00195	0.00187	35	nan
Bacillus thuringiensis	1428	S	2893	121874	124767	0.00833	0.00814	0.00793	0.00761	35	nan
Bacillus mycoides	1405	S	1098	1796	2894	0.00019	0.00012	0.00012	0.00011	35	nan
Bacillus wiedmannii	1890302	S	740	945	1685	0.00011	0.00006	0.00006	0.00006	35	nan
Bacillus luti	2026191	S	476	510	986	0.00007	0.00003	0.00003	0.00003	35	nan
Bacillus anthracis	1392	S	440	26071	26511	0.00177	0.00174	0.00170	0.00163	35	nan
Bacillus pseudomycoides	64104	S	407	413	820	0.00005	0.00003	0.00003	0.00003	35	nan
Bacillus toyonensis	155322	S	374	854	1228	0.00008	0.00006	0.00006	0.00005	35	nan
Bacillus tropicus	2026188	S	317	739	1056	0.00007	0.00005	0.00005	0.00005	35	nan
Bacillus cytotoxicus	580165	S	236	237	473	0.00003	0.00002	0.00001	0.00001	36	nan
Bacillus paranthracis	2026186	S	208	909	1117	0.00007	0.00006	0.00006	0.00006	35	nan
Bacillus nitratireducens	2026193	S	203	231	434	0.00003	0.00002	0.00001	0.00001	36	nan
Bacillus pacificus	2026187	S	140	245	385	0.00003	0.00002	0.00002	0.00002	36	nan
Bacillus arachidis	2819290	S	142	145	287	0.00002	0.00001	0.00001	0.00001	36	nan
Lysinibacillus sp. GJ-1	2896845	S	15980	38649	54629	0.00365	0.00258	0.00234	0.00230	37	nan
Salicibibacter cibi	2743001	S	103	105	208	0.00001	0.00001	0.00000	0.00001	46	4.0
Staphylococcus arlettae	29378	S	311405	316545	627950	0.04194	0.02114	0.02132	0.02065	34	nan
Staphylococcus xylosus	1288	S	1550	1583	3133	0.00021	0.00011	0.00000	0.00011	33	4.0
Staphylococcus carnosus	1281	S	968	984	1952	0.00013	0.00007	0.00000	0.00006	35	4.0
Staphylococcus equorum	246432	S	954	1374	2328	0.00016	0.00009	0.00000	0.00009	34	4.0
Staphylococcus epidermidis	1282	S	668	721	1389	0.00009	0.00005	0.00000	0.00005	33	5.0
Staphylococcus saprophyticus	29385	S	454	468	922	0.00006	0.00003	0.00000	0.00003	33	4.0
Staphylococcus aureus	1280	S	179	385	564	0.00004	0.00003	0.00000	0.00003	33	4.0
Sporosarcina sp. Marseille-Q4063	2810514	S	21499	21533	43032	0.00287	0.00144	0.00126	0.00122	40	nan
Paenibacillus sp. FSL H7-0357	1536774	S	104	144	248	0.00002	0.00001	0.00000	0.00001	50	4.0
Vagococcus intermedius	2991418	S	213087	214852	427939	0.02858	0.01435	0.01367	0.01337	36	nan
Weissella koreensis	165096	S	113056	115389	228445	0.01526	0.00771	0.00734	0.00720	37	nan
Pediococcus pentosaceus	1255	S	37254	37990	75244	0.00503	0.00254	0.00233	0.00225	38	nan
Clostridium tyrobutyricum	1519	S	377454	377823	755277	0.05045	0.02524	0.02779	0.02740	32	nan
Clostridium kluyveri	1534	S	6799	6804	13603	0.00091	0.00045	0.00050	0.00048	31	nan
Clostridium ljungdahlii	1538	S	2650	4047	6697	0.00045	0.00027	0.00032	0.00029	31	nan
Clostridium manihotivorum	2320868	S	2106	2109	4215	0.00028	0.00014	0.00000	0.00015	33	5.0
Clostridium pasteurianum	1501	S	1512	1513	3025	0.00020	0.00010	0.00011	0.00011	31	nan
Clostridium sp. 001	1970093	S	403	473	876	0.00006	0.00003	0.00000	0.00003	32	5.0
Clostridium sp. AWRP	2212991	S	217	243	460	0.00003	0.00002	0.00000	0.00002	31	3.0
Clostridium sp. JN-1	2483110	S	173	173	346	0.00002	0.00001	0.00000	0.00001	31	4.0
Clostridium sp. OS1-26	3070681	S	143	143	286	0.00002	0.00001	0.00000	0.00001	32	3.0
Clostridium sp. DL-VIII	641107	S	119	119	238	0.00002	0.00001	0.00000	0.00001	30	4.0
Clostridium sp. JS66	3064705	S	106	108	214	0.00001	0.00001	0.00000	0.00001	30	4.0
Clostridium botulinum	1491	S	839	964	1803	0.00012	0.00006	0.00000	0.00008	28	5.0
Clostridium scatologenes	1548	S	392	409	801	0.00005	0.00003	0.00000	0.00003	29	5.0
Clostridium taeniosporum	394958	S	238	238	476	0.00003	0.00002	0.00000	0.00002	27	4.0
Clostridium fermenticellae	2068654	S	216	216	432	0.00003	0.00001	0.00000	0.00002	31	3.0
Clostridium carboxidivorans	217159	S	165	168	333	0.00002	0.00001	0.00000	0.00001	31	4.0
Clostridium tagluense	360422	S	150	150	300	0.00002	0.00001	0.00000	0.00001	30	4.0
Clostridium estertheticum	238834	S	147	147	294	0.00002	0.00001	0.00000	0.00001	30	4.0
Clostridium felsineum	36839	S	138	138	276	0.00002	0.00001	0.00000	0.00001	30	4.0
Clostridium thermarum	1716543	S	102	103	205	0.00001	0.00001	0.00000	0.00001	37	3.0
Caminicella sporogenes	166485	S	9356	9376	18732	0.00125	0.00063	0.00076	0.00075	30	nan
Candidatus Syntrophocurvum alkaliphilum	2293317	S	184605	184652	369257	0.02466	0.01233	0.01267	0.01250	32	nan
Clostridioides difficile	1496	S	139861	144697	284558	0.01901	0.00967	0.01185	0.01163	29	nan
Dehalobacter sp. CF	1131462	S	3189	56696	59885	0.00400	0.00379	0.00315	0.00310	46	nan
[Clostridium] colinum	36835	S	53939	54009	107948	0.00721	0.00361	0.00498	0.00527	26	nan
Coprococcus eutactus	33043	S	222	292	514	0.00003	0.00002	0.00000	0.00002	45	4.0
Mesoplasma tabanidae	219745	S	148811	153807	302618	0.02021	0.01027	0.01368	0.01366	27	nan
Mesomycoplasma flocculare	2128	S	40259	41271	81530	0.00545	0.00276	0.00330	0.00328	29	nan
Mesomycoplasma molare	171288	S	3180	3185	6365	0.00043	0.00021	0.00032	0.00033	24	nan
Metamycoplasma hyosynoviae	29559	S	43581	43652	87233	0.00583	0.00292	0.00383	0.00383	27	nan
Pseudomonas seleniipraecipitans	640205	S	492464	499032	991496	0.06623	0.03333	0.03005	0.02891	63	nan
Pseudomonas juntendi	2666183	S	73670	175356	249026	0.01663	0.01171	0.01059	0.01034	63	nan
Pseudomonas sp. MM211	2866808	S	13818	14133	27951	0.00187	0.00094	0.00000	0.00082	63	5.0
Pseudomonas sp. LPH1	1898684	S	709	1360	2069	0.00014	0.00009	0.00008	0.00008	64	nan
Pseudomonas sp. MSPm1	2726956	S	362	415	777	0.00005	0.00003	0.00003	0.00002	63	nan
Pseudomonas sp. DY-1	1755504	S	289	304	593	0.00004	0.00002	0.00000	0.00002	64	4.0
Pseudomonas sp. NY5710	2662033	S	228	572	800	0.00005	0.00004	0.00003	0.00003	63	nan
Pseudomonas sp. SL4(2022)	2994661	S	169	179	348	0.00002	0.00001	0.00000	0.00001	61	4.0
Pseudomonas sp. DNDY-54	2870860	S	165	213	378	0.00003	0.00001	0.00000	0.00001	62	5.0
Pseudomonas sp. B11D7D	2735906	S	158	175	333	0.00002	0.00001	0.00001	0.00001	63	nan
Pseudomonas sp. CC6-YY-74	1930532	S	119	121	240	0.00002	0.00001	0.00000	0.00001	63	4.0
Pseudomonas sp. NEEL19	2867409	S	110	631	741	0.00005	0.00004	0.00004	0.00004	63	nan
Pseudomonas fulva	47880	S	3944	7141	11085	0.00074	0.00048	0.00043	0.00042	64	nan
Pseudomonas putida	303	S	987	2231	3218	0.00021	0.00015	0.00013	0.00013	63	nan
Pseudomonas aeruginosa	287	S	766	2875	3641	0.00024	0.00019	0.00019	0.00017	65	nan
Pseudomonas mendocina	300	S	672	766	1438	0.00010	0.00005	0.00005	0.00005	64	nan
Pseudomonas alcaligenes	43263	S	112	121	233	0.00002	0.00001	0.00000	0.00001	66	5.0
Pseudomonas argentinensis	289370	S	1334	1410	2744	0.00018	0.00009	0.00000	0.00009	66	5.0
Pseudomonas syringae	317	S	215	515	730	0.00005	0.00003	0.00000	0.00003	61	4.0
Pseudomonas viridiflava	33069	S	105	110	215	0.00001	0.00001	0.00000	0.00001	61	4.0
Pseudomonas fluorescens	294	S	292	453	745	0.00005	0.00003	0.00000	0.00003	62	5.0
Pseudomonas knackmussii	65741	S	398	445	843	0.00006	0.00003	0.00003	0.00003	65	nan
Pseudomonas alcaliphila	101564	S	390	628	1018	0.00007	0.00004	0.00004	0.00004	64	nan
Pseudomonas chlororaphis	587753	S	142	248	390	0.00003	0.00002	0.00001	0.00001	64	nan
Pseudomonas benzenivorans	556533	S	247	252	499	0.00003	0.00002	0.00000	0.00002	67	5.0
Pseudomonas eucalypticola	2599595	S	229	242	471	0.00003	0.00002	0.00002	0.00001	65	nan
Pseudomonas chengduensis	489632	S	168	334	502	0.00003	0.00002	0.00002	0.00002	64	nan
Pseudomonas campi	2731681	S	119	124	243	0.00002	0.00001	0.00000	0.00001	65	5.0
Pseudomonas thivervalensis	86265	S	117	130	247	0.00002	0.00001	0.00000	0.00001	63	5.0
Pseudomonas entomophila	312306	S	104	110	214	0.00001	0.00001	0.00000	0.00001	65	5.0
Stutzerimonas stutzeri	316	S	40717	45202	85919	0.00574	0.00302	0.00000	0.00271	65	5.0
Stutzerimonas frequens	2968969	S	329	439	768	0.00005	0.00003	0.00000	0.00003	64	4.0
[Pseudomonas] zhaodongensis	1176257	S	39332	46263	85595	0.00572	0.00309	0.00278	0.00263	61	nan
Stutzerimonas xanthomarina	271420	S	1273	1327	2600	0.00017	0.00009	0.00008	0.00008	61	nan
Arsenophonus sp. aPb	3041619	S	308745	320360	629105	0.04202	0.02140	0.02006	0.01963	40	nan
Arsenophonus endosymbiont of Aleurodicus dispersus	235559	S	134	134	268	0.00002	0.00001	0.00000	0.00001	36	4.0
Arsenophonus endosymbiont of Aphis craccivora	1231049	S	117	123	240	0.00002	0.00001	0.00000	0.00001	40	4.0
Candidatus Arsenophonus lipoptenae	634113	S	370	370	740	0.00005	0.00002	0.00000	0.00004	27	4.0
Arsenophonus nasoniae	638	S	227	232	459	0.00003	0.00002	0.00000	0.00001	40	4.0
Arsenophonus apicola	2879119	S	131	134	265	0.00002	0.00001	0.00000	0.00001	39	4.0
Providencia sneebia	516075	S	153	816	969	0.00006	0.00005	0.00000	0.00005	40	4.0
Proteus mirabilis	584	S	388	513	901	0.00006	0.00003	0.00000	0.00003	40	4.0
Proteus vulgaris	585	S	144	370	514	0.00003	0.00002	0.00000	0.00002	40	4.0
Proteus penneri	102862	S	133	206	339	0.00002	0.00001	0.00000	0.00001	40	4.0
Moellerella wisconsensis	158849	S	127	168	295	0.00002	0.00001	0.00000	0.00001	42	4.0
Candidatus Gullanella endobia	1070130	S	270439	271009	541448	0.03617	0.01810	0.02227	0.02352	20	nan
Blochmannia endosymbiont of Polyrhachis (Hedomyrma) turneri	1505596	S	326	334	660	0.00004	0.00002	0.00000	0.00003	30	4.0
Blochmannia endosymbiont of Camponotus (Colobopsis) obliquus	1505597	S	312	319	631	0.00004	0.00002	0.00000	0.00003	31	4.0
Blochmannia endosymbiont of Colobopsis nipponica	2681987	S	239	246	485	0.00003	0.00002	0.00000	0.00002	31	4.0
Blochmannia endosymbiont of Camponotus sp.	700220	S	208	703	911	0.00006	0.00005	0.00000	0.00006	32	5.0
Blochmannia endosymbiont of Camponotus nipponensis	2681986	S	136	171	307	0.00002	0.00001	0.00000	0.00001	32	4.0
Candidatus Blochmannia vafer	251535	S	219	240	459	0.00003	0.00002	0.00000	0.00002	29	4.0
Candidatus Blochmannia ocreatus	251538	S	163	185	348	0.00002	0.00001	0.00000	0.00002	29	4.0
Candidatus Westeberhardia cardiocondylae	1594731	S	132	132	264	0.00002	0.00001	0.00000	0.00002	26	4.0
secondary endosymbiont of Heteropsylla cubana	134287	S	310	310	620	0.00004	0.00002	0.00000	0.00003	21	4.0
Candidatus Hamiltonella defensa	138072	S	195	195	390	0.00003	0.00001	0.00000	0.00001	41	4.0
Candidatus Tachikawaea gelatinosa	1410383	S	359	360	719	0.00005	0.00002	0.00000	0.00004	26	4.0
Candidatus Purcelliella pentastirinorum	472834	S	308	308	616	0.00004	0.00002	0.00000	0.00004	23	4.0
Candidatus Mikella endobia	1778264	S	130	130	260	0.00002	0.00001	0.00000	0.00001	35	4.0
Enterobacteriaceae endosymbiont of Neohaemonia nigricornis	2675792	S	211	237	448	0.00003	0.00002	0.00000	0.00004	21	4.0
Enterobacteriaceae endosymbiont of Plateumaris pusilla	2675795	S	193	320	513	0.00003	0.00002	0.00000	0.00005	20	4.0
Enterobacteriaceae endosymbiont of Plateumaris consimilis	2675794	S	188	299	487	0.00003	0.00002	0.00000	0.00005	20	4.0
Enterobacteriaceae endosymbiont of Donacia tomentosa	2675787	S	173	199	372	0.00002	0.00001	0.00000	0.00003	23	4.0
Enterobacteriaceae endosymbiont of Donacia thalassina	2675786	S	129	186	315	0.00002	0.00001	0.00000	0.00003	20	4.0
Enterobacteriaceae endosymbiont of Plateumaris rustica	2675796	S	122	166	288	0.00002	0.00001	0.00000	0.00003	21	4.0
Enterobacteriaceae endosymbiont of Donacia versicolorea	2675788	S	104	577	681	0.00005	0.00004	0.00000	0.00010	21	4.0
Candidatus Profftia lariciata	1987921	S	512	514	1026	0.00007	0.00003	0.00000	0.00007	12	5.0
Candidatus Profftia sp. (ex Adelges kitamiensis)	2864218	S	280	281	561	0.00004	0.00002	0.00000	0.00003	15	4.0
Candidatus Schneideria nysicola	1081631	S	381	381	762	0.00005	0.00003	0.00000	0.00003	30	4.0
Escherichia coli	562	S	237	2871	3108	0.00021	0.00019	0.00000	0.00016	53	4.0
Candidatus Ishikawaella capsulata	168169	S	297	297	594	0.00004	0.00002	0.00000	0.00002	29	5.0
Buchnera aphidicola	9	S	6986	6903	13889	0.00093	0.00046	0.00000	0.00070	26	4.0
Pantoea sp. Mhis	2576759	S	3627	3627	7254	0.00048	0.00024	0.00000	0.00039	30	5.0
Candidatus Pantoea carbekii	1235990	S	1637	1791	3428	0.00023	0.00012	0.00000	0.00014	34	4.0
Pantoea vagans	470934	S	105	442	547	0.00004	0.00003	0.00000	0.00002	56	4.0
Pantoea agglomerans	549	S	104	321	425	0.00003	0.00002	0.00000	0.00002	56	4.0
Candidatus Erwinia haradaeae	1922217	S	2809	2847	5656	0.00038	0.00019	0.00000	0.00021	36	5.0
Tatumella ptyseos	82987	S	159	214	373	0.00002	0.00001	0.00000	0.00001	50	4.0
Wigglesworthia glossinidia	51229	S	155	172	327	0.00002	0.00001	0.00000	0.00002	24	4.0
Hafnia alvei	569	S	126	135	261	0.00002	0.00001	0.00000	0.00001	51	4.0
Flagellatimonas centrodinii	2806210	S	476074	476742	952816	0.06364	0.03184	0.03013	0.02972	66	nan
Halomonas sp. PAMB 3264	3075222	S	102471	168134	270605	0.01808	0.01123	0.01008	0.00990	63	nan
Acinetobacter baumannii	470	S	2338	75533	77871	0.00520	0.00505	0.00449	0.00435	40	nan
Acinetobacter seifertii	1530123	S	214	372	586	0.00004	0.00002	0.00002	0.00002	40	nan
Acinetobacter pittii	48296	S	198	934	1132	0.00008	0.00006	0.00005	0.00005	40	nan
Acinetobacter nosocomialis	106654	S	188	375	563	0.00004	0.00003	0.00002	0.00002	40	nan
Acinetobacter calcoaceticus	471	S	122	165	287	0.00002	0.00001	0.00001	0.00001	40	nan
Alteromonas naphthalenivorans	715451	S	51036	55532	106568	0.00712	0.00371	0.00311	0.00299	45	nan
Colwellia sp. 20A7	2689569	S	149	175	324	0.00002	0.00001	0.00000	0.00001	37	4.0
Francisella sp. Scap27	2589986	S	52684	54120	106804	0.00713	0.00361	0.00365	0.00359	34	nan
Haemophilus parainfluenzae	729	S	162	232	394	0.00003	0.00002	0.00000	0.00001	40	4.0
Haemophilus influenzae	727	S	119	770	889	0.00006	0.00005	0.00000	0.00004	40	4.0
Pasteurella canis	753	S	115	212	327	0.00002	0.00001	0.00000	0.00001	38	4.0
Mannheimia granulomatis	85402	S	142	198	340	0.00002	0.00001	0.00000	0.00001	40	4.0
Gallibacterium salpingitidis	505341	S	129	133	262	0.00002	0.00001	0.00000	0.00001	38	3.0
Mergibacter septicus	221402	S	111	118	229	0.00002	0.00001	0.00000	0.00001	37	3.0
Paraphotobacterium marinum	1755811	S	103	150	253	0.00002	0.00001	0.00000	0.00001	32	4.0
Gilliamella sp. B3022	2817969	S	150	204	354	0.00002	0.00001	0.00000	0.00001	36	3.0
Gilliamella sp. ESL0443	2704655	S	139	185	324	0.00002	0.00001	0.00000	0.00001	36	3.0
Gilliamella sp. ESL0405	2704653	S	112	135	247	0.00002	0.00001	0.00000	0.00001	38	4.0
Gilliamella apis	1970738	S	134	168	302	0.00002	0.00001	0.00000	0.00001	36	3.0
Frischella perrara	1267021	S	130	138	268	0.00002	0.00001	0.00000	0.00001	34	3.0
Zophobihabitans entericus	1635327	S	104	105	209	0.00001	0.00001	0.00000	0.00001	40	3.0
Candidatus Baumannia cicadellinicola	186490	S	551	577	1128	0.00008	0.00004	0.00000	0.00004	34	4.0
Sphingomonas hengshuiensis	1609977	S	344054	345017	689071	0.04603	0.02305	0.02309	0.02266	67	nan
Sphingomonas sp. PAMC26645	2565555	S	78074	79403	157477	0.01052	0.00530	0.00510	0.00496	66	nan
Sphingomonas sp. H160509	2955313	S	22837	23230	46067	0.00308	0.00155	0.00136	0.00133	62	nan
Sphingomonas sp. HMP9	1517554	S	8300	8509	16809	0.00112	0.00057	0.00056	0.00054	66	nan
Sphingomonas sp. AAP5	1523415	S	364	370	734	0.00005	0.00002	0.00000	0.00002	66	5.0
Sphingomonas sp. ZFBP2030	2972485	S	172	172	344	0.00002	0.00001	0.00000	0.00001	66	5.0
Sphingomonas sp. SUN019	2937788	S	158	158	316	0.00002	0.00001	0.00000	0.00001	67	4.0
Sphingomonas sp. CV7422	3018036	S	144	149	293	0.00002	0.00001	0.00000	0.00001	69	4.0
Sphingomonas sp.	28214	S	122	135	257	0.00002	0.00001	0.00000	0.00001	65	5.0
Sphingomonas sp. FARSPH	2219696	S	104	111	215	0.00001	0.00001	0.00000	0.00001	68	4.0
Sphingomonas sanxanigenens	397260	S	39796	42236	82032	0.00548	0.00282	0.00279	0.00276	67	nan
Sphingomonas aerolata	185951	S	2111	2127	4238	0.00028	0.00014	0.00016	0.00014	67	nan
Sphingomonas panacis	1560345	S	180	180	360	0.00002	0.00001	0.00000	0.00001	65	4.0
Sphingomonas taxi	1549858	S	140	141	281	0.00002	0.00001	0.00000	0.00001	69	4.0
Sphingomonas insulae	424800	S	102	103	205	0.00001	0.00001	0.00000	0.00001	68	4.0
Novosphingobium terrae	2726189	S	10510	10534	21044	0.00141	0.00070	0.00065	0.00063	65	nan
Novosphingobium sp. KACC 22771	3025670	S	271	343	614	0.00004	0.00002	0.00000	0.00002	64	5.0
Novosphingobium sp. 9	2025349	S	126	144	270	0.00002	0.00001	0.00000	0.00001	65	5.0
Novosphingobium sp. EMRT-2	2571749	S	102	133	235	0.00002	0.00001	0.00000	0.00001	66	5.0
Novosphingobium humi	2282397	S	364	452	816	0.00005	0.00003	0.00000	0.00003	64	5.0
Novosphingobium resinovorum	158500	S	106	137	243	0.00002	0.00001	0.00000	0.00001	65	5.0
Croceicoccus naphthovorans	1348774	S	287368	310788	598156	0.03995	0.02076	0.01872	0.01835	63	nan
Phyllobacterium sp. T1018	555316	S	254803	255050	509853	0.03406	0.01704	0.01457	0.01430	59	nan
Rhizobium sp. BJ04	3024242	S	32300	165746	198046	0.01323	0.01107	0.00976	0.00961	63	nan
Rhizobium sp. NZLR1	2731096	S	176	198	374	0.00002	0.00001	0.00001	0.00001	62	nan
Rhizobium sp. CIAT894	2020312	S	170	175	345	0.00002	0.00001	0.00001	0.00001	62	nan
Rhizobium sp. Pop5	1223565	S	148	151	299	0.00002	0.00001	0.00001	0.00001	62	nan
Hyphomicrobium sp. DMF-1	3019544	S	71229	71251	142480	0.00952	0.00476	0.00441	0.00430	64	nan
Bradyrhizobium sp. CCBAU 51765	1325102	S	45551	49384	94935	0.00634	0.00330	0.00306	0.00300	65	nan
Brevundimonas sp. MF30-B	2561924	S	188501	188946	377447	0.02521	0.01262	0.01308	0.01281	68	nan
Skermanella mucosa	1789672	S	72899	73633	146532	0.00979	0.00492	0.00505	0.00499	69	nan
Rickettsia rhipicephali	33992	S	32672	49143	81815	0.00546	0.00328	0.00340	0.00336	30	nan
Wolbachia endosymbiont (group A) of Phalera bucephala	2954042	S	588	14852	15440	0.00103	0.00099	0.00093	0.00092	35	nan
Polynucleobacter sp. UB-Siik-W21	1855646	S	361371	389922	751293	0.05018	0.02604	0.02148	0.02072	46	nan
Burkholderia stabilis	95485	S	38622	42410	81032	0.00541	0.00283	0.00279	0.00280	67	nan
Burkholderia cenocepacia	95486	S	781	1707	2488	0.00017	0.00011	0.00011	0.00011	68	nan
Burkholderia cepacia	292	S	414	749	1163	0.00008	0.00005	0.00000	0.00005	68	5.0
Burkholderia contaminans	488447	S	328	356	684	0.00005	0.00002	0.00000	0.00002	67	5.0
Burkholderia pyrrocinia	60550	S	288	319	607	0.00004	0.00002	0.00000	0.00002	68	5.0
Burkholderia multivorans	87883	S	277	297	574	0.00004	0.00002	0.00002	0.00002	68	nan
Burkholderia ambifaria	152480	S	195	17368	17563	0.00117	0.00116	0.00120	0.00116	68	nan
Burkholderia lata	482957	S	165	183	348	0.00002	0.00001	0.00000	0.00001	68	5.0
Burkholderia ubonensis	101571	S	157	196	353	0.00002	0.00001	0.00001	0.00001	68	nan
Burkholderia anthina	179879	S	144	167	311	0.00002	0.00001	0.00000	0.00001	68	5.0
Burkholderia arboris	488730	S	133	139	272	0.00002	0.00001	0.00000	0.00001	68	5.0
Burkholderia latens	488446	S	100	102	202	0.00001	0.00001	0.00000	0.00001	67	5.0
Burkholderia sp. EMB26	2854261	S	14229	62055	76284	0.00510	0.00415	0.00424	0.00420	69	nan
Burkholderia gladioli	28095	S	214	248	462	0.00003	0.00002	0.00000	0.00002	69	5.0
Paraburkholderia aromaticivorans	2026199	S	674	723	1397	0.00009	0.00005	0.00000	0.00004	63	4.0
Pollutimonas sp. M17	2962065	S	255973	256682	512655	0.03424	0.01715	0.01561	0.01531	63	nan
Bordetella bronchiseptica	518	S	45000	117106	162106	0.01083	0.00782	0.00834	0.00821	69	nan
Bordetella pertussis	520	S	721	5162	5883	0.00039	0.00034	0.00037	0.00036	69	nan
Bordetella parapertussis	519	S	187	5598	5785	0.00039	0.00037	0.00040	0.00039	69	nan
Bordetella genomosp. 6	463024	S	101	152	253	0.00002	0.00001	0.00001	0.00001	69	nan
Alcaligenes sp. NLF5-7	2918755	S	36421	87872	124293	0.00830	0.00587	0.00500	0.00487	58	nan
Alcaligenes faecalis	511	S	607	766	1373	0.00009	0.00005	0.00004	0.00004	58	nan
Diaphorobacter sp. C33	3060154	S	103767	170196	273963	0.01830	0.01137	0.01156	0.01132	67	nan
Diaphorobacter sp. Y-1	3036128	S	146	155	301	0.00002	0.00001	0.00001	0.00001	67	nan
Hydrogenophaga sp. SL48	2806347	S	12254	12701	24955	0.00167	0.00085	0.00085	0.00084	68	nan
Hydrogenophaga sp. RAC07	1842537	S	2880	3567	6447	0.00043	0.00024	0.00000	0.00023	66	5.0
Hydrogenophaga sp. PBL-H3	434010	S	2766	3314	6080	0.00041	0.00022	0.00000	0.00021	66	4.0
Hydrogenophaga sp. BPS33	2651974	S	2191	2338	4529	0.00030	0.00016	0.00000	0.00015	67	4.0
Hydrogenophaga sp. YM1	2806262	S	1199	1312	2511	0.00017	0.00009	0.00000	0.00010	70	5.0
Hydrogenophaga sp. PAMC20947	2565558	S	1133	1143	2276	0.00015	0.00008	0.00000	0.00007	63	4.0
Hydrogenophaga sp. NH-16	2184519	S	1053	2590	3643	0.00024	0.00017	0.00017	0.00017	68	nan
Hydrogenophaga sp. PBC	795665	S	994	1083	2077	0.00014	0.00007	0.00000	0.00008	69	5.0
Hydrogenophaga taeniospiralis	65656	S	15962	16693	32655	0.00218	0.00112	0.00000	0.00106	66	4.0
Hydrogenophaga pseudoflava	47421	S	1165	2592	3757	0.00025	0.00017	0.00017	0.00017	67	nan
Hydrogenophaga crocea	2716225	S	982	1020	2002	0.00013	0.00007	0.00000	0.00007	70	5.0
uncultured Hydrogenophaga sp.	199683	S	842	853	1695	0.00011	0.00006	0.00000	0.00006	69	5.0
Hydrogenophaga crassostreae	1763535	S	793	796	1589	0.00011	0.00005	0.00000	0.00005	62	4.0
Variovorax sp. HW608	1034889	S	200	273	473	0.00003	0.00002	0.00000	0.00002	67	4.0
Variovorax sp. PAMC26660	2762322	S	113	250	363	0.00002	0.00002	0.00000	0.00002	67	4.0
Variovorax sp. PAMC 28711	1795631	S	102	133	235	0.00002	0.00001	0.00000	0.00001	66	4.0
Variovorax paradoxus	34073	S	841	1153	1994	0.00013	0.00008	0.00007	0.00008	68	nan
Acidovorax sp. JMULE5	2518343	S	252	287	539	0.00004	0.00002	0.00000	0.00002	66	4.0
Acidovorax sp. KKS102	358220	S	194	236	430	0.00003	0.00002	0.00000	0.00001	67	5.0
Acidovorax sp. 1608163	2478662	S	167	180	347	0.00002	0.00001	0.00000	0.00001	65	4.0
Acidovorax sp. RAC01	1842533	S	125	149	274	0.00002	0.00001	0.00000	0.00001	66	5.0
Acidovorax carolinensis	553814	S	196	259	455	0.00003	0.00002	0.00000	0.00002	65	4.0
Acidovorax radicis	758826	S	180	190	370	0.00002	0.00001	0.00000	0.00001	65	4.0
Acidovorax temperans	80878	S	131	155	286	0.00002	0.00001	0.00000	0.00001	64	5.0
Rhodoferax sp. BAB1	2741720	S	217	234	451	0.00003	0.00002	0.00000	0.00001	67	4.0
Rhodoferax sp. AJA081-3	2752316	S	179	189	368	0.00002	0.00001	0.00000	0.00001	62	4.0
Rhodoferax saidenbachensis	1484693	S	271	299	570	0.00004	0.00002	0.00000	0.00002	63	4.0
Rhodoferax ferrireducens	192843	S	168	181	349	0.00002	0.00001	0.00000	0.00001	61	4.0
Rhodoferax koreense	1842727	S	164	176	340	0.00002	0.00001	0.00000	0.00001	68	5.0
Rhodoferax sediminis	2509614	S	136	141	277	0.00002	0.00001	0.00000	0.00001	66	3.0
Comamonas aquatica	225991	S	123	311	434	0.00003	0.00002	0.00002	0.00002	67	nan
Polaromonas sp. JS666	296591	S	174	317	491	0.00003	0.00002	0.00000	0.00002	63	4.0
Polaromonas naphthalenivorans	216465	S	202	205	407	0.00003	0.00001	0.00000	0.00001	64	4.0
Delftia acidovorans	80866	S	101	316	417	0.00003	0.00002	0.00000	0.00002	69	5.0
Ramlibacter tataouinensis	94132	S	397	399	796	0.00005	0.00003	0.00000	0.00003	70	5.0
Ottowia sp. SB7-C50	3081231	S	149	155	304	0.00002	0.00001	0.00000	0.00001	68	4.0
Paracidovorax avenae	80867	S	166	258	424	0.00003	0.00002	0.00000	0.00002	70	5.0
Alicycliphilus denitrificans	179636	S	174	190	364	0.00002	0.00001	0.00000	0.00001	69	5.0
Paenacidovorax monticola	1926868	S	138	140	278	0.00002	0.00001	0.00000	0.00001	70	4.0
Simplicispira suum	2109915	S	133	135	268	0.00002	0.00001	0.00000	0.00001	64	4.0
Curvibacter sp. AEP1-3	1844971	S	128	132	260	0.00002	0.00001	0.00000	0.00001	61	4.0
Verminephrobacter eiseniae	364317	S	120	120	240	0.00002	0.00001	0.00000	0.00001	66	4.0
Hylemonella gracilis	80880	S	119	119	238	0.00002	0.00001	0.00000	0.00001	67	4.0
Massilia oculi	945844	S	39663	41306	80969	0.00541	0.00276	0.00270	0.00268	68	nan
Massilia sp. NP310	2861282	S	21798	23443	45241	0.00302	0.00157	0.00157	0.00152	67	nan
Massilia sp. REN29	3068633	S	4885	5052	9937	0.00066	0.00034	0.00035	0.00033	68	nan
Massilia sp. H6	2970464	S	242	244	486	0.00003	0.00002	0.00000	0.00001	65	5.0
Massilia sp. WG5	1707785	S	237	245	482	0.00003	0.00002	0.00000	0.00002	67	5.0
Massilia sp. LPB0304	2769491	S	148	150	298	0.00002	0.00001	0.00000	0.00001	66	4.0
Massilia varians	457921	S	648	656	1304	0.00009	0.00004	0.00000	0.00004	67	4.0
Massilia forsythiae	2728020	S	168	169	337	0.00002	0.00001	0.00000	0.00001	68	4.0
Massilia putida	1141883	S	114	117	231	0.00002	0.00001	0.00000	0.00001	68	4.0
Massilia violaceinigra	2045208	S	101	102	203	0.00001	0.00001	0.00000	0.00001	66	5.0
Telluria mixta	34071	S	102	103	205	0.00001	0.00001	0.00000	0.00001	68	4.0
Leptothrix cholodnii	34029	S	134	141	275	0.00002	0.00001	0.00000	0.00001	70	4.0
Aquincola tertiaricarbonis	391953	S	122	130	252	0.00002	0.00001	0.00000	0.00001	70	4.0
Rhizobacter gummiphilus	946333	S	136	140	276	0.00002	0.00001	0.00000	0.00001	70	5.0
Casimicrobium huifangae	2591109	S	200659	204019	404678	0.02703	0.01363	0.01229	0.01200	64	nan
Flavobacterium sp. M31R6	2739062	S	320039	321883	641922	0.04288	0.02150	0.02074	0.02046	36	nan
Flavobacterium sp. N1736	2986823	S	88784	89582	178366	0.01191	0.00598	0.00589	0.00582	34	nan
Flavobacterium sp. N2155	2986830	S	189	63712	63901	0.00427	0.00426	0.00413	0.00404	35	nan
Tenacibaculum jejuense	584609	S	126222	126284	252506	0.01687	0.00844	0.00939	0.00917	30	nan
Tenacibaculum singaporense	2358479	S	121701	124328	246029	0.01643	0.00830	0.00871	0.00848	31	nan
Tenacibaculum mesophilum	104268	S	33924	34456	68380	0.00457	0.00230	0.00000	0.00237	31	5.0
Tenacibaculum sp. GRR-S3-23	3038772	S	1066	1187	2253	0.00015	0.00008	0.00000	0.00008	34	5.0
Tenacibaculum retecalamus	3018315	S	141	142	283	0.00002	0.00001	0.00000	0.00001	32	4.0
Tenacibaculum ovolyticum	104270	S	125	125	250	0.00002	0.00001	0.00000	0.00001	29	5.0
Cellulophaga lytica	979	S	274564	276900	551464	0.03684	0.01850	0.01907	0.01879	32	nan
Polaribacter dokdonensis	326329	S	132962	134476	267438	0.01786	0.00898	0.01006	0.00983	30	nan
Polaribacter sp. HL-MS24	3077735	S	39310	39429	78739	0.00526	0.00263	0.00250	0.00245	35	nan
Nonlabens sp. MIC269	1476901	S	61635	73548	135183	0.00903	0.00491	0.00458	0.00450	35	nan
Algibacter luteus	1178825	S	49534	49576	99110	0.00662	0.00331	0.00330	0.00323	34	nan
Aquimarina sp. Aq107	1191912	S	37476	38561	76037	0.00508	0.00258	0.00266	0.00262	32	nan
Marixanthomonas sp. SCSIO 43207	2779360	S	283	283	566	0.00004	0.00002	0.00000	0.00002	33	3.0
Winogradskyella forsetii	2686077	S	115	124	239	0.00002	0.00001	0.00000	0.00001	35	4.0
Seonamhaeicola sp. S2-3	1936081	S	151	153	304	0.00002	0.00001	0.00000	0.00001	32	3.0
Pseudalgibacter alginicilyticus	1736674	S	103	103	206	0.00001	0.00001	0.00000	0.00001	32	4.0
Chryseobacterium sp. POL2	2713414	S	202272	207549	409821	0.02737	0.01386	0.01324	0.01300	36	nan
Pedobacter mucosus	2895286	S	693201	693575	1386776	0.09263	0.04633	0.04372	0.04275	35	nan
Mucilaginibacter sp. SJ	3029053	S	205212	206477	411689	0.02750	0.01379	0.01159	0.01129	44	nan
Alistipes shahii	328814	S	299468	340365	639833	0.04274	0.02273	0.01975	0.01953	62	nan
Bacteroides ovatus	28116	S	72929	150938	223867	0.01495	0.01008	0.00880	0.00838	43	nan
Bacteroides sp. D2	556259	S	5411	9392	14803	0.00099	0.00063	0.00054	0.00052	43	nan
Bacteroides sp. M10	2763022	S	2678	3747	6425	0.00043	0.00025	0.00021	0.00021	42	nan
Bacteroides sp. DH3716P	2847299	S	680	3754	4434	0.00030	0.00025	0.00022	0.00021	43	nan
Bacteroides xylanisolvens	371601	S	6641	10778	17419	0.00116	0.00072	0.00063	0.00060	43	nan
Bacteroides thetaiotaomicron	818	S	1367	1484	2851	0.00019	0.00010	0.00000	0.00008	45	5.0
Bacteroides luhongzhouii	2650158	S	1091	1180	2271	0.00015	0.00008	0.00007	0.00007	42	nan
Bacteroides caecimuris	1796613	S	620	689	1309	0.00009	0.00005	0.00004	0.00004	44	nan
Bacteroides faecis	674529	S	539	602	1141	0.00008	0.00004	0.00004	0.00003	44	nan
Bacteroides caccae	47678	S	405	422	827	0.00006	0.00003	0.00002	0.00002	44	nan
Bacteroides faecium	2715212	S	356	360	716	0.00005	0.00002	0.00002	0.00002	45	nan
Bacteroides zhangwenhongii	2650157	S	330	361	691	0.00005	0.00002	0.00002	0.00002	44	nan
Bacteroides fragilis	817	S	258	320	578	0.00004	0.00002	0.00000	0.00002	45	5.0
Bacteroides salyersiae	291644	S	125	128	253	0.00002	0.00001	0.00001	0.00001	43	nan
Phocaeicola vulgatus	821	S	1298	1409	2707	0.00018	0.00009	0.00000	0.00008	43	5.0
Phocaeicola dorei	357276	S	104	112	216	0.00001	0.00001	0.00000	0.00001	42	4.0
Segatella copri	165179	S	226	234	460	0.00003	0.00002	0.00000	0.00001	48	4.0
Arcobacter porcinus	1935204	S	246515	258083	504598	0.03370	0.01724	0.02254	0.02225	27	nan
Arcobacter ellisii	913109	S	27510	27969	55479	0.00371	0.00187	0.00246	0.00246	26	nan
Malaciobacter canalis	1912871	S	85061	86405	171466	0.01145	0.00577	0.00751	0.00735	27	nan
Campylobacter novaezeelandiae	2267891	S	27793	27954	55747	0.00372	0.00187	0.00253	0.00242	27	nan
Campylobacter jejuni	197	S	414	595	1009	0.00007	0.00004	0.00000	0.00004	30	3.0
Campylobacter coli	195	S	151	174	325	0.00002	0.00001	0.00000	0.00001	30	3.0
Sandaracinus amylolyticus	927083	S	282276	282284	564560	0.03771	0.01886	0.02261	0.02283	72	nan
Marinitoga sp. 1137	1545835	S	23442	67013	90455	0.00604	0.00448	0.00525	0.00522	30	nan
Tepiditoga spiralis	2108365	S	9625	9625	19250	0.00129	0.00064	0.00089	0.00094	24	nan
Borreliella lusitaniae	100177	S	29491	29863	59354	0.00396	0.00199	0.00254	0.00253	28	nan
Homo sapiens	9606	S	791	797	1588	0.00011	0.00005	0.00000	0.00005	38	4.0
