name	taxonomy_id	taxonomy_lvl	kraken_assigned_reads	added_reads	new_est_reads	fraction_total_reads	Bracken_estimate	GuaCAMOLE_estimate	GuaCAMOLE_est_eff	GC content	Taxon Removal Cycle
Serratia marcescens	615	S	59597	214661	274258	0.02518	0.01970	nan	nan	63	4.0
Serratia sp. JKS000199	1938820	S	27198	3460677	3487875	0.32016	0.31767	nan	nan	63	4.0
Serratia sp. FDAARGOS_506	2420306	S	3201	4843	8044	0.00074	0.00044	nan	nan	62	4.0
Serratia sp. SCBI	488142	S	905	7031	7936	0.00073	0.00065	nan	nan	63	4.0
Serratia sp. FS14	1327989	S	743	4102	4845	0.00044	0.00038	nan	nan	63	4.0
Serratia sp. UGAL515B_01	2986763	S	551	555	1106	0.00010	0.00005	nan	nan	50	3.0
Serratia sp. LS-1	2485839	S	500	8992	9492	0.00087	0.00083	nan	nan	63	4.0
Serratia sp. K-E0102	3021405	S	279	3080	3359	0.00031	0.00028	nan	nan	63	4.0
Serratia sp. CMO1	2785630	S	257	4492	4749	0.00044	0.00041	nan	nan	63	4.0
Serratia sp. FGI94	671990	S	236	412	648	0.00006	0.00004	nan	nan	63	4.0
Serratia sp. SSNIH1	1758196	S	183	2986	3169	0.00029	0.00027	nan	nan	63	4.0
Serratia sp. 1D1416	2447890	S	171	698	869	0.00008	0.00006	nan	nan	63	4.0
Serratia sp. HRI	2663241	S	163	3818	3981	0.00037	0.00035	nan	nan	63	4.0
Serratia sp. P2ACOL2	2482769	S	125	503	628	0.00006	0.00005	nan	nan	61	5.0
Serratia sp. 3ACOL1	2448483	S	119	220	339	0.00003	0.00002	nan	nan	58	5.0
Serratia ureilytica	300181	S	8340	78671	87011	0.00799	0.00722	nan	nan	63	4.0
Serratia entomophila	42906	S	3188	4251	7439	0.00068	0.00039	nan	nan	62	5.0
Serratia plymuthica	82996	S	2612	4004	6616	0.00061	0.00037	nan	nan	60	5.0
Serratia proteamaculans	28151	S	2250	2770	5020	0.00046	0.00025	nan	nan	58	5.0
Serratia symbiotica	138074	S	1865	1888	3753	0.00034	0.00017	nan	nan	54	4.0
Serratia liquefaciens	614	S	1827	3067	4894	0.00045	0.00028	nan	nan	59	5.0
Serratia odorifera	618	S	1612	1647	3259	0.00030	0.00015	nan	nan	58	5.0
Serratia grimesii	82995	S	1064	1154	2218	0.00020	0.00011	nan	nan	54	4.0
Serratia fonticola	47917	S	987	1542	2529	0.00023	0.00014	nan	nan	58	5.0
Serratia surfactantfaciens	2741499	S	935	3268	4203	0.00039	0.00030	nan	nan	63	4.0
Serratia quinivorans	137545	S	866	1009	1875	0.00017	0.00009	nan	nan	57	5.0
Serratia rubidaea	61652	S	819	1123	1942	0.00018	0.00010	nan	nan	63	4.0
Serratia inhibens	2338073	S	742	878	1620	0.00015	0.00008	nan	nan	60	5.0
Serratia nevei	2703794	S	386	3639	4025	0.00037	0.00033	nan	nan	63	4.0
Serratia nematodiphila	458197	S	380	4840	5220	0.00048	0.00044	nan	nan	63	4.0
Serratia rhizosphaerae	2597702	S	351	557	908	0.00008	0.00005	nan	nan	61	5.0
Serratia ficaria	61651	S	189	909	1098	0.00010	0.00008	nan	nan	63	4.0
Yersinia mollaretii	33060	S	197	221	418	0.00004	0.00002	nan	nan	51	4.0
Pectobacterium actinidiae	1507808	S	199151	205524	404675	0.03715	0.01887	nan	nan	54	4.0
Pectobacterium carotovorum	554	S	3181	4108	7289	0.00067	0.00038	nan	nan	54	4.0
Pectobacterium brasiliense	180957	S	2041	2423	4464	0.00041	0.00022	nan	nan	54	4.0
Pectobacterium sp. F1-1	2949614	S	563	749	1312	0.00012	0.00007	nan	nan	54	4.0
Pectobacterium sp. A5351	2914983	S	545	574	1119	0.00010	0.00005	nan	nan	54	4.0
Pectobacterium sp. PL64	2738983	S	473	516	989	0.00009	0.00005	nan	nan	54	4.0
Pectobacterium versatile	2488639	S	1452	2038	3490	0.00032	0.00019	nan	nan	54	4.0
Pectobacterium polaris	2042057	S	953	1044	1997	0.00018	0.00010	nan	nan	54	4.0
Pectobacterium odoriferum	78398	S	585	651	1236	0.00011	0.00006	nan	nan	54	4.0
Pectobacterium parmentieri	1905730	S	551	566	1117	0.00010	0.00005	nan	nan	53	4.0
Pectobacterium polonicum	2485124	S	493	511	1004	0.00009	0.00005	nan	nan	54	5.0
Pectobacterium quasiaquaticum	2774015	S	428	487	915	0.00008	0.00004	nan	nan	54	5.0
Pectobacterium aroidearum	1201031	S	375	525	900	0.00008	0.00005	nan	nan	54	4.0
Pectobacterium atrosepticum	29471	S	352	360	712	0.00007	0.00003	nan	nan	54	5.0
Pectobacterium colocasium	2878098	S	337	439	776	0.00007	0.00004	nan	nan	54	4.0
Pectobacterium parvum	2778550	S	295	340	635	0.00006	0.00003	nan	nan	54	5.0
Pectobacterium punjabense	2108399	S	159	164	323	0.00003	0.00002	nan	nan	52	5.0
Pectobacterium wasabiae	55208	S	155	159	314	0.00003	0.00001	nan	nan	53	5.0
Pectobacterium cacticida	69221	S	126	126	252	0.00002	0.00001	nan	nan	51	4.0
Pectobacterium aquaticum	2204145	S	120	143	263	0.00002	0.00001	nan	nan	54	4.0
Dickeya chrysanthemi	556	S	136	148	284	0.00003	0.00001	nan	nan	56	4.0
Dickeya parazeae	2893572	S	125	439	564	0.00005	0.00004	nan	nan	57	4.0
Dickeya fangzhongdai	1778540	S	107	419	526	0.00005	0.00004	nan	nan	57	4.0
Escherichia coli	562	S	10321	42655	52976	0.00486	0.00392	nan	nan	52	4.0
Enterobacter kobei	208224	S	7238	8529	15767	0.00145	0.00078	nan	nan	57	4.0
Enterobacter hormaechei	158836	S	879	2762	3641	0.00033	0.00025	nan	nan	56	5.0
Klebsiella pneumoniae	573	S	3543	5457	9000	0.00083	0.00050	nan	nan	59	4.0
Klebsiella aerogenes	548	S	346	354	700	0.00006	0.00003	nan	nan	57	4.0
Salmonella enterica	28901	S	3746	5701	9447	0.00087	0.00052	nan	nan	54	4.0
Blochmannia endosymbiont of Camponotus nipponensis	2681986	S	203	228	431	0.00004	0.00002	nan	nan	32	4.0
Candidatus Doolittlea endobia	1778262	S	165	165	330	0.00003	0.00002	nan	nan	47	5.0
Candidatus Annandia pinicola	1345117	S	142	142	284	0.00003	0.00001	nan	nan	17	4.0
Citrobacter portucalensis	1639133	S	136	148	284	0.00003	0.00001	nan	nan	54	4.0
Citrobacter koseri	545	S	148	156	304	0.00003	0.00001	nan	nan	56	4.0
Kosakonia cowanii	208223	S	143	147	290	0.00003	0.00001	nan	nan	58	4.0
Kluyvera intermedia	61648	S	112	114	226	0.00002	0.00001	nan	nan	55	4.0
Providencia alcalifaciens	126385	S	228	297	525	0.00005	0.00003	nan	nan	44	4.0
Providencia heimbachae	333962	S	167	177	344	0.00003	0.00002	nan	nan	43	4.0
Providencia rustigianii	158850	S	153	176	329	0.00003	0.00002	nan	nan	42	4.0
Providencia sp. PROV252	2936799	S	148	178	326	0.00003	0.00002	nan	nan	44	4.0
Arsenophonus sp. aPb	3041619	S	175	180	355	0.00003	0.00002	nan	nan	40	3.0
Arsenophonus apicola	2879119	S	170	172	342	0.00003	0.00002	nan	nan	39	4.0
Proteus mirabilis	584	S	206	266	472	0.00004	0.00002	nan	nan	41	4.0
Xenorhabdus poinarii	40577	S	158	189	347	0.00003	0.00002	nan	nan	47	4.0
Buchnera aphidicola	9	S	345	354	699	0.00006	0.00003	nan	nan	24	4.0
Pantoea phytobeneficialis	2052056	S	139	187	326	0.00003	0.00002	nan	nan	56	4.0
Beggiatoa leptomitoformis	288004	S	762706	762766	1525472	0.14003	0.07002	nan	nan	41	4.0
Hydrogenovibrio marinus	28885	S	247	247	494	0.00005	0.00002	nan	nan	45	4.0
Thiomicrorhabdus aquaedulcis	2211106	S	159	159	318	0.00003	0.00001	nan	nan	46	5.0
Francisella tularensis	263	S	262	264	526	0.00005	0.00002	nan	nan	33	4.0
Halomonas sp. PA5	2730357	S	102	39989	40091	0.00368	0.00367	nan	nan	63	4.0
Endozoicomonas montiporae	1027273	S	195	195	390	0.00004	0.00002	nan	nan	50	3.0
Pseudoalteromonas sp. HL-AS1	3071081	S	221	454	675	0.00006	0.00004	nan	nan	40	4.0
Pseudoalteromonas sp. A25	116092	S	126	129	255	0.00002	0.00001	nan	nan	42	4.0
Pseudoalteromonas issachenkonii	152297	S	245	727	972	0.00009	0.00007	nan	nan	41	4.0
Pseudoalteromonas luteoviolacea	43657	S	240	246	486	0.00004	0.00002	nan	nan	42	4.0
Pseudoalteromonas xiamenensis	882626	S	226	234	460	0.00004	0.00002	nan	nan	43	4.0
Pseudoalteromonas tunicata	314281	S	202	215	417	0.00004	0.00002	nan	nan	40	4.0
Pseudoalteromonas phenolica	161398	S	161	168	329	0.00003	0.00002	nan	nan	41	4.0
Pseudoalteromonas carrageenovora	227	S	140	149	289	0.00003	0.00001	nan	nan	40	5.0
Shewanella sp. Scap07	2589987	S	275	300	575	0.00005	0.00003	nan	nan	46	4.0
Shewanella sp. KX20019	2803864	S	214	226	440	0.00004	0.00002	nan	nan	45	4.0
Shewanella sp. Arc9-LZ	2698686	S	171	193	364	0.00003	0.00002	nan	nan	42	4.0
Shewanella sp. MEBiC00475	2575361	S	171	270	441	0.00004	0.00002	nan	nan	42	4.0
Shewanella baltica	62322	S	135	189	324	0.00003	0.00002	nan	nan	46	4.0
Colwellia sp. 20A7	2689569	S	124	230	354	0.00003	0.00002	nan	nan	37	3.0
Thalassotalea atypica	2054316	S	117	120	237	0.00002	0.00001	nan	nan	41	4.0
Moritella sp. 24	2746230	S	177	212	389	0.00004	0.00002	nan	nan	41	4.0
Psychromonas ingrahamii	357794	S	158	159	317	0.00003	0.00001	nan	nan	39	4.0
Acinetobacter baumannii	470	S	386	1590	1976	0.00018	0.00015	nan	nan	40	4.0
Acinetobacter sp. SCLZS86	2908637	S	230	347	577	0.00005	0.00003	nan	nan	41	5.0
Acinetobacter sp. NCu2D-2	1608473	S	101	108	209	0.00002	0.00001	nan	nan	41	5.0
Acinetobacter chinensis	2004650	S	134	168	302	0.00003	0.00002	nan	nan	43	4.0
Moraxella catarrhalis	480	S	159	161	320	0.00003	0.00001	nan	nan	43	5.0
Moraxella sp. ZY171148	2904119	S	140	141	281	0.00003	0.00001	nan	nan	44	4.0
Vibrio sp. SCSIO 43137	3021011	S	186	280	466	0.00004	0.00003	nan	nan	47	5.0
Vibrio campbellii	680	S	132	448	580	0.00005	0.00004	nan	nan	46	4.0
Vibrio mediterranei	689	S	191	561	752	0.00007	0.00005	nan	nan	45	4.0
Vibrio penaeicida	104609	S	158	178	336	0.00003	0.00002	nan	nan	45	4.0
Photobacterium damselae	38293	S	185	197	382	0.00004	0.00002	nan	nan	42	4.0
Pseudomonas aeruginosa	287	S	146	543	689	0.00006	0.00005	nan	nan	67	4.0
Ketobacter alkanivorans	1917421	S	185	185	370	0.00003	0.00002	nan	nan	52	nan
Haemophilus parainfluenzae	729	S	441	452	893	0.00008	0.00004	nan	nan	40	4.0
Pasteurella multocida	747	S	232	260	492	0.00005	0.00002	nan	nan	41	4.0
Histophilus somni	731	S	139	145	284	0.00003	0.00001	nan	nan	37	4.0
Legionella sainthelensi	28087	S	196	231	427	0.00004	0.00002	nan	nan	37	4.0
Celerinatantimonas diazotrophica	412034	S	180	180	360	0.00003	0.00002	nan	nan	44	4.0
Candidatus Ruthia endofausta	2738852	S	150	150	300	0.00003	0.00001	nan	nan	37	4.0
Cellvibrio sp. PSBB006	1987723	S	134	136	270	0.00002	0.00001	nan	nan	51	4.0
Hydrogenophaga sp. NH-16	2184519	S	17198	29954	47152	0.00433	0.00275	nan	nan	68	nan
Hydrogenophaga sp. SL48	2806347	S	9579	9871	19450	0.00179	0.00091	nan	nan	68	5.0
Hydrogenophaga sp. RAC07	1842537	S	1612	1798	3410	0.00031	0.00017	nan	nan	66	5.0
Hydrogenophaga sp. PBL-H3	434010	S	1587	1911	3498	0.00032	0.00018	nan	nan	66	5.0
Hydrogenophaga sp. BPS33	2651974	S	1561	1724	3285	0.00030	0.00016	nan	nan	67	5.0
Hydrogenophaga sp. PBC	795665	S	1224	1328	2552	0.00023	0.00012	nan	nan	69	4.0
Hydrogenophaga sp. YM1	2806262	S	1220	1313	2533	0.00023	0.00012	nan	nan	70	4.0
Hydrogenophaga sp. PAMC20947	2565558	S	918	926	1844	0.00017	0.00009	nan	nan	63	4.0
Hydrogenophaga pseudoflava	47421	S	17103	26146	43249	0.00397	0.00240	nan	nan	67	nan
Hydrogenophaga taeniospiralis	65656	S	5359	5582	10941	0.00100	0.00051	nan	nan	66	5.0
Hydrogenophaga crocea	2716225	S	1688	1824	3512	0.00032	0.00017	nan	nan	70	5.0
Hydrogenophaga crassostreae	1763535	S	1554	1563	3117	0.00029	0.00014	nan	nan	62	3.0
uncultured Hydrogenophaga sp.	199683	S	1545	1594	3139	0.00029	0.00015	nan	nan	69	4.0
Variovorax sp. HW608	1034889	S	172	324	496	0.00005	0.00003	nan	nan	68	5.0
Variovorax paradoxus	34073	S	437	553	990	0.00009	0.00005	nan	nan	68	5.0
Variovorax boronicumulans	436515	S	110	215	325	0.00003	0.00002	nan	nan	69	4.0
Comamonas aquatica	225991	S	151	300	451	0.00004	0.00003	nan	nan	67	5.0
Comamonas terrigena	32013	S	111	144	255	0.00002	0.00001	nan	nan	67	4.0
Acidovorax sp. RAC01	1842533	S	100	152	252	0.00002	0.00001	nan	nan	66	4.0
Acidovorax carolinensis	553814	S	176	258	434	0.00004	0.00002	nan	nan	65	4.0
Rhodoferax sp. BAB1	2741720	S	181	209	390	0.00004	0.00002	nan	nan	67	4.0
Rhodoferax koreense	1842727	S	118	133	251	0.00002	0.00001	nan	nan	68	2.0
Ramlibacter tataouinensis	94132	S	337	345	682	0.00006	0.00003	nan	nan	70	4.0
Polaromonas naphthalenivorans	216465	S	112	113	225	0.00002	0.00001	nan	nan	64	4.0
Melaminivora suipulveris	2109913	S	163	176	339	0.00003	0.00002	nan	nan	69	3.0
Paracidovorax avenae	80867	S	110	217	327	0.00003	0.00002	nan	nan	69	4.0
Simplicispira suum	2109915	S	140	146	286	0.00003	0.00001	nan	nan	64	2.0
Alicycliphilus denitrificans	179636	S	129	161	290	0.00003	0.00001	nan	nan	69	4.0
Verminephrobacter eiseniae	364317	S	109	113	222	0.00002	0.00001	nan	nan	66	4.0
Polynucleobacter antarcticus	1743162	S	227	277	504	0.00005	0.00003	nan	nan	46	4.0
Polynucleobacter sp. es-EL-1	1855652	S	189	234	423	0.00004	0.00002	nan	nan	45	4.0
Polynucleobacter tropicus	1743174	S	159	199	358	0.00003	0.00002	nan	nan	45	4.0
Sphaerotilus sp. FB-5	2914710	S	127	142	269	0.00002	0.00001	nan	nan	70	3.0
Leptothrix cholodnii	34029	S	120	141	261	0.00002	0.00001	nan	nan	70	4.0
Rhizobacter gummiphilus	946333	S	136	144	280	0.00003	0.00001	nan	nan	70	3.0
Rhizobacter sp. AJA081-3	2753607	S	133	140	273	0.00003	0.00001	nan	nan	70	4.0
Thiomonas arsenitoxydans	426114	S	203	206	409	0.00004	0.00002	nan	nan	66	2.0
Neisseria canis	493	S	210	215	425	0.00004	0.00002	nan	nan	53	4.0
Kingella kingae	504	S	195	196	391	0.00004	0.00002	nan	nan	49	4.0
Candidatus Profftella armatura	669502	S	101	101	202	0.00002	0.00001	nan	nan	25	4.0
Bartonella apihabitans	2750929	S	179	267	446	0.00004	0.00002	nan	nan	47	4.0
Methyloligella sp. GL2	2742204	S	205	247	452	0.00004	0.00002	nan	nan	64	3.0
Candidatus Filomicrobium marinum	1608628	S	114	118	232	0.00002	0.00001	nan	nan	57	2.0
Parasphingorhabdus sp. SCSIO 66989	3071408	S	210	216	426	0.00004	0.00002	nan	nan	57	4.0
Haematospirillum jordaniae	1549855	S	241	291	532	0.00005	0.00003	nan	nan	56	3.0
Candidatus Pelagibacter ubique	198252	S	110	113	223	0.00002	0.00001	nan	nan	31	5.0
Flavobacterium sp. N503310	2986839	S	3977	1972917	1976894	0.18147	0.18110	nan	nan	33	5.0
Flavobacterium sp. N1736	2986823	S	1101	1184	2285	0.00021	0.00011	nan	nan	34	5.0
Flavobacterium sp. MDT1-60	1979344	S	1064	1140	2204	0.00020	0.00010	nan	nan	35	5.0
Flavobacterium sp. N2038	2986829	S	1047	1117	2164	0.00020	0.00010	nan	nan	33	5.0
Flavobacterium sp. KBS0721	1179672	S	943	1083	2026	0.00019	0.00010	nan	nan	34	5.0
Flavobacterium sp. GSB-24	2994319	S	910	1000	1910	0.00018	0.00009	nan	nan	34	5.0
Flavobacterium sp. YJ01	3031997	S	827	952	1779	0.00016	0.00009	nan	nan	34	5.0
Flavobacterium sp. CLA17	2724135	S	826	871	1697	0.00016	0.00008	nan	nan	37	nan
Flavobacterium sp. SLB02	2665645	S	816	932	1748	0.00016	0.00009	nan	nan	35	5.0
Flavobacterium sp. CJ75	3034146	S	802	875	1677	0.00015	0.00008	nan	nan	33	5.0
Flavobacterium sp. KACC 22758	3025667	S	679	839	1518	0.00014	0.00008	nan	nan	34	5.0
Flavobacterium sp. F-323	2893885	S	613	643	1256	0.00012	0.00006	nan	nan	36	nan
Flavobacterium sp. TR2	2977321	S	574	688	1262	0.00012	0.00006	nan	nan	35	nan
Flavobacterium sp. KACC 22763	3025668	S	525	637	1162	0.00011	0.00006	nan	nan	34	5.0
Flavobacterium sp. F-70	2893884	S	522	548	1070	0.00010	0.00005	nan	nan	35	nan
Flavobacterium sp. N502536	2986837	S	470	534	1004	0.00009	0.00005	nan	nan	37	5.0
Flavobacterium sp. 140616W15	2478552	S	433	444	877	0.00008	0.00004	nan	nan	33	4.0
Flavobacterium sp. ZE23DGlu08	3059026	S	355	419	774	0.00007	0.00004	nan	nan	36	5.0
Flavobacterium sp. B183	907046	S	334	641	975	0.00009	0.00006	nan	nan	36	nan
Flavobacterium sp. N502540	2986838	S	331	593	924	0.00008	0.00005	nan	nan	36	nan
Flavobacterium sp. LPB0248	2614441	S	312	392	704	0.00006	0.00004	nan	nan	34	5.0
Flavobacterium sp. M31R6	2739062	S	280	293	573	0.00005	0.00003	nan	nan	36	nan
Flavobacterium sp. N3904	2986835	S	173	180	353	0.00003	0.00002	nan	nan	35	nan
Flavobacterium sp. F-29	2893883	S	163	173	336	0.00003	0.00002	nan	nan	36	nan
Flavobacterium sp. K5-23	2746225	S	152	156	308	0.00003	0.00001	nan	nan	34	5.0
Flavobacterium sp. F-340	2893886	S	137	151	288	0.00003	0.00001	nan	nan	34	5.0
Flavobacterium sp. Sr18	935222	S	127	144	271	0.00002	0.00001	nan	nan	36	nan
Flavobacterium johnsoniae	986	S	2111	2260	4371	0.00040	0.00021	nan	nan	34	5.0
Flavobacterium endoglycinae	2816357	S	1413	1423	2836	0.00026	0.00013	nan	nan	35	5.0
Flavobacterium anhuiense	459526	S	1220	1244	2464	0.00023	0.00011	nan	nan	35	5.0
Flavobacterium gelatinilyticum	3003260	S	1217	1231	2448	0.00022	0.00011	nan	nan	35	nan
uncultured Flavobacterium sp.	165435	S	1174	1184	2358	0.00022	0.00011	nan	nan	33	5.0
Flavobacterium pectinovorum	29533	S	1144	1154	2298	0.00021	0.00011	nan	nan	34	5.0
Flavobacterium ginsengisoli	871694	S	1090	1118	2208	0.00020	0.00010	nan	nan	34	5.0
Flavobacterium bizetiae	2704140	S	980	994	1974	0.00018	0.00009	nan	nan	35	nan
Flavobacterium crocinum	2183896	S	898	916	1814	0.00017	0.00008	nan	nan	34	5.0
Flavobacterium fluviale	2249356	S	804	821	1625	0.00015	0.00008	nan	nan	34	5.0
Flavobacterium nitrogenifigens	1617283	S	733	776	1509	0.00014	0.00007	nan	nan	34	5.0
Flavobacterium humidisoli	2937442	S	685	698	1383	0.00013	0.00006	nan	nan	34	5.0
Flavobacterium flavigenum	3003258	S	562	572	1134	0.00010	0.00005	nan	nan	35	nan
Flavobacterium gyeonganense	1310418	S	504	514	1018	0.00009	0.00005	nan	nan	35	nan
Flavobacterium collinsii	1114861	S	500	509	1009	0.00009	0.00005	nan	nan	36	nan
Flavobacterium luteolum	3003259	S	486	508	994	0.00009	0.00005	nan	nan	34	5.0
Flavobacterium nackdongense	2547394	S	340	340	680	0.00006	0.00003	nan	nan	37	5.0
Flavobacterium azooxidireducens	1871076	S	322	322	644	0.00006	0.00003	nan	nan	34	5.0
Flavobacterium aquiphilum	3003261	S	277	279	556	0.00005	0.00003	nan	nan	36	nan
Flavobacterium faecale	1355330	S	268	268	536	0.00005	0.00002	nan	nan	36	nan
Flavobacterium ammoniigenes	1751095	S	265	266	531	0.00005	0.00002	nan	nan	36	5.0
Flavobacterium marginilacus	3003256	S	246	246	492	0.00005	0.00002	nan	nan	36	nan
Flavobacterium commune	1306519	S	240	241	481	0.00004	0.00002	nan	nan	35	nan
Flavobacterium gilvum	1492737	S	232	232	464	0.00004	0.00002	nan	nan	36	nan
Flavobacterium eburneipallidum	3003263	S	186	186	372	0.00003	0.00002	nan	nan	34	5.0
Flavobacterium columnare	996	S	180	188	368	0.00003	0.00002	nan	nan	31	4.0
Flavobacterium covae	2906076	S	178	185	363	0.00003	0.00002	nan	nan	31	4.0
Flavobacterium lacustre	3016339	S	169	169	338	0.00003	0.00002	nan	nan	34	5.0
Flavobacterium agricola	2870839	S	168	168	336	0.00003	0.00002	nan	nan	34	5.0
Flavobacterium limnophilum	3003262	S	148	148	296	0.00003	0.00001	nan	nan	38	5.0
Flavobacterium branchiophilum	55197	S	146	146	292	0.00003	0.00001	nan	nan	34	5.0
Flavobacterium aestivum	3003257	S	145	145	290	0.00003	0.00001	nan	nan	34	5.0
Flavobacterium oreochromis	2906078	S	142	201	343	0.00003	0.00002	nan	nan	29	4.0
Flavobacterium psychrophilum	96345	S	140	141	281	0.00003	0.00001	nan	nan	33	5.0
Flavobacterium panici	2654843	S	131	80403	80534	0.00739	0.00738	nan	nan	33	5.0
Flavobacterium nitratireducens	992289	S	117	117	234	0.00002	0.00001	nan	nan	34	5.0
Flavobacterium ammonificans	1751056	S	112	112	224	0.00002	0.00001	nan	nan	34	5.0
Flavobacterium davisii	2906077	S	112	112	224	0.00002	0.00001	nan	nan	30	4.0
Polaribacter sp. Hel1_33_78	1336804	S	268	273	541	0.00005	0.00003	nan	nan	31	3.0
Polaribacter sp. AHE13PA	2745562	S	161	390	551	0.00005	0.00004	nan	nan	30	4.0
Polaribacter pectinis	2738844	S	233	356	589	0.00005	0.00003	nan	nan	30	4.0
Polaribacter reichenbachii	996801	S	175	180	355	0.00003	0.00002	nan	nan	30	4.0
Polaribacter batillariae	2808900	S	146	151	297	0.00003	0.00001	nan	nan	30	3.0
Polaribacter dokdonensis	326329	S	107	132	239	0.00002	0.00001	nan	nan	30	4.0
Aquimarina sp. Aq107	1191912	S	269	277	546	0.00005	0.00003	nan	nan	32	4.0
Aquimarina sp. BL5	1714860	S	263	263	526	0.00005	0.00002	nan	nan	33	4.0
Aquimarina sp. AD10	1714849	S	196	196	392	0.00004	0.00002	nan	nan	32	4.0
Capnocytophaga sp. FDAARGOS_737	2545799	S	112	257	369	0.00003	0.00002	nan	nan	42	4.0
Capnocytophaga gingivalis	1017	S	102	122	224	0.00002	0.00001	nan	nan	42	3.0
Tenacibaculum sp. SZ-18	754423	S	187	233	420	0.00004	0.00002	nan	nan	31	4.0
Gramella oceanisediminis	2920386	S	208	208	416	0.00004	0.00002	nan	nan	42	4.0
Christiangramia fulva	2126553	S	186	186	372	0.00003	0.00002	nan	nan	39	5.0
Zobellia laminariae	248906	S	217	217	434	0.00004	0.00002	nan	nan	37	3.0
Zobellia alginiliquefaciens	3032586	S	115	115	230	0.00002	0.00001	nan	nan	39	4.0
Formosa agariphila	320324	S	175	175	350	0.00003	0.00002	nan	nan	34	4.0
Kordia antarctica	1218801	S	156	156	312	0.00003	0.00001	nan	nan	34	4.0
Kordia sp. SMS9	2282170	S	147	147	294	0.00003	0.00001	nan	nan	36	5.0
Myroides albus	2562892	S	186	269	455	0.00004	0.00002	nan	nan	35	4.0
Salegentibacter salegens	143223	S	204	268	472	0.00004	0.00002	nan	nan	37	4.0
Lutibacter sp. A64	2918526	S	236	236	472	0.00004	0.00002	nan	nan	29	5.0
Croceibacter atlanticus	313588	S	211	211	422	0.00004	0.00002	nan	nan	33	4.0
Abyssalbus ytuae	2926907	S	187	187	374	0.00003	0.00002	nan	nan	36	4.0
Nonlabens sp. Hel1_33_55	1336802	S	141	141	282	0.00003	0.00001	nan	nan	39	4.0
Pseudalgibacter alginicilyticus	1736674	S	146	146	292	0.00003	0.00001	nan	nan	32	3.0
Mesoflavibacter sp. SCSIO 43206	2779362	S	126	132	258	0.00002	0.00001	nan	nan	31	3.0
Wenyingzhuangia fucanilytica	1790137	S	126	126	252	0.00002	0.00001	nan	nan	32	3.0
Lacinutrix neustonica	2980107	S	108	108	216	0.00002	0.00001	nan	nan	35	3.0
Chryseobacterium sp. 3008163	2478663	S	195	239	434	0.00004	0.00002	nan	nan	35	4.0
Chryseobacterium indologenes	253	S	177	209	386	0.00004	0.00002	nan	nan	38	4.0
Chryseobacterium gallinarum	1324352	S	144	154	298	0.00003	0.00001	nan	nan	38	4.0
Chryseobacterium nepalense	1854498	S	129	190	319	0.00003	0.00002	nan	nan	38	4.0
Chryseobacterium indoltheticum	254	S	107	125	232	0.00002	0.00001	nan	nan	36	4.0
Elizabethkingia sp. JS20170427COW	2583851	S	161	205	366	0.00003	0.00002	nan	nan	36	4.0
Faecalibacter bovis	2898187	S	128	129	257	0.00002	0.00001	nan	nan	31	4.0
Blattabacterium cuenoti	1653831	S	322	324	646	0.00006	0.00003	nan	nan	25	4.0
Blattabacterium punctulatus	164514	S	106	112	218	0.00002	0.00001	nan	nan	24	4.0
Candidatus Karelsulcia muelleri	336810	S	121	126	247	0.00002	0.00001	nan	nan	24	4.0
Longitalea sp. SCSIO 12813	3069118	S	593801	593859	1187660	0.10902	0.05451	nan	nan	46	5.0
Arachidicoccus sp. B3-10	2545455	S	176	176	352	0.00003	0.00002	nan	nan	34	3.0
Niastella koreensis	354356	S	140	140	280	0.00003	0.00001	nan	nan	47	4.0
Bacteroides nordii	291645	S	255	291	546	0.00005	0.00003	nan	nan	42	4.0
Bacteroides heparinolyticus	28113	S	149	302	451	0.00004	0.00003	nan	nan	48	4.0
Phocaeicola coprophilus	387090	S	151	153	304	0.00003	0.00001	nan	nan	46	4.0
Butyricimonas paravirosa	1472417	S	488	499	987	0.00009	0.00005	nan	nan	45	4.0
Salinivirga cyanobacteriivorans	1307839	S	190	190	380	0.00003	0.00002	nan	nan	40	4.0
uncultured Draconibacterium sp.	1573823	S	256	256	512	0.00005	0.00002	nan	nan	41	3.0
Pedobacter mucosus	2895286	S	362	362	724	0.00007	0.00003	nan	nan	35	4.0
Pedobacter sp. PACM 27299	1727164	S	114	114	228	0.00002	0.00001	nan	nan	42	4.0
Sphingobacterium sp. WM	3031802	S	115	208	323	0.00003	0.00002	nan	nan	38	4.0
Sphingobacterium sp. SRCM116780	2907623	S	107	162	269	0.00002	0.00001	nan	nan	36	3.0
Mucilaginibacter sp. 21P	2778902	S	254	254	508	0.00005	0.00002	nan	nan	44	4.0
Chondrinema litorale	2994555	S	349	350	699	0.00006	0.00003	nan	nan	35	4.0
Flammeovirga yaeyamensis	367791	S	107	115	222	0.00002	0.00001	nan	nan	36	4.0
Algoriphagus sp. NBT04N3	2705473	S	184	184	368	0.00003	0.00002	nan	nan	40	4.0
Marivirga sp. BKB1-2	3059076	S	196	261	457	0.00004	0.00002	nan	nan	34	4.0
Mangrovivirga cuniculi	2715131	S	107	107	214	0.00002	0.00001	nan	nan	37	4.0
Haliscomenobacter hydrossis	2350	S	237	237	474	0.00004	0.00002	nan	nan	49	4.0
Ignavibacterium sp.	2651167	S	216	216	432	0.00004	0.00002	nan	nan	34	4.0
Metabacillus sp. KUDC1714	2745198	S	200265	221936	422201	0.03876	0.02037	nan	nan	36	5.0
Metabacillus sp. B2-18	2897333	S	40795	92390	133185	0.01223	0.00848	nan	nan	36	4.0
Metabacillus sp. cB07	2806989	S	5761	6180	11941	0.00110	0.00057	nan	nan	46	4.0
Metabacillus sp. CT-WN-B3	3048891	S	586	15978	16564	0.00152	0.00147	nan	nan	38	nan
Metabacillus sediminilitoris	2567941	S	121314	134834	256148	0.02351	0.01238	nan	nan	36	5.0
Metabacillus litoralis	152268	S	41235	63813	105048	0.00964	0.00586	nan	nan	35	4.0
Metabacillus endolithicus	1535204	S	22668	40896	63564	0.00583	0.00375	nan	nan	36	4.0
Metabacillus dongyingensis	2874282	S	206	9852	10058	0.00092	0.00090	nan	nan	38	nan
Bacillus sp. Y1	352858	S	20820	22489	43309	0.00398	0.00206	nan	nan	38	5.0
Bacillus sp. T3	467262	S	8638	9540	18178	0.00167	0.00088	nan	nan	38	nan
Bacillus sp. DTU_2020_1000418_1_SI_GHA_SEK_038	3077585	S	8225	9161	17386	0.00160	0.00084	nan	nan	38	nan
Bacillus sp. 1NLA3E	666686	S	6883	7723	14606	0.00134	0.00071	nan	nan	37	nan
Bacillus sp. FJAT-18017	1705566	S	5914	6299	12213	0.00112	0.00058	nan	nan	43	5.0
Bacillus sp. THAF10	2587848	S	5263	5684	10947	0.00100	0.00052	nan	nan	40	5.0
Bacillus sp. FJAT-22090	1581038	S	5252	5803	11055	0.00101	0.00053	nan	nan	35	5.0
Bacillus sp. S3	486398	S	4882	5330	10212	0.00094	0.00049	nan	nan	41	nan
Bacillus sp. FJAT-42376	2014076	S	4279	4544	8823	0.00081	0.00042	nan	nan	46	4.0
Bacillus sp. DX3.1	3052091	S	3153	3378	6531	0.00060	0.00031	nan	nan	36	4.0
Bacillus sp. NEB1478	3073816	S	2620	2817	5437	0.00050	0.00026	nan	nan	39	nan
Bacillus sp. Cs-700	2589818	S	2518	4373	6891	0.00063	0.00040	nan	nan	40	5.0
Bacillus sp. KH172YL63	2709784	S	1834	2017	3851	0.00035	0.00019	nan	nan	46	4.0
Bacillus sp. N1-1	2682541	S	1406	2357	3763	0.00035	0.00022	nan	nan	41	5.0
Bacillus sp. ZJS3	2928154	S	751	1165	1916	0.00018	0.00011	nan	nan	36	nan
Bacillus sp. N3536	2666127	S	650	5409	6059	0.00056	0.00050	nan	nan	38	nan
Bacillus sp. N5-665	2925318	S	486	713	1199	0.00011	0.00007	nan	nan	35	5.0
Bacillus sp. CMF21	2884832	S	421	15923	16344	0.00150	0.00146	nan	nan	38	nan
Bacillus sp. CMF12	2884834	S	394	19855	20249	0.00186	0.00182	nan	nan	38	nan
Bacillus sp. OxB-1	98228	S	292	316	608	0.00006	0.00003	nan	nan	49	4.0
Bacillus sp. COPE52	2233998	S	274	479	753	0.00007	0.00004	nan	nan	36	nan
Bacillus sp. N447-1	2789208	S	235	699	934	0.00009	0.00006	nan	nan	36	nan
Bacillus sp. CRB-7	2874284	S	216	830	1046	0.00010	0.00008	nan	nan	37	nan
Bacillus sp. MD-5	2009331	S	176	1770	1946	0.00018	0.00016	nan	nan	41	4.0
Bacillus sp. PGP15	2933563	S	173	435	608	0.00006	0.00004	nan	nan	37	nan
Bacillus sp. K1	745774	S	171	834	1005	0.00009	0.00008	nan	nan	40	nan
Bacillus sp. NP247	2846779	S	147	290	437	0.00004	0.00003	nan	nan	36	nan
Bacillus cereus	1396	S	9821	26173	35994	0.00330	0.00240	nan	nan	36	nan
Bacillus thuringiensis	1428	S	7241	49124	56365	0.00517	0.00451	nan	nan	36	nan
Bacillus mycoides	1405	S	7040	9302	16342	0.00150	0.00085	nan	nan	35	5.0
Bacillus pseudomycoides	64104	S	6961	7376	14337	0.00132	0.00068	nan	nan	35	4.0
Bacillus cytotoxicus	580165	S	6446	6762	13208	0.00121	0.00062	nan	nan	36	5.0
Bacillus toyonensis	155322	S	2128	3475	5603	0.00051	0.00032	nan	nan	35	5.0
Bacillus wiedmannii	1890302	S	1608	1974	3582	0.00033	0.00018	nan	nan	35	4.0
Bacillus paranthracis	2026186	S	1385	3944	5329	0.00049	0.00036	nan	nan	36	nan
Bacillus nitratireducens	2026193	S	1010	1153	2163	0.00020	0.00011	nan	nan	36	4.0
Bacillus luti	2026191	S	875	950	1825	0.00017	0.00009	nan	nan	35	4.0
Bacillus albus	2026189	S	451	796	1247	0.00011	0.00007	nan	nan	36	5.0
Bacillus sp. FDAARGOS_235	1839798	S	164	623	787	0.00007	0.00006	nan	nan	36	nan
Bacillus sp. ABP14	1892404	S	158	294	452	0.00004	0.00003	nan	nan	36	5.0
Bacillus tropicus	2026188	S	296	515	811	0.00007	0.00005	nan	nan	36	5.0
Bacillus weihaiensis	1547283	S	51405	56261	107666	0.00988	0.00516	nan	nan	36	5.0
Bacillus subtilis	1423	S	10819	52999	63818	0.00586	0.00487	nan	nan	40	nan
Bacillus spizizenii	96241	S	7702	9846	17548	0.00161	0.00090	nan	nan	45	4.0
Bacillus velezensis	492670	S	1965	10344	12309	0.00113	0.00095	nan	nan	45	5.0
Bacillus amyloliquefaciens	1390	S	404	2709	3113	0.00029	0.00025	nan	nan	45	5.0
Bacillus siamensis	659243	S	277	459	736	0.00007	0.00004	nan	nan	47	5.0
Bacillus vallismortis	72361	S	4642	5039	9681	0.00089	0.00046	nan	nan	45	4.0
Bacillus atrophaeus	1452	S	4554	4859	9413	0.00086	0.00045	nan	nan	44	4.0
Bacillus paralicheniformis	1648923	S	3361	4252	7613	0.00070	0.00039	nan	nan	47	5.0
Bacillus mojavensis	72360	S	1196	1577	2773	0.00025	0.00014	nan	nan	44	4.0
Bacillus halotolerans	260554	S	1041	1830	2871	0.00026	0.00017	nan	nan	44	4.0
Bacillus inaquosorum	483913	S	2488	3011	5499	0.00050	0.00028	nan	nan	45	4.0
Bacillus tequilensis	227866	S	1113	1250	2363	0.00022	0.00011	nan	nan	45	5.0
Bacillus licheniformis	1402	S	483	2393	2876	0.00026	0.00022	nan	nan	41	nan
Bacillus stercoris	2054641	S	259	580	839	0.00008	0.00005	nan	nan	44	5.0
Bacillus pumilus	1408	S	13408	14139	27547	0.00253	0.00130	nan	nan	42	4.0
Bacillus aquiflavi	2672567	S	10018	10556	20574	0.00189	0.00097	nan	nan	36	4.0
Bacillus dafuensis	1742359	S	8420	9258	17678	0.00162	0.00085	nan	nan	36	nan
Bacillus gobiensis	1441095	S	6405	6638	13043	0.00120	0.00061	nan	nan	41	5.0
Bacillus methanolicus	1471	S	6337	7082	13419	0.00123	0.00065	nan	nan	38	nan
Bacillus badius	1455	S	6049	7335	13384	0.00123	0.00067	nan	nan	44	4.0
Bacillus carboniphilus	86663	S	5557	5712	11269	0.00103	0.00052	nan	nan	36	5.0
Bacillus altitudinis	293387	S	4717	5491	10208	0.00094	0.00050	nan	nan	42	4.0
Bacillus safensis	561879	S	4716	6412	11128	0.00102	0.00059	nan	nan	42	4.0
Bacillus shivajii	1983719	S	3479	3703	7182	0.00066	0.00034	nan	nan	37	nan
Bacillus glycinifermentans	1664069	S	2989	3083	6072	0.00056	0.00028	nan	nan	48	4.0
Bacillus swezeyi	1925020	S	2892	2983	5875	0.00054	0.00027	nan	nan	45	4.0
Bacillus infantis	324767	S	2664	2818	5482	0.00050	0.00026	nan	nan	47	4.0
Bacillus fonticola	2728853	S	2419	2568	4987	0.00046	0.00024	nan	nan	43	4.0
Bacillus arachidis	2819290	S	2236	2343	4579	0.00042	0.00022	nan	nan	36	4.0
Bacillus smithii	1479	S	1032	1525	2557	0.00023	0.00014	nan	nan	40	5.0
Bacillus cabrialesii	2487276	S	303	323	626	0.00006	0.00003	nan	nan	46	4.0
Bacillus xiamenensis	1178537	S	218	355	573	0.00005	0.00003	nan	nan	42	5.0
Bacillus rugosus	2715209	S	188	202	390	0.00004	0.00002	nan	nan	44	4.0
Bacillus haynesii	1925021	S	186	346	532	0.00005	0.00003	nan	nan	46	5.0
Neobacillus sp. YX16	3047874	S	17859	21744	39603	0.00364	0.00200	nan	nan	37	nan
Neobacillus sp. DY30	3047871	S	13144	15901	29045	0.00267	0.00146	nan	nan	39	nan
Neobacillus sp. PS3-12	3070677	S	10893	12426	23319	0.00214	0.00114	nan	nan	39	nan
Neobacillus sp. SuZ13	3047875	S	9923	11966	21889	0.00201	0.00110	nan	nan	39	nan
Neobacillus sp. Marseille-Q6967	2963105	S	9684	11591	21275	0.00195	0.00106	nan	nan	39	nan
Neobacillus sp. WH10	3047873	S	8665	10085	18750	0.00172	0.00093	nan	nan	38	nan
Neobacillus sp. OS1-33	3070683	S	8584	10172	18756	0.00172	0.00093	nan	nan	39	nan
Neobacillus sp. PS2-9	3070676	S	8000	9508	17508	0.00161	0.00087	nan	nan	39	nan
Neobacillus sp. 114	3048535	S	7410	8441	15851	0.00146	0.00077	nan	nan	42	5.0
Neobacillus sp. PS3-34	3070678	S	5673	6168	11841	0.00109	0.00057	nan	nan	40	4.0
Neobacillus sp. PS3-40	3070679	S	4891	5362	10253	0.00094	0.00049	nan	nan	36	5.0
Neobacillus sp. OS1-32	3070682	S	4743	5237	9980	0.00092	0.00048	nan	nan	41	5.0
Neobacillus sp. OS1-2	3070680	S	4344	4949	9293	0.00085	0.00045	nan	nan	40	5.0
Neobacillus drentensis	220684	S	9411	11204	20615	0.00189	0.00103	nan	nan	40	nan
Neobacillus mesonae	1193713	S	7819	8756	16575	0.00152	0.00080	nan	nan	41	5.0
Neobacillus cucumis	1740721	S	4873	4994	9867	0.00091	0.00046	nan	nan	40	nan
Neobacillus novalis	220687	S	4128	4675	8803	0.00081	0.00043	nan	nan	40	5.0
Niallia sp. RD1	2962858	S	66221	83818	150039	0.01377	0.00769	nan	nan	36	5.0
Niallia sp. Man26	2912824	S	16801	18126	34927	0.00321	0.00166	nan	nan	39	nan
Niallia circulans	1397	S	40085	44134	84219	0.00773	0.00405	nan	nan	36	4.0
Niallia taxi	2499688	S	11334	12253	23587	0.00217	0.00112	nan	nan	38	nan
Priestia flexa	86664	S	35286	40826	76112	0.00699	0.00375	nan	nan	39	4.0
Priestia megaterium	1404	S	21211	36315	57526	0.00528	0.00333	nan	nan	38	nan
Priestia filamentosa	1402861	S	14356	14867	29223	0.00268	0.00136	nan	nan	37	3.0
Priestia koreensis	284581	S	5332	5755	11087	0.00102	0.00053	nan	nan	41	5.0
Priestia aryabhattai	412384	S	1861	5272	7133	0.00065	0.00048	nan	nan	38	nan
Priestia endophytica	135735	S	1316	1354	2670	0.00025	0.00012	nan	nan	35	4.0
Peribacillus asahii	228899	S	19229	22540	41769	0.00383	0.00207	nan	nan	38	5.0
Peribacillus frigoritolerans	450367	S	12515	19648	32163	0.00295	0.00180	nan	nan	40	nan
Peribacillus psychrosaccharolyticus	1407	S	9212	10248	19460	0.00179	0.00094	nan	nan	39	nan
Peribacillus simplex	1478	S	6822	13275	20097	0.00184	0.00122	nan	nan	39	nan
Peribacillus muralis	264697	S	3051	3504	6555	0.00060	0.00032	nan	nan	42	5.0
Peribacillus sp. R9-11	3073271	S	1060	2491	3551	0.00033	0.00023	nan	nan	39	nan
Peribacillus butanolivorans	421767	S	959	2199	3158	0.00029	0.00020	nan	nan	39	nan
Lysinibacillus sp. PLM2	2929796	S	4705	5309	10014	0.00092	0.00049	nan	nan	35	4.0
Lysinibacillus sp. SGAir0095	2070463	S	3269	3647	6916	0.00063	0.00033	nan	nan	38	5.0
Lysinibacillus sp. 2017	2169540	S	2218	2638	4856	0.00045	0.00024	nan	nan	37	5.0
Lysinibacillus sp. Ag94	2936682	S	2016	2081	4097	0.00038	0.00019	nan	nan	37	nan
Lysinibacillus sp. CD3-6	2892541	S	1752	1962	3714	0.00034	0.00018	nan	nan	37	5.0
Lysinibacillus sp. OF-1	2972483	S	1446	1685	3131	0.00029	0.00015	nan	nan	37	nan
Lysinibacillus sp. ACHW1.5	2913506	S	203	1657	1860	0.00017	0.00015	nan	nan	38	nan
Lysinibacillus fusiformis	28031	S	5276	6177	11453	0.00105	0.00057	nan	nan	38	5.0
Lysinibacillus irui	2998077	S	4327	5083	9410	0.00086	0.00047	nan	nan	37	nan
Lysinibacillus louembei	1470088	S	4176	4531	8707	0.00080	0.00042	nan	nan	40	5.0
Lysinibacillus timonensis	2086577	S	3444	3956	7400	0.00068	0.00036	nan	nan	36	4.0
Lysinibacillus parviboronicapiens	436516	S	3082	3440	6522	0.00060	0.00032	nan	nan	37	nan
Lysinibacillus sphaericus	1421	S	2571	3785	6356	0.00058	0.00035	nan	nan	38	nan
Lysinibacillus pakistanensis	759811	S	1704	1886	3590	0.00033	0.00017	nan	nan	37	5.0
Lysinibacillus agricola	2590012	S	1594	1746	3340	0.00031	0.00016	nan	nan	37	5.0
Lysinibacillus capsici	2115968	S	1327	7560	8887	0.00082	0.00069	nan	nan	38	nan
Lysinibacillus varians	1145276	S	589	2898	3487	0.00032	0.00027	nan	nan	38	nan
Cytobacillus solani	1637975	S	15652	17349	33001	0.00303	0.00159	nan	nan	37	nan
Cytobacillus firmus	1399	S	9102	10549	19651	0.00180	0.00097	nan	nan	42	5.0
Cytobacillus gottheilii	859144	S	8864	9517	18381	0.00169	0.00087	nan	nan	39	5.0
Cytobacillus kochii	859143	S	6051	6527	12578	0.00115	0.00060	nan	nan	36	5.0
Cytobacillus spongiae	2901381	S	5826	6226	12052	0.00111	0.00057	nan	nan	39	5.0
Cytobacillus oceanisediminis	665099	S	3687	24561	28248	0.00259	0.00225	nan	nan	39	nan
Cytobacillus pseudoceanisediminis	3051614	S	212	759	971	0.00009	0.00007	nan	nan	41	5.0
Heyndrickxia oleronia	38875	S	27261	31205	58466	0.00537	0.00286	nan	nan	35	5.0
Heyndrickxia vini	1476025	S	12890	14209	27099	0.00249	0.00130	nan	nan	36	4.0
Heyndrickxia coagulans	1398	S	1009	3592	4601	0.00042	0.00033	nan	nan	48	4.0
Virgibacillus sp. NKC19-16	2831673	S	2342	2397	4739	0.00044	0.00022	nan	nan	40	5.0
Virgibacillus sp. SK37	403957	S	1292	1762	3054	0.00028	0.00016	nan	nan	37	5.0
Virgibacillus sp. Bac332	2419842	S	904	6127	7031	0.00065	0.00056	nan	nan	37	4.0
Virgibacillus sp. MSP4-1	2700081	S	843	878	1721	0.00016	0.00008	nan	nan	42	4.0
Virgibacillus sp. 6R	1911587	S	182	2171	2353	0.00022	0.00020	nan	nan	37	4.0
Virgibacillus natechei	1216297	S	2863	2920	5783	0.00053	0.00027	nan	nan	38	nan
Virgibacillus phasianinus	2017483	S	2715	2810	5525	0.00051	0.00026	nan	nan	39	5.0
Virgibacillus halodenitrificans	1482	S	1722	2062	3784	0.00035	0.00019	nan	nan	37	nan
Virgibacillus necropolis	163877	S	1665	1714	3379	0.00031	0.00016	nan	nan	38	5.0
Virgibacillus dokdonensis	302167	S	1332	1649	2981	0.00027	0.00015	nan	nan	37	5.0
Virgibacillus salarius	447199	S	459	3431	3890	0.00036	0.00032	nan	nan	37	4.0
Mesobacillus foraminis	279826	S	11131	11816	22947	0.00211	0.00108	nan	nan	45	5.0
Mesobacillus jeotgali	129985	S	6728	7948	14676	0.00135	0.00073	nan	nan	44	4.0
Mesobacillus sp. S13	2880221	S	2263	2669	4932	0.00045	0.00025	nan	nan	43	5.0
Mesobacillus sp. AQ2	3043332	S	1011	1136	2147	0.00020	0.00010	nan	nan	44	5.0
Mesobacillus subterraneus	285983	S	1805	2233	4038	0.00037	0.00021	nan	nan	43	4.0
Sutcliffiella horikoshii	79883	S	5386	5791	11177	0.00103	0.00053	nan	nan	40	5.0
Sutcliffiella cohnii	33932	S	2471	9776	12247	0.00112	0.00090	nan	nan	36	5.0
Sutcliffiella sp. NC1	3004096	S	1748	6685	8433	0.00077	0.00061	nan	nan	36	5.0
Anoxybacillus flavithermus	33934	S	4771	6684	11455	0.00105	0.00061	nan	nan	41	5.0
Anoxybacillus caldiproteolyticus	247480	S	3620	4082	7702	0.00071	0.00037	nan	nan	41	5.0
Anoxybacillus sp. PDR2	1636720	S	501	2981	3482	0.00032	0.00027	nan	nan	42	4.0
Anoxybacillus amylolyticus	294699	S	2692	2872	5564	0.00051	0.00026	nan	nan	44	4.0
Anoxybacillus gonensis	198467	S	2087	2509	4596	0.00042	0.00023	nan	nan	42	4.0
Oceanobacillus zhaokaii	2052660	S	4708	4949	9657	0.00089	0.00045	nan	nan	37	5.0
Oceanobacillus iheyensis	182710	S	3930	4197	8127	0.00075	0.00039	nan	nan	38	nan
Oceanobacillus kimchii	746691	S	2579	2814	5393	0.00050	0.00026	nan	nan	36	4.0
Oceanobacillus oncorhynchi	545501	S	2331	2585	4916	0.00045	0.00024	nan	nan	39	5.0
Oceanobacillus jeddahense	1462527	S	1756	1890	3646	0.00033	0.00017	nan	nan	38	nan
Psychrobacillus sp. AK 1817	2303505	S	9298	75074	84372	0.00774	0.00689	nan	nan	38	nan
Psychrobacillus sp. INOP01	2829187	S	2567	2817	5384	0.00049	0.00026	nan	nan	36	5.0
Psychrobacillus glaciei	2283160	S	2660	2917	5577	0.00051	0.00027	nan	nan	35	4.0
Gracilibacillus salitolerans	2663022	S	4674	4853	9527	0.00087	0.00045	nan	nan	36	5.0
Gracilibacillus salinarum	2932255	S	4135	4559	8694	0.00080	0.00042	nan	nan	39	nan
Gracilibacillus caseinilyticus	2932256	S	3304	3611	6915	0.00063	0.00033	nan	nan	39	nan
Fictibacillus enclensis	1017270	S	3496	3831	7327	0.00067	0.00035	nan	nan	45	5.0
Fictibacillus arsenicus	255247	S	2943	3201	6144	0.00056	0.00029	nan	nan	39	4.0
Fictibacillus phosphorivorans	1221500	S	2846	3066	5912	0.00054	0.00028	nan	nan	40	5.0
Fictibacillus sp. KU28468	2991053	S	1116	1227	2343	0.00022	0.00011	nan	nan	44	4.0
Alkalihalobacillus sp. LMS39	2924032	S	7193	7617	14810	0.00136	0.00070	nan	nan	36	5.0
Alkalihalobacillus sp. AL-G	2926399	S	2244	2326	4570	0.00042	0.00021	nan	nan	42	4.0
Alkalihalobacillus sp. LMS6	2924034	S	1133	1220	2353	0.00022	0.00011	nan	nan	40	4.0
Halobacillus shinanisalinarum	2932258	S	2237	2512	4749	0.00044	0.00023	nan	nan	41	5.0
Halobacillus amylolyticus	2932259	S	2011	2304	4315	0.00040	0.00021	nan	nan	40	4.0
Halobacillus salinarum	2932257	S	1224	1272	2496	0.00023	0.00012	nan	nan	43	4.0
Halobacillus naozhouensis	554880	S	1175	1253	2428	0.00022	0.00012	nan	nan	42	4.0
Halobacillus mangrovi	402384	S	941	986	1927	0.00018	0.00009	nan	nan	42	4.0
Halobacillus litoralis	45668	S	939	996	1935	0.00018	0.00009	nan	nan	43	4.0
Halobacillus halophilus	1570	S	608	644	1252	0.00011	0.00006	nan	nan	41	4.0
Caldibacillus thermoamylovorans	35841	S	8521	11034	19555	0.00180	0.00101	nan	nan	37	nan
Lederbergia lenta	1467	S	8009	8290	16299	0.00150	0.00076	nan	nan	37	5.0
Rossellomorea vietnamensis	218284	S	3565	4668	8233	0.00076	0.00043	nan	nan	45	5.0
Rossellomorea marisflavi	189381	S	1356	1465	2821	0.00026	0.00013	nan	nan	50	4.0
Rossellomorea sp. DA94	3038653	S	764	1430	2194	0.00020	0.00013	nan	nan	44	4.0
Rossellomorea sp. KS-H15a	2963940	S	219	420	639	0.00006	0.00004	nan	nan	44	4.0
Halalkalibacter krulwichiae	199441	S	7196	8271	15467	0.00142	0.00076	nan	nan	38	nan
Parageobacillus thermoglucosidasius	1426	S	2146	3226	5372	0.00049	0.00030	nan	nan	43	5.0
Parageobacillus sp. KH3-4	2916802	S	894	1204	2098	0.00019	0.00011	nan	nan	43	5.0
Parageobacillus genomosp. 1	1295642	S	826	1053	1879	0.00017	0.00010	nan	nan	43	4.0
Parageobacillus toebii	153151	S	731	5417	6148	0.00056	0.00050	nan	nan	38	nan
Parageobacillus caldoxylosilyticus	81408	S	663	944	1607	0.00015	0.00009	nan	nan	45	5.0
Radiobacillus deserti	2594883	S	3102	3317	6419	0.00059	0.00030	nan	nan	39	nan
Radiobacillus kanasensis	2844358	S	2724	2938	5662	0.00052	0.00027	nan	nan	40	nan
Terribacillus sp. DMT04	2850441	S	1942	2014	3956	0.00036	0.00018	nan	nan	43	4.0
Terribacillus saccharophilus	361277	S	1443	2417	3860	0.00035	0.00022	nan	nan	44	4.0
Terribacillus goriensis	386490	S	593	982	1575	0.00014	0.00009	nan	nan	44	4.0
Anaerobacillus isosaccharinicus	1532552	S	5245	5596	10841	0.00100	0.00051	nan	nan	36	4.0
Gottfriedia acidiceleris	371036	S	5178	5409	10587	0.00097	0.00050	nan	nan	33	4.0
Evansella cellulosilytica	1413	S	3712	3866	7578	0.00070	0.00035	nan	nan	37	5.0
Evansella sp. LMS18	2924033	S	1457	1527	2984	0.00027	0.00014	nan	nan	44	4.0
Shouchella clausii	79880	S	2309	2407	4716	0.00043	0.00022	nan	nan	45	4.0
Shouchella lehensis	300825	S	611	814	1425	0.00013	0.00007	nan	nan	40	5.0
Shouchella miscanthi	2598861	S	131	1759	1890	0.00017	0.00016	nan	nan	40	5.0
Pontibacillus sp. HMF3514	2692425	S	1627	1708	3335	0.00031	0.00016	nan	nan	39	nan
Pontibacillus sp. ALD_SL1	2777185	S	1104	1179	2283	0.00021	0.00011	nan	nan	41	5.0
Pontibacillus chungwhensis	265426	S	1732	1901	3633	0.00033	0.00017	nan	nan	41	4.0
Alkalihalophilus pseudofirmus	79885	S	4623	4898	9521	0.00087	0.00045	nan	nan	39	5.0
Lentibacillus sp. CBA3610	2518176	S	2513	2553	5066	0.00047	0.00023	nan	nan	43	4.0
Lentibacillus daqui	2911514	S	1255	1291	2546	0.00023	0.00012	nan	nan	40	5.0
Lentibacillus amyloliquefaciens	1472767	S	616	639	1255	0.00012	0.00006	nan	nan	42	4.0
Halalkalibacterium halodurans	86665	S	4360	4612	8972	0.00082	0.00042	nan	nan	44	4.0
Aeribacillus pallidus	33936	S	839	3710	4549	0.00042	0.00034	nan	nan	39	nan
Aeribacillus composti	1868734	S	391	1610	2001	0.00018	0.00015	nan	nan	39	nan
Pradoshia sp. D12	2651284	S	3998	4217	8215	0.00075	0.00039	nan	nan	39	nan
Geobacillus subterraneus	129338	S	1097	1545	2642	0.00024	0.00014	nan	nan	54	5.0
Geobacillus sp. E263	391290	S	364	4288	4652	0.00043	0.00039	nan	nan	38	nan
Geobacillus stearothermophilus	1422	S	459	911	1370	0.00013	0.00008	nan	nan	53	5.0
Geobacillus thermodenitrificans	33940	S	361	1740	2101	0.00019	0.00016	nan	nan	49	5.0
Geobacillus genomosp. 3	1921421	S	304	351	655	0.00006	0.00003	nan	nan	55	4.0
Paraliobacillus zengyii	2213194	S	3823	3964	7787	0.00071	0.00036	nan	nan	36	4.0
Mangrovibacillus cuniculi	2593652	S	3715	4110	7825	0.00072	0.00038	nan	nan	39	nan
Domibacillus sp. DTU_2020_1001157_1_SI_ALB_TIR_016	3077789	S	3505	3813	7318	0.00067	0.00035	nan	nan	44	5.0
Ectobacillus sp. JY-23	2933872	S	3244	3426	6670	0.00061	0.00031	nan	nan	40	4.0
Amphibacillus xylanus	1449	S	3020	3177	6197	0.00057	0.00029	nan	nan	35	5.0
Pseudalkalibacillus hwajinpoensis	208199	S	2893	3215	6108	0.00056	0.00030	nan	nan	40	5.0
Fervidibacillus albus	2980026	S	1914	2000	3914	0.00036	0.00018	nan	nan	40	nan
Fervidibacillus halotolerans	2980027	S	919	1001	1920	0.00018	0.00009	nan	nan	38	nan
Salipaludibacillus sp. LMS25	2924031	S	2130	2205	4335	0.00040	0.00020	nan	nan	39	nan
Siminovitchia fortis	254758	S	1708	1837	3545	0.00033	0.00017	nan	nan	45	4.0
Paenalkalicoccus suaedae	2592382	S	1686	2294	3980	0.00037	0.00021	nan	nan	42	4.0
Salisediminibacterium beveridgei	632773	S	654	677	1331	0.00012	0.00006	nan	nan	46	4.0
Salisediminibacterium selenitireducens	85683	S	370	384	754	0.00007	0.00004	nan	nan	49	4.0
Sediminibacillus dalangtanensis	2729421	S	934	982	1916	0.00018	0.00009	nan	nan	44	4.0
Salicibibacter cibi	2743001	S	325	332	657	0.00006	0.00003	nan	nan	46	4.0
Salicibibacter cibarius	2743000	S	235	257	492	0.00005	0.00002	nan	nan	46	5.0
Salicibibacter halophilus	2502791	S	170	192	362	0.00003	0.00002	nan	nan	46	4.0
Salicibibacter kimchii	2099786	S	107	108	215	0.00002	0.00001	nan	nan	47	4.0
Allobacillus halotolerans	570278	S	491	509	1000	0.00009	0.00005	nan	nan	39	5.0
Caldalkalibacillus thermarum	296745	S	446	507	953	0.00009	0.00005	nan	nan	48	4.0
Paenibacillus sp. 37	2607911	S	1675	5192	6867	0.00063	0.00048	nan	nan	46	4.0
Paenibacillus sp. DCT19	2211212	S	1200	1278	2478	0.00023	0.00012	nan	nan	46	4.0
Paenibacillus sp. C31	3050112	S	1088	1153	2241	0.00021	0.00011	nan	nan	43	4.0
Paenibacillus sp. FSL R5-0912	1536771	S	678	759	1437	0.00013	0.00007	nan	nan	53	4.0
Paenibacillus sp. RC67	3039392	S	635	657	1292	0.00012	0.00006	nan	nan	46	4.0
Paenibacillus sp. HWE-109	1306526	S	615	636	1251	0.00011	0.00006	nan	nan	47	4.0
Paenibacillus sp. FSL H7-0737	1536775	S	582	642	1224	0.00011	0.00006	nan	nan	44	4.0
Paenibacillus sp. G2S3	3047872	S	553	597	1150	0.00011	0.00005	nan	nan	45	4.0
Paenibacillus sp. 19GGS1-52	2758563	S	501	518	1019	0.00009	0.00005	nan	nan	48	5.0
Paenibacillus sp. YPD9-1	2908839	S	468	484	952	0.00009	0.00004	nan	nan	49	4.0
Paenibacillus sp. BIHB 4019	1870819	S	467	479	946	0.00009	0.00004	nan	nan	50	4.0
Paenibacillus sp. JZ16	1906272	S	455	492	947	0.00009	0.00005	nan	nan	51	4.0
Paenibacillus sp. YPG26	2878915	S	407	437	844	0.00008	0.00004	nan	nan	51	4.0
Paenibacillus sp. N3/727	2925845	S	391	571	962	0.00009	0.00005	nan	nan	46	4.0
Paenibacillus sp. FSL H7-0357	1536774	S	384	403	787	0.00007	0.00004	nan	nan	50	4.0
Paenibacillus sp. E222	2748863	S	349	416	765	0.00007	0.00004	nan	nan	48	4.0
Paenibacillus sp. MBLB1832	2918901	S	347	360	707	0.00006	0.00003	nan	nan	47	4.0
Paenibacillus sp. sptzw28	715179	S	337	345	682	0.00006	0.00003	nan	nan	51	5.0
Paenibacillus sp. JNUCC-31	2777983	S	335	368	703	0.00006	0.00003	nan	nan	47	4.0
Paenibacillus sp. SYP-B4298	2996034	S	297	307	604	0.00006	0.00003	nan	nan	56	5.0
Paenibacillus sp. IHBB 10380	1566358	S	287	306	593	0.00005	0.00003	nan	nan	42	5.0
Paenibacillus sp. FSL R7-0331	1536773	S	276	289	565	0.00005	0.00003	nan	nan	53	4.0
Paenibacillus sp. CC-CFT742	2926710	S	269	573	842	0.00008	0.00005	nan	nan	48	4.0
Paenibacillus sp. H1-7	2282849	S	266	274	540	0.00005	0.00003	nan	nan	52	4.0
Paenibacillus sp. BIC5C1	3078263	S	253	301	554	0.00005	0.00003	nan	nan	48	4.0
Paenibacillus sp. 481	2835869	S	247	254	501	0.00005	0.00002	nan	nan	46	4.0
Paenibacillus sp. KACC 21273	3025665	S	214	440	654	0.00006	0.00004	nan	nan	41	4.0
Paenibacillus sp. Y412MC10	481743	S	210	294	504	0.00005	0.00003	nan	nan	52	4.0
Paenibacillus sp. FSL P4-0081	1536769	S	208	234	442	0.00004	0.00002	nan	nan	52	5.0
Paenibacillus sp. CAA11	1532905	S	206	219	425	0.00004	0.00002	nan	nan	50	4.0
Paenibacillus sp. R14(2021)	2859228	S	205	215	420	0.00004	0.00002	nan	nan	55	4.0
Paenibacillus sp. D2_2	3073092	S	174	183	357	0.00003	0.00002	nan	nan	46	4.0
Paenibacillus sp. PK1-4R	3049075	S	141	221	362	0.00003	0.00002	nan	nan	47	4.0
Paenibacillus sp. Cedars	1980674	S	131	552	683	0.00006	0.00005	nan	nan	48	4.0
Paenibacillus sp. FSL R5-0345	1536770	S	127	137	264	0.00002	0.00001	nan	nan	44	4.0
Paenibacillus polymyxa	1406	S	3707	8217	11924	0.00109	0.00075	nan	nan	46	4.0
Paenibacillus pabuli	1472	S	2288	2658	4946	0.00045	0.00024	nan	nan	47	4.0
Paenibacillus crassostreae	1763538	S	1310	1391	2701	0.00025	0.00013	nan	nan	39	nan
Paenibacillus odorifer	189426	S	1243	1339	2582	0.00024	0.00012	nan	nan	45	4.0
Paenibacillus psychroresistens	1778678	S	1175	1192	2367	0.00022	0.00011	nan	nan	41	4.0
Paenibacillus macerans	44252	S	920	943	1863	0.00017	0.00009	nan	nan	55	4.0
Paenibacillus azoreducens	116718	S	740	773	1513	0.00014	0.00007	nan	nan	50	5.0
Paenibacillus woosongensis	307580	S	708	767	1475	0.00014	0.00007	nan	nan	52	4.0
Paenibacillus protaetiae	2509456	S	694	727	1421	0.00013	0.00007	nan	nan	52	4.0
Paenibacillus ihbetae	1870820	S	635	668	1303	0.00012	0.00006	nan	nan	54	4.0
Paenibacillus algicola	2565926	S	606	638	1244	0.00011	0.00006	nan	nan	53	4.0
Paenibacillus guangzhouensis	1473112	S	605	629	1234	0.00011	0.00006	nan	nan	48	4.0
Paenibacillus riograndensis	483937	S	471	592	1063	0.00010	0.00005	nan	nan	52	5.0
Paenibacillus antarcticus	253703	S	486	515	1001	0.00009	0.00005	nan	nan	41	5.0
Paenibacillus brasilensis	128574	S	443	518	961	0.00009	0.00005	nan	nan	48	4.0
Paenibacillus nuruki	1886670	S	442	1231	1673	0.00015	0.00011	nan	nan	42	4.0
Paenibacillus larvae	1464	S	430	473	903	0.00008	0.00004	nan	nan	45	5.0
Paenibacillus rhizovicinus	2704463	S	427	445	872	0.00008	0.00004	nan	nan	57	4.0
Paenibacillus andongensis	2975482	S	423	442	865	0.00008	0.00004	nan	nan	45	4.0
Paenibacillus uliginis	683737	S	391	559	950	0.00009	0.00005	nan	nan	47	4.0
Paenibacillus tianjinensis	2810347	S	382	509	891	0.00008	0.00005	nan	nan	50	5.0
Paenibacillus baekrokdamisoli	1712516	S	358	368	726	0.00007	0.00003	nan	nan	46	4.0
Paenibacillus durus	44251	S	350	375	725	0.00007	0.00003	nan	nan	53	4.0
Paenibacillus agaridevorans	171404	S	325	508	833	0.00008	0.00005	nan	nan	52	4.0
Paenibacillus terrae	159743	S	314	397	711	0.00007	0.00004	nan	nan	48	4.0
Paenibacillus lautus	1401	S	302	535	837	0.00008	0.00005	nan	nan	49	4.0
Paenibacillus cellulosilyticus	375489	S	300	313	613	0.00006	0.00003	nan	nan	52	4.0
Paenibacillus lentus	1338368	S	285	296	581	0.00005	0.00003	nan	nan	47	5.0
Paenibacillus peoriae	59893	S	260	1130	1390	0.00013	0.00010	nan	nan	46	4.0
Paenibacillus dendritiformis	130049	S	256	307	563	0.00005	0.00003	nan	nan	57	5.0
Paenibacillus elgii	189691	S	227	236	463	0.00004	0.00002	nan	nan	55	4.0
Paenibacillus amylolyticus	1451	S	220	327	547	0.00005	0.00003	nan	nan	47	4.0
Paenibacillus typhae	1174501	S	213	278	491	0.00005	0.00003	nan	nan	51	4.0
Paenibacillus mucilaginosus	61624	S	183	188	371	0.00003	0.00002	nan	nan	61	4.0
Paenibacillus xylanexedens	528191	S	182	355	537	0.00005	0.00003	nan	nan	47	4.0
Paenibacillus urinalis	521520	S	176	209	385	0.00004	0.00002	nan	nan	47	5.0
Paenibacillus montanisoli	2081970	S	175	182	357	0.00003	0.00002	nan	nan	56	4.0
Paenibacillus lycopersici	2704462	S	172	178	350	0.00003	0.00002	nan	nan	60	4.0
Paenibacillus stellifer	169760	S	171	183	354	0.00003	0.00002	nan	nan	56	4.0
Paenibacillus kribbensis	172713	S	170	191	361	0.00003	0.00002	nan	nan	48	4.0
Paenibacillus bovis	1616788	S	169	182	351	0.00003	0.00002	nan	nan	50	4.0
Paenibacillus chitinolyticus	79263	S	158	164	322	0.00003	0.00002	nan	nan	54	4.0
Paenibacillus thiaminolyticus	49283	S	150	174	324	0.00003	0.00002	nan	nan	55	5.0
Paenibacillus swuensis	1178515	S	145	151	296	0.00003	0.00001	nan	nan	49	4.0
Paenibacillus alvei	44250	S	106	110	216	0.00002	0.00001	nan	nan	47	4.0
Brevibacillus sp. JNUCC-41	2778370	S	2201	8056	10257	0.00094	0.00074	nan	nan	38	nan
Brevibacillus sp. DP1.3A	2738867	S	250	341	591	0.00005	0.00003	nan	nan	48	4.0
Brevibacillus brevis	1393	S	1834	2108	3942	0.00036	0.00019	nan	nan	48	4.0
Brevibacillus laterosporus	1465	S	974	1469	2443	0.00022	0.00013	nan	nan	42	4.0
Brevibacillus borstelensis	45462	S	827	903	1730	0.00016	0.00008	nan	nan	53	4.0
Brevibacillus choshinensis	54911	S	581	621	1202	0.00011	0.00006	nan	nan	53	4.0
Brevibacillus marinus	2496837	S	245	253	498	0.00005	0.00002	nan	nan	58	4.0
Brevibacillus composti	2796470	S	106	119	225	0.00002	0.00001	nan	nan	57	4.0
Aneurinibacillus sp. B1	2966586	S	927	1797	2724	0.00025	0.00017	nan	nan	46	4.0
Aneurinibacillus sp. Ricciae_BoGa-3	3022697	S	442	504	946	0.00009	0.00005	nan	nan	42	4.0
Cohnella abietis	2507935	S	472	484	956	0.00009	0.00004	nan	nan	46	4.0
Cohnella herbarum	2728023	S	246	256	502	0.00005	0.00002	nan	nan	51	4.0
Cohnella sp. LGH	1619153	S	166	211	377	0.00003	0.00002	nan	nan	54	4.0
Sporosarcina sp. PTS2304	2283194	S	1227	1389	2616	0.00024	0.00013	nan	nan	41	5.0
Sporosarcina sp. resist	2762563	S	1083	1698	2781	0.00026	0.00016	nan	nan	40	5.0
Sporosarcina sp. Marseille-Q4063	2810514	S	924	966	1890	0.00017	0.00009	nan	nan	40	5.0
Sporosarcina sp. Te-1	2818390	S	881	967	1848	0.00017	0.00009	nan	nan	45	4.0
Sporosarcina sp. T2O-4	3056444	S	867	1013	1880	0.00017	0.00009	nan	nan	42	4.0
Sporosarcina sp. Marseille-Q4943	2942204	S	751	905	1656	0.00015	0.00008	nan	nan	45	4.0
Sporosarcina ureae	1571	S	2189	2355	4544	0.00042	0.00022	nan	nan	41	4.0
Sporosarcina ureilytica	298596	S	1391	1477	2868	0.00026	0.00014	nan	nan	38	nan
Sporosarcina thermotolerans	633404	S	1023	1088	2111	0.00019	0.00010	nan	nan	42	4.0
Sporosarcina pasteurii	1474	S	444	470	914	0.00008	0.00004	nan	nan	40	nan
Sporosarcina psychrophila	1476	S	408	665	1073	0.00010	0.00006	nan	nan	41	5.0
Planococcus sp. PAMC 21323	1526927	S	685	870	1555	0.00014	0.00008	nan	nan	40	4.0
Planococcus sp. N016	3058398	S	612	660	1272	0.00012	0.00006	nan	nan	45	4.0
Planococcus sp. N022	3058393	S	477	518	995	0.00009	0.00005	nan	nan	45	4.0
Planococcus sp. 107-1	2908840	S	419	519	938	0.00009	0.00005	nan	nan	45	4.0
Planococcus sp. N056	3058394	S	323	465	788	0.00007	0.00004	nan	nan	47	4.0
Planococcus halocryophilus	1215089	S	1181	1507	2688	0.00025	0.00014	nan	nan	40	4.0
Planococcus versutus	1302659	S	845	1081	1926	0.00018	0.00010	nan	nan	40	5.0
Planococcus donghaensis	414778	S	786	1022	1808	0.00017	0.00009	nan	nan	41	5.0
Planococcus antarcticus	161360	S	431	488	919	0.00008	0.00004	nan	nan	44	4.0
Planococcus maritimus	192421	S	328	406	734	0.00007	0.00004	nan	nan	49	4.0
Planococcus massiliensis	1499687	S	306	357	663	0.00006	0.00003	nan	nan	47	4.0
Planococcus halotolerans	2233542	S	187	205	392	0.00004	0.00002	nan	nan	46	4.0
Planococcus rifietoensis	200991	S	126	199	325	0.00003	0.00002	nan	nan	49	4.0
Planococcus lenghuensis	2213202	S	125	130	255	0.00002	0.00001	nan	nan	49	4.0
Planococcus glaciei	459472	S	119	171	290	0.00003	0.00002	nan	nan	47	4.0
Solibacillus sp. R5-41	2048654	S	2272	2686	4958	0.00046	0.00025	nan	nan	37	5.0
Solibacillus silvestris	76853	S	2191	2517	4708	0.00043	0.00023	nan	nan	40	nan
Solibacillus daqui	2912187	S	1119	1331	2450	0.00022	0.00012	nan	nan	38	nan
Viridibacillus sp. JNUCC-6	2779527	S	2620	2914	5534	0.00051	0.00027	nan	nan	36	4.0
Kurthia sp. 11kri321	1750719	S	322	1283	1605	0.00015	0.00012	nan	nan	37	5.0
Kurthia sp. YJT4	3049086	S	172	722	894	0.00008	0.00007	nan	nan	37	5.0
Kurthia zopfii	1650	S	608	706	1314	0.00012	0.00006	nan	nan	36	5.0
Paenisporosarcina antarctica	417367	S	1631	1767	3398	0.00031	0.00016	nan	nan	37	nan
Paenisporosarcina cavernae	2320858	S	715	830	1545	0.00014	0.00008	nan	nan	39	5.0
Ureibacillus thermophilus	367743	S	734	1314	2048	0.00019	0.00012	nan	nan	38	nan
Ureibacillus thermosphaericus	51173	S	720	1796	2516	0.00023	0.00016	nan	nan	37	5.0
Rummeliibacillus stabekisii	241244	S	442	893	1335	0.00012	0.00008	nan	nan	38	nan
Rummeliibacillus sp. G93	2939494	S	126	261	387	0.00004	0.00002	nan	nan	39	nan
Jeotgalibacillus malaysiensis	1508404	S	633	680	1313	0.00012	0.00006	nan	nan	42	4.0
Staphylococcus epidermidis	1282	S	1419	1830	3249	0.00030	0.00017	nan	nan	33	4.0
Staphylococcus sp. IVB6181	2929481	S	339	1068	1407	0.00013	0.00010	nan	nan	37	5.0
Staphylococcus aureus	1280	S	1027	4546	5573	0.00051	0.00042	nan	nan	33	4.0
Staphylococcus lugdunensis	28035	S	921	1000	1921	0.00018	0.00009	nan	nan	34	4.0
Staphylococcus warneri	1292	S	920	1438	2358	0.00022	0.00013	nan	nan	33	4.0
Staphylococcus haemolyticus	1283	S	839	1051	1890	0.00017	0.00010	nan	nan	33	4.0
Staphylococcus hominis	1290	S	819	990	1809	0.00017	0.00009	nan	nan	32	4.0
Staphylococcus gallinarum	1293	S	756	787	1543	0.00014	0.00007	nan	nan	34	4.0
Staphylococcus devriesei	586733	S	737	791	1528	0.00014	0.00007	nan	nan	34	3.0
Staphylococcus felis	46127	S	722	772	1494	0.00014	0.00007	nan	nan	35	4.0
Staphylococcus hyicus	1284	S	671	841	1512	0.00014	0.00008	nan	nan	36	4.0
Staphylococcus saprophyticus	29385	S	652	791	1443	0.00013	0.00007	nan	nan	34	4.0
Staphylococcus delphini	53344	S	323	363	686	0.00006	0.00003	nan	nan	38	nan
Staphylococcus pseudintermedius	283734	S	312	434	746	0.00007	0.00004	nan	nan	38	nan
Staphylococcus caprae	29380	S	596	703	1299	0.00012	0.00006	nan	nan	34	4.0
Staphylococcus succinus	61015	S	537	673	1210	0.00011	0.00006	nan	nan	34	4.0
Staphylococcus lloydii	2781774	S	536	588	1124	0.00010	0.00005	nan	nan	34	4.0
Staphylococcus ratti	2892440	S	528	554	1082	0.00010	0.00005	nan	nan	37	5.0
Staphylococcus cohnii	29382	S	500	685	1185	0.00011	0.00006	nan	nan	33	4.0
Staphylococcus agnetis	985762	S	486	538	1024	0.00009	0.00005	nan	nan	36	4.0
Staphylococcus arlettae	29378	S	454	560	1014	0.00009	0.00005	nan	nan	34	4.0
Staphylococcus simiae	308354	S	450	473	923	0.00008	0.00004	nan	nan	33	4.0
Staphylococcus pasteuri	45972	S	427	475	902	0.00008	0.00004	nan	nan	31	4.0
Staphylococcus coagulans	74706	S	426	557	983	0.00009	0.00005	nan	nan	36	4.0
Staphylococcus capitis	29388	S	412	545	957	0.00009	0.00005	nan	nan	34	4.0
Staphylococcus schweitzeri	1654388	S	382	462	844	0.00008	0.00004	nan	nan	33	4.0
Staphylococcus saccharolyticus	33028	S	378	405	783	0.00007	0.00004	nan	nan	32	4.0
Staphylococcus xylosus	1288	S	360	416	776	0.00007	0.00004	nan	nan	33	4.0
Staphylococcus equorum	246432	S	305	1013	1318	0.00012	0.00009	nan	nan	34	4.0
Staphylococcus pseudoxylosus	2282419	S	287	336	623	0.00006	0.00003	nan	nan	34	4.0
Staphylococcus lutrae	155085	S	265	283	548	0.00005	0.00003	nan	nan	37	nan
Staphylococcus carnosus	1281	S	234	260	494	0.00005	0.00002	nan	nan	35	4.0
Staphylococcus edaphicus	1955013	S	205	215	420	0.00004	0.00002	nan	nan	34	4.0
Staphylococcus piscifermentans	70258	S	194	216	410	0.00004	0.00002	nan	nan	36	5.0
Staphylococcus rostri	522262	S	172	245	417	0.00004	0.00002	nan	nan	38	nan
Staphylococcus pettenkoferi	170573	S	151	159	310	0.00003	0.00001	nan	nan	40	nan
Staphylococcus nepalensis	214473	S	150	163	313	0.00003	0.00002	nan	nan	34	4.0
Staphylococcus argenteus	985002	S	148	177	325	0.00003	0.00002	nan	nan	32	4.0
Staphylococcus muscae	1294	S	136	147	283	0.00003	0.00001	nan	nan	38	nan
Staphylococcus shinii	2912228	S	126	145	271	0.00002	0.00001	nan	nan	33	4.0
Staphylococcus chromogenes	46126	S	123	137	260	0.00002	0.00001	nan	nan	36	5.0
Mammaliicoccus lentus	42858	S	1316	1644	2960	0.00027	0.00015	nan	nan	32	4.0
Mammaliicoccus sciuri	1296	S	1063	1263	2326	0.00021	0.00012	nan	nan	33	4.0
Mammaliicoccus sp. Marseille-Q6498	2962659	S	575	640	1215	0.00011	0.00006	nan	nan	33	4.0
Mammaliicoccus stepanovicii	643214	S	346	372	718	0.00007	0.00003	nan	nan	32	4.0
Mammaliicoccus vitulinus	71237	S	317	359	676	0.00006	0.00003	nan	nan	32	4.0
Macrococcus canis	1855823	S	985	1147	2132	0.00020	0.00011	nan	nan	37	5.0
Macrococcus armenti	2875764	S	654	770	1424	0.00013	0.00007	nan	nan	36	4.0
Macrococcus caseolyticus	69966	S	364	848	1212	0.00011	0.00008	nan	nan	37	5.0
Macrococcus equipercicus	69967	S	351	382	733	0.00007	0.00004	nan	nan	46	4.0
Macrococcus epidermidis	1902580	S	196	228	424	0.00004	0.00002	nan	nan	36	4.0
Macrococcus bovicus	69968	S	128	135	263	0.00002	0.00001	nan	nan	46	5.0
Macrococcus bohemicus	1903056	S	126	434	560	0.00005	0.00004	nan	nan	35	4.0
Abyssicoccus albus	1817405	S	784	894	1678	0.00015	0.00008	nan	nan	35	4.0
Jeotgalicoccus sp. ATCC 8456	946435	S	355	384	739	0.00007	0.00004	nan	nan	37	5.0
Jeotgalicoccus saudimassiliensis	1461582	S	214	217	431	0.00004	0.00002	nan	nan	43	3.0
Nosocomiicoccus ampullae	489910	S	367	414	781	0.00007	0.00004	nan	nan	34	4.0
Nosocomiicoccus massiliensis	1232430	S	134	161	295	0.00003	0.00001	nan	nan	35	5.0
Salinicoccus halodurans	407035	S	111	116	227	0.00002	0.00001	nan	nan	46	5.0
Listeria innocua	1642	S	1776	2490	4266	0.00039	0.00023	nan	nan	37	nan
Listeria ivanovii	1638	S	1300	1412	2712	0.00025	0.00013	nan	nan	37	4.0
Listeria monocytogenes	1639	S	1219	2419	3638	0.00033	0.00022	nan	nan	38	nan
Listeria welshimeri	1643	S	841	1004	1845	0.00017	0.00009	nan	nan	36	5.0
Listeria sp. PSOL-1	1844999	S	763	791	1554	0.00014	0.00007	nan	nan	37	5.0
Listeria seeligeri	1640	S	629	711	1340	0.00012	0.00007	nan	nan	37	5.0
Listeria newyorkensis	1497681	S	444	452	896	0.00008	0.00004	nan	nan	43	5.0
Listeria weihenstephanensis	1006155	S	368	375	743	0.00007	0.00003	nan	nan	42	5.0
Listeria grayi	1641	S	266	309	575	0.00005	0.00003	nan	nan	43	5.0
Listeria marthii	529731	S	215	236	451	0.00004	0.00002	nan	nan	39	nan
Brochothrix thermosphacta	2756	S	610	661	1271	0.00012	0.00006	nan	nan	37	4.0
Exiguobacterium sp. Helios	2735868	S	460	579	1039	0.00010	0.00005	nan	nan	49	4.0
Exiguobacterium sp. N4-1P	2051906	S	156	170	326	0.00003	0.00002	nan	nan	49	4.0
Exiguobacterium profundum	307643	S	310	617	927	0.00009	0.00006	nan	nan	50	4.0
Exiguobacterium sibiricum	332410	S	285	352	637	0.00006	0.00003	nan	nan	49	4.0
Exiguobacterium aurantiacum	33987	S	276	362	638	0.00006	0.00003	nan	nan	54	5.0
Exiguobacterium antarcticum	132920	S	194	217	411	0.00004	0.00002	nan	nan	48	4.0
Exiguobacterium acetylicum	41170	S	177	462	639	0.00006	0.00004	nan	nan	49	4.0
Exiguobacterium mexicanum	340146	S	152	200	352	0.00003	0.00002	nan	nan	54	5.0
Pullulanibacillus sp. KACC 23026	3028315	S	2013	2094	4107	0.00038	0.00019	nan	nan	42	5.0
Sporolactobacillus terrae	269673	S	322	329	651	0.00006	0.00003	nan	nan	46	4.0
Gemella sp. zg-570	2840371	S	382	422	804	0.00007	0.00004	nan	nan	30	4.0
Gemella morbillorum	29391	S	232	298	530	0.00005	0.00003	nan	nan	32	4.0
Gemella sanguinis	84135	S	213	228	441	0.00004	0.00002	nan	nan	31	4.0
Alicyclobacillus fastidiosus	392011	S	331	334	665	0.00006	0.00003	nan	nan	53	4.0
Alicyclobacillus dauci	1475485	S	168	169	337	0.00003	0.00002	nan	nan	51	4.0
Alicyclobacillus sp. TC	2606450	S	115	115	230	0.00002	0.00001	nan	nan	46	4.0
Effusibacillus dendaii	2743772	S	127	128	255	0.00002	0.00001	nan	nan	49	4.0
Kroppenstedtia pulmonis	1380685	S	532	575	1107	0.00010	0.00005	nan	nan	48	4.0
Laceyella sacchari	37482	S	158	210	368	0.00003	0.00002	nan	nan	50	4.0
Lactobacillus sp. XA3	2932184	S	233	587	820	0.00008	0.00005	nan	nan	38	4.0
Lactobacillus sp. Kim32-2	2976676	S	134	159	293	0.00003	0.00001	nan	nan	43	4.0
Lactobacillus johnsonii	33959	S	242	419	661	0.00006	0.00004	nan	nan	36	4.0
Lactobacillus amylovorus	1604	S	217	420	637	0.00006	0.00004	nan	nan	39	nan
Lactobacillus iners	147802	S	131	145	276	0.00003	0.00001	nan	nan	33	4.0
Lactobacillus amylolyticus	83683	S	111	155	266	0.00002	0.00001	nan	nan	40	5.0
Lactobacillus crispatus	47770	S	100	188	288	0.00003	0.00002	nan	nan	37	5.0
Ligilactobacillus salivarius	1624	S	639	754	1393	0.00013	0.00007	nan	nan	33	4.0
Ligilactobacillus animalis	1605	S	251	322	573	0.00005	0.00003	nan	nan	42	4.0
Ligilactobacillus ruminis	1623	S	212	239	451	0.00004	0.00002	nan	nan	44	5.0
Weissella paramesenteroides	1249	S	369	402	771	0.00007	0.00004	nan	nan	38	5.0
Weissella cibaria	137591	S	283	303	586	0.00005	0.00003	nan	nan	46	5.0
Weissella coleopterorum	2714949	S	215	226	441	0.00004	0.00002	nan	nan	38	5.0
Weissella diestrammenae	1162633	S	152	154	306	0.00003	0.00001	nan	nan	41	4.0
Weissella confusa	1583	S	137	145	282	0.00003	0.00001	nan	nan	46	4.0
Limosilactobacillus reuteri	1598	S	746	1017	1763	0.00016	0.00009	nan	nan	39	5.0
Pediococcus pentosaceus	1255	S	221	348	569	0.00005	0.00003	nan	nan	38	4.0
Pediococcus damnosus	51663	S	160	367	527	0.00005	0.00003	nan	nan	38	5.0
Pediococcus claussenii	187452	S	129	169	298	0.00003	0.00002	nan	nan	37	5.0
Companilactobacillus ginsenosidimutans	1007676	S	401	407	808	0.00007	0.00004	nan	nan	36	4.0
Companilactobacillus allii	1847728	S	127	135	262	0.00002	0.00001	nan	nan	36	4.0
Lacticaseibacillus paracasei	1597	S	201	311	512	0.00005	0.00003	nan	nan	47	4.0
Lacticaseibacillus rhamnosus	47715	S	144	156	300	0.00003	0.00001	nan	nan	47	4.0
Fructilactobacillus cliffordii	2940299	S	192	209	401	0.00004	0.00002	nan	nan	45	4.0
Fructilactobacillus sanfranciscensis	1625	S	137	153	290	0.00003	0.00001	nan	nan	36	4.0
Lactiplantibacillus plantarum	1590	S	151	184	335	0.00003	0.00002	nan	nan	45	4.0
Lactiplantibacillus paraplantarum	60520	S	120	135	255	0.00002	0.00001	nan	nan	45	5.0
Lactiplantibacillus argentoratensis	271881	S	108	183	291	0.00003	0.00002	nan	nan	43	5.0
Apilactobacillus apisilvae	2923364	S	243	249	492	0.00005	0.00002	nan	nan	30	4.0
Leuconostoc sp. LN180020	2571156	S	144	356	500	0.00005	0.00003	nan	nan	39	nan
Latilactobacillus graminis	60519	S	222	230	452	0.00004	0.00002	nan	nan	41	5.0
Latilactobacillus sakei	1599	S	135	160	295	0.00003	0.00001	nan	nan	42	5.0
Liquorilactobacillus nagelii	82688	S	156	180	336	0.00003	0.00002	nan	nan	37	nan
Liquorilactobacillus hordei	468911	S	125	150	275	0.00003	0.00001	nan	nan	36	4.0
Loigolactobacillus backii	375175	S	157	221	378	0.00003	0.00002	nan	nan	41	4.0
Loigolactobacillus coryniformis	1610	S	120	152	272	0.00002	0.00001	nan	nan	43	5.0
Bombilactobacillus bombi	1303590	S	255	259	514	0.00005	0.00002	nan	nan	35	5.0
Furfurilactobacillus rossiae	231049	S	245	278	523	0.00005	0.00003	nan	nan	44	4.0
Lentilactobacillus curieae	1138822	S	150	155	305	0.00003	0.00001	nan	nan	41	5.0
Paucilactobacillus hokkaidonensis	1193095	S	114	145	259	0.00002	0.00001	nan	nan	38	nan
Lapidilactobacillus dextrinicus	51664	S	190	198	388	0.00004	0.00002	nan	nan	39	5.0
Enterococcus mundtii	53346	S	599	662	1261	0.00012	0.00006	nan	nan	40	5.0
Enterococcus gilvus	160453	S	422	581	1003	0.00009	0.00005	nan	nan	41	5.0
Enterococcus sp. CoE-012-22	3031993	S	400	511	911	0.00008	0.00005	nan	nan	38	nan
Enterococcus hirae	1354	S	410	635	1045	0.00010	0.00006	nan	nan	37	5.0
Enterococcus saigonensis	1805431	S	381	953	1334	0.00012	0.00009	nan	nan	36	5.0
Enterococcus wangshanyuanii	2005703	S	295	302	597	0.00005	0.00003	nan	nan	37	5.0
Enterococcus faecium	1352	S	286	1157	1443	0.00013	0.00011	nan	nan	38	nan
Enterococcus cecorum	44008	S	275	331	606	0.00006	0.00003	nan	nan	37	5.0
Enterococcus dispar	44009	S	267	443	710	0.00007	0.00004	nan	nan	37	5.0
Enterococcus durans	53345	S	233	394	627	0.00006	0.00004	nan	nan	38	nan
Enterococcus avium	33945	S	225	381	606	0.00006	0.00004	nan	nan	38	nan
Enterococcus faecalis	1351	S	181	582	763	0.00007	0.00005	nan	nan	38	nan
Enterococcus rotai	118060	S	143	144	287	0.00003	0.00001	nan	nan	36	4.0
Enterococcus saccharolyticus	41997	S	122	137	259	0.00002	0.00001	nan	nan	37	4.0
Vagococcus sp. CY52-2	2925838	S	405	468	873	0.00008	0.00004	nan	nan	34	4.0
Vagococcus fluvialis	2738	S	395	506	901	0.00008	0.00005	nan	nan	33	4.0
Vagococcus carniphilus	218144	S	330	468	798	0.00007	0.00004	nan	nan	33	4.0
Vagococcus xieshaowenii	2562451	S	314	441	755	0.00007	0.00004	nan	nan	36	4.0
Vagococcus hydrophili	2714947	S	223	238	461	0.00004	0.00002	nan	nan	35	4.0
Vagococcus luciliae	2920380	S	177	194	371	0.00003	0.00002	nan	nan	34	4.0
Vagococcus intermedius	2991418	S	138	157	295	0.00003	0.00001	nan	nan	36	4.0
Vagococcus zengguangii	2571750	S	115	124	239	0.00002	0.00001	nan	nan	38	4.0
Tetragenococcus halophilus	51669	S	574	696	1270	0.00012	0.00006	nan	nan	36	5.0
Tetragenococcus osmophilus	526944	S	155	207	362	0.00003	0.00002	nan	nan	36	5.0
Melissococcus plutonius	33970	S	349	358	707	0.00006	0.00003	nan	nan	33	4.0
Streptococcus equinus	1335	S	538	908	1446	0.00013	0.00008	nan	nan	39	nan
Streptococcus pantholopis	1811193	S	396	403	799	0.00007	0.00004	nan	nan	43	4.0
Streptococcus sp. 29887	3028084	S	230	350	580	0.00005	0.00003	nan	nan	42	5.0
Streptococcus pneumoniae	1313	S	314	513	827	0.00008	0.00005	nan	nan	41	nan
Streptococcus canis	1329	S	298	419	717	0.00007	0.00004	nan	nan	40	5.0
Streptococcus didelphis	102886	S	281	325	606	0.00006	0.00003	nan	nan	36	4.0
Streptococcus oralis	1303	S	272	486	758	0.00007	0.00004	nan	nan	42	5.0
Streptococcus himalayensis	1888195	S	271	308	579	0.00005	0.00003	nan	nan	42	5.0
Streptococcus iniae	1346	S	240	276	516	0.00005	0.00003	nan	nan	37	4.0
Streptococcus parauberis	1348	S	229	339	568	0.00005	0.00003	nan	nan	36	5.0
Streptococcus suis	1307	S	227	393	620	0.00006	0.00004	nan	nan	41	5.0
Streptococcus uberis	1349	S	226	263	489	0.00004	0.00002	nan	nan	37	5.0
Streptococcus ruminicola	2686210	S	219	757	976	0.00009	0.00007	nan	nan	39	5.0
Streptococcus pluranimalium	82348	S	189	245	434	0.00004	0.00002	nan	nan	39	nan
Streptococcus troglodytae	1111760	S	188	245	433	0.00004	0.00002	nan	nan	37	5.0
Streptococcus ratti	1341	S	173	178	351	0.00003	0.00002	nan	nan	41	4.0
Streptococcus anginosus	1328	S	148	414	562	0.00005	0.00004	nan	nan	39	nan
Streptococcus gordonii	1302	S	140	162	302	0.00003	0.00001	nan	nan	41	5.0
Streptococcus porcinus	1340	S	126	150	276	0.00003	0.00001	nan	nan	37	5.0
Lactococcus cremoris	1359	S	368	713	1081	0.00010	0.00007	nan	nan	36	5.0
Lactococcus lactis	1358	S	222	1376	1598	0.00015	0.00013	nan	nan	36	4.0
Floricoccus penangensis	1859475	S	110	113	223	0.00002	0.00001	nan	nan	34	3.0
Carnobacterium sp. 17-4	208596	S	662	939	1601	0.00015	0.00009	nan	nan	36	5.0
Carnobacterium maltaromaticum	2751	S	371	450	821	0.00008	0.00004	nan	nan	35	4.0
Carnobacterium viridans	174587	S	371	565	936	0.00009	0.00005	nan	nan	36	5.0
Carnobacterium inhibens	147709	S	320	506	826	0.00008	0.00005	nan	nan	36	4.0
Carnobacterium divergens	2748	S	148	191	339	0.00003	0.00002	nan	nan	36	4.0
Granulicatella elegans	137732	S	513	1031	1544	0.00014	0.00009	nan	nan	35	4.0
Granulicatella adiacens	46124	S	196	212	408	0.00004	0.00002	nan	nan	37	5.0
Jeotgalibaca ciconiae	2496265	S	230	299	529	0.00005	0.00003	nan	nan	37	nan
Jeotgalibaca sp. PTS2502	1903686	S	110	209	319	0.00003	0.00002	nan	nan	39	nan
Jeotgalibaca porci	1868793	S	108	180	288	0.00003	0.00002	nan	nan	40	nan
uncultured Trichococcus sp.	189665	S	260	291	551	0.00005	0.00003	nan	nan	49	4.0
Marinilactibacillus sp. 15R	1911586	S	237	383	620	0.00006	0.00004	nan	nan	37	5.0
Desemzia incerta	82801	S	236	477	713	0.00007	0.00004	nan	nan	37	nan
Dolosigranulum pigrum	29394	S	101	106	207	0.00002	0.00001	nan	nan	40	5.0
Aerococcus urinaeequi	51665	S	420	616	1036	0.00010	0.00006	nan	nan	40	nan
Aerococcus christensenii	87541	S	270	308	578	0.00005	0.00003	nan	nan	39	nan
Aerococcus urinaehominis	128944	S	191	197	388	0.00004	0.00002	nan	nan	43	4.0
Ignavigranum ruoffiae	89093	S	284	297	581	0.00005	0.00003	nan	nan	40	5.0
Globicatella sanguinis	13076	S	213	238	451	0.00004	0.00002	nan	nan	36	4.0
Fundicoccus culcitae	2969821	S	102	108	210	0.00002	0.00001	nan	nan	38	nan
Clostridium sp. MB40-C1	3070996	S	520	531	1051	0.00010	0.00005	nan	nan	29	4.0
Clostridium sp. DL-VIII	641107	S	393	410	803	0.00007	0.00004	nan	nan	30	4.0
Clostridium sp. JN-1	2483110	S	378	392	770	0.00007	0.00004	nan	nan	31	4.0
Clostridium sp. OS1-26	3070681	S	362	370	732	0.00007	0.00003	nan	nan	32	4.0
Clostridium sp. JS66	3064705	S	327	365	692	0.00006	0.00003	nan	nan	30	4.0
Clostridium sp. 'deep sea'	2779445	S	309	309	618	0.00006	0.00003	nan	nan	32	4.0
Clostridium sp. CF011	2843318	S	175	570	745	0.00007	0.00005	nan	nan	32	4.0
Clostridium sp. 001	1970093	S	172	197	369	0.00003	0.00002	nan	nan	32	4.0
Clostridium sp. BNL1100	755731	S	109	114	223	0.00002	0.00001	nan	nan	38	3.0
Clostridium estertheticum	238834	S	1529	1642	3171	0.00029	0.00015	nan	nan	30	4.0
Clostridium botulinum	1491	S	1213	1500	2713	0.00025	0.00014	nan	nan	28	4.0
Clostridium intestinale	36845	S	1062	1286	2348	0.00022	0.00012	nan	nan	31	5.0
Clostridium saccharoperbutylacetonicum	36745	S	1026	1080	2106	0.00019	0.00010	nan	nan	29	4.0
Clostridium gasigenes	94869	S	1016	1051	2067	0.00019	0.00010	nan	nan	29	4.0
Clostridium manihotivorum	2320868	S	898	925	1823	0.00017	0.00008	nan	nan	33	4.0
Clostridium cellulovorans	1493	S	484	492	976	0.00009	0.00005	nan	nan	32	4.0
Clostridium pasteurianum	1501	S	423	429	852	0.00008	0.00004	nan	nan	31	4.0
Clostridium baratii	1561	S	363	382	745	0.00007	0.00004	nan	nan	28	4.0
Clostridium aceticum	84022	S	362	374	736	0.00007	0.00003	nan	nan	36	4.0
Clostridium perfringens	1502	S	333	1256	1589	0.00015	0.00012	nan	nan	29	4.0
Clostridium beijerinckii	1520	S	330	506	836	0.00008	0.00005	nan	nan	30	4.0
Clostridium saccharobutylicum	169679	S	327	348	675	0.00006	0.00003	nan	nan	29	4.0
Clostridium felsineum	36839	S	319	323	642	0.00006	0.00003	nan	nan	30	4.0
Clostridium butyricum	1492	S	302	667	969	0.00009	0.00006	nan	nan	29	4.0
Clostridium argentinense	29341	S	293	302	595	0.00005	0.00003	nan	nan	29	5.0
Clostridium fermenticellae	2068654	S	253	259	512	0.00005	0.00002	nan	nan	31	3.0
Clostridium isatidis	182773	S	250	291	541	0.00005	0.00003	nan	nan	30	4.0
Clostridium drakei	332101	S	215	271	486	0.00004	0.00002	nan	nan	29	4.0
Clostridium acetobutylicum	1488	S	212	213	425	0.00004	0.00002	nan	nan	30	4.0
Clostridium scatologenes	1548	S	204	254	458	0.00004	0.00002	nan	nan	29	4.0
Clostridium novyi	1542	S	195	203	398	0.00004	0.00002	nan	nan	29	4.0
Clostridium chauvoei	46867	S	191	203	394	0.00004	0.00002	nan	nan	29	4.0
Clostridium thermarum	1716543	S	191	268	459	0.00004	0.00002	nan	nan	37	5.0
Clostridium sporogenes	1509	S	186	968	1154	0.00011	0.00009	nan	nan	29	4.0
Clostridium taeniosporum	394958	S	181	189	370	0.00003	0.00002	nan	nan	27	4.0
Clostridium tyrobutyricum	1519	S	141	142	283	0.00003	0.00001	nan	nan	32	4.0
Clostridium septicum	1504	S	126	133	259	0.00002	0.00001	nan	nan	29	4.0
Clostridium cadaveris	1529	S	101	107	208	0.00002	0.00001	nan	nan	32	4.0
Oceanirhabdus sp. W0125-5	2999116	S	602	623	1225	0.00011	0.00006	nan	nan	29	4.0
Crassaminicella profunda	1286698	S	278	299	577	0.00005	0.00003	nan	nan	31	4.0
Crassaminicella thermophila	2599308	S	267	311	578	0.00005	0.00003	nan	nan	30	4.0
Caloramator sp. mosi_1	3023090	S	173	189	362	0.00003	0.00002	nan	nan	31	4.0
Caloramator sp. Dgby_cultured_2	3029174	S	156	212	368	0.00003	0.00002	nan	nan	34	4.0
Hathewaya histolytica	1498	S	236	269	505	0.00005	0.00002	nan	nan	29	4.0
Alkaliphilus metalliredigens	208226	S	149	158	307	0.00003	0.00001	nan	nan	37	5.0
Geosporobacter ferrireducens	1424294	S	229	246	475	0.00004	0.00002	nan	nan	38	5.0
Caminicella sporogenes	166485	S	155	168	323	0.00003	0.00002	nan	nan	30	4.0
Paraclostridium bifermentans	1490	S	143	154	297	0.00003	0.00001	nan	nan	28	4.0
Sarcina sp. JB2	2726954	S	108	128	236	0.00002	0.00001	nan	nan	28	4.0
Serpentinicella alkaliphila	1734049	S	105	107	212	0.00002	0.00001	nan	nan	33	3.0
Anaerocolumna sp. MB42-C2	3070997	S	213	216	429	0.00004	0.00002	nan	nan	37	4.0
Anaerocolumna sp. AGMB13025	3039116	S	199	201	400	0.00004	0.00002	nan	nan	38	3.0
Blautia obeum	40520	S	222	399	621	0.00006	0.00004	nan	nan	43	5.0
Blautia liquoris	2779518	S	179	189	368	0.00003	0.00002	nan	nan	43	5.0
Lachnoclostridium phytofermentans	66219	S	410	416	826	0.00008	0.00004	nan	nan	36	3.0
Roseburia rectibacter	2763062	S	194	244	438	0.00004	0.00002	nan	nan	43	5.0
Coprococcus sp. ART55/1	751585	S	140	195	335	0.00003	0.00002	nan	nan	46	5.0
Anaeromicropila herbilytica	2785025	S	179	182	361	0.00003	0.00002	nan	nan	33	3.0
[Clostridium] colinum	36835	S	146	147	293	0.00003	0.00001	nan	nan	26	4.0
Anaerotignum propionicum	28446	S	130	134	264	0.00002	0.00001	nan	nan	40	4.0
Lacrimispora sphenoides	29370	S	103	105	208	0.00002	0.00001	nan	nan	45	4.0
Kineothrix sp. MB12-C1	3070215	S	115	117	232	0.00002	0.00001	nan	nan	42	4.0
Terrisporobacter mayombei	1541	S	226	349	575	0.00005	0.00003	nan	nan	29	4.0
Romboutsia ilealis	1115758	S	213	226	439	0.00004	0.00002	nan	nan	27	4.0
Tepidibacter hydrothermalis	3036126	S	181	271	452	0.00004	0.00002	nan	nan	28	4.0
Clostridioides difficile	1496	S	277	4958	5235	0.00048	0.00046	nan	nan	34	5.0
Acetoanaerobium sticklandii	1511	S	236	237	473	0.00004	0.00002	nan	nan	34	4.0
Paeniclostridium sordellii	1505	S	231	243	474	0.00004	0.00002	nan	nan	28	4.0
Peptacetobacter hiranonis	89152	S	177	193	370	0.00003	0.00002	nan	nan	32	4.0
Filifactor alocis	143361	S	118	187	305	0.00003	0.00002	nan	nan	35	5.0
Acetivibrio saccincola	1677857	S	209	286	495	0.00005	0.00003	nan	nan	35	4.0
Acetivibrio clariflavus	288965	S	207	308	515	0.00005	0.00003	nan	nan	36	5.0
Thermoclostridium stercorarium	1510	S	397	435	832	0.00008	0.00004	nan	nan	44	4.0
Ruminiclostridium cellulolyticum	1521	S	148	176	324	0.00003	0.00002	nan	nan	38	nan
Petroclostridium sp. X23	3045146	S	268	271	539	0.00005	0.00002	nan	nan	38	4.0
Desulfosporosinus acidiphilus	885581	S	384	387	771	0.00007	0.00004	nan	nan	43	5.0
Desulfosporosinus meridiei	79209	S	188	189	377	0.00003	0.00002	nan	nan	42	5.0
Desulfitobacterium dehalogenans	36854	S	196	197	393	0.00004	0.00002	nan	nan	47	4.0
Desulfitobacterium metallireducens	142877	S	145	147	292	0.00003	0.00001	nan	nan	43	5.0
Desulfitobacterium hafniense	49338	S	106	106	212	0.00002	0.00001	nan	nan	48	4.0
Vallitalea guaymasensis	1185412	S	389	390	779	0.00007	0.00004	nan	nan	32	4.0
Vallitalea pronyensis	1348613	S	269	269	538	0.00005	0.00002	nan	nan	36	4.0
Petrocella atlantisensis	2173034	S	286	292	578	0.00005	0.00003	nan	nan	38	5.0
Desulforamulus ferrireducens	1833852	S	227	308	535	0.00005	0.00003	nan	nan	46	4.0
Thermanaerosceptrum fracticalcis	1712410	S	254	268	522	0.00005	0.00002	nan	nan	47	5.0
Acididesulfobacillus acetoxydans	1561005	S	144	144	288	0.00003	0.00001	nan	nan	53	5.0
Cellulosilyticum sp. WCF-2	2497860	S	283	665	948	0.00009	0.00006	nan	nan	34	3.0
Acetobacterium woodii	33952	S	252	253	505	0.00005	0.00002	nan	nan	39	4.0
Heliorestis convoluta	356322	S	244	244	488	0.00004	0.00002	nan	nan	43	4.0
Proteiniborus sp. MB09-C3	3050072	S	128	130	258	0.00002	0.00001	nan	nan	32	4.0
Thermoanaerobacterium sp. RBIITD	1550240	S	231	367	598	0.00005	0.00003	nan	nan	33	5.0
Thermoanaerobacterium xylanolyticum	29329	S	172	259	431	0.00004	0.00002	nan	nan	36	5.0
Thermoanaerobacter kivui	2325	S	285	545	830	0.00008	0.00005	nan	nan	35	4.0
Mahella australiensis	252966	S	226	335	561	0.00005	0.00003	nan	nan	44	5.0
Halanaerobium hydrogeniformans	656519	S	311	312	623	0.00006	0.00003	nan	nan	34	5.0
Halobacteroides halobius	42422	S	256	256	512	0.00005	0.00002	nan	nan	32	4.0
Halothermothrix orenii	31909	S	175	176	351	0.00003	0.00002	nan	nan	39	4.0
Natranaerobius thermophilus	375929	S	225	227	452	0.00004	0.00002	nan	nan	37	4.0
Natranaerofaba carboxydovora	2742683	S	183	183	366	0.00003	0.00002	nan	nan	36	3.0
Caldicellulosiruptor acetigenus	301953	S	181	193	374	0.00003	0.00002	nan	nan	36	4.0
Koleobacter methoxysyntrophicus	2751313	S	188	199	387	0.00004	0.00002	nan	nan	42	4.0
Turicibacter sanguinis	154288	S	663	690	1353	0.00012	0.00006	nan	nan	34	4.0
Turicibacter sp. TJ11	2806443	S	488	579	1067	0.00010	0.00005	nan	nan	34	4.0
Turicibacter bilis	2735723	S	244	580	824	0.00008	0.00005	nan	nan	35	4.0
Erysipelothrix sp. HDW6C	2714930	S	243	258	501	0.00005	0.00002	nan	nan	40	4.0
Allocoprobacillus halotolerans	2944914	S	232	268	500	0.00005	0.00002	nan	nan	31	4.0
Amedibacterium intestinale	2583452	S	147	352	499	0.00005	0.00003	nan	nan	35	4.0
Faecalibacillus intestinalis	1982626	S	159	241	400	0.00004	0.00002	nan	nan	29	4.0
Tannockella kyphosi	2899121	S	125	133	258	0.00002	0.00001	nan	nan	30	4.0
Tissierella sp. MB52-C2	3070999	S	457	473	930	0.00009	0.00004	nan	nan	30	4.0
Miniphocaeibacter halophilus	2931922	S	205	205	410	0.00004	0.00002	nan	nan	30	4.0
Acidilutibacter cellobiosedens	2507161	S	167	183	350	0.00003	0.00002	nan	nan	33	4.0
Keratinibaculum paraultunense	1278232	S	130	140	270	0.00002	0.00001	nan	nan	30	4.0
Gottschalkia acidurici	1556	S	106	118	224	0.00002	0.00001	nan	nan	30	4.0
Pelosinus sp. UFO1	484770	S	619	625	1244	0.00011	0.00006	nan	nan	38	5.0
Selenobaculum gbiensis	3054208	S	267	271	538	0.00005	0.00002	nan	nan	35	4.0
Megamonas hypermegale	158847	S	124	124	248	0.00002	0.00001	nan	nan	35	4.0
Phascolarctobacterium faecium	33025	S	192	192	384	0.00004	0.00002	nan	nan	44	4.0
endosymbiont 'TC1' of Trimyema compressum	243899	S	136	136	272	0.00002	0.00001	nan	nan	33	4.0
Actinacidiphila bryophytorum	1436133	S	221229	224181	445410	0.04089	0.02058	nan	nan	73	nan
Streptomyces sp. ITFR-21	3075199	S	1281	1328	2609	0.00024	0.00012	nan	nan	72	nan
Streptomyces sp. SN-593	659352	S	909	941	1850	0.00017	0.00009	nan	nan	74	4.0
Streptomyces sp. M2	646637	S	427	3426	3853	0.00035	0.00031	nan	nan	71	nan
Streptomyces sp. XC 2026	2782004	S	291	556	847	0.00008	0.00005	nan	nan	72	nan
Streptomyces sp. So13.3	2136173	S	253	262	515	0.00005	0.00002	nan	nan	71	5.0
Streptomyces sp. S465	2979468	S	251	1207	1458	0.00013	0.00011	nan	nan	72	nan
Streptomyces sp. CB09001	2083284	S	216	381	597	0.00005	0.00003	nan	nan	72	nan
Streptomyces sp. KMM 9044	2744474	S	210	242	452	0.00004	0.00002	nan	nan	72	nan
Streptomyces sp. SM18	1736046	S	181	212	393	0.00004	0.00002	nan	nan	72	5.0
Streptomyces sp. FZ201	3057122	S	181	219	400	0.00004	0.00002	nan	nan	72	nan
Streptomyces sp. Li-HN-5-11	3075432	S	150	174	324	0.00003	0.00002	nan	nan	72	nan
Streptomyces sp. CdTB01	1725411	S	122	143	265	0.00002	0.00001	nan	nan	72	5.0
Streptomyces sp. CNQ-509	444103	S	116	382	498	0.00005	0.00004	nan	nan	72	nan
Streptomyces sp. CMB-StM0423	2059884	S	114	200	314	0.00003	0.00002	nan	nan	73	nan
Streptomyces sp. RTd22	1841249	S	103	166	269	0.00002	0.00002	nan	nan	72	nan
Streptomyces lavendulae	1914	S	262	299	561	0.00005	0.00003	nan	nan	73	4.0
Streptomyces niveus	193462	S	199	215	414	0.00004	0.00002	nan	nan	71	5.0
Streptomyces tsukubensis	83656	S	189	199	388	0.00004	0.00002	nan	nan	72	nan
Streptomyces venezuelae	54571	S	166	197	363	0.00003	0.00002	nan	nan	72	nan
Streptomyces lunaelactis	1535768	S	154	162	316	0.00003	0.00001	nan	nan	71	4.0
Streptomyces noursei	1971	S	123	195	318	0.00003	0.00002	nan	nan	72	nan
Streptomyces davaonensis	348043	S	115	141	256	0.00002	0.00001	nan	nan	72	5.0
Streptomyces halobius	2879846	S	105	110	215	0.00002	0.00001	nan	nan	70	4.0
Streptomyces alfalfae	1642299	S	103	115	218	0.00002	0.00001	nan	nan	73	5.0
Rothia sp. ZJ932	2810516	S	146	306	452	0.00004	0.00003	nan	nan	54	3.0
Aurantimicrobium sp. MWH-Uga1	2079575	S	141	176	317	0.00003	0.00002	nan	nan	53	3.0
Actinomyces sp. zg-332	2708340	S	170	170	340	0.00003	0.00002	nan	nan	36	4.0
Nostoc sp. UHCC 0926	3025190	S	213	244	457	0.00004	0.00002	nan	nan	44	4.0
Nostoc flagelliforme	1306274	S	168	224	392	0.00004	0.00002	nan	nan	44	3.0
Calothrix sp. PCC 7507	99598	S	255	276	531	0.00005	0.00003	nan	nan	44	4.0
Tolypothrix sp. PCC 7910	2099387	S	142	294	436	0.00004	0.00003	nan	nan	42	4.0
Fischerella sp. NIES-3754	1752063	S	175	204	379	0.00003	0.00002	nan	nan	42	5.0
Gloeothece verrucosa	2546359	S	180	186	366	0.00003	0.00002	nan	nan	40	2.0
Gloeothece citriformis	2546356	S	160	171	331	0.00003	0.00002	nan	nan	38	4.0
Geminocystis sp. NIES-3709	1617448	S	130	134	264	0.00002	0.00001	nan	nan	36	4.0
[Phormidium] sp. ETS-05	222819	S	142	148	290	0.00003	0.00001	nan	nan	50	4.0
Synechococcus sp. PCC 7502	1173263	S	166	179	345	0.00003	0.00002	nan	nan	42	4.0
Prochlorococcus marinus	1219	S	255	313	568	0.00005	0.00003	nan	nan	33	5.0
Pseudanabaena sp. PCC 7367	82654	S	237	251	488	0.00004	0.00002	nan	nan	49	4.0
Pseudanabaena sp. Chao 1811	2963092	S	185	267	452	0.00004	0.00002	nan	nan	43	4.0
Pleurocapsa sp. FMAR1	3040204	S	213	226	439	0.00004	0.00002	nan	nan	41	4.0
Stanieria cyanosphaera	102116	S	153	165	318	0.00003	0.00002	nan	nan	37	4.0
Leptolyngbya sp. 7M	2812896	S	178	182	360	0.00003	0.00002	nan	nan	51	5.0
Mesoplasma chauliocola	216427	S	126	131	257	0.00002	0.00001	nan	nan	27	4.0
Mycoplasma anserisalpingitidis	519450	S	110	121	231	0.00002	0.00001	nan	nan	25	4.0
Candidatus Phytoplasma ziziphi	135727	S	172	172	344	0.00003	0.00002	nan	nan	25	5.0
Candidatus Phytoplasma mali	37692	S	168	168	336	0.00003	0.00002	nan	nan	22	5.0
Mycoplasmopsis agalactiae	2110	S	163	164	327	0.00003	0.00002	nan	nan	29	4.0
Mycoplasmopsis gallinacea	29556	S	103	106	209	0.00002	0.00001	nan	nan	28	4.0
Mesomycoplasma hyopneumoniae	2099	S	262	265	527	0.00005	0.00002	nan	nan	28	4.0
Mesomycoplasma lagogenitalium	171286	S	124	124	248	0.00002	0.00001	nan	nan	24	5.0
Metamycoplasma hominis	2098	S	161	166	327	0.00003	0.00002	nan	nan	27	4.0
[Mycoplasma] anseris	92400	S	143	146	289	0.00003	0.00001	nan	nan	25	4.0
Borrelia venezuelensis	1653839	S	298673	488057	786730	0.07222	0.04480	nan	nan	30	nan
Borrelia hermsii	140	S	1105	1109	2214	0.00020	0.00010	nan	nan	30	5.0
Borrelia miyamotoi	47466	S	936	937	1873	0.00017	0.00009	nan	nan	29	5.0
Candidatus Borrelia fainii	2518322	S	797	825	1622	0.00015	0.00008	nan	nan	27	5.0
Borrelia puertoricensis	2756107	S	734	755	1489	0.00014	0.00007	nan	nan	29	nan
Borrelia sp. HM	1882662	S	245	260	505	0.00005	0.00002	nan	nan	28	5.0
Borrelia sp. A-FGy1	2608247	S	152	160	312	0.00003	0.00001	nan	nan	28	5.0
Borrelia sp. BU AG58	2887345	S	103	192	295	0.00003	0.00002	nan	nan	32	3.0
Borrelia parkeri	141	S	629	801	1430	0.00013	0.00007	nan	nan	30	nan
Borrelia coriaceae	144	S	521	521	1042	0.00010	0.00005	nan	nan	27	5.0
Borrelia anserina	143	S	502	503	1005	0.00009	0.00005	nan	nan	29	5.0
Borrelia turicatae	142	S	257	393	650	0.00006	0.00004	nan	nan	30	nan
Borrelia turcica	229155	S	168	168	336	0.00003	0.00002	nan	nan	30	nan
Thiospirochaeta perfilievii	252967	S	110	110	220	0.00002	0.00001	nan	nan	32	4.0
Salinispira pacifica	1307761	S	101	101	202	0.00002	0.00001	nan	nan	54	nan
Parasphaerochaeta coccoides	273376	S	145	145	290	0.00003	0.00001	nan	nan	53	5.0
Arcobacter suis	1278212	S	149	315	464	0.00004	0.00003	nan	nan	27	4.0
Aliarcobacter cibarius	255507	S	211	497	708	0.00006	0.00005	nan	nan	27	4.0
Malaciobacter marinus	505249	S	139	173	312	0.00003	0.00002	nan	nan	27	4.0
Campylobacter sp. RM10537	1032242	S	158	172	330	0.00003	0.00002	nan	nan	29	4.0
Campylobacter sp. RM12651	1660079	S	118	121	239	0.00002	0.00001	nan	nan	26	4.0
Campylobacter armoricus	2505970	S	181	236	417	0.00004	0.00002	nan	nan	28	4.0
Campylobacter pinnipediorum	1965231	S	146	154	300	0.00003	0.00001	nan	nan	31	4.0
Helicobacter cholecystus	45498	S	249	251	500	0.00005	0.00002	nan	nan	36	4.0
Helicobacter canis	29419	S	200	214	414	0.00004	0.00002	nan	nan	45	5.0
Helicobacter pylori	210	S	102	103	205	0.00002	0.00001	nan	nan	39	4.0
Candidatus Sulfurimonas marisnigri	2740405	S	100	100	200	0.00002	0.00001	nan	nan	33	4.0
Nitrosophilus kaiyonis	2930200	S	137	137	274	0.00003	0.00001	nan	nan	28	4.0
Nitratiruptor sp. SB155-2	387092	S	107	109	216	0.00002	0.00001	nan	nan	41	4.0
Fusobacterium varium	856	S	303	325	628	0.00006	0.00003	nan	nan	29	4.0
Fusobacterium hwasookii	1583098	S	200	669	869	0.00008	0.00006	nan	nan	27	4.0
Leptotrichia sp. oral taxon 847	1785996	S	247	254	501	0.00005	0.00002	nan	nan	32	4.0
Leptotrichia sp. oral taxon 212	712357	S	192	194	386	0.00004	0.00002	nan	nan	31	4.0
Leptotrichia wadei	157687	S	289	310	599	0.00005	0.00003	nan	nan	30	4.0
Pseudoleptotrichia goodfellowii	157692	S	184	184	368	0.00003	0.00002	nan	nan	31	4.0
Thermosipho africanus	2421	S	102	103	205	0.00002	0.00001	nan	nan	30	4.0
Fervidobacterium pennivorans	93466	S	114	115	229	0.00002	0.00001	nan	nan	39	4.0
Defluviitoga tunisiensis	1006576	S	231	237	468	0.00004	0.00002	nan	nan	31	4.0
Athalassotoga saccharophila	1441386	S	207	207	414	0.00004	0.00002	nan	nan	41	4.0
Pseudodesulfovibrio cashew	2678688	S	107	107	214	0.00002	0.00001	nan	nan	62	nan
Syntrophus aciditrophicus	316277	S	125	125	250	0.00002	0.00001	nan	nan	53	4.0
Thermodesulfobacterium commune	1741	S	106	106	212	0.00002	0.00001	nan	nan	37	3.0
Edaphobacter sp. 4G125	2763071	S	104	105	209	0.00002	0.00001	nan	nan	55	4.0
Thermotomaculum hydrothermale	981385	S	133	133	266	0.00002	0.00001	nan	nan	35	4.0
Dictyoglomus thermophilum	14	S	243	243	486	0.00004	0.00002	nan	nan	33	3.0
Pigmentibacter sp. JX0631	2976982	S	107	107	214	0.00002	0.00001	nan	nan	29	4.0
Silvanigrella aquatica	1915309	S	100	100	200	0.00002	0.00001	nan	nan	32	4.0
Flexistipes sinusarabici	2352	S	115	115	230	0.00002	0.00001	nan	nan	39	3.0
Homo sapiens	9606	S	5407	7326	12733	0.00117	0.00067	nan	nan	38	4.0
Thornevirus SP15	2560336	S	167	167	334	0.00003	0.00002	nan	nan	39	4.0
