name	taxonomy_id	taxonomy_lvl	kraken_assigned_reads	added_reads	new_est_reads	fraction_total_reads	Bracken_estimate	GuaCAMOLE_estimate	GuaCAMOLE_est_eff	GC content	Taxon Removal Cycle
Microcella humidisoli	2963406	S	166060	166999	333059	0.02183	0.01094	0.01297	0.01261	71	nan
Microbacterium sp. AB	2981139	S	68431	69228	137659	0.00902	0.00454	0.00559	0.00546	72	nan
Microbacterium sp. ABRD28	2268461	S	18053	18345	36398	0.00239	0.00120	0.00136	0.00133	70	nan
Microbacterium resistens	156977	S	8598	8772	17370	0.00114	0.00057	0.00071	0.00069	71	nan
Microbacterium foliorum	104336	S	7956	21123	29079	0.00191	0.00138	0.00151	0.00144	69	nan
Curtobacterium sp. MCLR17_007	2175648	S	55550	56480	112030	0.00734	0.00370	0.00435	0.00434	71	nan
Curtobacterium sp. MCSS17_016	2175644	S	7962	12023	19985	0.00131	0.00079	0.00090	0.00089	71	nan
Agromyces mangrovi	1858653	S	43962	44322	88284	0.00579	0.00290	0.00364	0.00359	73	nan
Cryobacterium sp. SO2	1897060	S	7511	8418	15929	0.00104	0.00055	0.00065	0.00058	69	nan
Cryobacterium sp. LW097	1978566	S	4346	4841	9187	0.00060	0.00032	0.00033	0.00033	69	nan
Cryobacterium sp. SO1	1897061	S	3886	4335	8221	0.00054	0.00028	0.00030	0.00029	68	nan
Cryobacterium sp. PAMC25264	2861288	S	1795	2362	4157	0.00027	0.00015	0.00017	0.00016	69	nan
Cryobacterium soli	2220095	S	2113	2607	4720	0.00031	0.00017	0.00020	0.00018	69	nan
Cryobacterium arcticum	670052	S	1881	2554	4435	0.00029	0.00017	0.00019	0.00018	69	nan
Cryobacterium breve	1259258	S	433	436	869	0.00006	0.00003	0.00003	0.00003	69	nan
Frondihabitans sp. 762G35	1446794	S	16562	16658	33220	0.00218	0.00109	0.00132	0.00126	71	nan
Agrococcus carbonis	684552	S	7409	7486	14895	0.00098	0.00049	0.00065	0.00065	74	nan
Clavibacter phaseoli	1734031	S	4840	5331	10171	0.00067	0.00035	0.00039	0.00048	74	nan
Clavibacter michiganensis	28447	S	910	1033	1943	0.00013	0.00007	0.00010	0.00009	74	nan
Clavibacter capsici	1874630	S	278	293	571	0.00004	0.00002	0.00000	0.00003	74	5.0
Clavibacter nebraskensis	31963	S	189	209	398	0.00003	0.00001	0.00000	0.00002	74	5.0
Clavibacter californiensis	1401995	S	129	144	273	0.00002	0.00001	0.00000	0.00001	74	5.0
Clavibacter zhangzhiyongii	2768071	S	116	121	237	0.00002	0.00001	0.00000	0.00001	75	5.0
Microterricola viridarii	412690	S	135	135	270	0.00002	0.00001	0.00000	0.00001	69	5.0
Paraoerskovia sediminicola	1138587	S	199183	199976	399159	0.02616	0.01311	0.01652	0.01642	73	nan
Paraoerskovia marina	545619	S	2678	2689	5367	0.00035	0.00018	0.00021	0.00021	72	nan
Arthrobacter sp. PGP41	2079227	S	38753	39145	77898	0.00511	0.00257	0.00254	0.00246	66	nan
Arthrobacter sp. NicSoilB11	2830999	S	16128	34378	50506	0.00331	0.00225	0.00222	0.00218	66	nan
Paenarthrobacter sp. GOM3	2782567	S	63042	63682	126724	0.00830	0.00417	0.00390	0.00379	63	nan
Paenarthrobacter sp. YJN-5	2735316	S	129	289	418	0.00003	0.00002	0.00002	0.00002	64	nan
Paenarthrobacter ureafaciens	37931	S	416	2809	3225	0.00021	0.00018	0.00017	0.00017	64	nan
Rothia mucilaginosa	43675	S	12456	12499	24955	0.00164	0.00082	0.00074	0.00072	61	nan
Micrococcus luteus	1270	S	120	245	365	0.00002	0.00002	0.00000	0.00002	73	4.0
Ornithinimicrobium pratense	2593973	S	84856	85183	170039	0.01114	0.00558	0.00673	0.00650	72	nan
Sanguibacter keddieii	60920	S	22554	22737	45291	0.00297	0.00149	0.00188	0.00184	73	nan
Brevibacterium sp. JSBI002	2886045	S	19721	20245	39966	0.00262	0.00133	0.00128	0.00124	65	nan
Luteimicrobium xylanilyticum	1133546	S	18784	18878	37662	0.00247	0.00124	0.00163	0.00163	74	nan
Georgenia wutianyii	2585135	S	17067	17156	34223	0.00224	0.00112	0.00153	0.00153	74	nan
Demequina sp. OYTSA14	3075619	S	6877	9533	16410	0.00108	0.00062	0.00071	0.00069	71	nan
Austwickia chelonae	100225	S	891	903	1794	0.00012	0.00006	0.00000	0.00006	66	4.0
Austwickia sp. TVS 96-490-7B	2830843	S	113	113	226	0.00001	0.00001	0.00000	0.00001	63	4.0
Gephyromycinifex aptenodytis	2716227	S	105	107	212	0.00001	0.00001	0.00000	0.00001	68	4.0
Mycobacterium pseudoshottsii	265949	S	46875	145620	192495	0.01262	0.00954	0.00946	0.00923	65	nan
Mycobacterium marinum	1781	S	657	2143	2800	0.00018	0.00014	0.00014	0.00013	65	nan
Mycobacterium ulcerans	1809	S	388	857	1245	0.00008	0.00006	0.00006	0.00005	65	nan
Mycobacterium ostraviense	2738409	S	51342	52012	103354	0.00677	0.00341	0.00346	0.00335	67	nan
Mycobacterium leprae	1769	S	21721	21754	43475	0.00285	0.00143	0.00125	0.00123	59	nan
Mycobacterium malmoense	1780	S	19222	19461	38683	0.00254	0.00128	0.00133	0.00129	67	nan
Mycobacterium adipatum	1682113	S	13212	13621	26833	0.00176	0.00089	0.00092	0.00091	68	nan
Mycobacterium kansasii	1768	S	391	395	786	0.00005	0.00003	0.00000	0.00003	67	4.0
Mycolicibacterium rutilum	370526	S	155779	158606	314385	0.02060	0.01039	0.01119	0.01097	69	nan
Mycolicibacterium mucogenicum	56689	S	26482	27393	53875	0.00353	0.00180	0.00186	0.00181	68	nan
Mycolicibacterium crocinum	388459	S	12761	13893	26654	0.00175	0.00091	0.00093	0.00090	67	nan
Mycolicibacterium aubagnense	319707	S	1339	1356	2695	0.00018	0.00009	0.00000	0.00009	67	5.0
Mycolicibacterium sp. CBMA 213	1968788	S	683	1043	1726	0.00011	0.00007	0.00000	0.00006	64	5.0
Mycolicibacterium phocaicum	319706	S	981	1043	2024	0.00013	0.00007	0.00000	0.00007	68	5.0
Mycolicibacter sp. MYC098	2872309	S	32520	32965	65485	0.00429	0.00216	0.00230	0.00225	68	nan
Corynebacterium matruchotii	43768	S	83813	83866	167679	0.01099	0.00550	0.00487	0.00476	58	nan
Corynebacterium atrinae	1336740	S	56489	57337	113826	0.00746	0.00376	0.00352	0.00340	62	nan
Corynebacterium zhongnanshanii	2768834	S	14474	14501	28975	0.00190	0.00095	0.00088	0.00085	63	nan
Corynebacterium cystitidis	35757	S	2227	2230	4457	0.00029	0.00015	0.00013	0.00012	57	nan
Tsukamurella pulmonis	47312	S	28433	29045	57478	0.00377	0.00190	0.00216	0.00226	72	nan
Tsukamurella tyrosinosolvens	57704	S	421	444	865	0.00006	0.00003	0.00000	0.00004	72	4.0
Tsukamurella paurometabola	2061	S	130	134	264	0.00002	0.00001	0.00000	0.00001	70	4.0
Tsukamurella sp. PLM1	2929795	S	107	109	216	0.00001	0.00001	0.00000	0.00001	70	4.0
Nocardia cyriacigeorgica	135487	S	20125	20942	41067	0.00269	0.00137	0.00145	0.00144	69	nan
Gordonia amicalis	89053	S	2664	7187	9851	0.00065	0.00047	0.00048	0.00047	68	nan
Gordonia sp. 1D	1737359	S	1623	3560	5183	0.00034	0.00023	0.00024	0.00023	68	nan
Gordonia ajococcus	1292359	S	799	4516	5315	0.00035	0.00030	0.00031	0.00030	68	nan
Gordonia rubripertincta	36822	S	497	514	1011	0.00007	0.00003	0.00003	0.00003	68	nan
Gordonia alkanivorans	84096	S	194	296	490	0.00003	0.00002	0.00002	0.00002	68	nan
Gordonia terrae	2055	S	122	123	245	0.00002	0.00001	0.00000	0.00001	69	5.0
Gordonia jinghuaiqii	2758710	S	120	120	240	0.00002	0.00001	0.00000	0.00001	69	5.0
Dietzia sp. oral taxon 368	712270	S	13103	13359	26462	0.00173	0.00088	0.00101	0.00102	71	nan
Streptomyces sp. HP-A2021	2927875	S	78318	92492	170810	0.01119	0.00606	0.00736	0.00727	72	nan
Streptomyces sp. MOE7	1961713	S	52057	66472	118529	0.00777	0.00436	0.00557	0.00551	72	nan
Streptomyces sp. BPTC-684	3043734	S	31807	33406	65213	0.00427	0.00219	0.00272	0.00269	72	nan
Streptomyces sp. XD-27	3062779	S	22380	23242	45622	0.00299	0.00152	0.00199	0.00194	73	nan
Streptomyces sp. TLI_053	1855352	S	18665	19064	37729	0.00247	0.00125	0.00170	0.00177	74	nan
Streptomyces sp. WAC 06738	2203210	S	15002	36295	51297	0.00336	0.00238	0.00358	0.00314	73	nan
Streptomyces sp. QHH-9511	2684468	S	14309	14992	29301	0.00192	0.00098	0.00118	0.00119	72	nan
Streptomyces sp. 891-h	2720714	S	12677	12855	25532	0.00167	0.00084	0.00102	0.00101	71	nan
Streptomyces sp. CFMR 7	1649184	S	11924	22930	34854	0.00228	0.00150	0.00209	0.00191	72	nan
Streptomyces sp. HUAS YS2	3081768	S	9016	9481	18497	0.00121	0.00062	0.00080	0.00078	72	nan
Streptomyces sp. EMB24	2835531	S	6369	21535	27904	0.00183	0.00141	0.00206	0.00181	73	nan
Streptomyces sp. SGAir0924	2109593	S	5050	23730	28780	0.00189	0.00156	0.00225	0.00198	73	nan
Streptomyces sp. Mg1	465541	S	4034	12057	16091	0.00105	0.00079	0.00115	0.00100	73	nan
Streptomyces sp. INR7	2607753	S	3319	4439	7758	0.00051	0.00029	0.00042	0.00038	73	nan
Streptomyces sp. JUS-F4	2951988	S	2887	21043	23930	0.00157	0.00138	0.00197	0.00176	73	nan
Streptomyces sp. NA07423	3042026	S	2783	7483	10266	0.00067	0.00049	0.00066	0.00061	72	nan
Streptomyces sp. CMB-StM0423	2059884	S	2007	2903	4910	0.00032	0.00019	0.00030	0.00026	73	nan
Streptomyces sp. M56	1495638	S	1767	4328	6095	0.00040	0.00028	0.00038	0.00035	72	nan
Streptomyces sp. 3211	1964449	S	193	528	721	0.00005	0.00003	0.00005	0.00004	73	nan
Streptomyces sp. NBC_00162	2903629	S	160	173	333	0.00002	0.00001	0.00001	0.00001	71	nan
Streptomyces sp. ADI95-16	1522758	S	144	182	326	0.00002	0.00001	0.00002	0.00002	73	nan
Streptomyces incarnatus	665007	S	29897	31038	60935	0.00399	0.00203	0.00250	0.00252	72	nan
Streptomyces fodineus	1904616	S	26866	27846	54712	0.00359	0.00182	0.00222	0.00218	72	nan
Streptomyces xanthophaeus	67385	S	24242	25544	49786	0.00326	0.00167	0.00204	0.00212	72	nan
Streptomyces griseus	1911	S	21760	23454	45214	0.00296	0.00154	0.00194	0.00197	73	nan
Streptomyces leeuwenhoekii	1437453	S	15965	17534	33499	0.00220	0.00115	0.00152	0.00151	73	nan
Streptomyces vilmorinianum	3051092	S	11325	11628	22953	0.00150	0.00076	0.00093	0.00094	72	nan
Streptomyces vinaceus	1960	S	7447	7666	15113	0.00099	0.00050	0.00066	0.00065	73	nan
Streptomyces griseocarneus	51201	S	2337	2376	4713	0.00031	0.00016	0.00020	0.00020	73	nan
Streptomyces malaysiensis	92644	S	1401	2798	4199	0.00028	0.00018	0.00025	0.00022	72	nan
Streptomyces rapamycinicus	1226757	S	240	252	492	0.00003	0.00002	0.00002	0.00002	71	nan
Streptomyces autolyticus	75293	S	1748	3719	5467	0.00036	0.00024	0.00033	0.00030	72	nan
Streptomyces venezuelae	54571	S	204	221	425	0.00003	0.00001	0.00000	0.00002	73	5.0
Streptomyces ficellus	1977088	S	101	103	204	0.00001	0.00001	0.00000	0.00001	73	5.0
Microlunatus sp. Gsoil 973	2672569	S	83804	83847	167651	0.01099	0.00550	0.00558	0.00546	67	nan
Propioniciclava sp. MC1595	2760308	S	60100	60635	120735	0.00791	0.00397	0.00481	0.00471	72	nan
Propionibacterium acidifaciens	556499	S	963	964	1927	0.00013	0.00006	0.00008	0.00008	71	nan
Nocardioides sp. L-11A	3043848	S	53934	54536	108470	0.00711	0.00357	0.00455	0.00449	73	nan
Nocardioides sp. S5	2017486	S	11007	11132	22139	0.00145	0.00073	0.00089	0.00086	73	nan
Nocardioides daphniae	402297	S	15562	15675	31237	0.00205	0.00103	0.00124	0.00121	71	nan
Micromonospora sp. WMMD1155	3016094	S	30896	36454	67350	0.00441	0.00239	0.00287	0.00288	71	nan
Micromonospora sp. WMMD882	3015151	S	27765	27948	55713	0.00365	0.00183	0.00238	0.00254	75	nan
Micromonospora sp. WMMD1128	3015150	S	7072	11972	19044	0.00125	0.00078	0.00101	0.00102	73	nan
Verrucosispora sp. WMMC514	3015156	S	3612	3785	7397	0.00048	0.00025	0.00030	0.00030	72	nan
Micromonospora sp. WMMA1976	3014995	S	3546	3832	7378	0.00048	0.00025	0.00032	0.00033	73	nan
Micromonospora viridifaciens	1881	S	22543	22753	45296	0.00297	0.00149	0.00190	0.00190	72	nan
Micromonospora coxensis	356852	S	2296	2322	4618	0.00030	0.00015	0.00020	0.00021	74	nan
Plantactinospora sp. KBS50	2024580	S	25904	25975	51879	0.00340	0.00170	0.00229	0.00229	73	nan
Solwaraspora sp. WMMA2080	3015165	S	336	14646	14982	0.00098	0.00096	0.00117	0.00113	72	nan
Actinoplanes sp. NRRL 3884	3040509	S	5987	6055	12042	0.00079	0.00040	0.00049	0.00049	73	nan
Actinomyces sp. oral taxon 171	706438	S	72145	73476	145621	0.00954	0.00482	0.00535	0.00512	69	nan
Actinomyces sp. oral taxon 169	712116	S	7669	8067	15736	0.00103	0.00053	0.00060	0.00057	70	nan
Actinomyces howellii	52771	S	11538	11552	23090	0.00151	0.00076	0.00094	0.00094	72	nan
Bifidobacterium pseudolongum	1694	S	36472	36767	73239	0.00480	0.00241	0.00231	0.00223	65	nan
Amycolatopsis sp. 2-15	715471	S	19215	19385	38600	0.00253	0.00127	0.00148	0.00145	71	nan
Actinokineospora sp. UTMC 2448	2268449	S	9907	9950	19857	0.00130	0.00065	0.00083	0.00084	73	nan
Nocardiopsis sp. HUAS JQ3	3061629	S	1540	1746	3286	0.00022	0.00011	0.00015	0.00015	73	nan
Thermoleophilum album	29539	S	22651	22652	45303	0.00297	0.00148	0.00172	0.00167	70	nan
Bacillus arachidis	2819290	S	45318	46228	91546	0.00600	0.00303	0.00298	0.00285	36	nan
Bacillus sp. B25(2016b)	1868655	S	30579	173555	204134	0.01338	0.01137	0.01110	0.01064	35	nan
Bacillus sp. NP247	2846779	S	7512	18806	26318	0.00172	0.00123	0.00121	0.00115	36	nan
Bacillus sp. PDNC022	2812759	S	6299	22643	28942	0.00190	0.00148	0.00000	0.00135	37	5.0
Bacillus sp. DX3.1	3052091	S	140	142	282	0.00002	0.00001	0.00001	0.00001	36	nan
Bacillus cabrialesii	2487276	S	33121	35023	68144	0.00447	0.00230	0.00000	0.00194	46	5.0
Bacillus pseudomycoides	64104	S	3546	3590	7136	0.00047	0.00024	0.00023	0.00022	35	nan
Bacillus cereus	1396	S	1776	8591	10367	0.00068	0.00056	0.00056	0.00053	35	nan
Bacillus thuringiensis	1428	S	1314	39050	40364	0.00265	0.00256	0.00251	0.00239	35	nan
Bacillus mycoides	1405	S	685	1039	1724	0.00011	0.00007	0.00007	0.00006	35	nan
Bacillus wiedmannii	1890302	S	371	447	818	0.00005	0.00003	0.00003	0.00003	35	nan
Bacillus luti	2026191	S	210	221	431	0.00003	0.00001	0.00001	0.00001	35	nan
Bacillus anthracis	1392	S	201	5468	5669	0.00037	0.00036	0.00035	0.00034	35	nan
Bacillus toyonensis	155322	S	177	362	539	0.00004	0.00002	0.00002	0.00002	35	nan
Bacillus cytotoxicus	580165	S	143	143	286	0.00002	0.00001	0.00000	0.00001	36	5.0
Bacillus nitratireducens	2026193	S	126	154	280	0.00002	0.00001	0.00001	0.00001	36	nan
Bacillus tropicus	2026188	S	116	229	345	0.00002	0.00002	0.00001	0.00001	35	nan
Bacillus subtilis	1423	S	183	7941	8124	0.00053	0.00052	0.00051	0.00048	35	nan
Bacillus pumilus	1408	S	292	301	593	0.00004	0.00002	0.00000	0.00002	42	4.0
Bacillus safensis	561879	S	240	379	619	0.00004	0.00002	0.00000	0.00002	41	4.0
Shouchella lehensis	300825	S	320773	326161	646934	0.04240	0.02138	0.01910	0.01831	39	nan
Virgibacillus sp. Bac330	2419841	S	147058	149661	296719	0.01945	0.00981	0.00923	0.00891	37	nan
Lysinibacillus timonensis	2086577	S	59244	59814	119058	0.00780	0.00392	0.00380	0.00367	35	nan
Lysinibacillus sp. SGAir0095	2070463	S	58258	58595	116853	0.00766	0.00384	0.00363	0.00351	38	nan
Priestia megaterium	1404	S	11978	39379	51357	0.00337	0.00258	0.00240	0.00231	38	nan
Priestia aryabhattai	412384	S	2457	10921	13378	0.00088	0.00072	0.00067	0.00064	38	nan
Priestia sp. J2	2886505	S	142	1008	1150	0.00008	0.00007	0.00006	0.00006	39	nan
Neobacillus sp. YX16	3047874	S	38112	38427	76539	0.00502	0.00252	0.00231	0.00224	37	nan
Paraliobacillus zengyii	2213194	S	17368	17396	34764	0.00228	0.00114	0.00111	0.00107	36	nan
Staphylococcus condimenti	70255	S	66417	73329	139746	0.00916	0.00481	0.00477	0.00463	35	nan
Staphylococcus sp. NRL 16/872	2930131	S	1288	23212	24500	0.00161	0.00152	0.00159	0.00153	34	nan
Staphylococcus sp. IVB6181	2929481	S	444	480	924	0.00006	0.00003	0.00000	0.00003	37	4.0
Staphylococcus sp. NRL 22/194	3020908	S	382	10305	10687	0.00070	0.00068	0.00071	0.00068	34	nan
Staphylococcus sp. 17KM0847	2583989	S	212	215	427	0.00003	0.00001	0.00000	0.00001	37	4.0
Staphylococcus sp. MI 10-1553	1912064	S	146	160	306	0.00002	0.00001	0.00000	0.00001	38	4.0
Staphylococcus xylosus	1288	S	17557	20133	37690	0.00247	0.00132	0.00137	0.00134	33	nan
Staphylococcus nepalensis	214473	S	15254	16356	31610	0.00207	0.00107	0.00110	0.00108	34	nan
Staphylococcus ureilyticus	94138	S	14550	41565	56115	0.00368	0.00272	0.00283	0.00276	33	nan
Staphylococcus aureus	1280	S	4004	49482	53486	0.00351	0.00324	0.00333	0.00327	33	nan
Staphylococcus haemolyticus	1283	S	1723	1973	3696	0.00024	0.00013	0.00013	0.00013	33	nan
Staphylococcus devriesei	586733	S	766	803	1569	0.00010	0.00005	0.00005	0.00005	34	nan
Staphylococcus hominis	1290	S	741	845	1586	0.00010	0.00006	0.00007	0.00006	32	nan
Staphylococcus epidermidis	1282	S	380	427	807	0.00005	0.00003	0.00003	0.00003	33	nan
Staphylococcus cohnii	29382	S	355	433	788	0.00005	0.00003	0.00003	0.00003	33	nan
Staphylococcus simiae	308354	S	284	288	572	0.00004	0.00002	0.00000	0.00002	33	5.0
Staphylococcus capitis	29388	S	246	279	525	0.00003	0.00002	0.00002	0.00002	34	nan
Staphylococcus argenteus	985002	S	214	260	474	0.00003	0.00002	0.00002	0.00002	32	nan
Staphylococcus pseudintermedius	283734	S	139	154	293	0.00002	0.00001	0.00000	0.00001	38	4.0
Staphylococcus pasteuri	45972	S	192	206	398	0.00003	0.00001	0.00000	0.00001	31	5.0
Staphylococcus lugdunensis	28035	S	179	187	366	0.00002	0.00001	0.00001	0.00001	34	nan
Staphylococcus caprae	29380	S	155	171	326	0.00002	0.00001	0.00001	0.00001	34	nan
Staphylococcus arlettae	29378	S	150	160	310	0.00002	0.00001	0.00001	0.00001	34	nan
Staphylococcus shinii	2912228	S	133	154	287	0.00002	0.00001	0.00001	0.00001	33	nan
Staphylococcus simulans	1286	S	133	138	271	0.00002	0.00001	0.00000	0.00001	36	4.0
Staphylococcus saprophyticus	29385	S	131	146	277	0.00002	0.00001	0.00001	0.00001	33	nan
Staphylococcus equorum	246432	S	116	510	626	0.00004	0.00003	0.00003	0.00003	33	nan
Staphylococcus schweitzeri	1654388	S	111	142	253	0.00002	0.00001	0.00001	0.00001	33	nan
Staphylococcus saccharolyticus	33028	S	102	106	208	0.00001	0.00001	0.00001	0.00001	32	nan
Kurthia zopfii	1650	S	115607	116005	231612	0.01518	0.00760	0.00725	0.00689	36	nan
Kurthia sp. YJT4	3049086	S	610	803	1413	0.00009	0.00005	0.00000	0.00005	37	4.0
Kurthia sp. 11kri321	1750719	S	151	199	350	0.00002	0.00001	0.00000	0.00001	37	4.0
Sporosarcina sp. Marseille-Q4943	2942204	S	38354	38594	76948	0.00504	0.00253	0.00219	0.00213	45	nan
Sporosarcina sp. PTS2304	2283194	S	105	105	210	0.00001	0.00001	0.00000	0.00001	41	4.0
Ureibacillus thermophilus	367743	S	12271	12525	24796	0.00163	0.00082	0.00075	0.00073	38	nan
Planococcus sp. N022	3058393	S	5037	5070	10107	0.00066	0.00033	0.00029	0.00028	45	nan
Lentilactobacillus laojiaonis	2883998	S	57107	57559	114666	0.00751	0.00377	0.00383	0.00375	32	nan
Lactobacillus sp. IBH004	2879107	S	35761	36344	72105	0.00473	0.00238	0.00228	0.00220	37	nan
Lactobacillus sp. wkB8	1545702	S	422	514	936	0.00006	0.00003	0.00000	0.00003	38	5.0
Lactobacillus helsingborgensis	1218494	S	1367	1507	2874	0.00019	0.00010	0.00000	0.00009	37	5.0
Lactobacillus kullabergensis	1218493	S	1118	1134	2252	0.00015	0.00007	0.00000	0.00007	37	5.0
Lactobacillus apis	303541	S	163	163	326	0.00002	0.00001	0.00000	0.00001	37	5.0
Lactobacillus panisapium	2012495	S	113	113	226	0.00001	0.00001	0.00000	0.00001	38	4.0
Leuconostoc mesenteroides	1245	S	3542	5194	8736	0.00057	0.00034	0.00032	0.00031	38	nan
Leuconostoc sp. MTCC 10508	2698683	S	624	7225	7849	0.00051	0.00047	0.00044	0.00042	38	nan
Leuconostoc suionicum	1511761	S	412	5856	6268	0.00041	0.00038	0.00035	0.00034	38	nan
Leuconostoc citreum	33964	S	302	853	1155	0.00008	0.00006	0.00005	0.00005	39	nan
Leuconostoc gasicomitatum	115778	S	234	255	489	0.00003	0.00002	0.00002	0.00002	37	nan
Leuconostoc carnosum	1252	S	243	358	601	0.00004	0.00002	0.00002	0.00002	38	nan
Leuconostoc pseudomesenteroides	33968	S	156	170	326	0.00002	0.00001	0.00000	0.00001	40	5.0
Fructilactobacillus hinvesii	2940300	S	12772	12894	25666	0.00168	0.00085	0.00074	0.00072	46	nan
Bombilactobacillus bombi	1303590	S	938	955	1893	0.00012	0.00006	0.00000	0.00006	35	4.0
Bombilactobacillus folatiphilus	2923362	S	234	262	496	0.00003	0.00002	0.00000	0.00002	38	4.0
Bombilactobacillus thymidiniphilus	2923363	S	229	262	491	0.00003	0.00002	0.00000	0.00002	36	5.0
Lacticaseibacillus paracasei	1597	S	631	1037	1668	0.00011	0.00007	0.00000	0.00006	47	5.0
Lacticaseibacillus rhamnosus	47715	S	275	346	621	0.00004	0.00002	0.00000	0.00002	47	5.0
Ligilactobacillus saerimneri	228229	S	795	831	1626	0.00011	0.00005	0.00000	0.00005	44	5.0
Lactococcus raffinolactis	1366	S	26109	26888	52997	0.00347	0.00176	0.00000	0.00155	41	5.0
Lactococcus lactis	1358	S	113	193	306	0.00002	0.00001	0.00000	0.00001	36	5.0
Streptococcus pyogenes	1314	S	103	399	502	0.00003	0.00003	0.00000	0.00002	40	4.0
Aerococcus mictus	2976810	S	17827	20868	38695	0.00254	0.00137	0.00119	0.00118	43	nan
Aerococcus loyolae	2976809	S	788	819	1607	0.00011	0.00005	0.00000	0.00005	44	5.0
Aerococcus tenax	3078812	S	328	372	700	0.00005	0.00002	0.00000	0.00002	43	5.0
Aerococcus sp. Group 1	2976812	S	234	269	503	0.00003	0.00002	0.00002	0.00002	43	nan
Aerococcus urinae	1376	S	127	133	260	0.00002	0.00001	0.00000	0.00001	44	4.0
Granulicatella elegans	137732	S	114	124	238	0.00002	0.00001	0.00000	0.00001	33	5.0
Clostridium tetani	1513	S	68200	68567	136767	0.00896	0.00449	0.00565	0.00540	28	nan
Clostridium septicum	1504	S	41746	42006	83752	0.00549	0.00275	0.00355	0.00344	29	nan
Clostridium sp. CF011	2843318	S	9716	28619	38335	0.00251	0.00188	0.00211	0.00200	32	nan
Clostridium sp. C1	1155388	S	5998	6097	12095	0.00079	0.00040	0.00043	0.00042	31	nan
Clostridium saccharobutylicum	169679	S	23324	23441	46765	0.00306	0.00154	0.00188	0.00184	29	nan
Clostridium pasteurianum	1501	S	21588	21673	43261	0.00284	0.00142	0.00164	0.00162	31	nan
Clostridium argentinense	29341	S	10226	10242	20468	0.00134	0.00067	0.00084	0.00081	29	nan
Clostridium butyricum	1492	S	1954	2819	4773	0.00031	0.00018	0.00020	0.00022	29	nan
Clostridium botulinum	1491	S	180	224	404	0.00003	0.00001	0.00000	0.00002	28	5.0
Caminicella sporogenes	166485	S	34739	34774	69513	0.00456	0.00228	0.00275	0.00271	30	nan
Alkaliphilus sp. B6464	2731219	S	28706	28747	57453	0.00377	0.00188	0.00211	0.00202	30	nan
Caloramator sp. E03	2576307	S	28106	28121	56227	0.00368	0.00184	0.00203	0.00198	31	nan
Candidatus Arthromitus sp. SFB-rat-Yit	1041504	S	23838	23945	47783	0.00313	0.00157	0.00204	0.00195	27	nan
Crassaminicella indica	2855394	S	20521	20609	41130	0.00270	0.00135	0.00149	0.00146	31	nan
Hathewaya histolytica	1498	S	8125	8130	16255	0.00107	0.00053	0.00063	0.00062	29	nan
Enterocloster asparagiformis	333367	S	34368	34462	68830	0.00451	0.00226	0.00194	0.00195	58	nan
Lacrimispora sphenoides	29370	S	27993	28049	56042	0.00367	0.00184	0.00161	0.00156	45	nan
Peptostreptococcus sp. CBA3647	3003601	S	37356	37418	74774	0.00490	0.00245	0.00283	0.00276	30	nan
Candidatus Syntrophocurvum alkaliphilum	2293317	S	36102	36107	72209	0.00473	0.00237	0.00249	0.00243	32	nan
Fastidiosipila sanguinis	236753	S	6137	6231	12368	0.00081	0.00041	0.00041	0.00040	33	nan
Thermoanaerobacter siderophilus	106578	S	27359	55481	82840	0.00543	0.00364	0.00362	0.00353	34	nan
Thermoanaerobacterium sp. CMT5567-10	3061989	S	28400	29821	58221	0.00382	0.00195	0.00199	0.00193	33	nan
Anoxybacter fermentans	1323375	S	24820	24827	49647	0.00325	0.00163	0.00157	0.00153	36	nan
Natranaerofaba carboxydovora	2742683	S	13790	13790	27580	0.00181	0.00090	0.00088	0.00085	36	nan
Selenomonas sp. oral taxon 920	1884263	S	106644	107134	213778	0.01401	0.00702	0.00614	0.00601	59	nan
Selenomonas timonae	2754044	S	72586	73136	145722	0.00955	0.00479	0.00425	0.00414	61	nan
Turicibacter sp. H121	1712675	S	60856	159157	220013	0.01442	0.01043	0.01040	0.00998	35	nan
Turicibacter sp. TJ11	2806443	S	161	165	326	0.00002	0.00001	0.00001	0.00001	34	nan
Turicibacter bilis	2735723	S	802	1262	2064	0.00014	0.00008	0.00008	0.00008	35	nan
Turicibacter sanguinis	154288	S	113	113	226	0.00001	0.00001	0.00001	0.00001	34	nan
Caloranaerobacter azorensis	116090	S	34182	34230	68412	0.00448	0.00224	0.00260	0.00255	30	nan
Anaerococcus sp. Marseille-Q7828	3036300	S	28453	29106	57559	0.00377	0.00191	0.00190	0.00185	34	nan
Anaerococcus mediterraneensis	1870984	S	117	123	240	0.00002	0.00001	0.00000	0.00001	36	3.0
Peptoniphilus asaccharolyticus	1258	S	1345	1345	2690	0.00018	0.00009	0.00000	0.00011	25	5.0
Peptoniphilus equinus	3016343	S	203	205	408	0.00003	0.00001	0.00000	0.00001	49	4.0
Peptoniphilus sp. SAHP1	2948573	S	189	240	429	0.00003	0.00002	0.00000	0.00002	35	4.0
Spiroplasma cantharicola	362837	S	50370	50456	100826	0.00661	0.00331	0.00482	0.00484	25	nan
Spiroplasma alleghenense	216931	S	40197	40301	80498	0.00528	0.00264	0.00312	0.00304	29	nan
Spiroplasma culicicola	216935	S	37571	37618	75189	0.00493	0.00247	0.00351	0.00331	26	nan
Spiroplasma kunkelii	47834	S	17463	18425	35888	0.00235	0.00121	0.00176	0.00175	25	nan
Spiroplasma corruscae	216934	S	17357	17425	34782	0.00228	0.00114	0.00168	0.00164	25	nan
Spiroplasma endosymbiont of 'Nebria riversi'	2792084	S	12544	12544	25088	0.00164	0.00082	0.00117	0.00112	24	nan
Spiroplasma eriocheiris	315358	S	5674	5694	11368	0.00075	0.00037	0.00044	0.00043	30	nan
Spiroplasma mirum	2144	S	188	9272	9460	0.00062	0.00061	0.00070	0.00072	30	nan
Mesoplasma florum	2151	S	26566	27427	53993	0.00354	0.00180	0.00244	0.00234	26	nan
Mesoplasma entomophilum	2149	S	15228	16712	31940	0.00209	0.00110	0.00146	0.00140	26	nan
Mesoplasma tabanidae	219745	S	13548	13901	27449	0.00180	0.00091	0.00124	0.00119	27	nan
Mycoplasma phocoeninasale	2726117	S	94424	94732	189156	0.01240	0.00621	0.00778	0.00732	29	nan
Mycoplasma seminis	512749	S	11078	11093	22171	0.00145	0.00073	0.00092	0.00088	28	nan
Mycoplasma putrefaciens	2123	S	7075	7095	14170	0.00093	0.00046	0.00062	0.00060	26	nan
Mycoplasma suis	57372	S	3668	3669	7337	0.00048	0.00024	0.00026	0.00026	30	nan
Mycoplasma phocoenae	754517	S	112	112	224	0.00001	0.00001	0.00000	0.00001	28	3.0
Paulownia witches'-broom phytoplasma	39647	S	28525	34953	63478	0.00416	0.00229	0.00291	0.00297	27	nan
Aster yellows witches'-broom phytoplasma	229545	S	17729	17895	35624	0.00233	0.00117	0.00162	0.00157	26	nan
Candidatus Phytoplasma solani	69896	S	13876	13887	27763	0.00182	0.00091	0.00112	0.00112	28	nan
Acholeplasma hippikon	264636	S	30001	30012	60013	0.00393	0.00197	0.00217	0.00211	30	nan
Mariniplasma anaerobium	2735436	S	15912	15912	31824	0.00209	0.00104	0.00118	0.00116	29	nan
Mycoplasmopsis gallinacea	29556	S	29186	29398	58584	0.00384	0.00193	0.00236	0.00229	28	nan
Mycoplasmopsis synoviae	2109	S	22268	22352	44620	0.00292	0.00146	0.00190	0.00180	27	nan
Mycoplasmopsis arginini	2094	S	3789	3810	7599	0.00050	0.00025	0.00035	0.00034	26	nan
Mycoplasmopsis equigenitalium	114883	S	2514	2514	5028	0.00033	0.00016	0.00018	0.00018	31	nan
Metamycoplasma subdolum	92407	S	6684	6694	13378	0.00088	0.00044	0.00053	0.00053	29	nan
Mesomycoplasma lagogenitalium	171286	S	1158	1158	2316	0.00015	0.00008	0.00011	0.00011	24	nan
Ureaplasma diversum	42094	S	21950	21970	43920	0.00288	0.00144	0.00183	0.00175	26	nan
Xianfuyuplasma coldseepsis	2782163	S	8327	8334	16661	0.00109	0.00055	0.00050	0.00048	39	nan
Prochlorococcus marinus	1219	S	92254	92371	184625	0.01210	0.00605	0.00598	0.00583	35	nan
Prochlorococcus sp. MIT 0604	1501268	S	20270	20562	40832	0.00268	0.00135	0.00150	0.00145	30	nan
Synechococcus sp. RS9902	221345	S	72460	77827	150287	0.00985	0.00510	0.00480	0.00451	62	nan
Thermus aquaticus	271	S	9877	9975	19852	0.00130	0.00065	0.00070	0.00068	69	nan
Thermus thermophilus	274	S	205	217	422	0.00003	0.00001	0.00000	0.00002	70	5.0
Pseudomonas sp. B21-051	2895491	S	227147	263477	490624	0.03215	0.01727	0.01563	0.01518	62	nan
Pseudomonas sp. TCU-HL1	1856685	S	65954	66827	132781	0.00870	0.00438	0.00417	0.00402	65	nan
Pseudomonas sp. MM211	2866808	S	24435	24601	49036	0.00321	0.00161	0.00148	0.00143	63	nan
Pseudomonas sp. 905_Psudmo1	3038925	S	19432	35251	54683	0.00358	0.00231	0.00227	0.00208	64	nan
Pseudomonas sp. 31-12	2201356	S	19307	20671	39978	0.00262	0.00135	0.00122	0.00118	61	nan
Pseudomonas sp. HN2	2884805	S	10356	22021	32377	0.00212	0.00144	0.00133	0.00128	62	nan
Pseudomonas sp. B21-035	2895484	S	8279	38259	46538	0.00305	0.00251	0.00244	0.00225	63	nan
Pseudomonas sp. OVF7	1382237	S	7641	26080	33721	0.00221	0.00171	0.00158	0.00152	63	nan
Pseudomonas sp. FP833	2954102	S	1884	33227	35111	0.00230	0.00218	0.00205	0.00195	63	nan
Pseudomonas sp. B11D7D	2735906	S	148	153	301	0.00002	0.00001	0.00000	0.00001	63	5.0
Pseudomonas sihuiensis	1274359	S	93828	159413	253241	0.01660	0.01045	0.00987	0.00941	63	nan
Candidatus Pseudomonas adelgestsugas	1302376	S	42065	42073	84138	0.00551	0.00276	0.00250	0.00245	36	nan
Pseudomonas tohonis	2725477	S	36783	44070	80853	0.00530	0.00289	0.00000	0.00286	68	5.0
Pseudomonas koreensis	198620	S	19217	27360	46577	0.00305	0.00179	0.00167	0.00158	62	nan
Pseudomonas moraviensis	321662	S	13368	18467	31835	0.00209	0.00121	0.00113	0.00107	62	nan
Pseudomonas fluorescens	294	S	342	404	746	0.00005	0.00003	0.00002	0.00002	62	nan
Pseudomonas mendocina	300	S	251	271	522	0.00003	0.00002	0.00000	0.00002	64	5.0
Pseudomonas aeruginosa	287	S	187	1311	1498	0.00010	0.00009	0.00000	0.00008	64	5.0
Pseudomonas putida	303	S	200	364	564	0.00004	0.00002	0.00002	0.00002	63	nan
Pseudomonas chlororaphis	587753	S	163	243	406	0.00003	0.00002	0.00002	0.00001	64	nan
Pseudomonas chengduensis	489632	S	175	272	447	0.00003	0.00002	0.00000	0.00002	64	5.0
Pseudomonas sediminis	1691904	S	140	147	287	0.00002	0.00001	0.00000	0.00001	63	5.0
Vibrio echinoideorum	2100116	S	264162	277468	541630	0.03550	0.01818	0.01535	0.01513	45	nan
Vibrio splendidus	29497	S	38336	44297	82633	0.00542	0.00290	0.00248	0.00241	45	nan
Vibrio sp. SS-MA-C1-2	2908646	S	11007	11040	22047	0.00144	0.00072	0.00066	0.00064	40	nan
Vibrio sp. FE10	3035453	S	9049	9805	18854	0.00124	0.00064	0.00055	0.00053	45	nan
Vibrio sp. J383	2942997	S	7115	8814	15929	0.00104	0.00058	0.00052	0.00048	45	nan
Vibrio sp. ED004	2785124	S	3404	3964	7368	0.00048	0.00026	0.00000	0.00022	46	5.0
Vibrio sp. DW001	2912315	S	1009	1066	2075	0.00014	0.00007	0.00000	0.00006	42	4.0
Vibrio sp. SNU_ST1	3064001	S	888	962	1850	0.00012	0.00006	0.00005	0.00005	46	nan
Vibrio sp. Scap24	2589990	S	868	1016	1884	0.00012	0.00007	0.00006	0.00006	46	nan
Vibrio sp. THAF190c	2587865	S	261	265	526	0.00003	0.00002	0.00001	0.00001	46	nan
Vibrio sp. YMD68	3042300	S	227	233	460	0.00003	0.00002	0.00000	0.00001	45	5.0
Vibrio sp. SCSIO 43135	2819096	S	116	116	232	0.00002	0.00001	0.00000	0.00001	46	5.0
Vibrio cyclitrophicus	47951	S	14823	16402	31225	0.00205	0.00107	0.00000	0.00089	45	5.0
Vibrio lentus	136468	S	11857	12685	24542	0.00161	0.00083	0.00074	0.00069	46	nan
Vibrio bathopelagicus	2777577	S	4755	5028	9783	0.00064	0.00033	0.00030	0.00027	45	nan
Vibrio parahaemolyticus	670	S	973	1051	2024	0.00013	0.00007	0.00000	0.00006	46	5.0
Vibrio campbellii	680	S	820	1001	1821	0.00012	0.00007	0.00000	0.00005	47	5.0
Vibrio harveyi	669	S	623	838	1461	0.00010	0.00005	0.00000	0.00005	46	5.0
Vibrio alginolyticus	663	S	232	406	638	0.00004	0.00003	0.00002	0.00002	46	nan
Vibrio diabolicus	50719	S	199	363	562	0.00004	0.00002	0.00002	0.00002	46	nan
Vibrio natriegens	691	S	116	137	253	0.00002	0.00001	0.00000	0.00001	46	5.0
Vibrio crassostreae	246167	S	2912	3157	6069	0.00040	0.00021	0.00019	0.00017	46	nan
Vibrio syngnathi	3034029	S	2558	2896	5454	0.00036	0.00019	0.00016	0.00016	45	nan
Vibrio atlanticus	693153	S	2228	2485	4713	0.00031	0.00016	0.00014	0.00014	45	nan
Vibrio gigantis	296199	S	1895	1978	3873	0.00025	0.00013	0.00012	0.00011	46	nan
Vibrio coralliirubri	1516159	S	1867	2057	3924	0.00026	0.00013	0.00013	0.00011	46	nan
Vibrio kanaloae	170673	S	1818	1929	3747	0.00025	0.00013	0.00010	0.00011	45	nan
Vibrio chagasii	170679	S	1809	1842	3651	0.00024	0.00012	0.00000	0.00010	45	5.0
Vibrio tasmaniensis	212663	S	1796	1997	3793	0.00025	0.00013	0.00012	0.00011	45	nan
Vibrio artabrorum	446374	S	1357	1383	2740	0.00018	0.00009	0.00008	0.00008	45	nan
Vibrio pomeroyi	198832	S	1102	1199	2301	0.00015	0.00008	0.00007	0.00007	46	nan
Vibrio toranzoniae	1194427	S	797	854	1651	0.00011	0.00006	0.00005	0.00005	45	nan
Vibrio celticus	446372	S	766	854	1620	0.00011	0.00006	0.00005	0.00005	46	nan
Vibrio europaeus	300876	S	441	504	945	0.00006	0.00003	0.00000	0.00003	46	4.0
Vibrio gallaecicus	552386	S	426	430	856	0.00006	0.00003	0.00000	0.00002	42	4.0
Vibrio tapetis	52443	S	415	415	830	0.00005	0.00003	0.00000	0.00002	45	5.0
Vibrio rarus	413403	S	389	390	779	0.00005	0.00003	0.00000	0.00002	44	5.0
Vibrio cortegadensis	1328770	S	364	366	730	0.00005	0.00002	0.00000	0.00002	43	4.0
Vibrio penaeicida	104609	S	334	337	671	0.00004	0.00002	0.00000	0.00002	45	5.0
Vibrio vulnificus	672	S	289	296	585	0.00004	0.00002	0.00000	0.00002	48	5.0
Vibrio fortis	212667	S	275	279	554	0.00004	0.00002	0.00002	0.00002	46	nan
Vibrio scophthalmi	45658	S	263	265	528	0.00003	0.00002	0.00000	0.00001	45	4.0
Vibrio cholerae	666	S	263	294	557	0.00004	0.00002	0.00000	0.00002	48	5.0
Vibrio anguillarum	55601	S	248	347	595	0.00004	0.00002	0.00002	0.00002	45	nan
Vibrio algicola	2662262	S	184	184	368	0.00002	0.00001	0.00000	0.00001	44	4.0
Vibrio pelagius	28169	S	143	145	288	0.00002	0.00001	0.00000	0.00001	45	5.0
Vibrio breoganii	553239	S	143	143	286	0.00002	0.00001	0.00000	0.00001	46	4.0
Vibrio casei	673372	S	118	121	239	0.00002	0.00001	0.00000	0.00001	42	4.0
Vibrio spartinae	1918945	S	102	102	204	0.00001	0.00001	0.00000	0.00001	47	4.0
Vibrio mediterranei	689	S	102	114	216	0.00001	0.00001	0.00001	0.00001	45	nan
Vibrio aestuarianus	28171	S	102	104	206	0.00001	0.00001	0.00000	0.00001	44	4.0
Vibrio fluvialis	676	S	101	209	310	0.00002	0.00001	0.00000	0.00001	52	5.0
Photobacterium leiognathi	553611	S	109	157	266	0.00002	0.00001	0.00000	0.00001	43	4.0
Acinetobacter piscicola	2006115	S	297473	315819	613292	0.04019	0.02070	0.01944	0.01851	39	nan
Acinetobacter sp. Tol 5	710648	S	851	1787	2638	0.00017	0.00012	0.00011	0.00010	39	nan
Acinetobacter sp. SCLZS86	2908637	S	735	920	1655	0.00011	0.00006	0.00000	0.00005	41	5.0
Acinetobacter sp. YH12138	2601122	S	569	1217	1786	0.00012	0.00008	0.00008	0.00007	41	nan
Acinetobacter sp. TGL-Y2	1407071	S	399	400	799	0.00005	0.00003	0.00000	0.00002	41	5.0
Acinetobacter sp. Marseille-Q1620	2714110	S	373	374	747	0.00005	0.00002	0.00000	0.00002	39	4.0
Acinetobacter sp. Ac-14	2781976	S	373	10761	11134	0.00073	0.00071	0.00065	0.00062	40	nan
Acinetobacter sp. MYb10	1827285	S	358	515	873	0.00006	0.00003	0.00003	0.00003	40	nan
Acinetobacter sp. TTH0-4	1646498	S	335	347	682	0.00004	0.00002	0.00002	0.00002	40	nan
Acinetobacter sp. TAC-1	3027470	S	315	552	867	0.00006	0.00004	0.00003	0.00003	40	nan
Acinetobacter sp. Z1	2953738	S	264	273	537	0.00004	0.00002	0.00000	0.00002	40	5.0
Acinetobacter sp. ACNIH1	1636603	S	248	550	798	0.00005	0.00004	0.00004	0.00003	41	nan
Acinetobacter sp. CS-2	2798861	S	247	270	517	0.00003	0.00002	0.00000	0.00002	42	5.0
Acinetobacter sp. KCTC 92772	3045147	S	229	242	471	0.00003	0.00002	0.00000	0.00001	43	5.0
Acinetobacter sp. YH16040_T	2929512	S	217	469	686	0.00004	0.00003	0.00003	0.00003	41	nan
Acinetobacter sp. SH20PTE14	2905879	S	214	459	673	0.00004	0.00003	0.00003	0.00003	41	nan
Acinetobacter sp. ACNIH2	1758189	S	205	383	588	0.00004	0.00003	0.00002	0.00002	41	nan
Acinetobacter sp. SWBY1	2079596	S	201	357	558	0.00004	0.00002	0.00002	0.00002	42	nan
Acinetobacter sp. NyZ410	2929509	S	201	352	553	0.00004	0.00002	0.00002	0.00002	40	nan
Acinetobacter sp. GSS19	3020716	S	182	183	365	0.00002	0.00001	0.00000	0.00001	47	4.0
Acinetobacter sp. Res13-Abat-PEC07-P2-02	2777947	S	174	473	647	0.00004	0.00003	0.00003	0.00003	40	nan
Acinetobacter sp. TR11	3003393	S	168	415	583	0.00004	0.00003	0.00002	0.00002	40	nan
Acinetobacter sp. 10FS3-1	2563897	S	155	179	334	0.00002	0.00001	0.00000	0.00001	44	5.0
Acinetobacter sp. WCHAc010052	2004647	S	153	279	432	0.00003	0.00002	0.00000	0.00002	44	5.0
Acinetobacter sp. BEC1-S18-ESBL-01	2675741	S	150	2583	2733	0.00018	0.00017	0.00015	0.00015	40	nan
Acinetobacter sp. YH16056_T	2929514	S	137	286	423	0.00003	0.00002	0.00002	0.00002	41	nan
Acinetobacter sp. WCHAc010034	1879049	S	135	141	276	0.00002	0.00001	0.00000	0.00001	54	4.0
Acinetobacter sp. WY4	2708348	S	134	213	347	0.00002	0.00001	0.00000	0.00001	43	5.0
Acinetobacter sp. NCu2D-2	1608473	S	134	138	272	0.00002	0.00001	0.00001	0.00001	41	nan
Acinetobacter sp. WCHA55	2004646	S	134	154	288	0.00002	0.00001	0.00000	0.00001	41	5.0
Acinetobacter sp. C32I	2950074	S	116	120	236	0.00002	0.00001	0.00000	0.00001	42	5.0
Acinetobacter sp. LoGeW2-3	1808001	S	105	108	213	0.00001	0.00001	0.00000	0.00001	45	5.0
Acinetobacter sp. ESL0695	2983215	S	100	100	200	0.00001	0.00001	0.00000	0.00001	37	4.0
Acinetobacter wuhouensis	1879050	S	15067	16037	31104	0.00204	0.00105	0.00098	0.00094	40	nan
Acinetobacter bereziniae	106648	S	8883	11277	20160	0.00132	0.00074	0.00069	0.00066	39	nan
Acinetobacter baumannii	470	S	1524	4489	6013	0.00039	0.00029	0.00027	0.00026	40	nan
Acinetobacter pittii	48296	S	1441	2136	3577	0.00023	0.00014	0.00013	0.00012	40	nan
Acinetobacter seifertii	1530123	S	716	856	1572	0.00010	0.00006	0.00005	0.00005	40	nan
Acinetobacter calcoaceticus	471	S	275	288	563	0.00004	0.00002	0.00002	0.00002	40	nan
Acinetobacter nosocomialis	106654	S	183	251	434	0.00003	0.00002	0.00001	0.00001	40	nan
Acinetobacter defluvii	1871111	S	3838	4178	8016	0.00053	0.00027	0.00000	0.00025	40	5.0
Acinetobacter indicus	756892	S	2237	2380	4617	0.00030	0.00016	0.00000	0.00013	48	5.0
Acinetobacter johnsonii	40214	S	1838	2178	4016	0.00026	0.00014	0.00000	0.00012	43	5.0
Acinetobacter towneri	202956	S	1508	2087	3595	0.00024	0.00014	0.00000	0.00012	42	5.0
Acinetobacter ursingii	108980	S	1345	1890	3235	0.00021	0.00012	0.00012	0.00011	41	nan
Acinetobacter lwoffii	28090	S	905	1241	2146	0.00014	0.00008	0.00000	0.00007	44	5.0
Acinetobacter guillouiae	106649	S	715	856	1571	0.00010	0.00006	0.00005	0.00005	40	nan
Acinetobacter schindleri	108981	S	610	657	1267	0.00008	0.00004	0.00000	0.00004	44	5.0
Acinetobacter soli	487316	S	409	501	910	0.00006	0.00003	0.00000	0.00003	43	5.0
Acinetobacter variabilis	70346	S	407	525	932	0.00006	0.00003	0.00000	0.00003	44	5.0
Acinetobacter equi	1324350	S	343	344	687	0.00005	0.00002	0.00000	0.00002	36	4.0
Acinetobacter shaoyimingii	2715164	S	342	343	685	0.00004	0.00002	0.00000	0.00002	40	5.0
Acinetobacter junii	40215	S	308	462	770	0.00005	0.00003	0.00003	0.00003	40	nan
Acinetobacter lanii	2715163	S	302	304	606	0.00004	0.00002	0.00000	0.00002	43	4.0
Acinetobacter venetianus	52133	S	290	306	596	0.00004	0.00002	0.00002	0.00002	40	nan
Acinetobacter haemolyticus	29430	S	272	295	567	0.00004	0.00002	0.00002	0.00002	40	nan
Acinetobacter colistiniresistens	280145	S	269	275	544	0.00004	0.00002	0.00000	0.00002	43	5.0
Acinetobacter radioresistens	40216	S	244	253	497	0.00003	0.00002	0.00000	0.00001	43	5.0
Acinetobacter chinensis	2004650	S	235	267	502	0.00003	0.00002	0.00000	0.00002	44	5.0
Acinetobacter cumulans	2136182	S	226	234	460	0.00003	0.00002	0.00000	0.00001	41	5.0
Acinetobacter baylyi	202950	S	213	216	429	0.00003	0.00001	0.00000	0.00001	42	5.0
Acinetobacter larvae	1789224	S	184	184	368	0.00002	0.00001	0.00000	0.00001	43	5.0
Acinetobacter tibetensis	2943497	S	177	179	356	0.00002	0.00001	0.00001	0.00001	41	nan
Acinetobacter vivianii	1776742	S	171	173	344	0.00002	0.00001	0.00000	0.00001	44	5.0
Acinetobacter pseudolwoffii	2053287	S	139	183	322	0.00002	0.00001	0.00000	0.00001	44	5.0
Acinetobacter proteolyticus	1776741	S	129	140	269	0.00002	0.00001	0.00000	0.00001	42	5.0
Acinetobacter dispersus	70348	S	129	131	260	0.00002	0.00001	0.00000	0.00001	41	5.0
Acinetobacter wanghuae	2662362	S	123	124	247	0.00002	0.00001	0.00000	0.00001	43	5.0
Acinetobacter septicus	465797	S	120	215	335	0.00002	0.00001	0.00001	0.00001	41	nan
Shewanella glacialimarina	2590884	S	228161	229883	458044	0.03002	0.01507	0.01321	0.01278	42	nan
Shewanella sp. W3-18-1	351745	S	30327	98048	128375	0.00841	0.00643	0.00557	0.00536	46	nan
Shewanella putrefaciens	24	S	189	330	519	0.00003	0.00002	0.00002	0.00002	45	nan
Shewanella baltica	62322	S	146	201	347	0.00002	0.00001	0.00001	0.00001	47	nan
Shewanella oneidensis	70863	S	105	160	265	0.00002	0.00001	0.00000	0.00001	47	5.0
Pseudoalteromonas sp. HL-AS1	3071081	S	46463	59565	106028	0.00695	0.00390	0.00352	0.00338	40	nan
Providencia sp. PROV175	2949878	S	6828	62600	69428	0.00455	0.00410	0.00381	0.00357	43	nan
Providencia sp. PROV252	2936799	S	114	121	235	0.00002	0.00001	0.00001	0.00001	44	nan
Providencia sneebia	516075	S	3986	4035	8021	0.00053	0.00026	0.00024	0.00024	40	nan
Providencia rettgeri	587	S	337	2001	2338	0.00015	0.00013	0.00012	0.00011	42	nan
Providencia alcalifaciens	126385	S	210	220	430	0.00003	0.00001	0.00001	0.00001	44	nan
Providencia huaxiensis	2027290	S	150	181	331	0.00002	0.00001	0.00001	0.00001	43	nan
Providencia heimbachae	333962	S	123	127	250	0.00002	0.00001	0.00000	0.00001	43	5.0
Proteus sp. HZ0627	3034648	S	34512	55133	89645	0.00587	0.00361	0.00338	0.00325	41	nan
Proteus vulgaris	585	S	215	242	457	0.00003	0.00002	0.00000	0.00001	40	4.0
Proteus mirabilis	584	S	177	188	365	0.00002	0.00001	0.00000	0.00001	41	4.0
Proteus hauseri	183417	S	119	119	238	0.00002	0.00001	0.00000	0.00001	39	4.0
Arsenophonus endosymbiont of Aleurodicus dispersus	235559	S	32727	32912	65639	0.00430	0.00216	0.00232	0.00228	36	nan
Candidatus Arsenophonus lipoptenae	634113	S	7873	7903	15776	0.00103	0.00052	0.00063	0.00078	27	nan
Xenorhabdus nematophila	628	S	169	230	399	0.00003	0.00002	0.00000	0.00001	45	5.0
Xenorhabdus doucetiae	351671	S	105	129	234	0.00002	0.00001	0.00000	0.00001	46	4.0
Xenorhabdus bovienii	40576	S	104	143	247	0.00002	0.00001	0.00000	0.00001	46	4.0
Photorhabdus asymbiotica	291112	S	151	220	371	0.00002	0.00001	0.00000	0.00001	44	4.0
Moellerella wisconsensis	158849	S	173	184	357	0.00002	0.00001	0.00000	0.00001	42	4.0
Morganella morganii	582	S	117	120	237	0.00002	0.00001	0.00000	0.00001	54	4.0
Enterobacter roggenkampii	1812935	S	75301	91671	166972	0.01094	0.00601	0.00535	0.00516	58	nan
Enterobacter asburiae	61645	S	452	751	1203	0.00008	0.00005	0.00000	0.00004	58	5.0
Enterobacter hormaechei	158836	S	447	2357	2804	0.00018	0.00015	0.00015	0.00013	58	nan
Enterobacter cloacae	550	S	250	362	612	0.00004	0.00002	0.00000	0.00002	57	5.0
Enterobacter cancerogenus	69218	S	217	224	441	0.00003	0.00001	0.00000	0.00001	58	4.0
Enterobacter huaxiensis	2494702	S	239	246	485	0.00003	0.00002	0.00001	0.00001	59	nan
Enterobacter mori	539813	S	128	135	263	0.00002	0.00001	0.00000	0.00001	57	5.0
Enterobacter oligotrophicus	2478464	S	112	114	226	0.00001	0.00001	0.00000	0.00001	56	5.0
Candidatus Blochmannia chromaiodes	251542	S	23679	25810	49489	0.00324	0.00169	0.00196	0.00198	32	nan
Blochmannia endosymbiont of Camponotus (Colobopsis) obliquus	1505597	S	5177	5211	10388	0.00068	0.00034	0.00042	0.00044	31	nan
Candidatus Regiella insecticola	138073	S	7790	8176	15966	0.00105	0.00054	0.00000	0.00045	45	4.0
Candidatus Hamiltonella defensa	138072	S	1258	1262	2520	0.00017	0.00008	0.00000	0.00007	41	5.0
Candidatus Hoaglandella endobia	1778263	S	108	108	216	0.00001	0.00001	0.00000	0.00001	43	4.0
Klebsiella pneumoniae	573	S	302	1415	1717	0.00011	0.00009	0.00000	0.00008	59	4.0
Escherichia coli	562	S	636	5146	5782	0.00038	0.00034	0.00000	0.00029	53	5.0
Citrobacter freundii	546	S	138	474	612	0.00004	0.00003	0.00000	0.00003	54	4.0
Shigella sonnei	624	S	475	911	1386	0.00009	0.00006	0.00000	0.00005	53	5.0
Salmonella enterica	28901	S	215	641	856	0.00006	0.00004	0.00000	0.00004	54	5.0
Candidatus Fukatsuia symbiotica	1878942	S	16701	16708	33409	0.00219	0.00110	0.00098	0.00093	44	nan
Yersinia ruckeri	29486	S	283	472	755	0.00005	0.00003	0.00000	0.00003	50	5.0
Yersinia enterocolitica	630	S	193	466	659	0.00004	0.00003	0.00000	0.00003	49	5.0
Yersinia entomophaga	935293	S	182	315	497	0.00003	0.00002	0.00000	0.00002	50	4.0
Yersinia rohdei	29485	S	142	261	403	0.00003	0.00002	0.00000	0.00001	49	5.0
Yersinia alsatica	2890317	S	133	344	477	0.00003	0.00002	0.00000	0.00002	49	5.0
Yersinia aldovae	29483	S	131	297	428	0.00003	0.00002	0.00000	0.00002	49	5.0
Yersinia canariae	2607663	S	123	271	394	0.00003	0.00002	0.00000	0.00001	49	5.0
Serratia marcescens	615	S	203	1058	1261	0.00008	0.00007	0.00000	0.00006	63	4.0
Serratia symbiotica	138074	S	168	218	386	0.00003	0.00001	0.00000	0.00001	54	4.0
Serratia sp. UGAL515B_01	2986763	S	109	169	278	0.00002	0.00001	0.00000	0.00001	50	4.0
Pantoea sp. Nvir	2576760	S	258	258	516	0.00003	0.00002	0.00000	0.00002	42	4.0
Pantoea agglomerans	549	S	216	657	873	0.00006	0.00004	0.00000	0.00004	57	4.0
Pantoea dispersa	59814	S	152	220	372	0.00002	0.00001	0.00000	0.00001	59	4.0
Candidatus Pantoea carbekii	1235990	S	100	105	205	0.00001	0.00001	0.00000	0.00001	34	3.0
Candidatus Erwinia haradaeae	1922217	S	314	417	731	0.00005	0.00003	0.00000	0.00003	36	4.0
Buchnera aphidicola	9	S	417	401	818	0.00005	0.00003	0.00000	0.00004	25	4.0
Tatumella ptyseos	82987	S	164	190	354	0.00002	0.00001	0.00000	0.00001	50	4.0
Tatumella citrea	53336	S	105	121	226	0.00001	0.00001	0.00000	0.00001	51	4.0
Pragia fontium	82985	S	182	209	391	0.00003	0.00001	0.00000	0.00001	47	4.0
Halomonas sp. HG01	1609967	S	113139	190829	303968	0.01992	0.01251	0.01361	0.01306	69	nan
Halomonas sp. THAF12	2587849	S	278	288	566	0.00004	0.00002	0.00002	0.00002	69	nan
Halomonas sp. MCCC 1A13316	2733487	S	105	105	210	0.00001	0.00001	0.00000	0.00001	64	4.0
Halomonas sp. M4R1S46	2982692	S	103	103	206	0.00001	0.00001	0.00001	0.00001	70	nan
Halomonas sulfidoxydans	2733484	S	30679	61332	92011	0.00603	0.00402	0.00412	0.00406	68	nan
Halomonas sulfidivorans	2733488	S	122	122	244	0.00002	0.00001	0.00000	0.00001	65	4.0
Halomonas beimenensis	475662	S	114	114	228	0.00001	0.00001	0.00000	0.00001	70	5.0
Alloalcanivorax xenomutans	1094342	S	72540	74055	146595	0.00961	0.00485	0.00451	0.00434	62	nan
Alloalcanivorax dieselolei	285091	S	1137	1169	2306	0.00015	0.00008	0.00000	0.00007	63	4.0
Acidihalobacter ferrooxydans	1765967	S	138792	138939	277731	0.01820	0.00911	0.00851	0.00826	63	nan
Ectothiorhodospira sp. BSL-9	1442136	S	10523	10539	21062	0.00138	0.00069	0.00065	0.00063	64	nan
Stenotrophomonas sp. CW117	2775920	S	2320	81432	83752	0.00549	0.00534	0.00000	0.00572	69	5.0
Stenotrophomonas maltophilia	40324	S	1446	5779	7225	0.00047	0.00038	0.00045	0.00040	69	nan
Lysobacter auxotrophicus	2992573	S	20245	20420	40665	0.00267	0.00134	0.00142	0.00138	68	nan
Lysobacter terrestris	2865112	S	14056	14126	28182	0.00185	0.00093	0.00101	0.00097	69	nan
Xanthomonas sp. SS	2724122	S	7618	9779	17397	0.00114	0.00064	0.00069	0.00068	69	nan
Thermomonas brevis	215691	S	8399	8460	16859	0.00110	0.00055	0.00063	0.00060	70	nan
Legionella cherrii	28084	S	82455	82684	165139	0.01082	0.00542	0.00489	0.00473	40	nan
Fluoribacter dumoffii	463	S	41017	43662	84679	0.00555	0.00286	0.00257	0.00248	40	nan
Sinimarinibacterium sp. NLF-5-8	2698684	S	86629	87822	174451	0.01143	0.00576	0.00529	0.00511	61	nan
Haemophilus parainfluenzae	729	S	49294	50113	99407	0.00651	0.00328	0.00294	0.00285	40	nan
Aeromonas sp. ASNIH4	1636609	S	18838	34398	53236	0.00349	0.00225	0.00210	0.00203	64	nan
Aeromonas schubertii	652	S	7823	7967	15790	0.00103	0.00052	0.00049	0.00047	63	nan
Aeromonas hydrophila	644	S	347	1057	1404	0.00009	0.00007	0.00007	0.00006	64	nan
Aeromonas veronii	654	S	164	225	389	0.00003	0.00001	0.00000	0.00001	62	5.0
Aeromonas dhakensis	196024	S	134	204	338	0.00002	0.00001	0.00001	0.00001	64	nan
Francisella adeliensis	2007306	S	13861	14287	28148	0.00184	0.00094	0.00097	0.00095	33	nan
Francisella halioticida	549298	S	9935	9984	19919	0.00131	0.00065	0.00072	0.00070	32	nan
Allofrancisella inopinata	1085647	S	3734	3753	7487	0.00049	0.00025	0.00026	0.00025	31	nan
Rhizobium sp. NZLR1	2731096	S	42207	44837	87044	0.00570	0.00294	0.00272	0.00259	62	nan
Rhizobium sp. CCGE 510	1132836	S	34125	37029	71154	0.00466	0.00243	0.00219	0.00213	61	nan
Rhizobium sp. CSC1952	2978974	S	7038	7114	14152	0.00093	0.00047	0.00044	0.00042	64	nan
Rhizobium sp. BT03	3045156	S	3639	4362	8001	0.00052	0.00029	0.00026	0.00025	63	nan
Rhizobium sp. CIAT894	2020312	S	2537	2794	5331	0.00035	0.00018	0.00017	0.00016	62	nan
Rhizobium sp. C104	2917727	S	2533	2975	5508	0.00036	0.00020	0.00018	0.00017	62	nan
Rhizobium sp. Pop5	1223565	S	1434	1540	2974	0.00019	0.00010	0.00009	0.00009	62	nan
Rhizobium sp. K102	2918527	S	892	1091	1983	0.00013	0.00007	0.00007	0.00006	62	nan
Rhizobium sp. NXC14	1981173	S	644	694	1338	0.00009	0.00005	0.00004	0.00004	62	nan
Rhizobium sp. NLR16a	2731112	S	633	689	1322	0.00009	0.00005	0.00004	0.00004	62	nan
Rhizobium sp. IE4771	1301032	S	602	1008	1610	0.00011	0.00007	0.00006	0.00006	62	nan
Rhizobium sp. WYJ-E13	2849093	S	516	518	1034	0.00007	0.00003	0.00000	0.00003	61	5.0
Rhizobium sp. BT04	3045157	S	490	1050	1540	0.00010	0.00007	0.00006	0.00006	62	nan
Rhizobium sp. BG4	2613770	S	395	398	793	0.00005	0.00003	0.00000	0.00002	63	5.0
Rhizobium sp. Kim5	2020311	S	365	683	1048	0.00007	0.00004	0.00004	0.00004	62	nan
Rhizobium sp. CB3090	3039156	S	203	209	412	0.00003	0.00001	0.00000	0.00001	59	5.0
Rhizobium sp. 32-5/1	3019602	S	163	164	327	0.00002	0.00001	0.00000	0.00001	60	4.0
Rhizobium sp. 11515TR	2028343	S	160	164	324	0.00002	0.00001	0.00000	0.00001	60	4.0
Rhizobium sp. TAL182	2020313	S	158	301	459	0.00003	0.00002	0.00002	0.00002	62	nan
Rhizobium sp. CC-CFT758	2926709	S	148	149	297	0.00002	0.00001	0.00000	0.00001	62	4.0
Rhizobium sp. SL42	2806346	S	147	148	295	0.00002	0.00001	0.00000	0.00001	61	4.0
Rhizobium sp. TH2	2775403	S	142	142	284	0.00002	0.00001	0.00000	0.00001	61	4.0
Rhizobium sp. N324	1703969	S	140	3094	3234	0.00021	0.00020	0.00019	0.00018	62	nan
Rhizobium sp. SSA_523	2952477	S	135	136	271	0.00002	0.00001	0.00000	0.00001	62	5.0
Rhizobium sp. AB2/73	2795216	S	112	146	258	0.00002	0.00001	0.00000	0.00001	60	4.0
Rhizobium sp. ACO-34A	1571470	S	106	107	213	0.00001	0.00001	0.00000	0.00001	62	5.0
Rhizobium leguminosarum	384	S	9737	12128	21865	0.00143	0.00079	0.00074	0.00070	62	nan
Rhizobium hidalgonense	1538159	S	1656	1715	3371	0.00022	0.00011	0.00011	0.00010	62	nan
Rhizobium phaseoli	396	S	1578	1753	3331	0.00022	0.00011	0.00011	0.00010	62	nan
Rhizobium ruizarguesonis	2081791	S	1053	1207	2260	0.00015	0.00008	0.00007	0.00007	61	nan
Rhizobium acidisoli	1538158	S	1049	1206	2255	0.00015	0.00008	0.00007	0.00007	62	nan
Rhizobium anhuiense	1184720	S	1042	1100	2142	0.00014	0.00007	0.00007	0.00006	62	nan
Rhizobium etli	29449	S	822	953	1775	0.00012	0.00006	0.00006	0.00006	62	nan
Rhizobium indicum	2583231	S	648	754	1402	0.00009	0.00005	0.00005	0.00004	61	nan
Rhizobium bangladeshense	1138189	S	580	594	1174	0.00008	0.00004	0.00004	0.00003	62	nan
Rhizobium lentis	1138194	S	487	509	996	0.00007	0.00003	0.00000	0.00003	62	5.0
Rhizobium binae	1138190	S	464	492	956	0.00006	0.00003	0.00003	0.00003	62	nan
Rhizobium gallicum	56730	S	380	463	843	0.00006	0.00003	0.00000	0.00003	60	5.0
Rhizobium croatiense	2867516	S	256	290	546	0.00004	0.00002	0.00000	0.00002	63	5.0
Rhizobium sullae	50338	S	241	244	485	0.00003	0.00002	0.00000	0.00001	60	4.0
Rhizobium rhizogenes	359	S	204	320	524	0.00003	0.00002	0.00000	0.00002	61	5.0
Rhizobium tropici	398	S	200	308	508	0.00003	0.00002	0.00000	0.00002	61	5.0
Rhizobium jaguaris	1312183	S	165	165	330	0.00002	0.00001	0.00000	0.00001	60	4.0
Rhizobium brockwellii	3019932	S	157	419	576	0.00004	0.00003	0.00002	0.00002	62	nan
Rhizobium laguerreae	1076926	S	149	208	357	0.00002	0.00001	0.00001	0.00001	62	nan
Rhizobium lusitanum	293958	S	113	113	226	0.00001	0.00001	0.00000	0.00001	60	4.0
Agrobacterium tumefaciens	358	S	333	655	988	0.00006	0.00004	0.00000	0.00004	60	5.0
Pararhizobium sp. BT-229	2986923	S	373	382	755	0.00005	0.00003	0.00000	0.00002	62	5.0
Pararhizobium sp. YC-54	2986920	S	217	226	443	0.00003	0.00001	0.00000	0.00001	61	4.0
Neorhizobium galegae	399	S	175	179	354	0.00002	0.00001	0.00000	0.00001	62	5.0
Shinella sp. PSBB067	2715959	S	49357	52258	101615	0.00666	0.00342	0.00338	0.00331	66	nan
Shinella sp. HZN7	879274	S	138	147	285	0.00002	0.00001	0.00000	0.00001	66	5.0
Shinella zoogloeoides	352475	S	272	289	561	0.00004	0.00002	0.00000	0.00002	65	5.0
Ensifer canadensis	555315	S	27132	28000	55132	0.00361	0.00184	0.00000	0.00161	62	5.0
Ensifer adhaerens	106592	S	3882	4181	8063	0.00053	0.00027	0.00026	0.00024	63	nan
Ensifer sp. PDNC004	2811423	S	604	725	1329	0.00009	0.00005	0.00000	0.00004	63	5.0
Sinorhizobium fredii	380	S	1681	1905	3586	0.00024	0.00012	0.00012	0.00011	63	nan
Sinorhizobium sp. M14	430451	S	218	270	488	0.00003	0.00002	0.00000	0.00002	60	5.0
Sinorhizobium sp. RAC02	1842534	S	196	199	395	0.00003	0.00001	0.00000	0.00001	63	5.0
Sinorhizobium sp. BG8	2613773	S	118	118	236	0.00002	0.00001	0.00000	0.00001	63	4.0
Sinorhizobium numidicum	680248	S	368	374	742	0.00005	0.00002	0.00000	0.00002	61	5.0
Sinorhizobium meliloti	382	S	337	862	1199	0.00008	0.00006	0.00005	0.00005	62	nan
Sinorhizobium mexicanum	375549	S	327	329	656	0.00004	0.00002	0.00000	0.00002	62	5.0
Sinorhizobium garamanticum	680247	S	306	311	617	0.00004	0.00002	0.00000	0.00002	62	5.0
Sinorhizobium terangae	110322	S	286	288	574	0.00004	0.00002	0.00002	0.00002	62	nan
Sinorhizobium americanum	194963	S	284	294	578	0.00004	0.00002	0.00000	0.00002	63	5.0
Sinorhizobium alkalisoli	1752398	S	240	242	482	0.00003	0.00002	0.00001	0.00001	62	nan
Sinorhizobium sojae	716925	S	210	225	435	0.00003	0.00001	0.00000	0.00001	63	5.0
Sinorhizobium medicae	110321	S	171	181	352	0.00002	0.00001	0.00000	0.00001	62	4.0
Mesorhizobium sp. B2-8-5	2589903	S	76265	77554	153819	0.01008	0.00508	0.00488	0.00470	65	nan
Mesorhizobium sp. C120A	2956824	S	24758	56499	81257	0.00533	0.00370	0.00347	0.00335	63	nan
Mesorhizobium sp. DCY119	2108445	S	397	399	796	0.00005	0.00003	0.00000	0.00002	63	4.0
Mesorhizobium sp. Pch-S	2082387	S	347	348	695	0.00005	0.00002	0.00000	0.00002	63	5.0
Mesorhizobium sp. 8	2584466	S	240	241	481	0.00003	0.00002	0.00000	0.00002	66	5.0
Mesorhizobium sp. INR15	2654248	S	203	204	407	0.00003	0.00001	0.00000	0.00001	62	5.0
Mesorhizobium sp. PAMC28654	2880934	S	180	181	361	0.00002	0.00001	0.00000	0.00001	63	5.0
Mesorhizobium sp. M3A.F.Ca.ET.080.04.2.1	2493676	S	149	156	305	0.00002	0.00001	0.00001	0.00001	64	nan
Mesorhizobium sp. B1-1-8	2589976	S	147	148	295	0.00002	0.00001	0.00001	0.00001	64	nan
Mesorhizobium sp. J8	2777475	S	142	144	286	0.00002	0.00001	0.00001	0.00001	64	nan
Mesorhizobium sp. AR07	2865838	S	140	151	291	0.00002	0.00001	0.00000	0.00001	63	5.0
Mesorhizobium sp. B2-1-1	2589974	S	138	140	278	0.00002	0.00001	0.00000	0.00001	63	5.0
Mesorhizobium sp. AR10	2865839	S	130	135	265	0.00002	0.00001	0.00000	0.00001	63	5.0
Mesorhizobium sp. M4B.F.Ca.ET.058.02.1.1	2493675	S	129	136	265	0.00002	0.00001	0.00001	0.00001	64	nan
Mesorhizobium sp. M1B.F.Ca.ET.045.04.1.1	2493673	S	119	125	244	0.00002	0.00001	0.00001	0.00001	64	nan
Mesorhizobium sp. M1E.F.Ca.ET.045.02.1.1	2493672	S	113	122	235	0.00002	0.00001	0.00001	0.00001	65	nan
Mesorhizobium sp. 131-2-1	2744518	S	111	126	237	0.00002	0.00001	0.00001	0.00001	64	nan
Mesorhizobium sp. M1A.F.Ca.IN.022.06.1.1	2493680	S	108	114	222	0.00001	0.00001	0.00001	0.00001	64	nan
Mesorhizobium sp. M7D.F.Ca.US.005.01.1.1	2493678	S	107	116	223	0.00001	0.00001	0.00001	0.00001	63	nan
Mesorhizobium sp. M8A.F.Ca.ET.057.01.1.1	2493679	S	106	113	219	0.00001	0.00001	0.00001	0.00001	63	nan
Mesorhizobium sp. B4-1-4	2589888	S	102	103	205	0.00001	0.00001	0.00000	0.00001	63	5.0
Mesorhizobium terrae	2725666	S	360	365	725	0.00005	0.00002	0.00000	0.00002	64	5.0
Mesorhizobium opportunistum	593909	S	132	141	273	0.00002	0.00001	0.00000	0.00001	64	5.0
Mesorhizobium amorphae	71433	S	101	103	204	0.00001	0.00001	0.00000	0.00001	63	4.0
Aminobacter sp. MET-1	2951085	S	1428	2290	3718	0.00024	0.00015	0.00014	0.00013	61	nan
Aminobacter sp. MSH1	374606	S	1169	1750	2919	0.00019	0.00011	0.00011	0.00010	64	nan
Aminobacter sp. SR38	2774562	S	1097	2228	3325	0.00022	0.00015	0.00014	0.00013	64	nan
Aminobacter sp. NyZ550	2979870	S	815	2358	3173	0.00021	0.00015	0.00015	0.00014	64	nan
Aminobacter sp. MDW-2	2666139	S	500	2201	2701	0.00018	0.00014	0.00014	0.00013	64	nan
Aminobacter sp. SS-2016	1870862	S	353	1495	1848	0.00012	0.00010	0.00009	0.00009	63	nan
Aminobacter niigataensis	83265	S	1232	2080	3312	0.00022	0.00014	0.00013	0.00012	64	nan
Aminobacter aminovorans	83263	S	235	850	1085	0.00007	0.00006	0.00005	0.00005	64	nan
Phyllobacterium zundukense	1867719	S	144	147	291	0.00002	0.00001	0.00000	0.00001	58	4.0
Methylocystis heyeri	391905	S	130789	131068	261857	0.01716	0.00859	0.00812	0.00789	64	nan
Methylocystis parvus	134	S	17207	17287	34494	0.00226	0.00113	0.00108	0.00105	64	nan
Pelagibacterium sp. H642	1881069	S	69175	71442	140617	0.00922	0.00468	0.00432	0.00417	62	nan
Devosia sp. G20-9	3026418	S	20776	20843	41619	0.00273	0.00137	0.00119	0.00117	58	nan
Methylobacterium radiodurans	2202828	S	44325	44619	88944	0.00583	0.00292	0.00350	0.00343	71	nan
Methylobacterium mesophilicum	39956	S	13810	13973	27783	0.00182	0.00092	0.00104	0.00102	70	nan
Methylobacterium sp. C1	1479019	S	6804	15189	21993	0.00144	0.00100	0.00122	0.00122	72	nan
Methylobacterium sp. AMS5	925818	S	1746	1872	3618	0.00024	0.00012	0.00014	0.00013	70	nan
Methylobacterium sp. FF17	2984843	S	164	164	328	0.00002	0.00001	0.00000	0.00001	70	5.0
Methylorubrum extorquens	408	S	4524	5981	10505	0.00069	0.00039	0.00000	0.00042	69	5.0
Methylorubrum populi	223967	S	2687	2837	5524	0.00036	0.00019	0.00022	0.00020	70	nan
Methylorubrum sp. B1-46	2897334	S	1033	1102	2135	0.00014	0.00007	0.00000	0.00008	69	5.0
Roseibium aggregatum	187304	S	56267	66243	122510	0.00803	0.00434	0.00389	0.00375	60	nan
Labrenzia sp. THAF35	2587854	S	593	1235	1828	0.00012	0.00008	0.00007	0.00007	60	nan
Labrenzia sp. CP4	1674922	S	449	972	1421	0.00009	0.00006	0.00006	0.00006	60	nan
Phreatobacter cathodiphilus	1868589	S	59261	59513	118774	0.00778	0.00390	0.00437	0.00426	70	nan
Aurantimonas sp. HBX-1	2906072	S	54489	54714	109203	0.00716	0.00359	0.00385	0.00376	68	nan
Aureimonas sp. AU20	1349819	S	746	765	1511	0.00010	0.00005	0.00000	0.00005	67	5.0
Bradyrhizobium sp. ISRA464	2866200	S	652	22524	23176	0.00152	0.00148	0.00140	0.00136	64	nan
Bradyrhizobium quebecense	2748629	S	15619	17459	33078	0.00217	0.00114	0.00110	0.00106	64	nan
Kaistia sp. 32K	2795690	S	24087	24203	48290	0.00316	0.00159	0.00163	0.00157	67	nan
Brucella melitensis	29459	S	4895	23275	28170	0.00185	0.00153	0.00134	0.00131	59	nan
Parvibaculum lavamentivorans	256618	S	10287	10524	20811	0.00136	0.00069	0.00064	0.00062	63	nan
Wolbachia endosymbiont of Oedothorax gibbosus	931100	S	37920	41968	79888	0.00524	0.00275	0.00265	0.00259	34	nan
Wolbachia endosymbiont (group A) of Epistrophe grossularia	2954008	S	5403	15429	20832	0.00137	0.00101	0.00099	0.00097	34	nan
Wolbachia endosymbiont of Oryzaephilus surinamensis	573241	S	909	4923	5832	0.00038	0.00032	0.00032	0.00031	34	nan
Wolbachia endosymbiont of Trichogramma pretiosum	125593	S	390	411	801	0.00005	0.00003	0.00003	0.00003	33	nan
Wolbachia endosymbiont (group B) of Campaea margaritaria	2953990	S	355	42984	43339	0.00284	0.00282	0.00278	0.00272	34	nan
Wolbachia endosymbiont of Drosophila mauritiana	109663	S	270	144843	145113	0.00951	0.00949	0.00938	0.00916	34	nan
Wolbachia endosymbiont of Anopheles demeilloni	2748871	S	218	268	486	0.00003	0.00002	0.00002	0.00002	33	nan
Wolbachia endosymbiont of Diaphorina citri	116598	S	199	295	494	0.00003	0.00002	0.00002	0.00002	34	nan
Wolbachia endosymbiont of Cimex lectularius	246273	S	145	145	290	0.00002	0.00001	0.00000	0.00001	37	4.0
Wolbachia endosymbiont of Ctenocephalides felis wCfeJ	2732594	S	141	141	282	0.00002	0.00001	0.00000	0.00001	35	5.0
Wolbachia endosymbiont of Bemisia tabaci	215173	S	132	207	339	0.00002	0.00001	0.00001	0.00001	34	nan
Wolbachia endosymbiont of Folsomia candida	169402	S	126	126	252	0.00002	0.00001	0.00000	0.00001	34	5.0
Wolbachia endosymbiont (group B) of Celastrina argiolus	2953994	S	101	11109	11210	0.00073	0.00073	0.00072	0.00070	34	nan
Wolbachia pipientis	955	S	270	633	903	0.00006	0.00004	0.00004	0.00004	34	nan
Ehrlichia ruminantium	779	S	37476	37493	74969	0.00491	0.00246	0.00309	0.00307	30	nan
Neoehrlichia mikurensis	89586	S	23500	23501	47001	0.00308	0.00154	0.00196	0.00202	27	nan
Rickettsia parkeri	35792	S	31047	71328	102375	0.00671	0.00467	0.00493	0.00483	32	nan
Rickettsia asiatica	238800	S	11001	15052	26053	0.00171	0.00099	0.00104	0.00102	32	nan
Rickettsia amblyommatis	33989	S	5081	6993	12074	0.00079	0.00046	0.00048	0.00047	31	nan
Rickettsia conorii	781	S	157	1078	1235	0.00008	0.00007	0.00007	0.00007	32	nan
Candidatus Pelagibacter sp. FZCC0015	2268451	S	306984	307563	614547	0.04027	0.02016	0.02420	0.02349	29	nan
Candidatus Pelagibacter ubique	198252	S	12647	12692	25339	0.00166	0.00083	0.00098	0.00095	31	nan
Roseovarius tolerans	74031	S	47394	47465	94859	0.00622	0.00311	0.00299	0.00289	64	nan
Celeribacter baekdonensis	875171	S	41540	42286	83826	0.00549	0.00277	0.00246	0.00239	58	nan
uncultured Celeribacter sp.	1303376	S	556	557	1113	0.00007	0.00004	0.00000	0.00003	61	4.0
Celeribacter ethanolicus	1758178	S	489	504	993	0.00007	0.00003	0.00000	0.00003	62	4.0
Celeribacter marinus	1397108	S	133	133	266	0.00002	0.00001	0.00000	0.00001	57	5.0
Celeribacter indicus	1208324	S	101	106	207	0.00001	0.00001	0.00000	0.00001	66	4.0
Mameliella alba	561184	S	26943	27314	54257	0.00356	0.00179	0.00173	0.00169	65	nan
Phaeobacter inhibens	221822	S	207	217	424	0.00003	0.00001	0.00000	0.00001	60	5.0
Phaeobacter piscinae	1580596	S	173	278	451	0.00003	0.00002	0.00000	0.00002	61	4.0
Pseudosulfitobacter pseudonitzschiae	1402135	S	272	293	565	0.00004	0.00002	0.00000	0.00002	62	5.0
Octadecabacter sp. SW4	2602067	S	216	219	435	0.00003	0.00001	0.00000	0.00001	60	5.0
Paroceanicella profunda	2579971	S	21580	22079	43659	0.00286	0.00145	0.00172	0.00170	71	nan
Sphingomonas sp. PAMB00755	3012344	S	7928	8195	16123	0.00106	0.00054	0.00055	0.00053	67	nan
Sphingomonas sp. LaA6.9	2919914	S	6228	6229	12457	0.00082	0.00041	0.00038	0.00037	63	nan
Sphingomonas sp. NBWT7	2596913	S	4610	5227	9837	0.00064	0.00034	0.00036	0.00035	68	nan
Sphingomonas sp. C3-2	3062169	S	2524	2571	5095	0.00033	0.00017	0.00016	0.00016	65	nan
Sphingomonas sp. J315	2898433	S	1786	2067	3853	0.00025	0.00014	0.00014	0.00013	66	nan
Sphingomonas sp. MM-1	745310	S	586	797	1383	0.00009	0.00005	0.00006	0.00005	66	nan
Sphingomonas sp.	28214	S	562	983	1545	0.00010	0.00006	0.00006	0.00006	66	nan
Sphingomonas sp. NIBR02145	3014784	S	494	520	1014	0.00007	0.00003	0.00000	0.00003	68	5.0
Sphingomonas sp. S6-11	2991075	S	404	421	825	0.00005	0.00003	0.00003	0.00003	66	nan
Sphingomonas sp. 7/4-4	3018446	S	388	420	808	0.00005	0.00003	0.00000	0.00003	66	5.0
Sphingomonas sp. Y38-1Y	3078265	S	375	399	774	0.00005	0.00003	0.00000	0.00003	69	4.0
Sphingomonas sp. R1	399176	S	360	389	749	0.00005	0.00003	0.00000	0.00003	67	5.0
Sphingomonas sp. KC8	1030157	S	355	363	718	0.00005	0.00002	0.00000	0.00002	64	5.0
Sphingomonas sp. SUN039	2937787	S	350	353	703	0.00005	0.00002	0.00002	0.00002	65	nan
Sphingomonas sp. LM7	1938607	S	327	351	678	0.00004	0.00002	0.00000	0.00002	67	5.0
Sphingomonas sp. S2-65	2903960	S	309	324	633	0.00004	0.00002	0.00000	0.00002	66	5.0
Sphingomonas sp. AAP5	1523415	S	306	336	642	0.00004	0.00002	0.00002	0.00002	66	nan
Sphingomonas sp. CL5.1	2653203	S	277	306	583	0.00004	0.00002	0.00000	0.00002	67	5.0
Sphingomonas sp. FARSPH	2219696	S	273	446	719	0.00005	0.00003	0.00000	0.00003	67	5.0
Sphingomonas sp. So64.6b	2997354	S	268	281	549	0.00004	0.00002	0.00000	0.00002	64	4.0
Sphingomonas sp. AP4-R1	2735134	S	255	261	516	0.00003	0.00002	0.00000	0.00002	67	5.0
Sphingomonas sp. SUN019	2937788	S	226	231	457	0.00003	0.00002	0.00000	0.00001	67	5.0
Sphingomonas sp. S1-29	2991074	S	224	319	543	0.00004	0.00002	0.00002	0.00002	67	nan
Sphingomonas sp. ZFBP2030	2972485	S	201	208	409	0.00003	0.00001	0.00000	0.00001	66	5.0
Sphingomonas sp. HMP6	1517551	S	191	205	396	0.00003	0.00001	0.00000	0.00001	66	4.0
Sphingomonas sp. CV7422	3018036	S	180	238	418	0.00003	0.00002	0.00000	0.00002	68	5.0
Sphingomonas sp. QA11	2950605	S	176	394	570	0.00004	0.00003	0.00003	0.00002	66	nan
Sphingomonas sp. PAMC26645	2565555	S	161	183	344	0.00002	0.00001	0.00001	0.00001	66	nan
Sphingomonas sp. HMP9	1517554	S	160	191	351	0.00002	0.00001	0.00001	0.00001	66	nan
Sphingomonas sp. LK11	1390395	S	130	185	315	0.00002	0.00001	0.00001	0.00001	66	nan
Sphingomonas sp. NIC1	1961362	S	119	391	510	0.00003	0.00003	0.00000	0.00003	67	5.0
Sphingomonas sabuli	2764186	S	2791	2833	5624	0.00037	0.00019	0.00019	0.00018	66	nan
Sphingomonas suaedae	2599297	S	1740	1804	3544	0.00023	0.00012	0.00000	0.00011	66	5.0
Sphingomonas koreensis	93064	S	1534	2316	3850	0.00025	0.00015	0.00016	0.00015	67	nan
Sphingomonas sanxanigenens	397260	S	625	746	1371	0.00009	0.00005	0.00000	0.00005	67	5.0
Sphingomonas hengshuiensis	1609977	S	472	486	958	0.00006	0.00003	0.00003	0.00003	67	nan
Sphingomonas cannabina	2899123	S	425	447	872	0.00006	0.00003	0.00000	0.00003	69	5.0
Sphingomonas changnyeongensis	2698679	S	358	365	723	0.00005	0.00002	0.00000	0.00003	68	5.0
Sphingomonas donggukensis	2949093	S	352	364	716	0.00005	0.00002	0.00000	0.00002	68	5.0
Sphingomonas psychrotolerans	1327635	S	310	322	632	0.00004	0.00002	0.00000	0.00002	66	5.0
Sphingomonas alpina	653931	S	309	322	631	0.00004	0.00002	0.00000	0.00002	64	5.0
Sphingomonas hankookensis	563996	S	287	458	745	0.00005	0.00003	0.00000	0.00003	67	5.0
Sphingomonas panacis	1560345	S	275	284	559	0.00004	0.00002	0.00002	0.00002	65	nan
Sphingomonas panacisoli	1813879	S	258	265	523	0.00003	0.00002	0.00000	0.00002	65	5.0
Sphingomonas profundi	2681549	S	253	261	514	0.00003	0.00002	0.00000	0.00002	69	5.0
Sphingomonas aerolata	185951	S	231	254	485	0.00003	0.00002	0.00002	0.00002	67	nan
Sphingomonas morindae	1541170	S	227	233	460	0.00003	0.00002	0.00000	0.00002	69	5.0
Sphingomonas radiodurans	2890321	S	222	227	449	0.00003	0.00001	0.00000	0.00001	66	5.0
Sphingomonas naphthae	1813468	S	219	371	590	0.00004	0.00002	0.00000	0.00002	67	5.0
Sphingomonas insulae	424800	S	208	239	447	0.00003	0.00002	0.00002	0.00002	68	nan
Sphingomonas taxi	1549858	S	207	231	438	0.00003	0.00002	0.00000	0.00002	68	5.0
Sphingomonas aliaeris	2759526	S	204	209	413	0.00003	0.00001	0.00000	0.00001	65	5.0
Sphingomonas paucimobilis	13689	S	193	274	467	0.00003	0.00002	0.00002	0.00002	66	nan
Sphingomonas qomolangmaensis	2918765	S	193	269	462	0.00003	0.00002	0.00000	0.00002	67	5.0
Sphingomonas nostoxanthinifaciens	2872652	S	178	184	362	0.00002	0.00001	0.00000	0.00001	68	5.0
Sphingomonas sanguinis	33051	S	139	194	333	0.00002	0.00001	0.00001	0.00001	66	nan
Sphingomonas bisphenolicum	296544	S	110	130	240	0.00002	0.00001	0.00001	0.00001	65	nan
Rhizorhabdus dicambivorans	1850238	S	25420	30938	56358	0.00369	0.00203	0.00198	0.00195	66	nan
Rhizorhabdus wittichii	160791	S	268	295	563	0.00004	0.00002	0.00000	0.00002	68	5.0
Rhizorhabdus phycosphaerae	2711156	S	167	167	334	0.00002	0.00001	0.00000	0.00001	66	5.0
Novosphingopyxis iocasae	2762729	S	14729	15622	30351	0.00199	0.00102	0.00096	0.00093	63	nan
uncultured Sphingopyxis sp.	310581	S	7817	8172	15989	0.00105	0.00054	0.00054	0.00053	66	nan
Sphingopyxis sp. QXT-31	1357916	S	187	217	404	0.00003	0.00001	0.00000	0.00001	67	5.0
Sphingopyxis sp. YF1	2482763	S	179	224	403	0.00003	0.00001	0.00000	0.00001	67	5.0
Sphingopyxis sp. USTB-05	2830667	S	178	230	408	0.00003	0.00002	0.00000	0.00001	65	5.0
Sphingopyxis sp. BSN-002	2911495	S	176	185	361	0.00002	0.00001	0.00001	0.00001	66	nan
Sphingopyxis sp. OPL5	2486273	S	146	156	302	0.00002	0.00001	0.00000	0.00001	67	5.0
Sphingopyxis sp. FD7	1914525	S	138	164	302	0.00002	0.00001	0.00000	0.00001	66	5.0
Sphingopyxis sp. EG6	1874061	S	129	163	292	0.00002	0.00001	0.00001	0.00001	65	nan
Sphingopyxis sp. PET50	2976533	S	111	116	227	0.00001	0.00001	0.00000	0.00001	67	5.0
Sphingopyxis sp. PAMC25046	2565556	S	107	135	242	0.00002	0.00001	0.00000	0.00001	66	5.0
Sphingopyxis sp. 113P3	292913	S	102	119	221	0.00001	0.00001	0.00001	0.00001	65	nan
Sphingopyxis sp. DBS4	2968500	S	100	131	231	0.00002	0.00001	0.00001	0.00001	66	nan
Sphingopyxis macrogoltabida	33050	S	228	271	499	0.00003	0.00002	0.00002	0.00002	65	nan
Sphingopyxis indica	436663	S	222	256	478	0.00003	0.00002	0.00002	0.00002	66	nan
Sphingopyxis lindanitolerans	2054227	S	166	198	364	0.00002	0.00001	0.00001	0.00001	66	nan
Sphingopyxis granuli	267128	S	137	364	501	0.00003	0.00002	0.00000	0.00002	67	5.0
Sphingopyxis fribergensis	1515612	S	131	161	292	0.00002	0.00001	0.00001	0.00001	65	nan
Sphingopyxis alaskensis	117207	S	124	134	258	0.00002	0.00001	0.00001	0.00001	66	nan
Sphingobium sp. V4	3038927	S	265	282	547	0.00004	0.00002	0.00000	0.00002	64	5.0
Sphingobium sp. AP49	1144307	S	172	207	379	0.00002	0.00001	0.00001	0.00001	65	nan
Sphingobium sp. SYK-6	627192	S	156	183	339	0.00002	0.00001	0.00001	0.00001	67	nan
Sphingobium sp. RAC03	1843368	S	156	179	335	0.00002	0.00001	0.00000	0.00001	63	5.0
Sphingobium sp. CAP-1	2676077	S	149	240	389	0.00003	0.00002	0.00002	0.00001	64	nan
Sphingobium sp. KCTC 72723	2733867	S	138	151	289	0.00002	0.00001	0.00000	0.00001	63	4.0
Sphingobium sp. TKS	1315974	S	136	201	337	0.00002	0.00001	0.00000	0.00001	64	5.0
Sphingobium sp. SCG-1	2072936	S	134	134	268	0.00002	0.00001	0.00000	0.00001	62	4.0
Sphingobium sp. YG1	2082188	S	129	172	301	0.00002	0.00001	0.00000	0.00001	63	5.0
Sphingobium sp. EP60837	1855519	S	128	146	274	0.00002	0.00001	0.00000	0.00001	62	4.0
Sphingobium sp. Cam5-1	2789327	S	111	203	314	0.00002	0.00001	0.00000	0.00001	63	4.0
Sphingobium yanoikuyae	13690	S	315	936	1251	0.00008	0.00006	0.00006	0.00006	65	nan
Sphingobium phenoxybenzoativorans	1592790	S	164	183	347	0.00002	0.00001	0.00000	0.00001	63	5.0
Sphingobium amiense	135719	S	153	281	434	0.00003	0.00002	0.00002	0.00002	65	nan
Sphingobium cloacae	120107	S	131	212	343	0.00002	0.00001	0.00001	0.00001	65	nan
Sphingobium indicum	332055	S	116	146	262	0.00002	0.00001	0.00001	0.00001	65	nan
Novosphingobium sp. EMRT-2	2571749	S	130	156	286	0.00002	0.00001	0.00000	0.00001	66	5.0
Novosphingobium sp. P6W	1609758	S	117	147	264	0.00002	0.00001	0.00000	0.00001	65	5.0
Novosphingobium kaempferiae	2896849	S	126	157	283	0.00002	0.00001	0.00000	0.00001	67	5.0
Novosphingobium resinovorum	158500	S	120	176	296	0.00002	0.00001	0.00001	0.00001	66	nan
Sphingosinithalassobacter tenebrarum	2711215	S	327	339	666	0.00004	0.00002	0.00000	0.00002	65	5.0
Sphingosinithalassobacter sp. CS137	2762748	S	271	277	548	0.00004	0.00002	0.00000	0.00002	68	4.0
Parasphingopyxis algicola	2026624	S	145	148	293	0.00002	0.00001	0.00000	0.00001	64	4.0
Allosphingosinicella indica	941907	S	199	199	398	0.00003	0.00001	0.00000	0.00001	67	5.0
Stakelama sp. W311	3075605	S	167	167	334	0.00002	0.00001	0.00000	0.00001	66	5.0
Croceicoccus sp. Ery15	1703338	S	6002	7108	13110	0.00086	0.00047	0.00043	0.00042	63	nan
Qipengyuania sediminis	1532023	S	131	150	281	0.00002	0.00001	0.00000	0.00001	67	4.0
Sphingosinicella microcystinivorans	335406	S	176	181	357	0.00002	0.00001	0.00000	0.00001	66	5.0
Sphingosinicella sp. BN140058	1892855	S	137	137	274	0.00002	0.00001	0.00000	0.00001	66	4.0
Sphingosinicella flava	2771430	S	111	111	222	0.00001	0.00001	0.00000	0.00001	64	4.0
Brevundimonas sp. DS20	1532555	S	75453	111597	187050	0.01226	0.00731	0.00762	0.00746	68	nan
Azospirillum sp. TSH100	652764	S	17647	19355	37002	0.00242	0.00127	0.00000	0.00130	68	5.0
Azospirillum sp. B510	137722	S	10923	11690	22613	0.00148	0.00077	0.00080	0.00080	69	nan
Azospirillum sp. TSA2s	709810	S	10693	13305	23998	0.00157	0.00087	0.00000	0.00089	68	5.0
Azospirillum sp. 412522	2494548	S	5774	5966	11740	0.00077	0.00039	0.00042	0.00040	67	nan
Azospirillum sp. TSH58	664962	S	259	332	591	0.00004	0.00002	0.00003	0.00002	70	nan
Azospirillum oryzae	286727	S	6536	7821	14357	0.00094	0.00051	0.00000	0.00053	68	5.0
Azospirillum thiophilum	528244	S	6434	6638	13072	0.00086	0.00044	0.00048	0.00046	69	nan
Azospirillum humicireducens	1226968	S	4339	4713	9052	0.00059	0.00031	0.00032	0.00032	68	nan
Azospirillum lipoferum	193	S	4034	4502	8536	0.00056	0.00030	0.00031	0.00031	69	nan
Azospirillum ramasamyi	682998	S	3954	4224	8178	0.00054	0.00028	0.00030	0.00029	69	nan
Azospirillum thermophilum	2202148	S	1259	1269	2528	0.00017	0.00008	0.00000	0.00009	71	5.0
Azospirillum brasilense	192	S	1114	1392	2506	0.00016	0.00009	0.00011	0.00010	70	nan
Azospirillum argentinense	2970906	S	574	774	1348	0.00009	0.00005	0.00006	0.00005	70	nan
Azospirillum baldaniorum	1064539	S	113	171	284	0.00002	0.00001	0.00001	0.00001	70	nan
Oecophyllibacter saccharovorans	2558360	S	3892	3900	7792	0.00051	0.00026	0.00024	0.00023	62	nan
Candidatus Nucleicultrix amoebiphila	1509244	S	4379	4380	8759	0.00057	0.00029	0.00026	0.00025	40	nan
Burkholderia arboris	488730	S	15925	16954	32879	0.00215	0.00111	0.00112	0.00112	68	nan
Burkholderia lata	482957	S	7479	8714	16193	0.00106	0.00057	0.00057	0.00057	68	nan
Burkholderia cepacia	292	S	3526	4241	7767	0.00051	0.00028	0.00029	0.00028	68	nan
Burkholderia contaminans	488447	S	2439	2690	5129	0.00034	0.00018	0.00018	0.00018	67	nan
Burkholderia cenocepacia	95486	S	1373	6071	7444	0.00049	0.00040	0.00041	0.00040	68	nan
Burkholderia pyrrocinia	60550	S	1232	1365	2597	0.00017	0.00009	0.00009	0.00009	68	nan
Burkholderia seminalis	488731	S	924	992	1916	0.00013	0.00007	0.00007	0.00007	68	nan
Burkholderia stabilis	95485	S	839	926	1765	0.00012	0.00006	0.00006	0.00006	67	nan
Burkholderia multivorans	87883	S	465	478	943	0.00006	0.00003	0.00003	0.00003	68	nan
Burkholderia anthina	179879	S	461	526	987	0.00006	0.00003	0.00003	0.00003	68	nan
Burkholderia ambifaria	152480	S	442	14924	15366	0.00101	0.00098	0.00102	0.00098	68	nan
Burkholderia ubonensis	101571	S	398	425	823	0.00005	0.00003	0.00003	0.00003	68	nan
Burkholderia metallica	488729	S	350	385	735	0.00005	0.00003	0.00003	0.00003	68	nan
Burkholderia territorii	1503055	S	232	248	480	0.00003	0.00002	0.00002	0.00002	67	nan
Burkholderia vietnamiensis	60552	S	229	403	632	0.00004	0.00003	0.00003	0.00003	68	nan
Burkholderia latens	488446	S	207	212	419	0.00003	0.00001	0.00000	0.00001	67	5.0
Burkholderia pseudomultivorans	1207504	S	187	195	382	0.00003	0.00001	0.00001	0.00001	68	nan
Burkholderia dolosa	152500	S	167	171	338	0.00002	0.00001	0.00001	0.00001	68	nan
Burkholderia aenigmatica	2015348	S	142	192	334	0.00002	0.00001	0.00001	0.00001	68	nan
Burkholderia diffusa	488732	S	115	123	238	0.00002	0.00001	0.00001	0.00001	67	nan
Burkholderia stagnalis	1503054	S	113	116	229	0.00002	0.00001	0.00001	0.00001	68	nan
Burkholderia glumae	337	S	17776	18352	36128	0.00237	0.00120	0.00132	0.00129	70	nan
Burkholderia sp. MBR-1	2732364	S	9016	21642	30658	0.00201	0.00142	0.00146	0.00144	68	nan
Burkholderia pseudomallei	28450	S	146	194	340	0.00002	0.00001	0.00000	0.00001	69	5.0
Polynucleobacter duraquae	1835254	S	43637	44053	87690	0.00575	0.00289	0.00246	0.00239	46	nan
Paraburkholderia pallida	2547399	S	18842	18934	37776	0.00248	0.00124	0.00120	0.00117	65	nan
Achromobacter pestifer	1353889	S	79930	82179	162109	0.01062	0.00539	0.00546	0.00531	67	nan
Bordetella sp. N	1746199	S	12242	12260	24502	0.00161	0.00080	0.00079	0.00077	66	nan
Bordetella pertussis	520	S	6674	15210	21884	0.00143	0.00100	0.00108	0.00104	69	nan
Paralcaligenes sp. KSB-10	2901142	S	3958	3960	7918	0.00052	0.00026	0.00023	0.00023	59	nan
Hydrogenophaga sp. NH-16	2184519	S	44252	53216	97468	0.00639	0.00349	0.00366	0.00354	68	nan
Hydrogenophaga sp. PBC	795665	S	3203	3274	6477	0.00042	0.00021	0.00023	0.00023	69	nan
Hydrogenophaga sp. YM1	2806262	S	142	143	285	0.00002	0.00001	0.00000	0.00001	70	5.0
Hydrogenophaga crocea	2716225	S	14295	14584	28879	0.00189	0.00096	0.00109	0.00107	70	nan
Acidovorax sp. KKS102	358220	S	8188	8401	16589	0.00109	0.00055	0.00055	0.00053	67	nan
Comamonas serinivorans	1082851	S	4769	4833	9602	0.00063	0.00032	0.00034	0.00033	70	nan
Variovorax paradoxus	34073	S	153	194	347	0.00002	0.00001	0.00000	0.00001	68	5.0
Caldimonas brevitalea	413882	S	16516	16591	33107	0.00217	0.00109	0.00116	0.00111	68	nan
Aquincola tertiaricarbonis	391953	S	142	144	286	0.00002	0.00001	0.00000	0.00001	70	4.0
Aquabacterium sp. OR-4	2978127	S	1304	1313	2617	0.00017	0.00009	0.00011	0.00011	72	nan
Pseudogulbenkiania sp. NH8B	748280	S	58685	58846	117531	0.00770	0.00386	0.00384	0.00370	66	nan
Paludibacterium yongneupense	400061	S	16087	16114	32201	0.00211	0.00106	0.00099	0.00096	64	nan
Pseudazoarcus pumilus	2067960	S	5213	5243	10456	0.00069	0.00034	0.00035	0.00034	67	nan
Acidithiobacillus sp. 'AMD consortium'	2614801	S	16843	97359	114202	0.00748	0.00638	0.00572	0.00556	62	nan
Acidithiobacillus ferrooxidans	920	S	347	387	734	0.00005	0.00003	0.00002	0.00002	60	nan
Acidithiobacillus ferrivorans	160808	S	130	133	263	0.00002	0.00001	0.00000	0.00001	58	5.0
Flavobacterium sp. TR2	2977321	S	122444	125506	247950	0.01625	0.00823	0.00802	0.00781	36	nan
Flavobacterium sp. F-340	2893886	S	42859	43326	86185	0.00565	0.00284	0.00288	0.00281	34	nan
Flavobacterium sp. N1736	2986823	S	2062	2084	4146	0.00027	0.00014	0.00000	0.00013	34	5.0
Flavobacterium sp. KBS0721	1179672	S	1156	1174	2330	0.00015	0.00008	0.00008	0.00007	34	nan
Flavobacterium sp. MDT1-60	1979344	S	1077	1086	2163	0.00014	0.00007	0.00007	0.00007	33	nan
Flavobacterium sp. CLA17	2724135	S	840	846	1686	0.00011	0.00006	0.00000	0.00005	37	5.0
Flavobacterium sp. SLB02	2665645	S	505	512	1017	0.00007	0.00003	0.00003	0.00003	35	nan
Flavobacterium sp. F-70	2893884	S	338	340	678	0.00004	0.00002	0.00000	0.00002	35	5.0
Flavobacterium sp. N2038	2986829	S	215	217	432	0.00003	0.00001	0.00000	0.00001	33	5.0
Flavobacterium sp. GSB-24	2994319	S	203	207	410	0.00003	0.00001	0.00000	0.00001	34	4.0
Flavobacterium sp. KACC 22758	3025667	S	198	221	419	0.00003	0.00001	0.00000	0.00001	35	5.0
Flavobacterium sp. F-323	2893885	S	178	179	357	0.00002	0.00001	0.00000	0.00001	36	5.0
Flavobacterium sp. CJ75	3034146	S	176	179	355	0.00002	0.00001	0.00000	0.00001	33	4.0
Flavobacterium sp. 140616W15	2478552	S	156	156	312	0.00002	0.00001	0.00000	0.00001	33	3.0
Flavobacterium sp. N502536	2986837	S	127	129	256	0.00002	0.00001	0.00000	0.00001	37	4.0
Flavobacterium sp. N502540	2986838	S	125	132	257	0.00002	0.00001	0.00000	0.00001	36	5.0
Flavobacterium sp. YJ01	3031997	S	117	122	239	0.00002	0.00001	0.00000	0.00001	34	4.0
Flavobacterium pectinovorum	29533	S	88667	89422	178089	0.01167	0.00586	0.00596	0.00580	34	nan
Flavobacterium psychrophilum	96345	S	59492	59708	119200	0.00781	0.00391	0.00411	0.00402	33	nan
Flavobacterium nitratireducens	992289	S	45048	45250	90298	0.00592	0.00297	0.00300	0.00293	34	nan
Flavobacterium fluviale	2249356	S	44853	45764	90617	0.00594	0.00300	0.00300	0.00294	34	nan
Flavobacterium arcticum	1784713	S	9897	9911	19808	0.00130	0.00065	0.00064	0.00062	36	nan
Flavobacterium ammonificans	1751056	S	7848	7895	15743	0.00103	0.00052	0.00051	0.00050	34	nan
Flavobacterium johnsoniae	986	S	413	441	854	0.00006	0.00003	0.00000	0.00003	34	4.0
uncultured Flavobacterium sp.	165435	S	398	401	799	0.00005	0.00003	0.00000	0.00003	33	5.0
Flavobacterium bizetiae	2704140	S	301	304	605	0.00004	0.00002	0.00000	0.00002	35	5.0
Flavobacterium flavigenum	3003258	S	203	206	409	0.00003	0.00001	0.00000	0.00001	35	5.0
Flavobacterium gelatinilyticum	3003260	S	189	191	380	0.00002	0.00001	0.00000	0.00001	35	5.0
Flavobacterium anhuiense	459526	S	165	167	332	0.00002	0.00001	0.00000	0.00001	35	4.0
Flavobacterium endoglycinae	2816357	S	135	135	270	0.00002	0.00001	0.00000	0.00001	35	4.0
Flavobacterium gyeonganense	1310418	S	119	121	240	0.00002	0.00001	0.00000	0.00001	35	4.0
Polaribacter sp. Hel1_33_78	1336804	S	50273	50481	100754	0.00660	0.00331	0.00365	0.00357	31	nan
Tenacibaculum sp. AHE14PA	2745565	S	129	27727	27856	0.00183	0.00182	0.00198	0.00193	31	nan
Tenacibaculum finnmarkense	2781243	S	21412	21558	42970	0.00282	0.00141	0.00158	0.00151	31	nan
Tenacibaculum pacificus	3018314	S	750	756	1506	0.00010	0.00005	0.00006	0.00006	30	nan
Tenacibaculum ovolyticum	104270	S	136	136	272	0.00002	0.00001	0.00000	0.00001	29	5.0
Capnocytophaga ochracea	1018	S	11755	14477	26232	0.00172	0.00095	0.00087	0.00084	42	nan
Capnocytophaga sp. oral taxon 864	1316593	S	1579	2085	3664	0.00024	0.00014	0.00013	0.00012	41	nan
Capnocytophaga sp. oral taxon 323	1705617	S	1259	1711	2970	0.00019	0.00011	0.00010	0.00010	42	nan
Capnocytophaga sp. oral taxon 902	2748316	S	857	1363	2220	0.00015	0.00009	0.00008	0.00008	41	nan
Capnocytophaga gingivalis	1017	S	1390	1396	2786	0.00018	0.00009	0.00000	0.00008	42	5.0
Capnocytophaga sputigena	1019	S	652	662	1314	0.00009	0.00004	0.00000	0.00004	40	4.0
Capnocytophaga endodontalis	2708117	S	436	450	886	0.00006	0.00003	0.00000	0.00003	41	5.0
Aestuariibaculum lutulentum	2920935	S	18188	18219	36407	0.00239	0.00119	0.00115	0.00113	35	nan
Salegentibacter sp. T436	1729720	S	14268	14682	28950	0.00190	0.00096	0.00090	0.00088	37	nan
Abyssalbus ytuae	2926907	S	7360	7363	14723	0.00096	0.00048	0.00047	0.00046	36	nan
Chryseobacterium sp. StRB126	878220	S	25835	26118	51953	0.00340	0.00171	0.00165	0.00160	36	nan
Chryseobacterium sp. CY350	2997336	S	15137	15232	30369	0.00199	0.00100	0.00099	0.00096	36	nan
Chryseobacterium camelliae	1265445	S	18842	19035	37877	0.00248	0.00125	0.00000	0.00112	41	5.0
Cloacibacterium caeni	2004710	S	17096	18141	35237	0.00231	0.00119	0.00122	0.00119	33	nan
Apibacter raozihei	2500547	S	11866	11870	23736	0.00156	0.00078	0.00084	0.00082	32	nan
Fluviicola taffensis	191579	S	50129	50192	100321	0.00657	0.00329	0.00306	0.00298	37	nan
Blattabacterium sp. (Nauphoeta cinerea)	1316444	S	28936	29041	57977	0.00380	0.00190	0.00257	0.00262	24	nan
Blattabacterium sp. (Blattella germanica)	624186	S	6689	6700	13389	0.00088	0.00044	0.00058	0.00056	25	nan
Blattabacterium sp. (Blatta orientalis)	367806	S	3829	4052	7881	0.00052	0.00027	0.00033	0.00032	28	nan
Sphingobacterium sp. E70	2853439	S	87160	88263	175423	0.01150	0.00578	0.00514	0.00501	41	nan
Sphingobacterium sp. G1-14	2003121	S	10353	16332	26685	0.00175	0.00107	0.00095	0.00093	40	nan
Sphingobacterium paramultivorum	2886510	S	62501	85961	148462	0.00973	0.00563	0.00503	0.00488	41	nan
Sphingobacterium multivorum	28454	S	175	210	385	0.00003	0.00001	0.00001	0.00001	41	nan
Pedobacter suwonensis	332999	S	54443	54635	109078	0.00715	0.00358	0.00320	0.00311	40	nan
Pedobacter riviphilus	2766984	S	18888	18944	37832	0.00248	0.00124	0.00113	0.00109	39	nan
Pedobacter sp. KBS0701	2578106	S	413	427	840	0.00006	0.00003	0.00000	0.00002	39	5.0
Pedobacter sp. D749	2856523	S	222	230	452	0.00003	0.00002	0.00000	0.00001	39	4.0
Pedobacter roseus	336820	S	514	516	1030	0.00007	0.00003	0.00000	0.00003	40	4.0
Echinicola vietnamensis	390884	S	80984	83226	164210	0.01076	0.00545	0.00469	0.00459	46	nan
Echinicola strongylocentroti	1795355	S	52316	52876	105192	0.00689	0.00347	0.00299	0.00291	46	nan
Hymenobacter sp. DG01	2584940	S	23956	24277	48233	0.00316	0.00159	0.00144	0.00141	60	nan
Flammeovirga sp. MY04	1191459	S	7014	7381	14395	0.00094	0.00048	0.00048	0.00046	35	nan
Segatella bryantii	77095	S	36928	57019	93947	0.00616	0.00374	0.00341	0.00330	40	nan
Segatella baroniae	305719	S	6625	14058	20683	0.00136	0.00092	0.00087	0.00081	40	nan
Segatella copri	165179	S	109	110	219	0.00001	0.00001	0.00000	0.00001	48	5.0
Bacteroides coprosuis	151276	S	14345	14440	28785	0.00189	0.00095	0.00093	0.00089	35	nan
Draconibacterium halophilum	2706887	S	11092	11121	22213	0.00146	0.00073	0.00065	0.00063	41	nan
Sulfurimonas paralvinellae	317658	S	676710	677782	1354492	0.08877	0.04442	0.04076	0.03951	40	nan
Campylobacter fetus	196	S	45935	46254	92189	0.00604	0.00303	0.00311	0.00305	34	nan
Campylobacter sp. RM10537	1032242	S	9368	9410	18778	0.00123	0.00062	0.00079	0.00075	29	nan
Campylobacter coli	195	S	9340	10446	19786	0.00130	0.00068	0.00077	0.00073	31	nan
Campylobacter insulaenigrae	260714	S	4129	4140	8269	0.00054	0.00027	0.00035	0.00033	27	nan
Campylobacter jejuni	197	S	131	365	496	0.00003	0.00002	0.00002	0.00003	31	nan
Halarcobacter anaerophilus	877500	S	25923	25949	51872	0.00340	0.00170	0.00195	0.00191	30	nan
Aliarcobacter faecis	1564138	S	16886	17048	33934	0.00222	0.00112	0.00153	0.00144	27	nan
Arcobacter venerupis	1054033	S	5164	5210	10374	0.00068	0.00034	0.00046	0.00043	27	nan
Arcobacter suis	1278212	S	4218	4261	8479	0.00056	0.00028	0.00037	0.00035	27	nan
Arcobacter cloacae	1054034	S	4034	4137	8171	0.00054	0.00027	0.00038	0.00035	25	nan
Arcobacter peruensis	2320140	S	1685	2809	4494	0.00029	0.00018	0.00023	0.00023	28	nan
Arcobacter aquimarinus	1315211	S	1350	1381	2731	0.00018	0.00009	0.00013	0.00012	26	nan
Arcobacter ellisii	913109	S	179	182	361	0.00002	0.00001	0.00000	0.00002	26	5.0
Poseidonibacter lekithochrous	1904463	S	7792	7818	15610	0.00102	0.00051	0.00065	0.00062	28	nan
Nitrosophilus kaiyonis	2930200	S	15394	15403	30797	0.00202	0.00101	0.00123	0.00120	28	nan
Geomonas sp. RF6	2897342	S	70147	70181	140328	0.00920	0.00460	0.00424	0.00411	63	nan
Geomonas paludis	2740185	S	43624	43826	87450	0.00573	0.00287	0.00270	0.00263	65	nan
Geomonas oryzisoli	2847992	S	204	205	409	0.00003	0.00001	0.00000	0.00001	64	4.0
Thermodesulfobacterium sp. TA1	2234087	S	46596	46600	93196	0.00611	0.00305	0.00288	0.00281	37	nan
Desulfohalobium retbaense	45663	S	21072	21072	42144	0.00276	0.00138	0.00123	0.00119	59	nan
Borrelia miyamotoi	47466	S	12662	12677	25339	0.00166	0.00083	0.00102	0.00099	29	nan
Borrelia puertoricensis	2756107	S	12262	12597	24859	0.00163	0.00083	0.00098	0.00095	29	nan
Borrelia coriaceae	144	S	11939	11965	23904	0.00157	0.00078	0.00096	0.00092	28	nan
Borrelia anserina	143	S	6714	6730	13444	0.00088	0.00044	0.00052	0.00051	29	nan
Borrelia venezuelensis	1653839	S	4671	7423	12094	0.00079	0.00049	0.00057	0.00057	30	nan
Candidatus Borreliella tachyglossi	1964448	S	18748	18766	37514	0.00246	0.00123	0.00137	0.00134	31	nan
Borreliella bavariensis	664662	S	18306	22841	41147	0.00270	0.00150	0.00193	0.00187	27	nan
Borreliella burgdorferi	139	S	5953	7229	13182	0.00086	0.00047	0.00061	0.00059	27	nan
Brachyspira pilosicoli	52584	S	18487	18511	36998	0.00242	0.00121	0.00157	0.00152	29	nan
Tepiditoga spiralis	2108365	S	113707	113712	227419	0.01490	0.00745	0.01076	0.01051	24	nan
Halobacteriovorax sp. BALOs_7	2109558	S	75011	75015	150026	0.00983	0.00492	0.00465	0.00453	36	nan
Silvanigrella aquatica	1915309	S	37789	37818	75607	0.00495	0.00248	0.00266	0.00259	32	nan
Leptotrichia sp. HMT-225	3058373	S	52886	54765	107651	0.00706	0.00359	0.00421	0.00415	30	nan
Leptotrichia sp. oral taxon 498	712368	S	2490	2594	5084	0.00033	0.00017	0.00020	0.00020	30	nan
Fusobacterium polymorphum	76857	S	5988	9090	15078	0.00099	0.00060	0.00082	0.00078	27	nan
Fusobacterium nucleatum	851	S	1386	2230	3616	0.00024	0.00015	0.00020	0.00019	27	nan
Fusobacterium hwasookii	1583098	S	633	757	1390	0.00009	0.00005	0.00007	0.00006	27	nan
Fusobacterium canifelinum	285729	S	215	234	449	0.00003	0.00002	0.00002	0.00002	28	nan
Fusobacterium pseudoperiodonticum	2663009	S	190	204	394	0.00003	0.00001	0.00002	0.00002	28	nan
Fusobacterium animalis	76859	S	183	278	461	0.00003	0.00002	0.00003	0.00002	26	nan
Fusobacterium vincentii	155615	S	174	354	528	0.00003	0.00002	0.00003	0.00003	27	nan
Cetobacterium somerae	188913	S	3406	3406	6812	0.00045	0.00022	0.00029	0.00027	29	nan
Sorangium cellulosum	56	S	27826	30362	58188	0.00381	0.00199	0.00238	0.00252	72	nan
Labilithrix luteola	1391654	S	17430	17434	34864	0.00228	0.00114	0.00113	0.00110	67	nan
Corallococcus coralloides	184914	S	7909	8014	15923	0.00104	0.00053	0.00060	0.00059	71	nan
Phycisphaera mikurensis	547188	S	17407	17407	34814	0.00228	0.00114	0.00144	0.00156	74	nan
Candidatus Uabimicrobium amorphum	2596890	S	17147	17147	34294	0.00225	0.00112	0.00099	0.00097	39	nan
Candidatus Absconditicoccus praedator	2735562	S	20194	20194	40388	0.00265	0.00132	0.00169	0.00164	28	nan
Homo sapiens	9606	S	577	579	1156	0.00008	0.00004	0.00000	0.00003	38	4.0
Canoevirus canoe	2734056	S	968	968	1936	0.00013	0.00006	0.00000	0.00005	45	4.0
Vibrio phage martha 12B12	573175	S	370	388	758	0.00005	0.00003	0.00000	0.00002	46	4.0
