name	taxonomy_id	taxonomy_lvl	kraken_assigned_reads	added_reads	new_est_reads	fraction_total_reads	Bracken_estimate	GuaCAMOLE_estimate	GuaCAMOLE_est_eff	GC content	Taxon Removal Cycle
Delftia sp. Cs1-4	742013	S	2546079	4443744	6989823	0.47650	0.30293	0.32782	0.32074	69	nan
Delftia sp. HK171	1920191	S	1522	2840	4362	0.00030	0.00019	0.00021	0.00021	69	nan
Delftia acidovorans	80866	S	14793	20106	34899	0.00238	0.00137	0.00142	0.00144	69	nan
Delftia tsuruhatensis	180282	S	6422	12310	18732	0.00128	0.00084	0.00088	0.00088	69	nan
Delftia lacustris	558537	S	1533	3826	5359	0.00037	0.00026	0.00027	0.00027	69	nan
Methyloradius palustris	2778876	S	1304597	1305520	2610117	0.17793	0.08900	0.07168	0.07291	47	nan
Pseudomonas sp. DR 5-09	1534110	S	1891305	2519400	4410705	0.30068	0.17175	0.15061	0.15448	63	nan
Pseudomonas sp. 3-2	2867408	S	788	1038	1826	0.00012	0.00007	0.00006	0.00006	62	nan
Pseudomonas sp. BW7P1	2973088	S	675	698	1373	0.00009	0.00005	0.00005	0.00004	62	nan
Pseudomonas sp. B21-021	2895476	S	646	741	1387	0.00009	0.00005	0.00005	0.00005	62	nan
Pseudomonas sp. HS6	2850559	S	618	654	1272	0.00009	0.00004	0.00004	0.00004	61	nan
Pseudomonas sp. NIBR-H-19	2901380	S	402	415	817	0.00006	0.00003	0.00000	0.00002	60	5.0
Pseudomonas sp. FP2196	2954086	S	366	378	744	0.00005	0.00003	0.00000	0.00002	61	5.0
Pseudomonas sp. IzPS59	2774459	S	365	401	766	0.00005	0.00003	0.00003	0.00002	62	nan
Pseudomonas sp. Seg1	2678259	S	308	320	628	0.00004	0.00002	0.00000	0.00002	61	5.0
Pseudomonas sp. DTU12.3	2073078	S	289	301	590	0.00004	0.00002	0.00000	0.00002	61	5.0
Pseudomonas sp. A34-9	3034675	S	223	236	459	0.00003	0.00002	0.00000	0.00001	61	5.0
Pseudomonas sp. N3-W	2975049	S	201	205	406	0.00003	0.00001	0.00001	0.00001	61	nan
Pseudomonas sp. R84	1573712	S	191	210	401	0.00003	0.00001	0.00000	0.00001	61	5.0
Pseudomonas sp. IAC-BECa141	2793103	S	181	284	465	0.00003	0.00002	0.00002	0.00002	62	nan
Pseudomonas sp. B21-040	2895486	S	179	183	362	0.00002	0.00001	0.00000	0.00001	61	5.0
Pseudomonas sp. B21-051	2895491	S	169	186	355	0.00002	0.00001	0.00001	0.00001	62	nan
Pseudomonas sp. S34	1573718	S	167	172	339	0.00002	0.00001	0.00001	0.00001	62	nan
Pseudomonas sp. URMO17WK12:I11	1283291	S	167	204	371	0.00003	0.00001	0.00001	0.00001	62	nan
Pseudomonas sp. SCA2728.1_7	2825975	S	160	180	340	0.00002	0.00001	0.00000	0.00001	61	5.0
Pseudomonas sp. 31-12	2201356	S	160	167	327	0.00002	0.00001	0.00000	0.00001	61	5.0
Pseudomonas sp. B21-048	2895490	S	147	154	301	0.00002	0.00001	0.00000	0.00001	60	4.0
Pseudomonas sp. B21-015	2895473	S	136	142	278	0.00002	0.00001	0.00000	0.00001	61	5.0
Pseudomonas sp. WJP1	2986947	S	131	134	265	0.00002	0.00001	0.00001	0.00001	62	nan
Pseudomonas sp. MPC6	2498848	S	130	133	263	0.00002	0.00001	0.00001	0.00001	62	nan
Pseudomonas sp. Ost2	2678260	S	129	130	259	0.00002	0.00001	0.00000	0.00001	64	5.0
Pseudomonas sp. B21-053	2895493	S	126	133	259	0.00002	0.00001	0.00001	0.00001	61	nan
Pseudomonas sp. LS1212	2972478	S	124	124	248	0.00002	0.00001	0.00001	0.00001	62	nan
Pseudomonas sp. ACM7	2052956	S	123	130	253	0.00002	0.00001	0.00000	0.00001	60	5.0
Pseudomonas sp. AO-1	2855434	S	120	142	262	0.00002	0.00001	0.00001	0.00001	61	nan
Pseudomonas sp. Z003-0.4C(8344-21)	1855380	S	115	132	247	0.00002	0.00001	0.00001	0.00001	61	nan
Pseudomonas sp. Cab53	2678258	S	113	116	229	0.00002	0.00001	0.00000	0.00001	63	5.0
Pseudomonas sp. PP3	2815936	S	113	118	231	0.00002	0.00001	0.00001	0.00001	61	nan
Pseudomonas sp. DR48	2871095	S	111	116	227	0.00002	0.00001	0.00000	0.00001	60	5.0
Pseudomonas sp. 7SR1	1881017	S	108	109	217	0.00001	0.00001	0.00000	0.00001	63	5.0
Pseudomonas sp. BSw22131	3002903	S	104	104	208	0.00001	0.00001	0.00000	0.00001	60	4.0
Pseudomonas sp. FP1742	2954079	S	103	115	218	0.00001	0.00001	0.00000	0.00001	61	5.0
Pseudomonas sp. PIA16	2931382	S	101	101	202	0.00001	0.00001	0.00000	0.00001	64	5.0
Pseudomonas sp. DG56-2	2320270	S	101	101	202	0.00001	0.00001	0.00000	0.00001	60	5.0
Pseudomonas sp. FP198	2954084	S	100	102	202	0.00001	0.00001	0.00001	0.00001	62	nan
Pseudomonas sp. ADAK18	2730848	S	100	101	201	0.00001	0.00001	0.00000	0.00001	60	5.0
Pseudomonas fluorescens	294	S	2920	3353	6273	0.00043	0.00023	0.00022	0.00021	62	nan
Pseudomonas koreensis	198620	S	213	284	497	0.00003	0.00002	0.00002	0.00002	62	nan
Pseudomonas granadensis	1421430	S	170	188	358	0.00002	0.00001	0.00001	0.00001	62	nan
Pseudomonas moraviensis	321662	S	155	208	363	0.00002	0.00001	0.00001	0.00001	62	nan
Pseudomonas orientalis	76758	S	118	127	245	0.00002	0.00001	0.00001	0.00001	62	nan
Pseudomonas synxantha	47883	S	102	141	243	0.00002	0.00001	0.00001	0.00001	61	nan
Pseudomonas rhodesiae	76760	S	102	109	211	0.00001	0.00001	0.00001	0.00001	62	nan
Pseudomonas chlororaphis	587753	S	494	1058	1552	0.00011	0.00007	0.00000	0.00007	63	5.0
Pseudomonas protegens	380021	S	197	7420	7617	0.00052	0.00051	0.00051	0.00046	63	nan
Pseudomonas fragi	296	S	111	119	230	0.00002	0.00001	0.00000	0.00001	60	5.0
Pseudomonas syringae	317	S	210	504	714	0.00005	0.00003	0.00000	0.00003	60	5.0
Pseudomonas putida	303	S	526	792	1318	0.00009	0.00005	0.00000	0.00005	63	5.0
Pseudomonas aeruginosa	287	S	220	1650	1870	0.00013	0.00011	0.00012	0.00010	63	nan
Pseudomonas gozinkensis	2774461	S	396	430	826	0.00006	0.00003	0.00003	0.00003	62	nan
Pseudomonas fitomaticsae	2837969	S	375	419	794	0.00005	0.00003	0.00003	0.00003	62	nan
Pseudomonas glycinae	1785145	S	362	412	774	0.00005	0.00003	0.00003	0.00003	62	nan
Pseudomonas kribbensis	1628086	S	292	360	652	0.00004	0.00002	0.00002	0.00002	62	nan
Pseudomonas allokribbensis	2774460	S	238	254	492	0.00003	0.00002	0.00002	0.00002	62	nan
Pseudomonas hamedanensis	2745504	S	166	169	335	0.00002	0.00001	0.00001	0.00001	61	nan
Pseudomonas frederiksbergensis	104087	S	161	173	334	0.00002	0.00001	0.00000	0.00001	61	5.0
Pseudomonas atacamensis	2565368	S	160	200	360	0.00002	0.00001	0.00001	0.00001	62	nan
Pseudomonas siliginis	2842346	S	140	209	349	0.00002	0.00001	0.00001	0.00001	61	nan
Pseudomonas serboccidentalis	2964670	S	136	142	278	0.00002	0.00001	0.00001	0.00001	62	nan
Pseudomonas umsongensis	198618	S	126	128	254	0.00002	0.00001	0.00001	0.00001	61	nan
Pseudomonas prosekii	1148509	S	114	115	229	0.00002	0.00001	0.00001	0.00001	61	nan
Pseudomonas zeae	2745510	S	114	127	241	0.00002	0.00001	0.00001	0.00001	61	nan
Pseudomonas vancouverensis	95300	S	113	114	227	0.00002	0.00001	0.00001	0.00001	62	nan
Pseudomonas izuensis	2684212	S	110	112	222	0.00002	0.00001	0.00001	0.00001	61	nan
Pseudomonas arsenicoxydans	702115	S	109	113	222	0.00002	0.00001	0.00000	0.00001	60	5.0
Lysobacter sp. HDW10	2714936	S	989739	992152	1981891	0.13511	0.06764	0.05576	0.05564	57	nan
Shigella boydii	621	S	22785	301415	324200	0.02210	0.02055	0.01671	0.01662	53	nan
Shigella flexneri	623	S	2165	103794	105959	0.00722	0.00708	0.00574	0.00572	53	nan
Shigella dysenteriae	622	S	1844	10744	12588	0.00086	0.00073	0.00060	0.00059	53	nan
Shigella sonnei	624	S	349	3678	4027	0.00027	0.00025	0.00021	0.00020	53	nan
Escherichia coli	562	S	30334	275066	305400	0.02082	0.01875	0.01540	0.01519	53	nan
Escherichia albertii	208962	S	1610	1765	3375	0.00023	0.00012	0.00011	0.00010	52	nan
Escherichia fergusonii	564	S	880	1102	1982	0.00014	0.00008	0.00007	0.00006	52	nan
Escherichia sp. E4742	2044467	S	664	840	1504	0.00010	0.00006	0.00005	0.00005	53	nan
Escherichia marmotae	1499973	S	814	871	1685	0.00011	0.00006	0.00005	0.00005	52	nan
Klebsiella pneumoniae	573	S	965	2548	3513	0.00024	0.00017	0.00000	0.00015	56	5.0
Klebsiella quasipneumoniae	1463165	S	103	174	277	0.00002	0.00001	0.00000	0.00001	59	5.0
Citrobacter freundii	546	S	144	1067	1211	0.00008	0.00007	0.00006	0.00006	54	nan
Enterobacter cloacae	550	S	144	178	322	0.00002	0.00001	0.00000	0.00001	57	5.0
Enterobacter hormaechei	158836	S	132	699	831	0.00006	0.00005	0.00000	0.00004	57	5.0
Salmonella enterica	28901	S	537	2607	3144	0.00021	0.00018	0.00015	0.00014	53	nan
Vibrio gigantis	296199	S	247362	260045	507407	0.03459	0.01773	0.01473	0.01496	46	nan
Candidatus Gromoviella agglomerans	2806609	S	401919	401945	803864	0.05480	0.02740	0.03366	0.03053	30	nan
Nonomuraea phyllanthi	2219224	S	2140091	2143937	4284028	0.29204	0.14615	0.17382	0.18349	72	nan
Nonomuraea gerenzanensis	93944	S	5118	5138	10256	0.00070	0.00035	0.00000	0.00045	73	4.0
Nonomuraea coxensis	404386	S	3012	3019	6031	0.00041	0.00021	0.00000	0.00028	74	5.0
Nonomuraea sp. ATCC 55076	1909395	S	2836	2846	5682	0.00039	0.00019	0.00000	0.00025	73	5.0
Streptosporangium sp. 'caverna'	2202249	S	1345	1349	2694	0.00018	0.00009	0.00000	0.00010	70	5.0
Streptosporangium roseum	2001	S	702	704	1406	0.00010	0.00005	0.00000	0.00006	72	5.0
Spongiactinospora sp. TRM90649	3031114	S	328	328	656	0.00004	0.00002	0.00000	0.00003	73	4.0
Thermobispora bispora	2006	S	277	277	554	0.00004	0.00002	0.00000	0.00003	73	5.0
Actinomadura sp. NAK00032	2742128	S	157	165	322	0.00002	0.00001	0.00000	0.00002	74	5.0
Actinomadura sp. WMMA1423	2591108	S	131	136	267	0.00002	0.00001	0.00000	0.00001	74	4.0
Actinomadura graeca	2750812	S	109	111	220	0.00001	0.00001	0.00000	0.00001	73	4.0
Streptomyces graminofaciens	68212	S	110	1007	1117	0.00008	0.00007	0.00000	0.00008	71	5.0
Micromonospora sagamiensis	47875	S	177	204	381	0.00003	0.00001	0.00000	0.00002	73	5.0
Micromonospora viridifaciens	1881	S	138	163	301	0.00002	0.00001	0.00000	0.00001	72	4.0
Flexistipes sinusarabici	2352	S	1566294	1566326	3132620	0.21355	0.10678	0.10957	0.10064	39	nan
Borrelia miyamotoi	47466	S	245776	246075	491851	0.03353	0.01678	0.01895	0.02169	29	nan
