name	taxonomy_id	taxonomy_lvl	kraken_assigned_reads	added_reads	new_est_reads	fraction_total_reads	Bracken_estimate	GuaCAMOLE_estimate	GuaCAMOLE_est_eff	GC content	Taxon Removal Cycle
Corynebacterium aurimucosum	169292	S	464440	486904	951344	0.06303	0.03226	0.00000	0.02753	62	5.0
Corynebacterium minutissimum	38301	S	38889	43190	82079	0.00544	0.00286	0.00274	0.00242	61	nan
Corynebacterium singulare	161899	S	24176	25388	49564	0.00328	0.00168	0.00000	0.00143	60	5.0
Corynebacterium frankenforstense	1230998	S	20579	20672	41251	0.00273	0.00137	0.00177	0.00166	72	nan
Corynebacterium striatum	43770	S	14194	15162	29356	0.00194	0.00100	0.00000	0.00085	60	5.0
Corynebacterium sp. FDAARGOS 1242	2778078	S	12543	17427	29970	0.00199	0.00115	0.00107	0.00098	61	nan
Corynebacterium sp. SCR221107	3017361	S	467	520	987	0.00007	0.00003	0.00003	0.00003	62	nan
Corynebacterium sp. NML98-0116	702967	S	119	215	334	0.00002	0.00001	0.00001	0.00001	62	nan
Corynebacterium tuberculostearicum	38304	S	7340	8043	15383	0.00102	0.00053	0.00051	0.00045	60	nan
Corynebacterium simulans	146827	S	6816	7380	14196	0.00094	0.00049	0.00043	0.00041	60	nan
Corynebacterium accolens	38284	S	2233	3062	5295	0.00035	0.00020	0.00019	0.00017	61	nan
Corynebacterium camporealensis	161896	S	1711	1739	3450	0.00023	0.00012	0.00000	0.00010	60	5.0
Corynebacterium riegelii	156976	S	1592	1630	3222	0.00021	0.00011	0.00000	0.00009	62	5.0
Corynebacterium flavescens	28028	S	1312	1333	2645	0.00018	0.00009	0.00000	0.00007	61	5.0
Corynebacterium confusum	71254	S	1182	1224	2406	0.00016	0.00008	0.00000	0.00008	67	5.0
Corynebacterium imitans	156978	S	1153	1177	2330	0.00015	0.00008	0.00000	0.00007	66	4.0
Corynebacterium macginleyi	38290	S	1111	1129	2240	0.00015	0.00007	0.00000	0.00006	58	5.0
Corynebacterium endometrii	2488819	S	836	842	1678	0.00011	0.00006	0.00000	0.00005	61	5.0
Corynebacterium lizhenjunii	2709394	S	833	836	1669	0.00011	0.00006	0.00000	0.00005	63	5.0
Corynebacterium phocae	161895	S	692	693	1385	0.00009	0.00005	0.00000	0.00004	60	5.0
Corynebacterium incognita	2754725	S	617	624	1241	0.00008	0.00004	0.00000	0.00004	63	5.0
Corynebacterium massiliense	441501	S	586	598	1184	0.00008	0.00004	0.00000	0.00004	67	4.0
Corynebacterium diphtheriae	1717	S	551	1562	2113	0.00014	0.00010	0.00000	0.00009	59	5.0
Corynebacterium casei	160386	S	524	558	1082	0.00007	0.00004	0.00000	0.00003	57	4.0
Corynebacterium amycolatum	43765	S	521	939	1460	0.00010	0.00006	0.00000	0.00005	60	5.0
Corynebacterium stationis	1705	S	493	506	999	0.00007	0.00003	0.00000	0.00003	55	4.0
Corynebacterium glucuronolyticum	39791	S	489	502	991	0.00007	0.00003	0.00000	0.00003	60	5.0
Corynebacterium jeikeium	38289	S	485	528	1013	0.00007	0.00003	0.00003	0.00003	63	nan
Corynebacterium humireducens	1223514	S	456	460	916	0.00006	0.00003	0.00000	0.00003	70	4.0
Corynebacterium guangdongense	1783348	S	441	443	884	0.00006	0.00003	0.00000	0.00003	70	4.0
Corynebacterium resistens	258224	S	441	467	908	0.00006	0.00003	0.00000	0.00003	58	4.0
Corynebacterium efficiens	152794	S	403	408	811	0.00005	0.00003	0.00000	0.00002	65	5.0
Corynebacterium halotolerans	225326	S	396	399	795	0.00005	0.00003	0.00000	0.00003	70	4.0
Corynebacterium appendicis	163202	S	377	392	769	0.00005	0.00003	0.00000	0.00002	65	5.0
Corynebacterium urealyticum	43771	S	376	390	766	0.00005	0.00003	0.00000	0.00002	66	4.0
Corynebacterium jeddahense	1414719	S	370	383	753	0.00005	0.00003	0.00000	0.00003	69	5.0
Corynebacterium propinquum	43769	S	363	383	746	0.00005	0.00003	0.00000	0.00002	58	4.0
Corynebacterium ammoniagenes	1697	S	358	366	724	0.00005	0.00002	0.00000	0.00002	56	4.0
Corynebacterium fournieri	1852390	S	356	368	724	0.00005	0.00002	0.00000	0.00002	66	4.0
Corynebacterium ciconiae	227319	S	328	328	656	0.00004	0.00002	0.00000	0.00002	63	5.0
Corynebacterium vitaeruminis	38305	S	328	333	661	0.00004	0.00002	0.00000	0.00002	68	4.0
Corynebacterium lujinxingii	2763010	S	327	336	663	0.00004	0.00002	0.00000	0.00002	66	4.0
Corynebacterium ureicelerivorans	401472	S	305	315	620	0.00004	0.00002	0.00000	0.00002	66	4.0
Corynebacterium falsenii	108486	S	305	310	615	0.00004	0.00002	0.00000	0.00002	64	5.0
Corynebacterium auris	44750	S	301	320	621	0.00004	0.00002	0.00000	0.00002	68	4.0
Corynebacterium yudongzhengii	2080740	S	299	301	600	0.00004	0.00002	0.00000	0.00002	67	4.0
Corynebacterium breve	3049799	S	297	298	595	0.00004	0.00002	0.00000	0.00002	57	4.0
Corynebacterium suedekumii	3049801	S	297	305	602	0.00004	0.00002	0.00000	0.00002	69	4.0
Corynebacterium genitalium	38288	S	296	300	596	0.00004	0.00002	0.00000	0.00002	64	5.0
Corynebacterium glaucum	187491	S	283	286	569	0.00004	0.00002	0.00000	0.00002	64	4.0
Corynebacterium afermentans	38286	S	282	364	646	0.00004	0.00002	0.00000	0.00002	66	5.0
Corynebacterium occultum	2675219	S	275	276	551	0.00004	0.00002	0.00000	0.00002	64	5.0
Corynebacterium uberis	2883169	S	270	270	540	0.00004	0.00002	0.00000	0.00002	66	4.0
Corynebacterium doosanense	1121358	S	270	276	546	0.00004	0.00002	0.00000	0.00002	68	4.0
Corynebacterium aquilae	203263	S	269	269	538	0.00004	0.00002	0.00000	0.00002	63	5.0
Corynebacterium pseudodiphtheriticum	37637	S	266	281	547	0.00004	0.00002	0.00000	0.00002	55	4.0
Corynebacterium timonense	441500	S	266	281	547	0.00004	0.00002	0.00000	0.00002	69	4.0
Corynebacterium kalinowskii	2675216	S	250	252	502	0.00003	0.00002	0.00000	0.00001	60	4.0
Corynebacterium maris	575200	S	247	248	495	0.00003	0.00002	0.00000	0.00002	68	4.0
Corynebacterium marinum	349751	S	247	257	504	0.00003	0.00002	0.00000	0.00002	69	4.0
Corynebacterium testudinoris	136857	S	245	252	497	0.00003	0.00002	0.00000	0.00001	64	5.0
Corynebacterium pyruviciproducens	598660	S	244	262	506	0.00003	0.00002	0.00002	0.00002	62	nan
Corynebacterium uterequi	1072256	S	229	229	458	0.00003	0.00002	0.00000	0.00001	66	4.0
Corynebacterium hindlerae	699041	S	227	228	455	0.00003	0.00002	0.00000	0.00001	60	5.0
Corynebacterium atypicum	191610	S	227	230	457	0.00003	0.00002	0.00000	0.00001	66	4.0
Corynebacterium lactis	1231000	S	224	225	449	0.00003	0.00001	0.00000	0.00001	62	4.0
Corynebacterium comes	2675218	S	219	223	442	0.00003	0.00001	0.00000	0.00001	67	4.0
Corynebacterium liangguodongii	2079535	S	208	209	417	0.00003	0.00001	0.00000	0.00001	67	4.0
Corynebacterium felinum	131318	S	202	202	404	0.00003	0.00001	0.00000	0.00001	55	4.0
Corynebacterium kefirresidentii	1979527	S	198	390	588	0.00004	0.00003	0.00000	0.00002	60	5.0
Corynebacterium atrinae	1336740	S	197	203	400	0.00003	0.00001	0.00000	0.00001	62	5.0
Corynebacterium coyleae	53374	S	194	199	393	0.00003	0.00001	0.00001	0.00001	62	nan
Corynebacterium faecale	1758466	S	193	200	393	0.00003	0.00001	0.00000	0.00001	62	5.0
Corynebacterium renale	1724	S	176	176	352	0.00002	0.00001	0.00000	0.00001	60	4.0
Corynebacterium aquatimens	1190508	S	174	309	483	0.00003	0.00002	0.00002	0.00002	62	nan
Corynebacterium xerosis	1725	S	170	174	344	0.00002	0.00001	0.00000	0.00001	70	4.0
Corynebacterium mycetoides	38302	S	166	175	341	0.00002	0.00001	0.00000	0.00001	68	4.0
Corynebacterium suranareeae	2506452	S	158	162	320	0.00002	0.00001	0.00000	0.00001	51	4.0
Corynebacterium gerontici	2079234	S	147	148	295	0.00002	0.00001	0.00000	0.00001	59	4.0
Corynebacterium epidermidicanis	1050174	S	147	147	294	0.00002	0.00001	0.00000	0.00001	59	4.0
Corynebacterium crudilactis	1652495	S	143	150	293	0.00002	0.00001	0.00000	0.00001	53	4.0
Corynebacterium auriscanis	99807	S	140	141	281	0.00002	0.00001	0.00000	0.00001	59	4.0
Corynebacterium callunae	1721	S	136	140	276	0.00002	0.00001	0.00000	0.00001	53	4.0
Corynebacterium heidelbergense	2055947	S	134	134	268	0.00002	0.00001	0.00000	0.00001	66	4.0
Corynebacterium gottingense	2041036	S	128	171	299	0.00002	0.00001	0.00000	0.00001	66	5.0
Corynebacterium cystitidis	35757	S	127	127	254	0.00002	0.00001	0.00000	0.00001	58	4.0
Corynebacterium qintianiae	2709392	S	127	130	257	0.00002	0.00001	0.00000	0.00001	66	4.0
Corynebacterium zhongnanshanii	2768834	S	124	124	248	0.00002	0.00001	0.00000	0.00001	63	5.0
Corynebacterium argentoratense	42817	S	122	122	244	0.00002	0.00001	0.00000	0.00001	59	4.0
Corynebacterium hadale	2026255	S	121	168	289	0.00002	0.00001	0.00000	0.00001	66	5.0
Corynebacterium pseudopelargi	2080757	S	121	124	245	0.00002	0.00001	0.00000	0.00001	58	4.0
Corynebacterium canis	679663	S	120	120	240	0.00002	0.00001	0.00000	0.00001	61	5.0
Corynebacterium deserti	1408191	S	116	119	235	0.00002	0.00001	0.00000	0.00001	57	4.0
Corynebacterium pelargi	1471400	S	116	119	235	0.00002	0.00001	0.00000	0.00001	59	4.0
Corynebacterium durum	61592	S	103	103	206	0.00001	0.00001	0.00000	0.00001	58	4.0
Mycobacterium avium	1764	S	28355	29757	58112	0.00385	0.00197	0.00219	0.00210	69	nan
Mycobacterium mantenii	560555	S	417	420	837	0.00006	0.00003	0.00003	0.00003	67	nan
Mycobacterium intracellulare	1767	S	320	3676	3996	0.00026	0.00024	0.00026	0.00025	69	nan
Mycobacterium marseillense	701042	S	152	155	307	0.00002	0.00001	0.00001	0.00001	68	nan
Mycobacterium sp. 20KCMC460	2903536	S	15783	16336	32119	0.00213	0.00108	0.00112	0.00107	67	nan
Mycobacterium sp. MOTT36Y	1168287	S	9012	57020	66032	0.00437	0.00378	0.00404	0.00386	69	nan
Mycobacterium stomatepiae	470076	S	18685	18766	37451	0.00248	0.00124	0.00125	0.00119	67	nan
Mycobacterium tuberculosis	1773	S	245	12125	12370	0.00082	0.00080	0.00080	0.00076	66	nan
Mycolicibacterium sp. MU0053	3064286	S	54094	54776	108870	0.00721	0.00363	0.00385	0.00367	68	nan
Mycolicibacterium madagascariense	212765	S	33322	33425	66747	0.00442	0.00221	0.00243	0.00234	69	nan
Mycolicibacterium smegmatis	1772	S	110	115	225	0.00001	0.00001	0.00000	0.00001	68	4.0
Mycolicibacter minnesotensis	1118379	S	206	219	425	0.00003	0.00001	0.00000	0.00001	67	5.0
Gordonia sp. SMJS1	3039400	S	16148	39930	56078	0.00372	0.00265	0.00279	0.00265	68	nan
Gordonia sp. 1D	1737359	S	5708	24216	29924	0.00198	0.00160	0.00168	0.00160	68	nan
Rhodococcus sp. RDE2	2885078	S	14118	19499	33617	0.00223	0.00129	0.00135	0.00132	69	nan
Rhodococcus sp. DMF-1	2907624	S	222	1004	1226	0.00008	0.00007	0.00007	0.00007	70	nan
Rhodococcus sp. WB1	1033922	S	133	738	871	0.00006	0.00005	0.00005	0.00005	70	nan
Rhodococcus ruber	1830	S	4348	14904	19252	0.00128	0.00099	0.00112	0.00108	70	nan
Rhodococcus pyridinivorans	103816	S	802	1921	2723	0.00018	0.00013	0.00000	0.00013	69	5.0
Rhodococcus pseudokoreensis	2811421	S	160	179	339	0.00002	0.00001	0.00000	0.00001	68	4.0
Rhodococcus aetherivorans	191292	S	146	684	830	0.00005	0.00005	0.00005	0.00005	70	nan
Nocardia sp. CS682	1047172	S	20277	20392	40669	0.00269	0.00135	0.00141	0.00134	68	nan
Microbacterium sp. 1.5R	1916917	S	249912	315870	565782	0.03748	0.02093	0.02231	0.02120	69	nan
Microbacterium sp. zg-Y818	3049072	S	5660	5713	11373	0.00075	0.00038	0.00045	0.00042	71	nan
Microbacterium sp. CGR1	1696072	S	115	146	261	0.00002	0.00001	0.00001	0.00001	68	nan
Microbacterium azadirachtae	582680	S	6755	6784	13539	0.00090	0.00045	0.00052	0.00052	71	nan
Microbacterium proteolyticum	1572644	S	3963	4022	7985	0.00053	0.00027	0.00031	0.00030	71	nan
Curtobacterium sp. MCLR17_007	2175648	S	68658	69383	138041	0.00915	0.00460	0.00550	0.00529	71	nan
Curtobacterium sp. MR_MD2014	1561023	S	36869	37918	74787	0.00495	0.00251	0.00319	0.00306	73	nan
Curtobacterium sp. MCBD17_035	2175673	S	9693	16865	26558	0.00176	0.00112	0.00139	0.00134	72	nan
Curtobacterium sp. Csp2	2495430	S	1028	1582	2610	0.00017	0.00010	0.00014	0.00013	73	nan
Curtobacterium sp. C1	2898151	S	773	1170	1943	0.00013	0.00008	0.00010	0.00009	73	nan
Curtobacterium sp. Csp1	2495429	S	618	3670	4288	0.00028	0.00024	0.00031	0.00029	73	nan
Curtobacterium sp. csp3	2588937	S	143	4545	4688	0.00031	0.00030	0.00039	0.00036	73	nan
Curtobacterium sp. DN_7.5	3049047	S	136	138	274	0.00002	0.00001	0.00001	0.00001	72	nan
Curtobacterium sp. BH-2-1-1	1905847	S	115	116	231	0.00002	0.00001	0.00000	0.00001	72	5.0
Curtobacterium citreum	2036	S	444	697	1141	0.00008	0.00005	0.00000	0.00006	73	5.0
Gryllotalpicola protaetiae	2419771	S	46895	46974	93869	0.00622	0.00311	0.00349	0.00331	70	nan
Rathayibacter oskolensis	1891671	S	6552	7965	14517	0.00096	0.00053	0.00065	0.00064	73	nan
Microterricola viridarii	412690	S	7641	7659	15300	0.00101	0.00051	0.00059	0.00054	69	nan
Arthrobacter sp. NicSoilB4	2830997	S	154150	155680	309830	0.02053	0.01031	0.01072	0.01019	68	nan
Arthrobacter crystallopoietes	37928	S	16337	16404	32741	0.00217	0.00109	0.00105	0.00099	65	nan
Pseudoglutamicibacter albus	98671	S	100	103	203	0.00001	0.00001	0.00000	0.00001	61	4.0
Devriesea agamarum	472569	S	97250	97333	194583	0.01289	0.00645	0.00576	0.00545	60	nan
Cellulomonas palmilytica	2608402	S	85440	87435	172875	0.01145	0.00579	0.00844	0.00808	75	nan
Actinotalea sp. JY-7876	2758442	S	1014	1017	2031	0.00013	0.00007	0.00008	0.00010	75	nan
Cellulosimicrobium cellulans	1710	S	25941	28444	54385	0.00360	0.00188	0.00247	0.00272	75	nan
Cellulosimicrobium sp. JZ28	1906273	S	16362	21296	37658	0.00249	0.00141	0.00171	0.00210	75	nan
Brevibacterium oceani	358099	S	36770	37273	74043	0.00491	0.00247	0.00246	0.00231	66	nan
Brevibacterium atlanticum	2697563	S	3597	3651	7248	0.00048	0.00024	0.00024	0.00023	66	nan
Brevibacterium sp. 'Marine'	2725563	S	371	413	784	0.00005	0.00003	0.00003	0.00003	66	nan
Brevibacterium sp. JSBI002	2886045	S	246	272	518	0.00003	0.00002	0.00000	0.00002	65	5.0
Brevibacterium sp. SMBL_HHYL_HB1	2777556	S	201	204	405	0.00003	0.00001	0.00000	0.00001	67	4.0
Brevibacterium spongiae	2909672	S	485	500	985	0.00007	0.00003	0.00000	0.00003	66	4.0
Brevibacterium siliguriense	1136497	S	446	454	900	0.00006	0.00003	0.00000	0.00003	65	5.0
Brevibacterium limosum	2697565	S	409	422	831	0.00006	0.00003	0.00000	0.00003	66	5.0
Brevibacterium linens	1703	S	375	410	785	0.00005	0.00003	0.00000	0.00002	65	5.0
Brevibacterium pigmentatum	1496080	S	217	238	455	0.00003	0.00002	0.00000	0.00001	66	5.0
Brevibacterium aurantiacum	273384	S	210	334	544	0.00004	0.00002	0.00000	0.00002	65	5.0
Brevibacterium casei	33889	S	137	149	286	0.00002	0.00001	0.00000	0.00001	69	4.0
Brevibacterium zhoupengii	2898795	S	112	115	227	0.00002	0.00001	0.00000	0.00001	64	4.0
Janibacter sp. CX7	2963431	S	13865	14146	28011	0.00186	0.00094	0.00118	0.00113	72	nan
Serinicoccus profundi	1078471	S	6189	6229	12418	0.00082	0.00041	0.00053	0.00050	72	nan
Streptomyces sp. SM18	1736046	S	107568	110021	217589	0.01442	0.00729	0.00927	0.00894	72	nan
Streptomyces sp. LRE541	2931983	S	99981	101946	201927	0.01338	0.00675	0.00819	0.00779	71	nan
Streptomyces sp. ST1015	1848900	S	33728	34236	67964	0.00450	0.00227	0.00282	0.00270	72	nan
Streptomyces sp. MBT27	1488356	S	28810	29359	58169	0.00385	0.00195	0.00235	0.00229	71	nan
Streptomyces sp. NBC_00162	2903629	S	26718	27547	54265	0.00359	0.00182	0.00225	0.00217	71	nan
Streptomyces sp. 135	2838850	S	25661	26660	52321	0.00347	0.00177	0.00221	0.00212	72	nan
Streptomyces sp. CGMCC 4.7035	3061628	S	21600	22188	43788	0.00290	0.00147	0.00171	0.00166	71	nan
Streptomyces sp. M92	2944250	S	19055	20128	39183	0.00260	0.00133	0.00171	0.00164	72	nan
Streptomyces sp. RPA4-5	2721245	S	16525	50094	66619	0.00441	0.00332	0.00411	0.00398	72	nan
Streptomyces sp. CB04723	2748873	S	15249	21454	36703	0.00243	0.00142	0.00195	0.00179	73	nan
Streptomyces sp. BHT-5-2	2866715	S	14573	14970	29543	0.00196	0.00099	0.00125	0.00121	72	nan
Streptomyces sp. KPB2	2305221	S	12436	45316	57752	0.00383	0.00300	0.00392	0.00368	72	nan
Streptomyces sp. WAC00303	2933779	S	9183	16534	25717	0.00170	0.00110	0.00142	0.00133	73	nan
Streptomyces sp. VB1	2986803	S	8582	19418	28000	0.00185	0.00129	0.00161	0.00155	72	nan
Streptomyces sp. JUS-F4	2951988	S	8153	16629	24782	0.00164	0.00110	0.00141	0.00134	72	nan
Streptomyces sp. NA03103	2742134	S	5459	16380	21839	0.00145	0.00109	0.00141	0.00133	73	nan
Streptomyces sp. endophyte_N2	2153485	S	5276	11637	16913	0.00112	0.00077	0.00104	0.00094	73	nan
Streptomyces sp. WZ-12	3030210	S	4917	5008	9925	0.00066	0.00033	0.00041	0.00040	72	nan
Streptomyces sp. VNUA74	3062685	S	3271	9666	12937	0.00086	0.00064	0.00088	0.00080	73	nan
Streptomyces sp. LBUM 1475	2609807	S	2634	41939	44573	0.00295	0.00278	0.00368	0.00339	72	nan
Streptomyces sp. AM8-1-1	3075825	S	2107	2141	4248	0.00028	0.00014	0.00015	0.00015	70	nan
Streptomyces sp. PLM4	2929798	S	2061	6919	8980	0.00059	0.00046	0.00066	0.00058	73	nan
Streptomyces sp. SS52	2563602	S	1525	4045	5570	0.00037	0.00027	0.00037	0.00033	73	nan
Streptomyces sp. A144	2871487	S	1440	3849	5289	0.00035	0.00026	0.00035	0.00032	73	nan
Streptomyces sp. SGAir0924	2109593	S	949	3102	4051	0.00027	0.00021	0.00028	0.00025	73	nan
Streptomyces sp. CCM_MD2014	1561022	S	352	413	765	0.00005	0.00003	0.00004	0.00003	73	nan
Streptomyces sp. V17-9	2831149	S	339	920	1259	0.00008	0.00006	0.00008	0.00007	73	nan
Streptomyces sp. SYP-A7193	2662065	S	161	177	338	0.00002	0.00001	0.00001	0.00001	73	nan
Streptomyces sp. VNUA24	3031131	S	138	152	290	0.00002	0.00001	0.00001	0.00001	72	nan
Streptomyces sp. BB1-1-1	3074430	S	122	129	251	0.00002	0.00001	0.00001	0.00001	72	nan
Streptomyces lincolnensis	1915	S	75632	78699	154331	0.01022	0.00521	0.00638	0.00608	72	nan
Streptomyces nodosus	40318	S	61096	61849	122945	0.00814	0.00410	0.00492	0.00476	71	nan
Streptomyces decoyicus	249567	S	30626	33155	63781	0.00423	0.00220	0.00264	0.00257	71	nan
Streptomyces chartreusis	1969	S	25665	28325	53990	0.00358	0.00188	0.00219	0.00217	72	nan
Streptomyces qaidamensis	1783515	S	18318	19807	38125	0.00253	0.00131	0.00161	0.00155	72	nan
Streptomyces alboniger	132473	S	5983	6218	12201	0.00081	0.00041	0.00050	0.00049	72	nan
Streptomyces lienomycini	284035	S	16087	17089	33176	0.00220	0.00113	0.00149	0.00142	72	nan
Streptomyces rochei	1928	S	1976	4542	6518	0.00043	0.00030	0.00042	0.00037	73	nan
Streptomyces vinaceusdrappus	67376	S	1827	5304	7131	0.00047	0.00035	0.00049	0.00044	73	nan
Streptomyces fungicidicus	68203	S	3351	5645	8996	0.00060	0.00037	0.00051	0.00046	73	nan
Streptomyces cinereoruber	67260	S	2297	5891	8188	0.00054	0.00039	0.00056	0.00049	73	nan
Streptomyces ambofaciens	1889	S	152	161	313	0.00002	0.00001	0.00001	0.00001	73	nan
Streptomyces venezuelae	54571	S	108	150	258	0.00002	0.00001	0.00001	0.00001	73	nan
Streptomyces pactum	68249	S	100	104	204	0.00001	0.00001	0.00001	0.00001	73	nan
Streptacidiphilus sp. P02-A3a	2704468	S	5888	5924	11812	0.00078	0.00039	0.00052	0.00049	73	nan
Nocardioides coralli	2872154	S	66532	66700	133232	0.00883	0.00442	0.00568	0.00538	72	nan
Nocardioides okcheonensis	2894081	S	21867	21993	43860	0.00291	0.00146	0.00199	0.00188	74	nan
Nocardioides sp. BP30	3036374	S	17236	17319	34555	0.00229	0.00115	0.00139	0.00132	72	nan
Nocardioides seonyuensis	2518371	S	15734	15790	31524	0.00209	0.00105	0.00121	0.00116	71	nan
Nocardioides houyundeii	2045452	S	10647	10685	21332	0.00141	0.00071	0.00088	0.00083	71	nan
Aeromicrobium sp. HA	3009077	S	23177	23285	46462	0.00308	0.00154	0.00188	0.00179	72	nan
Actinopolymorpha singaporensis	117157	S	85824	85894	171718	0.01138	0.00569	0.00686	0.00645	71	nan
Raineyella sp. LH-20	3081204	S	7600	7800	15400	0.00102	0.00052	0.00061	0.00058	71	nan
Micromonospora sp. WMMD812	3015152	S	40511	40871	81382	0.00539	0.00271	0.00366	0.00353	74	nan
Micromonospora sp. HUAS 3	3028804	S	34039	34312	68351	0.00453	0.00227	0.00307	0.00296	73	nan
Verrucosispora sp. NA02020	2742132	S	8277	8364	16641	0.00110	0.00055	0.00069	0.00067	72	nan
Micromonospora echinospora	1877	S	7533	7603	15136	0.00100	0.00050	0.00066	0.00063	73	nan
Micromonospora coriariae	285665	S	3640	3679	7319	0.00048	0.00024	0.00031	0.00030	72	nan
Plantactinospora sp. BC1	2108470	S	36122	44953	81075	0.00537	0.00298	0.00386	0.00376	74	nan
Plantactinospora sp. KBS50	2024580	S	19528	19570	39098	0.00259	0.00130	0.00180	0.00171	73	nan
Actinoplanes missouriensis	1866	S	8796	8834	17630	0.00117	0.00059	0.00071	0.00068	71	nan
Actinoplanes sp. NRRL 3884	3040509	S	5850	5907	11757	0.00078	0.00039	0.00049	0.00047	73	nan
Saccharothrix espanaensis	103731	S	89316	89642	178958	0.01186	0.00594	0.00775	0.00737	73	nan
Pseudonocardia autotrophica	2074	S	22415	22556	44971	0.00298	0.00149	0.00197	0.00192	73	nan
Amycolatopsis sp. FDAARGOS 1241	2778070	S	21546	21626	43172	0.00286	0.00143	0.00172	0.00163	71	nan
Nakamurella panacisegetis	1090615	S	63393	63498	126891	0.00841	0.00421	0.00466	0.00443	70	nan
Actinomyces respiraculi	2744574	S	18748	18836	37584	0.00249	0.00125	0.00147	0.00140	71	nan
Actinomyces sp. HMT 175	2789425	S	7488	9284	16772	0.00111	0.00062	0.00070	0.00066	70	nan
Bacillus sp. T3	467262	S	71434	71789	143223	0.00949	0.00476	0.00447	0.00421	38	nan
Bacillus sp. KH172YL63	2709784	S	22280	22392	44672	0.00296	0.00148	0.00129	0.00121	46	nan
Bacillus wiedmannii	1890302	S	34076	45257	79333	0.00526	0.00300	0.00303	0.00284	35	nan
Bacillus sp. JAS24-2	2217832	S	8255	18522	26777	0.00177	0.00123	0.00126	0.00117	35	nan
Bacillus sp. HBCD-sjtu	2053832	S	4059	13881	17940	0.00119	0.00092	0.00094	0.00087	35	nan
Bacillus tropicus	2026188	S	9505	20748	30253	0.00200	0.00137	0.00140	0.00130	35	nan
Bacillus cereus	1396	S	870	6589	7459	0.00049	0.00044	0.00045	0.00041	35	nan
Bacillus thuringiensis	1428	S	598	13074	13672	0.00091	0.00087	0.00089	0.00082	35	nan
Bacillus mycoides	1405	S	325	495	820	0.00005	0.00003	0.00003	0.00003	35	nan
Bacillus anthracis	1392	S	110	2093	2203	0.00015	0.00014	0.00014	0.00013	35	nan
Bacillus toyonensis	155322	S	101	192	293	0.00002	0.00001	0.00001	0.00001	35	nan
Bacillus weihaiensis	1547283	S	44191	44398	88589	0.00587	0.00294	0.00286	0.00269	36	nan
Bacillus velezensis	492670	S	347	2249	2596	0.00017	0.00015	0.00000	0.00014	36	5.0
Lysinibacillus sphaericus	1421	S	34194	35051	69245	0.00459	0.00232	0.00225	0.00210	38	nan
Lysinibacillus sp. PLM2	2929796	S	29988	30147	60135	0.00398	0.00200	0.00200	0.00191	35	nan
Lysinibacillus irui	2998077	S	16712	16844	33556	0.00222	0.00112	0.00107	0.00101	37	nan
Lysinibacillus timonensis	2086577	S	12181	12252	24433	0.00162	0.00081	0.00081	0.00076	35	nan
Lysinibacillus fusiformis	28031	S	155	156	311	0.00002	0.00001	0.00000	0.00001	38	4.0
Peribacillus muralis	264697	S	45223	45513	90736	0.00601	0.00302	0.00267	0.00253	44	nan
Peribacillus psychrosaccharolyticus	1407	S	26819	26945	53764	0.00356	0.00179	0.00166	0.00156	39	nan
Peribacillus simplex	1478	S	6090	6459	12549	0.00083	0.00043	0.00039	0.00037	40	nan
Peribacillus frigoritolerans	450367	S	6069	6348	12417	0.00082	0.00042	0.00039	0.00036	41	nan
Peribacillus butanolivorans	421767	S	149	182	331	0.00002	0.00001	0.00000	0.00001	39	5.0
Rossellomorea sp. DA94	3038653	S	45272	66602	111874	0.00741	0.00441	0.00387	0.00363	45	nan
Virgibacillus sp. Bac330	2419841	S	32618	33316	65934	0.00437	0.00221	0.00214	0.00201	37	nan
Virgibacillus dokdonensis	302167	S	5221	5340	10561	0.00070	0.00035	0.00034	0.00032	37	nan
Virgibacillus pantothenticus	1473	S	232	483	715	0.00005	0.00003	0.00003	0.00003	37	nan
Siminovitchia fortis	254758	S	27075	27158	54233	0.00359	0.00180	0.00156	0.00148	45	nan
Priestia sp. J2	2886505	S	3092	19552	22644	0.00150	0.00130	0.00122	0.00116	39	nan
Priestia megaterium	1404	S	377	1033	1410	0.00009	0.00007	0.00006	0.00006	39	nan
Geobacillus sp. E263	391290	S	11801	18603	30404	0.00201	0.00123	0.00109	0.00104	42	nan
Shouchella miscanthi	2598861	S	3647	7130	10777	0.00071	0.00047	0.00042	0.00040	40	nan
Nosocomiicoccus ampullae	489910	S	99198	99514	198712	0.01316	0.00659	0.00670	0.00641	34	nan
Staphylococcus caprae	29380	S	20803	22594	43397	0.00288	0.00150	0.00158	0.00149	34	nan
Staphylococcus agnetis	985762	S	10802	11954	22756	0.00151	0.00079	0.00079	0.00074	36	nan
Staphylococcus aureus	1280	S	512	8313	8825	0.00058	0.00055	0.00056	0.00055	33	nan
Staphylococcus epidermidis	1282	S	258	290	548	0.00004	0.00002	0.00002	0.00002	33	nan
Staphylococcus capitis	29388	S	169	197	366	0.00002	0.00001	0.00001	0.00001	34	nan
Kurthia sp. YJT4	3049086	S	27911	43851	71762	0.00475	0.00291	0.00280	0.00266	37	nan
Gemella sanguinis	84135	S	22885	23015	45900	0.00304	0.00152	0.00184	0.00176	29	nan
Gemella morbillorum	29391	S	608	617	1225	0.00008	0.00004	0.00005	0.00005	30	nan
Gemella haemolysans	1379	S	167	167	334	0.00002	0.00001	0.00000	0.00001	31	4.0
Brevibacillus sp. JNUCC-41	2778370	S	148	161	309	0.00002	0.00001	0.00000	0.00001	40	4.0
Ligilactobacillus cholophilus	3050131	S	162055	162559	324614	0.02151	0.01077	0.01209	0.01161	32	nan
Ligilactobacillus salivarius	1624	S	4346	4396	8742	0.00058	0.00029	0.00031	0.00030	33	nan
Lactobacillus sp. KimC2	2932183	S	26616	26647	53263	0.00353	0.00177	0.00178	0.00169	35	nan
Lactobacillus terrae	2269374	S	26614	26650	53264	0.00353	0.00177	0.00186	0.00178	33	nan
Lactobacillus jensenii	109790	S	20228	20346	40574	0.00269	0.00135	0.00137	0.00130	35	nan
Liquorilactobacillus hordei	468911	S	19494	19971	39465	0.00261	0.00132	0.00134	0.00127	36	nan
Streptococcus acidominimus	1326	S	15157	15767	30924	0.00205	0.00104	0.00095	0.00089	41	nan
Streptococcus vestibularis	1343	S	7136	7756	14892	0.00099	0.00051	0.00047	0.00044	42	nan
Streptococcus ruminantium	1917441	S	4485	6805	11290	0.00075	0.00045	0.00041	0.00039	41	nan
Streptococcus salivarius	1304	S	1986	2228	4214	0.00028	0.00015	0.00014	0.00013	41	nan
Streptococcus sp. DAT741	1940319	S	417	961	1378	0.00009	0.00006	0.00006	0.00005	41	nan
Streptococcus sp. FDAARGOS_192	1839799	S	108	186	294	0.00002	0.00001	0.00001	0.00001	41	nan
Streptococcus thermophilus	1308	S	542	600	1142	0.00008	0.00004	0.00004	0.00003	41	nan
Streptococcus suis	1307	S	331	452	783	0.00005	0.00003	0.00000	0.00003	42	5.0
Lactococcus lactis	1358	S	28257	31645	59902	0.00397	0.00210	0.00212	0.00200	35	nan
Lactococcus cremoris	1359	S	211	243	454	0.00003	0.00002	0.00001	0.00002	36	nan
Vagococcus zengguangii	2571750	S	17840	17931	35771	0.00237	0.00119	0.00116	0.00109	38	nan
Alkaliphilus sp. B6464	2731219	S	234528	235555	470083	0.03114	0.01561	0.01808	0.01688	30	nan
Clostridium botulinum	1491	S	44601	51493	96094	0.00637	0.00341	0.00456	0.00434	28	nan
Clostridium sp. OS1-26	3070681	S	12868	12936	25804	0.00171	0.00086	0.00096	0.00092	32	nan
Clostridium sp. LQ25	2992805	S	10488	40550	51038	0.00338	0.00269	0.00345	0.00331	30	nan
Clostridium tyrobutyricum	1519	S	4898	4911	9809	0.00065	0.00033	0.00038	0.00036	32	nan
Clostridium gelidum	704125	S	2554	2565	5119	0.00034	0.00017	0.00021	0.00020	29	nan
Clostridium novyi	1542	S	1493	4416	5909	0.00039	0.00029	0.00040	0.00037	28	nan
Clostridium haemolyticum	84025	S	1224	1320	2544	0.00017	0.00009	0.00000	0.00012	26	5.0
Clostridium sporogenes	1509	S	441	1295	1736	0.00012	0.00009	0.00011	0.00011	29	nan
Clostridium butyricum	1492	S	203	314	517	0.00003	0.00002	0.00003	0.00003	29	nan
Hathewaya histolytica	1498	S	4413	4417	8830	0.00058	0.00029	0.00036	0.00035	29	nan
Flintibacter sp. KGMB00164	2610895	S	150356	154353	304709	0.02019	0.01023	0.00912	0.00860	61	nan
Mogibacterium pumilum	86332	S	21715	21886	43601	0.00289	0.00145	0.00130	0.00123	43	nan
Aminipila terrae	2697030	S	17551	17623	35174	0.00233	0.00117	0.00112	0.00107	37	nan
Fenollaria sporofastidiosus	2811778	S	18091	18901	36992	0.00245	0.00125	0.00122	0.00116	37	nan
Terrisporobacter mayombei	1541	S	42391	43100	85491	0.00566	0.00286	0.00361	0.00346	29	nan
Terrisporobacter hibernicus	2813371	S	11860	12466	24326	0.00161	0.00083	0.00106	0.00100	29	nan
Terrisporobacter petrolearius	1460447	S	1426	1501	2927	0.00019	0.00010	0.00012	0.00012	29	nan
Acetoanaerobium sticklandii	1511	S	28964	29076	58040	0.00385	0.00193	0.00201	0.00194	34	nan
Romboutsia sp. 13368	2708053	S	3973	4158	8131	0.00054	0.00028	0.00000	0.00036	29	5.0
Tepidibacter hydrothermalis	3036126	S	2998	3032	6030	0.00040	0.00020	0.00025	0.00024	28	nan
Lachnoanaerobaculum umeaense	617123	S	37306	38681	75987	0.00503	0.00256	0.00255	0.00244	35	nan
Blautia sp. SC05B48	2479767	S	108	29947	30055	0.00199	0.00198	0.00174	0.00163	46	nan
Symbiobacterium thermophilum	2734	S	21689	21691	43380	0.00287	0.00144	0.00160	0.00152	70	nan
Caldinitratiruptor microaerophilus	671077	S	18584	18586	37170	0.00246	0.00123	0.00154	0.00146	72	nan
Faecalibacterium prausnitzii	853	S	111	123	234	0.00002	0.00001	0.00000	0.00001	60	4.0
Halanaerobium praevalens	2331	S	132641	132688	265329	0.01758	0.00879	0.01026	0.00996	32	nan
Thermoanaerobacter sp. RKWS2	2983842	S	35351	68060	103411	0.00685	0.00451	0.00458	0.00437	34	nan
Caldicellulosiruptor bescii	31899	S	14883	16453	31336	0.00208	0.00109	0.00109	0.00104	35	nan
Turicibacter sanguinis	154288	S	4796	4842	9638	0.00064	0.00032	0.00033	0.00031	34	nan
Veillonella atypica	39777	S	242	250	492	0.00003	0.00002	0.00000	0.00001	40	4.0
Veillonella rogosae	423477	S	228	244	472	0.00003	0.00002	0.00000	0.00001	41	4.0
Veillonella parvula	29466	S	122	126	248	0.00002	0.00001	0.00000	0.00001	40	4.0
Veillonella dispar	39778	S	110	129	239	0.00002	0.00001	0.00000	0.00001	40	4.0
Mycoplasma phocoenae	754517	S	62645	62681	125326	0.00830	0.00415	0.00526	0.00510	28	nan
Mycoplasma sp. OR1901	2742195	S	13937	13980	27917	0.00185	0.00093	0.00132	0.00128	24	nan
Mycoplasma sp. 3686d	2967300	S	2521	17864	20385	0.00135	0.00118	0.00154	0.00142	28	nan
Mycoplasma seminis	512749	S	24716	24787	49503	0.00328	0.00164	0.00214	0.00203	28	nan
Mycoplasma crocodyli	50052	S	14615	14632	29247	0.00194	0.00097	0.00133	0.00130	27	nan
Mycoplasma cottewii	51364	S	11873	12177	24050	0.00159	0.00081	0.00116	0.00117	25	nan
Mycoplasma parvum	984991	S	6261	6263	12524	0.00083	0.00041	0.00056	0.00055	28	nan
Mycoplasma anserisalpingitidis	519450	S	582	584	1166	0.00008	0.00004	0.00000	0.00005	25	5.0
Spiroplasma sp. BIUS-1	216964	S	42954	43357	86311	0.00572	0.00287	0.00389	0.00371	26	nan
Spiroplasma sp. TIUS-1	216963	S	8782	8785	17567	0.00116	0.00058	0.00075	0.00072	29	nan
Spiroplasma culicicola	216935	S	39704	39807	79511	0.00527	0.00264	0.00380	0.00368	26	nan
Mesoplasma florum	2151	S	7798	8093	15891	0.00105	0.00054	0.00074	0.00072	26	nan
Mulberry dwarf phytoplasma	186171	S	15433	21124	36557	0.00242	0.00140	0.00175	0.00172	28	nan
Maize bushy stunt phytoplasma	202462	S	7171	11684	18855	0.00125	0.00077	0.00098	0.00097	29	nan
Mycoplasmopsis anatis	171279	S	16573	16699	33272	0.00220	0.00111	0.00160	0.00151	25	nan
Mycoplasmopsis pulmonis	2107	S	13491	13493	26984	0.00179	0.00089	0.00129	0.00124	26	nan
Mycoplasmopsis caviae	55603	S	11712	11733	23445	0.00155	0.00078	0.00102	0.00097	27	nan
Mycoplasmopsis columbinasalis	114880	S	6648	6659	13307	0.00088	0.00044	0.00046	0.00044	34	nan
Mycoplasmopsis pullorum	48003	S	3795	3806	7601	0.00050	0.00025	0.00031	0.00030	28	nan
Mycoplasmopsis gallinacea	29556	S	2600	2635	5235	0.00035	0.00017	0.00022	0.00021	28	nan
Metamycoplasma arthritidis	2111	S	3161	3199	6360	0.00042	0.00021	0.00024	0.00023	31	nan
Ureaplasma diversum	42094	S	6733	6735	13468	0.00089	0.00045	0.00058	0.00055	26	nan
Pleurocapsa sp. PCC 7327	118163	S	138089	138109	276198	0.01830	0.00915	0.00790	0.00745	47	nan
Dolichospermum sp. UHCC 0315A	1914871	S	43791	58860	102651	0.00680	0.00390	0.00366	0.00347	39	nan
Gloeobacter morelensis	2907343	S	30297	30325	60622	0.00402	0.00201	0.00187	0.00176	64	nan
Synechococcus sp. A15-60	1050655	S	4605	6800	11405	0.00076	0.00045	0.00039	0.00038	60	nan
cyanobacterium endosymbiont of Rhopalodia gibberula	1763363	S	32086	32099	64185	0.00425	0.00213	0.00226	0.00218	38	nan
Thermus thermophilus	274	S	19153	22125	41278	0.00273	0.00147	0.00160	0.00153	69	nan
Thermus parvatiensis	456163	S	12599	20722	33321	0.00221	0.00137	0.00155	0.00142	70	nan
Bradyrhizobium sp. CB1024	2976823	S	59612	61118	120730	0.00800	0.00405	0.00386	0.00367	65	nan
Bradyrhizobium sp. BEA-2-5	3080015	S	39101	47268	86369	0.00572	0.00313	0.00299	0.00284	65	nan
Bradyrhizobium sp. CB3035	2976824	S	25284	26588	51872	0.00344	0.00176	0.00168	0.00159	65	nan
Bradyrhizobium sp. CCBAU 53351	1325114	S	8703	10823	19526	0.00129	0.00072	0.00070	0.00065	65	nan
Bradyrhizobium cosmicum	1404864	S	34492	35296	69788	0.00462	0.00234	0.00225	0.00213	65	nan
Methylorubrum sp. B1-46	2897334	S	50509	53507	104016	0.00689	0.00354	0.00389	0.00372	69	nan
Methylorubrum sp. GM97	2938232	S	129	1042	1171	0.00008	0.00007	0.00008	0.00007	69	nan
Methylorubrum extorquens	408	S	16269	20702	36971	0.00245	0.00137	0.00000	0.00142	69	5.0
Methylorubrum populi	223967	S	10816	11357	22173	0.00147	0.00075	0.00086	0.00081	70	nan
Methylobacterium phyllosphaerae	418223	S	23078	38703	61781	0.00409	0.00256	0.00293	0.00282	71	nan
Methylobacterium brachiatum	269660	S	11007	11463	22470	0.00149	0.00076	0.00000	0.00083	71	5.0
Methylobacterium sp. AMS5	925818	S	6163	6641	12804	0.00085	0.00044	0.00049	0.00046	70	nan
Methylobacterium sp. FF17	2984843	S	2267	2278	4545	0.00030	0.00015	0.00000	0.00016	70	5.0
Methylobacterium sp. WL1	2603276	S	1025	1034	2059	0.00014	0.00007	0.00008	0.00007	70	nan
Methylobacterium sp. NMS14P	2894310	S	369	394	763	0.00005	0.00003	0.00003	0.00003	72	nan
Methylobacterium sp. 17Sr1-1	2202826	S	318	326	644	0.00004	0.00002	0.00003	0.00003	72	nan
Methylobacterium sp. XJLW	739141	S	180	825	1005	0.00007	0.00005	0.00006	0.00006	70	nan
Methylobacterium sp. 391_Methyba4	3038924	S	121	318	439	0.00003	0.00002	0.00002	0.00002	70	nan
Methylobacterium durans	2202825	S	3165	3178	6343	0.00042	0.00021	0.00000	0.00023	70	4.0
Methylobacterium organophilum	410	S	3161	3361	6522	0.00043	0.00022	0.00026	0.00025	70	nan
Methylobacterium radiodurans	2202828	S	2525	2544	5069	0.00034	0.00017	0.00020	0.00019	71	nan
Methylobacterium aquaticum	270351	S	875	903	1778	0.00012	0.00006	0.00008	0.00007	72	nan
Methylobacterium mesophilicum	39956	S	760	770	1530	0.00010	0.00005	0.00000	0.00006	70	5.0
Methylobacterium nodulans	114616	S	680	1110	1790	0.00012	0.00007	0.00000	0.00008	70	5.0
Methylobacterium tardum	374432	S	647	671	1318	0.00009	0.00004	0.00000	0.00005	70	5.0
Methylobacterium currus	2051553	S	467	479	946	0.00006	0.00003	0.00004	0.00004	71	nan
Methylobacterium oryzae	334852	S	453	674	1127	0.00007	0.00004	0.00005	0.00005	71	nan
Methylobacterium indicum	1775910	S	433	446	879	0.00006	0.00003	0.00004	0.00003	71	nan
Methylobacterium radiotolerans	31998	S	373	619	992	0.00007	0.00004	0.00005	0.00005	71	nan
Methylobacterium terrae	2202827	S	371	380	751	0.00005	0.00003	0.00000	0.00003	73	5.0
Microvirga thermotolerans	2651334	S	114	154	268	0.00002	0.00001	0.00000	0.00001	69	4.0
Devosia sp. RR2S18	3049774	S	155341	155598	310939	0.02060	0.01031	0.00929	0.00881	61	nan
Rhizobium sp. L51/94	2819999	S	7670	36515	44185	0.00293	0.00242	0.00223	0.00205	61	nan
Rhizobium sp. BT-226	2986922	S	6829	38770	45599	0.00302	0.00257	0.00233	0.00220	62	nan
Rhizobium flavescens	2607407	S	705	705	1410	0.00009	0.00005	0.00000	0.00004	50	4.0
Rhizobium leguminosarum	384	S	166	344	510	0.00003	0.00002	0.00002	0.00002	61	nan
Rhizobium tumorigenes	2041385	S	124	146	270	0.00002	0.00001	0.00000	0.00001	61	5.0
Agrobacterium fabrum	1176649	S	123	275	398	0.00003	0.00002	0.00000	0.00002	60	4.0
Agrobacterium larrymoorei	160699	S	198	205	403	0.00003	0.00001	0.00000	0.00001	58	4.0
Candidatus Liberibacter africanus	34020	S	36824	37010	73834	0.00489	0.00245	0.00250	0.00239	36	nan
Shinella zoogloeoides	352475	S	433	494	927	0.00006	0.00003	0.00000	0.00003	65	5.0
Sinorhizobium fredii	380	S	129	169	298	0.00002	0.00001	0.00000	0.00001	63	4.0
Phyllobacterium sp. 628	2718938	S	67069	67290	134359	0.00890	0.00446	0.00380	0.00359	56	nan
Mesorhizobium sp. L-8-10	2744523	S	22089	33352	55441	0.00367	0.00221	0.00212	0.00201	65	nan
Aureimonas sp. SA4125	2826993	S	49250	49397	98647	0.00654	0.00327	0.00327	0.00311	66	nan
Aureimonas populi	1701758	S	22809	22885	45694	0.00303	0.00152	0.00165	0.00156	68	nan
uncultured Martelella sp.	392331	S	12858	12914	25772	0.00171	0.00086	0.00077	0.00073	61	nan
Pseudorhodoplanes sinuspersici	1235591	S	44911	44973	89884	0.00595	0.00298	0.00267	0.00252	61	nan
Bartonella quintana	803	S	10551	10582	21133	0.00140	0.00070	0.00065	0.00061	40	nan
Novosphingobium decolorationis	2698673	S	240840	253232	494072	0.03273	0.01678	0.01651	0.01579	66	nan
Novosphingobium sp. Gsoil 351	2675225	S	31109	31149	62258	0.00412	0.00206	0.00206	0.00195	67	nan
Novosphingobium sp. P6W	1609758	S	3227	3246	6473	0.00043	0.00022	0.00020	0.00019	64	nan
Sphingomonas sp. HDW15A	2714942	S	170539	171540	342079	0.02266	0.01136	0.01047	0.00998	63	nan
Sphingomonas sp. CV7422	3018036	S	5338	6033	11371	0.00075	0.00040	0.00042	0.00041	68	nan
Sphingomonas sp. So64.6b	2997354	S	4209	4294	8503	0.00056	0.00028	0.00027	0.00026	64	nan
Sphingomonas sp. ERG5	1381597	S	897	1059	1956	0.00013	0.00007	0.00007	0.00006	65	nan
Sphingomonas sp.	28214	S	603	768	1371	0.00009	0.00005	0.00000	0.00005	65	5.0
Sphingomonas sp. ZFBP2030	2972485	S	392	398	790	0.00005	0.00003	0.00000	0.00002	66	5.0
Sphingomonas sp. QA11	2950605	S	347	503	850	0.00006	0.00003	0.00000	0.00003	66	5.0
Sphingomonas sp. HMP6	1517551	S	273	281	554	0.00004	0.00002	0.00002	0.00002	66	nan
Sphingomonas sp. AAP5	1523415	S	244	254	498	0.00003	0.00002	0.00000	0.00002	66	5.0
Sphingomonas sp. NIBR02145	3014784	S	140	143	283	0.00002	0.00001	0.00000	0.00001	68	4.0
Sphingomonas sp. 7/4-4	3018446	S	124	128	252	0.00002	0.00001	0.00000	0.00001	66	4.0
Sphingomonas sp. HMP9	1517554	S	123	132	255	0.00002	0.00001	0.00000	0.00001	66	5.0
Sphingomonas sp. CL5.1	2653203	S	123	129	252	0.00002	0.00001	0.00000	0.00001	67	4.0
Sphingomonas sp. SUN019	2937788	S	119	120	239	0.00002	0.00001	0.00000	0.00001	67	4.0
Sphingomonas sp. S6-11	2991075	S	111	112	223	0.00001	0.00001	0.00000	0.00001	66	4.0
Sphingomonas sp. Y38-1Y	3078265	S	110	112	222	0.00001	0.00001	0.00000	0.00001	69	4.0
Sphingomonas sp. J315	2898433	S	108	115	223	0.00001	0.00001	0.00000	0.00001	66	5.0
Sphingomonas sp. FARSPH	2219696	S	104	131	235	0.00002	0.00001	0.00000	0.00001	67	5.0
Sphingomonas sp. PAMC26645	2565555	S	102	107	209	0.00001	0.00001	0.00000	0.00001	66	5.0
Sphingomonas sp. SUN039	2937787	S	102	102	204	0.00001	0.00001	0.00000	0.00001	65	4.0
Sphingomonas sp. R1	399176	S	101	104	205	0.00001	0.00001	0.00000	0.00001	67	4.0
Sphingomonas alpina	653931	S	12344	12584	24928	0.00165	0.00083	0.00081	0.00076	64	nan
Sphingomonas paeninsulae	2319844	S	10126	10154	20280	0.00134	0.00067	0.00059	0.00056	59	nan
Sphingomonas limnosediminicola	940133	S	6015	6078	12093	0.00080	0.00040	0.00038	0.00036	64	nan
Sphingomonas aliaeris	2759526	S	236	238	474	0.00003	0.00002	0.00000	0.00001	65	5.0
Sphingomonas panacis	1560345	S	209	212	421	0.00003	0.00001	0.00000	0.00001	65	5.0
Sphingomonas sanxanigenens	397260	S	194	213	407	0.00003	0.00001	0.00000	0.00001	67	4.0
Sphingomonas koreensis	93064	S	137	170	307	0.00002	0.00001	0.00000	0.00001	66	4.0
Sphingomonas suaedae	2599297	S	137	139	276	0.00002	0.00001	0.00000	0.00001	66	5.0
Sphingomonas cannabina	2899123	S	132	135	267	0.00002	0.00001	0.00000	0.00001	69	4.0
Sphingomonas psychrotolerans	1327635	S	122	124	246	0.00002	0.00001	0.00000	0.00001	66	5.0
Sphingomonas panacisoli	1813879	S	116	117	233	0.00002	0.00001	0.00000	0.00001	65	5.0
Sphingomonas paucimobilis	13689	S	102	121	223	0.00001	0.00001	0.00000	0.00001	66	5.0
Sphingobium sp. LF-16	2185111	S	14162	87930	102092	0.00676	0.00583	0.00567	0.00538	65	nan
Sphingobium sp. YC-XJ3	3024245	S	7304	28988	36292	0.00240	0.00192	0.00186	0.00177	65	nan
Sphingobium sp. CFD-2	2878542	S	5732	14488	20220	0.00134	0.00096	0.00093	0.00088	65	nan
Sphingobium sp. WTD-1	2979467	S	189	243	432	0.00003	0.00002	0.00002	0.00001	65	nan
Sphingobium sp. AP49	1144307	S	135	139	274	0.00002	0.00001	0.00000	0.00001	65	5.0
Sphingobium yanoikuyae	13690	S	698	941	1639	0.00011	0.00006	0.00006	0.00006	65	nan
Sphingopyxis macrogoltabida	33050	S	202	434	636	0.00004	0.00003	0.00003	0.00003	65	nan
Citromicrobium sp. JL477	1634516	S	219	225	444	0.00003	0.00001	0.00000	0.00001	66	5.0
Qipengyuania flava	192812	S	17367	19856	37223	0.00247	0.00132	0.00126	0.00119	64	nan
Qipengyuania sp. SS22	2979461	S	12463	12886	25349	0.00168	0.00085	0.00000	0.00078	64	5.0
Qipengyuania sediminis	1532023	S	8547	8622	17169	0.00114	0.00057	0.00059	0.00056	67	nan
Qipengyuania aurantiaca	2867233	S	916	1006	1922	0.00013	0.00007	0.00006	0.00006	65	nan
Qipengyuania soli	2782568	S	797	820	1617	0.00011	0.00005	0.00000	0.00005	64	5.0
Qipengyuania gelatinilytica	2867231	S	624	670	1294	0.00009	0.00004	0.00000	0.00004	63	5.0
Qipengyuania spongiae	2909673	S	572	689	1261	0.00008	0.00005	0.00004	0.00004	65	nan
Qipengyuania seohaensis	266951	S	549	597	1146	0.00008	0.00004	0.00000	0.00003	63	4.0
Qipengyuania psychrotolerans	2867238	S	448	456	904	0.00006	0.00003	0.00000	0.00003	61	4.0
Qipengyuania citrea	225971	S	406	970	1376	0.00009	0.00006	0.00000	0.00006	62	5.0
Qipengyuania xiapuensis	2867236	S	352	867	1219	0.00008	0.00006	0.00000	0.00005	65	5.0
Qipengyuania aquimaris	255984	S	335	822	1157	0.00008	0.00005	0.00000	0.00005	64	5.0
Erythrobacter sp. A30-3	2785907	S	1249	3177	4426	0.00029	0.00021	0.00000	0.00018	62	5.0
Erythrobacter sp. 3-20A1M	2653850	S	369	481	850	0.00006	0.00003	0.00000	0.00003	66	5.0
Erythrobacter sp. HKB08	2502843	S	343	361	704	0.00005	0.00002	0.00000	0.00002	65	5.0
Erythrobacter sp. SDW2	2907154	S	316	330	646	0.00004	0.00002	0.00000	0.00002	64	5.0
Erythrobacter sp. JK5	2829500	S	276	334	610	0.00004	0.00002	0.00002	0.00002	65	nan
Erythrobacter sp.	1042	S	265	316	581	0.00004	0.00002	0.00000	0.00002	67	5.0
Erythrobacter sp. HL-111	1798193	S	212	223	435	0.00003	0.00001	0.00000	0.00002	67	4.0
Erythrobacter sp. THAF29	2587851	S	141	180	321	0.00002	0.00001	0.00000	0.00001	62	4.0
Erythrobacter sp. BLCC-B19	3025315	S	130	144	274	0.00002	0.00001	0.00001	0.00001	67	nan
Erythrobacter sp. KY5	2011159	S	119	120	239	0.00002	0.00001	0.00000	0.00001	61	4.0
Erythrobacter aureus	2182384	S	1585	1622	3207	0.00021	0.00011	0.00000	0.00009	62	4.0
Erythrobacter litoralis	39960	S	654	757	1411	0.00009	0.00005	0.00005	0.00005	64	nan
Erythrobacter mangrovi	2739433	S	593	740	1333	0.00009	0.00005	0.00000	0.00004	63	4.0
Erythrobacter neustonensis	1112	S	164	174	338	0.00002	0.00001	0.00000	0.00001	66	5.0
Erythrobacter aurantius	2909249	S	150	152	302	0.00002	0.00001	0.00000	0.00001	62	4.0
uncultured Erythrobacter sp.	263913	S	118	124	242	0.00002	0.00001	0.00000	0.00001	66	4.0
Porphyrobacter sp. YT40	2547601	S	354	439	793	0.00005	0.00003	0.00000	0.00003	66	5.0
Porphyrobacter sp. HT-58-2	2023229	S	161	178	339	0.00002	0.00001	0.00000	0.00001	65	5.0
Porphyrobacter sp. LM 6	1896196	S	151	169	320	0.00002	0.00001	0.00001	0.00001	66	nan
Porphyrobacter sp. CACIAM 03H1	2003315	S	136	150	286	0.00002	0.00001	0.00000	0.00001	68	5.0
Porphyrobacter sp. ULC335	2854260	S	129	137	266	0.00002	0.00001	0.00000	0.00001	65	5.0
Altererythrobacter sp. BO-6	2604537	S	245	251	496	0.00003	0.00002	0.00000	0.00001	63	4.0
Altererythrobacter sp. CAU 1644	3032592	S	226	273	499	0.00003	0.00002	0.00000	0.00002	63	5.0
Altererythrobacter sp. TH136	2067415	S	136	138	274	0.00002	0.00001	0.00000	0.00001	66	4.0
Altererythrobacter sp. B11	2060312	S	131	153	284	0.00002	0.00001	0.00000	0.00001	66	5.0
Altererythrobacter epoxidivorans	361183	S	297	331	628	0.00004	0.00002	0.00000	0.00002	62	4.0
Croceicoccus marinus	450378	S	510	640	1150	0.00008	0.00004	0.00000	0.00004	64	5.0
Croceicoccus sp. YJ47	2798724	S	236	244	480	0.00003	0.00002	0.00000	0.00001	65	5.0
Croceicoccus sp. Ery15	1703338	S	130	223	353	0.00002	0.00001	0.00001	0.00001	63	nan
Aurantiacibacter atlanticus	1648404	S	702	916	1618	0.00011	0.00006	0.00000	0.00005	60	4.0
Aurantiacibacter sp. MUD11	3003265	S	150	153	303	0.00002	0.00001	0.00000	0.00001	66	5.0
Aurantiacibacter gangjinensis	502682	S	142	143	285	0.00002	0.00001	0.00000	0.00001	64	3.0
Tsuneonella flava	2055955	S	419	447	866	0.00006	0.00003	0.00000	0.00003	61	4.0
Tsuneonella amylolytica	2338327	S	195	200	395	0.00003	0.00001	0.00000	0.00001	68	4.0
Tsuneonella dongtanensis	692370	S	157	159	316	0.00002	0.00001	0.00000	0.00001	67	5.0
Tsuneonella mangrovi	1982042	S	155	157	312	0.00002	0.00001	0.00000	0.00001	64	4.0
Pelagerythrobacter marensis	543877	S	377	383	760	0.00005	0.00003	0.00000	0.00002	66	5.0
Alteriqipengyuania flavescens	3053610	S	349	365	714	0.00005	0.00002	0.00000	0.00002	66	5.0
Croceibacterium sp. D39	3064139	S	187	189	376	0.00002	0.00001	0.00000	0.00001	66	5.0
Croceibacterium atlanticum	1267766	S	149	176	325	0.00002	0.00001	0.00000	0.00001	62	5.0
Paraurantiacibacter namhicola	645517	S	117	118	235	0.00002	0.00001	0.00000	0.00001	65	5.0
Rickettsia bellii	33990	S	123699	127240	250939	0.01662	0.00843	0.00938	0.00903	31	nan
Rickettsia canadensis	788	S	79167	79254	158421	0.01050	0.00525	0.00596	0.00574	29	nan
Rickettsia akari	786	S	56370	56867	113237	0.00750	0.00377	0.00406	0.00392	33	nan
Rickettsia tillamookensis	2761623	S	16288	16688	32976	0.00218	0.00111	0.00120	0.00116	32	nan
Rickettsia typhi	785	S	51366	51417	102783	0.00681	0.00341	0.00424	0.00409	29	nan
Wolbachia endosymbiont of Diaphorina citri	116598	S	11600	18996	30596	0.00203	0.00126	0.00127	0.00122	34	nan
Wolbachia endosymbiont (group B) of Episyrphus balteatus	2954009	S	11246	50815	62061	0.00411	0.00337	0.00339	0.00324	35	nan
Wolbachia endosymbiont (group A) of Ancistrocerus nigricornis	2953974	S	3005	20420	23425	0.00155	0.00135	0.00134	0.00129	35	nan
Wolbachia endosymbiont (group B) of Erynnis tages	2954011	S	1878	38062	39940	0.00265	0.00252	0.00251	0.00241	35	nan
Wolbachia endosymbiont (group A) of Eupithecia tripunctaria	2954015	S	1699	18014	19713	0.00131	0.00119	0.00119	0.00114	35	nan
Wolbachia endosymbiont of Drosophila melanogaster	163164	S	931	86317	87248	0.00578	0.00572	0.00568	0.00544	35	nan
Wolbachia endosymbiont of Spodoptera picta	2769078	S	810	4534	5344	0.00035	0.00030	0.00030	0.00029	35	nan
Wolbachia endosymbiont of Oedothorax gibbosus	931100	S	326	372	698	0.00005	0.00002	0.00002	0.00002	34	nan
Wolbachia endosymbiont of Trichogramma pretiosum	125593	S	241	258	499	0.00003	0.00002	0.00002	0.00002	33	nan
Wolbachia endosymbiont of Cimex lectularius	246273	S	174	174	348	0.00002	0.00001	0.00000	0.00001	37	4.0
Wolbachia endosymbiont of Anopheles demeilloni	2748871	S	150	196	346	0.00002	0.00001	0.00001	0.00001	33	nan
Wolbachia endosymbiont (group A) of Anomoia purmunda	2953978	S	150	211	361	0.00002	0.00001	0.00001	0.00001	35	nan
Wolbachia endosymbiont of Ctenocephalides felis wCfeJ	2732594	S	149	149	298	0.00002	0.00001	0.00000	0.00001	35	5.0
Wolbachia endosymbiont of Folsomia candida	169402	S	144	144	288	0.00002	0.00001	0.00000	0.00001	34	5.0
Wolbachia endosymbiont of Litomosoides sigmodontis	80850	S	111	111	222	0.00001	0.00001	0.00000	0.00001	31	4.0
Wolbachia pipientis	955	S	390	1098	1488	0.00010	0.00007	0.00007	0.00007	35	nan
Candidatus Wolbachia massiliensis	1845000	S	149	152	301	0.00002	0.00001	0.00000	0.00001	35	5.0
Ehrlichia muris	35795	S	17129	17165	34294	0.00227	0.00114	0.00135	0.00131	29	nan
Paracoccus yeei	147645	S	51525	56960	108485	0.00719	0.00377	0.00397	0.00380	68	nan
Thioclava electrotropha	1549850	S	19770	20008	39778	0.00264	0.00133	0.00129	0.00120	64	nan
Thioclava nitratireducens	1915078	S	2735	2815	5550	0.00037	0.00019	0.00018	0.00017	64	nan
Rhodovulum sp. P5	1564506	S	16437	16548	32985	0.00219	0.00110	0.00107	0.00101	65	nan
Marivivens sp. JLT3646	1920883	S	8048	8108	16156	0.00107	0.00054	0.00046	0.00044	56	nan
Lentibacter algarum	576131	S	62055	62148	124203	0.00823	0.00412	0.00353	0.00333	57	nan
Celeribacter indicus	1208324	S	14525	15494	30019	0.00199	0.00103	0.00102	0.00098	66	nan
Brevundimonas albigilva	1312364	S	26209	27946	54155	0.00359	0.00185	0.00201	0.00198	70	nan
Brevundimonas naejangsanensis	588932	S	15629	18655	34284	0.00227	0.00124	0.00133	0.00126	68	nan
Brevundimonas sp. NCCP 15609	3021811	S	3022	4707	7729	0.00051	0.00031	0.00032	0.00031	68	nan
Brevundimonas sp. M20	2591463	S	2972	3010	5982	0.00040	0.00020	0.00000	0.00020	68	4.0
Brevundimonas sp. PAMC22021	2861285	S	1379	1447	2826	0.00019	0.00010	0.00000	0.00010	68	4.0
Brevundimonas sp. MF30-B	2561924	S	1071	1087	2158	0.00014	0.00007	0.00000	0.00007	68	4.0
Brevundimonas sp. NIBR11	3015999	S	798	809	1607	0.00011	0.00005	0.00000	0.00005	68	4.0
Brevundimonas sp. LM2	1938605	S	770	789	1559	0.00010	0.00005	0.00000	0.00005	69	4.0
Brevundimonas sp. NIBR10	3015997	S	689	702	1391	0.00009	0.00005	0.00000	0.00005	67	3.0
Brevundimonas sp.	1871086	S	644	733	1377	0.00009	0.00005	0.00000	0.00005	68	4.0
Brevundimonas sp. AJA228-03	2752515	S	363	373	736	0.00005	0.00002	0.00000	0.00002	68	4.0
Brevundimonas sp. SL130	2995143	S	342	357	699	0.00005	0.00002	0.00000	0.00002	68	4.0
Brevundimonas sp. DS20	1532555	S	150	740	890	0.00006	0.00005	0.00000	0.00005	68	4.0
Brevundimonas sp. Bb-A	2560058	S	105	510	615	0.00004	0.00003	0.00000	0.00003	68	4.0
Brevundimonas subvibrioides	74313	S	839	852	1691	0.00011	0.00006	0.00000	0.00006	69	4.0
Brevundimonas goettingensis	2774190	S	831	841	1672	0.00011	0.00006	0.00000	0.00006	68	4.0
Brevundimonas vitisensis	2800818	S	602	608	1210	0.00008	0.00004	0.00000	0.00004	67	4.0
Brevundimonas pondensis	2774189	S	497	517	1014	0.00007	0.00003	0.00000	0.00003	67	4.0
Brevundimonas diminuta	293	S	488	662	1150	0.00008	0.00004	0.00000	0.00004	68	4.0
Brevundimonas nasdae	172043	S	358	408	766	0.00005	0.00003	0.00000	0.00003	67	4.0
Brevundimonas mediterranea	74329	S	357	383	740	0.00005	0.00003	0.00000	0.00003	68	4.0
Brevundimonas vesicularis	41276	S	197	261	458	0.00003	0.00002	0.00000	0.00002	67	4.0
Brevundimonas vancanneytii	1325724	S	135	234	369	0.00002	0.00002	0.00000	0.00002	69	5.0
Caulobacter sp. NIBR1757	3016000	S	124	133	257	0.00002	0.00001	0.00000	0.00001	69	3.0
Caulobacter segnis	88688	S	189	286	475	0.00003	0.00002	0.00000	0.00002	69	4.0
Caulobacter mirabilis	69666	S	112	123	235	0.00002	0.00001	0.00000	0.00001	69	3.0
Caulobacter flavus	1679497	S	108	153	261	0.00002	0.00001	0.00000	0.00001	70	4.0
Phenylobacterium zucineum	284016	S	150	160	310	0.00002	0.00001	0.00000	0.00001	70	5.0
Candidatus Nesciobacter abundans	2601668	S	45930	45933	91863	0.00609	0.00304	0.00359	0.00350	30	nan
Azospirillum ramasamyi	682998	S	17484	17718	35202	0.00233	0.00117	0.00128	0.00121	69	nan
Acetobacter ghanensis	431306	S	7603	7669	15272	0.00101	0.00051	0.00044	0.00042	59	nan
Acetobacter persici	1076596	S	373	374	747	0.00005	0.00002	0.00000	0.00002	58	5.0
Candidatus Pelagibacter sp. RS40	1977865	S	9520	9525	19045	0.00126	0.00063	0.00076	0.00074	30	nan
Stenotrophomonas sp. A5586	3003271	S	204399	205279	409678	0.02714	0.01360	0.01336	0.01272	66	nan
Stenotrophomonas sp. BIO128-Bstrain	3027225	S	1692	1923	3615	0.00024	0.00013	0.00013	0.00012	68	nan
Stenotrophomonas maltophilia	40324	S	194	237	431	0.00003	0.00002	0.00000	0.00002	67	4.0
Lysobacter lycopersici	1324796	S	149234	149492	298726	0.01979	0.00990	0.01032	0.00973	68	nan
Lysobacter sp. K5869	2820808	S	32433	32753	65186	0.00432	0.00217	0.00242	0.00232	69	nan
Lysobacter ciconiae	2781022	S	9151	9725	18876	0.00125	0.00064	0.00068	0.00064	68	nan
Thermomonas brevis	215691	S	42248	42476	84724	0.00561	0.00281	0.00317	0.00297	70	nan
Thermomonas aquatica	2202149	S	25467	25616	51083	0.00338	0.00170	0.00186	0.00173	69	nan
Luteimonas sp. YGD11-2	2508168	S	53124	53487	106611	0.00706	0.00354	0.00402	0.00380	70	nan
Pseudoxanthomonas sp. F37	2932492	S	1961	29672	31633	0.00210	0.00197	0.00215	0.00204	69	nan
Pseudoxanthomonas mexicana	128785	S	176	205	381	0.00003	0.00001	0.00000	0.00001	69	5.0
Tahibacter amnicola	2976241	S	43065	43076	86141	0.00571	0.00285	0.00282	0.00266	65	nan
Pseudomonas sp. BSw22131	3002903	S	65812	66236	132048	0.00875	0.00439	0.00382	0.00363	60	nan
Pseudomonas sp. LBUM920	2126069	S	50967	80102	131069	0.00868	0.00531	0.00480	0.00456	62	nan
Pseudomonas sp. TUM22785	3019098	S	9174	11529	20703	0.00137	0.00076	0.00082	0.00073	68	nan
Pseudomonas sp. Pc102	2678261	S	7349	10934	18283	0.00121	0.00072	0.00000	0.00070	67	5.0
Pseudomonas sp. OVF7	1382237	S	1169	4502	5671	0.00038	0.00030	0.00029	0.00027	64	nan
Pseudomonas sp. G11	528343	S	998	3723	4721	0.00031	0.00025	0.00024	0.00022	63	nan
Pseudomonas sp. Q1-7	3020843	S	403	420	823	0.00005	0.00003	0.00000	0.00003	67	5.0
Pseudomonas sp. DY-1	1755504	S	290	293	583	0.00004	0.00002	0.00000	0.00002	64	4.0
Pseudomonas sp. TCU-HL1	1856685	S	276	280	556	0.00004	0.00002	0.00000	0.00002	65	5.0
Pseudomonas sp. NIBRBAC000502773	2590776	S	201	252	453	0.00003	0.00002	0.00000	0.00001	63	5.0
Pseudomonas sp. SO81	2983246	S	191	194	385	0.00003	0.00001	0.00000	0.00001	67	5.0
Pseudomonas sp. MTM4	2705472	S	191	203	394	0.00003	0.00001	0.00000	0.00001	61	5.0
Pseudomonas sp. D3	517398	S	169	180	349	0.00002	0.00001	0.00000	0.00001	62	4.0
Pseudomonas sp. LG1E9	2219057	S	127	137	264	0.00002	0.00001	0.00000	0.00001	62	4.0
Pseudomonas sp. ZM23	2961893	S	119	125	244	0.00002	0.00001	0.00000	0.00001	65	5.0
Pseudomonas sp. S09G 359	2054919	S	119	127	246	0.00002	0.00001	0.00000	0.00001	62	4.0
Pseudomonas sp. 273	75692	S	116	127	243	0.00002	0.00001	0.00000	0.00001	69	4.0
Pseudomonas sp. FP2309	2954091	S	116	122	238	0.00002	0.00001	0.00000	0.00001	62	5.0
Pseudomonas sp. S35	1573719	S	114	121	235	0.00002	0.00001	0.00000	0.00001	62	5.0
Pseudomonas sp. SG20056	3074146	S	112	113	225	0.00001	0.00001	0.00000	0.00001	61	4.0
Pseudomonas sp. J452	2898441	S	111	115	226	0.00001	0.00001	0.00000	0.00001	65	5.0
Pseudomonas sp. FP2335	2954092	S	108	115	223	0.00001	0.00001	0.00000	0.00001	62	5.0
Pseudomonas sp. C9-3	3078264	S	108	128	236	0.00002	0.00001	0.00000	0.00001	66	4.0
Pseudomonas sp. SCB32	2653853	S	108	112	220	0.00001	0.00001	0.00000	0.00001	67	5.0
Pseudomonas sp. PDNC002	2811422	S	100	106	206	0.00001	0.00001	0.00000	0.00001	66	4.0
Pseudomonas sp. MM211	2866808	S	100	100	200	0.00001	0.00001	0.00000	0.00001	63	4.0
Pseudomonas rhodesiae	76760	S	48447	52087	100534	0.00666	0.00345	0.00313	0.00295	62	nan
Pseudomonas fluorescens	294	S	2422	3073	5495	0.00036	0.00020	0.00000	0.00018	62	5.0
Pseudomonas orientalis	76758	S	172	184	356	0.00002	0.00001	0.00000	0.00001	62	4.0
Pseudomonas synxantha	47883	S	167	211	378	0.00003	0.00001	0.00000	0.00001	62	4.0
Pseudomonas azotoformans	47878	S	165	267	432	0.00003	0.00002	0.00000	0.00002	63	5.0
Pseudomonas veronii	76761	S	121	296	417	0.00003	0.00002	0.00002	0.00002	64	nan
Pseudomonas tohonis	2725477	S	43855	55954	99809	0.00661	0.00371	0.00382	0.00362	68	nan
Pseudomonas vanderleydeniana	2745495	S	18747	19130	37877	0.00251	0.00127	0.00120	0.00113	65	nan
Pseudomonas solani	2731552	S	11483	14494	25977	0.00172	0.00096	0.00000	0.00092	67	5.0
Pseudomonas otitidis	319939	S	4684	4827	9511	0.00063	0.00032	0.00036	0.00032	68	nan
Pseudomonas aeruginosa	287	S	1327	3696	5023	0.00033	0.00024	0.00000	0.00023	67	5.0
Pseudomonas furukawaii	1149133	S	519	542	1061	0.00007	0.00004	0.00000	0.00003	67	5.0
Pseudomonas resinovorans	53412	S	409	436	845	0.00006	0.00003	0.00000	0.00003	67	5.0
Pseudomonas alcaligenes	43263	S	328	357	685	0.00005	0.00002	0.00000	0.00002	67	5.0
Pseudomonas mendocina	300	S	242	270	512	0.00003	0.00002	0.00000	0.00002	64	5.0
Pseudomonas citronellolis	53408	S	110	162	272	0.00002	0.00001	0.00000	0.00001	69	5.0
Pseudomonas putida	303	S	611	1200	1811	0.00012	0.00008	0.00008	0.00007	64	nan
Pseudomonas mosselii	78327	S	148	169	317	0.00002	0.00001	0.00000	0.00001	66	5.0
Pseudomonas fulva	47880	S	134	213	347	0.00002	0.00001	0.00001	0.00001	65	nan
Pseudomonas chlororaphis	587753	S	258	423	681	0.00005	0.00003	0.00003	0.00003	65	nan
Pseudomonas protegens	380021	S	128	191	319	0.00002	0.00001	0.00000	0.00001	65	5.0
Pseudomonas lalkuanensis	2604832	S	362	370	732	0.00005	0.00002	0.00000	0.00002	65	5.0
Pseudomonas extremaustralis	359110	S	230	246	476	0.00003	0.00002	0.00000	0.00001	63	4.0
Pseudomonas knackmussii	65741	S	219	241	460	0.00003	0.00002	0.00000	0.00001	66	5.0
Pseudomonas benzenivorans	556533	S	201	204	405	0.00003	0.00001	0.00000	0.00001	67	4.0
Pseudomonas canadensis	915099	S	169	196	365	0.00002	0.00001	0.00000	0.00001	62	4.0
Pseudomonas cavernae	2320867	S	133	135	268	0.00002	0.00001	0.00000	0.00001	65	5.0
Pseudomonas lurida	244566	S	118	127	245	0.00002	0.00001	0.00000	0.00001	62	4.0
Pseudomonas psychrotolerans	237610	S	109	115	224	0.00001	0.00001	0.00000	0.00001	66	4.0
Pseudomonas simiae	321846	S	106	114	220	0.00001	0.00001	0.00000	0.00001	62	4.0
Stutzerimonas stutzeri	316	S	2798	3430	6228	0.00041	0.00023	0.00000	0.00020	64	5.0
Stutzerimonas frequens	2968969	S	121	204	325	0.00002	0.00001	0.00000	0.00001	64	4.0
Stutzerimonas xanthomarina	271420	S	2815	3032	5847	0.00039	0.00020	0.00018	0.00017	61	nan
[Pseudomonas] zhaodongensis	1176257	S	1504	1997	3501	0.00023	0.00013	0.00012	0.00011	61	nan
Marinobacter shengliensis	1389223	S	29428	31782	61210	0.00406	0.00211	0.00195	0.00172	58	nan
Marinobacter sp. LQ44	1749259	S	7465	13266	20731	0.00137	0.00088	0.00078	0.00072	58	nan
Marinobacter sp. NP-4(2019)	2488665	S	181	196	377	0.00002	0.00001	0.00001	0.00001	58	nan
Marinobacter sp. Arc7-DN-1	2304594	S	146	154	300	0.00002	0.00001	0.00001	0.00001	59	nan
Marinobacter sp.	50741	S	120	126	246	0.00002	0.00001	0.00001	0.00001	58	nan
Marinobacter sp. JH2	2547598	S	108	112	220	0.00001	0.00001	0.00000	0.00001	54	4.0
Marinobacter nauticus	2743	S	447	456	903	0.00006	0.00003	0.00000	0.00002	58	4.0
Marinobacter salarius	1420917	S	130	131	261	0.00002	0.00001	0.00000	0.00001	58	4.0
Avibacterium sp. 21-595	2911527	S	234968	260509	495477	0.03282	0.01726	0.01563	0.01480	41	nan
Aggregatibacter sp. oral taxon 513	712150	S	38115	41080	79195	0.00525	0.00272	0.00236	0.00226	44	nan
Haemophilus haemolyticus	726	S	14365	15055	29420	0.00195	0.00100	0.00094	0.00088	39	nan
Haemophilus influenzae	727	S	3705	4191	7896	0.00052	0.00028	0.00027	0.00025	39	nan
Haemophilus sp. oral taxon 036	712310	S	1445	1549	2994	0.00020	0.00010	0.00000	0.00009	39	5.0
Haemophilus parainfluenzae	729	S	742	753	1495	0.00010	0.00005	0.00000	0.00004	40	5.0
[Haemophilus] ducreyi	730	S	102	102	204	0.00001	0.00001	0.00000	0.00001	38	2.0
Actinobacillus genomosp. 2	230709	S	7379	7758	15137	0.00100	0.00051	0.00048	0.00045	39	nan
Arsenophonus nasoniae	638	S	56120	56759	112879	0.00748	0.00376	0.00373	0.00337	40	nan
Providencia sp. PROV040	2949771	S	13549	54041	67590	0.00448	0.00358	0.00363	0.00306	42	nan
Providencia rettgeri	587	S	240	904	1144	0.00008	0.00006	0.00006	0.00005	42	nan
Blochmannia endosymbiont of Camponotus sp. C-046	2945589	S	5502	22144	27646	0.00183	0.00147	0.00176	0.00175	30	nan
Candidatus Blochmannia herculeanus	108080	S	15343	15528	30871	0.00205	0.00103	0.00123	0.00122	32	nan
Klebsiella oxytoca	571	S	17144	18484	35628	0.00236	0.00122	0.00107	0.00101	57	nan
Candidatus Schneideria nysicola	1081631	S	13481	13486	26967	0.00179	0.00089	0.00109	0.00107	30	nan
Kluyvera ascorbata	51288	S	6846	11773	18619	0.00123	0.00078	0.00000	0.00064	57	5.0
Enterobacter hormaechei	158836	S	135	589	724	0.00005	0.00004	0.00000	0.00003	57	4.0
Escherichia coli	562	S	117	891	1008	0.00007	0.00006	0.00000	0.00005	53	4.0
Mixta calida	665913	S	19286	19607	38893	0.00258	0.00130	0.00114	0.00108	60	nan
Buchnera aphidicola	9	S	9424	9425	18849	0.00125	0.00062	0.00089	0.00090	27	nan
Acinetobacter schindleri	108981	S	48212	53097	101309	0.00671	0.00352	0.00301	0.00296	44	nan
Acinetobacter sp. TTH0-4	1646498	S	20641	21722	42363	0.00281	0.00144	0.00135	0.00127	40	nan
Acinetobacter sp. TGL-Y2	1407071	S	17714	17833	35547	0.00235	0.00118	0.00107	0.00103	41	nan
Acinetobacter sp. Tol 5	710648	S	698	1745	2443	0.00016	0.00012	0.00011	0.00010	41	nan
Acinetobacter sp. Marseille-Q1620	2714110	S	305	306	611	0.00004	0.00002	0.00000	0.00002	39	4.0
Acinetobacter sp. TAC-1	3027470	S	267	632	899	0.00006	0.00004	0.00004	0.00004	40	nan
Acinetobacter sp. 10FS3-1	2563897	S	217	263	480	0.00003	0.00002	0.00000	0.00001	44	5.0
Acinetobacter sp. MYb10	1827285	S	207	358	565	0.00004	0.00002	0.00002	0.00002	40	nan
Acinetobacter sp. Res13-Abat-PEC07-P2-02	2777947	S	194	776	970	0.00006	0.00005	0.00005	0.00005	40	nan
Acinetobacter sp. LoGeW2-3	1808001	S	172	181	353	0.00002	0.00001	0.00000	0.00001	45	5.0
Acinetobacter sp. CS-2	2798861	S	167	188	355	0.00002	0.00001	0.00000	0.00001	42	5.0
Acinetobacter sp. NyZ410	2929509	S	158	375	533	0.00004	0.00002	0.00002	0.00002	40	nan
Acinetobacter sp. ASP199	2773709	S	151	162	313	0.00002	0.00001	0.00000	0.00001	45	4.0
Acinetobacter sp. KCTC 92772	3045147	S	137	148	285	0.00002	0.00001	0.00000	0.00001	43	5.0
Acinetobacter sp. NCu2D-2	1608473	S	106	111	217	0.00001	0.00001	0.00001	0.00001	41	nan
Acinetobacter sp. XS-4	2923375	S	105	121	226	0.00001	0.00001	0.00000	0.00001	40	5.0
Acinetobacter sp. Z1	2953738	S	104	109	213	0.00001	0.00001	0.00000	0.00001	40	4.0
Acinetobacter bereziniae	106648	S	7539	10249	17788	0.00118	0.00068	0.00064	0.00060	40	nan
Acinetobacter seifertii	1530123	S	421	484	905	0.00006	0.00003	0.00000	0.00003	40	5.0
Acinetobacter baumannii	470	S	391	1809	2200	0.00015	0.00012	0.00011	0.00010	41	nan
Acinetobacter pittii	48296	S	252	505	757	0.00005	0.00003	0.00003	0.00003	40	nan
Acinetobacter calcoaceticus	471	S	170	177	347	0.00002	0.00001	0.00000	0.00001	40	5.0
Acinetobacter wuhouensis	1879050	S	1224	1323	2547	0.00017	0.00009	0.00000	0.00008	40	5.0
Acinetobacter indicus	756892	S	626	673	1299	0.00009	0.00004	0.00000	0.00004	47	4.0
Acinetobacter lwoffii	28090	S	546	818	1364	0.00009	0.00005	0.00000	0.00005	44	5.0
Acinetobacter guillouiae	106649	S	546	692	1238	0.00008	0.00005	0.00004	0.00004	40	nan
Acinetobacter johnsonii	40214	S	523	642	1165	0.00008	0.00004	0.00000	0.00004	43	5.0
Acinetobacter variabilis	70346	S	432	601	1033	0.00007	0.00004	0.00000	0.00003	44	5.0
Acinetobacter piscicola	2006115	S	390	421	811	0.00005	0.00003	0.00000	0.00002	40	5.0
Acinetobacter radioresistens	40216	S	331	343	674	0.00004	0.00002	0.00000	0.00002	43	5.0
Acinetobacter defluvii	1871111	S	323	360	683	0.00005	0.00002	0.00000	0.00002	40	4.0
Acinetobacter towneri	202956	S	208	315	523	0.00003	0.00002	0.00000	0.00002	42	5.0
Acinetobacter shaoyimingii	2715164	S	205	206	411	0.00003	0.00001	0.00001	0.00001	40	nan
Acinetobacter haemolyticus	29430	S	178	198	376	0.00002	0.00001	0.00001	0.00001	41	nan
Acinetobacter lanii	2715163	S	154	155	309	0.00002	0.00001	0.00000	0.00001	43	5.0
Acinetobacter equi	1324350	S	149	150	299	0.00002	0.00001	0.00000	0.00001	36	4.0
Acinetobacter cumulans	2136182	S	146	152	298	0.00002	0.00001	0.00001	0.00001	41	nan
Acinetobacter junii	40215	S	143	240	383	0.00003	0.00002	0.00001	0.00001	40	nan
Acinetobacter ursingii	108980	S	143	220	363	0.00002	0.00001	0.00001	0.00001	41	nan
Acinetobacter vivianii	1776742	S	141	143	284	0.00002	0.00001	0.00000	0.00001	44	4.0
Acinetobacter colistiniresistens	280145	S	131	135	266	0.00002	0.00001	0.00000	0.00001	43	5.0
Acinetobacter larvae	1789224	S	111	111	222	0.00001	0.00001	0.00000	0.00001	43	4.0
Acinetobacter venetianus	52133	S	111	119	230	0.00002	0.00001	0.00000	0.00001	40	5.0
Acinetobacter baylyi	202950	S	109	111	220	0.00001	0.00001	0.00000	0.00001	42	5.0
Acinetobacter proteolyticus	1776741	S	106	118	224	0.00001	0.00001	0.00000	0.00001	42	5.0
Psychrobacter sp. 28M-43	2772254	S	3136	3354	6490	0.00043	0.00022	0.00020	0.00018	45	nan
Psychrobacter sp. P11G3	1699623	S	3039	3256	6295	0.00042	0.00022	0.00019	0.00018	46	nan
Psychrobacter sp. KCTC 72983	2733866	S	132	223	355	0.00002	0.00001	0.00000	0.00001	45	5.0
Pseudoalteromonas sp. SM9913	234831	S	23220	70380	93600	0.00620	0.00466	0.00424	0.00396	41	nan
Pseudoalteromonas sp. SCSIO 43095	2894202	S	104	128	232	0.00002	0.00001	0.00001	0.00001	42	nan
Paraglaciecola psychrophila	326544	S	44338	44433	88771	0.00588	0.00294	0.00268	0.00250	40	nan
Gayadomonas joobiniege	1234606	S	8522	8522	17044	0.00113	0.00056	0.00051	0.00047	42	nan
Catenovulum sediminis	1740262	S	776	820	1596	0.00011	0.00005	0.00000	0.00005	41	5.0
Catenovulum sp. TS8	2984846	S	367	398	765	0.00005	0.00003	0.00000	0.00002	39	4.0
Francisella philomiragia	28110	S	99663	106310	205973	0.01365	0.00704	0.00763	0.00722	33	nan
Francisella noatunensis	657445	S	1013	1105	2118	0.00014	0.00007	0.00008	0.00008	33	nan
Francisella orientalis	299583	S	959	1004	1963	0.00013	0.00007	0.00007	0.00007	33	nan
Francisella sp. FSC1006	1547445	S	700	706	1406	0.00009	0.00005	0.00000	0.00005	33	5.0
Francisella salimarina	2599927	S	806	1219	2025	0.00013	0.00008	0.00008	0.00008	33	nan
Francisella tularensis	263	S	798	872	1670	0.00011	0.00006	0.00006	0.00006	33	nan
Francisella marina	2249302	S	718	1026	1744	0.00012	0.00007	0.00006	0.00007	34	nan
Francisella hispaniensis	622488	S	713	722	1435	0.00010	0.00005	0.00000	0.00005	32	5.0
Francisella salina	573569	S	597	760	1357	0.00009	0.00005	0.00005	0.00005	33	nan
Francisella uliginis	573570	S	118	118	236	0.00002	0.00001	0.00000	0.00001	32	4.0
Legionella fallonii	96230	S	51198	51424	102622	0.00680	0.00341	0.00317	0.00300	38	nan
Legionella jordanis	456	S	25193	25385	50578	0.00335	0.00168	0.00148	0.00140	43	nan
Coxiella-like endosymbiont	1592897	S	9693	9695	19388	0.00128	0.00064	0.00000	0.00063	38	4.0
Spongiibacter nanhainus	2794344	S	78393	78639	157032	0.01040	0.00521	0.00449	0.00425	58	nan
Halomonas sp. PA5	2730357	S	169	65903	66072	0.00438	0.00437	0.00401	0.00382	63	nan
Vibrio mediterranei	689	S	27034	40169	67203	0.00445	0.00266	0.00227	0.00215	45	nan
Vibrio sp. SCSIO 43133	2802577	S	9275	22109	31384	0.00208	0.00146	0.00127	0.00118	45	nan
Vibrio sp. CyArs1	2682577	S	375	393	768	0.00005	0.00003	0.00000	0.00002	43	4.0
Vibrio parahaemolyticus	670	S	216	564	780	0.00005	0.00004	0.00003	0.00003	45	nan
Vibrio vulnificus	672	S	129	135	264	0.00002	0.00001	0.00000	0.00001	48	5.0
Vibrio tubiashii	29498	S	101	106	207	0.00001	0.00001	0.00000	0.00001	46	5.0
Aeromonas sp. 1805	2560028	S	24139	44013	68152	0.00451	0.00292	0.00272	0.00257	65	nan
Aeromonas media	651	S	5563	6244	11807	0.00078	0.00041	0.00000	0.00036	64	5.0
Aeromonas rivipollensis	948519	S	2906	3569	6475	0.00043	0.00024	0.00023	0.00021	65	nan
Aeromonas hydrophila	644	S	604	1256	1860	0.00012	0.00008	0.00008	0.00007	64	nan
Aeromonas salmonicida	645	S	361	391	752	0.00005	0.00003	0.00000	0.00002	61	4.0
Aeromonas encheleia	73010	S	292	298	590	0.00004	0.00002	0.00002	0.00002	65	nan
Aeromonas veronii	654	S	280	378	658	0.00004	0.00003	0.00000	0.00002	62	5.0
Aeromonas caviae	648	S	236	537	773	0.00005	0.00004	0.00003	0.00003	64	nan
Aeromonas dhakensis	196024	S	197	292	489	0.00003	0.00002	0.00002	0.00002	64	nan
Aeromonas rivuli	648794	S	121	122	243	0.00002	0.00001	0.00000	0.00001	62	4.0
Wenzhouxiangella sp. AB-CW3	2771012	S	43789	43796	87585	0.00580	0.00290	0.00265	0.00252	62	nan
Thioalkalivibrio nitratireducens	186931	S	10493	10565	21058	0.00140	0.00070	0.00073	0.00068	67	nan
Candidatus Vesicomyosocius okutanii	412965	S	29947	30034	59981	0.00397	0.00199	0.00221	0.00212	33	nan
Candidatus Thioglobus sp. NP1	2508687	S	4170	4175	8345	0.00055	0.00028	0.00028	0.00026	36	nan
Paraburkholderia dioscoreae	2604047	S	146010	148635	294645	0.01952	0.00985	0.00915	0.00869	63	nan
Paraburkholderia sp. SUR17	3034358	S	117342	117658	235000	0.01557	0.00779	0.00768	0.00728	66	nan
Burkholderia perseverans	2615214	S	108115	111880	219995	0.01457	0.00741	0.00838	0.00803	70	nan
Cupriavidus cauae	2608999	S	32976	34651	67627	0.00448	0.00230	0.00243	0.00233	68	nan
Cupriavidus nantongensis	1796606	S	30692	36660	67352	0.00446	0.00243	0.00253	0.00240	68	nan
Caballeronia sp. M1242	2814653	S	30039	30814	60853	0.00403	0.00204	0.00196	0.00185	64	nan
Pandoraea fibrosis	1891094	S	26657	26850	53507	0.00354	0.00178	0.00167	0.00158	63	nan
Pandoraea faecigallinarum	656179	S	239	240	479	0.00003	0.00002	0.00000	0.00001	64	4.0
Pandoraea commovens	2508289	S	230	235	465	0.00003	0.00002	0.00000	0.00001	64	4.0
Hydrogenophaga sp. YM1	2806262	S	85078	85809	170887	0.01132	0.00568	0.00660	0.00631	70	nan
Hydrogenophaga taeniospiralis	65656	S	18649	18866	37515	0.00249	0.00125	0.00125	0.00118	66	nan
Diaphorobacter ruginosibacter	1715720	S	31295	31416	62711	0.00415	0.00208	0.00202	0.00191	66	nan
[Acidovorax] ebreus	721785	S	26365	43968	70333	0.00466	0.00291	0.00306	0.00289	68	nan
Acidovorax sp. 1608163	2478662	S	37952	38122	76074	0.00504	0.00253	0.00243	0.00231	65	nan
Acidovorax sp. KKS102	358220	S	18297	18732	37029	0.00245	0.00124	0.00124	0.00116	67	nan
Orrella marina	2163011	S	38760	38963	77723	0.00515	0.00258	0.00219	0.00208	56	nan
Achromobacter sp. R39	3047478	S	2245	2268	4513	0.00030	0.00015	0.00000	0.00013	62	5.0
Achromobacter sp. MFA1 R4	1881016	S	602	626	1228	0.00008	0.00004	0.00000	0.00004	67	5.0
Achromobacter sp. AONIH1	1758194	S	450	477	927	0.00006	0.00003	0.00000	0.00003	69	5.0
Achromobacter sp. B7	2282475	S	256	773	1029	0.00007	0.00005	0.00000	0.00005	66	5.0
Achromobacter sp. ES-001	2860286	S	235	721	956	0.00006	0.00005	0.00000	0.00004	66	5.0
Achromobacter spanius	217203	S	2156	3768	5924	0.00039	0.00025	0.00025	0.00023	66	nan
Achromobacter xylosoxidans	85698	S	1887	2193	4080	0.00027	0.00015	0.00000	0.00014	68	5.0
Achromobacter deleyi	1353891	S	1593	1807	3400	0.00023	0.00012	0.00000	0.00012	67	5.0
Achromobacter denitrificans	32002	S	885	917	1802	0.00012	0.00006	0.00000	0.00006	69	5.0
Achromobacter insolitus	217204	S	738	765	1503	0.00010	0.00005	0.00000	0.00005	66	5.0
Achromobacter pestifer	1353889	S	487	528	1015	0.00007	0.00004	0.00000	0.00003	67	5.0
Achromobacter ruhlandii	72557	S	303	363	666	0.00004	0.00002	0.00000	0.00002	69	5.0
Achromobacter mucicolens	1389922	S	285	379	664	0.00004	0.00003	0.00000	0.00002	66	5.0
Massilia varians	457921	S	30311	30545	60856	0.00403	0.00202	0.00206	0.00196	67	nan
Chromobacterium sp. ATCC 53434	2059672	S	136386	137587	273973	0.01815	0.00911	0.00924	0.00881	67	nan
Jeongeupia sp. USM3	1906741	S	63545	63766	127311	0.00843	0.00422	0.00426	0.00403	66	nan
Candidatus Kinetoplastibacterium crithidii	33056	S	19877	20021	39898	0.00264	0.00133	0.00153	0.00146	31	nan
Quatrionicoccus australiensis	138118	S	8001	8154	16155	0.00107	0.00054	0.00052	0.00047	63	nan
Dechloromonas denitrificans	281362	S	302	337	639	0.00004	0.00002	0.00000	0.00002	61	5.0
Dechloromonas sp. A34	447588	S	125	130	255	0.00002	0.00001	0.00000	0.00001	63	4.0
Ferribacterium limneticum	76259	S	284	286	570	0.00004	0.00002	0.00000	0.00002	61	5.0
Polaribacter haliotis	1888915	S	58535	59286	117821	0.00781	0.00393	0.00463	0.00443	30	nan
Polaribacter dokdonensis	326329	S	35442	35672	71114	0.00471	0.00236	0.00279	0.00264	30	nan
Polaribacter sp. HL-MS24	3077735	S	14169	14233	28402	0.00188	0.00094	0.00094	0.00089	35	nan
Myroides phaeus	702745	S	29883	30241	60124	0.00398	0.00200	0.00214	0.00199	34	nan
Myroides fluvii	2572594	S	25404	25601	51005	0.00338	0.00170	0.00165	0.00156	37	nan
Myroides odoratimimus	76832	S	11927	24053	35980	0.00238	0.00159	0.00165	0.00155	35	nan
Myroides sp. A21	1583100	S	2092	4944	7036	0.00047	0.00033	0.00034	0.00032	35	nan
Myroides sp. ZB35	1458492	S	1675	4188	5863	0.00039	0.00028	0.00028	0.00027	35	nan
Myroides profundi	480520	S	1640	1785	3425	0.00023	0.00012	0.00012	0.00012	35	nan
Myroides albus	2562892	S	233	241	474	0.00003	0.00002	0.00002	0.00002	35	nan
Myroides odoratus	256	S	138	140	278	0.00002	0.00001	0.00000	0.00001	37	4.0
Algibacter sp. L3A6	2686366	S	67771	68390	136161	0.00902	0.00453	0.00474	0.00452	34	nan
Flavobacterium sp. N3904	2986835	S	9350	9797	19147	0.00127	0.00065	0.00066	0.00064	35	nan
Flavobacterium sp. IMCC34518	3003623	S	6234	29476	35710	0.00237	0.00195	0.00000	0.00196	34	4.0
Flavobacterium sp. I3-2	2748319	S	180	184	364	0.00002	0.00001	0.00001	0.00001	31	nan
Flavobacterium agricola	2870839	S	350	353	703	0.00005	0.00002	0.00000	0.00002	34	4.0
Tenacibaculum sp. HL-MS23	3077734	S	14415	23766	38181	0.00253	0.00157	0.00176	0.00169	31	nan
Tenacibaculum maritimum	107401	S	7065	7083	14148	0.00094	0.00047	0.00052	0.00049	32	nan
Gramella sp. MAR_2010_147	1250205	S	12259	12296	24555	0.00163	0.00081	0.00078	0.00074	38	nan
Capnocytophaga sp. FDAARGOS_737	2545799	S	3897	4114	8011	0.00053	0.00027	0.00025	0.00024	42	nan
Capnocytophaga sp. oral taxon 878	1316596	S	110	112	222	0.00001	0.00001	0.00000	0.00001	39	3.0
Capnocytophaga leadbetteri	327575	S	3372	3561	6933	0.00046	0.00024	0.00021	0.00020	41	nan
Capnocytophaga sputigena	1019	S	301	308	609	0.00004	0.00002	0.00000	0.00002	40	5.0
Capnocytophaga endodontalis	2708117	S	129	136	265	0.00002	0.00001	0.00000	0.00001	41	3.0
Salegentibacter sp. T436	1729720	S	4485	4636	9121	0.00060	0.00031	0.00030	0.00028	37	nan
Chryseobacterium aureum	2497456	S	42751	43450	86201	0.00571	0.00288	0.00274	0.00260	39	nan
Chryseobacterium sp. ZHDP1	2838877	S	13835	14951	28786	0.00191	0.00099	0.00098	0.00093	38	nan
Chryseobacterium sp. 3008163	2478663	S	226	233	459	0.00003	0.00002	0.00000	0.00002	35	5.0
Chryseobacterium sp. 6424	2039166	S	219	223	442	0.00003	0.00001	0.00000	0.00001	44	5.0
Chryseobacterium sp. CY350	2997336	S	164	166	330	0.00002	0.00001	0.00000	0.00001	36	4.0
Chryseobacterium sp.	1871047	S	163	166	329	0.00002	0.00001	0.00000	0.00001	37	4.0
Chryseobacterium sp. LJ668	2864040	S	128	129	257	0.00002	0.00001	0.00000	0.00001	36	4.0
Chryseobacterium sp. wdc7	3042315	S	100	104	204	0.00001	0.00001	0.00000	0.00001	38	4.0
Chryseobacterium balustinum	246	S	3047	3138	6185	0.00041	0.00021	0.00021	0.00021	35	nan
Chryseobacterium indoltheticum	254	S	1639	1666	3305	0.00022	0.00011	0.00000	0.00011	36	5.0
Chryseobacterium turcicum	2898076	S	180	183	363	0.00002	0.00001	0.00000	0.00001	36	5.0
Chryseobacterium taklimakanense	536441	S	138	141	279	0.00002	0.00001	0.00000	0.00001	43	4.0
Chryseobacterium faecale	2852098	S	114	114	228	0.00002	0.00001	0.00000	0.00001	40	3.0
Chryseobacterium oryzae	2929799	S	112	116	228	0.00002	0.00001	0.00000	0.00001	34	5.0
Chryseobacterium manosquense	2754694	S	104	108	212	0.00001	0.00001	0.00000	0.00001	37	4.0
Kaistella daneshvariae	2487074	S	55624	55869	111493	0.00739	0.00370	0.00335	0.00320	41	nan
Kaistella carnis	1241979	S	185	189	374	0.00002	0.00001	0.00000	0.00001	38	3.0
Cloacibacterium normanense	237258	S	81716	85506	167222	0.01108	0.00566	0.00600	0.00571	34	nan
Cloacibacterium caeni	2004710	S	158	166	324	0.00002	0.00001	0.00000	0.00001	33	4.0
Elizabethkingia sp. 2-6	2575699	S	34712	40728	75440	0.00500	0.00270	0.00267	0.00252	36	nan
Marnyiella aurantia	2758037	S	262	263	525	0.00003	0.00002	0.00000	0.00001	45	4.0
Paracrocinitomix mangrovi	2862509	S	26630	26633	53263	0.00353	0.00176	0.00174	0.00166	35	nan
Blattabacterium cuenoti	1653831	S	3993	3997	7990	0.00053	0.00026	0.00036	0.00040	25	nan
Runella sp. SP2	2268026	S	353971	353998	707969	0.04690	0.02345	0.02014	0.01918	46	nan
Hymenobacter sp. 5516J-16	2932253	S	61335	65214	126549	0.00838	0.00432	0.00381	0.00363	60	nan
Cytophaga hutchinsonii	985	S	11567	11568	23135	0.00153	0.00077	0.00072	0.00067	39	nan
Tannerella serpentiformis	712710	S	76678	76835	153513	0.01017	0.00509	0.00447	0.00423	61	nan
Bacteroides faecis	674529	S	56105	64288	120393	0.00798	0.00426	0.00376	0.00357	44	nan
Bacteroides thetaiotaomicron	818	S	2999	3306	6305	0.00042	0.00022	0.00000	0.00018	45	5.0
Bacteroides ovatus	28116	S	406	799	1205	0.00008	0.00005	0.00000	0.00004	43	5.0
Bacteroides caccae	47678	S	246	397	643	0.00004	0.00003	0.00000	0.00002	44	4.0
Bacteroides xylanisolvens	371601	S	148	293	441	0.00003	0.00002	0.00000	0.00002	43	5.0
Bacteroides salyersiae	291644	S	110	115	225	0.00001	0.00001	0.00000	0.00001	43	4.0
Bacteroides fragilis	817	S	106	134	240	0.00002	0.00001	0.00000	0.00001	45	5.0
Phocaeicola dorei	357276	S	133	167	300	0.00002	0.00001	0.00000	0.00001	42	4.0
Pedobacter riviphilus	2766984	S	107543	107734	215277	0.01426	0.00714	0.00659	0.00626	39	nan
Prosthecochloris sp. GSB1	281093	S	10856	10863	21719	0.00144	0.00072	0.00063	0.00059	58	nan
Gemmatimonas phototrophica	1379270	S	29492	29493	58985	0.00391	0.00195	0.00187	0.00178	64	nan
Campylobacter sp. RM10537	1032242	S	107712	108686	216398	0.01434	0.00720	0.00935	0.00897	29	nan
Campylobacter sp. RM16704	1500960	S	31512	32460	63972	0.00424	0.00215	0.00279	0.00264	28	nan
Campylobacter sp. CFSAN093246	2572050	S	877	15864	16741	0.00111	0.00105	0.00122	0.00118	30	nan
Campylobacter lari	201	S	38040	40097	78137	0.00518	0.00266	0.00322	0.00305	29	nan
Campylobacter helveticus	28898	S	19573	20424	39997	0.00265	0.00135	0.00140	0.00134	34	nan
Campylobacter volucris	1031542	S	8935	9202	18137	0.00120	0.00061	0.00079	0.00074	28	nan
Campylobacter jejuni	197	S	8110	47677	55787	0.00370	0.00316	0.00365	0.00355	30	nan
Campylobacter blaseri	2042961	S	5703	5714	11417	0.00076	0.00038	0.00046	0.00045	30	nan
Campylobacter upsaliensis	28080	S	691	713	1404	0.00009	0.00005	0.00000	0.00005	35	4.0
Campylobacter coli	195	S	450	585	1035	0.00007	0.00004	0.00004	0.00004	31	nan
Helicobacter suis	104628	S	116529	116758	233287	0.01546	0.00774	0.00692	0.00658	40	nan
Helicobacter sp. NHP21005	3040201	S	137	144	281	0.00002	0.00001	0.00000	0.00001	48	4.0
Helicobacter sp. NHP19-012	2849642	S	108	113	221	0.00001	0.00001	0.00000	0.00001	48	4.0
Helicobacter felis	214	S	100	100	200	0.00001	0.00001	0.00000	0.00001	44	4.0
Arcobacter peruensis	2320140	S	24025	39696	63721	0.00422	0.00263	0.00346	0.00333	28	nan
Arcobacter sp. FWKO B	2593672	S	13368	13385	26753	0.00177	0.00089	0.00103	0.00099	30	nan
Arcobacter ellisii	913109	S	10974	11193	22167	0.00147	0.00074	0.00102	0.00099	26	nan
Arcobacter aquimarinus	1315211	S	866	884	1750	0.00012	0.00006	0.00008	0.00008	26	nan
Malaciobacter halophilus	197482	S	25194	25320	50514	0.00335	0.00168	0.00228	0.00215	27	nan
Aliarcobacter cryaerophilus	28198	S	3705	3771	7476	0.00050	0.00025	0.00035	0.00032	27	nan
Aliarcobacter skirrowii	28200	S	1019	1051	2070	0.00014	0.00007	0.00009	0.00009	28	nan
Sulfurimonas autotrophica	202747	S	53176	53314	106490	0.00705	0.00353	0.00353	0.00336	36	nan
Candidatus Sulfurimonas baltica	2740404	S	30445	30667	61112	0.00405	0.00203	0.00211	0.00201	33	nan
Sulfurimonas sp. CVO	2283483	S	6541	10298	16839	0.00112	0.00068	0.00069	0.00067	35	nan
Caminibacter pacificus	1424653	S	13536	13546	27082	0.00179	0.00090	0.00095	0.00090	35	nan
Caminibacter mediatlanticus	291048	S	6492	6502	12994	0.00086	0.00043	0.00062	0.00059	27	nan
Nitratiruptor sp. SB155-2	387092	S	8928	8953	17881	0.00118	0.00059	0.00054	0.00051	41	nan
Borreliella japonica	34095	S	65550	66610	132160	0.00876	0.00441	0.00589	0.00557	27	nan
Borreliella carolinensis	478174	S	32575	42559	75134	0.00498	0.00282	0.00366	0.00351	27	nan
Borreliella finlandensis	498741	S	23213	26947	50160	0.00332	0.00179	0.00238	0.00225	28	nan
Borreliella kurtenbachii	1196056	S	19391	21762	41153	0.00273	0.00144	0.00186	0.00181	27	nan
Borreliella lusitaniae	100177	S	3879	3946	7825	0.00052	0.00026	0.00035	0.00034	28	nan
Borreliella yangtzensis	683292	S	3724	3821	7545	0.00050	0.00025	0.00035	0.00032	27	nan
Borreliella garinii	29519	S	103	179	282	0.00002	0.00001	0.00001	0.00001	28	nan
Borrelia coriaceae	144	S	40730	40797	81527	0.00540	0.00270	0.00340	0.00321	28	nan
Treponema putidum	221027	S	34268	35120	69388	0.00460	0.00233	0.00225	0.00213	38	nan
Treponema sp. OMZ 792	2563667	S	200	17364	17564	0.00116	0.00115	0.00109	0.00104	38	nan
Brachyspira pilosicoli	52584	S	18524	18551	37075	0.00246	0.00123	0.00152	0.00160	29	nan
Brachyspira intermedia	84377	S	12541	12613	25154	0.00167	0.00084	0.00108	0.00112	27	nan
Corallococcus sp. NCRR	2996782	S	118246	120368	238614	0.01581	0.00797	0.00937	0.00886	71	nan
Fusobacterium varium	856	S	44717	45098	89815	0.00595	0.00299	0.00376	0.00354	29	nan
Fusobacterium polymorphum	76857	S	6276	9636	15912	0.00105	0.00064	0.00089	0.00086	27	nan
Fusobacterium nucleatum	851	S	1947	3178	5125	0.00034	0.00021	0.00029	0.00028	27	nan
Fusobacterium ulcerans	861	S	1032	1036	2068	0.00014	0.00007	0.00000	0.00008	30	5.0
Fusobacterium vincentii	155615	S	999	1927	2926	0.00019	0.00013	0.00018	0.00017	26	nan
Fusobacterium hwasookii	1583098	S	908	1073	1981	0.00013	0.00007	0.00010	0.00009	27	nan
Fusobacterium canifelinum	285729	S	399	436	835	0.00006	0.00003	0.00004	0.00004	28	nan
Fusobacterium pseudoperiodonticum	2663009	S	304	328	632	0.00004	0.00002	0.00000	0.00003	28	5.0
Fusobacterium animalis	76859	S	242	376	618	0.00004	0.00002	0.00003	0.00003	27	nan
Fusobacterium sp. oral taxon 203	671211	S	120	143	263	0.00002	0.00001	0.00001	0.00001	28	nan
Leptotrichia wadei	157687	S	23058	23567	46625	0.00309	0.00156	0.00185	0.00185	30	nan
Candidatus Chazhemtobacterium aquaticus	2715735	S	70311	70311	140622	0.00932	0.00466	0.00400	0.00375	45	nan
Mesoterricola sediminis	2927980	S	55431	55487	110918	0.00735	0.00368	0.00448	0.00424	73	nan
Luteitalea pratensis	1855912	S	13339	13339	26678	0.00177	0.00088	0.00092	0.00087	68	nan
Geomonas nitrogeniifigens	2847991	S	43004	43186	86190	0.00571	0.00286	0.00268	0.00253	64	nan
Salidesulfovibrio onnuriiensis	2583823	S	17287	17290	34577	0.00229	0.00115	0.00104	0.00099	63	nan
Planctomyces sp. SH-PL62	1636152	S	54565	54568	109133	0.00723	0.00362	0.00406	0.00389	70	nan
Humisphaera borealis	2807512	S	3375	3375	6750	0.00045	0.00022	0.00021	0.00020	64	nan
Elusimicrobium minutum	423605	S	25418	25418	50836	0.00337	0.00168	0.00155	0.00146	40	nan
Marinitoga piezophila	149715	S	2359	7018	9377	0.00062	0.00046	0.00058	0.00055	28	nan
Homo sapiens	9606	S	249	250	499	0.00003	0.00002	0.00000	0.00001	38	4.0
