name	taxonomy_id	taxonomy_lvl	kraken_assigned_reads	added_reads	new_est_reads	fraction_total_reads	Bracken_estimate	GuaCAMOLE_estimate	GuaCAMOLE_est_eff	GC content	Taxon Removal Cycle
Microbacterium azadirachtae	582680	S	88249	88780	177029	0.01199	0.00601	0.00701	0.00673	71	nan
Microbacterium sp. RG1	2489212	S	43718	45873	89591	0.00607	0.00311	0.00334	0.00324	70	nan
Microbacterium sp. J1-1	2992441	S	29695	34183	63878	0.00433	0.00231	0.00233	0.00227	69	nan
Leifsonia sp. 21MFCrub1.1	1798223	S	25734	91045	116779	0.00791	0.00616	0.00711	0.00670	71	nan
Curtobacterium sp. MCLR17_058	2175635	S	30066	49180	79246	0.00537	0.00333	0.00381	0.00376	72	nan
Curtobacterium sp. MCBA15_004	1898733	S	13643	22553	36196	0.00245	0.00153	0.00189	0.00183	73	nan
Curtobacterium sp. MCSS17_015	2175666	S	7310	7489	14799	0.00100	0.00051	0.00060	0.00058	72	nan
Curtobacterium sp. BH-2-1-1	1905847	S	5634	5729	11363	0.00077	0.00039	0.00046	0.00045	72	nan
Curtobacterium flaccumfaciens	2035	S	144	181	325	0.00002	0.00001	0.00002	0.00001	72	nan
Leucobacter muris	1935379	S	52759	53550	106309	0.00720	0.00363	0.00412	0.00402	71	nan
Clavibacter nebraskensis	31963	S	12887	13943	26830	0.00182	0.00094	0.00123	0.00121	74	nan
Clavibacter michiganensis	28447	S	10723	11156	21879	0.00148	0.00076	0.00089	0.00100	74	nan
Clavibacter zhangzhiyongii	2768071	S	688	713	1401	0.00009	0.00005	0.00000	0.00007	75	5.0
Clavibacter capsici	1874630	S	614	638	1252	0.00008	0.00004	0.00005	0.00006	74	nan
Clavibacter sp. A6099	2860285	S	251	274	525	0.00004	0.00002	0.00000	0.00002	73	5.0
Clavibacter californiensis	1401995	S	230	249	479	0.00003	0.00002	0.00000	0.00002	74	5.0
Clavibacter phaseoli	1734031	S	207	222	429	0.00003	0.00002	0.00000	0.00002	74	5.0
Cnuibacter physcomitrellae	1619308	S	11624	11685	23309	0.00158	0.00079	0.00088	0.00087	71	nan
Rathayibacter sp. VKM Ac-2759	2609252	S	1232	2344	3576	0.00024	0.00016	0.00019	0.00018	72	nan
Rathayibacter sp. VKM Ac-2760	2609253	S	1021	1119	2140	0.00014	0.00008	0.00009	0.00009	73	nan
Rathayibacter sp. VKM Ac-2804	2609257	S	709	840	1549	0.00010	0.00006	0.00008	0.00007	73	nan
Rathayibacter sp. VKM Ac-2801	2609255	S	299	482	781	0.00005	0.00003	0.00004	0.00004	73	nan
Rathayibacter sp. VKM Ac-2754	2609251	S	144	202	346	0.00002	0.00001	0.00000	0.00001	68	4.0
Rathayibacter sp. VKM Ac-2762	2609254	S	111	434	545	0.00004	0.00003	0.00004	0.00004	74	nan
Rathayibacter festucae	110937	S	804	928	1732	0.00012	0.00006	0.00008	0.00008	73	nan
Rathayibacter oskolensis	1891671	S	699	1409	2108	0.00014	0.00010	0.00012	0.00011	73	nan
Rathayibacter tanaceti	1671680	S	676	687	1363	0.00009	0.00005	0.00005	0.00005	71	nan
Rathayibacter iranicus	59737	S	238	240	478	0.00003	0.00002	0.00000	0.00002	69	3.0
Rathayibacter tritici	33888	S	236	244	480	0.00003	0.00002	0.00000	0.00002	71	4.0
Rathayibacter rathayi	33887	S	139	142	281	0.00002	0.00001	0.00000	0.00001	71	4.0
Homoserinibacter sp. YIM 151385	2985506	S	4950	4972	9922	0.00067	0.00034	0.00043	0.00043	73	nan
Arthrobacter sp. PAMC 25486	1494608	S	171366	172118	343484	0.02326	0.01165	0.01040	0.01007	63	nan
Arthrobacter sp. PGP41	2079227	S	9424	9501	18925	0.00128	0.00064	0.00060	0.00059	66	nan
Arthrobacter sp. NicSoilB11	2830999	S	1848	4520	6368	0.00043	0.00031	0.00029	0.00028	66	nan
Arthrobacter sp. YC-RL1	1652545	S	1721	1738	3459	0.00023	0.00012	0.00000	0.00011	66	5.0
Arthrobacter sp.	1667	S	711	726	1437	0.00010	0.00005	0.00000	0.00004	63	5.0
Arthrobacter sp. U41	1849032	S	284	286	570	0.00004	0.00002	0.00000	0.00002	68	5.0
Arthrobacter sp. ERGS1:01	1704044	S	174	175	349	0.00002	0.00001	0.00000	0.00001	67	5.0
Arthrobacter sp. CJ23	2972479	S	113	113	226	0.00002	0.00001	0.00000	0.00001	68	4.0
Arthrobacter citreus	1670	S	86753	87896	174649	0.01183	0.00595	0.00559	0.00541	65	nan
Arthrobacter crystallopoietes	37928	S	216	216	432	0.00003	0.00001	0.00000	0.00001	65	4.0
Arthrobacter polaris	2813727	S	211	211	422	0.00003	0.00001	0.00000	0.00001	60	4.0
Arthrobacter dokdonellae	2211210	S	193	193	386	0.00003	0.00001	0.00000	0.00001	67	5.0
Arthrobacter alpinus	656366	S	191	235	426	0.00003	0.00002	0.00000	0.00001	63	4.0
Arthrobacter sulfonylureivorans	2486855	S	122	122	244	0.00002	0.00001	0.00000	0.00001	66	5.0
Arthrobacter agilis	37921	S	109	109	218	0.00001	0.00001	0.00000	0.00001	70	4.0
Micrococcus lylae	1273	S	40425	40864	81289	0.00550	0.00277	0.00320	0.00319	71	nan
Micrococcus luteus	1270	S	704	1058	1762	0.00012	0.00007	0.00000	0.00009	73	4.0
Glutamicibacter protophormiae	37930	S	16173	18511	34684	0.00235	0.00125	0.00142	0.00122	69	nan
Glutamicibacter creatinolyticus	162496	S	548	549	1097	0.00007	0.00004	0.00000	0.00003	67	5.0
Glutamicibacter arilaitensis	256701	S	393	403	796	0.00005	0.00003	0.00000	0.00002	59	4.0
Glutamicibacter nicotianae	37929	S	198	420	618	0.00004	0.00003	0.00000	0.00003	64	4.0
Glutamicibacter halophytocola	1933880	S	169	171	340	0.00002	0.00001	0.00000	0.00001	61	4.0
Glutamicibacter mishrai	1775880	S	118	123	241	0.00002	0.00001	0.00000	0.00001	60	4.0
Paeniglutamicibacter sp. ZC-3	2986919	S	13914	14224	28138	0.00191	0.00096	0.00000	0.00087	66	5.0
Paeniglutamicibacter sp. Y32M11	2853258	S	3327	3471	6798	0.00046	0.00024	0.00000	0.00020	62	4.0
Pseudarthrobacter psychrotolerans	2697569	S	129	179	308	0.00002	0.00001	0.00000	0.00001	66	5.0
Citricoccus sp. SGAir0253	2567881	S	141	180	321	0.00002	0.00001	0.00000	0.00002	73	4.0
Ruania suaedae	2897774	S	57639	57796	115435	0.00782	0.00391	0.00453	0.00442	72	nan
Intrasporangium calvum	53358	S	17597	17638	35235	0.00239	0.00119	0.00135	0.00132	71	nan
Isoptericola variabilis	139208	S	11366	11455	22821	0.00155	0.00078	0.00107	0.00106	75	nan
Cellulosimicrobium sp. 72-3	2731680	S	2565	5344	7909	0.00054	0.00036	0.00050	0.00053	75	nan
Paraoerskovia marina	545619	S	10701	10747	21448	0.00145	0.00073	0.00084	0.00081	72	nan
Cellulomonas xiejunii	2968083	S	5707	5786	11493	0.00078	0.00039	0.00053	0.00052	74	nan
Streptomyces sp. AM 4-1-1	3028710	S	186415	190262	376677	0.02551	0.01288	0.01483	0.01457	72	nan
Streptomyces sp. HNA39	2850561	S	39198	48885	88083	0.00596	0.00331	0.00398	0.00396	72	nan
Streptomyces sp. HSG2	2797167	S	29048	29270	58318	0.00395	0.00198	0.00242	0.00238	73	nan
Streptomyces sp. S4.7	2705439	S	20062	20952	41014	0.00278	0.00142	0.00162	0.00159	71	nan
Streptomyces sp. SirexAA-E	862751	S	13168	13578	26746	0.00181	0.00092	0.00110	0.00109	73	nan
Streptomyces sp. HUAS CB01	3053466	S	12860	13154	26014	0.00176	0.00089	0.00109	0.00108	73	nan
Streptomyces sp. MA3_2.13	2867410	S	11089	11119	22208	0.00150	0.00075	0.00093	0.00092	72	nan
Streptomyces sp. Mut1	3033811	S	10640	10980	21620	0.00146	0.00074	0.00090	0.00088	72	nan
Streptomyces sp. NA07423	3042026	S	5031	12003	17034	0.00115	0.00081	0.00101	0.00094	72	nan
Streptomyces sp. M56	1495638	S	3119	6787	9906	0.00067	0.00046	0.00056	0.00053	72	nan
Streptomyces sp. CLI2509	1984801	S	2690	6352	9042	0.00061	0.00043	0.00057	0.00054	73	nan
Streptomyces sp. 2114.2	1881022	S	1913	6575	8488	0.00057	0.00045	0.00059	0.00053	72	nan
Streptomyces sp. CdTB01	1725411	S	1847	1905	3752	0.00025	0.00013	0.00016	0.00015	72	nan
Streptomyces sp. ID38640	1265399	S	1539	4197	5736	0.00039	0.00028	0.00035	0.00033	72	nan
Streptomyces sp. HUAS 15-9	2981136	S	559	573	1132	0.00008	0.00004	0.00004	0.00004	71	nan
Streptomyces sp. FZ201	3057122	S	554	575	1129	0.00008	0.00004	0.00005	0.00004	72	nan
Streptomyces sp. M2	646637	S	511	1349	1860	0.00013	0.00009	0.00011	0.00010	72	nan
Streptomyces sp. Z423-1	2730915	S	476	492	968	0.00007	0.00003	0.00004	0.00004	72	nan
Streptomyces sp. F2	317660	S	454	708	1162	0.00008	0.00005	0.00005	0.00005	71	nan
Streptomyces sp. P3	2135430	S	434	445	879	0.00006	0.00003	0.00004	0.00003	72	nan
Streptomyces sp. Li-HN-5-11	3075432	S	431	442	873	0.00006	0.00003	0.00004	0.00003	72	nan
Streptomyces sp. SAT1	1849967	S	406	417	823	0.00006	0.00003	0.00000	0.00004	74	5.0
Streptomyces sp. JB150	2714844	S	365	381	746	0.00005	0.00003	0.00000	0.00003	73	5.0
Streptomyces sp. 3214.6	1882757	S	347	358	705	0.00005	0.00002	0.00003	0.00003	71	nan
Streptomyces sp. HUAS 14-6	2981135	S	337	351	688	0.00005	0.00002	0.00003	0.00003	73	nan
Streptomyces sp. CGMCC 4.7035	3061628	S	304	313	617	0.00004	0.00002	0.00002	0.00002	71	nan
Streptomyces sp. T12	477697	S	304	317	621	0.00004	0.00002	0.00002	0.00002	71	nan
Streptomyces sp. HUAS 2-6	3004093	S	268	280	548	0.00004	0.00002	0.00002	0.00002	72	nan
Streptomyces sp. WAC 01438	2203204	S	265	276	541	0.00004	0.00002	0.00002	0.00002	73	nan
Streptomyces sp. KMM 9044	2744474	S	260	266	526	0.00004	0.00002	0.00002	0.00002	72	nan
Streptomyces sp. HUAS 5	3031124	S	246	253	499	0.00003	0.00002	0.00002	0.00002	72	nan
Streptomyces sp. N50	3081765	S	243	246	489	0.00003	0.00002	0.00000	0.00002	71	4.0
Streptomyces sp. DSM 40868	2721173	S	239	249	488	0.00003	0.00002	0.00002	0.00002	72	nan
Streptomyces sp. HM190	2695266	S	239	247	486	0.00003	0.00002	0.00002	0.00002	73	nan
Streptomyces sp. Caat 7-52	2949637	S	236	246	482	0.00003	0.00002	0.00002	0.00002	72	nan
Streptomyces sp. NEAU-sy36	2751189	S	235	244	479	0.00003	0.00002	0.00002	0.00002	73	nan
Streptomyces sp. NA02950	2742137	S	234	237	471	0.00003	0.00002	0.00002	0.00002	72	nan
Streptomyces sp. 11x1	3038642	S	230	244	474	0.00003	0.00002	0.00002	0.00002	71	nan
Streptomyces sp. FXJ1.172	710705	S	228	239	467	0.00003	0.00002	0.00002	0.00002	71	nan
Streptomyces sp. ST1015	1848900	S	220	223	443	0.00003	0.00002	0.00002	0.00002	72	nan
Streptomyces sp. A2-16	2781734	S	219	228	447	0.00003	0.00002	0.00002	0.00002	71	nan
Streptomyces sp. BB1-1-1	3074430	S	214	229	443	0.00003	0.00002	0.00002	0.00002	72	nan
Streptomyces sp. Go40/10	2825844	S	213	226	439	0.00003	0.00002	0.00000	0.00002	73	5.0
Streptomyces sp. Go-475	2072505	S	175	188	363	0.00002	0.00001	0.00002	0.00002	73	nan
Streptomyces sp. M92	2944250	S	172	183	355	0.00002	0.00001	0.00002	0.00001	72	nan
Streptomyces sp. RPA4-2	2721244	S	172	178	350	0.00002	0.00001	0.00001	0.00001	72	nan
Streptomyces sp. GQFP	2907545	S	171	173	344	0.00002	0.00001	0.00000	0.00001	70	4.0
Streptomyces sp. LRE541	2931983	S	165	168	333	0.00002	0.00001	0.00001	0.00001	71	nan
Streptomyces sp. MST-110588	2833628	S	154	156	310	0.00002	0.00001	0.00001	0.00001	72	nan
Streptomyces sp. 11-1-2	1851167	S	154	256	410	0.00003	0.00002	0.00002	0.00002	71	nan
Streptomyces sp. DSM 40750	2801030	S	152	160	312	0.00002	0.00001	0.00001	0.00001	71	nan
Streptomyces sp. FIT100	2837956	S	148	154	302	0.00002	0.00001	0.00001	0.00001	72	nan
Streptomyces sp. C8S0	2585716	S	143	145	288	0.00002	0.00001	0.00000	0.00001	73	5.0
Streptomyces sp. NA04227	2742136	S	140	141	281	0.00002	0.00001	0.00001	0.00001	72	nan
Streptomyces sp. SCSIO ZS0520	2892996	S	135	137	272	0.00002	0.00001	0.00000	0.00001	74	5.0
Streptomyces sp. SUK 48	2582831	S	130	143	273	0.00002	0.00001	0.00000	0.00001	73	5.0
Streptomyces sp. AM8-1-1	3075825	S	128	130	258	0.00002	0.00001	0.00000	0.00001	70	4.0
Streptomyces sp. CA-210063	2801029	S	125	132	257	0.00002	0.00001	0.00001	0.00001	71	nan
Streptomyces sp. LX-29	2900152	S	125	126	251	0.00002	0.00001	0.00000	0.00001	73	5.0
Streptomyces sp. AM2-3-1	3075824	S	121	122	243	0.00002	0.00001	0.00001	0.00001	71	nan
Streptomyces sp. HP-A2021	2927875	S	118	132	250	0.00002	0.00001	0.00001	0.00001	72	nan
Streptomyces sp. NHF165	2175864	S	117	117	234	0.00002	0.00001	0.00000	0.00001	74	5.0
Streptomyces sp. HUAS YS2	3081768	S	115	118	233	0.00002	0.00001	0.00001	0.00001	72	nan
Streptomyces sp. RTd22	1841249	S	115	121	236	0.00002	0.00001	0.00001	0.00001	72	nan
Streptomyces sp. FXY-T5	3064901	S	112	121	233	0.00002	0.00001	0.00001	0.00001	72	nan
Streptomyces sp. HL-66	2964669	S	112	114	226	0.00002	0.00001	0.00000	0.00001	74	5.0
Streptomyces sp. PCS3-D2	1460244	S	111	116	227	0.00002	0.00001	0.00001	0.00001	72	nan
Streptomyces sp. XD-27	3062779	S	110	111	221	0.00001	0.00001	0.00001	0.00001	73	nan
Streptomyces sp. SN-593	659352	S	109	109	218	0.00001	0.00001	0.00000	0.00001	74	5.0
Streptomyces sp. CB09001	2083284	S	108	121	229	0.00002	0.00001	0.00000	0.00001	72	5.0
Streptomyces sp. MBT27	1488356	S	107	109	216	0.00001	0.00001	0.00001	0.00001	71	nan
Streptomyces sp. GMY02	1333528	S	107	107	214	0.00001	0.00001	0.00001	0.00001	71	nan
Streptomyces sp. BPTC-684	3043734	S	105	107	212	0.00001	0.00001	0.00001	0.00001	72	nan
Streptomyces sp. W1SF4	2305220	S	105	108	213	0.00001	0.00001	0.00000	0.00001	73	5.0
Streptomyces sp. CCM_MD2014	1561022	S	105	124	229	0.00002	0.00001	0.00001	0.00001	73	nan
Streptomyces sp. SYP-A7193	2662065	S	104	115	219	0.00001	0.00001	0.00001	0.00001	73	nan
Streptomyces sp. YIM 121038	2136401	S	101	104	205	0.00001	0.00001	0.00001	0.00001	73	nan
Streptomyces sp. SCUT-3	2684469	S	100	101	201	0.00001	0.00001	0.00000	0.00001	74	5.0
Streptomyces broussonetiae	2686304	S	152417	159203	311620	0.02110	0.01078	0.01243	0.01218	72	nan
Streptomyces xanthii	2768069	S	78623	80178	158801	0.01075	0.00543	0.00673	0.00659	73	nan
Streptomyces yatensis	155177	S	16208	18810	35018	0.00237	0.00127	0.00152	0.00148	72	nan
Streptomyces rapamycinicus	1226757	S	14235	14762	28997	0.00196	0.00100	0.00116	0.00114	71	nan
Streptomyces malaysiensis	92644	S	2438	5366	7804	0.00053	0.00036	0.00045	0.00042	72	nan
Streptomyces violaceusniger	68280	S	170	193	363	0.00002	0.00001	0.00001	0.00001	71	nan
Streptomyces hygroscopicus	1912	S	134	181	315	0.00002	0.00001	0.00001	0.00001	72	nan
Streptomyces cavourensis	67258	S	24086	33983	58069	0.00393	0.00230	0.00286	0.00276	73	nan
Streptomyces aureoverticillatus	66871	S	20552	21075	41627	0.00282	0.00143	0.00170	0.00166	72	nan
Streptomyces paludis	2282738	S	18175	18376	36551	0.00247	0.00124	0.00146	0.00144	72	nan
Streptomyces griseoviridis	45398	S	17778	18184	35962	0.00244	0.00123	0.00155	0.00152	73	nan
Streptomyces drozdowiczii	202862	S	10478	10814	21292	0.00144	0.00073	0.00090	0.00088	72	nan
Streptomyces laculatispora	887464	S	9815	10138	19953	0.00135	0.00069	0.00077	0.00076	71	nan
Streptomyces actuosus	1885	S	3642	3790	7432	0.00050	0.00026	0.00035	0.00032	73	nan
Streptomyces autolyticus	75293	S	3154	7608	10762	0.00073	0.00052	0.00064	0.00060	72	nan
Streptomyces pluripotens	1355015	S	904	917	1821	0.00012	0.00006	0.00000	0.00007	70	5.0
Streptomyces liliifuscus	2797636	S	899	928	1827	0.00012	0.00006	0.00007	0.00007	71	nan
Streptomyces cadmiisoli	2184053	S	292	297	589	0.00004	0.00002	0.00002	0.00002	71	nan
Streptomyces aurantiacus	47760	S	209	213	422	0.00003	0.00001	0.00002	0.00002	71	nan
Streptomyces phaeoluteigriseus	114686	S	181	188	369	0.00002	0.00001	0.00002	0.00001	73	nan
Streptomyces qaidamensis	1783515	S	101	111	212	0.00001	0.00001	0.00001	0.00001	72	nan
Streptomyces collinus	42684	S	558	594	1152	0.00008	0.00004	0.00006	0.00005	73	nan
Streptomyces venezuelae	54571	S	414	445	859	0.00006	0.00003	0.00004	0.00004	73	nan
Streptomyces graminofaciens	68212	S	187	196	383	0.00003	0.00001	0.00001	0.00001	71	nan
Streptomyces seoulensis	73044	S	304	312	616	0.00004	0.00002	0.00003	0.00003	73	nan
Streptomyces ferrugineus	1413221	S	294	305	599	0.00004	0.00002	0.00002	0.00002	72	nan
Streptomyces griseochromogenes	68214	S	293	302	595	0.00004	0.00002	0.00002	0.00002	71	nan
Streptomyces griseorubiginosus	67304	S	290	301	591	0.00004	0.00002	0.00002	0.00002	72	nan
Streptomyces antibioticus	1890	S	289	298	587	0.00004	0.00002	0.00003	0.00002	73	nan
Streptomyces aquilus	2548456	S	275	284	559	0.00004	0.00002	0.00002	0.00002	71	nan
Streptomyces chromofuscus	42881	S	269	279	548	0.00004	0.00002	0.00002	0.00002	72	nan
Streptomyces glaucescens	1907	S	261	271	532	0.00004	0.00002	0.00000	0.00002	73	5.0
Streptomyces asoensis	249586	S	258	265	523	0.00004	0.00002	0.00002	0.00002	72	nan
Streptomyces cynarae	2981134	S	257	263	520	0.00004	0.00002	0.00002	0.00002	71	nan
Streptomyces nigra	1827580	S	239	248	487	0.00003	0.00002	0.00002	0.00002	72	nan
Streptomyces coeruleorubidus	116188	S	234	253	487	0.00003	0.00002	0.00002	0.00002	72	nan
Streptomyces roseirectus	2768066	S	231	235	466	0.00003	0.00002	0.00000	0.00002	73	5.0
Streptomyces cyanogenus	80860	S	222	235	457	0.00003	0.00002	0.00002	0.00002	73	nan
Streptomyces viridosporus	67581	S	218	227	445	0.00003	0.00002	0.00000	0.00002	73	5.0
Streptomyces capitiformicae	2014920	S	214	219	433	0.00003	0.00001	0.00000	0.00002	70	5.0
Streptomyces avermitilis	33903	S	200	205	405	0.00003	0.00001	0.00002	0.00002	72	nan
Streptomyces chartreusis	1969	S	191	214	405	0.00003	0.00001	0.00002	0.00002	72	nan
Streptomyces cyaneochromogenes	2496836	S	190	197	387	0.00003	0.00001	0.00001	0.00001	71	nan
Streptomyces galilaeus	33899	S	189	198	387	0.00003	0.00001	0.00002	0.00002	72	nan
Streptomyces fodineus	1904616	S	189	197	386	0.00003	0.00001	0.00002	0.00002	72	nan
Streptomyces nodosus	40318	S	187	189	376	0.00003	0.00001	0.00001	0.00001	71	nan
Streptomyces incarnatus	665007	S	183	191	374	0.00003	0.00001	0.00002	0.00002	72	nan
Streptomyces coralus	66880	S	183	193	376	0.00003	0.00001	0.00002	0.00001	72	nan
Streptomyces tsukubensis	83656	S	179	181	360	0.00002	0.00001	0.00001	0.00001	72	nan
Streptomyces argyrophyllae	2726118	S	177	187	364	0.00002	0.00001	0.00000	0.00002	73	5.0
Streptomyces calvus	67282	S	174	182	356	0.00002	0.00001	0.00000	0.00002	73	5.0
Streptomyces pactum	68249	S	170	179	349	0.00002	0.00001	0.00000	0.00001	73	5.0
Streptomyces dangxiongensis	1442032	S	164	169	333	0.00002	0.00001	0.00000	0.00001	73	5.0
Streptomyces dengpaensis	2049881	S	162	165	327	0.00002	0.00001	0.00000	0.00001	71	5.0
Streptomyces roseochromogenus	285450	S	161	166	327	0.00002	0.00001	0.00001	0.00001	71	nan
Streptomyces cinnabarinus	67287	S	159	167	326	0.00002	0.00001	0.00001	0.00001	72	nan
Streptomyces antimycoticus	68175	S	156	250	406	0.00003	0.00002	0.00002	0.00002	72	nan
Streptomyces tirandamycinicus	2174846	S	147	151	298	0.00002	0.00001	0.00000	0.00001	72	5.0
Streptomyces akebiae	2865673	S	140	149	289	0.00002	0.00001	0.00001	0.00001	71	nan
Streptomyces tendae	1932	S	136	142	278	0.00002	0.00001	0.00001	0.00001	72	nan
Streptomyces davaonensis	348043	S	135	142	277	0.00002	0.00001	0.00001	0.00001	72	nan
Streptomyces lincolnensis	1915	S	135	141	276	0.00002	0.00001	0.00001	0.00001	72	nan
Streptomyces ambofaciens	1889	S	128	135	263	0.00002	0.00001	0.00000	0.00001	73	5.0
Streptomyces noursei	1971	S	128	145	273	0.00002	0.00001	0.00001	0.00001	73	nan
Streptomyces prasinus	67345	S	128	132	260	0.00002	0.00001	0.00001	0.00001	73	nan
Streptomyces spectabilis	68270	S	127	131	258	0.00002	0.00001	0.00000	0.00001	73	5.0
Streptomyces lienomycini	284035	S	125	134	259	0.00002	0.00001	0.00000	0.00001	72	5.0
Streptomyces spongiicola	1690221	S	124	127	251	0.00002	0.00001	0.00000	0.00001	73	5.0
Streptomyces peucetius	1950	S	123	125	248	0.00002	0.00001	0.00001	0.00001	71	nan
Streptomyces phaeolivaceus	2653200	S	121	126	247	0.00002	0.00001	0.00001	0.00001	72	nan
Streptomyces longhuiensis	2880933	S	117	118	235	0.00002	0.00001	0.00000	0.00001	71	5.0
Streptomyces cyaneogriseus	68192	S	115	130	245	0.00002	0.00001	0.00000	0.00001	73	5.0
Streptomyces niveus	193462	S	111	113	224	0.00002	0.00001	0.00001	0.00001	71	nan
Streptomyces clavuligerus	1901	S	105	105	210	0.00001	0.00001	0.00000	0.00001	73	5.0
Streptomyces lusitanus	68232	S	105	115	220	0.00001	0.00001	0.00000	0.00001	73	5.0
Streptomyces vilmorinianum	3051092	S	103	106	209	0.00001	0.00001	0.00001	0.00001	72	nan
Streptomyces formicae	1616117	S	100	104	204	0.00001	0.00001	0.00001	0.00001	72	nan
Mycolicibacterium moriokaense	39691	S	66933	67342	134275	0.00909	0.00456	0.00435	0.00419	66	nan
Mycolicibacterium fortuitum	1766	S	40524	42436	82960	0.00562	0.00287	0.00276	0.00266	67	nan
Mycolicibacterium pulveris	36813	S	25913	26155	52068	0.00353	0.00177	0.00175	0.00172	67	nan
Mycolicibacterium goodii	134601	S	18329	19059	37388	0.00253	0.00129	0.00126	0.00123	67	nan
Mycolicibacterium austroafricanum	39687	S	14246	36163	50409	0.00341	0.00245	0.00246	0.00239	68	nan
Mycolicibacterium duvalii	39688	S	14215	14476	28691	0.00194	0.00098	0.00100	0.00098	68	nan
Mycolicibacterium sarraceniae	1534348	S	8022	8083	16105	0.00109	0.00055	0.00052	0.00050	66	nan
Mycolicibacterium smegmatis	1772	S	1073	1134	2207	0.00015	0.00008	0.00008	0.00007	68	nan
Mycolicibacterium farcinogenes	1802	S	325	453	778	0.00005	0.00003	0.00000	0.00003	67	5.0
Mycobacterium paragordonae	1389713	S	22547	23182	45729	0.00310	0.00157	0.00155	0.00149	67	nan
Mycobacterium sp. Z3061	3073562	S	246	262	508	0.00003	0.00002	0.00000	0.00002	67	5.0
Mycobacterium sp. 20KCMC460	2903536	S	215	234	449	0.00003	0.00002	0.00000	0.00002	67	4.0
Mycobacterium avium	1764	S	193	251	444	0.00003	0.00002	0.00000	0.00002	69	4.0
Mycobacterium adipatum	1682113	S	350	373	723	0.00005	0.00003	0.00000	0.00002	68	4.0
Mycobacterium gordonae	1778	S	136	137	273	0.00002	0.00001	0.00000	0.00001	67	4.0
Mycobacteroides saopaulense	1578165	S	18977	19164	38141	0.00258	0.00130	0.00120	0.00115	65	nan
Mycobacteroides abscessus	36809	S	1743	2049	3792	0.00026	0.00014	0.00000	0.00012	65	5.0
Mycobacteroides chelonae	1774	S	356	371	727	0.00005	0.00003	0.00000	0.00002	65	4.0
Rhodococcus triatomae	300028	S	26669	27251	53920	0.00365	0.00185	0.00191	0.00186	69	nan
Rhodococcus antarcticus	2987751	S	14269	14316	28585	0.00194	0.00097	0.00122	0.00122	74	nan
Rhodococcus sp. SG20037	3074148	S	3850	21849	25699	0.00174	0.00148	0.00143	0.00130	64	nan
Rhodococcus sp. P1Y	1302308	S	2543	2556	5099	0.00035	0.00017	0.00016	0.00015	64	nan
Rhodococcus sp. RCBS9	3031999	S	2221	14307	16528	0.00112	0.00097	0.00093	0.00085	64	nan
Rhodococcus sp. B7740	1564114	S	515	519	1034	0.00007	0.00004	0.00003	0.00003	65	nan
Rhodococcus sp. MTM3W5.2	1805827	S	190	191	381	0.00003	0.00001	0.00000	0.00001	69	4.0
Rhodococcus sp. W8901	2742603	S	104	105	209	0.00001	0.00001	0.00000	0.00001	69	4.0
Rhodococcus ruber	1830	S	3827	12726	16553	0.00112	0.00086	0.00087	0.00081	64	nan
Rhodococcus fascians	1828	S	2528	2553	5081	0.00034	0.00017	0.00000	0.00015	65	5.0
Rhodococcus erythropolis	1833	S	128	313	441	0.00003	0.00002	0.00000	0.00002	63	5.0
Rhodococcus qingshengii	334542	S	122	412	534	0.00004	0.00003	0.00000	0.00002	63	5.0
Rhodococcus opacus	37919	S	176	218	394	0.00003	0.00001	0.00000	0.00001	67	4.0
Rhodococcus globerulus	33008	S	145	146	291	0.00002	0.00001	0.00000	0.00001	62	4.0
Rhodococcus coprophilus	38310	S	113	113	226	0.00002	0.00001	0.00000	0.00001	67	4.0
Nocardia yunnanensis	2382165	S	77031	77515	154546	0.01046	0.00525	0.00539	0.00527	69	nan
Nocardia asteroides	1824	S	111	112	223	0.00002	0.00001	0.00000	0.00001	71	4.0
Gordonia insulae	2420509	S	133103	134953	268056	0.01815	0.00914	0.00901	0.00875	67	nan
Corynebacterium durum	61592	S	49540	49596	99136	0.00671	0.00336	0.00281	0.00272	58	nan
Corynebacterium cyclohexanicum	322009	S	33236	33413	66649	0.00451	0.00226	0.00253	0.00248	71	nan
Corynebacterium variabile	1727	S	12192	12514	24706	0.00167	0.00085	0.00084	0.00081	68	nan
Lawsonella clevelandensis	1528099	S	13527	13584	27111	0.00184	0.00092	0.00077	0.00075	58	nan
Saccharothrix sp. 6-C	2781735	S	227836	228799	456635	0.03092	0.01549	0.01941	0.01900	73	nan
Pseudonocardia sp. DSM 110487	2865833	S	73623	73752	147375	0.00998	0.00499	0.00596	0.00585	72	nan
Pseudonocardia sp. AL041005-10	445576	S	11100	11270	22370	0.00151	0.00076	0.00102	0.00108	74	nan
Pseudonocardia sp. HH130629-09	1641402	S	967	1021	1988	0.00013	0.00007	0.00009	0.00009	74	nan
Pseudonocardia sp. EC080619-01	1096856	S	664	35000	35664	0.00241	0.00237	0.00288	0.00302	73	nan
Pseudonocardia sp. HH130630-07	1690815	S	175	183	358	0.00002	0.00001	0.00002	0.00002	75	nan
Pseudonocardia dioxanivorans	240495	S	10161	10244	20405	0.00138	0.00069	0.00089	0.00088	74	nan
Pseudonocardia alni	33907	S	370	380	750	0.00005	0.00003	0.00000	0.00003	71	5.0
Pseudonocardia autotrophica	2074	S	134	135	269	0.00002	0.00001	0.00000	0.00001	73	4.0
Amycolatopsis sp. 2-2	715472	S	21469	21768	43237	0.00293	0.00147	0.00173	0.00169	72	nan
Amycolatopsis sp. 4-36	715475	S	9433	9545	18978	0.00129	0.00065	0.00076	0.00075	72	nan
Nocardioides aromaticivorans	200618	S	141256	142032	283288	0.01918	0.00962	0.01178	0.01140	72	nan
Nocardioides sp. dk884	2662361	S	48129	48904	97033	0.00657	0.00331	0.00420	0.00408	73	nan
Nocardioides sp. S-1144	2582905	S	31388	31540	62928	0.00426	0.00214	0.00287	0.00282	74	nan
Nocardioides sp. JS614	196162	S	7368	7959	15327	0.00104	0.00054	0.00061	0.00062	72	nan
Nocardioides sambongensis	2589074	S	4708	4723	9431	0.00064	0.00032	0.00038	0.00037	72	nan
Friedmanniella luteola	546871	S	32411	32475	64886	0.00439	0.00220	0.00306	0.00297	74	nan
Micromonospora sp. WMMD882	3015151	S	11335	11460	22795	0.00154	0.00078	0.00097	0.00103	75	nan
Micromonospora sp. WMMD714	3016097	S	6812	8569	15381	0.00104	0.00058	0.00073	0.00075	73	nan
Micromonospora sp. WMMC264	3015158	S	5108	8425	13533	0.00092	0.00057	0.00075	0.00073	74	nan
Solwaraspora sp. WMMA2080	3015165	S	293	12513	12806	0.00087	0.00085	0.00099	0.00096	72	nan
Nakamurella multipartita	53461	S	14274	14306	28580	0.00194	0.00097	0.00113	0.00110	72	nan
Streptosporangium roseum	2001	S	2516	2802	5318	0.00036	0.00019	0.00021	0.00022	72	nan
Streptosporangium sp. 'caverna'	2202249	S	1254	1362	2616	0.00018	0.00009	0.00000	0.00010	70	4.0
Nonomuraea phyllanthi	2219224	S	315	343	658	0.00004	0.00002	0.00000	0.00003	72	5.0
Nonomuraea coxensis	404386	S	312	354	666	0.00005	0.00002	0.00000	0.00003	74	5.0
Nonomuraea sp. ATCC 55076	1909395	S	280	351	631	0.00004	0.00002	0.00000	0.00003	73	5.0
Nonomuraea gerenzanensis	93944	S	234	297	531	0.00004	0.00002	0.00000	0.00002	73	5.0
Thermobispora bispora	2006	S	119	121	240	0.00002	0.00001	0.00000	0.00001	73	5.0
Parolsenella catena	2003188	S	162415	164333	326748	0.02212	0.01113	0.01068	0.01030	66	nan
Olsenella uli	133926	S	63854	63862	127716	0.00865	0.00432	0.00403	0.00389	66	nan
Rubrobacter tropicus	2653851	S	39198	39198	78396	0.00531	0.00265	0.00264	0.00255	68	nan
Lactobacillus sp. IBH004	2879107	S	98838	99357	198195	0.01342	0.00673	0.00651	0.00633	37	nan
Lactobacillus sp. ESL0677	2983208	S	30811	31111	61922	0.00419	0.00211	0.00198	0.00190	41	nan
Lactobacillus sp. wkB8	1545702	S	275	296	571	0.00004	0.00002	0.00000	0.00002	38	4.0
Lactobacillus amylolyticus	83683	S	88187	88922	177109	0.01199	0.00602	0.00568	0.00545	40	nan
Lactobacillus intestinalis	151781	S	29059	29139	58198	0.00394	0.00197	0.00201	0.00190	37	nan
Lactobacillus gasseri	1596	S	27740	30837	58577	0.00397	0.00209	0.00213	0.00202	36	nan
Lactobacillus kullabergensis	1218493	S	10298	10355	20653	0.00140	0.00070	0.00070	0.00067	37	nan
Lactobacillus terrae	2269374	S	3429	3433	6862	0.00046	0.00023	0.00025	0.00024	33	nan
Lactobacillus johnsonii	33959	S	1702	1743	3445	0.00023	0.00012	0.00000	0.00012	35	5.0
Lactobacillus helveticus	1587	S	1384	1430	2814	0.00019	0.00010	0.00000	0.00009	38	4.0
Lactobacillus amylovorus	1604	S	880	910	1790	0.00012	0.00006	0.00000	0.00006	39	4.0
Lactobacillus helsingborgensis	1218494	S	863	895	1758	0.00012	0.00006	0.00006	0.00006	37	nan
Lactobacillus acidophilus	1579	S	820	824	1644	0.00011	0.00006	0.00000	0.00005	35	5.0
Lactobacillus delbrueckii	1584	S	764	773	1537	0.00010	0.00005	0.00000	0.00004	53	4.0
Lactobacillus acetotolerans	1600	S	684	689	1373	0.00009	0.00005	0.00000	0.00004	37	4.0
Lactobacillus crispatus	47770	S	598	608	1206	0.00008	0.00004	0.00000	0.00004	38	5.0
Lactobacillus kefiranofaciens	267818	S	119	124	243	0.00002	0.00001	0.00000	0.00001	39	4.0
Lactobacillus apis	303541	S	105	105	210	0.00001	0.00001	0.00000	0.00001	37	4.0
Lactobacillus paragasseri	2107999	S	105	133	238	0.00002	0.00001	0.00000	0.00001	35	4.0
Apilactobacillus kunkeei	148814	S	228101	228964	457065	0.03095	0.01550	0.01509	0.01442	38	nan
Apilactobacillus apisilvae	2923364	S	10939	10958	21897	0.00148	0.00074	0.00085	0.00082	30	nan
Apilactobacillus apinorum	1218495	S	175	175	350	0.00002	0.00001	0.00000	0.00001	34	4.0
Companilactobacillus crustorum	392416	S	78310	80254	158564	0.01074	0.00543	0.00549	0.00523	36	nan
Companilactobacillus ginsenosidimutans	1007676	S	21794	21818	43612	0.00295	0.00148	0.00141	0.00137	36	nan
Companilactobacillus paralimentarius	83526	S	161	164	325	0.00002	0.00001	0.00000	0.00001	36	4.0
Fructilactobacillus sanfranciscensis	1625	S	90568	91951	182519	0.01236	0.00623	0.00649	0.00604	35	nan
Fructilactobacillus lindneri	53444	S	3048	3096	6144	0.00042	0.00021	0.00022	0.00021	33	nan
Weissella paramesenteroides	1249	S	15558	15738	31296	0.00212	0.00107	0.00102	0.00096	38	nan
Weissella jogaejeotgali	1631871	S	139	141	280	0.00002	0.00001	0.00000	0.00001	39	4.0
Lactiplantibacillus plantarum	1590	S	1790	2057	3847	0.00026	0.00014	0.00000	0.00012	45	4.0
Lactiplantibacillus pentosus	1589	S	110	112	222	0.00002	0.00001	0.00000	0.00001	48	4.0
Liquorilactobacillus nagelii	82688	S	1263	1303	2566	0.00017	0.00009	0.00009	0.00008	38	nan
Limosilactobacillus reuteri	1598	S	648	699	1347	0.00009	0.00005	0.00000	0.00004	40	4.0
Limosilactobacillus fermentum	1613	S	241	255	496	0.00003	0.00002	0.00000	0.00001	54	4.0
Limosilactobacillus vaginalis	1633	S	121	150	271	0.00002	0.00001	0.00000	0.00001	41	4.0
Levilactobacillus brevis	1580	S	336	397	733	0.00005	0.00003	0.00000	0.00002	47	4.0
Bombilactobacillus bombi	1303590	S	150	155	305	0.00002	0.00001	0.00000	0.00001	35	3.0
Bombilactobacillus folatiphilus	2923362	S	106	132	238	0.00002	0.00001	0.00000	0.00001	38	4.0
Lacticaseibacillus paracasei	1597	S	286	354	640	0.00004	0.00002	0.00000	0.00002	47	4.0
Pediococcus pentosaceus	1255	S	146	173	319	0.00002	0.00001	0.00000	0.00001	38	3.0
Loigolactobacillus backii	375175	S	144	156	300	0.00002	0.00001	0.00000	0.00001	41	4.0
Nicoliella spurrieriana	2925830	S	130	130	260	0.00002	0.00001	0.00000	0.00001	41	4.0
Lactococcus lactis	1358	S	108110	125809	233919	0.01584	0.00852	0.00869	0.00825	35	nan
Lactococcus cremoris	1359	S	209	315	524	0.00004	0.00002	0.00000	0.00002	36	5.0
Streptococcus oralis	1303	S	34784	39049	73833	0.00500	0.00264	0.00248	0.00230	43	nan
Streptococcus pasteurianus	197614	S	17136	46500	63636	0.00431	0.00315	0.00301	0.00288	38	nan
Streptococcus sp. NPS 308	1902136	S	477	560	1037	0.00007	0.00004	0.00000	0.00003	42	5.0
Streptococcus sp. D7B5	3038077	S	299	480	779	0.00005	0.00003	0.00000	0.00003	42	5.0
Streptococcus sp. 1643	2576376	S	268	391	659	0.00004	0.00003	0.00000	0.00002	42	5.0
Streptococcus sp. oral taxon 064	712624	S	234	488	722	0.00005	0.00003	0.00000	0.00003	41	5.0
Streptococcus sp. oral taxon 431	712633	S	190	215	405	0.00003	0.00001	0.00000	0.00001	41	5.0
Streptococcus sp. DTU_2020_1001019_1_SI_AUS_MUR_006	3077584	S	140	156	296	0.00002	0.00001	0.00000	0.00001	42	5.0
Streptococcus australis	113107	S	1055	1470	2525	0.00017	0.00010	0.00000	0.00009	43	5.0
Streptococcus mitis	28037	S	658	728	1386	0.00009	0.00005	0.00000	0.00004	42	5.0
Streptococcus pneumoniae	1313	S	558	779	1337	0.00009	0.00005	0.00000	0.00005	41	5.0
Streptococcus gordonii	1302	S	222	226	448	0.00003	0.00002	0.00000	0.00001	41	5.0
Streptococcus cristatus	45634	S	176	179	355	0.00002	0.00001	0.00000	0.00001	44	4.0
Streptococcus gwangjuense	1433513	S	119	136	255	0.00002	0.00001	0.00000	0.00001	42	5.0
Streptococcus gallolyticus	315405	S	116	2700	2816	0.00019	0.00018	0.00017	0.00017	38	nan
Streptococcus sanguinis	1305	S	111	117	228	0.00002	0.00001	0.00000	0.00001	46	4.0
Streptococcus agalactiae	1311	S	105	592	697	0.00005	0.00004	0.00004	0.00004	38	nan
Carnobacterium maltaromaticum	2751	S	11140	11216	22356	0.00151	0.00076	0.00078	0.00075	35	nan
Bacillus inaquosorum	483913	S	112918	120629	233547	0.01581	0.00817	0.00719	0.00687	45	nan
Bacillus subtilis	1423	S	3617	23106	26723	0.00181	0.00156	0.00000	0.00141	37	5.0
Bacillus spizizenii	96241	S	2761	2973	5734	0.00039	0.00020	0.00000	0.00017	45	4.0
Bacillus halotolerans	260554	S	479	836	1315	0.00009	0.00006	0.00000	0.00005	43	5.0
Bacillus mojavensis	72360	S	204	230	434	0.00003	0.00002	0.00000	0.00001	44	4.0
Bacillus velezensis	492670	S	363	2803	3166	0.00021	0.00019	0.00000	0.00017	37	5.0
Bacillus vallismortis	72361	S	397	407	804	0.00005	0.00003	0.00000	0.00002	45	4.0
Bacillus paralicheniformis	1648923	S	375	419	794	0.00005	0.00003	0.00000	0.00002	47	4.0
Bacillus atrophaeus	1452	S	205	207	412	0.00003	0.00001	0.00000	0.00001	44	4.0
Bacillus tequilensis	227866	S	163	168	331	0.00002	0.00001	0.00000	0.00001	45	4.0
Bacillus sp. NP247	2846779	S	14336	34768	49104	0.00332	0.00235	0.00250	0.00219	36	nan
Bacillus sp. N5-665	2925318	S	8357	12505	20862	0.00141	0.00085	0.00088	0.00080	35	nan
Bacillus toyonensis	155322	S	2549	4975	7524	0.00051	0.00034	0.00035	0.00032	36	nan
Bacillus paranthracis	2026186	S	1968	7150	9118	0.00062	0.00048	0.00052	0.00045	36	nan
Bacillus cereus	1396	S	1458	8709	10167	0.00069	0.00059	0.00062	0.00055	36	nan
Bacillus sp. FDAARGOS_235	1839798	S	1268	7216	8484	0.00057	0.00049	0.00053	0.00045	36	nan
Bacillus mycoides	1405	S	688	1173	1861	0.00013	0.00008	0.00008	0.00008	36	nan
Bacillus thuringiensis	1428	S	621	9835	10456	0.00071	0.00067	0.00071	0.00062	36	nan
Bacillus wiedmannii	1890302	S	330	436	766	0.00005	0.00003	0.00003	0.00003	35	nan
Bacillus tropicus	2026188	S	293	646	939	0.00006	0.00004	0.00004	0.00004	36	nan
Bacillus pacificus	2026187	S	164	286	450	0.00003	0.00002	0.00002	0.00002	36	nan
Bacillus anthracis	1392	S	151	2060	2211	0.00015	0.00014	0.00015	0.00013	36	nan
Bacillus luti	2026191	S	151	163	314	0.00002	0.00001	0.00001	0.00001	35	nan
Bacillus pseudomycoides	64104	S	147	149	296	0.00002	0.00001	0.00001	0.00001	35	nan
Bacillus nitratireducens	2026193	S	110	130	240	0.00002	0.00001	0.00001	0.00001	36	nan
Bacillus cabrialesii	2487276	S	409	431	840	0.00006	0.00003	0.00000	0.00002	46	4.0
Bacillus rugosus	2715209	S	285	307	592	0.00004	0.00002	0.00000	0.00002	44	4.0
Anoxybacillus caldiproteolyticus	247480	S	117559	118360	235919	0.01597	0.00801	0.00733	0.00697	41	nan
Radiobacillus kanasensis	2844358	S	97746	98145	195891	0.01326	0.00665	0.00619	0.00589	40	nan
Lysinibacillus sphaericus	1421	S	38005	38894	76899	0.00521	0.00263	0.00253	0.00243	38	nan
Lysinibacillus timonensis	2086577	S	37041	37251	74292	0.00503	0.00252	0.00253	0.00240	35	nan
Lysinibacillus sp. 1 U-2021	3039426	S	199	253	452	0.00003	0.00002	0.00000	0.00002	38	4.0
Lysinibacillus fusiformis	28031	S	270	272	542	0.00004	0.00002	0.00000	0.00002	38	4.0
Lysinibacillus agricola	2590012	S	157	157	314	0.00002	0.00001	0.00000	0.00001	37	4.0
Halalkalibacterium halodurans	86665	S	48433	48686	97119	0.00658	0.00330	0.00292	0.00276	44	nan
Niallia sp. Man26	2912824	S	42283	42474	84757	0.00574	0.00288	0.00275	0.00264	39	nan
Halobacillus amylolyticus	2932259	S	38433	38606	77039	0.00522	0.00261	0.00237	0.00227	40	nan
Metabacillus sp. B2-18	2897333	S	22241	24424	46665	0.00316	0.00165	0.00167	0.00158	35	nan
Oceanobacillus kimchii	746691	S	15480	15584	31064	0.00210	0.00106	0.00106	0.00101	35	nan
Priestia filamentosa	1402861	S	11065	11085	22150	0.00150	0.00075	0.00074	0.00070	37	nan
Priestia endophytica	135735	S	511	514	1025	0.00007	0.00003	0.00000	0.00003	35	4.0
Priestia megaterium	1404	S	160	206	366	0.00002	0.00001	0.00000	0.00001	38	4.0
Paraliobacillus zengyii	2213194	S	8732	8745	17477	0.00118	0.00059	0.00060	0.00057	36	nan
Staphylococcus debuckii	2044912	S	84538	88375	172913	0.01171	0.00598	0.00588	0.00562	36	nan
Staphylococcus coagulans	74706	S	18102	18877	36979	0.00250	0.00128	0.00127	0.00121	36	nan
Staphylococcus lloydii	2781774	S	16391	16731	33122	0.00224	0.00113	0.00120	0.00115	34	nan
Staphylococcus caprae	29380	S	7810	8055	15865	0.00107	0.00055	0.00058	0.00055	34	nan
Staphylococcus sp. HL28	2897335	S	426	5705	6131	0.00042	0.00039	0.00037	0.00038	34	nan
Staphylococcus epidermidis	1282	S	261	287	548	0.00004	0.00002	0.00002	0.00002	33	nan
Staphylococcus capitis	29388	S	157	166	323	0.00002	0.00001	0.00001	0.00001	34	nan
Staphylococcus aureus	1280	S	112	336	448	0.00003	0.00002	0.00002	0.00002	33	nan
Mammaliicoccus vitulinus	71237	S	11430	11553	22983	0.00156	0.00078	0.00085	0.00081	32	nan
Gemella sp. oral taxon 928	1785995	S	9497	61047	70544	0.00478	0.00413	0.00472	0.00469	31	nan
Planococcus antarcticus	161360	S	28516	28645	57161	0.00387	0.00194	0.00171	0.00164	44	nan
Planococcus versutus	1302659	S	110	111	221	0.00001	0.00001	0.00000	0.00001	40	4.0
Planococcus kocurii	1374	S	105	121	226	0.00002	0.00001	0.00000	0.00001	41	4.0
Listeria monocytogenes	1639	S	192	216	408	0.00003	0.00001	0.00000	0.00001	38	4.0
Clostridium saccharoperbutylacetonicum	36745	S	58097	58320	116417	0.00788	0.00395	0.00480	0.00463	30	nan
Clostridium botulinum	1491	S	55235	60188	115423	0.00782	0.00408	0.00538	0.00519	29	nan
Clostridium intestinale	36845	S	22343	22526	44869	0.00304	0.00153	0.00184	0.00173	30	nan
Clostridium perfringens	1502	S	16576	26036	42612	0.00289	0.00176	0.00229	0.00222	29	nan
Clostridium butyricum	1492	S	15219	20692	35911	0.00243	0.00140	0.00182	0.00173	29	nan
Clostridium sp. JN-9	2507159	S	10163	10204	20367	0.00138	0.00069	0.00075	0.00073	33	nan
Clostridium sp. LQ25	2992805	S	736	2111	2847	0.00019	0.00014	0.00019	0.00018	29	nan
Clostridium sp. DL-VIII	641107	S	207	209	416	0.00003	0.00001	0.00000	0.00002	30	5.0
Clostridium sp. BJN0001	2930219	S	150	150	300	0.00002	0.00001	0.00000	0.00001	29	4.0
Clostridium sp. MB40-C1	3070996	S	102	102	204	0.00001	0.00001	0.00000	0.00001	29	4.0
Clostridium bornimense	1216932	S	10602	10658	21260	0.00144	0.00072	0.00094	0.00086	29	nan
Clostridium novyi	1542	S	1787	3984	5771	0.00039	0.00027	0.00038	0.00034	28	nan
Clostridium haemolyticum	84025	S	1463	1556	3019	0.00020	0.00011	0.00000	0.00014	26	5.0
Clostridium beijerinckii	1520	S	352	433	785	0.00005	0.00003	0.00003	0.00003	30	nan
Clostridium saccharobutylicum	169679	S	176	188	364	0.00002	0.00001	0.00002	0.00002	28	nan
Clostridium sporogenes	1509	S	161	364	525	0.00004	0.00002	0.00003	0.00003	28	nan
Clostridium estertheticum	238834	S	151	151	302	0.00002	0.00001	0.00000	0.00001	30	4.0
Clostridium tetani	1513	S	130	131	261	0.00002	0.00001	0.00000	0.00001	28	4.0
Clostridium gelidum	704125	S	110	110	220	0.00001	0.00001	0.00000	0.00001	29	5.0
Clostridium taeniosporum	394958	S	106	106	212	0.00001	0.00001	0.00000	0.00001	27	4.0
Crassaminicella indica	2855394	S	4307	4324	8631	0.00058	0.00029	0.00033	0.00032	31	nan
Paraclostridium bifermentans	1490	S	172	173	345	0.00002	0.00001	0.00000	0.00001	28	4.0
Ruminiclostridium herbifermentans	2488810	S	68715	69546	138261	0.00936	0.00471	0.00502	0.00485	34	nan
Faecalibacterium sp. I4-3-84	2929495	S	29824	35688	65512	0.00444	0.00242	0.00212	0.00198	60	nan
Petroclostridium sp. X23	3045146	S	16342	16360	32702	0.00221	0.00111	0.00105	0.00101	38	nan
Romboutsia hominis	1507512	S	61733	62177	123910	0.00839	0.00421	0.00559	0.00534	27	nan
Romboutsia ilealis	1115758	S	36430	36903	73333	0.00497	0.00250	0.00344	0.00324	27	nan
Romboutsia sp. 13368	2708053	S	219	223	442	0.00003	0.00002	0.00000	0.00002	29	5.0
Romboutsia sp. CE17	2724150	S	181	185	366	0.00002	0.00001	0.00000	0.00002	28	4.0
Peptostreptococcus sp. CBA3647	3003601	S	10454	10469	20923	0.00142	0.00071	0.00084	0.00082	30	nan
Clostridioides difficile	1496	S	5655	5891	11546	0.00078	0.00040	0.00049	0.00049	29	nan
Paeniclostridium sordellii	1505	S	291	292	583	0.00004	0.00002	0.00000	0.00003	28	4.0
[Clostridium] colinum	36835	S	26091	26123	52214	0.00354	0.00177	0.00260	0.00260	26	nan
Desulfitobacterium metallireducens	142877	S	4767	4773	9540	0.00065	0.00032	0.00029	0.00028	43	nan
Aceticella autotrophica	2755338	S	182254	182405	364659	0.02469	0.01235	0.01326	0.01284	33	nan
Caldicellulosiruptor hydrothermalis	413888	S	5187	5516	10703	0.00072	0.00037	0.00037	0.00035	36	nan
Acidilutibacter cellobiosedens	2507161	S	45456	45575	91031	0.00616	0.00309	0.00325	0.00314	33	nan
Anaerococcus mediterraneensis	1870984	S	11522	11901	23423	0.00159	0.00081	0.00083	0.00080	36	nan
Erysipelothrix sp. HDW6B	2714929	S	35471	35562	71033	0.00481	0.00241	0.00224	0.00216	38	nan
Dialister pneumosintes	39950	S	7193	7195	14388	0.00097	0.00049	0.00049	0.00047	34	nan
Mesomycoplasma dispar	86660	S	72940	73055	145995	0.00989	0.00495	0.00613	0.00596	29	nan
Mesomycoplasma lagogenitalium	171286	S	64320	64386	128706	0.00871	0.00436	0.00623	0.00683	24	nan
Mesomycoplasma hyopneumoniae	2099	S	62246	62870	125116	0.00847	0.00426	0.00544	0.00531	29	nan
Mesomycoplasma conjunctivae	45361	S	36501	36565	73066	0.00495	0.00248	0.00318	0.00307	29	nan
Mycoplasmopsis edwardii	53558	S	29566	29979	59545	0.00403	0.00203	0.00275	0.00259	27	nan
Mycoplasmopsis bovirhinis	29553	S	11146	11190	22336	0.00151	0.00076	0.00101	0.00098	27	nan
Mycoplasmopsis bovigenitalium	2112	S	8610	8647	17257	0.00117	0.00059	0.00074	0.00070	29	nan
Metamycoplasma hominis	2098	S	26803	26998	53801	0.00364	0.00183	0.00253	0.00244	27	nan
Metamycoplasma salivarium	2124	S	10152	10183	20335	0.00138	0.00069	0.00101	0.00094	25	nan
Ureaplasma diversum	42094	S	57622	57683	115305	0.00781	0.00391	0.00509	0.00486	26	nan
Spiroplasma sp. SV19	2570468	S	233	233	466	0.00003	0.00002	0.00002	0.00002	29	nan
Spiroplasma sp. NBRC 100390	1914410	S	124	63125	63249	0.00428	0.00427	0.00537	0.00523	28	nan
Spiroplasma apis	2137	S	47730	47771	95501	0.00647	0.00323	0.00416	0.00401	28	nan
Spiroplasma sabaudiense	216944	S	30785	30876	61661	0.00418	0.00209	0.00249	0.00240	30	nan
Spiroplasma eriocheiris	315358	S	14938	15058	29996	0.00203	0.00102	0.00122	0.00120	30	nan
Spiroplasma helicoides	216938	S	8623	8651	17274	0.00117	0.00059	0.00082	0.00079	26	nan
Spiroplasma phoeniceum	47835	S	7083	7732	14815	0.00100	0.00052	0.00075	0.00077	25	nan
Spiroplasma clarkii	2139	S	5911	5915	11826	0.00080	0.00040	0.00048	0.00047	30	nan
Mycoplasma suis	57372	S	39447	39468	78915	0.00534	0.00267	0.00303	0.00290	30	nan
Mycoplasma sp. 97/66	2963127	S	14431	23115	37546	0.00254	0.00157	0.00202	0.00193	26	nan
Mycoplasma sp. 1578d	2967299	S	1019	10960	11979	0.00081	0.00074	0.00092	0.00089	28	nan
Candidatus Phytoplasma solani	69896	S	7173	7290	14463	0.00098	0.00049	0.00063	0.00063	28	nan
Candidatus Phytoplasma australiense	59748	S	532	546	1078	0.00007	0.00004	0.00000	0.00005	29	4.0
Candidatus Phytoplasma rubi	399025	S	702	816	1518	0.00010	0.00006	0.00000	0.00010	25	5.0
Candidatus Phytoplasma ziziphi	135727	S	508	839	1347	0.00009	0.00006	0.00000	0.00010	25	5.0
Candidatus Phytoplasma luffae	35773	S	599	608	1207	0.00008	0.00004	0.00000	0.00007	23	5.0
Candidatus Phytoplasma mali	37692	S	396	399	795	0.00005	0.00003	0.00000	0.00006	22	4.0
Aster yellows witches'-broom phytoplasma	229545	S	153	276	429	0.00003	0.00002	0.00000	0.00003	26	5.0
Acholeplasma laidlawii	2148	S	3984	4043	8027	0.00054	0.00027	0.00030	0.00029	32	nan
Synechococcus sp. SynAce01	1916956	S	76352	76459	152811	0.01035	0.00518	0.00482	0.00465	66	nan
Prochlorococcus sp. MIT 0801	1501269	S	13400	13886	27286	0.00185	0.00094	0.00096	0.00092	35	nan
Nodularia spumigena	70799	S	26174	26283	52457	0.00355	0.00178	0.00160	0.00154	43	nan
Dolichospermum compactum	136073	S	25763	26416	52179	0.00353	0.00179	0.00169	0.00163	37	nan
Nostoc sp. TCL240-02	2572090	S	22132	22428	44560	0.00302	0.00152	0.00137	0.00131	43	nan
Nostoc sp. PCC 7524	28072	S	8949	8959	17908	0.00121	0.00061	0.00055	0.00052	43	nan
Pleurocapsa sp. FMAR1	3040204	S	31653	31653	63306	0.00429	0.00214	0.00199	0.00191	41	nan
cyanobacterium endosymbiont of Rhopalodia gibberula	1763363	S	19009	19015	38024	0.00257	0.00129	0.00137	0.00134	38	nan
Deinococcus irradiatisoli	2202254	S	6062	6065	12127	0.00082	0.00041	0.00041	0.00040	68	nan
Deinococcus metallilatus	1211322	S	5445	5456	10901	0.00074	0.00037	0.00039	0.00038	70	nan
Pseudomonas psychrophila	122355	S	173891	177188	351079	0.02377	0.01200	0.01008	0.00969	58	nan
Pseudomonas sp. GCEP-101	2974552	S	51379	54155	105534	0.00715	0.00367	0.00355	0.00343	67	nan
Pseudomonas sp. 02C 26	2054914	S	20315	38246	58561	0.00397	0.00259	0.00228	0.00219	63	nan
Pseudomonas sp. LBUM920	2126069	S	10453	21664	32117	0.00217	0.00147	0.00135	0.00124	63	nan
Pseudomonas sp. DR208	2870840	S	6616	19794	26410	0.00179	0.00134	0.00000	0.00117	64	5.0
Pseudomonas sp. SD17-1	2976883	S	5787	14818	20605	0.00140	0.00100	0.00093	0.00090	66	nan
Pseudomonas sp. B21-036	2895485	S	4891	11895	16786	0.00114	0.00081	0.00074	0.00072	66	nan
Pseudomonas sp. PDNC002	2811422	S	3301	3498	6799	0.00046	0.00024	0.00022	0.00021	66	nan
Pseudomonas sp. ATCC 13867	1294143	S	3047	3234	6281	0.00043	0.00022	0.00021	0.00020	66	nan
Pseudomonas sp. SCB32	2653853	S	2047	2135	4182	0.00028	0.00014	0.00013	0.00013	67	nan
Pseudomonas sp. PSE14	3016341	S	2015	2121	4136	0.00028	0.00014	0.00014	0.00013	67	nan
Pseudomonas sp. C9-3	3078264	S	1691	1975	3666	0.00025	0.00013	0.00013	0.00012	66	nan
Pseudomonas sp. ZM23	2961893	S	1433	1531	2964	0.00020	0.00010	0.00000	0.00009	65	5.0
Pseudomonas sp. MIL9	2807620	S	1010	1064	2074	0.00014	0.00007	0.00000	0.00006	61	4.0
Pseudomonas sp. B111	2944252	S	812	18402	19214	0.00130	0.00125	0.00116	0.00112	66	nan
Pseudomonas sp. WJP1	2986947	S	659	691	1350	0.00009	0.00005	0.00000	0.00004	62	4.0
Pseudomonas sp. S34	1573718	S	481	509	990	0.00007	0.00003	0.00000	0.00003	62	4.0
Pseudomonas sp. PP3	2815936	S	446	486	932	0.00006	0.00003	0.00000	0.00003	61	4.0
Pseudomonas sp. HS-18	2879114	S	402	973	1375	0.00009	0.00007	0.00006	0.00006	66	nan
Pseudomonas sp. URMO17WK12:I11	1283291	S	395	543	938	0.00006	0.00004	0.00000	0.00003	62	4.0
Pseudomonas sp. CP-1	2902622	S	364	4355	4719	0.00032	0.00029	0.00029	0.00026	66	nan
Pseudomonas sp. B21-040	2895486	S	340	355	695	0.00005	0.00002	0.00000	0.00002	61	4.0
Pseudomonas sp. MPC6	2498848	S	291	305	596	0.00004	0.00002	0.00000	0.00002	62	4.0
Pseudomonas sp. 273	75692	S	260	281	541	0.00004	0.00002	0.00000	0.00002	68	5.0
Pseudomonas sp. 31-12	2201356	S	232	250	482	0.00003	0.00002	0.00000	0.00001	61	4.0
Pseudomonas sp. N3-W	2975049	S	223	231	454	0.00003	0.00002	0.00000	0.00001	61	4.0
Pseudomonas sp. FP1742	2954079	S	198	242	440	0.00003	0.00002	0.00000	0.00001	61	4.0
Pseudomonas sp. DR48	2871095	S	191	208	399	0.00003	0.00001	0.00000	0.00001	60	4.0
Pseudomonas sp. ACM7	2052956	S	184	205	389	0.00003	0.00001	0.00000	0.00001	60	4.0
Pseudomonas sp. B21-015	2895473	S	169	184	353	0.00002	0.00001	0.00000	0.00001	61	4.0
Pseudomonas sp. B21-048	2895490	S	162	177	339	0.00002	0.00001	0.00000	0.00001	60	4.0
Pseudomonas sp. DG56-2	2320270	S	145	147	292	0.00002	0.00001	0.00000	0.00001	60	4.0
Pseudomonas sp. Ost2	2678260	S	142	145	287	0.00002	0.00001	0.00000	0.00001	64	5.0
Pseudomonas sp. TCU-HL1	1856685	S	135	136	271	0.00002	0.00001	0.00000	0.00001	65	5.0
Pseudomonas sp. NIBR-H-19	2901380	S	128	135	263	0.00002	0.00001	0.00000	0.00001	60	4.0
Pseudomonas sp. MM213	2866807	S	123	147	270	0.00002	0.00001	0.00000	0.00001	61	4.0
Pseudomonas sp. PIA16	2931382	S	120	121	241	0.00002	0.00001	0.00000	0.00001	64	4.0
Pseudomonas sp. Seg1	2678259	S	120	128	248	0.00002	0.00001	0.00000	0.00001	61	4.0
Pseudomonas sp. FP2196	2954086	S	117	124	241	0.00002	0.00001	0.00000	0.00001	61	4.0
Pseudomonas sp. LS44	1357074	S	117	118	235	0.00002	0.00001	0.00000	0.00001	64	4.0
Pseudomonas sp. DY-1	1755504	S	115	116	231	0.00002	0.00001	0.00000	0.00001	64	5.0
Pseudomonas sp. UW4	1207075	S	113	146	259	0.00002	0.00001	0.00000	0.00001	62	4.0
Pseudomonas sp. Q1-7	3020843	S	108	111	219	0.00001	0.00001	0.00001	0.00001	67	nan
Pseudomonas sp. LS1212	2972478	S	107	108	215	0.00001	0.00001	0.00000	0.00001	62	4.0
Pseudomonas sp. FP1962	2954083	S	106	253	359	0.00002	0.00002	0.00000	0.00001	62	5.0
Pseudomonas sp. HLS-6	2049589	S	105	108	213	0.00001	0.00001	0.00000	0.00001	61	4.0
Pseudomonas sp. 7SR1	1881017	S	104	106	210	0.00001	0.00001	0.00000	0.00001	63	4.0
Pseudomonas sp. SO81	2983246	S	103	104	207	0.00001	0.00001	0.00000	0.00001	67	5.0
Pseudomonas sp. BW7P1	2973088	S	101	107	208	0.00001	0.00001	0.00000	0.00001	62	4.0
Pseudomonas aeruginosa	287	S	23998	70253	94251	0.00638	0.00476	0.00457	0.00435	67	nan
Pseudomonas multiresinivorans	95301	S	2417	2698	5115	0.00035	0.00018	0.00017	0.00016	66	nan
Pseudomonas nitroreducens	46680	S	637	1096	1733	0.00012	0.00007	0.00007	0.00007	66	nan
Pseudomonas citronellolis	53408	S	481	650	1131	0.00008	0.00004	0.00000	0.00004	69	5.0
Pseudomonas resinovorans	53412	S	154	161	315	0.00002	0.00001	0.00001	0.00001	67	nan
Pseudomonas mendocina	300	S	136	147	283	0.00002	0.00001	0.00000	0.00001	64	4.0
Pseudomonas furukawaii	1149133	S	107	109	216	0.00001	0.00001	0.00000	0.00001	67	5.0
Pseudomonas qingdaonensis	2056231	S	16958	33154	50112	0.00339	0.00224	0.00209	0.00201	66	nan
Pseudomonas putida	303	S	2090	3629	5719	0.00039	0.00025	0.00000	0.00021	64	5.0
Pseudomonas alloputida	1940621	S	1109	12616	13725	0.00093	0.00085	0.00080	0.00076	66	nan
Pseudomonas mosselii	78327	S	178	198	376	0.00003	0.00001	0.00001	0.00001	66	nan
Pseudomonas fulva	47880	S	118	173	291	0.00002	0.00001	0.00000	0.00001	65	5.0
Pseudomonas fluorescens	294	S	1298	1598	2896	0.00020	0.00011	0.00000	0.00009	62	4.0
Pseudomonas orientalis	76758	S	149	172	321	0.00002	0.00001	0.00000	0.00001	62	4.0
Pseudomonas rhodesiae	76760	S	137	157	294	0.00002	0.00001	0.00000	0.00001	62	4.0
Pseudomonas synxantha	47883	S	111	197	308	0.00002	0.00001	0.00000	0.00001	62	4.0
Pseudomonas chlororaphis	587753	S	614	891	1505	0.00010	0.00006	0.00006	0.00005	65	nan
Pseudomonas fragi	296	S	326	369	695	0.00005	0.00003	0.00000	0.00002	60	4.0
Pseudomonas protegens	380021	S	190	266	456	0.00003	0.00002	0.00000	0.00002	65	5.0
Pseudomonas viridiflava	33069	S	218	223	441	0.00003	0.00002	0.00000	0.00001	61	4.0
Pseudomonas syringae	317	S	208	491	699	0.00005	0.00003	0.00000	0.00003	60	4.0
Pseudomonas izuensis	2684212	S	734	759	1493	0.00010	0.00005	0.00000	0.00004	61	4.0
Pseudomonas knackmussii	65741	S	583	633	1216	0.00008	0.00004	0.00004	0.00004	66	nan
Pseudomonas umsongensis	198618	S	502	521	1023	0.00007	0.00004	0.00000	0.00003	61	4.0
Pseudomonas reinekei	395598	S	427	458	885	0.00006	0.00003	0.00000	0.00003	61	4.0
Pseudomonas frederiksbergensis	104087	S	314	353	667	0.00005	0.00002	0.00000	0.00002	61	4.0
Pseudomonas arsenicoxydans	702115	S	313	331	644	0.00004	0.00002	0.00000	0.00002	60	4.0
Pseudomonas vancouverensis	95300	S	302	310	612	0.00004	0.00002	0.00000	0.00002	62	4.0
Pseudomonas otitidis	319939	S	260	265	525	0.00004	0.00002	0.00000	0.00002	68	4.0
Pseudomonas extremaustralis	359110	S	218	230	448	0.00003	0.00002	0.00000	0.00001	63	4.0
Pseudomonas silesiensis	1853130	S	214	223	437	0.00003	0.00002	0.00000	0.00001	61	4.0
Pseudomonas laurylsulfatiphila	2011015	S	168	184	352	0.00002	0.00001	0.00000	0.00001	62	4.0
Pseudomonas entomophila	312306	S	151	156	307	0.00002	0.00001	0.00001	0.00001	65	nan
Pseudomonas brassicacearum	930166	S	151	266	417	0.00003	0.00002	0.00000	0.00002	63	5.0
Pseudomonas lalkuanensis	2604832	S	142	144	286	0.00002	0.00001	0.00000	0.00001	65	5.0
Pseudomonas hormoni	3093767	S	141	149	290	0.00002	0.00001	0.00000	0.00001	61	4.0
Pseudomonas alkylphenolica	237609	S	133	136	269	0.00002	0.00001	0.00000	0.00001	63	4.0
Pseudomonas kielensis	2762577	S	125	131	256	0.00002	0.00001	0.00000	0.00001	63	4.0
Pseudomonas prosekii	1148509	S	111	114	225	0.00002	0.00001	0.00000	0.00001	61	4.0
Pseudomonas benzenivorans	556533	S	100	101	201	0.00001	0.00001	0.00000	0.00001	67	5.0
Pseudomonas denitrificans (nom. rej.)	43306	S	26417	27447	53864	0.00365	0.00186	0.00176	0.00169	66	nan
Stenotrophomonas maltophilia	40324	S	136353	172553	308906	0.02092	0.01168	0.01117	0.01090	67	nan
Stenotrophomonas sp. SAU14A_NAIMI4_5	2072413	S	820	919	1739	0.00012	0.00006	0.00006	0.00006	68	nan
Stenotrophomonas sp. ZAC14D2_NAIMI4_7	2072405	S	360	562	922	0.00006	0.00004	0.00000	0.00004	67	4.0
Stenotrophomonas sp. ESTM1D_MKCIP4_1	2072414	S	356	380	736	0.00005	0.00003	0.00000	0.00002	67	4.0
Stenotrophomonas sp. ZAC14A_NAIMI4_1	2072412	S	157	233	390	0.00003	0.00002	0.00000	0.00002	68	5.0
Stenotrophomonas sp. BIO128-Bstrain	3027225	S	22402	28578	50980	0.00345	0.00194	0.00188	0.00182	68	nan
Stenotrophomonas sp. 24(2023)	3068324	S	14896	15167	30063	0.00204	0.00103	0.00105	0.00101	69	nan
Stenotrophomonas sp. pho	2211160	S	3369	5997	9366	0.00063	0.00041	0.00040	0.00038	67	nan
Stenotrophomonas sp. Pemsol	2040586	S	3090	5302	8392	0.00057	0.00036	0.00036	0.00034	67	nan
Stenotrophomonas sp. A5586	3003271	S	1564	1574	3138	0.00021	0.00011	0.00000	0.00010	66	4.0
Stenotrophomonas sp. WZN-1	2005046	S	334	380	714	0.00005	0.00003	0.00003	0.00002	67	nan
Stenotrophomonas sp. 57	3051119	S	306	329	635	0.00004	0.00002	0.00002	0.00002	67	nan
Stenotrophomonas sp. PAMC25021	2565559	S	279	585	864	0.00006	0.00004	0.00004	0.00004	68	nan
Stenotrophomonas sp. 704A1	3055079	S	259	280	539	0.00004	0.00002	0.00002	0.00002	68	nan
Stenotrophomonas sp. 59	3051120	S	191	214	405	0.00003	0.00001	0.00001	0.00001	67	nan
Stenotrophomonas sp. NA06056	2742129	S	169	177	346	0.00002	0.00001	0.00001	0.00001	67	nan
Stenotrophomonas sp. A5588	3003272	S	123	126	249	0.00002	0.00001	0.00001	0.00001	68	nan
Stenotrophomonas sp. 610A2	3055080	S	111	111	222	0.00002	0.00001	0.00000	0.00001	64	4.0
Stenotrophomonas sp. 169	2770322	S	105	105	210	0.00001	0.00001	0.00000	0.00001	66	4.0
Stenotrophomonas sp. NY11291	2939415	S	102	187	289	0.00002	0.00001	0.00001	0.00001	67	nan
Stenotrophomonas pavanii	487698	S	41135	44465	85600	0.00580	0.00301	0.00299	0.00288	68	nan
Stenotrophomonas acidaminiphila	128780	S	309	471	780	0.00005	0.00003	0.00000	0.00003	69	5.0
Stenotrophomonas rhizophila	216778	S	278	282	560	0.00004	0.00002	0.00002	0.00002	69	nan
Stenotrophomonas indicatrix	2045451	S	114	162	276	0.00002	0.00001	0.00001	0.00001	67	nan
Xanthomonas campestris	339	S	23012	23845	46857	0.00317	0.00161	0.00152	0.00147	66	nan
Xanthomonas hyacinthi	56455	S	7397	7770	15167	0.00103	0.00053	0.00054	0.00053	69	nan
Xanthomonas hydrangeae	2775159	S	6370	6831	13201	0.00089	0.00046	0.00042	0.00041	65	nan
Xanthomonas sacchari	56458	S	141	146	287	0.00002	0.00001	0.00000	0.00001	70	5.0
Xanthomonas translucens	343	S	114	125	239	0.00002	0.00001	0.00000	0.00001	69	5.0
Xanthomonas vesicatoria	56460	S	110	120	230	0.00002	0.00001	0.00000	0.00001	65	5.0
Luteimonas sp. JM171	1896164	S	23322	23445	46767	0.00317	0.00159	0.00168	0.00164	70	nan
Luteimonas sp. YGD11-2	2508168	S	106	109	215	0.00001	0.00001	0.00000	0.00001	70	4.0
Lysobacter antibioticus	84531	S	10696	10867	21563	0.00146	0.00074	0.00074	0.00070	68	nan
Lysobacter capsici	435897	S	428	569	997	0.00007	0.00004	0.00000	0.00004	68	4.0
Lysobacter enzymogenes	69	S	199	312	511	0.00003	0.00002	0.00002	0.00002	70	nan
Pseudoxanthomonas suwonensis	314722	S	4782	4858	9640	0.00065	0.00033	0.00036	0.00036	71	nan
Pseudoxanthomonas winnipegensis	2480810	S	1717	1990	3707	0.00025	0.00013	0.00015	0.00014	70	nan
Pseudoxanthomonas daejeonensis	266062	S	1142	1159	2301	0.00016	0.00008	0.00000	0.00008	69	4.0
Pseudoxanthomonas sp. X-1	2571115	S	275	325	600	0.00004	0.00002	0.00000	0.00002	70	4.0
Pseudoxanthomonas sp. SE1	1664560	S	205	216	421	0.00003	0.00001	0.00000	0.00001	68	4.0
Pseudoxanthomonas sp. JBR18	2969308	S	115	116	231	0.00002	0.00001	0.00000	0.00001	68	4.0
Pseudoxanthomonas mexicana	128785	S	164	324	488	0.00003	0.00002	0.00000	0.00002	69	4.0
Dyella sp. GSA-30	2994496	S	22558	22603	45161	0.00306	0.00153	0.00131	0.00128	62	nan
Actinobacillus delphinicola	51161	S	209428	209782	419210	0.02839	0.01420	0.01360	0.01302	38	nan
Pasteurella dagmatis	754	S	43936	44260	88196	0.00597	0.00300	0.00283	0.00274	39	nan
Pasteurella canis	753	S	11648	11738	23386	0.00158	0.00079	0.00077	0.00074	37	nan
Pasteurella multocida	747	S	300	394	694	0.00005	0.00003	0.00000	0.00002	40	5.0
Bibersteinia trehalosi	47735	S	9213	15843	25056	0.00170	0.00107	0.00000	0.00095	42	4.0
Mannheimia haemolytica	75985	S	141	154	295	0.00002	0.00001	0.00000	0.00001	42	3.0
Coxiella endosymbiont of Amblyomma americanum	325775	S	18490	159685	178175	0.01206	0.01081	0.01101	0.01056	34	nan
Legionella spiritensis	452	S	39853	41176	81029	0.00549	0.00279	0.00241	0.00231	47	nan
Shewanella putrefaciens	24	S	6278	101626	107904	0.00731	0.00688	0.00000	0.00570	45	5.0
Pseudoalteromonas carrageenovora	227	S	18781	19235	38016	0.00257	0.00130	0.00120	0.00115	40	nan
Pseudoalteromonas aliena	247523	S	12771	12972	25743	0.00174	0.00088	0.00082	0.00078	40	nan
Pseudoalteromonas sp. Xi13	2490635	S	232	279	511	0.00003	0.00002	0.00000	0.00002	41	5.0
Pseudoalteromonas sp. MM1	3036714	S	168	172	340	0.00002	0.00001	0.00000	0.00001	41	5.0
Pseudoalteromonas sp. 1_2015MBL_MicDiv	1720343	S	153	229	382	0.00003	0.00002	0.00000	0.00001	40	4.0
Pseudoalteromonas agarivorans	176102	S	315	380	695	0.00005	0.00003	0.00000	0.00002	41	5.0
Pseudoalteromonas espejiana	28107	S	260	266	526	0.00004	0.00002	0.00000	0.00002	41	4.0
Pseudoalteromonas atlantica	288	S	106	139	245	0.00002	0.00001	0.00000	0.00001	41	5.0
Litorilituus sediminis	718192	S	28520	28613	57133	0.00387	0.00194	0.00177	0.00170	39	nan
Psychromonas sp. CNPT3	314282	S	21839	21937	43776	0.00296	0.00149	0.00140	0.00133	40	nan
Microbulbifer sp. H12	3029061	S	134347	134711	269058	0.01822	0.00912	0.00760	0.00738	58	nan
Pantoea dispersa	59814	S	68001	69162	137163	0.00929	0.00468	0.00403	0.00384	60	nan
Pantoea sp. Aalb	2576762	S	1047	1047	2094	0.00014	0.00007	0.00000	0.00010	34	5.0
Pantoea agglomerans	549	S	254	270	524	0.00004	0.00002	0.00000	0.00001	57	4.0
Candidatus Pantoea carbekii	1235990	S	253	253	506	0.00003	0.00002	0.00000	0.00002	34	4.0
Pantoea ananatis	553	S	202	204	406	0.00003	0.00001	0.00000	0.00001	55	4.0
Buchnera aphidicola	9	S	1289	1267	2556	0.00017	0.00009	0.00000	0.00013	26	4.0
Candidatus Erwinia haradaeae	1922217	S	426	446	872	0.00006	0.00003	0.00000	0.00003	36	5.0
Blochmannia endosymbiont of Camponotus sp. C-003	2945588	S	7635	30083	37718	0.00255	0.00204	0.00244	0.00244	31	nan
Blochmannia endosymbiont of Camponotus sp.	700220	S	116	117	233	0.00002	0.00001	0.00000	0.00001	32	4.0
Candidatus Blochmannia ocreatus	251538	S	7134	7147	14281	0.00097	0.00048	0.00056	0.00065	29	nan
Klebsiella pneumoniae	573	S	170	741	911	0.00006	0.00005	0.00000	0.00004	58	4.0
Escherichia coli	562	S	199	1189	1388	0.00009	0.00008	0.00000	0.00007	53	4.0
Providencia sp. PROV278	2936803	S	132	17937	18069	0.00122	0.00121	0.00117	0.00106	43	nan
Providencia rettgeri	587	S	132	546	678	0.00005	0.00004	0.00003	0.00003	43	nan
Candidatus Arsenophonus lipoptenae	634113	S	105	191	296	0.00002	0.00001	0.00000	0.00002	27	4.0
Halomonas sp. 3H	2952527	S	36076	36487	72563	0.00491	0.00247	0.00260	0.00252	70	nan
Halomonas sp. SS10-MC5	2854257	S	6669	13853	20522	0.00139	0.00094	0.00091	0.00088	67	nan
Cobetia pacifica	1055101	S	14761	19506	34267	0.00232	0.00132	0.00121	0.00113	64	nan
Cobetia marina	28258	S	4046	12189	16235	0.00110	0.00083	0.00074	0.00071	64	nan
Cobetia sp. cqz5-12	2609415	S	1973	2147	4120	0.00028	0.00015	0.00013	0.00012	63	nan
Cobetia sp. AM6	2661553	S	881	1457	2338	0.00016	0.00010	0.00009	0.00008	64	nan
Cobetia sp. 4B	2758724	S	479	641	1120	0.00008	0.00004	0.00004	0.00004	64	nan
Cobetia sp. L2A1	2686360	S	454	455	909	0.00006	0.00003	0.00000	0.00002	59	5.0
Cobetia amphilecti	1055104	S	782	1092	1874	0.00013	0.00007	0.00007	0.00006	64	nan
Candidatus Portiera aleyrodidarum	91844	S	5944	5960	11904	0.00081	0.00040	0.00058	0.00058	24	nan
Acinetobacter sp. AHP123	2913495	S	26375	43440	69815	0.00473	0.00294	0.00275	0.00264	40	nan
Acinetobacter baumannii	470	S	702	8799	9501	0.00064	0.00060	0.00055	0.00053	40	nan
Psychrobacter sp. 28M-43	2772254	S	14738	15308	30046	0.00203	0.00104	0.00092	0.00088	45	nan
Psychrobacter sp. P11G3	1699623	S	14313	14875	29188	0.00198	0.00101	0.00088	0.00085	46	nan
Psychrobacter sp. P11F6	1699621	S	635	649	1284	0.00009	0.00004	0.00004	0.00004	45	nan
Psychrobacter sp. KCTC 72983	2733866	S	553	768	1321	0.00009	0.00005	0.00005	0.00004	46	nan
Psychrobacter sp. 4Bb	888436	S	428	513	941	0.00006	0.00003	0.00000	0.00003	46	4.0
Psychrobacter sp. KH172YL61	2517899	S	271	516	787	0.00005	0.00004	0.00003	0.00003	46	nan
Psychrobacter sp. AntiMn-1	1720344	S	195	435	630	0.00004	0.00003	0.00000	0.00002	46	5.0
Psychrobacter sp. WB2	3043330	S	166	174	340	0.00002	0.00001	0.00000	0.00001	45	5.0
Psychrobacter sp. van23A	3064892	S	129	138	267	0.00002	0.00001	0.00000	0.00001	47	5.0
Psychrobacter sp. M13	3067275	S	111	111	222	0.00002	0.00001	0.00000	0.00001	45	5.0
Vibrio neonatus	278860	S	20933	21218	42151	0.00285	0.00144	0.00127	0.00121	45	nan
Vibrio sp. SS-MA-C1-2	2908646	S	9072	9127	18199	0.00123	0.00062	0.00057	0.00056	40	nan
Photobacterium toruni	1935446	S	7680	7745	15425	0.00104	0.00052	0.00050	0.00047	40	nan
Thioflavicoccus mobilis	80679	S	28993	29008	58001	0.00393	0.00196	0.00189	0.00183	66	nan
Flagellatimonas centrodinii	2806210	S	17347	17354	34701	0.00235	0.00118	0.00109	0.00106	66	nan
Candidatus Baumannia cicadellinicola	186490	S	142	142	284	0.00002	0.00001	0.00000	0.00001	37	4.0
Wolbachia endosymbiont of Dirofilaria (Dirofilaria) immitis	1812115	S	100668	100740	201408	0.01364	0.00682	0.00730	0.00701	33	nan
Wolbachia endosymbiont (group A) of Sphaerophoria taeniata	2954057	S	25278	58617	83895	0.00568	0.00397	0.00399	0.00384	35	nan
Wolbachia endosymbiont (group B) of Rhopobota naevana	2954054	S	10752	69091	79843	0.00541	0.00468	0.00476	0.00459	34	nan
Wolbachia endosymbiont (group A) of Nomada fabriciana	2954033	S	923	30473	31396	0.00213	0.00206	0.00210	0.00202	34	nan
Wolbachia endosymbiont of Ostrinia furnacalis	154048	S	500	92973	93473	0.00633	0.00630	0.00642	0.00618	34	nan
Wolbachia endosymbiont of Trichogramma pretiosum	125593	S	344	365	709	0.00005	0.00002	0.00003	0.00002	33	nan
Wolbachia endosymbiont of Oedothorax gibbosus	931100	S	286	324	610	0.00004	0.00002	0.00000	0.00002	34	5.0
Wolbachia endosymbiont of Anopheles demeilloni	2748871	S	208	263	471	0.00003	0.00002	0.00002	0.00002	33	nan
Wolbachia endosymbiont of Diaphorina citri	116598	S	156	243	399	0.00003	0.00002	0.00002	0.00002	34	nan
Wolbachia endosymbiont of Cimex lectularius	246273	S	153	153	306	0.00002	0.00001	0.00000	0.00001	37	4.0
Wolbachia endosymbiont of Ctenocephalides felis wCfeJ	2732594	S	120	120	240	0.00002	0.00001	0.00000	0.00001	35	5.0
Wolbachia endosymbiont of Litomosoides sigmodontis	80850	S	115	115	230	0.00002	0.00001	0.00000	0.00001	31	4.0
Wolbachia endosymbiont of Folsomia candida	169402	S	114	114	228	0.00002	0.00001	0.00000	0.00001	34	5.0
Wolbachia endosymbiont of Ctenocephalides felis wCfeT	2732593	S	100	100	200	0.00001	0.00001	0.00000	0.00001	36	4.0
Wolbachia pipientis	955	S	288	721	1009	0.00007	0.00005	0.00005	0.00005	34	nan
Rickettsia conorii	781	S	161763	272826	434589	0.02943	0.01847	0.02013	0.01955	31	nan
Rickettsia amblyommatis	33989	S	283	368	651	0.00004	0.00002	0.00003	0.00003	31	nan
Rickettsia japonica	35790	S	252	485	737	0.00005	0.00003	0.00004	0.00003	30	nan
Rickettsia montanensis	33991	S	245	273	518	0.00004	0.00002	0.00002	0.00002	31	nan
Rickettsia asembonensis	1068590	S	242	247	489	0.00003	0.00002	0.00002	0.00002	32	nan
Rickettsia tillamookensis	2761623	S	232	239	471	0.00003	0.00002	0.00002	0.00002	32	nan
Rickettsia akari	786	S	231	233	464	0.00003	0.00002	0.00002	0.00002	33	nan
Rickettsia australis	787	S	218	222	440	0.00003	0.00002	0.00002	0.00002	33	nan
Rickettsia rickettsii	783	S	190	13212	13402	0.00091	0.00089	0.00098	0.00095	31	nan
Rickettsia massiliae	35791	S	186	220	406	0.00003	0.00001	0.00002	0.00002	31	nan
Rickettsia rhipicephali	33992	S	174	220	394	0.00003	0.00001	0.00002	0.00002	32	nan
Rickettsia parkeri	35792	S	157	230	387	0.00003	0.00002	0.00002	0.00002	31	nan
Rickettsia africae	35788	S	110	143	253	0.00002	0.00001	0.00001	0.00001	31	nan
Orientia tsutsugamushi	784	S	43771	43773	87544	0.00593	0.00296	0.00000	0.00329	30	5.0
Sphingomonas donggukensis	2949093	S	90633	90901	181534	0.01229	0.00616	0.00627	0.00612	68	nan
Sphingomonas sp. ZFBP2030	2972485	S	36349	36451	72800	0.00493	0.00247	0.00228	0.00221	66	nan
Sphingomonas sp. IC081	304378	S	24905	33674	58579	0.00397	0.00228	0.00212	0.00206	66	nan
Sphingomonas sp. FARSPH	2219696	S	147	154	301	0.00002	0.00001	0.00000	0.00001	68	4.0
Sphingomonas glaciei	2938948	S	19167	19205	38372	0.00260	0.00130	0.00127	0.00123	67	nan
Sphingomonas sanxanigenens	397260	S	10436	11005	21441	0.00145	0.00075	0.00072	0.00070	67	nan
Sphingomonas paucimobilis	13689	S	193	202	395	0.00003	0.00001	0.00000	0.00001	66	5.0
Sphingobium sp. EP60837	1855519	S	91265	94602	185867	0.01259	0.00641	0.00561	0.00541	62	nan
Sphingobium sp. WTD-1	2979467	S	13099	18063	31162	0.00211	0.00122	0.00113	0.00108	65	nan
Sphingobium sp. YC-XJ3	3024245	S	2898	11173	14071	0.00095	0.00076	0.00072	0.00067	65	nan
Sphingobium sp. CFD-2	2878542	S	1645	4958	6603	0.00045	0.00034	0.00032	0.00030	65	nan
Sphingobium sp. RSMS	520734	S	1228	4134	5362	0.00036	0.00028	0.00026	0.00025	65	nan
Sphingobium sp. YBL2	484429	S	1121	5345	6466	0.00044	0.00036	0.00034	0.00032	65	nan
Sphingobium sp. JS3065	2970925	S	544	605	1149	0.00008	0.00004	0.00000	0.00004	64	5.0
Sphingobium sp. TKS	1315974	S	232	263	495	0.00003	0.00002	0.00000	0.00002	64	5.0
Sphingobium sp. MI1205	407020	S	166	199	365	0.00002	0.00001	0.00000	0.00001	64	5.0
Sphingobium sp. V4	3038927	S	144	146	290	0.00002	0.00001	0.00001	0.00001	64	nan
Sphingobium sp. Cam5-1	2789327	S	125	135	260	0.00002	0.00001	0.00000	0.00001	63	4.0
Sphingobium fuliginis	336203	S	5013	16889	21902	0.00148	0.00114	0.00108	0.00102	65	nan
Sphingobium indicum	332055	S	619	684	1303	0.00009	0.00005	0.00004	0.00004	66	nan
Sphingobium yanoikuyae	13690	S	329	498	827	0.00006	0.00003	0.00003	0.00003	65	nan
Sphingobium phenoxybenzoativorans	1592790	S	283	294	577	0.00004	0.00002	0.00000	0.00002	63	5.0
Sphingobium chlorophenolicum	46429	S	141	151	292	0.00002	0.00001	0.00000	0.00001	65	5.0
Sphingopyxis alaskensis	117207	S	956	1012	1968	0.00013	0.00007	0.00000	0.00006	66	5.0
Sphingopyxis sp. EG6	1874061	S	175	229	404	0.00003	0.00002	0.00000	0.00001	65	5.0
Rhizorhabdus wittichii	160791	S	232	245	477	0.00003	0.00002	0.00000	0.00002	68	5.0
Sphingosinicella flava	2771430	S	76115	76247	152362	0.01032	0.00516	0.00470	0.00454	64	nan
Sinorhizobium fredii	380	S	72154	81303	153457	0.01039	0.00551	0.00491	0.00468	63	nan
Sinorhizobium medicae	110321	S	136	142	278	0.00002	0.00001	0.00000	0.00001	62	4.0
Sinorhizobium mexicanum	375549	S	101	102	203	0.00001	0.00001	0.00000	0.00001	62	4.0
Ensifer adhaerens	106592	S	227	286	513	0.00003	0.00002	0.00000	0.00002	63	4.0
Ensifer canadensis	555315	S	114	121	235	0.00002	0.00001	0.00000	0.00001	62	4.0
Rhizobium sp. CC-CFT758	2926709	S	26092	27172	53264	0.00361	0.00184	0.00160	0.00152	62	nan
Rhizobium sp. SSA_523	2952477	S	155	162	317	0.00002	0.00001	0.00000	0.00001	62	4.0
Rhizobium sp. WYJ-E13	2849093	S	155	164	319	0.00002	0.00001	0.00000	0.00001	61	4.0
Rhizobium sp. AB2/73	2795216	S	148	299	447	0.00003	0.00002	0.00000	0.00002	60	4.0
Rhizobium sp. BG4	2613770	S	142	150	292	0.00002	0.00001	0.00000	0.00001	63	4.0
Rhizobium sp. TH2	2775403	S	140	142	282	0.00002	0.00001	0.00000	0.00001	61	4.0
Rhizobium sp. SL42	2806346	S	128	133	261	0.00002	0.00001	0.00000	0.00001	61	4.0
Rhizobium sp. CSC1952	2978974	S	128	134	262	0.00002	0.00001	0.00000	0.00001	64	4.0
Rhizobium sp. 32-5/1	3019602	S	126	133	259	0.00002	0.00001	0.00000	0.00001	60	4.0
Rhizobium sp. SSM4.3	2919917	S	108	119	227	0.00002	0.00001	0.00000	0.00001	62	4.0
Rhizobium sp. ACO-34A	1571470	S	101	110	211	0.00001	0.00001	0.00000	0.00001	62	4.0
Rhizobium jaguaris	1312183	S	7347	7669	15016	0.00102	0.00052	0.00045	0.00043	60	nan
Rhizobium leguminosarum	384	S	397	1728	2125	0.00014	0.00012	0.00000	0.00010	61	4.0
Rhizobium rhizogenes	359	S	181	382	563	0.00004	0.00003	0.00000	0.00002	61	4.0
Rhizobium tumorigenes	2041385	S	131	240	371	0.00003	0.00002	0.00000	0.00001	61	4.0
Rhizobium sullae	50338	S	100	110	210	0.00001	0.00001	0.00000	0.00001	60	4.0
Agrobacterium tumefaciens	358	S	563	960	1523	0.00010	0.00007	0.00000	0.00005	60	4.0
Agrobacterium fabrum	1176649	S	100	403	503	0.00003	0.00003	0.00000	0.00002	60	4.0
Agrobacterium vaccinii	2735528	S	147	159	306	0.00002	0.00001	0.00000	0.00001	59	4.0
Agrobacterium vitis	373	S	126	173	299	0.00002	0.00001	0.00000	0.00001	59	4.0
Agrobacterium larrymoorei	160699	S	124	142	266	0.00002	0.00001	0.00000	0.00001	58	4.0
Agrobacterium rubi	28099	S	118	173	291	0.00002	0.00001	0.00000	0.00001	59	4.0
Agrobacterium pusense	648995	S	100	368	468	0.00003	0.00002	0.00000	0.00002	60	4.0
Neorhizobium galegae	399	S	237	245	482	0.00003	0.00002	0.00000	0.00001	62	4.0
Neorhizobium petrolearium	515361	S	102	118	220	0.00001	0.00001	0.00000	0.00001	62	4.0
Pararhizobium sp. YC-54	2986920	S	125	137	262	0.00002	0.00001	0.00000	0.00001	61	4.0
Allorhizobium pseudoryzae	379684	S	153	162	315	0.00002	0.00001	0.00000	0.00001	63	4.0
Shinella sp. HZN7	879274	S	176	291	467	0.00003	0.00002	0.00000	0.00002	66	5.0
Shinella sp. PSBB067	2715959	S	142	214	356	0.00002	0.00001	0.00001	0.00001	66	nan
Shinella zoogloeoides	352475	S	448	686	1134	0.00008	0.00005	0.00000	0.00004	65	5.0
Georhizobium profundi	2341112	S	172	175	347	0.00002	0.00001	0.00000	0.00001	63	4.0
Bradyrhizobium cosmicum	1404864	S	66767	69283	136050	0.00921	0.00469	0.00426	0.00415	65	nan
Bradyrhizobium sp. sBnM-33	2831780	S	20809	21188	41997	0.00284	0.00143	0.00124	0.00121	62	nan
Bradyrhizobium sp. TM102	2599819	S	4439	11715	16154	0.00109	0.00079	0.00073	0.00070	65	nan
Rhodopseudomonas palustris	1076	S	136	143	279	0.00002	0.00001	0.00000	0.00001	66	5.0
Aureimonas sp. AU20	1349819	S	46114	46837	92951	0.00629	0.00317	0.00343	0.00301	67	nan
Aureimonas sp. SA4125	2826993	S	1226	1246	2472	0.00017	0.00008	0.00008	0.00008	66	nan
Aureimonas sp. OT7	2816454	S	671	775	1446	0.00010	0.00005	0.00005	0.00005	66	nan
Aureimonas sp. D3	1638164	S	183	2737	2920	0.00020	0.00019	0.00000	0.00016	55	4.0
Aureimonas populi	1701758	S	1623	1652	3275	0.00022	0.00011	0.00000	0.00011	68	5.0
Aureimonas mangrovi	2758041	S	1524	1558	3082	0.00021	0.00011	0.00000	0.00010	67	5.0
Aureimonas altamirensis	370622	S	931	968	1899	0.00013	0.00007	0.00000	0.00006	65	5.0
Aurantimonas sp. HBX-1	2906072	S	895	929	1824	0.00012	0.00006	0.00000	0.00006	68	4.0
Jiella pelagia	2986949	S	768	779	1547	0.00010	0.00005	0.00005	0.00005	66	nan
Chelatococcus sp. CO-6	1702325	S	33803	34982	68785	0.00466	0.00237	0.00248	0.00241	70	nan
Methylobacterium aquaticum	270351	S	17908	18949	36857	0.00250	0.00128	0.00140	0.00143	72	nan
Methylobacterium sp. 17Sr1-1	2202826	S	5437	5711	11148	0.00075	0.00039	0.00045	0.00044	72	nan
Methylobacterium sp. FF17	2984843	S	105	106	211	0.00001	0.00001	0.00000	0.00001	70	4.0
Methylobacterium indicum	1775910	S	378	399	777	0.00005	0.00003	0.00000	0.00003	71	4.0
Methylobacterium radiodurans	2202828	S	123	125	248	0.00002	0.00001	0.00000	0.00001	71	4.0
Methylobacterium organophilum	410	S	112	132	244	0.00002	0.00001	0.00000	0.00001	71	4.0
Methylorubrum extorquens	408	S	147	213	360	0.00002	0.00001	0.00000	0.00001	69	4.0
Methylorubrum populi	223967	S	102	113	215	0.00001	0.00001	0.00000	0.00001	70	4.0
Brucella sp. BO2	693750	S	2852	7442	10294	0.00070	0.00050	0.00042	0.00041	59	nan
Brucella sp. BO3	2691913	S	641	1459	2100	0.00014	0.00010	0.00008	0.00008	59	nan
Brucella sp. 2280	2592625	S	547	1427	1974	0.00013	0.00010	0.00008	0.00008	59	nan
Brucella sp. 6810	2769351	S	547	1286	1833	0.00012	0.00009	0.00007	0.00007	59	nan
Brucella sp. 10RB9215	1149953	S	476	900	1376	0.00009	0.00006	0.00005	0.00005	59	nan
Brucella sp. 09RB8910	1844051	S	435	829	1264	0.00009	0.00006	0.00005	0.00005	59	nan
Brucella sp. 09RB8471	1149952	S	426	1066	1492	0.00010	0.00007	0.00006	0.00006	59	nan
Brucella sp. 2716	2975052	S	374	695	1069	0.00007	0.00005	0.00004	0.00004	59	nan
Brucella sp. 458	2821140	S	355	1030	1385	0.00009	0.00007	0.00006	0.00006	59	nan
Brucella sp. NM4	3045175	S	141	144	285	0.00002	0.00001	0.00000	0.00001	58	4.0
Brucella intermedia	94625	S	174	181	355	0.00002	0.00001	0.00000	0.00001	59	4.0
Brucella inopinata	1218315	S	169	327	496	0.00003	0.00002	0.00000	0.00002	59	5.0
Mesorhizobium sp. 8	2584466	S	142	590	732	0.00005	0.00004	0.00000	0.00004	65	5.0
Mesorhizobium sp. WR6	3074855	S	115	177	292	0.00002	0.00001	0.00000	0.00001	64	4.0
Mesorhizobium sp. DCY119	2108445	S	111	393	504	0.00003	0.00003	0.00000	0.00002	64	4.0
Mesorhizobium opportunistum	593909	S	129	897	1026	0.00007	0.00006	0.00000	0.00005	64	4.0
Mesorhizobium terrae	2725666	S	128	216	344	0.00002	0.00001	0.00000	0.00001	64	4.0
Phyllobacterium zundukense	1867719	S	166	208	374	0.00003	0.00001	0.00000	0.00001	58	4.0
Nitratireductor sp. OM-1	1756988	S	151	173	324	0.00002	0.00001	0.00000	0.00001	62	4.0
Aquibium microcysteis	675281	S	172	227	399	0.00003	0.00002	0.00000	0.00001	68	4.0
Aquibium oceanicum	1670800	S	101	127	228	0.00002	0.00001	0.00000	0.00001	66	5.0
Chelativorans sp. AA-79	3028735	S	127	141	268	0.00002	0.00001	0.00000	0.00001	64	5.0
Roseitalea porphyridii	1852022	S	124	139	263	0.00002	0.00001	0.00000	0.00001	67	5.0
Bartonella sp. 1-1C	515256	S	5348	5527	10875	0.00074	0.00037	0.00037	0.00036	37	nan
Ancylobacter polymorphus	223390	S	123	187	310	0.00002	0.00001	0.00000	0.00001	67	5.0
Labrys sp. KNU-23	2789216	S	198	199	397	0.00003	0.00001	0.00000	0.00001	65	4.0
Pannonibacter phragmitetus	121719	S	173	240	413	0.00003	0.00002	0.00000	0.00001	65	5.0
Stappia indica	538381	S	109	159	268	0.00002	0.00001	0.00001	0.00001	68	nan
Hartmannibacter diazotrophicus	1482074	S	130	132	262	0.00002	0.00001	0.00000	0.00001	65	4.0
uncultured Pleomorphomonas sp.	442121	S	106	117	223	0.00002	0.00001	0.00001	0.00001	68	nan
Kaistia sp. 32K	2795690	S	194	199	393	0.00003	0.00001	0.00000	0.00001	67	5.0
uncultured Cohaesibacter sp.	1002546	S	128	147	275	0.00002	0.00001	0.00000	0.00001	58	4.0
Pseudooceanicola atlanticus	1461694	S	75240	76108	151348	0.01025	0.00515	0.00478	0.00459	65	nan
Haematobacter massiliensis	195105	S	14449	15555	30004	0.00203	0.00105	0.00098	0.00094	66	nan
Paracoccus aminophilus	34003	S	171	175	346	0.00002	0.00001	0.00000	0.00001	64	5.0
Paracoccus yeei	147645	S	108	346	454	0.00003	0.00002	0.00000	0.00002	68	5.0
Thioclava nitratireducens	1915078	S	176	201	377	0.00003	0.00001	0.00000	0.00001	64	4.0
Neotabrizicola shimadae	2807096	S	152	153	305	0.00002	0.00001	0.00000	0.00001	66	4.0
Cereibacter sphaeroides	1063	S	109	115	224	0.00002	0.00001	0.00000	0.00001	69	4.0
Frigidibacter mobilis	1335048	S	131	138	269	0.00002	0.00001	0.00000	0.00001	66	4.0
Leisingera aquaemixtae	1396826	S	33438	34414	67852	0.00459	0.00233	0.00218	0.00211	66	nan
Roseovarius faecimaris	2494550	S	28093	28233	56326	0.00381	0.00191	0.00169	0.00164	63	nan
Roseovarius indicus	540747	S	395	482	877	0.00006	0.00003	0.00000	0.00003	65	5.0
Sulfitobacter sp. JL08	2070369	S	11865	11908	23773	0.00161	0.00081	0.00067	0.00065	57	nan
Sulfitobacter sp. THAF37	2587855	S	892	1355	2247	0.00015	0.00009	0.00000	0.00008	64	4.0
Sulfitobacter faviae	1775881	S	762	1151	1913	0.00013	0.00008	0.00000	0.00007	63	5.0
Sulfitobacter alexandrii	1917485	S	329	514	843	0.00006	0.00003	0.00000	0.00003	65	4.0
Salipiger profundus	1229727	S	724	901	1625	0.00011	0.00006	0.00000	0.00006	67	4.0
Salipiger abyssi	1250539	S	106	124	230	0.00002	0.00001	0.00000	0.00001	66	4.0
Sagittula sp. MA-2	3048007	S	399	485	884	0.00006	0.00003	0.00000	0.00003	67	4.0
Sagittula sp. P11	2009329	S	349	545	894	0.00006	0.00004	0.00000	0.00003	66	4.0
Mameliella alba	561184	S	776	863	1639	0.00011	0.00006	0.00000	0.00005	65	4.0
Pseudosulfitobacter pseudonitzschiae	1402135	S	617	776	1393	0.00009	0.00005	0.00000	0.00004	63	5.0
Phaeobacter inhibens	221822	S	359	513	872	0.00006	0.00003	0.00003	0.00003	61	nan
Actibacterium sp. EMB200-NS6	1609966	S	141	192	333	0.00002	0.00001	0.00000	0.00001	65	4.0
Ponticoccus alexandrii	1943633	S	106	109	215	0.00001	0.00001	0.00000	0.00001	67	4.0
Skermanella pratensis	2233999	S	68717	69207	137924	0.00934	0.00469	0.00471	0.00459	69	nan
Azospirillum lipoferum	193	S	14984	15409	30393	0.00206	0.00104	0.00106	0.00104	69	nan
Azospirillum sp. B510	137722	S	6050	6116	12166	0.00082	0.00041	0.00042	0.00041	69	nan
Acetobacter ghanensis	431306	S	41870	42253	84123	0.00570	0.00286	0.00238	0.00232	59	nan
Acetobacter pasteurianus	438	S	248	337	585	0.00004	0.00002	0.00000	0.00002	55	4.0
Novacetimonas hansenii	436	S	27035	27504	54539	0.00369	0.00186	0.00163	0.00157	62	nan
Granulibacter bethesdensis	364410	S	194	194	388	0.00003	0.00001	0.00000	0.00001	60	4.0
Pararhodospirillum photometricum	1084	S	10201	10209	20410	0.00138	0.00069	0.00066	0.00063	66	nan
Hyphomonas sp. CACIAM 19H1	1873716	S	36837	36976	73813	0.00500	0.00250	0.00220	0.00214	63	nan
Phenylobacterium parvum	2201350	S	24293	24344	48637	0.00329	0.00165	0.00182	0.00176	71	nan
Brevundimonas mediterranea	74329	S	5602	5804	11406	0.00077	0.00039	0.00039	0.00038	68	nan
Brevundimonas sp. BT-123	2986928	S	1531	1804	3335	0.00023	0.00012	0.00012	0.00011	67	nan
Brevundimonas sp. SL130	2995143	S	220	223	443	0.00003	0.00002	0.00000	0.00001	68	4.0
Brevundimonas vancanneytii	1325724	S	220	300	520	0.00004	0.00002	0.00000	0.00002	67	4.0
Asticcacaulis sp. SL142	2995155	S	2578	2592	5170	0.00035	0.00018	0.00014	0.00014	59	nan
Candidatus Pelagibacter ubique	198252	S	30277	30399	60676	0.00411	0.00206	0.00248	0.00241	31	nan
Caballeronia sp. NK8	140098	S	238093	260952	499045	0.03379	0.01767	0.01572	0.01519	64	nan
Caballeronia sp. SL2Y3	2878151	S	50542	51812	102354	0.00693	0.00351	0.00322	0.00310	65	nan
Burkholderia seminalis	488731	S	43710	47496	91206	0.00618	0.00322	0.00318	0.00314	68	nan
Burkholderia cenocepacia	95486	S	698	1278	1976	0.00013	0.00009	0.00000	0.00008	68	5.0
Burkholderia cepacia	292	S	361	406	767	0.00005	0.00003	0.00003	0.00003	68	nan
Burkholderia pyrrocinia	60550	S	209	231	440	0.00003	0.00002	0.00000	0.00002	68	5.0
Burkholderia multivorans	87883	S	183	189	372	0.00003	0.00001	0.00000	0.00001	68	4.0
Burkholderia contaminans	488447	S	181	204	385	0.00003	0.00001	0.00001	0.00001	67	nan
Burkholderia pseudomallei	28450	S	320	387	707	0.00005	0.00003	0.00000	0.00003	69	4.0
Burkholderia glumae	337	S	186	188	374	0.00003	0.00001	0.00000	0.00001	69	4.0
Cupriavidus pauculus	82633	S	34580	35355	69935	0.00474	0.00239	0.00000	0.00219	66	5.0
Tepidimonas taiwanensis	307486	S	51102	51770	102872	0.00697	0.00351	0.00368	0.00363	69	nan
Thiomonas intermedia	926	S	25567	25820	51387	0.00348	0.00175	0.00165	0.00159	66	nan
Rhizobacter gummiphilus	946333	S	5328	5368	10696	0.00072	0.00036	0.00000	0.00037	70	5.0
Achromobacter xylosoxidans	85698	S	10161	12070	22231	0.00151	0.00082	0.00082	0.00079	68	nan
Achromobacter sp. AONIH1	1758194	S	1584	1713	3297	0.00022	0.00012	0.00013	0.00011	69	nan
Achromobacter sp. R39	3047478	S	1203	1216	2419	0.00016	0.00008	0.00000	0.00007	62	4.0
Achromobacter sp. MFA1 R4	1881016	S	958	998	1956	0.00013	0.00007	0.00007	0.00006	67	nan
Achromobacter sp. B7	2282475	S	206	650	856	0.00006	0.00004	0.00000	0.00004	66	4.0
Achromobacter sp. ES-001	2860286	S	204	655	859	0.00006	0.00004	0.00000	0.00004	66	4.0
Achromobacter sp. 77	2756133	S	106	211	317	0.00002	0.00001	0.00001	0.00001	67	nan
Achromobacter deleyi	1353891	S	2910	3314	6224	0.00042	0.00022	0.00022	0.00021	68	nan
Achromobacter spanius	217203	S	2776	4877	7653	0.00052	0.00033	0.00000	0.00030	66	5.0
Achromobacter ruhlandii	72557	S	2416	2916	5332	0.00036	0.00020	0.00021	0.00019	69	nan
Achromobacter denitrificans	32002	S	1484	1545	3029	0.00021	0.00010	0.00011	0.00010	69	nan
Achromobacter insolitus	217204	S	881	916	1797	0.00012	0.00006	0.00000	0.00006	66	5.0
Achromobacter pestifer	1353889	S	658	722	1380	0.00009	0.00005	0.00005	0.00005	67	nan
Achromobacter mucicolens	1389922	S	519	692	1211	0.00008	0.00005	0.00000	0.00004	67	5.0
Achromobacter aegrifaciens	1287736	S	114	276	390	0.00003	0.00002	0.00002	0.00002	67	nan
Janthinobacterium sp. HH102	1537274	S	23582	30185	53767	0.00364	0.00204	0.00188	0.00179	65	nan
Janthinobacterium sp. 1_2014MBL_MicDiv	1644131	S	2329	2381	4710	0.00032	0.00016	0.00015	0.00015	65	nan
Delftia tsuruhatensis	180282	S	2392	7503	9895	0.00067	0.00051	0.00050	0.00049	69	nan
Delftia lacustris	558537	S	1631	7306	8937	0.00061	0.00049	0.00049	0.00047	68	nan
Delftia acidovorans	80866	S	1215	2252	3467	0.00023	0.00015	0.00015	0.00015	69	nan
Delftia sp. HK171	1920191	S	140	426	566	0.00004	0.00003	0.00003	0.00003	69	nan
Comamonas testosteroni	285	S	232	330	562	0.00004	0.00002	0.00000	0.00002	63	4.0
Variovorax paradoxus	34073	S	139	179	318	0.00002	0.00001	0.00000	0.00001	68	5.0
Caldimonas thermodepolymerans	215580	S	454	476	930	0.00006	0.00003	0.00000	0.00004	71	4.0
Schlegelella aquatica	376175	S	340	349	689	0.00005	0.00002	0.00000	0.00002	69	4.0
uncultured Propionivibrio sp.	426737	S	411232	411666	822898	0.05572	0.02787	0.02447	0.02378	64	nan
Chromobacterium sp. Beijing	2735795	S	25128	31093	56221	0.00381	0.00211	0.00198	0.00192	66	nan
Chromobacterium sp. IIBBL 290-4	2953890	S	18058	18216	36274	0.00246	0.00123	0.00111	0.00107	64	nan
Neisseria gonorrhoeae	485	S	168	193	361	0.00002	0.00001	0.00000	0.00001	55	4.0
Usitatibacter rugosus	2732067	S	28678	28707	57385	0.00389	0.00194	0.00192	0.00185	68	nan
Candidatus Kinetoplastibacterium desouzaii	994692	S	9308	9366	18674	0.00126	0.00063	0.00075	0.00073	31	nan
Candidatus Kinetoplastibacterium galatii	994695	S	6109	6169	12278	0.00083	0.00042	0.00046	0.00044	32	nan
Candidatus Kinetoplastibacterium sorsogonicusi	1576550	S	3568	3575	7143	0.00048	0.00024	0.00035	0.00037	26	nan
Hydrogenophilus thermoluteolus	297	S	132	132	264	0.00002	0.00001	0.00000	0.00001	62	4.0
Flavobacterium sp. I3-2	2748319	S	52742	54529	107271	0.00726	0.00369	0.00422	0.00405	31	nan
Flavobacterium sp. 20NA77.7	3073563	S	30421	30569	60990	0.00413	0.00207	0.00224	0.00216	33	nan
Flavobacterium sp. N2013	2986828	S	361	100467	100828	0.00683	0.00680	0.00000	0.00666	35	5.0
Flavobacterium endoglycinae	2816357	S	42542	43006	85548	0.00579	0.00291	0.00299	0.00288	35	nan
Flavobacterium gilvum	1492737	S	7240	7275	14515	0.00098	0.00049	0.00050	0.00048	36	nan
Flavobacterium ammonificans	1751056	S	130	131	261	0.00002	0.00001	0.00000	0.00001	34	5.0
Cellulophaga algicola	59600	S	140374	140837	281211	0.01904	0.00954	0.00989	0.00950	34	nan
Cellulophaga sp. HaHa_2_1	2749994	S	21705	32067	53772	0.00364	0.00217	0.00219	0.00211	34	nan
Tenacibaculum sp. HL-MS23	3077734	S	73315	101305	174620	0.01182	0.00686	0.00774	0.00742	31	nan
Tenacibaculum singaporense	2358479	S	21421	21900	43321	0.00293	0.00148	0.00163	0.00156	31	nan
Mesoflavibacter sp. SCSIO 43206	2779362	S	151	69545	69696	0.00472	0.00471	0.00512	0.00506	31	nan
Flavivirga eckloniae	1803846	S	66905	66966	133871	0.00906	0.00453	0.00467	0.00451	34	nan
Polaribacter dokdonensis	326329	S	38249	38713	76962	0.00521	0.00262	0.00309	0.00295	30	nan
Polaribacter sp. KT 15	1896175	S	8583	8892	17475	0.00118	0.00060	0.00071	0.00069	30	nan
Polaribacter sp. SA4-10	754397	S	146	146	292	0.00002	0.00001	0.00000	0.00001	30	4.0
Psychroflexus torquis	57029	S	28611	28627	57238	0.00388	0.00194	0.00204	0.00190	34	nan
Nonlabens ulvanivorans	906888	S	22887	22952	45839	0.00310	0.00155	0.00156	0.00148	34	nan
Nonlabens dokdonensis	328515	S	343	344	687	0.00005	0.00002	0.00000	0.00002	36	5.0
Nonlabens sp. MB-3u-79	2058134	S	184	191	375	0.00003	0.00001	0.00000	0.00001	38	4.0
Abyssalbus ytuae	2926907	S	21669	21681	43350	0.00294	0.00147	0.00147	0.00143	36	nan
Lutibacter sp. A64	2918526	S	17925	18123	36048	0.00244	0.00123	0.00146	0.00142	29	nan
Dokdonia donghaensis	326320	S	7868	7997	15865	0.00107	0.00054	0.00051	0.00049	39	nan
Allomuricauda lutaonensis	516051	S	7522	7583	15105	0.00102	0.00051	0.00045	0.00043	47	nan
Mangrovimonas sp. YM274	3070660	S	6897	6912	13809	0.00094	0.00047	0.00044	0.00042	39	nan
Blattabacterium sp. (Blaberus giganteus)	1186051	S	48419	48714	97133	0.00658	0.00330	0.00470	0.00479	26	nan
Blattabacterium sp. (Nauphoeta cinerea)	1316444	S	28797	28966	57763	0.00391	0.00196	0.00274	0.00280	24	nan
Blattabacterium sp. DPU	2715232	S	2578	2583	5161	0.00035	0.00017	0.00025	0.00026	24	nan
Blattabacterium sp. (Cryptocercus kyebangensis)	298656	S	1167	1173	2340	0.00016	0.00008	0.00011	0.00012	24	nan
Blattabacterium cuenoti	1653831	S	126	126	252	0.00002	0.00001	0.00000	0.00001	25	4.0
Chryseobacterium sp. wdc7	3042315	S	26842	27552	54394	0.00368	0.00187	0.00181	0.00173	38	nan
Chryseobacterium sp. MA9	2966625	S	18582	18945	37527	0.00254	0.00128	0.00127	0.00121	37	nan
Empedobacter falsenii	343874	S	20471	21091	41562	0.00281	0.00143	0.00163	0.00153	32	nan
Empedobacter brevis	247	S	419	423	842	0.00006	0.00003	0.00000	0.00003	33	5.0
Empedobacter stercoris	1628248	S	344	360	704	0.00005	0.00002	0.00000	0.00003	33	5.0
Hymenobacter tibetensis	497967	S	60165	60209	120374	0.00815	0.00408	0.00341	0.00330	57	nan
Hymenobacter sediminicola	2761579	S	14295	14308	28603	0.00194	0.00097	0.00082	0.00079	59	nan
Hymenobacter busanensis	2607656	S	13851	13855	27706	0.00188	0.00094	0.00084	0.00081	63	nan
Hymenobacter baengnokdamensis	2615203	S	10814	10862	21676	0.00147	0.00074	0.00065	0.00062	61	nan
Flammeovirga pectinis	2494373	S	20734	20808	41542	0.00281	0.00141	0.00153	0.00148	33	nan
Candidatus Amoebophilus asiaticus	281120	S	14325	14325	28650	0.00194	0.00097	0.00097	0.00093	36	nan
Cardinium endosymbiont of Sogatella furcifera	650378	S	4286	4288	8574	0.00058	0.00029	0.00027	0.00026	41	nan
Pedobacter riviphilus	2766984	S	30488	30966	61454	0.00416	0.00210	0.00196	0.00188	39	nan
Pedobacter sp. PACM 27299	1727164	S	790	840	1630	0.00011	0.00006	0.00000	0.00005	41	5.0
Pedobacter gandavensis	2679963	S	922	993	1915	0.00013	0.00007	0.00000	0.00006	41	5.0
Pedobacter steynii	430522	S	328	330	658	0.00004	0.00002	0.00000	0.00002	41	4.0
Sphingobacterium spiritivorum	258	S	119	141	260	0.00002	0.00001	0.00000	0.00001	41	3.0
Arachidicoccus soli	2341117	S	18190	18196	36386	0.00246	0.00123	0.00119	0.00115	36	nan
Bacteroides sp. M10	2763022	S	2828	3788	6616	0.00045	0.00026	0.00023	0.00022	42	nan
Bacteroides sp. D2	556259	S	1302	2011	3313	0.00022	0.00014	0.00012	0.00012	43	nan
Bacteroides ovatus	28116	S	1943	3555	5498	0.00037	0.00024	0.00022	0.00021	43	nan
Bacteroides luhongzhouii	2650158	S	915	966	1881	0.00013	0.00007	0.00006	0.00006	42	nan
Bacteroides xylanisolvens	371601	S	731	1091	1822	0.00012	0.00007	0.00007	0.00006	43	nan
Bacteroides zhangwenhongii	2650157	S	504	556	1060	0.00007	0.00004	0.00000	0.00003	44	5.0
Bacteroides faecium	2715212	S	292	294	586	0.00004	0.00002	0.00000	0.00002	45	4.0
Bacteroides thetaiotaomicron	818	S	272	296	568	0.00004	0.00002	0.00000	0.00002	45	4.0
Bacteroides caecimuris	1796613	S	253	283	536	0.00004	0.00002	0.00000	0.00002	44	5.0
Bacteroides graminisolvens	477666	S	224	224	448	0.00003	0.00002	0.00000	0.00001	41	3.0
Bacteroides caccae	47678	S	223	235	458	0.00003	0.00002	0.00000	0.00001	44	5.0
Bacteroides faecis	674529	S	111	124	235	0.00002	0.00001	0.00000	0.00001	44	5.0
Campylobacter geochelonis	1780362	S	86858	86950	173808	0.01177	0.00589	0.00626	0.00606	35	nan
Campylobacter pinnipediorum	1965231	S	25639	25725	51364	0.00348	0.00174	0.00205	0.00198	31	nan
Campylobacter peloridis	488546	S	19284	20166	39450	0.00267	0.00137	0.00183	0.00168	28	nan
Campylobacter insulaenigrae	260714	S	11491	11550	23041	0.00156	0.00078	0.00104	0.00098	27	nan
Campylobacter jejuni	197	S	2197	6151	8348	0.00057	0.00042	0.00048	0.00047	30	nan
Campylobacter lari	201	S	772	806	1578	0.00011	0.00005	0.00006	0.00006	29	nan
Campylobacter sp. CFSAN093227	2572069	S	491	16328	16819	0.00114	0.00111	0.00130	0.00126	30	nan
Campylobacter coli	195	S	189	239	428	0.00003	0.00002	0.00002	0.00002	30	nan
Campylobacter subantarcticus	497724	S	116	131	247	0.00002	0.00001	0.00001	0.00001	30	nan
Helicobacter apodemus	135569	S	91184	91262	182446	0.01235	0.00618	0.00656	0.00630	34	nan
Sulfurimonas sp. SWIR-19	2878390	S	44652	45989	90641	0.00614	0.00311	0.00298	0.00287	37	nan
Candidatus Sulfurimonas baltica	2740404	S	6302	6324	12626	0.00085	0.00043	0.00045	0.00043	33	nan
Aliarcobacter thereius	544718	S	24442	25480	49922	0.00338	0.00173	0.00240	0.00229	26	nan
Halarcobacter bivalviorum	663364	S	8154	8172	16326	0.00111	0.00055	0.00072	0.00069	28	nan
Malaciobacter molluscorum	1032072	S	5793	5820	11613	0.00079	0.00039	0.00058	0.00055	25	nan
Caminibacter mediatlanticus	291048	S	12439	12483	24922	0.00169	0.00085	0.00120	0.00116	27	nan
Lignipirellula cremea	2528010	S	293467	293636	587103	0.03975	0.01988	0.01709	0.01672	63	nan
Rosistilla oblonga	2527990	S	29587	29995	59582	0.00403	0.00203	0.00168	0.00164	59	nan
Blastopirellula sp. J2-11	2943192	S	3444	3444	6888	0.00047	0.00023	0.00019	0.00019	57	nan
Mesoterricola sediminis	2927980	S	101121	101215	202336	0.01370	0.00685	0.00792	0.00771	73	nan
Acidobacterium capsulatum	33075	S	35310	35315	70625	0.00478	0.00239	0.00205	0.00199	60	nan
Corallococcus coralloides	184914	S	107682	109119	216801	0.01468	0.00739	0.00827	0.00804	71	nan
Stigmatella aurantiaca	41	S	23256	23279	46535	0.00315	0.00158	0.00159	0.00153	68	nan
Geomonas oryzisoli	2847992	S	47221	47574	94795	0.00642	0.00322	0.00286	0.00277	64	nan
Trichlorobacter ammonificans	2916410	S	8833	8847	17680	0.00120	0.00060	0.00053	0.00051	64	nan
Thermodesulfobacterium commune	1741	S	37345	37354	74699	0.00506	0.00253	0.00242	0.00234	37	nan
Desulfovibrio sp. G11	631220	S	13489	13787	27276	0.00185	0.00093	0.00079	0.00076	59	nan
Desulfobulbus propionicus	894	S	1206	1284	2490	0.00017	0.00009	0.00000	0.00007	62	4.0
uncultured Desulfobulbus sp.	239745	S	356	375	731	0.00005	0.00003	0.00000	0.00002	56	4.0
Desulfobulbus oralis	1986146	S	104	108	212	0.00001	0.00001	0.00000	0.00001	64	4.0
Desulfolithobacter dissulfuricans	2795293	S	155	159	314	0.00002	0.00001	0.00000	0.00001	58	4.0
Borreliella afzelii	29518	S	43208	44638	87846	0.00595	0.00302	0.00391	0.00377	27	nan
Borreliella andersonii	42109	S	19335	19708	39043	0.00264	0.00133	0.00174	0.00167	28	nan
Borreliella bissettiae	64897	S	10649	12643	23292	0.00158	0.00086	0.00109	0.00108	27	nan
Borreliella garinii	29519	S	9873	11151	21024	0.00142	0.00076	0.00098	0.00095	28	nan
Borreliella spielmanii	88916	S	6925	7052	13977	0.00095	0.00048	0.00064	0.00062	27	nan
Borreliella carolinensis	478174	S	835	1032	1867	0.00013	0.00007	0.00009	0.00009	27	nan
Borreliella kurtenbachii	1196056	S	211	231	442	0.00003	0.00002	0.00002	0.00002	27	nan
Borreliella bavariensis	664662	S	138	213	351	0.00002	0.00001	0.00002	0.00002	27	nan
Borreliella burgdorferi	139	S	115	164	279	0.00002	0.00001	0.00001	0.00001	27	nan
Borreliella californiensis	373543	S	102	106	208	0.00001	0.00001	0.00000	0.00001	28	5.0
Borrelia sp. A-FGy1	2608247	S	8767	8783	17550	0.00119	0.00059	0.00079	0.00076	28	nan
Fusobacterium necrophorum	859	S	38679	38727	77406	0.00524	0.00262	0.00273	0.00255	35	nan
Fusobacterium nucleatum	851	S	11029	11757	22786	0.00154	0.00080	0.00114	0.00106	27	nan
Fusobacterium mortiferum	850	S	5919	5921	11840	0.00080	0.00040	0.00049	0.00048	29	nan
Fusobacterium animalis	76859	S	431	454	885	0.00006	0.00003	0.00004	0.00004	26	nan
Fusobacterium polymorphum	76857	S	179	188	367	0.00002	0.00001	0.00000	0.00002	27	4.0
Fusobacterium pseudoperiodonticum	2663009	S	155	156	311	0.00002	0.00001	0.00000	0.00001	28	3.0
Fusobacterium vincentii	155615	S	114	126	240	0.00002	0.00001	0.00000	0.00001	26	5.0
Fusobacterium sp. oral taxon 203	671211	S	112	114	226	0.00002	0.00001	0.00000	0.00001	28	4.0
Leptotrichia sp. oral taxon 498	712368	S	13422	14016	27438	0.00186	0.00095	0.00115	0.00114	30	nan
Sebaldella termitidis	826	S	8442	8442	16884	0.00114	0.00057	0.00061	0.00059	35	nan
Pseudothermotoga thermarum	119394	S	50739	50742	101481	0.00687	0.00344	0.00310	0.00297	40	nan
Thermosipho sp. 1063	1462747	S	1095	13819	14914	0.00101	0.00094	0.00107	0.00101	31	nan
Marinitoga sp. 1137	1545835	S	3532	10069	13601	0.00092	0.00068	0.00085	0.00081	30	nan
Sulfurihydrogenibium azorense	309806	S	38267	38268	76535	0.00518	0.00259	0.00276	0.00266	32	nan
Candidatus Babela massiliensis	673862	S	17775	17775	35550	0.00241	0.00120	0.00162	0.00159	28	nan
Candidatus Nanosynbacter sp. HMT-352	2899133	S	16627	16704	33331	0.00226	0.00113	0.00099	0.00095	44	nan
Nitrospira sp. KM1	1936990	S	19930	19932	39862	0.00270	0.00135	0.00111	0.00108	56	nan
Homo sapiens	9606	S	1123	1138	2261	0.00015	0.00008	0.00000	0.00007	38	3.0
