name	taxonomy_id	taxonomy_lvl	kraken_assigned_reads	added_reads	new_est_reads	fraction_total_reads	Bracken_estimate	GuaCAMOLE_estimate	GuaCAMOLE_est_eff	GC content	Taxon Removal Cycle
Lactococcus lactis	1358	S	1027648	1118483	2146131	0.14049	0.07322	0.07566	0.07360	35	nan
Lactococcus cremoris	1359	S	4180	4972	9152	0.00060	0.00033	0.00033	0.00032	36	nan
Lactococcus raffinolactis	1366	S	2456	2480	4936	0.00032	0.00016	0.00000	0.00015	41	4.0
Lactococcus garvieae	1363	S	1293	1375	2668	0.00017	0.00009	0.00000	0.00008	39	5.0
Lactococcus taiwanensis	1151742	S	1087	1097	2184	0.00014	0.00007	0.00000	0.00007	40	5.0
Lactococcus sp. NH2-7C	2879149	S	611	671	1282	0.00008	0.00004	0.00005	0.00004	35	nan
Lactococcus allomyrinae	2419773	S	383	385	768	0.00005	0.00003	0.00000	0.00002	38	5.0
Lactococcus formosensis	1281486	S	209	219	428	0.00003	0.00001	0.00000	0.00001	39	5.0
Staphylococcus warneri	1292	S	296597	313454	610051	0.03994	0.02052	0.02271	0.02198	33	nan
Staphylococcus epidermidis	1282	S	190335	193522	383857	0.02513	0.01267	0.01432	0.01390	33	nan
Staphylococcus sp. NRL 16/872	2930131	S	3277	52247	55524	0.00363	0.00342	0.00380	0.00363	34	nan
Staphylococcus sp. NRL 22/194	3020908	S	960	23225	24185	0.00158	0.00152	0.00169	0.00161	34	nan
Staphylococcus sp. IVB6181	2929481	S	860	865	1725	0.00011	0.00006	0.00000	0.00005	37	5.0
Staphylococcus sp. 17KM0847	2583989	S	332	332	664	0.00004	0.00002	0.00000	0.00002	37	5.0
Staphylococcus sp. MI 10-1553	1912064	S	279	281	560	0.00004	0.00002	0.00000	0.00002	38	4.0
Staphylococcus haemolyticus	1283	S	2734	2794	5528	0.00036	0.00018	0.00020	0.00020	33	nan
Staphylococcus hominis	1290	S	1578	1597	3175	0.00021	0.00010	0.00000	0.00012	32	5.0
Staphylococcus devriesei	586733	S	1373	1379	2752	0.00018	0.00009	0.00010	0.00010	34	nan
Staphylococcus aureus	1280	S	521	1302	1823	0.00012	0.00009	0.00009	0.00009	33	nan
Staphylococcus lugdunensis	28035	S	365	366	731	0.00005	0.00002	0.00002	0.00002	34	nan
Staphylococcus capitis	29388	S	341	347	688	0.00005	0.00002	0.00000	0.00002	34	5.0
Staphylococcus caprae	29380	S	307	309	616	0.00004	0.00002	0.00000	0.00002	34	5.0
Staphylococcus pasteuri	45972	S	302	321	623	0.00004	0.00002	0.00000	0.00002	31	5.0
Staphylococcus simiae	308354	S	269	269	538	0.00004	0.00002	0.00000	0.00002	33	5.0
Staphylococcus saccharolyticus	33028	S	195	195	390	0.00003	0.00001	0.00000	0.00001	32	5.0
Staphylococcus simulans	1286	S	169	169	338	0.00002	0.00001	0.00000	0.00001	36	5.0
Staphylococcus carnosus	1281	S	130	131	261	0.00002	0.00001	0.00000	0.00001	35	4.0
Staphylococcus cohnii	29382	S	123	125	248	0.00002	0.00001	0.00000	0.00001	33	5.0
Staphylococcus pettenkoferi	170573	S	118	118	236	0.00002	0.00001	0.00000	0.00001	40	4.0
Staphylococcus auricularis	29379	S	114	114	228	0.00001	0.00001	0.00000	0.00001	37	4.0
Staphylococcus arlettae	29378	S	103	103	206	0.00001	0.00001	0.00000	0.00001	34	5.0
Neobacillus sp. YX16	3047874	S	218089	219789	437878	0.02867	0.01439	0.01374	0.01346	37	nan
Bacillus wiedmannii	1890302	S	17187	20984	38171	0.00250	0.00137	0.00141	0.00137	35	nan
Bacillus thuringiensis	1428	S	801	3172	3973	0.00026	0.00021	0.00022	0.00021	35	nan
Bacillus cereus	1396	S	783	3029	3812	0.00025	0.00020	0.00021	0.00020	35	nan
Bacillus mycoides	1405	S	691	873	1564	0.00010	0.00006	0.00006	0.00006	35	nan
Bacillus toyonensis	155322	S	393	569	962	0.00006	0.00004	0.00004	0.00004	35	nan
Bacillus tropicus	2026188	S	181	305	486	0.00003	0.00002	0.00002	0.00002	35	nan
Bacillus sp. N5-665	2925318	S	118	157	275	0.00002	0.00001	0.00001	0.00001	35	nan
Lysinibacillus sp. SGAir0095	2070463	S	104	109	213	0.00001	0.00001	0.00000	0.00001	38	3.0
Clostridium autoethanogenum	84023	S	314819	949065	1263884	0.08274	0.06213	0.07185	0.07095	31	nan
Clostridium argentinense	29341	S	11228	11251	22479	0.00147	0.00074	0.00099	0.00095	29	nan
Clostridium sp. AWRP	2212991	S	2366	2702	5068	0.00033	0.00018	0.00020	0.00020	31	nan
Clostridium sp. 001	1970093	S	2072	2548	4620	0.00030	0.00017	0.00019	0.00019	32	nan
Clostridium sp. JS66	3064705	S	163	173	336	0.00002	0.00001	0.00000	0.00001	30	5.0
Clostridium sp. JN-1	2483110	S	147	147	294	0.00002	0.00001	0.00001	0.00001	31	nan
Clostridium sp. OS1-26	3070681	S	130	130	260	0.00002	0.00001	0.00001	0.00001	32	nan
Clostridium kluyveri	1534	S	372	373	745	0.00005	0.00002	0.00003	0.00003	31	nan
Clostridium ljungdahlii	1538	S	201	537	738	0.00005	0.00004	0.00004	0.00004	31	nan
Clostridium botulinum	1491	S	198	320	518	0.00003	0.00002	0.00000	0.00003	29	5.0
Clostridium tyrobutyricum	1519	S	136	136	272	0.00002	0.00001	0.00001	0.00001	32	nan
Clostridium estertheticum	238834	S	129	129	258	0.00002	0.00001	0.00001	0.00001	30	nan
Clostridium carboxidivorans	217159	S	122	131	253	0.00002	0.00001	0.00000	0.00001	31	5.0
Clostridium pasteurianum	1501	S	121	123	244	0.00002	0.00001	0.00001	0.00001	31	nan
Fenollaria massiliensis	938288	S	107903	109199	217102	0.01421	0.00715	0.00744	0.00730	35	nan
Acetivibrio saccincola	1677857	S	104006	105474	209480	0.01371	0.00690	0.00715	0.00707	35	nan
Mycolicibacterium crocinum	388459	S	510062	534494	1044556	0.06838	0.03499	0.03177	0.03112	67	nan
Mycolicibacterium pallens	370524	S	104	109	213	0.00001	0.00001	0.00001	0.00001	66	nan
Corynebacterium auriscanis	99807	S	132857	133286	266143	0.01742	0.00873	0.00706	0.00688	59	nan
Corynebacterium hansenii	394964	S	25792	25988	51780	0.00339	0.00170	0.00177	0.00172	70	nan
Rhodococcus sp. AH-ZY2	3047468	S	2024	22950	24974	0.00163	0.00150	0.00145	0.00148	71	nan
Rathayibacter iranicus	59737	S	328626	329145	657771	0.04306	0.02155	0.02047	0.01968	69	nan
Curtobacterium sp. Csp1	2495429	S	28500	218604	247104	0.01618	0.01431	0.01591	0.01567	73	nan
Curtobacterium sp. Csp2	2495430	S	184	291	475	0.00003	0.00002	0.00002	0.00002	73	nan
Curtobacterium sp. MR_MD2014	1561023	S	128	132	260	0.00002	0.00001	0.00001	0.00001	73	nan
Curtobacterium sp. MCSS17_007	2175646	S	126	129	255	0.00002	0.00001	0.00001	0.00001	73	nan
Curtobacterium sp. BH-2-1-1	1905847	S	121	123	244	0.00002	0.00001	0.00001	0.00001	72	nan
Curtobacterium sp. MCLR17_007	2175648	S	121	122	243	0.00002	0.00001	0.00000	0.00001	71	5.0
Curtobacterium sp. 458	3050069	S	115	117	232	0.00002	0.00001	0.00001	0.00001	72	nan
Curtobacterium sp. C1	2898151	S	110	168	278	0.00002	0.00001	0.00001	0.00001	73	nan
Curtobacterium sp. DN_7.5	3049047	S	109	111	220	0.00001	0.00001	0.00001	0.00001	72	nan
Curtobacterium sp. MCPF17_002	2175645	S	106	107	213	0.00001	0.00001	0.00000	0.00001	73	5.0
Curtobacterium sp. 9128	1793722	S	103	104	207	0.00001	0.00001	0.00000	0.00001	71	4.0
Curtobacterium sp. SGAir0471	2070337	S	102	111	213	0.00001	0.00001	0.00001	0.00001	72	nan
Janibacter sp. DB-40	3028808	S	80592	81500	162092	0.01061	0.00534	0.00575	0.00554	72	nan
Cellulomonas flavigena	1711	S	76798	77237	154035	0.01008	0.00506	0.00537	0.00645	76	nan
Streptomyces sp. HP-A2021	2927875	S	140226	154652	294878	0.01930	0.01012	0.01095	0.01065	72	nan
Streptomyces sp. So13.3	2136173	S	33463	33629	67092	0.00439	0.00220	0.00233	0.00226	71	nan
Streptomyces sp. Mg1	465541	S	21882	57148	79030	0.00517	0.00374	0.00442	0.00406	72	nan
Streptomyces cynarae	2981134	S	158552	161470	320022	0.02095	0.01057	0.01111	0.01085	71	nan
Streptomyces bingchenggensis	379067	S	2508	126148	128656	0.00842	0.00826	0.00922	0.00875	72	nan
Kitasatospora sp. YST-16	2998080	S	88294	90822	179116	0.01173	0.00595	0.00645	0.00748	75	nan
Kutzneria sp. CA-103260	2802641	S	246174	246598	492772	0.03226	0.01614	0.01677	0.01613	71	nan
Amycolatopsis sp. FDAARGOS 1241	2778070	S	48204	48276	96480	0.00632	0.00316	0.00336	0.00325	71	nan
Pseudonocardia dioxanivorans	240495	S	47142	47240	94382	0.00618	0.00309	0.00346	0.00361	74	nan
Raineyella sp. W15-4	3081651	S	169179	172148	341327	0.02234	0.01127	0.01188	0.01148	71	nan
Aeromicrobium duanguangcaii	2968086	S	34942	35414	70356	0.00461	0.00232	0.00243	0.00234	71	nan
Nocardioides sp. L-11A	3043848	S	11055	11165	22220	0.00145	0.00073	0.00084	0.00081	73	nan
Actinomyces wuliandei	2057743	S	76358	76516	152874	0.01001	0.00501	0.00517	0.00492	71	nan
Micromonospora sp. HUAS 3	3028804	S	30935	31128	62063	0.00406	0.00204	0.00233	0.00238	73	nan
Frankia casuarinae	106370	S	27971	27982	55953	0.00366	0.00183	0.00185	0.00186	71	nan
Conexibacter woesei	191495	S	47019	47021	94040	0.00616	0.00308	0.00353	0.00356	73	nan
Spiroplasma syrphidicola	216945	S	222464	223990	446454	0.02923	0.01466	0.01854	0.01829	29	nan
Spiroplasma litorale	216942	S	45072	45174	90246	0.00591	0.00296	0.00473	0.00481	23	nan
Mesoplasma entomophilum	2149	S	13418	14432	27850	0.00182	0.00094	0.00131	0.00129	26	nan
Mycoplasma seminis	512749	S	95575	95807	191382	0.01253	0.00627	0.00823	0.00807	28	nan
Pseudomonas sihuiensis	1274359	S	262104	455881	717985	0.04700	0.02984	0.02553	0.02457	63	nan
Pseudomonas germanica	2815720	S	153444	338223	491667	0.03219	0.02214	0.01858	0.01786	61	nan
Pseudomonas iranensis	2745503	S	92284	127311	219595	0.01438	0.00833	0.00696	0.00671	62	nan
Candidatus Pseudomonas adelgestsugas	1302376	S	74121	74131	148252	0.00971	0.00485	0.00456	0.00450	36	nan
Pseudomonas sp. M1	95619	S	21844	45035	66879	0.00438	0.00295	0.00000	0.00259	65	5.0
Pseudomonas sp. B11D7D	2735906	S	311	323	634	0.00004	0.00002	0.00000	0.00002	63	5.0
Pseudomonas sp. A34-9	3034675	S	245	275	520	0.00003	0.00002	0.00000	0.00001	61	5.0
Pseudomonas sp. R84	1573712	S	242	297	539	0.00004	0.00002	0.00000	0.00002	61	5.0
Pseudomonas sp. SCA2728.1_7	2825975	S	206	263	469	0.00003	0.00002	0.00002	0.00001	61	nan
Pseudomonas sp. DTU12.3	2073078	S	181	197	378	0.00002	0.00001	0.00000	0.00001	61	5.0
Pseudomonas sp. LPH1	1898684	S	177	253	430	0.00003	0.00002	0.00000	0.00001	64	5.0
Pseudomonas sp. NIBR-H-19	2901380	S	176	187	363	0.00002	0.00001	0.00000	0.00001	60	4.0
Pseudomonas sp. Seg1	2678259	S	172	186	358	0.00002	0.00001	0.00000	0.00001	61	5.0
Pseudomonas sp. MSPm1	2726956	S	163	171	334	0.00002	0.00001	0.00000	0.00001	63	5.0
Pseudomonas sp. FP2196	2954086	S	159	170	329	0.00002	0.00001	0.00000	0.00001	61	4.0
Pseudomonas sp. 905_Psudmo1	3038925	S	101	190	291	0.00002	0.00001	0.00000	0.00001	63	5.0
Pseudomonas fluorescens	294	S	752	930	1682	0.00011	0.00006	0.00005	0.00005	62	nan
Pseudomonas moraviensis	321662	S	171	266	437	0.00003	0.00002	0.00001	0.00001	62	nan
Pseudomonas granadensis	1421430	S	163	194	357	0.00002	0.00001	0.00001	0.00001	62	nan
Pseudomonas koreensis	198620	S	147	232	379	0.00002	0.00002	0.00001	0.00001	62	nan
Pseudomonas aeruginosa	287	S	724	24556	25280	0.00165	0.00161	0.00140	0.00132	62	nan
Pseudomonas mendocina	300	S	598	645	1243	0.00008	0.00004	0.00000	0.00003	64	5.0
Pseudomonas oleovorans	301	S	143	251	394	0.00003	0.00002	0.00001	0.00001	63	nan
Pseudomonas citronellolis	53408	S	160	215	375	0.00002	0.00001	0.00000	0.00001	67	5.0
Pseudomonas putida	303	S	316	553	869	0.00006	0.00004	0.00003	0.00003	63	nan
Pseudomonas syringae	317	S	113	266	379	0.00002	0.00002	0.00000	0.00001	60	5.0
Pseudomonas zeae	2745510	S	456	543	999	0.00007	0.00004	0.00000	0.00003	61	5.0
Pseudomonas chlororaphis	587753	S	230	335	565	0.00004	0.00002	0.00000	0.00002	64	5.0
Pseudomonas chengduensis	489632	S	404	642	1046	0.00007	0.00004	0.00000	0.00003	63	5.0
Pseudomonas sediminis	1691904	S	291	308	599	0.00004	0.00002	0.00000	0.00002	63	5.0
Pseudomonas atacamensis	2565368	S	254	357	611	0.00004	0.00002	0.00002	0.00002	62	nan
Pseudomonas alcaliphila	101564	S	224	306	530	0.00003	0.00002	0.00000	0.00002	64	5.0
Pseudomonas guguanensis	1198456	S	193	215	408	0.00003	0.00001	0.00000	0.00001	65	5.0
Pseudomonas toyotomiensis	554344	S	190	255	445	0.00003	0.00002	0.00000	0.00001	63	5.0
Pseudomonas siliginis	2842346	S	187	323	510	0.00003	0.00002	0.00002	0.00002	61	nan
Pseudomonas tensinigenes	2745511	S	182	212	394	0.00003	0.00001	0.00000	0.00001	60	5.0
Pseudomonas wenzhouensis	2906062	S	160	176	336	0.00002	0.00001	0.00000	0.00001	63	5.0
Pseudomonas hamedanensis	2745504	S	157	163	320	0.00002	0.00001	0.00000	0.00001	61	5.0
Pseudomonas hydrolytica	2493633	S	131	165	296	0.00002	0.00001	0.00000	0.00001	65	5.0
Azotobacter salinestris	69964	S	62214	62917	125131	0.00819	0.00412	0.00375	0.00367	67	nan
Candidatus Blochmannia chromaiodes	251542	S	287164	311577	598741	0.03920	0.02040	0.02402	0.02564	32	nan
Blochmannia endosymbiont of Camponotus sp.	700220	S	254	283	537	0.00004	0.00002	0.00000	0.00002	32	5.0
Blochmannia endosymbiont of Camponotus modoc	2945587	S	231	359	590	0.00004	0.00002	0.00003	0.00003	31	nan
Candidatus Blochmannia pennsylvanicus	101534	S	127	142	269	0.00002	0.00001	0.00001	0.00001	32	nan
Candidatus Blochmannia herculeanus	108080	S	116	118	234	0.00002	0.00001	0.00001	0.00001	32	nan
Enterobacter cloacae complex sp. ECL72	2850078	S	3951	203704	207655	0.01359	0.01334	0.01099	0.01065	58	nan
Enterobacter cloacae complex sp.	2027919	S	298	374	672	0.00004	0.00002	0.00002	0.00002	58	nan
Enterobacter hormaechei	158836	S	4148	30497	34645	0.00227	0.00200	0.00165	0.00160	58	nan
Enterobacter cloacae	550	S	704	2097	2801	0.00018	0.00014	0.00011	0.00011	58	nan
Enterobacter asburiae	61645	S	339	604	943	0.00006	0.00004	0.00003	0.00003	58	nan
Enterobacter roggenkampii	1812935	S	274	409	683	0.00004	0.00003	0.00002	0.00002	58	nan
Enterobacter cancerogenus	69218	S	187	192	379	0.00002	0.00001	0.00001	0.00001	58	nan
Enterobacter kobei	208224	S	129	322	451	0.00003	0.00002	0.00002	0.00002	57	nan
Enterobacter mori	539813	S	274	291	565	0.00004	0.00002	0.00002	0.00002	57	nan
Enterobacter bugandensis	881260	S	105	140	245	0.00002	0.00001	0.00001	0.00001	58	nan
Enterobacter oligotrophicus	2478464	S	104	106	210	0.00001	0.00001	0.00000	0.00001	56	5.0
Escherichia coli	562	S	233	1683	1916	0.00013	0.00011	0.00000	0.00009	55	5.0
Klebsiella pneumoniae	573	S	116	497	613	0.00004	0.00003	0.00000	0.00003	59	5.0
Moellerella wisconsensis	158849	S	403067	428492	831559	0.05444	0.02805	0.02756	0.02555	42	nan
Candidatus Erwinia haradaeae	1922217	S	74417	74423	148840	0.00974	0.00487	0.00000	0.00574	36	5.0
Xanthomonas hortorum	56454	S	91647	129212	220859	0.01446	0.00846	0.00000	0.00718	65	5.0
Xanthomonas sp. CPBF 426	2750648	S	2002	167436	169438	0.01109	0.01096	0.00961	0.00959	67	nan
Xanthomonas arboricola	56448	S	1082	1455	2537	0.00017	0.00010	0.00008	0.00008	66	nan
Xanthomonas euroxanthea	2259622	S	742	1411	2153	0.00014	0.00009	0.00008	0.00008	67	nan
Xanthomonas campestris	339	S	717	886	1603	0.00010	0.00006	0.00005	0.00005	66	nan
Xanthomonas citri	346	S	701	5921	6622	0.00043	0.00039	0.00034	0.00034	67	nan
Xanthomonas fragariae	48664	S	320	326	646	0.00004	0.00002	0.00000	0.00002	63	4.0
Xanthomonas oryzae	347	S	306	340	646	0.00004	0.00002	0.00000	0.00002	65	4.0
Xanthomonas translucens	343	S	206	240	446	0.00003	0.00002	0.00000	0.00001	69	5.0
Xanthomonas vesicatoria	56460	S	196	216	412	0.00003	0.00001	0.00000	0.00001	65	5.0
Xanthomonas cucurbitae	56453	S	156	159	315	0.00002	0.00001	0.00001	0.00001	66	nan
Xanthomonas prunicola	2053930	S	155	163	318	0.00002	0.00001	0.00000	0.00001	65	4.0
Xanthomonas vasicola	56459	S	154	168	322	0.00002	0.00001	0.00000	0.00001	64	4.0
Xanthomonas dyei	743699	S	151	155	306	0.00002	0.00001	0.00000	0.00001	65	5.0
Xanthomonas hydrangeae	2775159	S	142	168	310	0.00002	0.00001	0.00000	0.00001	66	5.0
Pseudoxanthomonas sp. X-1	2571115	S	37161	38055	75216	0.00492	0.00249	0.00251	0.00245	70	nan
Luteibacter aegosomaticola	2911538	S	53074	53205	106279	0.00696	0.00348	0.00306	0.00297	66	nan
Candidatus Nitrosacidococcus sp. I8	2942908	S	253136	253338	506474	0.03316	0.01658	0.01623	0.01580	38	nan
Aeromonas sp. ASNIH7	1920107	S	4965	51037	56002	0.00367	0.00334	0.00285	0.00278	64	nan
Aeromonas caviae	648	S	502	1284	1786	0.00012	0.00008	0.00007	0.00007	64	nan
Aeromonas hydrophila	644	S	146	213	359	0.00002	0.00001	0.00001	0.00001	64	nan
Aeromonas veronii	654	S	135	193	328	0.00002	0.00001	0.00000	0.00001	62	5.0
Aeromonas dhakensis	196024	S	106	171	277	0.00002	0.00001	0.00001	0.00001	64	nan
Aeromonas media	651	S	106	134	240	0.00002	0.00001	0.00001	0.00001	64	nan
Pseudoalteromonas sp. HL-AS2	3071082	S	14819	33301	48120	0.00315	0.00218	0.00201	0.00198	41	nan
Moraxella nasicaprae	2904122	S	23423	23552	46975	0.00308	0.00154	0.00136	0.00134	46	nan
Wolbachia endosymbiont (group A) of Phalera bucephala	2954042	S	2920	242807	245727	0.01609	0.01590	0.01619	0.01579	35	nan
Wolbachia endosymbiont of Drosophila simulans	77038	S	1966	66114	68080	0.00446	0.00433	0.00441	0.00430	35	nan
Wolbachia endosymbiont of Oedothorax gibbosus	931100	S	1509	2083	3592	0.00024	0.00014	0.00014	0.00014	34	nan
Wolbachia endosymbiont (group A) of Protocalliphora azurea	2954050	S	1427	162404	163831	0.01073	0.01063	0.01084	0.01056	35	nan
Wolbachia endosymbiont of Ctenocephalides felis wCfeJ	2732594	S	676	682	1358	0.00009	0.00004	0.00004	0.00004	35	nan
Wolbachia endosymbiont of Folsomia candida	169402	S	648	649	1297	0.00008	0.00004	0.00000	0.00004	34	5.0
Wolbachia endosymbiont of Aedes albopictus	167957	S	606	1160	1766	0.00012	0.00008	0.00008	0.00008	35	nan
Wolbachia endosymbiont of Cimex lectularius	246273	S	602	605	1207	0.00008	0.00004	0.00000	0.00004	37	5.0
Wolbachia endosymbiont (group A) of Anomoia purmunda	2953978	S	594	1262	1856	0.00012	0.00008	0.00008	0.00008	35	nan
Wolbachia endosymbiont (group A) of Scambus nigricans	2954055	S	548	2581	3129	0.00020	0.00017	0.00017	0.00017	35	nan
Wolbachia endosymbiont of Drosophila incompta	1633785	S	491	7595	8086	0.00053	0.00050	0.00051	0.00049	35	nan
Wolbachia endosymbiont (group A) of Sicus ferrugineus	2954056	S	383	715	1098	0.00007	0.00005	0.00005	0.00005	35	nan
Wolbachia endosymbiont (group A) of Icerya purchasi	2954019	S	359	1089	1448	0.00009	0.00007	0.00007	0.00007	35	nan
Wolbachia endosymbiont of Litomosoides sigmodontis	80850	S	357	357	714	0.00005	0.00002	0.00000	0.00003	31	4.0
Wolbachia endosymbiont of Drosophila pseudotakahashii	375919	S	352	2236	2588	0.00017	0.00015	0.00015	0.00015	35	nan
Wolbachia endosymbiont (group A) of Trypoxylon clavicerum	2954064	S	340	1385	1725	0.00011	0.00009	0.00009	0.00009	35	nan
Wolbachia endosymbiont (group A) of Epistrophe grossularia	2954008	S	334	2829	3163	0.00021	0.00019	0.00019	0.00018	35	nan
Wolbachia endosymbiont (group A) of Volucella inflata	2954065	S	334	1390	1724	0.00011	0.00009	0.00009	0.00009	35	nan
Wolbachia endosymbiont (group A) of Epagoge grotiana	2954006	S	332	5967	6299	0.00041	0.00039	0.00040	0.00039	35	nan
Wolbachia endosymbiont of Phyllotreta cruciferae	2886377	S	326	2241	2567	0.00017	0.00015	0.00015	0.00015	35	nan
Wolbachia endosymbiont (group A) of Bibio marci	2953987	S	298	1063	1361	0.00009	0.00007	0.00007	0.00007	35	nan
Wolbachia endosymbiont of Ctenocephalides felis wCfeT	2732593	S	289	289	578	0.00004	0.00002	0.00000	0.00002	36	5.0
Wolbachia endosymbiont of Dirofilaria (Dirofilaria) immitis	1812115	S	261	261	522	0.00003	0.00002	0.00000	0.00002	33	5.0
Wolbachia endosymbiont of Drosophila aff. chauvacae BK-2020	3080329	S	260	3637	3897	0.00026	0.00024	0.00024	0.00024	35	nan
Wolbachia endosymbiont (group A) of Bombylius major	2953988	S	239	1022	1261	0.00008	0.00007	0.00007	0.00007	35	nan
Wolbachia endosymbiont (group A) of Lasioglossum morio	2954025	S	228	6684	6912	0.00045	0.00044	0.00045	0.00043	35	nan
Wolbachia endosymbiont of Diaphorina citri	116598	S	226	660	886	0.00006	0.00004	0.00004	0.00004	35	nan
Wolbachia endosymbiont of Drosophila innubila	282263	S	222	2119	2341	0.00015	0.00014	0.00014	0.00014	35	nan
Wolbachia endosymbiont of Trichogramma pretiosum	125593	S	216	265	481	0.00003	0.00002	0.00002	0.00002	33	nan
Wolbachia endosymbiont of Cruorifilaria tuberocauda	1812111	S	216	216	432	0.00003	0.00001	0.00000	0.00002	32	4.0
Wolbachia endosymbiont (group A) of Rhinocyllus conicus	2954053	S	211	707	918	0.00006	0.00005	0.00005	0.00005	35	nan
Wolbachia endosymbiont of Drosophila melanogaster	163164	S	207	78134	78341	0.00513	0.00512	0.00522	0.00508	35	nan
Wolbachia endosymbiont of Psylliodes chrysocephala	2883236	S	207	647	854	0.00006	0.00004	0.00004	0.00004	35	nan
Wolbachia endosymbiont (group A) of Apoderus coryli	2953980	S	207	905	1112	0.00007	0.00006	0.00006	0.00006	35	nan
Wolbachia endosymbiont (group A) of Acrocera orbiculus	2953971	S	189	2228	2417	0.00016	0.00015	0.00015	0.00014	35	nan
Wolbachia endosymbiont (group A) of Endotricha flammealis	2954004	S	184	4693	4877	0.00032	0.00031	0.00031	0.00031	35	nan
Wolbachia endosymbiont of Dipetalonema caudispina	1812112	S	182	182	364	0.00002	0.00001	0.00000	0.00002	29	4.0
Wolbachia endosymbiont of Zaprionus tsacasi	2603209	S	176	6752	6928	0.00045	0.00044	0.00045	0.00044	35	nan
Wolbachia endosymbiont (group A) of Sympetrum striolatum	2954061	S	164	721	885	0.00006	0.00005	0.00005	0.00005	35	nan
Wolbachia endosymbiont (group A) of Yponomeuta plumbellus	2954068	S	159	2696	2855	0.00019	0.00018	0.00018	0.00018	35	nan
Wolbachia endosymbiont (group A) of Gymnosoma rotundatum	2954016	S	158	1182	1340	0.00009	0.00008	0.00008	0.00008	35	nan
Wolbachia endosymbiont of Anopheles demeilloni	2748871	S	151	300	451	0.00003	0.00002	0.00002	0.00002	33	nan
Wolbachia endosymbiont (group A) of Sphecodes monilicornis	2954060	S	134	2709	2843	0.00019	0.00018	0.00018	0.00018	35	nan
Wolbachia endosymbiont (group A) of Sphaerophoria taeniata	2954057	S	132	453	585	0.00004	0.00003	0.00003	0.00003	35	nan
Wolbachia endosymbiont (group A) of Tiphia femorata	2954063	S	115	1476	1591	0.00010	0.00010	0.00010	0.00010	35	nan
Wolbachia endosymbiont (group A) of Philonthus cognatus	2954046	S	115	1109	1224	0.00008	0.00007	0.00007	0.00007	35	nan
Wolbachia endosymbiont of Ceratosolen solmsi	497299	S	110	1700	1810	0.00012	0.00011	0.00011	0.00011	35	nan
Wolbachia endosymbiont of Wiebesia pumilae	2742717	S	104	1539	1643	0.00011	0.00010	0.00010	0.00010	35	nan
Wolbachia endosymbiont (group A) of Hylaeus communis	2954018	S	101	1329	1430	0.00009	0.00009	0.00009	0.00009	35	nan
Wolbachia pipientis	955	S	1212	10260	11472	0.00075	0.00067	0.00069	0.00067	35	nan
Candidatus Wolbachia massiliensis	1845000	S	612	666	1278	0.00008	0.00004	0.00004	0.00004	35	nan
Ehrlichia muris	35795	S	60130	60276	120406	0.00788	0.00395	0.00481	0.00474	29	nan
Neoehrlichia mikurensis	89586	S	8209	8209	16418	0.00107	0.00054	0.00073	0.00076	27	nan
Sulfitobacter sp. LC.270.F.C4	3079556	S	82990	138624	221614	0.01451	0.00907	0.00758	0.00736	61	nan
Sulfitobacter sp. SK025	1389011	S	207	248	455	0.00003	0.00002	0.00001	0.00001	62	nan
Sulfitobacter sp. W002	2867024	S	141	156	297	0.00002	0.00001	0.00001	0.00001	61	nan
Phaeobacter piscinae	1580596	S	108263	115233	223496	0.01463	0.00754	0.00626	0.00605	61	nan
Phaeobacter sp. S60	1569353	S	5130	7665	12795	0.00084	0.00050	0.00042	0.00041	60	nan
Phaeobacter sp. LSS9	681157	S	1423	1601	3024	0.00020	0.00010	0.00009	0.00008	61	nan
Phaeobacter inhibens	221822	S	4998	6000	10998	0.00072	0.00039	0.00000	0.00031	60	5.0
Phaeobacter gallaeciensis	60890	S	822	917	1739	0.00011	0.00006	0.00005	0.00005	60	nan
Phaeobacter porticola	1844006	S	177	182	359	0.00002	0.00001	0.00000	0.00001	59	4.0
Celeribacter indicus	1208324	S	86655	90626	177281	0.01161	0.00593	0.00525	0.00523	66	nan
Celeribacter baekdonensis	875171	S	218	222	440	0.00003	0.00001	0.00000	0.00001	58	4.0
Ruegeria sp. THAF33	2587853	S	1408	1429	2837	0.00019	0.00009	0.00000	0.00007	59	4.0
Ruegeria sp. SCSIO 43209	2793010	S	866	874	1740	0.00011	0.00006	0.00000	0.00004	57	4.0
Ruegeria sp. TM1040	292414	S	162	162	324	0.00002	0.00001	0.00000	0.00001	61	4.0
Pseudosulfitobacter pseudonitzschiae	1402135	S	660	727	1387	0.00009	0.00005	0.00000	0.00004	62	5.0
Pseudosulfitobacter sp. DSM 107133	2883100	S	123	141	264	0.00002	0.00001	0.00001	0.00001	62	nan
Roseivivax sp. THAF40	2587858	S	397	653	1050	0.00007	0.00004	0.00000	0.00004	65	4.0
Roseovarius indicus	540747	S	199	205	404	0.00003	0.00001	0.00000	0.00001	65	4.0
Mameliella alba	561184	S	135	136	271	0.00002	0.00001	0.00000	0.00001	65	4.0
Paracoccus everestensis	2903900	S	47259	48308	95567	0.00626	0.00316	0.00279	0.00272	65	nan
Paracoccus sp. SCSIO 75233	3017782	S	265	298	563	0.00004	0.00002	0.00000	0.00002	63	5.0
Amylibacter sp. IMCC11727	3039851	S	405	405	810	0.00005	0.00003	0.00000	0.00002	55	4.0
Altererythrobacter sp. B11	2060312	S	123673	129287	252960	0.01656	0.00846	0.00753	0.00738	66	nan
Altererythrobacter sp. CAU 1644	3032592	S	139	144	283	0.00002	0.00001	0.00001	0.00001	63	nan
Altererythrobacter sp. BO-6	2604537	S	121	121	242	0.00002	0.00001	0.00000	0.00001	63	5.0
Altererythrobacter epoxidivorans	361183	S	113	115	228	0.00001	0.00001	0.00000	0.00001	62	4.0
Croceicoccus sp. YJ47	2798724	S	37206	37781	74987	0.00491	0.00247	0.00217	0.00211	65	nan
Qipengyuania flava	192812	S	4686	5019	9705	0.00064	0.00033	0.00029	0.00028	64	nan
Qipengyuania sp. SS22	2979461	S	2013	2057	4070	0.00027	0.00013	0.00012	0.00011	64	nan
Qipengyuania aurantiaca	2867233	S	556	587	1143	0.00007	0.00004	0.00000	0.00003	65	5.0
Qipengyuania soli	2782568	S	540	549	1089	0.00007	0.00004	0.00000	0.00003	64	5.0
Qipengyuania gelatinilytica	2867231	S	425	450	875	0.00006	0.00003	0.00000	0.00002	63	5.0
Qipengyuania seohaensis	266951	S	335	350	685	0.00004	0.00002	0.00000	0.00002	63	5.0
Qipengyuania spongiae	2909673	S	332	365	697	0.00005	0.00002	0.00000	0.00002	65	5.0
Qipengyuania aquimaris	255984	S	253	587	840	0.00005	0.00004	0.00003	0.00003	64	nan
Qipengyuania xiapuensis	2867236	S	247	580	827	0.00005	0.00004	0.00003	0.00003	65	nan
Qipengyuania psychrotolerans	2867238	S	202	204	406	0.00003	0.00001	0.00000	0.00001	61	4.0
Qipengyuania citrea	225971	S	173	245	418	0.00003	0.00002	0.00001	0.00001	61	nan
Erythrobacter aureus	2182384	S	4106	4190	8296	0.00054	0.00027	0.00000	0.00022	62	5.0
Erythrobacter sp. A30-3	2785907	S	297	510	807	0.00005	0.00003	0.00003	0.00003	62	nan
Erythrobacter sp. HKB08	2502843	S	261	273	534	0.00003	0.00002	0.00000	0.00002	65	4.0
Erythrobacter sp. JK5	2829500	S	156	185	341	0.00002	0.00001	0.00000	0.00001	65	5.0
Erythrobacter sp. SDW2	2907154	S	152	157	309	0.00002	0.00001	0.00000	0.00001	64	5.0
Erythrobacter sp. 3-20A1M	2653850	S	136	156	292	0.00002	0.00001	0.00000	0.00001	66	4.0
Erythrobacter sp.	1042	S	117	162	279	0.00002	0.00001	0.00000	0.00001	67	4.0
Erythrobacter sp. HL-111	1798193	S	102	111	213	0.00001	0.00001	0.00000	0.00001	67	4.0
Erythrobacter mangrovi	2739433	S	378	478	856	0.00006	0.00003	0.00003	0.00003	63	nan
Erythrobacter litoralis	39960	S	360	418	778	0.00005	0.00003	0.00000	0.00002	64	5.0
Pelagerythrobacter marensis	543877	S	123	123	246	0.00002	0.00001	0.00000	0.00001	66	5.0
Alteriqipengyuania flavescens	3053610	S	109	110	219	0.00001	0.00001	0.00000	0.00001	66	4.0
Rhizorhabdus dicambivorans	1850238	S	65948	72438	138386	0.00906	0.00474	0.00417	0.00414	66	nan
Sphingomonas sp. PAMB00755	3012344	S	33853	34006	67859	0.00444	0.00223	0.00205	0.00198	67	nan
Citromicrobium sp. JL477	1634516	S	132	135	267	0.00002	0.00001	0.00000	0.00001	66	4.0
Devosia sp. SL43	2806348	S	208921	209113	418034	0.02737	0.01369	0.01158	0.01123	63	nan
Cupriavidus sp. WKF15	3032282	S	481680	485052	966732	0.06329	0.03175	0.02864	0.02756	66	nan
Burkholderia vietnamiensis	60552	S	103	157	260	0.00002	0.00001	0.00000	0.00001	68	4.0
Candidatus Ichthyocystis hellenicum	1561003	S	315043	315063	630106	0.04125	0.02063	0.02113	0.02073	38	nan
Leptothrix cholodnii	34029	S	269200	269591	538791	0.03527	0.01765	0.01781	0.01709	70	nan
Herbaspirillum huttiense	863372	S	95990	96792	192782	0.01262	0.00634	0.00542	0.00528	64	nan
Herbaspirillum rubrisubalbicans	80842	S	994	1000	1994	0.00013	0.00007	0.00000	0.00005	64	5.0
Herbaspirillum seropedicae	964	S	599	634	1233	0.00008	0.00004	0.00000	0.00004	65	4.0
Herbaspirillum frisingense	92645	S	484	486	970	0.00006	0.00003	0.00000	0.00003	64	5.0
Achromobacter mucicolens	1389922	S	52289	58698	110987	0.00727	0.00384	0.00344	0.00340	67	nan
Achromobacter sp. 77	2756133	S	19117	26171	45288	0.00296	0.00171	0.00157	0.00152	67	nan
Achromobacter sp. MFA1 R4	1881016	S	448	455	903	0.00006	0.00003	0.00000	0.00003	67	5.0
Achromobacter sp. R39	3047478	S	184	184	368	0.00002	0.00001	0.00000	0.00001	62	4.0
Achromobacter spanius	217203	S	1024	1310	2334	0.00015	0.00009	0.00008	0.00007	66	nan
Achromobacter xylosoxidans	85698	S	602	642	1244	0.00008	0.00004	0.00000	0.00004	68	5.0
Achromobacter aegrifaciens	1287736	S	595	908	1503	0.00010	0.00006	0.00000	0.00005	67	5.0
Achromobacter denitrificans	32002	S	390	395	785	0.00005	0.00003	0.00000	0.00002	69	4.0
Achromobacter deleyi	1353891	S	208	218	426	0.00003	0.00001	0.00000	0.00001	68	5.0
Achromobacter insolitus	217204	S	137	138	275	0.00002	0.00001	0.00000	0.00001	66	5.0
Achromobacter ruhlandii	72557	S	111	119	230	0.00002	0.00001	0.00000	0.00001	69	5.0
Alcaligenes faecalis	511	S	147	152	299	0.00002	0.00001	0.00000	0.00001	58	4.0
Pusillimonas sp. DMV24BSW_D	2716226	S	136	136	272	0.00002	0.00001	0.00000	0.00001	54	4.0
Variovorax sp. PBL-H6	434009	S	100	132	232	0.00002	0.00001	0.00000	0.00001	66	5.0
Delftia lacustris	558537	S	121	164	285	0.00002	0.00001	0.00000	0.00001	68	4.0
Christiangramia fulva	2126553	S	286845	287543	574388	0.03760	0.01882	0.01745	0.01722	39	nan
Costertonia aggregata	343403	S	233785	234522	468307	0.03066	0.01535	0.01433	0.01410	39	nan
Oceanihabitans sp. IOP_32	2529032	S	141325	142352	283677	0.01857	0.00932	0.00954	0.00937	36	nan
Aquimarina sp. TRL1	2736252	S	101305	101388	202693	0.01327	0.00664	0.00676	0.00665	35	nan
Flavobacterium sp. N2038	2986829	S	77517	78441	155958	0.01021	0.00514	0.00545	0.00536	33	nan
Myroides sp. ZB35	1458492	S	15811	40384	56195	0.00368	0.00264	0.00276	0.00271	35	nan
Capnocytophaga haemolytica	45243	S	26826	26975	53801	0.00352	0.00177	0.00159	0.00154	47	nan
Pedobacter gandavensis	2679963	S	13345	17174	30519	0.00200	0.00112	0.00114	0.00101	41	nan
Pedobacter sp. PACM 27299	1727164	S	11303	13775	25078	0.00164	0.00090	0.00092	0.00081	41	nan
Pedobacter sp.	1411316	S	779	807	1586	0.00010	0.00005	0.00005	0.00005	39	nan
Pedobacter sp. HDW13	2714940	S	190	203	393	0.00003	0.00001	0.00000	0.00001	40	5.0
Pedobacter sp. G11	2482728	S	163	175	338	0.00002	0.00001	0.00000	0.00001	38	4.0
Pedobacter sp. KBS0701	2578106	S	140	185	325	0.00002	0.00001	0.00001	0.00001	40	nan
Pedobacter sp. SL55	2995161	S	122	122	244	0.00002	0.00001	0.00000	0.00001	38	4.0
Pedobacter steynii	430522	S	3330	3409	6739	0.00044	0.00022	0.00000	0.00020	41	5.0
Pedobacter cryoconitis	188932	S	562	605	1167	0.00008	0.00004	0.00000	0.00004	40	5.0
Pedobacter ginsengisoli	363852	S	502	513	1015	0.00007	0.00003	0.00000	0.00003	38	5.0
Pedobacter schmidteae	2201271	S	436	445	881	0.00006	0.00003	0.00000	0.00003	42	5.0
Pedobacter heparinus	984	S	357	364	721	0.00005	0.00002	0.00000	0.00002	43	5.0
Pedobacter roseus	336820	S	183	203	386	0.00003	0.00001	0.00001	0.00001	40	nan
Pedobacter mucosus	2895286	S	149	150	299	0.00002	0.00001	0.00000	0.00001	35	4.0
Pedobacter suwonensis	332999	S	126	135	261	0.00002	0.00001	0.00001	0.00001	40	nan
Pedobacter riviphilus	2766984	S	108	114	222	0.00001	0.00001	0.00000	0.00001	39	5.0
Prevotella melaninogenica	28132	S	33990	35252	69242	0.00453	0.00231	0.00213	0.00208	43	nan
Prevotella jejuni	1177574	S	1523	1552	3075	0.00020	0.00010	0.00000	0.00009	43	5.0
Prevotella intermedia	28131	S	411	421	832	0.00005	0.00003	0.00000	0.00002	47	5.0
Prevotella scopos	589437	S	325	331	656	0.00004	0.00002	0.00000	0.00002	42	5.0
Prevotella nigrescens	28133	S	194	198	392	0.00003	0.00001	0.00000	0.00001	46	4.0
Prevotella histicola	470565	S	126	126	252	0.00002	0.00001	0.00000	0.00001	43	4.0
Prevotella denticola	28129	S	114	115	229	0.00001	0.00001	0.00000	0.00001	54	4.0
Catalinimonas niigatensis	1397264	S	107	121	228	0.00001	0.00001	0.00000	0.00001	43	4.0
Arcobacter defluvii	873191	S	263250	358471	621721	0.04070	0.02347	0.03463	0.03378	27	nan
Arcobacter venerupis	1054033	S	398	400	798	0.00005	0.00003	0.00003	0.00004	27	nan
Arcobacter suis	1278212	S	241	242	483	0.00003	0.00002	0.00000	0.00002	27	5.0
Arcobacter ellisii	913109	S	234	236	470	0.00003	0.00002	0.00002	0.00002	26	nan
Arcobacter sp. L	944547	S	154	212	366	0.00002	0.00001	0.00002	0.00002	25	nan
Arcobacter aquimarinus	1315211	S	128	129	257	0.00002	0.00001	0.00001	0.00001	26	nan
Arcobacter acticola	1849015	S	111	111	222	0.00001	0.00001	0.00000	0.00001	27	5.0
Malaciobacter canalis	1912871	S	150853	153940	304793	0.01995	0.01008	0.01394	0.01359	27	nan
Malaciobacter halophilus	197482	S	25273	25384	50657	0.00332	0.00166	0.00230	0.00222	27	nan
Malaciobacter molluscorum	1032072	S	218	218	436	0.00003	0.00001	0.00000	0.00002	25	4.0
Malaciobacter mytili	603050	S	123	123	246	0.00002	0.00001	0.00000	0.00001	26	4.0
Halarcobacter ebronensis	1462615	S	57572	57640	115212	0.00754	0.00377	0.00472	0.00460	29	nan
Campylobacter coli	195	S	35193	40513	75706	0.00496	0.00265	0.00303	0.00303	31	nan
Campylobacter sp. CFSAN093256	2572082	S	4618	253296	257914	0.01688	0.01658	0.01932	0.01934	30	nan
Campylobacter sp. RM10537	1032242	S	198	198	396	0.00003	0.00001	0.00000	0.00002	29	5.0
Campylobacter jejuni	197	S	9369	80700	90069	0.00590	0.00528	0.00616	0.00616	30	nan
Campylobacter hepaticus	1813019	S	375	383	758	0.00005	0.00003	0.00000	0.00003	28	5.0
Campylobacter lari	201	S	167	170	337	0.00002	0.00001	0.00001	0.00001	29	nan
Campylobacter novaezeelandiae	2267891	S	147	149	296	0.00002	0.00001	0.00000	0.00001	27	5.0
Campylobacter volucris	1031542	S	146	148	294	0.00002	0.00001	0.00000	0.00001	28	5.0
Campylobacter cuniculorum	374106	S	116	116	232	0.00002	0.00001	0.00001	0.00001	31	nan
Campylobacter upsaliensis	28080	S	102	103	205	0.00001	0.00001	0.00000	0.00001	34	4.0
Candidatus Nanosynbacter sp. HMT-352	2899133	S	461886	463492	925378	0.06058	0.03034	0.02641	0.02643	44	nan
Borrelia hermsii	140	S	91611	91865	183476	0.01201	0.00601	0.00717	0.00716	29	nan
Borrelia parkeri	141	S	18547	19743	38290	0.00251	0.00129	0.00161	0.00161	29	nan
Borrelia sp. HM	1882662	S	9943	9949	19892	0.00130	0.00065	0.00089	0.00087	26	nan
Borreliella californiensis	373543	S	56966	58004	114970	0.00753	0.00380	0.00501	0.00501	28	nan
Borreliella bissettiae	64897	S	5572	6119	11691	0.00077	0.00040	0.00000	0.00053	28	5.0
Borreliella burgdorferi	139	S	4466	4968	9434	0.00062	0.00033	0.00049	0.00043	28	nan
Borreliella bavariensis	664662	S	496	613	1109	0.00007	0.00004	0.00006	0.00005	27	nan
Borreliella garinii	29519	S	453	502	955	0.00006	0.00003	0.00000	0.00004	27	5.0
Borreliella finlandensis	498741	S	322	339	661	0.00004	0.00002	0.00000	0.00003	28	5.0
Borreliella mayonii	1674146	S	258	264	522	0.00003	0.00002	0.00000	0.00002	26	5.0
Borreliella spielmanii	88916	S	221	222	443	0.00003	0.00001	0.00000	0.00002	24	5.0
Borreliella turdi	57863	S	188	189	377	0.00002	0.00001	0.00000	0.00002	28	4.0
Borreliella valaisiana	62088	S	133	137	270	0.00002	0.00001	0.00000	0.00001	26	4.0
Treponema putidum	221027	S	126690	129950	256640	0.01680	0.00851	0.00834	0.00823	38	nan
Elusimicrobium minutum	423605	S	222670	222670	445340	0.02915	0.01458	0.01369	0.01336	40	nan
Desulfuromonas sp. DDH964	1823759	S	93496	93532	187028	0.01224	0.00612	0.00528	0.00513	63	nan
Calditerrivibrio nitroreducens	477976	S	42619	42619	85238	0.00558	0.00279	0.00284	0.00278	36	nan
Homo sapiens	9606	S	130	132	262	0.00002	0.00001	0.00000	0.00001	38	4.0
