name	taxonomy_id	taxonomy_lvl	kraken_assigned_reads	added_reads	new_est_reads	fraction_total_reads	Bracken_estimate	GuaCAMOLE_estimate	GuaCAMOLE_est_eff	GC content	Taxon Removal Cycle
Virgibacillus natechei	1216297	S	685187	685534	1370721	0.09203	0.04603	0.04639	0.04504	38	nan
Lysinibacillus pakistanensis	759811	S	489083	494191	983274	0.06602	0.03318	0.03487	0.03371	37	nan
Salisediminibacterium beveridgei	632773	S	285216	285758	570974	0.03834	0.01919	0.01749	0.01698	46	nan
Bacillus sp. CR71	2231056	S	131	139976	140107	0.00941	0.00940	0.01058	0.00983	35	nan
Bacillus sp. B28	1167886	S	130	17056	17186	0.00115	0.00115	0.00128	0.00119	35	nan
Bacillus cereus	1396	S	1155	5646	6801	0.00046	0.00038	0.00044	0.00040	35	nan
Bacillus thuringiensis	1428	S	988	29425	30413	0.00204	0.00198	0.00225	0.00206	35	nan
Bacillus mycoides	1405	S	438	633	1071	0.00007	0.00004	0.00005	0.00004	35	nan
Bacillus wiedmannii	1890302	S	275	321	596	0.00004	0.00002	0.00002	0.00002	35	nan
Bacillus toyonensis	155322	S	143	256	399	0.00003	0.00002	0.00002	0.00002	35	nan
Bacillus luti	2026191	S	129	134	263	0.00002	0.00001	0.00001	0.00001	35	nan
Bacillus pseudomycoides	64104	S	128	129	257	0.00002	0.00001	0.00001	0.00001	35	nan
Bacillus anthracis	1392	S	117	5437	5554	0.00037	0.00037	0.00042	0.00038	35	nan
Bacillus halotolerans	260554	S	124	232	356	0.00002	0.00002	0.00000	0.00001	43	4.0
Bacillus mojavensis	72360	S	100	123	223	0.00001	0.00001	0.00000	0.00001	44	4.0
Planococcus glaciei	459472	S	735387	743638	1479025	0.09930	0.04993	0.04562	0.04414	49	nan
Rummeliibacillus sp. G93	2939494	S	77865	81731	159596	0.01072	0.00549	0.00565	0.00545	39	nan
Paenibacillus sp. FSL H7-0357	1536774	S	105585	105945	211530	0.01420	0.00711	0.00646	0.00622	50	nan
Paenibacillus jilunlii	682956	S	42487	43231	85718	0.00576	0.00290	0.00262	0.00252	52	nan
Brevibacillus brevis	1393	S	51866	52389	104255	0.00700	0.00352	0.00000	0.00305	48	4.0
Cohnella abietis	2507935	S	24268	24298	48566	0.00326	0.00163	0.00150	0.00145	46	nan
Exiguobacterium sibiricum	332410	S	8993	9220	18213	0.00122	0.00062	0.00056	0.00054	49	nan
Streptococcus pneumoniae	1313	S	185	198	383	0.00003	0.00001	0.00000	0.00001	42	3.0
Streptococcus pyogenes	1314	S	120	155	275	0.00002	0.00001	0.00000	0.00001	40	4.0
Streptococcus dysgalactiae	1334	S	103	200	303	0.00002	0.00001	0.00000	0.00001	40	4.0
Caloramator sp. E03	2576307	S	383650	383780	767430	0.05153	0.02577	0.03207	0.03070	31	nan
Oceanirhabdus sp. W0125-5	2999116	S	21260	21267	42527	0.00286	0.00143	0.00181	0.00178	29	nan
Symbiobacterium thermophilum	2734	S	269720	269732	539452	0.03622	0.01811	0.01947	0.01915	70	nan
Alkalicella caledoniensis	2731377	S	40789	40811	81600	0.00548	0.00274	0.00288	0.00280	36	nan
Thermoanaerobacter sp. RKWS2	2983842	S	16445	31334	47779	0.00321	0.00210	0.00232	0.00225	34	nan
Finegoldia magna	1260	S	38945	39960	78905	0.00530	0.00268	0.00323	0.00307	32	nan
Miniphocaeibacter halophilus	2931922	S	38016	38027	76043	0.00511	0.00255	0.00330	0.00334	30	nan
Anaerococcus mediterraneensis	1870984	S	100	204	304	0.00002	0.00001	0.00000	0.00001	36	4.0
Peptoniphilus harei	54005	S	315	328	643	0.00004	0.00002	0.00000	0.00002	36	3.0
Ezakiella coagulans	46507	S	173	182	355	0.00002	0.00001	0.00000	0.00001	36	4.0
Limnochorda pilosa	1555112	S	5405	5405	10810	0.00073	0.00036	0.00000	0.00039	70	5.0
Arthrobacter antioxidans	2895818	S	234760	235741	470501	0.03159	0.01583	0.01745	0.01706	70	nan
Nesterenkonia pannonica	1548602	S	121239	133320	254559	0.01709	0.00895	0.00876	0.00859	67	nan
Microbacterium sp. F6_8S_P_2B	3041512	S	60638	77912	138550	0.00930	0.00523	0.00573	0.00567	71	nan
Curtobacterium sp. MR_MD2014	1561023	S	57261	58805	116066	0.00779	0.00395	0.00477	0.00470	73	nan
Brevibacterium sp. 'Marine'	2725563	S	66611	68435	135046	0.00907	0.00459	0.00440	0.00432	66	nan
Isoptericola dokdonensis	372663	S	57846	58033	115879	0.00778	0.00390	0.00528	0.00530	75	nan
Streptomyces sp. BB1-1-1	3074430	S	151477	163188	314665	0.02113	0.01096	0.01288	0.01288	72	nan
Streptomyces sp. LX-29	2900152	S	22888	23223	46111	0.00310	0.00156	0.00197	0.00199	73	nan
Streptomyces sp. NA13	2996051	S	12700	36228	48928	0.00329	0.00243	0.00334	0.00320	74	nan
Streptomyces sp. VNUA74	3062685	S	4628	16453	21081	0.00142	0.00110	0.00146	0.00144	74	nan
Streptomyces sp. NBU3104	2911367	S	3830	13580	17410	0.00117	0.00091	0.00125	0.00120	74	nan
Streptomyces sp. GF20	2692235	S	3481	11900	15381	0.00103	0.00080	0.00109	0.00105	74	nan
Streptomyces sp. A10(2020)	2782013	S	3214	18443	21657	0.00145	0.00124	0.00170	0.00163	74	nan
Streptomyces sp. PLM4	2929798	S	3201	13715	16916	0.00114	0.00092	0.00127	0.00122	74	nan
Streptomyces sp. FR-008	206662	S	2908	12707	15615	0.00105	0.00085	0.00116	0.00112	74	nan
Streptomyces sp. OUCMDZ-3434	1535304	S	2523	14505	17028	0.00114	0.00097	0.00123	0.00127	74	nan
Streptomyces sp. GBA 94-10 4N24	1218177	S	2263	12555	14818	0.00099	0.00084	0.00106	0.00109	74	nan
Streptomyces sp. SM17	565560	S	1718	11678	13396	0.00090	0.00078	0.00107	0.00103	74	nan
Streptomyces sp. 604F	1476754	S	1501	7426	8927	0.00060	0.00050	0.00063	0.00065	74	nan
Streptomyces sp. G11C(2021)	2841662	S	1305	6335	7640	0.00051	0.00043	0.00054	0.00055	74	nan
Streptomyces sp. WA1-19	2884220	S	1007	3950	4957	0.00033	0.00027	0.00036	0.00035	74	nan
Streptomyces sp. HK1	405041	S	771	1802	2573	0.00017	0.00012	0.00014	0.00015	73	nan
Streptomyces sp. PVA_94-07	1225337	S	683	4354	5037	0.00034	0.00029	0.00037	0.00038	74	nan
Streptomyces sp. BI87	2987521	S	673	4687	5360	0.00036	0.00031	0.00043	0.00041	74	nan
Streptomyces sp. NEAU-sy36	2751189	S	591	616	1207	0.00008	0.00004	0.00005	0.00005	73	nan
Streptomyces sp. SCSIO ZS0520	2892996	S	366	371	737	0.00005	0.00002	0.00003	0.00003	74	nan
Streptomyces sp. AM 4-1-1	3028710	S	361	368	729	0.00005	0.00002	0.00000	0.00003	72	5.0
Streptomyces sp. 135	2838850	S	361	379	740	0.00005	0.00003	0.00003	0.00003	72	nan
Streptomyces sp. S8	1837283	S	329	388	717	0.00005	0.00003	0.00003	0.00003	73	nan
Streptomyces sp. HUAS CB01	3053466	S	302	309	611	0.00004	0.00002	0.00002	0.00003	73	nan
Streptomyces sp. SM18	1736046	S	289	296	585	0.00004	0.00002	0.00002	0.00002	72	nan
Streptomyces sp. KMM 9044	2744474	S	285	292	577	0.00004	0.00002	0.00000	0.00002	72	5.0
Streptomyces sp. SirexAA-E	862751	S	272	280	552	0.00004	0.00002	0.00002	0.00002	73	nan
Streptomyces sp. C8S0	2585716	S	260	264	524	0.00004	0.00002	0.00002	0.00002	74	nan
Streptomyces sp. ST1015	1848900	S	259	263	522	0.00004	0.00002	0.00000	0.00002	72	5.0
Streptomyces sp. SAT1	1849967	S	254	261	515	0.00003	0.00002	0.00002	0.00002	74	nan
Streptomyces sp. AM2-3-1	3075824	S	250	253	503	0.00003	0.00002	0.00000	0.00002	71	5.0
Streptomyces sp. 891-h	2720714	S	237	238	475	0.00003	0.00002	0.00000	0.00002	71	5.0
Streptomyces sp. NHF165	2175864	S	232	233	465	0.00003	0.00002	0.00002	0.00002	74	nan
Streptomyces sp. MA3_2.13	2867410	S	228	228	456	0.00003	0.00002	0.00002	0.00002	72	nan
Streptomyces sp. N50	3081765	S	227	230	457	0.00003	0.00002	0.00000	0.00002	71	4.0
Streptomyces sp. FZ201	3057122	S	226	235	461	0.00003	0.00002	0.00000	0.00002	72	5.0
Streptomyces sp. Mut1	3033811	S	223	230	453	0.00003	0.00002	0.00002	0.00002	72	nan
Streptomyces sp. HL-66	2964669	S	222	227	449	0.00003	0.00002	0.00002	0.00002	74	nan
Streptomyces sp. HUAS 15-9	2981136	S	221	226	447	0.00003	0.00002	0.00000	0.00002	71	5.0
Streptomyces sp. AM 2-1-1	3028709	S	218	221	439	0.00003	0.00001	0.00002	0.00002	73	nan
Streptomyces sp. QHH-9511	2684468	S	211	216	427	0.00003	0.00001	0.00000	0.00002	72	5.0
Streptomyces sp. S4.7	2705439	S	210	220	430	0.00003	0.00001	0.00000	0.00002	71	5.0
Streptomyces sp. NA04227	2742136	S	206	208	414	0.00003	0.00001	0.00000	0.00002	72	5.0
Streptomyces sp. HSG2	2797167	S	202	203	405	0.00003	0.00001	0.00002	0.00002	73	nan
Streptomyces sp. M92	2944250	S	199	213	412	0.00003	0.00001	0.00002	0.00002	72	nan
Streptomyces sp. AM8-1-1	3075825	S	198	201	399	0.00003	0.00001	0.00000	0.00001	70	4.0
Streptomyces sp. SN-593	659352	S	193	194	387	0.00003	0.00001	0.00002	0.00002	74	nan
Streptomyces sp. Alt3	3033808	S	192	201	393	0.00003	0.00001	0.00000	0.00002	71	5.0
Streptomyces sp. CdTB01	1725411	S	191	197	388	0.00003	0.00001	0.00000	0.00002	72	5.0
Streptomyces sp. Li-HN-5-11	3075432	S	190	195	385	0.00003	0.00001	0.00000	0.00002	72	5.0
Streptomyces sp. JB150	2714844	S	188	197	385	0.00003	0.00001	0.00002	0.00002	73	nan
Streptomyces sp. YIM 121038	2136401	S	186	192	378	0.00003	0.00001	0.00002	0.00002	73	nan
Streptomyces sp. LRE541	2931983	S	183	187	370	0.00002	0.00001	0.00000	0.00001	71	5.0
Streptomyces sp. NA02950	2742137	S	182	184	366	0.00002	0.00001	0.00000	0.00001	72	5.0
Streptomyces sp. WMMC500	3015154	S	179	182	361	0.00002	0.00001	0.00002	0.00002	74	nan
Streptomyces sp. So13.3	2136173	S	177	178	355	0.00002	0.00001	0.00000	0.00001	71	5.0
Streptomyces sp. MRC013	2898276	S	174	180	354	0.00002	0.00001	0.00000	0.00002	74	5.0
Streptomyces sp. XD-27	3062779	S	172	174	346	0.00002	0.00001	0.00001	0.00001	73	nan
Streptomyces sp. ITFR-21	3075199	S	172	173	345	0.00002	0.00001	0.00001	0.00001	72	nan
Streptomyces sp. ITFR-6	3075197	S	171	177	348	0.00002	0.00001	0.00000	0.00001	72	5.0
Streptomyces sp. W1SF4	2305220	S	167	172	339	0.00002	0.00001	0.00002	0.00002	73	nan
Streptomyces sp. YPW6	2840373	S	166	182	348	0.00002	0.00001	0.00001	0.00002	73	nan
Streptomyces sp. SCUT-3	2684469	S	163	164	327	0.00002	0.00001	0.00000	0.00002	74	5.0
Streptomyces sp. Caat 7-52	2949637	S	162	169	331	0.00002	0.00001	0.00001	0.00001	72	nan
Streptomyces sp. RerS4	2942449	S	162	167	329	0.00002	0.00001	0.00001	0.00001	73	nan
Streptomyces sp. HUAS 14-6	2981135	S	157	163	320	0.00002	0.00001	0.00001	0.00001	73	nan
Streptomyces sp. GS7	2692234	S	156	160	316	0.00002	0.00001	0.00000	0.00001	73	5.0
Streptomyces sp. BPTC-684	3043734	S	156	159	315	0.00002	0.00001	0.00000	0.00001	72	5.0
Streptomyces sp. Tu 2975	2676871	S	155	160	315	0.00002	0.00001	0.00000	0.00001	72	5.0
Streptomyces sp. ITFR-16	3075198	S	155	162	317	0.00002	0.00001	0.00001	0.00001	73	nan
Streptomyces sp. BJ20	2930049	S	155	224	379	0.00003	0.00002	0.00002	0.00002	73	nan
Streptomyces sp. FIT100	2837956	S	155	162	317	0.00002	0.00001	0.00000	0.00001	72	5.0
Streptomyces sp. HUAS YS2	3081768	S	154	158	312	0.00002	0.00001	0.00001	0.00001	72	nan
Streptomyces sp. RPA4-2	2721244	S	147	153	300	0.00002	0.00001	0.00000	0.00001	72	5.0
Streptomyces sp. WZ-12	3030210	S	143	146	289	0.00002	0.00001	0.00000	0.00001	72	5.0
Streptomyces sp. GMY02	1333528	S	142	143	285	0.00002	0.00001	0.00000	0.00001	71	5.0
Streptomyces sp. T12	477697	S	140	146	286	0.00002	0.00001	0.00000	0.00001	71	5.0
Streptomyces sp. HUAS 5	3031124	S	139	143	282	0.00002	0.00001	0.00000	0.00001	72	5.0
Streptomyces sp. A2-16	2781734	S	138	144	282	0.00002	0.00001	0.00000	0.00001	71	5.0
Streptomyces sp. BHT-5-2	2866715	S	135	139	274	0.00002	0.00001	0.00001	0.00001	72	nan
Streptomyces sp. Z423-1	2730915	S	134	138	272	0.00002	0.00001	0.00000	0.00001	72	5.0
Streptomyces sp. MBT27	1488356	S	132	135	267	0.00002	0.00001	0.00000	0.00001	72	5.0
Streptomyces sp. CGMCC 4.7035	3061628	S	131	135	266	0.00002	0.00001	0.00000	0.00001	71	5.0
Streptomyces sp. FXJ1.172	710705	S	130	137	267	0.00002	0.00001	0.00000	0.00001	71	5.0
Streptomyces sp. NBC_00162	2903629	S	130	135	265	0.00002	0.00001	0.00000	0.00001	71	5.0
Streptomyces sp. SYP-A7193	2662065	S	128	143	271	0.00002	0.00001	0.00001	0.00001	73	nan
Streptomyces sp. GQFP	2907545	S	127	129	256	0.00002	0.00001	0.00000	0.00001	70	4.0
Streptomyces sp. SUK 48	2582831	S	126	140	266	0.00002	0.00001	0.00001	0.00001	73	nan
Streptomyces sp. PCS3-D2	1460244	S	126	132	258	0.00002	0.00001	0.00001	0.00001	73	nan
Streptomyces sp. MMBL 11-1	3026420	S	126	139	265	0.00002	0.00001	0.00001	0.00001	72	nan
Streptomyces sp. WAC 01529	2203205	S	123	129	252	0.00002	0.00001	0.00000	0.00001	72	5.0
Streptomyces sp. WAC 01438	2203204	S	122	127	249	0.00002	0.00001	0.00001	0.00001	73	nan
Streptomyces sp. VNUA116	3062449	S	120	123	243	0.00002	0.00001	0.00001	0.00001	73	nan
Streptomyces sp. MST-110588	2833628	S	119	120	239	0.00002	0.00001	0.00000	0.00001	72	5.0
Streptomyces sp. S063	2005885	S	119	142	261	0.00002	0.00001	0.00001	0.00001	73	nan
Streptomyces sp. P3	2135430	S	119	122	241	0.00002	0.00001	0.00000	0.00001	72	5.0
Streptomyces sp. HM190	2695266	S	117	121	238	0.00002	0.00001	0.00001	0.00001	73	nan
Streptomyces sp. 11x1	3038642	S	117	124	241	0.00002	0.00001	0.00000	0.00001	71	5.0
Streptomyces sp. CB01881	2078691	S	112	113	225	0.00002	0.00001	0.00001	0.00001	74	nan
Streptomyces sp. RTd22	1841249	S	111	117	228	0.00002	0.00001	0.00000	0.00001	72	5.0
Streptomyces sp. WA6-1-16	2879427	S	107	138	245	0.00002	0.00001	0.00001	0.00001	73	nan
Streptomyces sp. CA-210063	2801029	S	105	111	216	0.00001	0.00001	0.00000	0.00001	71	5.0
Streptomyces sp. Rer75	2750011	S	104	111	215	0.00001	0.00001	0.00000	0.00001	72	5.0
Streptomyces sp. DSM 40868	2721173	S	100	104	204	0.00001	0.00001	0.00001	0.00001	73	nan
Streptomyces sp. FXY-T5	3064901	S	100	109	209	0.00001	0.00001	0.00000	0.00001	73	5.0
Streptomyces sp. 3214.6	1882757	S	100	103	203	0.00001	0.00001	0.00000	0.00001	71	5.0
Streptomyces koyangensis	188770	S	21278	26020	47298	0.00318	0.00175	0.00230	0.00230	74	nan
Streptomyces aurantiacus	47760	S	273	279	552	0.00004	0.00002	0.00000	0.00002	71	5.0
Streptomyces cadmiisoli	2184053	S	102	104	206	0.00001	0.00001	0.00000	0.00001	71	5.0
Streptomyces albidoflavus	1886	S	13410	60230	73640	0.00494	0.00404	0.00557	0.00534	74	nan
Streptomyces sampsonii	42239	S	3309	13852	17161	0.00115	0.00093	0.00129	0.00123	74	nan
Streptomyces rutgersensis	53451	S	8538	9018	17556	0.00118	0.00061	0.00079	0.00081	74	nan
Streptomyces griseus	1911	S	2586	2811	5397	0.00036	0.00019	0.00023	0.00023	72	nan
Streptomyces anulatus	1892	S	286	401	687	0.00005	0.00003	0.00003	0.00003	73	nan
Streptomyces microflavus	1919	S	213	296	509	0.00003	0.00002	0.00002	0.00002	72	nan
Streptomyces globisporus	1908	S	167	210	377	0.00003	0.00001	0.00002	0.00002	72	nan
Streptomyces venezuelae	54571	S	1301	1367	2668	0.00018	0.00009	0.00011	0.00011	73	nan
Streptomyces spongiicola	1690221	S	452	464	916	0.00006	0.00003	0.00004	0.00004	73	nan
Streptomyces tsukubensis	83656	S	442	448	890	0.00006	0.00003	0.00000	0.00004	72	5.0
Streptomyces finlayi	67296	S	407	414	821	0.00006	0.00003	0.00000	0.00003	70	5.0
Streptomyces noursei	1971	S	364	421	785	0.00005	0.00003	0.00003	0.00004	73	nan
Streptomyces cavourensis	67258	S	322	472	794	0.00005	0.00003	0.00004	0.00004	73	nan
Streptomyces niveus	193462	S	315	322	637	0.00004	0.00002	0.00000	0.00002	71	5.0
Streptomyces seoulensis	73044	S	281	289	570	0.00004	0.00002	0.00002	0.00002	73	nan
Streptomyces rapamycinicus	1226757	S	113	118	231	0.00002	0.00001	0.00000	0.00001	71	5.0
Streptomyces genisteinicus	2768068	S	274	279	553	0.00004	0.00002	0.00003	0.00003	74	nan
Streptomyces formicae	1616117	S	263	276	539	0.00004	0.00002	0.00000	0.00002	72	5.0
Streptomyces coeruleorubidus	116188	S	262	286	548	0.00004	0.00002	0.00000	0.00002	72	5.0
Streptomyces olivoreticuli	68246	S	261	265	526	0.00004	0.00002	0.00000	0.00002	72	5.0
Streptomyces xanthii	2768069	S	257	262	519	0.00003	0.00002	0.00002	0.00002	73	nan
Streptomyces laculatispora	887464	S	246	254	500	0.00003	0.00002	0.00000	0.00002	71	5.0
Streptomyces xinghaiensis	1038928	S	238	240	478	0.00003	0.00002	0.00002	0.00002	73	nan
Streptomyces alfalfae	1642299	S	235	242	477	0.00003	0.00002	0.00002	0.00002	73	nan
Streptomyces clavuligerus	1901	S	235	237	472	0.00003	0.00002	0.00002	0.00002	73	nan
Streptomyces asoensis	249586	S	225	232	457	0.00003	0.00002	0.00000	0.00002	72	5.0
Streptomyces rimosus	1927	S	219	266	485	0.00003	0.00002	0.00002	0.00002	73	nan
Streptomyces spectabilis	68270	S	216	224	440	0.00003	0.00002	0.00002	0.00002	73	nan
Streptomyces paludis	2282738	S	215	217	432	0.00003	0.00001	0.00000	0.00002	72	5.0
Streptomyces buecherae	2763006	S	211	221	432	0.00003	0.00001	0.00002	0.00002	73	nan
Streptomyces longhuiensis	2880933	S	209	212	421	0.00003	0.00001	0.00000	0.00002	71	5.0
Streptomyces atratus	1893	S	208	211	419	0.00003	0.00001	0.00000	0.00002	70	4.0
Streptomyces griseoviridis	45398	S	207	211	418	0.00003	0.00001	0.00002	0.00002	73	nan
Streptomyces nitrosporeus	28894	S	200	204	404	0.00003	0.00001	0.00002	0.00002	72	nan
Streptomyces marincola	2878388	S	200	200	400	0.00003	0.00001	0.00000	0.00002	74	5.0
Streptomyces hundungensis	1077946	S	200	204	404	0.00003	0.00001	0.00000	0.00002	72	5.0
Streptomyces pratensis	1169025	S	199	205	404	0.00003	0.00001	0.00000	0.00002	71	5.0
Streptomyces murinus	33900	S	195	334	529	0.00004	0.00002	0.00003	0.00003	73	nan
Streptomyces durmitorensis	319947	S	191	194	385	0.00003	0.00001	0.00000	0.00001	71	5.0
Streptomyces durocortorensis	2811104	S	190	201	391	0.00003	0.00001	0.00000	0.00002	72	5.0
Streptomyces calvus	67282	S	186	195	381	0.00003	0.00001	0.00002	0.00002	73	nan
Streptomyces liangshanensis	2717324	S	186	188	374	0.00003	0.00001	0.00001	0.00002	73	nan
Streptomyces pactum	68249	S	184	195	379	0.00003	0.00001	0.00002	0.00002	73	nan
Streptomyces liliifuscus	2797636	S	182	188	370	0.00002	0.00001	0.00000	0.00001	71	5.0
Streptomyces collinus	42684	S	182	195	377	0.00003	0.00001	0.00002	0.00002	73	nan
Streptomyces gilvosporeus	553510	S	182	185	367	0.00002	0.00001	0.00000	0.00001	71	5.0
Streptomyces nigra	1827580	S	179	186	365	0.00002	0.00001	0.00001	0.00002	72	nan
Streptomyces phaeolivaceus	2653200	S	176	184	360	0.00002	0.00001	0.00000	0.00001	72	5.0
Streptomyces cynarae	2981134	S	176	180	356	0.00002	0.00001	0.00000	0.00001	71	5.0
Streptomyces chromofuscus	42881	S	175	181	356	0.00002	0.00001	0.00001	0.00001	72	nan
Streptomyces qinzhouensis	2599401	S	172	175	347	0.00002	0.00001	0.00000	0.00001	71	5.0
Streptomyces ambofaciens	1889	S	171	180	351	0.00002	0.00001	0.00001	0.00002	73	nan
Streptomyces griseorubiginosus	67304	S	167	173	340	0.00002	0.00001	0.00000	0.00001	72	5.0
Streptomyces tubbatahanensis	2923272	S	163	164	327	0.00002	0.00001	0.00001	0.00001	72	nan
Streptomyces aureoverticillatus	66871	S	162	166	328	0.00002	0.00001	0.00000	0.00001	72	5.0
Streptomyces roseicoloratus	2508722	S	160	164	324	0.00002	0.00001	0.00001	0.00001	73	nan
Streptomyces viridosporus	67581	S	159	166	325	0.00002	0.00001	0.00001	0.00001	73	nan
Streptomyces olivaceus	47716	S	158	822	980	0.00007	0.00006	0.00007	0.00007	74	nan
Streptomyces ficellus	1977088	S	158	162	320	0.00002	0.00001	0.00001	0.00001	73	nan
Streptomyces aquilus	2548456	S	157	162	319	0.00002	0.00001	0.00000	0.00001	72	5.0
Streptomyces armeniacus	83291	S	157	157	314	0.00002	0.00001	0.00001	0.00001	73	nan
Streptomyces tirandamycinicus	2174846	S	157	162	319	0.00002	0.00001	0.00001	0.00001	73	nan
Streptomyces albus	1888	S	156	157	313	0.00002	0.00001	0.00001	0.00001	73	nan
Streptomyces xanthophaeus	67385	S	156	167	323	0.00002	0.00001	0.00001	0.00001	72	nan
Streptomyces antibioticus	1890	S	156	161	317	0.00002	0.00001	0.00001	0.00001	73	nan
Streptomyces subrutilus	36818	S	152	157	309	0.00002	0.00001	0.00001	0.00001	74	nan
Streptomyces prasinus	67345	S	150	155	305	0.00002	0.00001	0.00001	0.00001	73	nan
Streptomyces peucetius	1950	S	149	152	301	0.00002	0.00001	0.00000	0.00001	71	5.0
Streptomyces nodosus	40318	S	149	151	300	0.00002	0.00001	0.00000	0.00001	71	5.0
Streptomyces sudanensis	436397	S	146	151	297	0.00002	0.00001	0.00000	0.00001	74	5.0
Streptomyces katrae	68223	S	144	148	292	0.00002	0.00001	0.00001	0.00001	74	nan
Streptomyces deccanensis	424188	S	142	156	298	0.00002	0.00001	0.00000	0.00001	72	5.0
Streptomyces tendae	1932	S	142	149	291	0.00002	0.00001	0.00001	0.00001	73	nan
Streptomyces alboflavus	67267	S	141	147	288	0.00002	0.00001	0.00001	0.00001	73	nan
Streptomyces flavofungini	68200	S	141	148	289	0.00002	0.00001	0.00001	0.00001	73	nan
Streptomyces pristinaespiralis	38300	S	140	145	285	0.00002	0.00001	0.00000	0.00001	72	5.0
Streptomyces lunaelactis	1535768	S	137	139	276	0.00002	0.00001	0.00000	0.00001	71	4.0
Streptomyces cinnabarinus	67287	S	136	144	280	0.00002	0.00001	0.00000	0.00001	72	5.0
Streptomyces gobiensis	2875706	S	136	136	272	0.00002	0.00001	0.00000	0.00001	70	4.0
Streptomyces coralus	66880	S	133	141	274	0.00002	0.00001	0.00000	0.00001	72	5.0
Streptomyces kanamyceticus	1967	S	132	138	270	0.00002	0.00001	0.00000	0.00001	72	5.0
Streptomyces pluripotens	1355015	S	129	130	259	0.00002	0.00001	0.00000	0.00001	70	4.0
Streptomyces fradiae	1906	S	129	256	385	0.00003	0.00002	0.00000	0.00002	74	5.0
Streptomyces lydicus	47763	S	128	157	285	0.00002	0.00001	0.00001	0.00001	72	nan
Streptomyces angustmyceticus	285578	S	125	131	256	0.00002	0.00001	0.00001	0.00001	73	nan
Streptomyces harbinensis	1176198	S	121	122	243	0.00002	0.00001	0.00001	0.00001	73	nan
Streptomyces lienomycini	284035	S	121	131	252	0.00002	0.00001	0.00001	0.00001	73	nan
Streptomyces glaucescens	1907	S	117	121	238	0.00002	0.00001	0.00001	0.00001	73	nan
Streptomyces luteoverticillatus	66425	S	116	118	234	0.00002	0.00001	0.00001	0.00001	73	nan
Streptomyces avermitilis	33903	S	113	116	229	0.00002	0.00001	0.00000	0.00001	72	5.0
Streptomyces halobius	2879846	S	113	114	227	0.00002	0.00001	0.00000	0.00001	70	4.0
Streptomyces cyaneochromogenes	2496836	S	113	117	230	0.00002	0.00001	0.00000	0.00001	71	5.0
Streptomyces capitiformicae	2014920	S	111	114	225	0.00002	0.00001	0.00000	0.00001	70	4.0
Streptomyces fodineus	1904616	S	111	116	227	0.00002	0.00001	0.00000	0.00001	72	5.0
Streptomyces vietnamensis	362257	S	108	113	221	0.00001	0.00001	0.00001	0.00001	72	nan
Streptomyces tanashiensis	67367	S	108	113	221	0.00001	0.00001	0.00001	0.00001	73	nan
Streptomyces vilmorinianum	3051092	S	106	109	215	0.00001	0.00001	0.00001	0.00001	73	nan
Streptomyces roseochromogenus	285450	S	105	109	214	0.00001	0.00001	0.00000	0.00001	71	5.0
Streptomyces drozdowiczii	202862	S	105	108	213	0.00001	0.00001	0.00001	0.00001	73	nan
Streptomyces dangxiongensis	1442032	S	105	108	213	0.00001	0.00001	0.00001	0.00001	73	nan
Streptomyces dengpaensis	2049881	S	104	106	210	0.00001	0.00001	0.00000	0.00001	71	4.0
Streptomyces roseirectus	2768066	S	103	104	207	0.00001	0.00001	0.00001	0.00001	73	nan
Streptomyces vinaceus	1960	S	102	106	208	0.00001	0.00001	0.00001	0.00001	73	nan
Streptomyces galilaeus	33899	S	100	105	205	0.00001	0.00001	0.00000	0.00001	73	5.0
Streptomyces fagopyri	2662397	S	100	104	204	0.00001	0.00001	0.00000	0.00001	72	5.0
Kitasatospora sp. MMS16-BH015	2018025	S	21751	21870	43621	0.00293	0.00147	0.00189	0.00187	74	nan
Corynebacterium renale	1724	S	241665	242074	483739	0.03248	0.01625	0.01450	0.01429	60	nan
Gordonia ajococcus	1292359	S	8003	123905	131908	0.00886	0.00832	0.00840	0.00823	68	nan
Gordonia rubripertincta	36822	S	209	228	437	0.00003	0.00002	0.00002	0.00002	68	nan
Phytohabitans flavus	1076124	S	74238	74318	148556	0.00997	0.00499	0.00569	0.00566	71	nan
Actinomyces radicidentis	111015	S	30139	30313	60452	0.00406	0.00204	0.00253	0.00258	73	nan
Actinomyces israelii	1659	S	112	112	224	0.00002	0.00001	0.00000	0.00001	73	4.0
Thermobispora bispora	2006	S	9767	9781	19548	0.00131	0.00066	0.00083	0.00083	73	nan
Metamycoplasma hominis	2098	S	543192	547575	1090767	0.07324	0.03676	0.04951	0.05280	26	nan
Mycoplasmopsis bovis	28903	S	12190	12308	24498	0.00164	0.00083	0.00112	0.00106	29	nan
Spiroplasma sp. SV19	2570468	S	199674	200356	400030	0.02686	0.01345	0.01851	0.01817	29	nan
Spiroplasma poulsonii	2138	S	26433	26671	53104	0.00357	0.00179	0.00220	0.00262	27	nan
Synechococcus sp. KORDI-100	1280380	S	318283	318477	636760	0.04275	0.02138	0.01978	0.01887	62	nan
Synechococcus sp. PCC 7336	195250	S	150853	150858	301711	0.02026	0.01013	0.00915	0.00872	55	nan
Thermosynechococcus sp. B3	2937793	S	7336	144054	151390	0.01016	0.00967	0.00864	0.00823	55	nan
Thermosynechococcus sp. HN-54	2933959	S	399	400	799	0.00005	0.00003	0.00002	0.00002	54	nan
Thermosynechococcus sp. NK55a	1394889	S	177	180	357	0.00002	0.00001	0.00001	0.00001	54	nan
Thermosynechococcus sp.	2814275	S	170	173	343	0.00002	0.00001	0.00001	0.00001	55	nan
Pelolinea submarina	913107	S	74623	74623	149246	0.01002	0.00501	0.00459	0.00441	52	nan
Pseudomonas pohangensis	364197	S	417650	419016	836666	0.05617	0.02813	0.02532	0.02480	61	nan
Pseudomonas kribbensis	1628086	S	69995	131070	201065	0.01350	0.00880	0.00809	0.00781	62	nan
Pseudomonas entomophila	312306	S	41540	45492	87032	0.00584	0.00305	0.00296	0.00284	65	nan
Pseudomonas sp. Cab53	2678258	S	28672	31386	60058	0.00403	0.00211	0.00195	0.00191	63	nan
Pseudomonas fluorescens	294	S	470	705	1175	0.00008	0.00005	0.00004	0.00004	62	nan
Marinobacter sp. es.042	1761794	S	63875	65950	129825	0.00872	0.00443	0.00395	0.00382	59	nan
Pseudoalteromonas sp. M8	2692624	S	171741	521125	692866	0.04652	0.03499	0.03269	0.03159	44	nan
Pseudoalteromonas sp. GCY	2003316	S	631	717	1348	0.00009	0.00005	0.00004	0.00004	44	nan
Pseudoalteromonas sp. SCSIO 43201	2822842	S	394	397	791	0.00005	0.00003	0.00003	0.00002	44	nan
Pseudoalteromonas sp. NC201	1514074	S	359	680	1039	0.00007	0.00005	0.00004	0.00004	44	nan
Pseudoalteromonas sp. JC3	2810196	S	152	578	730	0.00005	0.00004	0.00004	0.00004	44	nan
Pseudoalteromonas piscicida	43662	S	1872	2348	4220	0.00028	0.00016	0.00015	0.00014	44	nan
Pseudoalteromonas maricaloris	184924	S	185	321	506	0.00003	0.00002	0.00002	0.00002	44	nan
Pseudoalteromonas flavipulchra	137779	S	100	261	361	0.00002	0.00002	0.00002	0.00002	44	nan
Lelliottia sp. WB101	2153385	S	139707	154814	294521	0.01977	0.01039	0.00922	0.00901	58	nan
Klebsiella sp. P1CD1	2267618	S	11248	93817	105065	0.00705	0.00630	0.00568	0.00556	60	nan
Klebsiella pneumoniae	573	S	1394	13348	14742	0.00099	0.00090	0.00082	0.00079	60	nan
Klebsiella variicola	244366	S	954	3267	4221	0.00028	0.00022	0.00020	0.00019	60	nan
Klebsiella quasipneumoniae	1463165	S	583	1294	1877	0.00013	0.00009	0.00008	0.00008	60	nan
Klebsiella africana	2489010	S	130	158	288	0.00002	0.00001	0.00001	0.00001	59	nan
Klebsiella quasivariicola	2026240	S	126	165	291	0.00002	0.00001	0.00001	0.00001	59	nan
Klebsiella aerogenes	548	S	115	139	254	0.00002	0.00001	0.00000	0.00001	57	5.0
Candidatus Riesia pediculicola	401619	S	30225	30239	60464	0.00406	0.00203	0.00249	0.00271	29	nan
Escherichia coli	562	S	222	1436	1658	0.00011	0.00010	0.00000	0.00008	54	5.0
Providencia sp. PROV046	2949776	S	10230	95190	105420	0.00708	0.00639	0.00643	0.00602	42	nan
Providencia rettgeri	587	S	433	1804	2237	0.00015	0.00012	0.00012	0.00011	42	nan
Providencia huaxiensis	2027290	S	166	192	358	0.00002	0.00001	0.00001	0.00001	43	nan
Spongiibacter nanhainus	2794344	S	173265	173782	347047	0.02330	0.01167	0.01043	0.01005	58	nan
Actinobacillus suis	716	S	101408	120747	222155	0.01492	0.00811	0.00794	0.00768	41	nan
Actinobacillus equuli	718	S	205	280	485	0.00003	0.00002	0.00002	0.00002	41	nan
Moraxella sp. ZY171148	2904119	S	59843	60467	120310	0.00808	0.00406	0.00386	0.00373	44	nan
Psychrobacter sp. KCTC 72983	2733866	S	8836	11837	20673	0.00139	0.00079	0.00075	0.00072	47	nan
Psychrobacter sp. AntiMn-1	1720344	S	2754	5721	8475	0.00057	0.00038	0.00036	0.00035	46	nan
Psychrobacter sp. KH172YL61	2517899	S	2454	4394	6848	0.00046	0.00030	0.00028	0.00027	46	nan
Psychrobacter sp. P11G3	1699623	S	1353	1404	2757	0.00019	0.00009	0.00000	0.00009	46	5.0
Psychrobacter sp. 28M-43	2772254	S	1266	1312	2578	0.00017	0.00009	0.00000	0.00008	45	5.0
Psychrobacter sp. P11F6	1699621	S	968	991	1959	0.00013	0.00007	0.00000	0.00006	45	5.0
Psychrobacter sp. DAB_AL43B	1028416	S	659	664	1323	0.00009	0.00004	0.00000	0.00004	45	5.0
Psychrobacter sp. WB2	3043330	S	633	660	1293	0.00009	0.00004	0.00000	0.00004	45	5.0
Psychrobacter sp. van23A	3064892	S	582	618	1200	0.00008	0.00004	0.00000	0.00004	47	5.0
Psychrobacter sp. M13	3067275	S	315	316	631	0.00004	0.00002	0.00000	0.00002	45	5.0
Psychrobacter sp. P11G5	1699624	S	160	208	368	0.00002	0.00001	0.00000	0.00001	44	5.0
Psychrobacter sp. P2G3	1699622	S	119	153	272	0.00002	0.00001	0.00000	0.00001	44	5.0
Psychrobacter sp. G	571800	S	113	161	274	0.00002	0.00001	0.00000	0.00001	45	5.0
Psychrobacter sp. SC65A.3	2983299	S	110	154	264	0.00002	0.00001	0.00000	0.00001	45	5.0
Psychrobacter arcticus	334543	S	126	127	253	0.00002	0.00001	0.00000	0.00001	45	5.0
Acinetobacter sp. CS-2	2798861	S	533	865	1398	0.00009	0.00006	0.00000	0.00005	42	5.0
Acinetobacter sp. TTH0-4	1646498	S	350	444	794	0.00005	0.00003	0.00000	0.00003	40	4.0
Acinetobacter terrestris	2529843	S	243	397	640	0.00004	0.00003	0.00000	0.00003	41	4.0
Acinetobacter indicus	756892	S	105	228	333	0.00002	0.00002	0.00000	0.00001	47	5.0
Neptuniibacter halophilus	651666	S	36350	36373	72723	0.00488	0.00244	0.00212	0.00208	55	nan
Halothiobacillus sp. LS2	1860122	S	27738	27753	55491	0.00373	0.00186	0.00171	0.00166	62	nan
Vibrio sinaloensis	379097	S	585	602	1187	0.00008	0.00004	0.00000	0.00004	49	4.0
Vibrio tubiashii	29498	S	505	836	1341	0.00009	0.00006	0.00005	0.00005	46	nan
Vibrio europaeus	300876	S	192	335	527	0.00004	0.00002	0.00002	0.00002	46	nan
Vibrio parahaemolyticus	670	S	381	462	843	0.00006	0.00003	0.00000	0.00003	47	5.0
Vibrio campbellii	680	S	225	431	656	0.00004	0.00003	0.00003	0.00003	47	nan
Vibrio owensii	696485	S	177	299	476	0.00003	0.00002	0.00002	0.00002	47	nan
Vibrio harveyi	669	S	147	383	530	0.00004	0.00003	0.00002	0.00002	47	nan
Vibrio alginolyticus	663	S	113	487	600	0.00004	0.00003	0.00003	0.00003	47	nan
Vibrio sp. SCSIO 43135	2819096	S	181	241	422	0.00003	0.00002	0.00000	0.00001	46	5.0
Vibrio japonicus	1824638	S	423	438	861	0.00006	0.00003	0.00003	0.00003	46	nan
Vibrio vulnificus	672	S	351	379	730	0.00005	0.00003	0.00000	0.00002	48	5.0
Vibrio coralliilyticus	190893	S	204	340	544	0.00004	0.00002	0.00002	0.00002	47	nan
Vibrio scophthalmi	45658	S	153	167	320	0.00002	0.00001	0.00000	0.00001	45	5.0
Vibrio neptunius	170651	S	129	136	265	0.00002	0.00001	0.00000	0.00001	46	5.0
Vibrio taketomensis	2572923	S	124	127	251	0.00002	0.00001	0.00000	0.00001	45	4.0
Vibrio ponticus	265668	S	119	122	241	0.00002	0.00001	0.00000	0.00001	46	5.0
Vibrio panuliri	1381081	S	117	120	237	0.00002	0.00001	0.00000	0.00001	46	4.0
Vibrio aestuarianus	28171	S	117	126	243	0.00002	0.00001	0.00000	0.00001	44	4.0
Vibrio furnissii	29494	S	117	134	251	0.00002	0.00001	0.00000	0.00001	52	4.0
Vibrio mimicus	674	S	116	135	251	0.00002	0.00001	0.00001	0.00001	47	nan
Vibrio cholerae	666	S	109	983	1092	0.00007	0.00007	0.00006	0.00006	47	nan
Vibrio astriarenae	1481923	S	101	102	203	0.00001	0.00001	0.00000	0.00001	47	5.0
Rhizobium phaseoli	396	S	404881	441628	846509	0.05684	0.02965	0.02735	0.02647	62	nan
Rhizobium ruizarguesonis	2081791	S	112305	126178	238483	0.01601	0.00847	0.00770	0.00750	61	nan
Rhizobium leguminosarum	384	S	23274	28001	51275	0.00344	0.00188	0.00179	0.00167	62	nan
Rhizobium sp. CIAT894	2020312	S	2689	3020	5709	0.00038	0.00020	0.00000	0.00018	62	5.0
Rhizobium sp. Pop5	1223565	S	1492	1609	3101	0.00021	0.00011	0.00000	0.00010	62	5.0
Rhizobium sp. Kim5	2020311	S	1037	2452	3489	0.00023	0.00016	0.00016	0.00015	62	nan
Rhizobium sp. IE4771	1301032	S	1035	2149	3184	0.00021	0.00014	0.00014	0.00013	62	nan
Rhizobium sp. TAL182	2020313	S	915	1931	2846	0.00019	0.00013	0.00000	0.00012	62	5.0
Rhizobium sp. BT03	3045156	S	749	943	1692	0.00011	0.00006	0.00000	0.00006	63	5.0
Rhizobium sp. K102	2918527	S	576	720	1296	0.00009	0.00005	0.00000	0.00004	62	5.0
Rhizobium sp. NZLR1	2731096	S	436	466	902	0.00006	0.00003	0.00000	0.00003	62	5.0
Rhizobium sp. C104	2917727	S	401	483	884	0.00006	0.00003	0.00000	0.00003	62	5.0
Rhizobium sp. NXC14	1981173	S	308	335	643	0.00004	0.00002	0.00000	0.00002	62	5.0
Rhizobium sp. NLR16a	2731112	S	299	330	629	0.00004	0.00002	0.00000	0.00002	62	5.0
Rhizobium sp. BT04	3045157	S	229	638	867	0.00006	0.00004	0.00004	0.00004	62	nan
Rhizobium sp. WYJ-E13	2849093	S	200	201	401	0.00003	0.00001	0.00000	0.00001	61	5.0
Rhizobium sp. BG4	2613770	S	149	150	299	0.00002	0.00001	0.00000	0.00001	63	5.0
Rhizobium sp. TH2	2775403	S	137	137	274	0.00002	0.00001	0.00000	0.00001	61	4.0
Rhizobium sp. CCGE 510	1132836	S	117	129	246	0.00002	0.00001	0.00001	0.00001	61	nan
Rhizobium etli	29449	S	4042	4488	8530	0.00057	0.00030	0.00000	0.00027	62	5.0
Rhizobium indicum	2583231	S	857	976	1833	0.00012	0.00007	0.00000	0.00006	61	5.0
Rhizobium binae	1138190	S	747	784	1531	0.00010	0.00005	0.00000	0.00005	62	5.0
Rhizobium anhuiense	1184720	S	549	574	1123	0.00008	0.00004	0.00000	0.00003	62	5.0
Rhizobium laguerreae	1076926	S	453	605	1058	0.00007	0.00004	0.00000	0.00004	62	5.0
Rhizobium bangladeshense	1138189	S	428	436	864	0.00006	0.00003	0.00000	0.00003	62	5.0
Rhizobium croatiense	2867516	S	354	393	747	0.00005	0.00003	0.00000	0.00002	63	5.0
Rhizobium hidalgonense	1538159	S	341	351	692	0.00005	0.00002	0.00000	0.00002	62	5.0
Rhizobium acidisoli	1538158	S	331	372	703	0.00005	0.00003	0.00000	0.00002	62	5.0
Rhizobium brockwellii	3019932	S	322	778	1100	0.00007	0.00005	0.00000	0.00005	62	5.0
Rhizobium jaguaris	1312183	S	305	306	611	0.00004	0.00002	0.00000	0.00002	60	5.0
Rhizobium lentis	1138194	S	277	287	564	0.00004	0.00002	0.00000	0.00002	62	5.0
Rhizobium gallicum	56730	S	165	188	353	0.00002	0.00001	0.00001	0.00001	60	nan
Rhizobium rhizogenes	359	S	144	166	310	0.00002	0.00001	0.00001	0.00001	61	nan
Rhizobium sullae	50338	S	114	115	229	0.00002	0.00001	0.00001	0.00001	60	nan
Rhizobium johnstonii	3019933	S	100	326	426	0.00003	0.00002	0.00000	0.00002	62	5.0
Agrobacterium tumefaciens	358	S	308	391	699	0.00005	0.00003	0.00000	0.00002	60	5.0
Agrobacterium sp. CGMCC 11546	2579248	S	134	332	466	0.00003	0.00002	0.00000	0.00002	60	5.0
Neorhizobium galegae	399	S	110	111	221	0.00001	0.00001	0.00000	0.00001	62	4.0
Sinorhizobium fredii	380	S	179	217	396	0.00003	0.00001	0.00000	0.00001	63	5.0
Sinorhizobium meliloti	382	S	115	262	377	0.00003	0.00002	0.00000	0.00002	62	5.0
Ensifer adhaerens	106592	S	111	122	233	0.00002	0.00001	0.00000	0.00001	63	4.0
Shinella zoogloeoides	352475	S	134	190	324	0.00002	0.00001	0.00000	0.00001	65	5.0
Mesorhizobium sp. 131-2-1	2744518	S	124000	138316	262316	0.01761	0.00929	0.00887	0.00856	65	nan
Devosia sp. A16	1736675	S	127720	127955	255675	0.01717	0.00859	0.00835	0.00819	66	nan
Bartonella clarridgeiae	56426	S	41429	41796	83225	0.00559	0.00281	0.00302	0.00293	37	nan
Aureimonas sp. AU20	1349819	S	10506	10929	21435	0.00144	0.00073	0.00000	0.00072	67	5.0
Aureimonas sp. SA4125	2826993	S	333	341	674	0.00005	0.00002	0.00000	0.00002	66	5.0
Aureimonas sp. OT7	2816454	S	175	218	393	0.00003	0.00001	0.00000	0.00001	66	4.0
Aureimonas populi	1701758	S	415	429	844	0.00006	0.00003	0.00000	0.00003	68	4.0
Aureimonas mangrovi	2758041	S	382	399	781	0.00005	0.00003	0.00000	0.00003	67	4.0
Aureimonas altamirensis	370622	S	223	262	485	0.00003	0.00002	0.00000	0.00002	65	4.0
Aurantimonas sp. HBX-1	2906072	S	190	204	394	0.00003	0.00001	0.00000	0.00001	68	3.0
Jiella pelagia	2986949	S	184	188	372	0.00002	0.00001	0.00000	0.00001	66	5.0
Methylobacterium indicum	1775910	S	104	260	364	0.00002	0.00002	0.00000	0.00002	71	4.0
Ancylobacter pratisalsi	1745854	S	194	210	404	0.00003	0.00001	0.00000	0.00001	66	4.0
Paracoccus suum	2259340	S	314668	321341	636009	0.04270	0.02158	0.02164	0.02132	67	nan
Aliiroseovarius crassostreae	154981	S	138	145	283	0.00002	0.00001	0.00000	0.00001	60	4.0
Parasedimentitalea psychrophila	2997337	S	102	112	214	0.00001	0.00001	0.00000	0.00001	59	4.0
Profundibacter amoris	2171755	S	157	157	314	0.00002	0.00001	0.00000	0.00001	59	4.0
Cognatishimia activa	1715691	S	137	138	275	0.00002	0.00001	0.00000	0.00001	56	4.0
Sulfitobacter sp. SK011	1389004	S	397	432	829	0.00006	0.00003	0.00000	0.00002	57	4.0
Sulfitobacter sp. JL08	2070369	S	174	188	362	0.00002	0.00001	0.00000	0.00001	57	4.0
Sulfitobacter sp. SK012	1389005	S	170	180	350	0.00002	0.00001	0.00000	0.00001	55	4.0
Sulfitobacter sp. S223	2867023	S	115	120	235	0.00002	0.00001	0.00000	0.00001	56	4.0
Sulfitobacter mediterraneus	83219	S	133	359	492	0.00003	0.00002	0.00000	0.00002	59	4.0
Phaeobacter inhibens	221822	S	177	434	611	0.00004	0.00003	0.00000	0.00003	60	4.0
Phaeobacter gallaeciensis	60890	S	125	382	507	0.00003	0.00003	0.00000	0.00002	61	4.0
Octadecabacter antarcticus	1217908	S	101	114	215	0.00001	0.00001	0.00000	0.00001	55	4.0
Pseudosulfitobacter pseudonitzschiae	1402135	S	173	478	651	0.00004	0.00003	0.00000	0.00003	62	4.0
Falsihalocynthiibacter arcticus	1579316	S	168	171	339	0.00002	0.00001	0.00000	0.00001	54	5.0
Qipengyuania seohaensis	266951	S	212615	214215	426830	0.02866	0.01438	0.01313	0.01283	63	nan
Altererythrobacter ishigakiensis	476157	S	43073	43125	86198	0.00579	0.00290	0.00256	0.00247	57	nan
Acetobacter persici	1076596	S	140828	141941	282769	0.01899	0.00953	0.00000	0.00833	58	5.0
Acetobacter tropicalis	104102	S	3178	3723	6901	0.00046	0.00025	0.00023	0.00022	58	nan
Acetobacter senegalensis	446692	S	811	961	1772	0.00012	0.00006	0.00000	0.00006	57	5.0
Acetobacter aceti	435	S	730	772	1502	0.00010	0.00005	0.00000	0.00005	59	5.0
Acetobacter pasteurianus	438	S	583	854	1437	0.00010	0.00006	0.00000	0.00005	55	5.0
Acetobacter oryzoeni	2500548	S	454	590	1044	0.00007	0.00004	0.00000	0.00003	54	4.0
Acetobacter ascendens	481146	S	370	435	805	0.00005	0.00003	0.00000	0.00003	54	5.0
Acetobacter pomorum	65959	S	251	3338	3589	0.00024	0.00022	0.00000	0.00019	54	4.0
Acetobacter vaccinii	2592655	S	245	250	495	0.00003	0.00002	0.00000	0.00001	61	4.0
Acetobacter oryzifermentans	1633874	S	227	708	935	0.00006	0.00005	0.00000	0.00004	54	4.0
Komagataeibacter saccharivorans	265959	S	387	424	811	0.00005	0.00003	0.00000	0.00003	63	4.0
Komagataeibacter nataicola	265960	S	239	287	526	0.00004	0.00002	0.00000	0.00002	64	4.0
Komagataeibacter oboediens	65958	S	212	263	475	0.00003	0.00002	0.00000	0.00002	63	3.0
Komagataeibacter rhaeticus	215221	S	157	182	339	0.00002	0.00001	0.00000	0.00001	65	4.0
Komagataeibacter xylinus	28448	S	156	196	352	0.00002	0.00001	0.00000	0.00001	64	4.0
Gluconobacter oxydans	442	S	555	589	1144	0.00008	0.00004	0.00000	0.00004	62	4.0
Gluconobacter sphaericus	574987	S	183	191	374	0.00003	0.00001	0.00000	0.00001	60	4.0
Novacetimonas hansenii	436	S	522	566	1088	0.00007	0.00004	0.00000	0.00003	62	4.0
Gluconacetobacter diazotrophicus	33996	S	378	382	760	0.00005	0.00003	0.00000	0.00003	67	4.0
Rickettsia endosymbiont of Ixodes scapularis	444612	S	109049	142497	251546	0.01689	0.00957	0.01093	0.01088	32	nan
Ephemeroptericola cinctiostellae	2268024	S	1108945	1109734	2218679	0.14897	0.07451	0.06722	0.06480	50	nan
Polynucleobacter sp. KF022	2982615	S	281267	284026	565293	0.03795	0.01907	0.01729	0.01677	46	nan
Polynucleobacter asymbioticus	576611	S	62919	63202	126121	0.00847	0.00424	0.00000	0.00375	45	5.0
Sphaerotilus sp. FB-5	2914710	S	124307	126563	250870	0.01684	0.00850	0.00943	0.00910	70	nan
Basilea psittacipulmonis	1472345	S	39813	39854	79667	0.00535	0.00268	0.00261	0.00253	41	nan
Fluviibacter phosphoraccumulans	1751046	S	108814	109275	218089	0.01464	0.00734	0.00654	0.00627	56	nan
Acidithiobacillus sp. 'AMD consortium'	2614801	S	20072	114389	134461	0.00903	0.00768	0.00693	0.00676	62	nan
Acidithiobacillus ferrooxidans	920	S	432	486	918	0.00006	0.00003	0.00003	0.00003	60	nan
Acidithiobacillus ferrivorans	160808	S	165	169	334	0.00002	0.00001	0.00000	0.00001	58	5.0
Acidithiobacillus ferriphilus	1689834	S	130	133	263	0.00002	0.00001	0.00000	0.00001	59	5.0
Flavobacterium bizetiae	2704140	S	100925	102761	203686	0.01368	0.00690	0.00778	0.00745	35	nan
Flavobacterium oreochromis	2906078	S	89715	90785	180500	0.01212	0.00610	0.00773	0.00749	29	nan
Flavobacterium sp. SLB02	2665645	S	5027	5435	10462	0.00070	0.00036	0.00040	0.00039	35	nan
Flavobacterium sp. KBS0721	1179672	S	1686	1828	3514	0.00024	0.00012	0.00014	0.00013	34	nan
Flavobacterium sp. B183	907046	S	733	1096	1829	0.00012	0.00007	0.00000	0.00008	36	4.0
Flavobacterium sp. N1736	2986823	S	355	371	726	0.00005	0.00002	0.00000	0.00003	34	5.0
Flavobacterium sp. MDT1-60	1979344	S	291	303	594	0.00004	0.00002	0.00002	0.00002	35	nan
Flavobacterium sp. N2038	2986829	S	282	293	575	0.00004	0.00002	0.00000	0.00002	33	4.0
Flavobacterium sp. 140616W15	2478552	S	279	283	562	0.00004	0.00002	0.00000	0.00002	33	4.0
Flavobacterium sp. GSB-24	2994319	S	192	204	396	0.00003	0.00001	0.00000	0.00002	34	5.0
Flavobacterium sp. CLA17	2724135	S	181	186	367	0.00002	0.00001	0.00000	0.00001	37	4.0
Flavobacterium sp. N502536	2986837	S	169	182	351	0.00002	0.00001	0.00000	0.00001	37	4.0
Flavobacterium sp. F-323	2893885	S	164	168	332	0.00002	0.00001	0.00000	0.00001	36	4.0
Flavobacterium sp. N502540	2986838	S	132	188	320	0.00002	0.00001	0.00000	0.00001	36	4.0
Flavobacterium sp. TR2	2977321	S	127	141	268	0.00002	0.00001	0.00000	0.00001	36	4.0
Flavobacterium sp. CJ75	3034146	S	119	126	245	0.00002	0.00001	0.00000	0.00001	33	5.0
uncultured Flavobacterium sp.	165435	S	467	472	939	0.00006	0.00003	0.00004	0.00003	33	nan
Flavobacterium pectinovorum	29533	S	426	430	856	0.00006	0.00003	0.00000	0.00003	34	5.0
Flavobacterium collinsii	1114861	S	239	244	483	0.00003	0.00002	0.00000	0.00002	36	4.0
Flavobacterium johnsoniae	986	S	190	208	398	0.00003	0.00001	0.00002	0.00002	34	nan
Flavobacterium flavigenum	3003258	S	168	172	340	0.00002	0.00001	0.00000	0.00001	35	5.0
Flavobacterium endoglycinae	2816357	S	112	112	224	0.00002	0.00001	0.00000	0.00001	35	5.0
Flavobacterium anhuiense	459526	S	101	103	204	0.00001	0.00001	0.00000	0.00001	35	4.0
Kordia sp. SMS9	2282170	S	142730	142792	285522	0.01917	0.00959	0.01012	0.00994	36	nan
Maribacter aestuarii	1130723	S	114325	115400	229725	0.01542	0.00775	0.00768	0.00745	40	nan
Zunongwangia sp. HGR-M22	3015168	S	91327	93672	184999	0.01242	0.00629	0.00676	0.00661	35	nan
Lacinutrix venerupis	1486034	S	50066	50216	100282	0.00673	0.00337	0.00422	0.00409	31	nan
Lacinutrix sp. 5H-3-7-4	983544	S	1477	1491	2968	0.00020	0.00010	0.00000	0.00012	31	5.0
Lacinutrix sp. Bg11-31	2057808	S	130	130	260	0.00002	0.00001	0.00000	0.00001	32	4.0
Olleya sp. HaHaR_3_96	2745560	S	107	109	216	0.00001	0.00001	0.00000	0.00001	33	4.0
Bacteroides cellulosilyticus	246787	S	225203	252870	478073	0.03210	0.01698	0.01611	0.01558	44	nan
Bacteroides xylanisolvens	371601	S	49456	64327	113783	0.00764	0.00432	0.00417	0.00400	44	nan
Bacteroides ovatus	28116	S	2778	4331	7109	0.00048	0.00029	0.00028	0.00027	43	nan
Bacteroides thetaiotaomicron	818	S	1525	1611	3136	0.00021	0.00011	0.00000	0.00010	45	4.0
Bacteroides intestinalis	329854	S	1292	1312	2604	0.00017	0.00009	0.00000	0.00008	44	5.0
Bacteroides sp. DH3716P	2847299	S	211	706	917	0.00006	0.00005	0.00005	0.00004	44	nan
Bacteroides uniformis	820	S	300	367	667	0.00004	0.00002	0.00000	0.00002	48	5.0
Bacteroides luhongzhouii	2650158	S	186	193	379	0.00003	0.00001	0.00001	0.00001	42	nan
Bacteroides faecis	674529	S	132	141	273	0.00002	0.00001	0.00001	0.00001	44	nan
Bacteroides caecimuris	1796613	S	117	125	242	0.00002	0.00001	0.00001	0.00001	44	nan
Bacteroides fragilis	817	S	107	121	228	0.00002	0.00001	0.00000	0.00001	45	5.0
Phocaeicola vulgatus	821	S	603	821	1424	0.00010	0.00006	0.00000	0.00005	43	4.0
Parabacteroides distasonis	823	S	850	899	1749	0.00012	0.00006	0.00000	0.00005	46	5.0
Paraprevotella xylaniphila	454155	S	286	293	579	0.00004	0.00002	0.00000	0.00002	50	4.0
Segatella hominis	2518605	S	168	176	344	0.00002	0.00001	0.00000	0.00001	46	4.0
Alistipes communis	2585118	S	350	360	710	0.00005	0.00002	0.00000	0.00002	62	4.0
Solitalea canadensis	995	S	46265	46285	92550	0.00621	0.00311	0.00318	0.00310	38	nan
Campylobacter armoricus	2505970	S	292929	295804	588733	0.03953	0.01986	0.02670	0.02643	28	nan
Campylobacter hepaticus	1813019	S	247750	250779	498529	0.03347	0.01684	0.02187	0.02302	28	nan
Sulfurovum sp. XGS-02	2925411	S	398244	398441	796685	0.05349	0.02675	0.02616	0.02544	42	nan
Caminibacter pacificus	1424653	S	42933	42977	85910	0.00577	0.00289	0.00338	0.00318	35	nan
uncultured Desulfosarcina sp.	218289	S	133454	134549	268003	0.01799	0.00903	0.00834	0.00789	58	nan
Maridesulfovibrio salexigens	880	S	79955	80068	160023	0.01074	0.00538	0.00486	0.00470	49	nan
Poriferisphaera corsica	2528020	S	124858	124863	249721	0.01677	0.00838	0.00753	0.00727	50	nan
Fontisphaera persica	2974023	S	32606	32607	65213	0.00438	0.00219	0.00201	0.00197	62	nan
Thermanaerovibrio velox	108007	S	69202	69254	138456	0.00930	0.00465	0.00417	0.00407	61	nan
Borrelia parkeri	141	S	34911	36889	71800	0.00482	0.00248	0.00316	0.00314	30	nan
