name	taxonomy_id	taxonomy_lvl	kraken_assigned_reads	added_reads	new_est_reads	fraction_total_reads	Bracken_estimate	GuaCAMOLE_estimate	GuaCAMOLE_est_eff	GC content	Taxon Removal Cycle
Pseudomonas sp. XWY-1	2069256	S	952287	1753781	2706068	0.21196	0.13737	0.00095	0.00210	63	nan
Pseudomonas sp. SWI36	2083052	S	529570	1091568	1621138	0.12698	0.08550	0.00061	0.00129	63	nan
Pseudomonas sp. HN2-3	2886360	S	11877	52078	63955	0.00501	0.00408	0.00003	0.00006	64	nan
Pseudomonas sp. Leaf58	1736226	S	11871	12184	24055	0.00188	0.00095	0.00000	0.00001	62	5.0
Pseudomonas sp.	306	S	11234	12236	23470	0.00184	0.00096	0.00001	0.00001	63	nan
Pseudomonas sp. CIP-10	2892442	S	9198	36243	45441	0.00356	0.00284	0.00002	0.00004	63	nan
Pseudomonas sp. LS.1a	2920387	S	7123	7927	15050	0.00118	0.00062	0.00000	0.00001	64	nan
Pseudomonas sp. Marseille-Q3773	2866592	S	6550	7013	13563	0.00106	0.00055	0.00000	0.00001	64	5.0
Pseudomonas sp. KU43P	2487887	S	6125	6340	12465	0.00098	0.00050	0.00000	0.00001	64	nan
Pseudomonas sp. PSKL.D1	3029060	S	6068	6193	12261	0.00096	0.00049	0.00000	0.00001	63	nan
Pseudomonas sp. 13159349	2662034	S	4502	60202	64704	0.00507	0.00472	0.00003	0.00007	63	nan
Pseudomonas sp. LRP2-20	2944234	S	3763	3970	7733	0.00061	0.00031	0.00000	0.00000	65	nan
Pseudomonas sp. p1(2021b)	2874628	S	3749	4122	7871	0.00062	0.00032	0.00000	0.00001	65	nan
Pseudomonas sp. JY-Q	1338689	S	3405	17260	20665	0.00162	0.00135	0.00001	0.00002	63	nan
Pseudomonas sp. BT-42-2	2986927	S	2935	2984	5919	0.00046	0.00023	0.00000	0.00000	63	nan
Pseudomonas sp. NY5710	2662033	S	2828	3754	6582	0.00052	0.00029	0.00000	0.00000	63	nan
Pseudomonas sp. HD6515	2856556	S	2694	13904	16598	0.00130	0.00109	0.00001	0.00002	63	nan
Pseudomonas sp. DG56-2	2320270	S	2380	2411	4791	0.00038	0.00019	0.00000	0.00000	60	4.0
Pseudomonas sp. SK	2729423	S	2365	3076	5441	0.00043	0.00024	0.00000	0.00000	64	nan
Pseudomonas sp. B21-047	2895489	S	2345	3644	5989	0.00047	0.00029	0.00000	0.00000	63	nan
Pseudomonas sp. NEEL19	2867409	S	2306	4587	6893	0.00054	0.00036	0.00000	0.00001	64	nan
Pseudomonas sp. NyZ480	3035289	S	1947	17903	19850	0.00155	0.00140	0.00001	0.00002	63	nan
Pseudomonas sp. NY11382	2939495	S	1920	4135	6055	0.00047	0.00032	0.00000	0.00000	64	nan
Pseudomonas sp. StFLB209	1028989	S	1580	1592	3172	0.00025	0.00012	0.00000	0.00000	62	5.0
Pseudomonas sp. FGI182	1259844	S	1487	2397	3884	0.00030	0.00019	0.00000	0.00000	64	nan
Pseudomonas sp. PIA16	2931382	S	1356	1368	2724	0.00021	0.00011	0.00000	0.00000	64	nan
Pseudomonas sp. S07E 245	2866278	S	1322	2601	3923	0.00031	0.00020	0.00000	0.00000	63	nan
Pseudomonas sp. KNUC1026	2893890	S	1291	1293	2584	0.00020	0.00010	0.00000	0.00000	65	5.0
Pseudomonas sp. HLS-6	2049589	S	1256	1288	2544	0.00020	0.00010	0.00000	0.00000	61	5.0
Pseudomonas sp. S34	1573718	S	1178	1241	2419	0.00019	0.00010	0.00000	0.00000	62	5.0
Pseudomonas sp. MPC6	2498848	S	1112	1163	2275	0.00018	0.00009	0.00000	0.00000	62	5.0
Pseudomonas sp. B21-036	2895485	S	1058	2449	3507	0.00027	0.00019	0.00000	0.00000	64	nan
Pseudomonas sp. A2	107445	S	902	1616	2518	0.00020	0.00013	0.00000	0.00000	64	nan
Pseudomonas sp. RC3H12	2834406	S	895	1460	2355	0.00018	0.00011	0.00000	0.00000	65	nan
Pseudomonas sp. CCOS 191	1649877	S	890	1159	2049	0.00016	0.00009	0.00000	0.00000	65	5.0
Pseudomonas sp. ZM23	2961893	S	861	880	1741	0.00014	0.00007	0.00000	0.00000	65	5.0
Pseudomonas sp. FP597	2954096	S	822	871	1693	0.00013	0.00007	0.00000	0.00000	62	5.0
Pseudomonas sp. LS1212	2972478	S	805	813	1618	0.00013	0.00006	0.00000	0.00000	62	5.0
Pseudomonas sp. L5B5	2883205	S	757	777	1534	0.00012	0.00006	0.00000	0.00000	65	5.0
Pseudomonas sp. Ost2	2678260	S	730	744	1474	0.00012	0.00006	0.00000	0.00000	64	nan
Pseudomonas sp. TCU-HL1	1856685	S	715	723	1438	0.00011	0.00006	0.00000	0.00000	65	5.0
Pseudomonas sp. RtIB026	2749999	S	692	802	1494	0.00012	0.00006	0.00000	0.00000	66	5.0
Pseudomonas sp. N3-W	2975049	S	685	707	1392	0.00011	0.00006	0.00000	0.00000	61	5.0
Pseudomonas sp. ADAK18	2730848	S	666	683	1349	0.00011	0.00005	0.00000	0.00000	60	4.0
Pseudomonas sp. VLB120	69328	S	664	5628	6292	0.00049	0.00044	0.00000	0.00001	63	nan
Pseudomonas sp. B11D7D	2735906	S	653	674	1327	0.00010	0.00005	0.00000	0.00000	63	5.0
Pseudomonas sp. Lz4W	1206777	S	645	659	1304	0.00010	0.00005	0.00000	0.00000	60	4.0
Pseudomonas sp. HN11	1344094	S	636	673	1309	0.00010	0.00005	0.00000	0.00000	61	5.0
Pseudomonas sp. Q1-7	3020843	S	622	641	1263	0.00010	0.00005	0.00000	0.00000	67	5.0
Pseudomonas sp. URMO17WK12:I11	1283291	S	616	830	1446	0.00011	0.00007	0.00000	0.00000	62	5.0
Pseudomonas sp. R84	1573712	S	603	716	1319	0.00010	0.00006	0.00000	0.00000	61	4.0
Pseudomonas sp. MM227	3019968	S	590	599	1189	0.00009	0.00005	0.00000	0.00000	64	nan
Pseudomonas sp. IsoF	2821559	S	568	2700	3268	0.00026	0.00021	0.00000	0.00000	63	nan
Pseudomonas sp. C9-3	3078264	S	567	652	1219	0.00010	0.00005	0.00000	0.00000	66	5.0
Pseudomonas sp. T1-3-2	2908006	S	560	572	1132	0.00009	0.00004	0.00000	0.00000	64	nan
Pseudomonas sp. S35	1573719	S	557	594	1151	0.00009	0.00005	0.00000	0.00000	62	5.0
Pseudomonas sp. B21-031	2895482	S	550	1589	2139	0.00017	0.00012	0.00000	0.00000	63	nan
Pseudomonas sp. WJP1	2986947	S	530	553	1083	0.00008	0.00004	0.00000	0.00000	62	5.0
Pseudomonas sp. DTU_2021_1001937_2_SI_NGA_ILE_001	3077589	S	528	533	1061	0.00008	0.00004	0.00000	0.00000	65	5.0
Pseudomonas sp. BW7P1	2973088	S	525	554	1079	0.00008	0.00004	0.00000	0.00000	62	5.0
Pseudomonas sp. NIBR-H-19	2901380	S	517	545	1062	0.00008	0.00004	0.00000	0.00000	60	4.0
Pseudomonas sp. 31-12	2201356	S	507	544	1051	0.00008	0.00004	0.00000	0.00000	61	5.0
Pseudomonas sp. CYM-20-01	2870750	S	507	589	1096	0.00009	0.00005	0.00000	0.00000	62	nan
Pseudomonas sp. KU26590	2991051	S	507	515	1022	0.00008	0.00004	0.00000	0.00000	62	5.0
Pseudomonas sp. CC6-YY-74	1930532	S	501	503	1004	0.00008	0.00004	0.00000	0.00000	63	nan
Pseudomonas sp. SWI6	2083051	S	498	5391	5889	0.00046	0.00042	0.00000	0.00001	63	nan
Pseudomonas sp. SWI44	2083053	S	492	3242	3734	0.00029	0.00025	0.00000	0.00000	63	nan
Pseudomonas sp. BJP69	2597770	S	485	1282	1767	0.00014	0.00010	0.00000	0.00000	64	nan
Pseudomonas sp. 2hn	2866626	S	476	568	1044	0.00008	0.00004	0.00000	0.00000	66	5.0
Pseudomonas sp. M2(2023)	3049084	S	468	4049	4517	0.00035	0.00032	0.00000	0.00000	63	nan
Pseudomonas sp. MSPm1	2726956	S	459	479	938	0.00007	0.00004	0.00000	0.00000	63	5.0
Pseudomonas sp. ABC1	2748080	S	456	459	915	0.00007	0.00004	0.00000	0.00000	64	nan
Pseudomonas sp. HS6	2850559	S	450	492	942	0.00007	0.00004	0.00000	0.00000	62	5.0
Pseudomonas sp. PP3	2815936	S	441	476	917	0.00007	0.00004	0.00000	0.00000	61	4.0
Pseudomonas sp. B21-054	2895494	S	440	482	922	0.00007	0.00004	0.00000	0.00000	62	5.0
Pseudomonas sp. MM211	2866808	S	439	441	880	0.00007	0.00003	0.00000	0.00000	63	nan
Pseudomonas sp. 7SR1	1881017	S	434	444	878	0.00007	0.00003	0.00000	0.00000	63	nan
Pseudomonas sp. DY-1	1755504	S	425	429	854	0.00007	0.00003	0.00000	0.00000	64	5.0
Pseudomonas sp. ATCC 13867	1294143	S	423	444	867	0.00007	0.00003	0.00000	0.00000	66	5.0
Pseudomonas sp. B21-040	2895486	S	406	422	828	0.00006	0.00003	0.00000	0.00000	61	4.0
Pseudomonas sp. GCEP-101	2974552	S	399	417	816	0.00006	0.00003	0.00000	0.00000	67	4.0
Pseudomonas sp. S09G 359	2054919	S	393	418	811	0.00006	0.00003	0.00000	0.00000	62	nan
Pseudomonas sp. SD17-1	2976883	S	392	947	1339	0.00010	0.00007	0.00000	0.00000	64	nan
Pseudomonas sp. Cab53	2678258	S	387	407	794	0.00006	0.00003	0.00000	0.00000	64	nan
Pseudomonas sp. SCB32	2653853	S	383	397	780	0.00006	0.00003	0.00000	0.00000	67	5.0
Pseudomonas sp. R1-43-08	1173270	S	382	1460	1842	0.00014	0.00011	0.00000	0.00000	63	nan
Pseudomonas sp. FP2338	2954093	S	378	422	800	0.00006	0.00003	0.00000	0.00000	62	5.0
Pseudomonas sp. FP198	2954084	S	370	382	752	0.00006	0.00003	0.00000	0.00000	62	nan
Pseudomonas sp. FP2309	2954091	S	370	389	759	0.00006	0.00003	0.00000	0.00000	62	5.0
Pseudomonas sp. BSw22131	3002903	S	367	368	735	0.00006	0.00003	0.00000	0.00000	60	4.0
Pseudomonas sp. P105	3049542	S	367	802	1169	0.00009	0.00006	0.00000	0.00000	63	5.0
Pseudomonas sp. SL4(2022)	2994661	S	343	346	689	0.00005	0.00003	0.00000	0.00000	61	5.0
Pseudomonas sp. B21-032	2895483	S	341	1073	1414	0.00011	0.00008	0.00000	0.00000	64	nan
Pseudomonas sp. NS1(2017)	2025658	S	337	381	718	0.00006	0.00003	0.00000	0.00000	62	5.0
Pseudomonas sp. SK2	2841063	S	336	3913	4249	0.00033	0.00031	0.00000	0.00000	63	nan
Pseudomonas sp. R2-37-08W	1173273	S	328	1035	1363	0.00011	0.00008	0.00000	0.00000	63	nan
Pseudomonas sp. B21-048	2895490	S	314	342	656	0.00005	0.00003	0.00000	0.00000	60	4.0
Pseudomonas sp. B21-051	2895491	S	310	360	670	0.00005	0.00003	0.00000	0.00000	62	5.0
Pseudomonas sp. A34-9	3034675	S	307	338	645	0.00005	0.00003	0.00000	0.00000	61	4.0
Pseudomonas sp. KBS0802	2578115	S	306	306533	306839	0.02403	0.02401	0.00017	0.00037	63	nan
Pseudomonas sp. Seg1	2678259	S	305	325	630	0.00005	0.00003	0.00000	0.00000	61	4.0
Pseudomonas sp. LPH1	1898684	S	298	411	709	0.00006	0.00003	0.00000	0.00000	64	nan
Pseudomonas sp. HTZ2	3075220	S	297	874	1171	0.00009	0.00007	0.00000	0.00000	64	nan
Pseudomonas sp. LG1E9	2219057	S	295	319	614	0.00005	0.00003	0.00000	0.00000	62	5.0
Pseudomonas sp. B21-023	2895477	S	292	2339	2631	0.00021	0.00018	0.00000	0.00000	64	nan
Pseudomonas sp. PDNC002	2811422	S	289	304	593	0.00005	0.00002	0.00000	0.00000	66	4.0
Pseudomonas sp. M30-35	1981174	S	284	284	568	0.00004	0.00002	0.00000	0.00000	55	4.0
Pseudomonas sp. FP2196	2954086	S	282	298	580	0.00005	0.00002	0.00000	0.00000	61	4.0
Pseudomonas sp. NyZ704	3076762	S	278	278	556	0.00004	0.00002	0.00000	0.00000	59	4.0
Pseudomonas sp. OE 28.3	2745519	S	277	309	586	0.00005	0.00002	0.00000	0.00000	61	5.0
Pseudomonas sp. AA-38	3028807	S	267	600	867	0.00007	0.00005	0.00000	0.00000	64	nan
Pseudomonas sp. DR 5-09	1534110	S	266	423	689	0.00005	0.00003	0.00000	0.00000	63	5.0
Pseudomonas sp. FP2262	2954088	S	265	957	1222	0.00010	0.00008	0.00000	0.00000	63	nan
Pseudomonas sp. CBS	2971912	S	259	296	555	0.00004	0.00002	0.00000	0.00000	62	5.0
Pseudomonas sp. D3	517398	S	256	271	527	0.00004	0.00002	0.00000	0.00000	62	nan
Pseudomonas sp. FP2335	2954092	S	251	266	517	0.00004	0.00002	0.00000	0.00000	62	nan
Pseudomonas sp. SG20056	3074146	S	248	250	498	0.00004	0.00002	0.00000	0.00000	61	5.0
Pseudomonas sp. DNDY-54	2870860	S	243	274	517	0.00004	0.00002	0.00000	0.00000	61	5.0
Pseudomonas sp. PSE14	3016341	S	233	244	477	0.00004	0.00002	0.00000	0.00000	67	4.0
Pseudomonas sp. 09C 129	2054915	S	232	464	696	0.00005	0.00004	0.00000	0.00000	64	nan
Pseudomonas sp. B21-019	2895475	S	232	353	585	0.00005	0.00003	0.00000	0.00000	62	5.0
Pseudomonas sp. LTGT-11-2Z	2479393	S	232	3269	3501	0.00027	0.00026	0.00000	0.00000	63	nan
Pseudomonas sp. MTM4	2705472	S	231	232	463	0.00004	0.00002	0.00000	0.00000	61	5.0
Pseudomonas sp. CMR5c	658630	S	230	284	514	0.00004	0.00002	0.00000	0.00000	65	5.0
Pseudomonas sp. ADPe	2774873	S	230	424	654	0.00005	0.00003	0.00000	0.00000	66	5.0
Pseudomonas sp. J452	2898441	S	228	234	462	0.00004	0.00002	0.00000	0.00000	65	5.0
Pseudomonas sp. SO81	2983246	S	212	215	427	0.00003	0.00002	0.00000	0.00000	67	5.0
Pseudomonas sp. OIL-1	2706126	S	199	201	400	0.00003	0.00002	0.00000	0.00000	59	4.0
Pseudomonas sp. Pc102	2678261	S	198	265	463	0.00004	0.00002	0.00000	0.00000	67	5.0
Pseudomonas sp. FP215	2738126	S	198	467	665	0.00005	0.00004	0.00000	0.00000	63	5.0
Pseudomonas sp. SG20052	3074147	S	195	412	607	0.00005	0.00003	0.00000	0.00000	62	5.0
Pseudomonas sp. B21-056	2895495	S	192	202	394	0.00003	0.00002	0.00000	0.00000	62	nan
Pseudomonas sp. MRSN 12121	1611770	S	191	260	451	0.00004	0.00002	0.00000	0.00000	65	nan
Pseudomonas sp. IAC-BECa141	2793103	S	190	350	540	0.00004	0.00003	0.00000	0.00000	62	nan
Pseudomonas sp. R76	1573711	S	188	218	406	0.00003	0.00002	0.00000	0.00000	62	5.0
Pseudomonas sp. LTJR-52	2479392	S	186	202	388	0.00003	0.00002	0.00000	0.00000	56	4.0
Pseudomonas sp. KHPS1	2961531	S	185	259	444	0.00003	0.00002	0.00000	0.00000	65	5.0
Pseudomonas sp. LS44	1357074	S	184	185	369	0.00003	0.00001	0.00000	0.00000	64	nan
Pseudomonas sp. UW4	1207075	S	183	231	414	0.00003	0.00002	0.00000	0.00000	62	5.0
Pseudomonas sp. SORT22	2813842	S	183	1016	1199	0.00009	0.00008	0.00000	0.00000	64	nan
Pseudomonas sp. gcc21	2726989	S	182	183	365	0.00003	0.00001	0.00000	0.00000	59	4.0
Pseudomonas sp. 02C 26	2054914	S	181	347	528	0.00004	0.00003	0.00000	0.00000	63	nan
Pseudomonas sp. J380	2605424	S	181	295	476	0.00004	0.00002	0.00000	0.00000	62	5.0
Pseudomonas sp. FP818	2954099	S	177	663	840	0.00007	0.00005	0.00000	0.00000	63	nan
Pseudomonas sp. DR48	2871095	S	162	174	336	0.00003	0.00001	0.00000	0.00000	60	4.0
Pseudomonas sp. JS425	2829498	S	158	2336	2494	0.00020	0.00018	0.00000	0.00000	63	nan
Pseudomonas sp. T8	645292	S	158	597	755	0.00006	0.00005	0.00000	0.00000	64	nan
Pseudomonas sp. PONIH3	1636610	S	158	532	690	0.00005	0.00004	0.00000	0.00000	64	nan
Pseudomonas sp. B21-053	2895493	S	155	170	325	0.00003	0.00001	0.00000	0.00000	61	4.0
Pseudomonas sp. St316	2678257	S	154	174	328	0.00003	0.00001	0.00000	0.00000	62	5.0
Pseudomonas sp. FP1742	2954079	S	152	186	338	0.00003	0.00001	0.00000	0.00000	61	4.0
Pseudomonas sp. B21-012	2895472	S	147	465	612	0.00005	0.00004	0.00000	0.00000	63	nan
Pseudomonas sp. B21-044	2895488	S	144	1403	1547	0.00012	0.00011	0.00000	0.00000	64	nan
Pseudomonas sp. P108	1837993	S	143	452	595	0.00005	0.00004	0.00000	0.00000	63	5.0
Pseudomonas sp. 3-2	2867408	S	142	222	364	0.00003	0.00002	0.00000	0.00000	62	5.0
Pseudomonas sp. R32	1573704	S	141	547	688	0.00005	0.00004	0.00000	0.00000	63	nan
Pseudomonas sp. LH1G9	2083055	S	139	347	486	0.00004	0.00003	0.00000	0.00000	63	nan
Pseudomonas sp. SCA2728.1_7	2825975	S	133	163	296	0.00002	0.00001	0.00000	0.00000	61	4.0
Pseudomonas sp. LPB0260	2614442	S	133	135	268	0.00002	0.00001	0.00000	0.00000	67	5.0
Pseudomonas sp. I3-I5	2926671	S	130	350	480	0.00004	0.00003	0.00000	0.00000	63	nan
Pseudomonas sp. NIBRBAC000502773	2590776	S	129	154	283	0.00002	0.00001	0.00000	0.00000	63	nan
Pseudomonas sp. phDV1	253237	S	128	247	375	0.00003	0.00002	0.00000	0.00000	63	nan
Pseudomonas sp. CFSAN084952	2664899	S	127	367	494	0.00004	0.00003	0.00000	0.00000	63	5.0
Pseudomonas sp. M1	95619	S	123	235	358	0.00003	0.00002	0.00000	0.00000	65	5.0
Pseudomonas sp. REST10	2512235	S	123	207	330	0.00003	0.00002	0.00000	0.00000	65	5.0
Pseudomonas sp. Z8(2022)	2962597	S	111	140	251	0.00002	0.00001	0.00000	0.00000	64	5.0
Pseudomonas sp. RU47	2005388	S	110	356	466	0.00004	0.00003	0.00000	0.00000	63	5.0
Pseudomonas sp. FP2034	2954085	S	109	748	857	0.00007	0.00006	0.00000	0.00000	63	nan
Pseudomonas sp. ADAK13	2730847	S	107	114	221	0.00002	0.00001	0.00000	0.00000	63	nan
Pseudomonas sp. 273	75692	S	106	113	219	0.00002	0.00001	0.00000	0.00000	68	4.0
Pseudomonas putida	303	S	734752	1342384	2077136	0.16270	0.10515	0.00076	0.00159	63	nan
Pseudomonas inefficax	2078786	S	6972	7655	14627	0.00115	0.00060	0.00000	0.00001	64	nan
Pseudomonas plecoglossicida	70775	S	6642	8302	14944	0.00117	0.00065	0.00000	0.00001	64	nan
Pseudomonas monteilii	76759	S	4317	37217	41534	0.00325	0.00292	0.00002	0.00004	63	nan
Pseudomonas mosselii	78327	S	4077	4432	8509	0.00067	0.00035	0.00000	0.00001	66	5.0
Pseudomonas fulva	47880	S	2019	3160	5179	0.00041	0.00025	0.00000	0.00000	63	nan
Pseudomonas alloputida	1940621	S	1569	15137	16706	0.00131	0.00119	0.00001	0.00002	63	nan
Pseudomonas sp. SGAir0191	2217867	S	1013	1198	2211	0.00017	0.00009	0.00000	0.00000	63	nan
Pseudomonas wadenswilerensis	1785161	S	738	778	1516	0.00012	0.00006	0.00000	0.00000	63	nan
Pseudomonas shirazica	1940636	S	432	1749	2181	0.00017	0.00014	0.00000	0.00000	63	nan
Pseudomonas oryzihabitans	47885	S	234	253	487	0.00004	0.00002	0.00000	0.00000	66	5.0
Pseudomonas fluorescens	294	S	7897	9411	17308	0.00136	0.00074	0.00000	0.00001	62	5.0
Pseudomonas synxantha	47883	S	724	941	1665	0.00013	0.00007	0.00000	0.00000	62	5.0
Pseudomonas orientalis	76758	S	653	704	1357	0.00011	0.00006	0.00000	0.00000	62	5.0
Pseudomonas rhodesiae	76760	S	623	667	1290	0.00010	0.00005	0.00000	0.00000	62	5.0
Pseudomonas mediterranea	183795	S	546	605	1151	0.00009	0.00005	0.00000	0.00000	63	nan
Pseudomonas congelans	200452	S	536	573	1109	0.00009	0.00004	0.00000	0.00000	61	5.0
Pseudomonas mucidolens	46679	S	461	474	935	0.00007	0.00004	0.00000	0.00000	60	4.0
Pseudomonas azotoformans	47878	S	460	775	1235	0.00010	0.00006	0.00000	0.00000	63	nan
Pseudomonas trivialis	200450	S	425	479	904	0.00007	0.00004	0.00000	0.00000	62	5.0
Pseudomonas poae	200451	S	425	491	916	0.00007	0.00004	0.00000	0.00000	62	5.0
Pseudomonas corrugata	47879	S	406	433	839	0.00007	0.00003	0.00000	0.00000	62	5.0
Pseudomonas koreensis	198620	S	391	563	954	0.00007	0.00004	0.00000	0.00000	62	5.0
Pseudomonas brenneri	129817	S	348	376	724	0.00006	0.00003	0.00000	0.00000	62	5.0
Pseudomonas granadensis	1421430	S	299	339	638	0.00005	0.00003	0.00000	0.00000	62	5.0
Pseudomonas moraviensis	321662	S	288	407	695	0.00005	0.00003	0.00000	0.00000	62	5.0
Pseudomonas mandelii	75612	S	271	510	781	0.00006	0.00004	0.00000	0.00000	62	5.0
Pseudomonas tolaasii	29442	S	249	262	511	0.00004	0.00002	0.00000	0.00000	62	5.0
Pseudomonas veronii	76761	S	201	402	603	0.00005	0.00003	0.00000	0.00000	63	nan
Pseudomonas cedrina	651740	S	147	161	308	0.00002	0.00001	0.00000	0.00000	62	nan
Pseudomonas marginalis	298	S	120	380	500	0.00004	0.00003	0.00000	0.00000	62	nan
Pseudomonas kermanshahensis	2745482	S	11643	16087	27730	0.00217	0.00126	0.00001	0.00002	64	nan
Pseudomonas capeferrum	1495066	S	8776	29209	37985	0.00298	0.00229	0.00002	0.00003	63	nan
Pseudomonas aeruginosa	287	S	3807	10194	14001	0.00110	0.00080	0.00001	0.00001	65	nan
Pseudomonas citronellolis	53408	S	1046	1369	2415	0.00019	0.00011	0.00000	0.00000	67	5.0
Pseudomonas mendocina	300	S	941	1007	1948	0.00015	0.00008	0.00000	0.00000	64	5.0
Pseudomonas furukawaii	1149133	S	774	788	1562	0.00012	0.00006	0.00000	0.00000	67	5.0
Pseudomonas alcaligenes	43263	S	596	612	1208	0.00009	0.00005	0.00000	0.00000	67	5.0
Pseudomonas resinovorans	53412	S	510	529	1039	0.00008	0.00004	0.00000	0.00000	67	5.0
Pseudomonas nitroreducens	46680	S	225	354	579	0.00005	0.00003	0.00000	0.00000	65	5.0
Pseudomonas multiresinivorans	95301	S	164	177	341	0.00003	0.00001	0.00000	0.00000	66	4.0
Pseudomonas asiatica	2219225	S	7802	25008	32810	0.00257	0.00196	0.00001	0.00003	64	nan
Pseudomonas chlororaphis	587753	S	4027	5261	9288	0.00073	0.00041	0.00000	0.00001	64	nan
Pseudomonas protegens	380021	S	1837	18157	19994	0.00157	0.00142	0.00001	0.00002	63	nan
Pseudomonas fragi	296	S	906	1005	1911	0.00015	0.00008	0.00000	0.00000	60	5.0
Pseudomonas lundensis	86185	S	355	358	713	0.00006	0.00003	0.00000	0.00000	60	4.0
Pseudomonas piscis	2614538	S	328	398	726	0.00006	0.00003	0.00000	0.00000	65	5.0
Pseudomonas entomophila	312306	S	7538	7974	15512	0.00122	0.00062	0.00000	0.00001	65	5.0
Pseudomonas syringae	317	S	1566	2405	3971	0.00031	0.00019	0.00000	0.00000	61	5.0
Pseudomonas viridiflava	33069	S	1377	1399	2776	0.00022	0.00011	0.00000	0.00000	61	4.0
Pseudomonas savastanoi	29438	S	279	1007	1286	0.00010	0.00008	0.00000	0.00000	60	4.0
Pseudomonas asturiensis	1190415	S	539	549	1088	0.00009	0.00004	0.00000	0.00000	61	4.0
Pseudomonas syringae group genomosp. 7	251699	S	368	391	759	0.00006	0.00003	0.00000	0.00000	59	4.0
Pseudomonas fuscovaginae	50340	S	274	469	743	0.00006	0.00004	0.00000	0.00000	63	nan
Pseudomonas lijiangensis	2995658	S	207	222	429	0.00003	0.00002	0.00000	0.00000	60	4.0
Pseudomonas cichorii	36746	S	140	149	289	0.00002	0.00001	0.00000	0.00000	60	4.0
Pseudomonas avellanae	46257	S	135	340	475	0.00004	0.00003	0.00000	0.00000	60	4.0
Pseudomonas syringae group genomosp. 3	251701	S	100	1243	1343	0.00011	0.00010	0.00000	0.00000	60	4.0
Pseudomonas kurunegalensis	485880	S	7040	12213	19253	0.00151	0.00096	0.00001	0.00001	63	nan
Pseudomonas promysalinigenes	485898	S	4695	4774	9469	0.00074	0.00037	0.00000	0.00001	62	5.0
Pseudomonas laurentiana	2364649	S	3669	3719	7388	0.00058	0.00029	0.00000	0.00000	60	5.0
Pseudomonas parafulva	157782	S	3436	3630	7066	0.00055	0.00028	0.00000	0.00000	64	nan
Pseudomonas xantholysinigenes	2745490	S	3043	3170	6213	0.00049	0.00025	0.00000	0.00000	65	5.0
Pseudomonas alkylphenolica	237609	S	2368	2413	4781	0.00037	0.00019	0.00000	0.00000	63	5.0
Pseudomonas xanthosomatis	2842356	S	2357	2493	4850	0.00038	0.00020	0.00000	0.00000	66	5.0
Pseudomonas juntendi	2666183	S	2248	3811	6059	0.00047	0.00030	0.00000	0.00000	63	nan
Pseudomonas taiwanensis	470150	S	2217	14647	16864	0.00132	0.00115	0.00001	0.00002	63	nan
Pseudomonas anuradhapurensis	485870	S	1929	2417	4346	0.00034	0.00019	0.00000	0.00000	64	5.0
Pseudomonas fakonensis	2842355	S	1881	1988	3869	0.00030	0.00016	0.00000	0.00000	66	5.0
Pseudomonas cerasi	1583341	S	1732	3065	4797	0.00038	0.00024	0.00000	0.00000	62	5.0
Pseudomonas muyukensis	2842357	S	1389	1451	2840	0.00022	0.00011	0.00000	0.00000	67	5.0
Pseudomonas eucalypticola	2599595	S	1250	1288	2538	0.00020	0.00010	0.00000	0.00000	65	5.0
Pseudomonas tructae	2518644	S	1235	1260	2495	0.00020	0.00010	0.00000	0.00000	63	nan
Pseudomonas glycinae	1785145	S	1216	1463	2679	0.00021	0.00011	0.00000	0.00000	62	5.0
Pseudomonas gozinkensis	2774461	S	1183	1331	2514	0.00020	0.00010	0.00000	0.00000	62	5.0
Pseudomonas maumuensis	2842354	S	1171	1301	2472	0.00019	0.00010	0.00000	0.00000	65	5.0
Pseudomonas cremoricolorata	157783	S	1168	1176	2344	0.00018	0.00009	0.00000	0.00000	64	5.0
Pseudomonas frederiksbergensis	104087	S	1089	1210	2299	0.00018	0.00009	0.00000	0.00000	61	4.0
Pseudomonas phytophila	2867264	S	1053	1061	2114	0.00017	0.00008	0.00000	0.00000	59	4.0
Pseudomonas oryziphila	2894079	S	988	1807	2795	0.00022	0.00014	0.00000	0.00000	64	nan
Pseudomonas donghuensis	1163398	S	946	1892	2838	0.00022	0.00015	0.00000	0.00000	64	nan
Pseudomonas umsongensis	198618	S	941	972	1913	0.00015	0.00008	0.00000	0.00000	61	5.0
Pseudomonas lurida	244566	S	933	982	1915	0.00015	0.00008	0.00000	0.00000	62	5.0
Pseudomonas soli	1306993	S	899	1717	2616	0.00020	0.00013	0.00000	0.00000	64	nan
Pseudomonas izuensis	2684212	S	813	836	1649	0.00013	0.00007	0.00000	0.00000	61	5.0
Pseudomonas vanderleydeniana	2745495	S	715	724	1439	0.00011	0.00006	0.00000	0.00000	65	nan
Pseudomonas marincola	437900	S	638	641	1279	0.00010	0.00005	0.00000	0.00000	58	4.0
uncultured Pseudomonas sp.	114707	S	599	601	1200	0.00009	0.00005	0.00000	0.00000	61	5.0
Pseudomonas brassicacearum	930166	S	596	1021	1617	0.00013	0.00008	0.00000	0.00000	63	nan
Pseudomonas vancouverensis	95300	S	591	604	1195	0.00009	0.00005	0.00000	0.00000	62	5.0
Pseudomonas hygromyciniae	2812000	S	566	641	1207	0.00009	0.00005	0.00000	0.00000	62	5.0
Pseudomonas taetrolens	47884	S	557	562	1119	0.00009	0.00004	0.00000	0.00000	59	4.0
Pseudomonas qingdaonensis	2056231	S	549	1006	1555	0.00012	0.00008	0.00000	0.00000	65	nan
Pseudomonas benzenivorans	556533	S	543	548	1091	0.00009	0.00004	0.00000	0.00000	67	5.0
Pseudomonas rhizosphaerae	216142	S	528	536	1064	0.00008	0.00004	0.00000	0.00000	63	nan
Pseudomonas versuta	1788301	S	516	523	1039	0.00008	0.00004	0.00000	0.00000	59	4.0
Pseudomonas guguanensis	1198456	S	491	535	1026	0.00008	0.00004	0.00000	0.00000	66	5.0
Pseudomonas wenzhouensis	2906062	S	477	518	995	0.00008	0.00004	0.00000	0.00000	63	nan
Pseudomonas hamedanensis	2745504	S	462	477	939	0.00007	0.00004	0.00000	0.00000	61	5.0
Pseudomonas asgharzadehiana	2842349	S	451	472	923	0.00007	0.00004	0.00000	0.00000	62	5.0
Pseudomonas palleroniana	191390	S	440	452	892	0.00007	0.00004	0.00000	0.00000	62	5.0
Pseudomonas otitidis	319939	S	417	424	841	0.00007	0.00003	0.00000	0.00000	68	4.0
Pseudomonas sichuanensis	2213015	S	410	740	1150	0.00009	0.00006	0.00000	0.00000	64	nan
Pseudomonas tohonis	2725477	S	395	467	862	0.00007	0.00004	0.00000	0.00000	68	5.0
Pseudomonas simiae	321846	S	391	413	804	0.00006	0.00003	0.00000	0.00000	62	5.0
Pseudomonas sivasensis	1880678	S	388	402	790	0.00006	0.00003	0.00000	0.00000	61	5.0
Pseudomonas hydrolytica	2493633	S	386	469	855	0.00007	0.00004	0.00000	0.00000	66	5.0
Pseudomonas baltica	2762576	S	376	377	753	0.00006	0.00003	0.00000	0.00000	63	nan
Pseudomonas psychrophila	122355	S	365	370	735	0.00006	0.00003	0.00000	0.00000	58	4.0
Pseudomonas kielensis	2762577	S	365	380	745	0.00006	0.00003	0.00000	0.00000	63	nan
Pseudomonas arsenicoxydans	702115	S	361	380	741	0.00006	0.00003	0.00000	0.00000	60	4.0
Pseudomonas knackmussii	65741	S	361	377	738	0.00006	0.00003	0.00000	0.00000	65	5.0
Pseudomonas tensinigenes	2745511	S	360	412	772	0.00006	0.00003	0.00000	0.00000	61	5.0
Pseudomonas siliginis	2842346	S	345	550	895	0.00007	0.00004	0.00000	0.00000	62	5.0
Pseudomonas extremaustralis	359110	S	338	351	689	0.00005	0.00003	0.00000	0.00000	63	nan
Pseudomonas argentinensis	289370	S	332	341	673	0.00005	0.00003	0.00000	0.00000	66	5.0
Pseudomonas lini	163011	S	329	353	682	0.00005	0.00003	0.00000	0.00000	60	4.0
Pseudomonas atacamensis	2565368	S	326	444	770	0.00006	0.00003	0.00000	0.00000	62	5.0
Pseudomonas agarici	46677	S	325	326	651	0.00005	0.00003	0.00000	0.00000	61	5.0
Pseudomonas zeae	2745510	S	322	376	698	0.00005	0.00003	0.00000	0.00000	61	4.0
Pseudomonas yamanorum	515393	S	317	346	663	0.00005	0.00003	0.00000	0.00000	62	5.0
Pseudomonas lalkuanensis	2604832	S	286	289	575	0.00005	0.00002	0.00000	0.00000	65	5.0
Pseudomonas antarctica	219572	S	283	349	632	0.00005	0.00003	0.00000	0.00000	62	5.0
Pseudomonas coleopterorum	1605838	S	268	273	541	0.00004	0.00002	0.00000	0.00000	64	nan
Pseudomonas reinekei	395598	S	268	285	553	0.00004	0.00002	0.00000	0.00000	61	4.0
Pseudomonas graminis	158627	S	263	279	542	0.00004	0.00002	0.00000	0.00000	62	5.0
Pseudomonas psychrotolerans	237610	S	258	267	525	0.00004	0.00002	0.00000	0.00000	66	5.0
Pseudomonas serboccidentalis	2964670	S	252	269	521	0.00004	0.00002	0.00000	0.00000	62	5.0
Pseudomonas seleniipraecipitans	640205	S	251	252	503	0.00004	0.00002	0.00000	0.00000	63	nan
Pseudomonas iranensis	2745503	S	250	334	584	0.00005	0.00003	0.00000	0.00000	62	5.0
Pseudomonas nunensis	2961896	S	222	239	461	0.00004	0.00002	0.00000	0.00000	61	4.0
Pseudomonas saudiphocaensis	1499686	S	222	222	444	0.00003	0.00002	0.00000	0.00000	62	5.0
Pseudomonas alvandae	2842348	S	221	334	555	0.00004	0.00003	0.00000	0.00000	62	nan
Pseudomonas hormoni	3093767	S	221	232	453	0.00004	0.00002	0.00000	0.00000	61	4.0
Pseudomonas prosekii	1148509	S	220	225	445	0.00003	0.00002	0.00000	0.00000	61	4.0
Pseudomonas tritici	2745518	S	219	234	453	0.00004	0.00002	0.00000	0.00000	62	5.0
Pseudomonas salmasensis	2745514	S	219	263	482	0.00004	0.00002	0.00000	0.00000	62	5.0
Pseudomonas bijieensis	2681983	S	215	495	710	0.00006	0.00004	0.00000	0.00000	63	nan
Pseudomonas oryzae	1392877	S	210	211	421	0.00003	0.00002	0.00000	0.00000	69	5.0
Pseudomonas viciae	2505979	S	205	217	422	0.00003	0.00002	0.00000	0.00000	62	5.0
Pseudomonas toyotomiensis	554344	S	202	263	465	0.00004	0.00002	0.00000	0.00000	64	5.0
Pseudomonas canadensis	915099	S	200	222	422	0.00003	0.00002	0.00000	0.00000	62	5.0
Pseudomonas sediminis	1691904	S	194	204	398	0.00003	0.00002	0.00000	0.00000	63	5.0
Pseudomonas asplenii	53407	S	193	280	473	0.00004	0.00002	0.00000	0.00000	63	nan
Pseudomonas guangdongensis	1245526	S	189	190	379	0.00003	0.00001	0.00000	0.00000	70	4.0
Pseudomonas pohangensis	364197	S	167	167	334	0.00003	0.00001	0.00000	0.00000	61	5.0
Pseudomonas cavernae	2320867	S	162	163	325	0.00003	0.00001	0.00000	0.00000	65	5.0
Pseudomonas thivervalensis	86265	S	145	153	298	0.00002	0.00001	0.00000	0.00000	63	nan
Pseudomonas khazarica	2502979	S	138	172	310	0.00002	0.00001	0.00000	0.00000	66	5.0
Halopseudomonas litoralis	797277	S	819	819	1638	0.00013	0.00006	0.00000	0.00000	59	5.0
Halopseudomonas sabulinigri	472181	S	110	110	220	0.00002	0.00001	0.00000	0.00000	60	4.0
Stutzerimonas stutzeri	316	S	145	183	328	0.00003	0.00001	0.00000	0.00000	65	4.0
Anaeromyxobacter dehalogenans	161493	S	3598049	3619242	7217291	0.56532	0.28349	0.00315	0.00712	74	nan
Polaribacter sp. Hel1_33_78	1336804	S	2628204	2637614	5265818	0.41247	0.20660	0.91088	0.91930	31	nan
Microbacterium sp. 1.5R	1916917	S	830469	1047213	1877682	0.14708	0.08203	0.00062	0.00135	68	nan
Microbacterium sp. CGR1	1696072	S	412	523	935	0.00007	0.00004	0.00000	0.00000	68	nan
Microbacterium sp. SSW1-36	2851648	S	154	154	308	0.00002	0.00001	0.00000	0.00000	70	5.0
Microbacterium sp. XT11	367477	S	132	132	264	0.00002	0.00001	0.00000	0.00000	70	4.0
Microbacterium sp. SSW1-51	2851650	S	105	105	210	0.00002	0.00001	0.00000	0.00000	71	4.0
Microbacterium sp. Y-01	2048898	S	104	105	209	0.00002	0.00001	0.00000	0.00000	71	5.0
Microbacterium sp. TPU 3598	1938334	S	103	103	206	0.00002	0.00001	0.00000	0.00000	69	5.0
Streptomyces caniscabiei	2746961	S	156	157	313	0.00002	0.00001	0.00000	0.00000	72	5.0
Mycoplasma anserisalpingitidis	519450	S	240908	242500	483408	0.03786	0.01899	0.08255	0.06600	25	nan
