name	taxonomy_id	taxonomy_lvl	kraken_assigned_reads	added_reads	new_est_reads	fraction_total_reads	Bracken_estimate	GuaCAMOLE_estimate	GuaCAMOLE_est_eff	GC content	Taxon Removal Cycle
Gemella morbillorum	29391	S	4460947	4480075	8941022	0.63889	0.32013	0.30325	0.30468	30	nan
Gemella haemolysans	1379	S	129707	129999	259706	0.01856	0.00929	0.00000	0.00881	31	5.0
Gemella sanguinis	84135	S	33584	33703	67287	0.00481	0.00241	0.00236	0.00237	29	nan
Gemella sp. zg-570	2840371	S	1047	1048	2095	0.00015	0.00007	0.00000	0.00008	30	4.0
Gemella sp. ND 6198	2040624	S	301	3681	3982	0.00028	0.00026	0.00000	0.00025	31	5.0
Staphylococcus hominis	1290	S	973	1069	2042	0.00015	0.00008	0.00000	0.00007	32	4.0
Staphylococcus chromogenes	46126	S	326	350	676	0.00005	0.00003	0.00000	0.00002	36	3.0
Staphylococcus pseudoxylosus	2282419	S	118	134	252	0.00002	0.00001	0.00000	0.00001	34	4.0
Abyssicoccus albus	1817405	S	108	109	217	0.00002	0.00001	0.00000	0.00001	34	4.0
Bacillus methanolicus	1471	S	138	267	405	0.00003	0.00002	0.00000	0.00002	38	4.0
Lysinibacillus louembei	1470088	S	235	242	477	0.00003	0.00002	0.00000	0.00001	40	4.0
Peribacillus simplex	1478	S	119	131	250	0.00002	0.00001	0.00000	0.00001	40	4.0
Ureibacillus thermosphaericus	51173	S	293	304	597	0.00004	0.00002	0.00000	0.00002	37	4.0
Rummeliibacillus stabekisii	241244	S	131	219	350	0.00003	0.00002	0.00000	0.00001	38	5.0
Paenisporosarcina cavernae	2320858	S	131	145	276	0.00002	0.00001	0.00000	0.00001	39	4.0
Vagococcus intermedius	2991418	S	871582	877789	1749371	0.12500	0.06272	0.06206	0.05184	36	nan
Vagococcus teuberi	519472	S	128	132	260	0.00002	0.00001	0.00000	0.00001	34	3.0
Enterococcus cecorum	44008	S	250	252	502	0.00004	0.00002	0.00000	0.00001	37	4.0
Enterococcus gallinarum	1353	S	139	286	425	0.00003	0.00002	0.00000	0.00002	41	4.0
Streptococcus sp. oral taxon 431	712633	S	9986	10458	20444	0.00146	0.00075	0.00000	0.00060	41	4.0
Streptococcus sp. Marseille-Q3533	2759692	S	224	233	457	0.00003	0.00002	0.00000	0.00001	40	4.0
Streptococcus sp. DTU_2020_1001019_1_SI_AUS_MUR_006	3077584	S	182	189	371	0.00003	0.00001	0.00000	0.00001	42	4.0
Streptococcus equi	1336	S	3542	3605	7147	0.00051	0.00026	0.00000	0.00021	43	4.0
Streptococcus dysgalactiae	1334	S	313	1358	1671	0.00012	0.00010	0.00000	0.00008	41	4.0
Streptococcus cristatus	45634	S	3561	3691	7252	0.00052	0.00026	0.00000	0.00021	45	4.0
Streptococcus vestibularis	1343	S	544	614	1158	0.00008	0.00004	0.00000	0.00003	42	4.0
Streptococcus constellatus	76860	S	477	908	1385	0.00010	0.00006	0.00000	0.00005	40	4.0
Streptococcus suis	1307	S	321	360	681	0.00005	0.00003	0.00000	0.00002	42	4.0
Streptococcus alactolyticus	29389	S	301	325	626	0.00004	0.00002	0.00000	0.00002	43	4.0
Streptococcus pluranimalium	82348	S	279	286	565	0.00004	0.00002	0.00000	0.00002	40	4.0
Streptococcus himalayensis	1888195	S	212	219	431	0.00003	0.00002	0.00000	0.00001	42	4.0
Streptococcus mitis	28037	S	203	238	441	0.00003	0.00002	0.00000	0.00001	42	4.0
Streptococcus pyogenes	1314	S	113	204	317	0.00002	0.00001	0.00000	0.00001	40	4.0
Streptococcus parasanguinis	1318	S	107	120	227	0.00002	0.00001	0.00000	0.00001	44	4.0
Streptococcus pneumoniae	1313	S	103	148	251	0.00002	0.00001	0.00000	0.00001	41	4.0
Granulicatella adiacens	46124	S	442	443	885	0.00006	0.00003	0.00000	0.00003	37	4.0
Jeotgalibaca ciconiae	2496265	S	323	324	647	0.00005	0.00002	0.00000	0.00002	37	4.0
Lactobacillus sp. PV034	2594495	S	307	308	615	0.00004	0.00002	0.00000	0.00002	34	4.0
Weissella confusa	1583	S	188	193	381	0.00003	0.00001	0.00000	0.00001	46	nan
Clostridium argentinense	29341	S	184699	184850	369549	0.02641	0.01321	0.01210	0.01388	29	nan
Clostridium beijerinckii	1520	S	622	674	1296	0.00009	0.00005	0.00000	0.00005	30	4.0
Clostridium haemolyticum	84025	S	329	346	675	0.00005	0.00002	0.00000	0.00003	26	4.0
Clostridium gelidum	704125	S	217	217	434	0.00003	0.00002	0.00000	0.00002	29	4.0
Clostridium cellulovorans	1493	S	215	215	430	0.00003	0.00002	0.00000	0.00001	32	3.0
Clostridium estertheticum	238834	S	142	142	284	0.00002	0.00001	0.00000	0.00001	30	4.0
Paraclostridium bifermentans	1490	S	420	423	843	0.00006	0.00003	0.00000	0.00003	28	4.0
Filifactor alocis	143361	S	6211	6231	12442	0.00089	0.00045	0.00000	0.00037	35	5.0
Oscillibacter hominis	2763056	S	3860	3885	7745	0.00055	0.00028	0.00000	0.00025	61	4.0
Amygdalobacter nucleatus	3029274	S	105	118	223	0.00002	0.00001	0.00000	0.00001	40	4.0
Lachnoanaerobaculum gingivalis	2490855	S	827	892	1719	0.00012	0.00006	0.00000	0.00005	38	4.0
Lachnoanaerobaculum umeaense	617123	S	182	182	364	0.00003	0.00001	0.00000	0.00001	35	4.0
Blautia obeum	40520	S	200	207	407	0.00003	0.00001	0.00000	0.00001	44	5.0
Kineothrix sp. MB12-C1	3070215	S	195	195	390	0.00003	0.00001	0.00000	0.00001	42	4.0
Roseburia rectibacter	2763062	S	181	182	363	0.00003	0.00001	0.00000	0.00001	43	4.0
Lachnospira eligens	39485	S	171	171	342	0.00002	0.00001	0.00000	0.00001	38	4.0
Mogibacterium pumilum	86332	S	447	454	901	0.00006	0.00003	0.00000	0.00003	43	4.0
Tepidanaerobacter acetatoxydans	499229	S	233	233	466	0.00003	0.00002	0.00000	0.00001	38	4.0
Halanaerobium praevalens	2331	S	146	146	292	0.00002	0.00001	0.00000	0.00001	32	4.0
Parvimonas micra	33033	S	1825	1843	3668	0.00026	0.00013	0.00000	0.00014	29	4.0
Veillonella parvula	29466	S	677	680	1357	0.00010	0.00005	0.00000	0.00004	40	4.0
Veillonella atypica	39777	S	226	226	452	0.00003	0.00002	0.00000	0.00001	40	4.0
Curtobacterium sp. MCSS17_016	2175644	S	1136499	1705329	2841828	0.20307	0.12186	0.15090	0.14997	71	nan
Curtobacterium sp. MCBD17_026	2175621	S	787	935	1722	0.00012	0.00007	0.00009	0.00009	72	nan
Curtobacterium sp. YC1	2795488	S	779	803	1582	0.00011	0.00006	0.00008	0.00008	73	nan
Curtobacterium sp. MCSS17_005	2175641	S	689	921	1610	0.00012	0.00007	0.00009	0.00008	71	nan
Curtobacterium sp. MCLR17_036	2175620	S	550	567	1117	0.00008	0.00004	0.00006	0.00006	72	nan
Curtobacterium sp. MCPF17_002	2175645	S	476	484	960	0.00007	0.00003	0.00005	0.00004	73	nan
Curtobacterium sp. TC1	2862880	S	452	493	945	0.00007	0.00004	0.00000	0.00004	71	5.0
Curtobacterium sp. MCPF17_021	2175639	S	443	780	1223	0.00009	0.00006	0.00007	0.00007	71	nan
Curtobacterium sp. MCLR17_054	2175632	S	434	740	1174	0.00008	0.00005	0.00007	0.00007	71	nan
Curtobacterium sp. MCLR17_058	2175635	S	424	783	1207	0.00009	0.00006	0.00007	0.00007	71	nan
Curtobacterium sp. BH-2-1-1	1905847	S	405	413	818	0.00006	0.00003	0.00004	0.00004	72	nan
Curtobacterium sp. MCLR17_031	2175622	S	395	693	1088	0.00008	0.00005	0.00007	0.00006	72	nan
Curtobacterium sp. MCLR17_007	2175648	S	373	378	751	0.00005	0.00003	0.00004	0.00003	71	nan
Curtobacterium sp. 24E2	2804758	S	345	395	740	0.00005	0.00003	0.00004	0.00004	71	nan
Curtobacterium sp. 9128	1793722	S	343	347	690	0.00005	0.00002	0.00003	0.00003	71	nan
Curtobacterium sp. DN_7.5	3049047	S	330	337	667	0.00005	0.00002	0.00003	0.00003	72	nan
Curtobacterium sp. 458	3050069	S	320	327	647	0.00005	0.00002	0.00003	0.00003	72	nan
Curtobacterium sp. MCJR17_020	2175619	S	306	360	666	0.00005	0.00003	0.00000	0.00003	72	5.0
Curtobacterium sp. MCLR17_032	2175650	S	244	254	498	0.00004	0.00002	0.00002	0.00002	72	nan
Curtobacterium sp. MCSS17_015	2175666	S	243	250	493	0.00004	0.00002	0.00002	0.00002	72	nan
Curtobacterium sp. MCSS17_007	2175646	S	242	250	492	0.00004	0.00002	0.00003	0.00002	73	nan
Curtobacterium sp. L6-1	2841594	S	238	243	481	0.00003	0.00002	0.00003	0.00002	73	nan
Curtobacterium sp. MCPF17_052	2175655	S	233	242	475	0.00003	0.00002	0.00002	0.00002	72	nan
Curtobacterium sp. MR_MD2014	1561023	S	223	232	455	0.00003	0.00002	0.00002	0.00002	73	nan
Curtobacterium sp. SGAir0471	2070337	S	160	178	338	0.00002	0.00001	0.00002	0.00002	72	nan
Curtobacterium sp. TXMA1	2876939	S	150	168	318	0.00002	0.00001	0.00002	0.00002	73	nan
Curtobacterium sp. Arg-1	2935040	S	142	298	440	0.00003	0.00002	0.00003	0.00003	71	nan
Curtobacterium flaccumfaciens	2035	S	3245	4196	7441	0.00053	0.00030	0.00042	0.00038	72	nan
Rathayibacter rathayi	33887	S	435266	436822	872088	0.06232	0.03121	0.03718	0.03746	70	nan
Rathayibacter iranicus	59737	S	21721	21756	43477	0.00311	0.00155	0.00196	0.00169	69	nan
Rathayibacter tritici	33888	S	1641	1649	3290	0.00024	0.00012	0.00000	0.00014	71	5.0
Rathayibacter sp. VKM Ac-2760	2609253	S	231	243	474	0.00003	0.00002	0.00000	0.00002	73	5.0
Rathayibacter sp. VKM Ac-2804	2609257	S	202	221	423	0.00003	0.00002	0.00000	0.00002	73	5.0
Rathayibacter sp. VKM Ac-2759	2609252	S	144	164	308	0.00002	0.00001	0.00000	0.00002	72	4.0
Rathayibacter sp. VKM Ac-2801	2609255	S	131	215	346	0.00002	0.00002	0.00000	0.00002	73	4.0
Dermabacter jinjuensis	1667168	S	152	155	307	0.00002	0.00001	0.00000	0.00001	63	3.0
Mobiluncus curtisii	2051	S	1064526	1069410	2133936	0.15248	0.07642	0.06551	0.06652	57	nan
Mobiluncus sp. Marseille-Q7826	3036302	S	20114	20172	40286	0.00288	0.00144	0.00000	0.00128	59	4.0
Varibaculum prostatecancerukia	2811781	S	9952	9975	19927	0.00142	0.00071	0.00000	0.00061	54	5.0
Schaalia turicensis	131111	S	1639	1656	3295	0.00024	0.00012	0.00000	0.00010	58	5.0
Actinotignum urinale	190146	S	1079	1083	2162	0.00015	0.00008	0.00000	0.00006	51	4.0
Trueperella pyogenes	1661	S	127	127	254	0.00002	0.00001	0.00000	0.00001	61	5.0
Trueperella abortisuis	445930	S	110	110	220	0.00002	0.00001	0.00000	0.00001	66	5.0
Streptomyces venezuelae	54571	S	908120	928371	1836491	0.13123	0.06634	0.09355	0.09342	72	nan
Gardnerella vaginalis	2702	S	2633	2652	5285	0.00038	0.00019	0.00000	0.00015	41	5.0
Gardnerella leopoldii	2792978	S	1944	1972	3916	0.00028	0.00014	0.00000	0.00011	44	4.0
Corynebacterium pyruviciproducens	598660	S	1036	1433	2469	0.00018	0.00010	0.00000	0.00010	62	5.0
Lawsonella clevelandensis	1528099	S	276	281	557	0.00004	0.00002	0.00000	0.00002	58	5.0
Vaginimicrobium propionicum	1871034	S	1626	1635	3261	0.00023	0.00012	0.00000	0.00010	50	4.0
Cutibacterium avidum	33010	S	107	108	215	0.00002	0.00001	0.00000	0.00001	64	3.0
Chryseobacterium balustinum	246	S	1670820	1699612	3370432	0.24084	0.12145	0.10994	0.10422	35	nan
Chryseobacterium sp.	1871047	S	151	169	320	0.00002	0.00001	0.00000	0.00001	37	4.0
Chryseobacterium taklimakanense	536441	S	337	353	690	0.00005	0.00003	0.00000	0.00002	43	4.0
Epilithonimonas vandammei	2487072	S	189	208	397	0.00003	0.00001	0.00000	0.00001	36	5.0
Candidatus Kaistella beijingensis	2820270	S	100	102	202	0.00001	0.00001	0.00000	0.00001	38	4.0
Empedobacter falsenii	343874	S	777	912	1689	0.00012	0.00007	0.00000	0.00006	32	4.0
Empedobacter brevis	247	S	281	286	567	0.00004	0.00002	0.00000	0.00002	33	4.0
Empedobacter stercoris	1628248	S	220	301	521	0.00004	0.00002	0.00000	0.00002	33	4.0
Elizabethkingia sp. 2-6	2575699	S	178	212	390	0.00003	0.00002	0.00000	0.00001	36	4.0
Weeksella virosa	1014	S	156	163	319	0.00002	0.00001	0.00000	0.00001	36	4.0
Flavobacterium sp. xlx-214	2654325	S	1237040	1254872	2491912	0.17806	0.08967	0.08309	0.07964	31	nan
Flavobacterium sp. I3-2	2748319	S	2259	2387	4646	0.00033	0.00017	0.00000	0.00016	31	4.0
Flavobacterium sp. N1846	2986824	S	257	285	542	0.00004	0.00002	0.00000	0.00002	32	5.0
Flavobacterium sp. N1719	2885633	S	248	249	497	0.00004	0.00002	0.00000	0.00001	40	5.0
Flavobacterium sp. N2820	2986834	S	224	233	457	0.00003	0.00002	0.00000	0.00001	32	4.0
Flavobacterium sp. CECT 9288	2845819	S	216	785	1001	0.00007	0.00006	0.00000	0.00005	33	5.0
Flavobacterium sp. 20NA77.7	3073563	S	211	214	425	0.00003	0.00002	0.00000	0.00001	33	5.0
Flavobacterium sp. F-340	2893886	S	188	231	419	0.00003	0.00002	0.00000	0.00001	34	5.0
Flavobacterium sp. K5-23	2746225	S	163	175	338	0.00002	0.00001	0.00000	0.00001	34	5.0
Flavobacterium sp. MDT1-60	1979344	S	160	186	346	0.00002	0.00001	0.00000	0.00001	33	5.0
Flavobacterium sp. N3904	2986835	S	137	149	286	0.00002	0.00001	0.00000	0.00001	35	5.0
Flavobacterium sp. IMCC34852	2732161	S	128	143	271	0.00002	0.00001	0.00000	0.00001	37	4.0
Flavobacterium sp. N1994	2986827	S	125	128	253	0.00002	0.00001	0.00000	0.00001	35	4.0
Flavobacterium sp. N2270	2986831	S	123	126	249	0.00002	0.00001	0.00000	0.00001	30	4.0
Flavobacterium sp. GSB-24	2994319	S	122	150	272	0.00002	0.00001	0.00000	0.00001	34	5.0
Flavobacterium sp. TR2	2977321	S	112	162	274	0.00002	0.00001	0.00000	0.00001	35	5.0
Flavobacterium sp. YJ01	3031997	S	109	152	261	0.00002	0.00001	0.00000	0.00001	34	5.0
Flavobacterium dauae	1563479	S	5124	5395	10519	0.00075	0.00039	0.00000	0.00033	35	5.0
Flavobacterium channae	2897181	S	414	431	845	0.00006	0.00003	0.00000	0.00003	32	4.0
Flavobacterium agricola	2870839	S	401	404	805	0.00006	0.00003	0.00000	0.00002	34	4.0
Flavobacterium indicum	312277	S	337	339	676	0.00005	0.00002	0.00000	0.00002	32	4.0
Flavobacterium okayamense	2830782	S	258	266	524	0.00004	0.00002	0.00000	0.00002	31	4.0
Flavobacterium sediminis	2201181	S	211	219	430	0.00003	0.00002	0.00000	0.00001	36	4.0
Flavobacterium psychrophilum	96345	S	209	214	423	0.00003	0.00002	0.00000	0.00001	33	4.0
Flavobacterium cyclinae	2895947	S	178	183	361	0.00003	0.00001	0.00000	0.00001	33	4.0
Flavobacterium nitratireducens	992289	S	157	159	316	0.00002	0.00001	0.00000	0.00001	34	4.0
Flavobacterium johnsoniae	986	S	129	158	287	0.00002	0.00001	0.00000	0.00001	34	4.0
Flavobacterium nackdongense	2547394	S	117	117	234	0.00002	0.00001	0.00000	0.00001	37	4.0
Flavobacterium anhuiense	459526	S	107	113	220	0.00002	0.00001	0.00000	0.00001	35	4.0
Flavobacterium covae	2906076	S	106	122	228	0.00002	0.00001	0.00000	0.00001	31	4.0
Flavobacterium davisii	2906077	S	106	108	214	0.00002	0.00001	0.00000	0.00001	30	4.0
Flavobacterium azooxidireducens	1871076	S	105	105	210	0.00002	0.00001	0.00000	0.00001	34	4.0
Flavobacterium commune	1306519	S	102	103	205	0.00001	0.00001	0.00000	0.00001	35	4.0
Capnocytophaga endodontalis	2708117	S	9329	9592	18921	0.00135	0.00069	0.00000	0.00056	41	4.0
Capnocytophaga leadbetteri	327575	S	7615	7864	15479	0.00111	0.00056	0.00000	0.00045	41	4.0
Capnocytophaga gingivalis	1017	S	7137	7225	14362	0.00103	0.00052	0.00000	0.00042	42	5.0
Capnocytophaga sp. FDAARGOS_737	2545799	S	2763	2909	5672	0.00041	0.00021	0.00000	0.00017	42	4.0
Capnocytophaga sp. oral taxon 878	1316596	S	431	446	877	0.00006	0.00003	0.00000	0.00003	39	3.0
Capnocytophaga stomatis	1848904	S	184	186	370	0.00003	0.00001	0.00000	0.00001	38	4.0
Paenimyroides cloacae	1852970	S	3100	3150	6250	0.00045	0.00023	0.00020	0.00020	33	nan
Paenimyroides aestuarii	2968490	S	746	818	1564	0.00011	0.00006	0.00000	0.00005	35	5.0
Myroides odoratimimus	76832	S	1592	1918	3510	0.00025	0.00014	0.00000	0.00012	35	4.0
Myroides albus	2562892	S	173	179	352	0.00003	0.00001	0.00000	0.00001	35	4.0
Myroides phaeus	702745	S	143	146	289	0.00002	0.00001	0.00000	0.00001	34	4.0
Myroides fluvii	2572594	S	143	144	287	0.00002	0.00001	0.00000	0.00001	37	4.0
Tenacibaculum mesophilum	104268	S	213	215	428	0.00003	0.00002	0.00000	0.00001	31	4.0
Tenacibaculum ovolyticum	104270	S	157	157	314	0.00002	0.00001	0.00000	0.00001	29	4.0
Tenacibaculum maritimum	107401	S	141	141	282	0.00002	0.00001	0.00000	0.00001	31	4.0
Polaribacter vadi	1774273	S	100	176	276	0.00002	0.00001	0.00000	0.00001	30	4.0
Winogradskyella helgolandensis	2697010	S	156	157	313	0.00002	0.00001	0.00000	0.00001	33	4.0
Aureibaculum algae	2584122	S	309	309	618	0.00004	0.00002	0.00000	0.00002	32	4.0
Formosa sp. L2A11	2686363	S	106	106	212	0.00002	0.00001	0.00000	0.00001	33	4.0
Lacinutrix sp. WUR7	2653681	S	109	110	219	0.00002	0.00001	0.00000	0.00001	33	3.0
Zunongwangia sp. SCSIO 43204	2779359	S	117	119	236	0.00002	0.00001	0.00000	0.00001	36	4.0
Wenyingzhuangia fucanilytica	1790137	S	100	100	200	0.00001	0.00001	0.00000	0.00001	32	4.0
Blattabacterium cuenoti	1653831	S	414	414	828	0.00006	0.00003	0.00000	0.00004	25	4.0
Blattabacterium punctulatus	164514	S	184	184	368	0.00003	0.00001	0.00000	0.00002	24	5.0
Sphingobacterium spiritivorum	258	S	111	855	966	0.00007	0.00006	0.00000	0.00005	41	4.0
Pedobacter sp. G11	2482728	S	114	116	230	0.00002	0.00001	0.00000	0.00001	38	3.0
Flammeovirga yaeyamensis	367791	S	282	282	564	0.00004	0.00002	0.00000	0.00002	36	3.0
Leadbetterella byssophila	316068	S	140	144	284	0.00002	0.00001	0.00000	0.00001	41	4.0
Alkaliflexus sp. Ai-910	2949635	S	147	147	294	0.00002	0.00001	0.00000	0.00001	44	4.0
Celeribacter indicus	1208324	S	943426	993637	1937063	0.13842	0.07100	0.07638	0.07405	66	nan
Pasteurella canis	753	S	1864	1943	3807	0.00027	0.00014	0.00000	0.00011	37	4.0
Histophilus somni	731	S	334	519	853	0.00006	0.00004	0.00000	0.00003	38	4.0
Haemophilus haemolyticus	726	S	121	125	246	0.00002	0.00001	0.00000	0.00001	39	4.0
Wigglesworthia glossinidia	51229	S	208	214	422	0.00003	0.00002	0.00000	0.00002	24	4.0
Candidatus Erwinia haradaeae	1922217	S	136	136	272	0.00002	0.00001	0.00000	0.00001	36	4.0
Photorhabdus akhurstii	171438	S	108	112	220	0.00002	0.00001	0.00000	0.00001	46	4.0
Vibrio mimicus	674	S	245	263	508	0.00004	0.00002	0.00000	0.00002	47	4.0
Vibrio penaeicida	104609	S	234	243	477	0.00003	0.00002	0.00004	0.00001	45	nan
Vibrio sp. B1REV9	2751179	S	123	138	261	0.00002	0.00001	0.00000	0.00001	45	4.0
Allofrancisella guangzhouensis	594679	S	123	123	246	0.00002	0.00001	0.00000	0.00001	32	4.0
Treponema denticola	158	S	1360	2277	3637	0.00026	0.00016	0.00000	0.00013	39	5.0
Treponema sp. OMZ 788	2563664	S	649	711	1360	0.00010	0.00005	0.00000	0.00004	38	4.0
Treponema sp. B152	2749432	S	303	3038	3341	0.00024	0.00022	0.00000	0.00018	39	5.0
Campylobacter blaseri	2042961	S	510	514	1024	0.00007	0.00004	0.00000	0.00004	30	4.0
Campylobacter geochelonis	1780362	S	393	400	793	0.00006	0.00003	0.00000	0.00003	35	4.0
Campylobacter jejuni	197	S	142	193	335	0.00002	0.00001	0.00000	0.00001	30	4.0
Fusobacterium necrophorum	859	S	118	186	304	0.00002	0.00001	0.00000	0.00001	35	4.0
Leptotrichia wadei	157687	S	117	118	235	0.00002	0.00001	0.00000	0.00001	30	4.0
Marinitoga sp. BP5-C20A	2809031	S	106	164	270	0.00002	0.00001	0.00000	0.00001	27	4.0
Homo sapiens	9606	S	1240	1397	2637	0.00019	0.00010	0.00000	0.00008	38	4.0
