name	taxonomy_id	taxonomy_lvl	kraken_assigned_reads	added_reads	new_est_reads	fraction_total_reads	Bracken_estimate	GuaCAMOLE_estimate	GuaCAMOLE_est_eff	GC content	Taxon Removal Cycle
Pseudomonas sp. R2-37-08W	1173273	S	411869	812137	1224006	0.08216	0.05451	0.05447	0.05107	62	nan
Pseudomonas sp. IAC-BECa141	2793103	S	49809	90876	140685	0.00944	0.00610	0.00614	0.00576	62	nan
Pseudomonas sp. NBB	2976333	S	1709	697018	698727	0.04690	0.04679	0.04947	0.04489	64	nan
Pseudomonas sp. LS.1a	2920387	S	979	1074	2053	0.00014	0.00007	0.00008	0.00007	64	nan
Pseudomonas sp. Leaf58	1736226	S	774	791	1565	0.00011	0.00005	0.00000	0.00005	62	5.0
Pseudomonas sp. R5-89-07	658644	S	668	707	1375	0.00009	0.00005	0.00005	0.00004	62	nan
Pseudomonas sp. Marseille-Q3773	2866592	S	510	538	1048	0.00007	0.00004	0.00000	0.00004	64	5.0
Pseudomonas sp.	306	S	462	504	966	0.00006	0.00003	0.00000	0.00003	63	5.0
Pseudomonas sp. A2	107445	S	457	837	1294	0.00009	0.00006	0.00006	0.00005	64	nan
Pseudomonas sp. R3-18-08	1173283	S	407	641	1048	0.00007	0.00004	0.00004	0.00004	62	nan
Pseudomonas sp. FGI182	1259844	S	380	605	985	0.00007	0.00004	0.00005	0.00004	64	nan
Pseudomonas sp. LRP2-20	2944234	S	316	331	647	0.00004	0.00002	0.00003	0.00002	65	nan
Pseudomonas sp. PSKL.D1	3029060	S	315	320	635	0.00004	0.00002	0.00002	0.00002	63	nan
Pseudomonas sp. KU43P	2487887	S	284	292	576	0.00004	0.00002	0.00002	0.00002	64	nan
Pseudomonas sp. BT-42-2	2986927	S	273	276	549	0.00004	0.00002	0.00002	0.00002	63	nan
Pseudomonas sp. R4-39-08	1173288	S	235	536	771	0.00005	0.00004	0.00004	0.00003	62	nan
Pseudomonas sp. p1(2021b)	2874628	S	229	248	477	0.00003	0.00002	0.00002	0.00002	65	nan
Pseudomonas sp. R1-43-08	1173270	S	216	489	705	0.00005	0.00003	0.00003	0.00003	62	nan
Pseudomonas sp. SK	2729423	S	216	274	490	0.00003	0.00002	0.00002	0.00002	64	nan
Pseudomonas sp. R3-52-08	1173284	S	212	486	698	0.00005	0.00003	0.00003	0.00003	62	nan
Pseudomonas sp. R2-60-08W	1173280	S	205	500	705	0.00005	0.00003	0.00003	0.00003	62	nan
Pseudomonas sp. R4-34-07	658642	S	205	461	666	0.00004	0.00003	0.00003	0.00003	62	nan
Pseudomonas sp. R4-35-07	658643	S	193	466	659	0.00004	0.00003	0.00003	0.00003	62	nan
Pseudomonas sp. FP597	2954096	S	191	200	391	0.00003	0.00001	0.00000	0.00001	62	5.0
Pseudomonas sp. FP2309	2954091	S	176	183	359	0.00002	0.00001	0.00000	0.00001	62	5.0
Pseudomonas sp. HN11	1344094	S	174	182	356	0.00002	0.00001	0.00000	0.00001	61	4.0
Pseudomonas sp. S09G 359	2054919	S	170	178	348	0.00002	0.00001	0.00001	0.00001	62	nan
Pseudomonas sp. R2-7-07	658641	S	161	494	655	0.00004	0.00003	0.00003	0.00003	62	nan
Pseudomonas sp. S35	1573719	S	160	168	328	0.00002	0.00001	0.00000	0.00001	62	5.0
Pseudomonas sp. R11-23-07	658632	S	153	456	609	0.00004	0.00003	0.00003	0.00003	62	nan
Pseudomonas sp. D3	517398	S	151	158	309	0.00002	0.00001	0.00000	0.00001	62	5.0
Pseudomonas sp. ADAK18	2730848	S	150	153	303	0.00002	0.00001	0.00000	0.00001	60	4.0
Pseudomonas sp. FP2335	2954092	S	145	151	296	0.00002	0.00001	0.00001	0.00001	62	nan
Pseudomonas sp. LG1E9	2219057	S	145	153	298	0.00002	0.00001	0.00000	0.00001	62	5.0
Pseudomonas sp. DG56-2	2320270	S	141	142	283	0.00002	0.00001	0.00000	0.00001	60	4.0
Pseudomonas sp. PIA16	2931382	S	141	142	283	0.00002	0.00001	0.00001	0.00001	64	nan
Pseudomonas sp. NY5710	2662033	S	137	171	308	0.00002	0.00001	0.00001	0.00001	63	nan
Pseudomonas sp. KNUC1026	2893890	S	132	132	264	0.00002	0.00001	0.00000	0.00001	65	5.0
Pseudomonas sp. StFLB209	1028989	S	132	133	265	0.00002	0.00001	0.00000	0.00001	62	5.0
Pseudomonas sp. OE 28.3	2745519	S	131	140	271	0.00002	0.00001	0.00000	0.00001	61	5.0
Pseudomonas sp. LS1212	2972478	S	124	125	249	0.00002	0.00001	0.00000	0.00001	62	5.0
Pseudomonas sp. FP453	2954094	S	116	122	238	0.00002	0.00001	0.00001	0.00001	63	nan
Pseudomonas sp. ADAK13	2730847	S	106	111	217	0.00001	0.00001	0.00001	0.00001	63	nan
Pseudomonas sp. HLS-6	2049589	S	103	105	208	0.00001	0.00001	0.00000	0.00001	61	4.0
Pseudomonas sp. DTU_2021_1001937_2_SI_NGA_ILE_001	3077589	S	102	102	204	0.00001	0.00001	0.00000	0.00001	65	5.0
Pseudomonas sp. RtIB026	2749999	S	101	112	213	0.00001	0.00001	0.00000	0.00001	66	5.0
Pseudomonas putida	303	S	6416	19661	26077	0.00175	0.00132	0.00138	0.00126	64	nan
Pseudomonas inefficax	2078786	S	990	1099	2089	0.00014	0.00007	0.00008	0.00007	64	nan
Pseudomonas plecoglossicida	70775	S	332	422	754	0.00005	0.00003	0.00003	0.00003	64	nan
Pseudomonas mosselii	78327	S	291	320	611	0.00004	0.00002	0.00000	0.00002	66	5.0
Pseudomonas monteilii	76759	S	270	22874	23144	0.00155	0.00154	0.00162	0.00147	64	nan
Pseudomonas shirazica	1940636	S	129	538	667	0.00004	0.00004	0.00004	0.00003	64	nan
Pseudomonas fluorescens	294	S	980	1177	2157	0.00014	0.00008	0.00000	0.00007	62	5.0
Pseudomonas orientalis	76758	S	169	191	360	0.00002	0.00001	0.00000	0.00001	62	5.0
Pseudomonas synxantha	47883	S	148	238	386	0.00003	0.00002	0.00000	0.00001	62	4.0
Pseudomonas asiatica	2219225	S	1216	3951	5167	0.00035	0.00027	0.00028	0.00025	64	nan
Pseudomonas syringae	317	S	218	356	574	0.00004	0.00002	0.00000	0.00002	61	4.0
Pseudomonas syringae group genomosp. 3	251701	S	173	373	546	0.00004	0.00003	0.00000	0.00002	60	4.0
Pseudomonas viridiflava	33069	S	106	107	213	0.00001	0.00001	0.00000	0.00001	61	4.0
Pseudomonas aeruginosa	287	S	512	6214	6726	0.00045	0.00042	0.00046	0.00040	64	nan
Pseudomonas furukawaii	1149133	S	102	104	206	0.00001	0.00001	0.00000	0.00001	67	5.0
Pseudomonas citronellolis	53408	S	102	134	236	0.00002	0.00001	0.00000	0.00001	67	5.0
Pseudomonas chlororaphis	587753	S	325	456	781	0.00005	0.00003	0.00003	0.00003	64	nan
Pseudomonas fragi	296	S	221	247	468	0.00003	0.00002	0.00000	0.00002	60	4.0
Pseudomonas protegens	380021	S	123	168	291	0.00002	0.00001	0.00001	0.00001	64	nan
Pseudomonas entomophila	312306	S	418	639	1057	0.00007	0.00004	0.00000	0.00004	65	5.0
Pseudomonas promysalinigenes	485898	S	321	326	647	0.00004	0.00002	0.00000	0.00002	62	5.0
Pseudomonas kurunegalensis	485880	S	235	411	646	0.00004	0.00003	0.00003	0.00003	64	nan
Pseudomonas parafulva	157782	S	210	222	432	0.00003	0.00001	0.00002	0.00001	64	nan
Pseudomonas anuradhapurensis	485870	S	204	256	460	0.00003	0.00002	0.00002	0.00002	64	nan
Pseudomonas kermanshahensis	2745482	S	201	278	479	0.00003	0.00002	0.00002	0.00002	64	nan
Pseudomonas xantholysinigenes	2745490	S	164	171	335	0.00002	0.00001	0.00000	0.00001	65	5.0
Pseudomonas cremoricolorata	157783	S	157	158	315	0.00002	0.00001	0.00000	0.00001	64	5.0
Pseudomonas muyukensis	2842357	S	153	160	313	0.00002	0.00001	0.00000	0.00001	67	5.0
Pseudomonas alkylphenolica	237609	S	147	150	297	0.00002	0.00001	0.00000	0.00001	63	5.0
Pseudomonas xanthosomatis	2842356	S	142	150	292	0.00002	0.00001	0.00000	0.00001	66	5.0
Pseudomonas fakonensis	2842355	S	135	142	277	0.00002	0.00001	0.00000	0.00001	66	5.0
Pseudomonas juntendi	2666183	S	125	217	342	0.00002	0.00001	0.00001	0.00001	64	nan
Pseudomonas tructae	2518644	S	120	122	242	0.00002	0.00001	0.00001	0.00001	63	nan
Marinobacter sp. LA51	3035454	S	99315	100077	199392	0.01338	0.00672	0.00650	0.00607	58	nan
Enterobacter cloacae complex sp. ECNIH7	1915310	S	12672	40748	53420	0.00359	0.00274	0.00261	0.00246	58	nan
Enterobacter cloacae complex sp.	2027919	S	969	1243	2212	0.00015	0.00008	0.00000	0.00008	58	5.0
Enterobacter sp. BIDMC100	1686399	S	144	1578	1722	0.00012	0.00011	0.00010	0.00010	57	nan
Enterobacter hormaechei	158836	S	10597	85381	95978	0.00644	0.00573	0.00545	0.00514	57	nan
Enterobacter cloacae	550	S	2122	4305	6427	0.00043	0.00029	0.00028	0.00026	57	nan
Enterobacter asburiae	61645	S	1260	2662	3922	0.00026	0.00018	0.00017	0.00016	58	nan
Enterobacter roggenkampii	1812935	S	833	1089	1922	0.00013	0.00007	0.00007	0.00007	58	nan
Enterobacter cancerogenus	69218	S	580	603	1183	0.00008	0.00004	0.00004	0.00004	58	nan
Enterobacter kobei	208224	S	376	1069	1445	0.00010	0.00007	0.00007	0.00006	57	nan
Enterobacter ludwigii	299767	S	356	917	1273	0.00009	0.00006	0.00006	0.00006	57	nan
Enterobacter chuandaensis	2497875	S	264	303	567	0.00004	0.00002	0.00002	0.00002	58	nan
Enterobacter sichuanensis	2071710	S	233	253	486	0.00003	0.00002	0.00002	0.00002	57	nan
Enterobacter chengduensis	2494701	S	205	250	455	0.00003	0.00002	0.00002	0.00002	58	nan
Enterobacter sp. DSM 30060	2747372	S	19906	606966	626872	0.04208	0.04074	0.03874	0.03653	57	nan
Enterobacter sp. RHBSTW-00994	2742676	S	188	192	380	0.00003	0.00001	0.00000	0.00001	53	4.0
Enterobacter sp. DTU_2021_1002640_1_SI_PRY_ASU_LCPMC_013	3077940	S	135	376	511	0.00003	0.00003	0.00002	0.00002	57	nan
Enterobacter sp. CP102	2976431	S	114	125	239	0.00002	0.00001	0.00000	0.00001	56	4.0
Enterobacter mori	539813	S	1038	1144	2182	0.00015	0.00008	0.00007	0.00007	57	nan
Enterobacter bugandensis	881260	S	459	683	1142	0.00008	0.00005	0.00004	0.00004	58	nan
Enterobacter oligotrophicus	2478464	S	346	360	706	0.00005	0.00002	0.00000	0.00002	56	5.0
Enterobacter huaxiensis	2494702	S	336	355	691	0.00005	0.00002	0.00002	0.00002	59	nan
Enterobacter soli	885040	S	128	139	267	0.00002	0.00001	0.00000	0.00001	55	5.0
Escherichia sp. E4742	2044467	S	112501	127786	240287	0.01613	0.00858	0.00810	0.00753	53	nan
Escherichia coli	562	S	5161	49383	54544	0.00366	0.00331	0.00336	0.00294	54	nan
Escherichia albertii	208962	S	295	336	631	0.00004	0.00002	0.00002	0.00002	52	nan
Escherichia marmotae	1499973	S	289	319	608	0.00004	0.00002	0.00002	0.00002	53	nan
Escherichia fergusonii	564	S	166	243	409	0.00003	0.00002	0.00002	0.00001	52	nan
Klebsiella huaxiensis	2153354	S	63627	66087	129714	0.00871	0.00444	0.00421	0.00394	56	nan
Klebsiella pneumoniae	573	S	668	2452	3120	0.00021	0.00016	0.00000	0.00015	57	5.0
Klebsiella michiganensis	1134687	S	406	513	919	0.00006	0.00003	0.00000	0.00003	58	5.0
Klebsiella oxytoca	571	S	358	378	736	0.00005	0.00003	0.00000	0.00002	57	5.0
Klebsiella quasipneumoniae	1463165	S	279	379	658	0.00004	0.00003	0.00000	0.00002	59	5.0
Klebsiella grimontii	2058152	S	230	409	639	0.00004	0.00003	0.00000	0.00002	58	5.0
Raoultella ornithinolytica	54291	S	245	409	654	0.00004	0.00003	0.00000	0.00002	57	5.0
Salmonella enterica	28901	S	2503	58882	61385	0.00412	0.00395	0.00377	0.00351	54	nan
Salmonella bongori	54736	S	103	443	546	0.00004	0.00003	0.00003	0.00003	54	nan
Citrobacter freundii	546	S	123	380	503	0.00003	0.00003	0.00002	0.00002	54	nan
Shigella flexneri	623	S	100	1974	2074	0.00014	0.00013	0.00013	0.00012	54	nan
Wigglesworthia glossinidia	51229	S	281323	281447	562770	0.03777	0.01889	0.00000	0.03016	24	5.0
Candidatus Erwinia haradaeae	1922217	S	64602	64624	129226	0.00867	0.00434	0.00000	0.00514	36	5.0
Dickeya dianthicola	204039	S	229304	237395	466699	0.03133	0.01593	0.01551	0.01451	58	nan
Pectobacterium carotovorum	554	S	100	139	239	0.00002	0.00001	0.00000	0.00001	54	3.0
Proteus sp. HZ0627	3034648	S	13346	21304	34650	0.00233	0.00143	0.00149	0.00138	41	nan
Morganella morganii	582	S	264	286	550	0.00004	0.00002	0.00000	0.00002	54	5.0
Pseudoalteromonas sp. HL-AS1	3071081	S	286400	363704	650104	0.04364	0.02441	0.02435	0.02271	40	nan
Pseudoalteromonas arctica	394751	S	276	307	583	0.00004	0.00002	0.00002	0.00002	40	nan
Pseudoalteromonas aliena	247523	S	157	160	317	0.00002	0.00001	0.00001	0.00001	40	nan
Pseudoalteromonas distincta	77608	S	138	193	331	0.00002	0.00001	0.00001	0.00001	40	nan
Shewanella sp. Scap07	2589987	S	181097	181722	362819	0.02435	0.01220	0.01141	0.01067	46	nan
Shewanella livingstonensis	150120	S	70233	71247	141480	0.00950	0.00478	0.00469	0.00435	43	nan
Thalassotalea sp. LPB0316	2769490	S	67113	67573	134686	0.00904	0.00454	0.00436	0.00407	42	nan
Thalassotalea piscium	1230533	S	46910	47163	94073	0.00631	0.00317	0.00327	0.00303	38	nan
Vibrio palustris	1918946	S	306412	308801	615213	0.04130	0.02073	0.01969	0.01843	43	nan
Vibrio sp. SCSIO 43137	3021011	S	286845	287801	574646	0.03857	0.01932	0.01810	0.01698	47	nan
Mannheimia pernigra	111844	S	233604	361416	595020	0.03994	0.02426	0.02500	0.02279	40	nan
Mannheimia haemolytica	75985	S	255	438	693	0.00005	0.00003	0.00000	0.00003	41	5.0
Mannheimia varigena	85404	S	224	235	459	0.00003	0.00002	0.00000	0.00001	41	5.0
Mannheimia bovis	2770636	S	150	169	319	0.00002	0.00001	0.00001	0.00001	40	nan
Mannheimia granulomatis	85402	S	147	148	295	0.00002	0.00001	0.00000	0.00001	40	5.0
Dyella sp. M7H15-1	2501295	S	249464	249676	499140	0.03350	0.01676	0.01657	0.01537	60	nan
Stenotrophomonas maltophilia	40324	S	100	215	315	0.00002	0.00001	0.00000	0.00002	67	4.0
Aeromonas allosaccharophila	656	S	105769	136681	242450	0.01627	0.00917	0.00872	0.00848	62	nan
Aeromonas sp. FDAARGOS 1410	2778059	S	60222	87142	147364	0.00989	0.00585	0.00582	0.00542	62	nan
Aeromonas veronii	654	S	1026	1340	2366	0.00016	0.00009	0.00010	0.00008	62	nan
Aeromonas jandaei	650	S	369	430	799	0.00005	0.00003	0.00003	0.00003	62	nan
Aeromonas hydrophila	644	S	255	344	599	0.00004	0.00002	0.00000	0.00002	63	5.0
Aeromonas salmonicida	645	S	203	286	489	0.00003	0.00002	0.00002	0.00002	61	nan
Aeromonas dhakensis	196024	S	106	151	257	0.00002	0.00001	0.00000	0.00001	64	5.0
Allochromatium tepidum	553982	S	217880	218107	435987	0.02926	0.01464	0.01568	0.01463	66	nan
Acinetobacter sp. MYb10	1827285	S	76789	102634	179423	0.01204	0.00689	0.00700	0.00658	39	nan
Aquirhabdus parva	2283318	S	64320	64355	128675	0.00864	0.00432	0.00408	0.00380	47	nan
Psychrobacter sp. DAB_AL43B	1028416	S	46317	46627	92944	0.00624	0.00313	0.00306	0.00285	44	nan
Psychrobacter sp. DAB_AL62B	1028420	S	492	507	999	0.00007	0.00003	0.00000	0.00003	36	5.0
Psychrobacter sp. P11F6	1699621	S	294	302	596	0.00004	0.00002	0.00000	0.00002	45	4.0
Psychrobacter sp. WB2	3043330	S	238	259	497	0.00003	0.00002	0.00000	0.00002	45	5.0
Psychrobacter sp. van23A	3064892	S	187	208	395	0.00003	0.00001	0.00000	0.00001	47	5.0
Psychrobacter sp. DAB_AL32B	1028414	S	128	129	257	0.00002	0.00001	0.00000	0.00001	39	4.0
Psychrobacter sp. P11G3	1699623	S	120	130	250	0.00002	0.00001	0.00000	0.00001	46	4.0
Psychrobacter sp. SC65A.3	2983299	S	108	162	270	0.00002	0.00001	0.00000	0.00001	45	5.0
Psychrobacter urativorans	45610	S	276	277	553	0.00004	0.00002	0.00000	0.00002	45	5.0
Psychrobacter arcticus	334543	S	238	239	477	0.00003	0.00002	0.00000	0.00001	45	4.0
Psychrobacter cryohalolentis	330922	S	135	163	298	0.00002	0.00001	0.00000	0.00001	44	4.0
Hydrogenovibrio crunogenus	39765	S	109919	110363	220282	0.01479	0.00741	0.00706	0.00664	44	nan
Methylomonas sp. UP202	3040943	S	65773	66361	132134	0.00887	0.00445	0.00428	0.00401	57	nan
Acidiphilium cryptum	524	S	178381	319052	497433	0.03339	0.02142	0.02435	0.02316	67	nan
Acidiphilium multivorum	62140	S	348	502	850	0.00006	0.00003	0.00000	0.00004	68	5.0
Acetobacter pasteurianus	438	S	81589	106914	188503	0.01265	0.00718	0.00000	0.00633	54	5.0
Acetobacter ascendens	481146	S	26241	27322	53563	0.00360	0.00183	0.00176	0.00162	54	nan
Acetobacter oryzoeni	2500548	S	10407	11870	22277	0.00150	0.00080	0.00076	0.00070	54	nan
Acetobacter ghanensis	431306	S	2578	2588	5166	0.00035	0.00017	0.00000	0.00016	59	5.0
Acetobacter oryzifermentans	1633874	S	2349	5204	7553	0.00051	0.00035	0.00033	0.00031	54	nan
Acetobacter persici	1076596	S	2069	2071	4140	0.00028	0.00014	0.00000	0.00013	58	5.0
Acetobacter vaccinii	2592655	S	1364	1368	2732	0.00018	0.00009	0.00000	0.00009	61	5.0
Acetobacter pomorum	65959	S	860	7022	7882	0.00053	0.00047	0.00044	0.00042	54	nan
Acetobacter tropicalis	104102	S	816	888	1704	0.00011	0.00006	0.00000	0.00005	58	5.0
Acetobacter aceti	435	S	589	592	1181	0.00008	0.00004	0.00000	0.00004	59	5.0
Acetobacter senegalensis	446692	S	586	631	1217	0.00008	0.00004	0.00000	0.00004	57	5.0
Komagataeibacter rhaeticus	215221	S	21755	22850	44605	0.00299	0.00153	0.00158	0.00151	65	nan
Komagataeibacter nataicola	265960	S	491	527	1018	0.00007	0.00004	0.00000	0.00003	65	4.0
Komagataeibacter oboediens	65958	S	464	506	970	0.00007	0.00003	0.00000	0.00003	63	4.0
Komagataeibacter europaeus	33995	S	141	152	293	0.00002	0.00001	0.00000	0.00001	64	4.0
Komagataeibacter saccharivorans	265959	S	136	140	276	0.00002	0.00001	0.00000	0.00001	63	4.0
Komagataeibacter xylinus	28448	S	127	138	265	0.00002	0.00001	0.00000	0.00001	64	4.0
Gluconobacter oxydans	442	S	137	178	315	0.00002	0.00001	0.00000	0.00001	62	4.0
Novacetimonas hansenii	436	S	226	226	452	0.00003	0.00002	0.00000	0.00001	62	4.0
Paracoccus sp. Arc7-R13	2500532	S	333877	377172	711049	0.04773	0.02532	0.02799	0.02678	67	nan
Paracoccus marcusii	59779	S	284	304	588	0.00004	0.00002	0.00002	0.00002	68	nan
Roseovarius sp. THAF9	2587847	S	41844	43686	85530	0.00574	0.00293	0.00298	0.00283	64	nan
Wolbachia endosymbiont (group A) of Bibio marci	2953987	S	76743	139711	216454	0.01453	0.00938	0.01021	0.00952	34	nan
Wolbachia endosymbiont (group B) of Parapoynx stratiotata	2954040	S	5159	58251	63410	0.00426	0.00391	0.00428	0.00399	34	nan
Wolbachia endosymbiont of Oedothorax gibbosus	931100	S	231	256	487	0.00003	0.00002	0.00002	0.00002	34	nan
Wolbachia endosymbiont of Trichogramma pretiosum	125593	S	138	145	283	0.00002	0.00001	0.00001	0.00001	33	nan
Wolbachia endosymbiont of Folsomia candida	169402	S	101	101	202	0.00001	0.00001	0.00000	0.00001	34	4.0
Neorickettsia risticii	950	S	33367	33420	66787	0.00448	0.00224	0.00217	0.00202	41	nan
Rickettsia typhi	785	S	95681	95860	191541	0.01286	0.00643	0.00862	0.00805	29	nan
Sphingomonas xanthus	2594473	S	263104	265237	528341	0.03546	0.01780	0.01901	0.01740	64	nan
Sphingomonas aliaeris	2759526	S	22948	23033	45981	0.00309	0.00155	0.00171	0.00154	65	nan
Labrenzia sp. VG12	2021862	S	178641	179313	357954	0.02403	0.01204	0.01199	0.01113	61	nan
Candidatus Fonsibacter ubiquis	1925548	S	19119	19119	38238	0.00257	0.00128	0.00171	0.00162	28	nan
Burkholderia stagnalis	1503054	S	156223	161959	318182	0.02136	0.01087	0.01267	0.01202	68	nan
Burkholderia ubonensis	101571	S	3812	4190	8002	0.00054	0.00028	0.00000	0.00031	68	5.0
Burkholderia cenocepacia	95486	S	1929	3133	5062	0.00034	0.00021	0.00000	0.00023	68	4.0
Burkholderia multivorans	87883	S	713	740	1453	0.00010	0.00005	0.00000	0.00005	68	4.0
Burkholderia cepacia	292	S	539	597	1136	0.00008	0.00004	0.00000	0.00004	68	5.0
Burkholderia vietnamiensis	60552	S	316	478	794	0.00005	0.00003	0.00000	0.00003	68	5.0
Burkholderia ambifaria	152480	S	270	300	570	0.00004	0.00002	0.00000	0.00002	68	5.0
Burkholderia pyrrocinia	60550	S	265	290	555	0.00004	0.00002	0.00000	0.00002	68	5.0
Burkholderia contaminans	488447	S	262	294	556	0.00004	0.00002	0.00000	0.00002	68	5.0
Burkholderia latens	488446	S	230	237	467	0.00003	0.00002	0.00000	0.00002	67	4.0
Burkholderia anthina	179879	S	202	228	430	0.00003	0.00002	0.00000	0.00002	68	5.0
Burkholderia lata	482957	S	168	200	368	0.00002	0.00001	0.00000	0.00001	68	5.0
Burkholderia territorii	1503055	S	125	134	259	0.00002	0.00001	0.00000	0.00001	67	4.0
Burkholderia stabilis	95485	S	118	136	254	0.00002	0.00001	0.00000	0.00001	67	5.0
Burkholderia pseudomultivorans	1207504	S	117	123	240	0.00002	0.00001	0.00000	0.00001	68	4.0
Burkholderia pseudomallei	28450	S	2351	2653	5004	0.00034	0.00018	0.00000	0.00020	68	4.0
Burkholderia thailandensis	57975	S	166	230	396	0.00003	0.00002	0.00000	0.00002	68	4.0
Burkholderia sp. MSMB1588	1636423	S	145	248	393	0.00003	0.00002	0.00000	0.00002	68	5.0
Burkholderia gladioli	28095	S	211	214	425	0.00003	0.00001	0.00000	0.00002	69	4.0
Burkholderia glumae	337	S	102	104	206	0.00001	0.00001	0.00000	0.00001	69	4.0
Cupriavidus sp. USMAHM13	1389192	S	135	439	574	0.00004	0.00003	0.00000	0.00003	69	5.0
Cupriavidus pauculus	82633	S	208	224	432	0.00003	0.00002	0.00000	0.00002	66	5.0
Cupriavidus necator	106590	S	161	222	383	0.00003	0.00001	0.00000	0.00002	66	4.0
Cupriavidus taiwanensis	164546	S	140	180	320	0.00002	0.00001	0.00000	0.00001	68	5.0
Cupriavidus basilensis	68895	S	110	123	233	0.00002	0.00001	0.00000	0.00001	66	4.0
Paraburkholderia sp. SUR17	3034358	S	190	220	410	0.00003	0.00001	0.00000	0.00001	66	4.0
Paraburkholderia sabiae	273251	S	117	263	380	0.00003	0.00002	0.00000	0.00002	62	4.0
Ralstonia pseudosolanacearum	1310165	S	318	473	791	0.00005	0.00003	0.00000	0.00003	68	5.0
Ralstonia mannitolilytica	105219	S	107	114	221	0.00001	0.00001	0.00000	0.00001	67	5.0
Ralstonia solanacearum	305	S	101	107	208	0.00001	0.00001	0.00000	0.00001	68	5.0
Pandoraea sp. NE5	2904129	S	149	206	355	0.00002	0.00001	0.00000	0.00001	64	5.0
Acidovorax sp. JMULE5	2518343	S	2673	3197	5870	0.00039	0.00021	0.00000	0.00022	66	4.0
Acidovorax sp. KKS102	358220	S	2403	3321	5724	0.00038	0.00022	0.00000	0.00023	67	4.0
Acidovorax sp. RAC01	1842533	S	1916	2424	4340	0.00029	0.00016	0.00000	0.00017	66	4.0
Acidovorax sp. 1608163	2478662	S	1242	1408	2650	0.00018	0.00009	0.00000	0.00009	66	4.0
Acidovorax sp. T1	1858609	S	1175	3007	4182	0.00028	0.00020	0.00000	0.00020	66	5.0
Acidovorax sp. HDW3	2714923	S	699	781	1480	0.00010	0.00005	0.00000	0.00005	67	5.0
Acidovorax sp. 5MLIR	2949090	S	496	572	1068	0.00007	0.00004	0.00000	0.00004	68	5.0
Acidovorax sp. NCPPB 3576	2940488	S	481	868	1349	0.00009	0.00006	0.00006	0.00006	68	nan
Acidovorax sp. GBBC 1281	2940492	S	318	1029	1347	0.00009	0.00007	0.00008	0.00007	68	nan
Acidovorax carolinensis	553814	S	1865	3489	5354	0.00036	0.00023	0.00000	0.00024	66	4.0
Acidovorax radicis	758826	S	1696	1897	3593	0.00024	0.00013	0.00000	0.00013	65	4.0
Acidovorax temperans	80878	S	929	1646	2575	0.00017	0.00011	0.00000	0.00011	66	4.0
Verminephrobacter eiseniae	364317	S	15243	15582	30825	0.00207	0.00105	0.00000	0.00107	66	5.0
Verminephrobacter aporrectodeae	1110389	S	442	442	884	0.00006	0.00003	0.00000	0.00003	55	4.0
Variovorax sp. PBL-H6	434009	S	462	1008	1470	0.00010	0.00007	0.00000	0.00007	66	5.0
Variovorax sp. PAMC26660	2762322	S	442	490	932	0.00006	0.00003	0.00000	0.00003	67	5.0
Variovorax sp. HW608	1034889	S	440	456	896	0.00006	0.00003	0.00000	0.00003	68	5.0
Variovorax sp. PAMC 28711	1795631	S	400	416	816	0.00005	0.00003	0.00000	0.00003	66	5.0
Variovorax sp. RKNM96	2681552	S	363	433	796	0.00005	0.00003	0.00003	0.00003	68	nan
Variovorax sp. RA8	662548	S	335	426	761	0.00005	0.00003	0.00003	0.00003	68	nan
Variovorax sp. WDL1	207745	S	297	493	790	0.00005	0.00003	0.00000	0.00003	66	5.0
Variovorax sp. PAMC28562	2762323	S	253	257	510	0.00003	0.00002	0.00000	0.00002	64	4.0
Variovorax sp. PBS-H4	434008	S	250	340	590	0.00004	0.00002	0.00002	0.00002	68	nan
Variovorax sp. 38R	2774875	S	200	359	559	0.00004	0.00002	0.00003	0.00003	68	nan
Variovorax sp. PBL-E5	434014	S	148	470	618	0.00004	0.00003	0.00000	0.00003	67	5.0
Variovorax sp. WS11	1105204	S	145	146	291	0.00002	0.00001	0.00000	0.00001	66	5.0
Variovorax sp. SRS16	282217	S	108	302	410	0.00003	0.00002	0.00000	0.00002	67	5.0
Variovorax paradoxus	34073	S	4011	5080	9091	0.00061	0.00034	0.00037	0.00036	68	nan
Variovorax boronicumulans	436515	S	323	613	936	0.00006	0.00004	0.00005	0.00004	68	nan
Comamonas sp. NLF-1-9	2853163	S	380	442	822	0.00006	0.00003	0.00003	0.00003	68	nan
Comamonas sp. ZM22	3046670	S	157	208	365	0.00002	0.00001	0.00000	0.00001	63	4.0
Comamonas sp. B21-038	2918299	S	151	179	330	0.00002	0.00001	0.00000	0.00001	66	4.0
Comamonas aquatica	225991	S	587	748	1335	0.00009	0.00005	0.00000	0.00005	67	5.0
Comamonas antarctica	2743470	S	560	692	1252	0.00008	0.00005	0.00005	0.00005	68	nan
Comamonas flocculans	2597701	S	392	562	954	0.00006	0.00004	0.00004	0.00004	68	nan
Comamonas terrigena	32013	S	297	322	619	0.00004	0.00002	0.00000	0.00002	67	5.0
Comamonas odontotermitis	379895	S	260	276	536	0.00004	0.00002	0.00000	0.00002	63	4.0
Comamonas serinivorans	1082851	S	213	225	438	0.00003	0.00002	0.00002	0.00002	70	nan
Comamonas kerstersii	225992	S	211	232	443	0.00003	0.00002	0.00000	0.00001	62	4.0
Comamonas testosteroni	285	S	189	841	1030	0.00007	0.00006	0.00000	0.00005	64	4.0
Comamonas piscis	1562974	S	158	172	330	0.00002	0.00001	0.00000	0.00001	64	4.0
Comamonas thiooxydans	363952	S	134	419	553	0.00004	0.00003	0.00000	0.00003	64	4.0
Hydrogenophaga sp. BPS33	2651974	S	352	465	817	0.00005	0.00003	0.00000	0.00003	67	5.0
Hydrogenophaga sp. YM1	2806262	S	348	432	780	0.00005	0.00003	0.00000	0.00003	70	5.0
Hydrogenophaga sp. SL48	2806347	S	347	418	765	0.00005	0.00003	0.00000	0.00003	68	5.0
Hydrogenophaga sp. PBC	795665	S	265	326	591	0.00004	0.00002	0.00003	0.00002	69	nan
Hydrogenophaga sp. RAC07	1842537	S	248	320	568	0.00004	0.00002	0.00000	0.00002	66	4.0
Hydrogenophaga sp. PAMC20947	2565558	S	186	196	382	0.00003	0.00001	0.00000	0.00001	63	3.0
Hydrogenophaga sp. PBL-H3	434010	S	169	278	447	0.00003	0.00002	0.00000	0.00002	67	5.0
Hydrogenophaga crocea	2716225	S	367	516	883	0.00006	0.00003	0.00000	0.00004	70	5.0
Hydrogenophaga taeniospiralis	65656	S	304	463	767	0.00005	0.00003	0.00000	0.00003	66	5.0
uncultured Hydrogenophaga sp.	199683	S	242	277	519	0.00003	0.00002	0.00002	0.00002	69	nan
Hydrogenophaga crassostreae	1763535	S	113	118	231	0.00002	0.00001	0.00000	0.00001	63	3.0
Diaphorobacter sp. Y-1	3036128	S	792	1426	2218	0.00015	0.00010	0.00000	0.00010	67	5.0
Diaphorobacter sp. HDW4A	2714924	S	303	429	732	0.00005	0.00003	0.00000	0.00003	63	4.0
Diaphorobacter sp. HDW4B	2714925	S	282	361	643	0.00004	0.00002	0.00000	0.00002	63	4.0
Diaphorobacter ruginosibacter	1715720	S	430	653	1083	0.00007	0.00004	0.00000	0.00004	66	4.0
Diaphorobacter aerolatus	1288495	S	359	753	1112	0.00007	0.00005	0.00000	0.00005	65	4.0
Rhodoferax sp. BAB1	2741720	S	363	417	780	0.00005	0.00003	0.00000	0.00003	67	5.0
Rhodoferax sp. AJA081-3	2752316	S	176	185	361	0.00002	0.00001	0.00000	0.00001	62	3.0
Rhodoferax sp. PAMC 29310	2822760	S	117	129	246	0.00002	0.00001	0.00000	0.00001	59	3.0
Rhodoferax koreense	1842727	S	576	644	1220	0.00008	0.00004	0.00000	0.00005	68	5.0
Rhodoferax sediminis	2509614	S	413	435	848	0.00006	0.00003	0.00000	0.00003	66	4.0
Rhodoferax saidenbachensis	1484693	S	285	310	595	0.00004	0.00002	0.00000	0.00002	63	4.0
Rhodoferax ferrireducens	192843	S	210	225	435	0.00003	0.00002	0.00000	0.00001	61	4.0
Rhodoferax antarcticus	81479	S	144	153	297	0.00002	0.00001	0.00000	0.00001	61	3.0
Rhodoferax aquaticus	2527691	S	139	153	292	0.00002	0.00001	0.00000	0.00001	59	4.0
Paracidovorax avenae	80867	S	882	4086	4968	0.00033	0.00027	0.00032	0.00030	69	nan
Paracidovorax citrulli	80869	S	333	584	917	0.00006	0.00004	0.00005	0.00004	70	nan
Paracidovorax cattleyae	80868	S	212	338	550	0.00004	0.00002	0.00000	0.00003	69	5.0
Delftia tsuruhatensis	180282	S	419	1254	1673	0.00011	0.00008	0.00010	0.00009	69	nan
Delftia acidovorans	80866	S	345	637	982	0.00007	0.00004	0.00005	0.00005	69	nan
Paenacidovorax monticola	1926868	S	1428	1692	3120	0.00021	0.00011	0.00015	0.00013	70	nan
Alicycliphilus denitrificans	179636	S	1373	2464	3837	0.00026	0.00017	0.00020	0.00018	69	nan
Melaminivora suipulveris	2109913	S	585	703	1288	0.00009	0.00005	0.00006	0.00005	69	nan
Melaminivora jejuensis	1267217	S	471	548	1019	0.00007	0.00004	0.00004	0.00004	69	nan
Ottowia sp. SB7-C50	3081231	S	267	354	621	0.00004	0.00002	0.00003	0.00003	68	nan
Ottowia sp. oral taxon 894	1658672	S	233	240	473	0.00003	0.00002	0.00000	0.00002	67	5.0
Ottowia testudinis	2816950	S	275	295	570	0.00004	0.00002	0.00000	0.00002	67	5.0
Ottowia oryzae	2109914	S	250	282	532	0.00004	0.00002	0.00002	0.00002	67	nan
Ramlibacter tataouinensis	94132	S	1013	1081	2094	0.00014	0.00007	0.00000	0.00008	70	5.0
Polaromonas sp. JS666	296591	S	297	535	832	0.00006	0.00004	0.00000	0.00003	63	4.0
Polaromonas naphthalenivorans	216465	S	349	365	714	0.00005	0.00002	0.00000	0.00002	64	4.0
Simplicispira suum	2109915	S	562	657	1219	0.00008	0.00004	0.00000	0.00004	64	4.0
Pulveribacter suum	2116657	S	467	530	997	0.00007	0.00004	0.00000	0.00004	70	5.0
Serpentinimonas maccroryi	1458426	S	191	242	433	0.00003	0.00002	0.00000	0.00002	67	5.0
Serpentinimonas raichei	1458425	S	177	204	381	0.00003	0.00001	0.00000	0.00001	67	5.0
Limnohabitans sp. 63ED37-2	1678128	S	168	221	389	0.00003	0.00001	0.00000	0.00001	62	4.0
Hylemonella gracilis	80880	S	320	330	650	0.00004	0.00002	0.00000	0.00002	67	4.0
Kinneretia sp. DAIF2	2714952	S	180	192	372	0.00002	0.00001	0.00000	0.00001	70	5.0
Curvibacter sp. AEP1-3	1844971	S	158	224	382	0.00003	0.00002	0.00000	0.00001	61	4.0
Candidatus Symbiobacter mobilis	1436290	S	136	136	272	0.00002	0.00001	0.00000	0.00001	62	4.0
Bordetella hinzii	103855	S	37802	38958	76760	0.00515	0.00262	0.00310	0.00281	68	nan
Advenella alkanexedens	1481665	S	31021	31357	62378	0.00419	0.00210	0.00200	0.00185	51	nan
Achromobacter sp. AONIH1	1758194	S	184	242	426	0.00003	0.00002	0.00000	0.00002	69	5.0
Achromobacter xylosoxidans	85698	S	270	473	743	0.00005	0.00003	0.00000	0.00003	68	5.0
Achromobacter denitrificans	32002	S	120	137	257	0.00002	0.00001	0.00000	0.00001	69	5.0
Achromobacter deleyi	1353891	S	100	163	263	0.00002	0.00001	0.00000	0.00001	68	5.0
Alcaligenes faecalis	511	S	165	198	363	0.00002	0.00001	0.00000	0.00001	58	4.0
Paenalcaligenes faecalis	2980099	S	117	118	235	0.00002	0.00001	0.00000	0.00001	46	4.0
Caldimonas thermodepolymerans	215580	S	119	144	263	0.00002	0.00001	0.00000	0.00001	71	4.0
Methylibium petroleiphilum	105560	S	121	173	294	0.00002	0.00001	0.00000	0.00001	70	5.0
Sphaerotilus sp. FB-5	2914710	S	125	135	260	0.00002	0.00001	0.00000	0.00001	70	4.0
Leptothrix cholodnii	34029	S	138	152	290	0.00002	0.00001	0.00000	0.00001	70	4.0
Aquincola tertiaricarbonis	391953	S	108	121	229	0.00002	0.00001	0.00000	0.00001	70	5.0
Piscinibacter sp. XHJ-5	3037797	S	102	105	207	0.00001	0.00001	0.00000	0.00001	69	4.0
uncultured Paucibacter sp.	398562	S	133	139	272	0.00002	0.00001	0.00000	0.00001	68	4.0
Xylophilus rhododendri	2697032	S	164	179	343	0.00002	0.00001	0.00000	0.00001	70	5.0
Xylophilus sp. GOD-11R	3089814	S	119	125	244	0.00002	0.00001	0.00001	0.00001	69	nan
Rhizobacter gummiphilus	946333	S	142	153	295	0.00002	0.00001	0.00000	0.00001	70	4.0
Neisseria subflava	28449	S	14976	17248	32224	0.00216	0.00116	0.00110	0.00103	52	nan
Neisseria sp. RH3002v2g	1871109	S	4925	6528	11453	0.00077	0.00044	0.00042	0.00039	51	nan
Neisseria sp. DTU_2021_1001991_1_SI_NGA_ILE_055	3077590	S	4871	6286	11157	0.00075	0.00042	0.00040	0.00037	53	nan
Neisseria sp. Marseille-Q5346	2972775	S	1546	1865	3411	0.00023	0.00013	0.00012	0.00011	53	nan
Neisseria sp. oral taxon 014	641148	S	156	161	317	0.00002	0.00001	0.00000	0.00001	54	5.0
Neisseria mucosa	488	S	5291	6293	11584	0.00078	0.00042	0.00042	0.00038	53	nan
Neisseria perflava	33053	S	1135	3729	4864	0.00033	0.00025	0.00024	0.00022	52	nan
Neisseria flavescens	484	S	743	835	1578	0.00011	0.00006	0.00000	0.00005	52	5.0
Neisseria meningitidis	487	S	639	814	1453	0.00010	0.00005	0.00000	0.00005	54	5.0
Neisseria elongata	495	S	291	297	588	0.00004	0.00002	0.00000	0.00002	57	4.0
Neisseria sicca	490	S	246	689	935	0.00006	0.00005	0.00004	0.00004	53	nan
Neisseria wadsworthii	607711	S	144	146	290	0.00002	0.00001	0.00000	0.00001	50	5.0
Neisseria gonorrhoeae	485	S	137	150	287	0.00002	0.00001	0.00000	0.00001	55	5.0
Neisseria lactamica	486	S	133	153	286	0.00002	0.00001	0.00000	0.00001	54	5.0
Neisseria macacae	496	S	121	137	258	0.00002	0.00001	0.00001	0.00001	55	nan
Neisseria cinerea	483	S	117	125	242	0.00002	0.00001	0.00000	0.00001	53	5.0
Methyloversatilis sp. RAC08	1842540	S	242	252	494	0.00003	0.00002	0.00000	0.00002	66	4.0
Aromatoleum bremense	76115	S	110	146	256	0.00002	0.00001	0.00000	0.00001	66	4.0
Lacticaseibacillus paracasei	1597	S	252530	263954	516484	0.03467	0.01772	0.01655	0.01547	47	nan
Lacticaseibacillus rhamnosus	47715	S	377	452	829	0.00006	0.00003	0.00003	0.00003	47	nan
Lacticaseibacillus casei	1582	S	222	2694	2916	0.00020	0.00018	0.00018	0.00016	47	nan
Limosilactobacillus pontis	35787	S	169009	170703	339712	0.02280	0.01146	0.01095	0.01028	57	nan
Levilactobacillus brevis	1580	S	203	215	418	0.00003	0.00001	0.00000	0.00001	47	4.0
Lactiplantibacillus plantarum	1590	S	167	264	431	0.00003	0.00002	0.00000	0.00002	46	5.0
Ligilactobacillus salivarius	1624	S	124	124	248	0.00002	0.00001	0.00000	0.00001	33	3.0
Aerococcus loyolae	2976809	S	404124	412009	816133	0.05478	0.02766	0.02697	0.02517	44	nan
Aerococcus mictus	2976810	S	10036	10893	20929	0.00140	0.00073	0.00000	0.00067	43	4.0
Aerococcus tenax	3078812	S	8211	8773	16984	0.00114	0.00059	0.00000	0.00054	43	5.0
Aerococcus urinae	1376	S	4567	4682	9249	0.00062	0.00031	0.00000	0.00028	44	5.0
Aerococcus sp. Group 1	2976812	S	1541	1651	3192	0.00021	0.00011	0.00000	0.00010	43	4.0
Aerococcus sanguinicola	119206	S	160	160	320	0.00002	0.00001	0.00000	0.00001	49	4.0
Streptococcus toyakuensis	2819619	S	123599	149100	272699	0.01830	0.01001	0.01003	0.00928	42	nan
Streptococcus suis	1307	S	356	570	926	0.00006	0.00004	0.00004	0.00004	42	nan
Streptococcus pneumoniae	1313	S	346	1013	1359	0.00009	0.00007	0.00007	0.00006	43	nan
Streptococcus oralis	1303	S	207	1061	1268	0.00009	0.00007	0.00007	0.00007	42	nan
Streptococcus mitis	28037	S	192	229	421	0.00003	0.00002	0.00001	0.00001	42	nan
Carnobacterium viridans	174587	S	117001	121212	238213	0.01599	0.00814	0.00901	0.00822	36	nan
Staphylococcus edaphicus	1955013	S	267571	270796	538367	0.03614	0.01818	0.02082	0.01926	34	nan
Staphylococcus epidermidis	1282	S	607	651	1258	0.00008	0.00004	0.00000	0.00005	33	5.0
Staphylococcus aureus	1280	S	116	339	455	0.00003	0.00002	0.00000	0.00002	34	4.0
Macrococcus armenti	2875764	S	35112	35999	71111	0.00477	0.00242	0.00263	0.00245	36	nan
Paenibacillus amylolyticus	1451	S	50947	61737	112684	0.00756	0.00414	0.00391	0.00364	47	nan
Paenibacillus barcinonensis	198119	S	41984	42595	84579	0.00568	0.00286	0.00000	0.00251	48	5.0
Paenibacillus sp. PK1-4R	3049075	S	7753	9839	17592	0.00118	0.00066	0.00062	0.00058	47	nan
Paenibacillus sp. DCT19	2211212	S	6075	6181	12256	0.00082	0.00041	0.00041	0.00037	46	nan
Paenibacillus sp. JNUCC-31	2777983	S	4096	4288	8384	0.00056	0.00029	0.00028	0.00025	47	nan
Paenibacillus sp. E222	2748863	S	2695	2988	5683	0.00038	0.00020	0.00019	0.00018	48	nan
Paenibacillus sp. BIC5C1	3078263	S	1946	2144	4090	0.00027	0.00014	0.00013	0.00013	48	nan
Paenibacillus sp. CC-CFT742	2926710	S	1167	1757	2924	0.00020	0.00012	0.00000	0.00010	48	5.0
Paenibacillus sp. DR312	2871175	S	535	5728	6263	0.00042	0.00038	0.00036	0.00034	47	nan
Paenibacillus sp. C31	3050112	S	512	516	1028	0.00007	0.00003	0.00000	0.00003	43	4.0
Paenibacillus sp. 37	2607911	S	416	2625	3041	0.00020	0.00018	0.00017	0.00016	47	nan
Paenibacillus sp. IHBB 10380	1566358	S	238	241	479	0.00003	0.00002	0.00000	0.00001	42	4.0
Paenibacillus sp. 19GGS1-52	2758563	S	216	217	433	0.00003	0.00001	0.00000	0.00001	48	5.0
Paenibacillus sp. FSL H7-0357	1536774	S	203	206	409	0.00003	0.00001	0.00000	0.00001	50	5.0
Paenibacillus sp. CAA11	1532905	S	197	199	396	0.00003	0.00001	0.00000	0.00001	50	5.0
Paenibacillus sp. FSL P4-0081	1536769	S	195	218	413	0.00003	0.00001	0.00000	0.00001	52	5.0
Paenibacillus sp. MMS20-IR301	2895946	S	193	195	388	0.00003	0.00001	0.00000	0.00001	54	5.0
Paenibacillus sp. YPG26	2878915	S	193	195	388	0.00003	0.00001	0.00000	0.00001	51	4.0
Paenibacillus sp. BIHB 4019	1870819	S	187	187	374	0.00003	0.00001	0.00000	0.00001	50	4.0
Paenibacillus sp. FSL R7-0273	1536772	S	183	187	370	0.00002	0.00001	0.00000	0.00001	53	4.0
Paenibacillus sp. JZ16	1906272	S	183	189	372	0.00002	0.00001	0.00000	0.00001	51	5.0
Paenibacillus sp. PK3_47	2072642	S	182	184	366	0.00002	0.00001	0.00000	0.00001	52	5.0
Paenibacillus sp. G2S3	3047872	S	166	184	350	0.00002	0.00001	0.00000	0.00001	45	4.0
Paenibacillus sp. FSL R5-0345	1536770	S	155	166	321	0.00002	0.00001	0.00000	0.00001	44	4.0
Paenibacillus sp. FSL R7-0331	1536773	S	154	157	311	0.00002	0.00001	0.00000	0.00001	53	4.0
Paenibacillus sp. SYP-B4298	2996034	S	128	128	256	0.00002	0.00001	0.00000	0.00001	56	4.0
Paenibacillus sp. 481	2835869	S	126	126	252	0.00002	0.00001	0.00000	0.00001	46	4.0
Paenibacillus sp. N3/727	2925845	S	124	148	272	0.00002	0.00001	0.00001	0.00001	46	nan
Paenibacillus sp. D2_2	3073092	S	117	118	235	0.00002	0.00001	0.00001	0.00001	46	nan
Paenibacillus sp. H1-7	2282849	S	100	100	200	0.00001	0.00001	0.00000	0.00001	52	4.0
Paenibacillus xylanexedens	528191	S	8315	11794	20109	0.00135	0.00079	0.00074	0.00070	47	nan
Paenibacillus pabuli	1472	S	2356	2505	4861	0.00033	0.00017	0.00016	0.00015	47	nan
Paenibacillus xylanilyticus	248903	S	1520	2293	3813	0.00026	0.00015	0.00000	0.00013	48	5.0
Paenibacillus marchantiae	3026433	S	1438	1614	3052	0.00020	0.00011	0.00010	0.00010	48	nan
Paenibacillus polymyxa	1406	S	728	2874	3602	0.00024	0.00019	0.00018	0.00017	47	nan
Paenibacillus lutimineralis	2707005	S	698	707	1405	0.00009	0.00005	0.00000	0.00004	49	5.0
Paenibacillus urinalis	521520	S	495	508	1003	0.00007	0.00003	0.00000	0.00003	47	5.0
Paenibacillus lentus	1338368	S	462	466	928	0.00006	0.00003	0.00000	0.00003	47	5.0
Paenibacillus woosongensis	307580	S	386	392	778	0.00005	0.00003	0.00000	0.00002	52	5.0
Paenibacillus bovis	1616788	S	322	325	647	0.00004	0.00002	0.00000	0.00002	50	5.0
Paenibacillus ihbetae	1870820	S	261	264	525	0.00004	0.00002	0.00000	0.00002	54	4.0
Paenibacillus odorifer	189426	S	247	252	499	0.00003	0.00002	0.00000	0.00002	45	4.0
Paenibacillus guangzhouensis	1473112	S	236	237	473	0.00003	0.00002	0.00000	0.00001	48	5.0
Paenibacillus riograndensis	483937	S	150	183	333	0.00002	0.00001	0.00000	0.00001	53	5.0
Paenibacillus dendritiformis	130049	S	192	201	393	0.00003	0.00001	0.00000	0.00001	57	5.0
Paenibacillus physcomitrellae	1619311	S	184	193	377	0.00003	0.00001	0.00000	0.00001	52	5.0
Paenibacillus crassostreae	1763538	S	177	178	355	0.00002	0.00001	0.00000	0.00001	39	4.0
Paenibacillus stellifer	169760	S	173	176	349	0.00002	0.00001	0.00000	0.00001	56	4.0
Paenibacillus tritici	1873425	S	166	168	334	0.00002	0.00001	0.00000	0.00001	54	4.0
Paenibacillus antarcticus	253703	S	163	164	327	0.00002	0.00001	0.00000	0.00001	41	4.0
Paenibacillus peoriae	59893	S	163	409	572	0.00004	0.00003	0.00003	0.00002	47	nan
Paenibacillus azoreducens	116718	S	160	161	321	0.00002	0.00001	0.00000	0.00001	50	5.0
Paenibacillus baekrokdamisoli	1712516	S	156	157	313	0.00002	0.00001	0.00000	0.00001	46	5.0
Paenibacillus brasilensis	128574	S	154	163	317	0.00002	0.00001	0.00001	0.00001	48	nan
Paenibacillus macerans	44252	S	143	143	286	0.00002	0.00001	0.00000	0.00001	55	4.0
Paenibacillus algicola	2565926	S	139	140	279	0.00002	0.00001	0.00000	0.00001	53	4.0
Paenibacillus thiaminolyticus	49283	S	139	145	284	0.00002	0.00001	0.00000	0.00001	57	4.0
Paenibacillus kribbensis	172713	S	137	142	279	0.00002	0.00001	0.00000	0.00001	48	5.0
Paenibacillus alvei	44250	S	137	138	275	0.00002	0.00001	0.00000	0.00001	49	5.0
Paenibacillus chitinolyticus	79263	S	137	137	274	0.00002	0.00001	0.00000	0.00001	54	4.0
Paenibacillus donghaensis	414771	S	137	138	275	0.00002	0.00001	0.00000	0.00001	53	4.0
Paenibacillus durus	44251	S	125	127	252	0.00002	0.00001	0.00000	0.00001	53	5.0
Paenibacillus uliginis	683737	S	124	147	271	0.00002	0.00001	0.00001	0.00001	47	nan
Paenibacillus elgii	189691	S	121	121	242	0.00002	0.00001	0.00000	0.00001	57	4.0
Paenibacillus cellulosilyticus	375489	S	106	106	212	0.00001	0.00001	0.00000	0.00001	52	4.0
Paenibacillus andongensis	2975482	S	103	103	206	0.00001	0.00001	0.00000	0.00001	45	4.0
Paenibacillus lautus	1401	S	102	137	239	0.00002	0.00001	0.00000	0.00001	50	5.0
Paenibacillus terrae	159743	S	101	112	213	0.00001	0.00001	0.00000	0.00001	48	5.0
Hydrogenibacillus sp. N12	2866627	S	12195	12221	24416	0.00164	0.00082	0.00096	0.00088	67	nan
Blautia luti	89014	S	297885	318358	616243	0.04136	0.02137	0.02060	0.01924	44	nan
Blautia wexlerae	418240	S	1575	1717	3292	0.00022	0.00012	0.00000	0.00011	43	4.0
Lachnoclostridium phocaeense	1871021	S	111001	114224	225225	0.01512	0.00767	0.00000	0.00682	53	5.0
[Clostridium] scindens	29347	S	753	763	1516	0.00010	0.00005	0.00000	0.00005	49	4.0
Enterocloster clostridioformis	1531	S	84638	86059	170697	0.01146	0.00578	0.00553	0.00512	51	nan
Enterocloster bolteae	208479	S	2415	2445	4860	0.00033	0.00016	0.00000	0.00014	52	5.0
Claveliimonas bilis	3028070	S	1284	1301	2585	0.00017	0.00009	0.00000	0.00008	46	4.0
Roseburia intestinalis	166486	S	558	613	1171	0.00008	0.00004	0.00000	0.00004	43	4.0
Roseburia hominis	301301	S	487	509	996	0.00007	0.00003	0.00003	0.00003	51	nan
Anaerostipes hadrus	649756	S	121	123	244	0.00002	0.00001	0.00000	0.00001	38	4.0
Flavonifractor plautii	292800	S	318167	324291	642458	0.04312	0.02177	0.02202	0.02109	64	nan
Lawsonibacter asaccharolyticus	2108523	S	6983	7179	14162	0.00095	0.00048	0.00000	0.00046	63	5.0
Oscillibacter hominis	2763056	S	4655	4751	9406	0.00063	0.00032	0.00000	0.00030	61	5.0
Faecalibacterium prausnitzii	853	S	1197	1528	2725	0.00018	0.00010	0.00000	0.00009	61	4.0
Faecalibacterium sp. I4-1-79	2929494	S	643	881	1524	0.00010	0.00006	0.00000	0.00005	59	5.0
Dysosmobacter welbionis	2093857	S	1996	2164	4160	0.00028	0.00015	0.00000	0.00014	63	5.0
Vescimonas fastidiosa	2714353	S	297	312	609	0.00004	0.00002	0.00000	0.00002	61	4.0
Vescimonas coprocola	2714355	S	150	160	310	0.00002	0.00001	0.00000	0.00001	63	4.0
Ruthenibacterium lactatiformans	1550024	S	353	358	711	0.00005	0.00002	0.00000	0.00002	59	5.0
Anaerotruncus colihominis	169435	S	176	187	363	0.00002	0.00001	0.00000	0.00001	56	5.0
Pusillibacter faecalis	2714358	S	123	126	249	0.00002	0.00001	0.00000	0.00001	56	4.0
Symbiobacterium thermophilum	2734	S	87107	87110	174217	0.01169	0.00585	0.00741	0.00665	70	nan
Romboutsia sp. CE17	2724150	S	49131	50575	99706	0.00669	0.00339	0.00478	0.00447	28	nan
Clostridioides difficile	1496	S	270	280	550	0.00004	0.00002	0.00000	0.00002	29	4.0
Intestinimonas butyriciproducens	1297617	S	1456	1464	2920	0.00020	0.00010	0.00000	0.00009	62	5.0
Massilistercora timonensis	2086584	S	359	374	733	0.00005	0.00003	0.00000	0.00002	54	5.0
Flintibacter sp. KGMB00164	2610895	S	105	105	210	0.00001	0.00001	0.00000	0.00001	61	4.0
Clostridium sp. M62/1	411486	S	273	308	581	0.00004	0.00002	0.00000	0.00002	53	4.0
Hungatella hathewayi	154046	S	136	139	275	0.00002	0.00001	0.00000	0.00001	51	5.0
Eubacterium callanderi	53442	S	668	669	1337	0.00009	0.00004	0.00000	0.00004	50	4.0
Maliibacterium massiliense	2086585	S	269	270	539	0.00004	0.00002	0.00000	0.00002	64	4.0
Corynebacterium pseudotuberculosis	1719	S	622349	625740	1248089	0.08378	0.04200	0.03911	0.03651	53	nan
Nocardia iowensis	204891	S	79730	79866	159596	0.01071	0.00536	0.00623	0.00564	68	nan
Homoserinibacter sp. YIM 151385	2985506	S	413878	414603	828481	0.05561	0.02783	0.03898	0.03825	73	nan
Paenarthrobacter sp. GOM3	2782567	S	145066	146143	291209	0.01955	0.00981	0.01032	0.00948	63	nan
Ruania zhangjianzhongii	2603206	S	66082	66125	132207	0.00887	0.00444	0.00558	0.00500	70	nan
Demequina sp. TMPB413	2881056	S	51912	51952	103864	0.00697	0.00349	0.00391	0.00355	66	nan
Streptomyces noursei	1971	S	161936	175203	337139	0.02263	0.01176	0.01667	0.01575	73	nan
Streptomyces roseirectus	2768066	S	105697	106760	212457	0.01426	0.00717	0.01006	0.00926	73	nan
Streptomyces parvus	66428	S	54299	58911	113210	0.00760	0.00395	0.00533	0.00510	72	nan
Streptomyces sampsonii	42239	S	21589	58254	79843	0.00536	0.00391	0.00594	0.00552	74	nan
Streptomyces subrutilus	36818	S	23285	23702	46987	0.00315	0.00159	0.00210	0.00230	74	nan
Amycolatopsis acidiphila	715473	S	120989	121164	242153	0.01625	0.00813	0.01072	0.00976	71	nan
Frankia sp. ArI3	1858	S	96458	97000	193458	0.01299	0.00651	0.00918	0.00885	73	nan
Micromonospora sp. HUAS 3	3028804	S	66881	67360	134241	0.00901	0.00452	0.00631	0.00623	73	nan
Aeromicrobium marinum	219314	S	66944	67053	133997	0.00899	0.00450	0.00602	0.00552	72	nan
Bifidobacterium breve	1685	S	363	749	1112	0.00007	0.00005	0.00000	0.00005	60	4.0
Bifidobacterium longum	216816	S	159	221	380	0.00003	0.00001	0.00000	0.00001	61	4.0
Spiroplasma culicicola	216935	S	44880	45022	89902	0.00603	0.00302	0.00464	0.00434	26	nan
Spiroplasma diminutum	216936	S	39532	39821	79353	0.00533	0.00267	0.00321	0.00407	23	nan
Mycoplasmoides gallisepticum	2096	S	44456	44816	89272	0.00599	0.00301	0.00364	0.00337	31	nan
Flavobacterium sp. KACC 22763	3025668	S	105026	109249	214275	0.01438	0.00733	0.00819	0.00763	34	nan
Flavobacterium sp. N3904	2986835	S	82188	82478	164666	0.01105	0.00554	0.00624	0.00577	35	nan
Flavobacterium litorale	2856519	S	180242	180455	360697	0.02421	0.01211	0.01263	0.01179	38	nan
Lutibacter profundi	1622118	S	78827	78897	157724	0.01059	0.00530	0.00690	0.00633	29	nan
Algibacter sp. L1A34	2686365	S	57066	57490	114556	0.00769	0.00386	0.00453	0.00419	32	nan
Chryseobacterium panacisoli	1807141	S	38924	39985	78909	0.00530	0.00268	0.00286	0.00266	38	nan
Chryseobacterium sp. MA9	2966625	S	12603	12962	25565	0.00172	0.00087	0.00098	0.00087	37	nan
Chryseobacterium sp. MEBOG07	2879939	S	3460	3497	6957	0.00047	0.00023	0.00027	0.00023	38	nan
Chryseobacterium sp. D764	2856522	S	2282	6279	8561	0.00057	0.00042	0.00046	0.00042	37	nan
Chryseobacterium sp. JV274	1932669	S	2059	5063	7122	0.00048	0.00034	0.00037	0.00034	37	nan
Chryseobacterium sp. StRB126	878220	S	1442	1461	2903	0.00019	0.00010	0.00000	0.00010	36	5.0
Chryseobacterium sp. MEBOG06	2879938	S	871	877	1748	0.00012	0.00006	0.00000	0.00006	37	5.0
Chryseobacterium sp. G0186	2487064	S	666	690	1356	0.00009	0.00005	0.00000	0.00005	37	5.0
Chryseobacterium sp. G0162	2487063	S	320	344	664	0.00004	0.00002	0.00000	0.00002	37	4.0
Chryseobacterium sp. T16E-39	2015076	S	254	255	509	0.00003	0.00002	0.00000	0.00002	35	4.0
Chryseobacterium sp. SG20098	3074145	S	253	485	738	0.00005	0.00003	0.00003	0.00003	37	nan
Chryseobacterium sp.	1871047	S	194	195	389	0.00003	0.00001	0.00000	0.00001	37	4.0
Chryseobacterium sp. PCH239	2825845	S	189	418	607	0.00004	0.00003	0.00003	0.00003	37	nan
Chryseobacterium sp. Y16C	2920939	S	182	190	372	0.00002	0.00001	0.00000	0.00001	36	5.0
Chryseobacterium sp. IHB B 17019	1721091	S	182	182	364	0.00002	0.00001	0.00000	0.00001	37	5.0
Chryseobacterium sp. MMS21-Ot14	2983606	S	180	180	360	0.00002	0.00001	0.00000	0.00001	40	4.0
Chryseobacterium sp. WX	3031803	S	168	375	543	0.00004	0.00003	0.00003	0.00002	38	nan
Chryseobacterium sp. G0201	2487065	S	151	152	303	0.00002	0.00001	0.00000	0.00001	35	4.0
Chryseobacterium sp. LJ668	2864040	S	115	115	230	0.00002	0.00001	0.00000	0.00001	36	4.0
Chryseobacterium sp. CY350	2997336	S	100	100	200	0.00001	0.00001	0.00000	0.00001	36	4.0
Chryseobacterium indologenes	253	S	5018	5151	10169	0.00068	0.00035	0.00036	0.00034	38	nan
Chryseobacterium gleum	250	S	611	658	1269	0.00009	0.00004	0.00005	0.00004	38	nan
Chryseobacterium aureum	2497456	S	503	508	1011	0.00007	0.00003	0.00000	0.00003	39	5.0
Chryseobacterium cucumeris	1813611	S	387	412	799	0.00005	0.00003	0.00000	0.00003	38	5.0
Chryseobacterium arthrosphaerae	651561	S	276	283	559	0.00004	0.00002	0.00000	0.00002	40	5.0
Chryseobacterium gallinarum	1324352	S	259	262	521	0.00003	0.00002	0.00000	0.00002	38	5.0
Chryseobacterium capnotolerans	2759528	S	178	181	359	0.00002	0.00001	0.00000	0.00001	36	4.0
Chryseobacterium lactis	1241981	S	134	140	274	0.00002	0.00001	0.00000	0.00001	37	4.0
Chryseobacterium joostei	112234	S	106	109	215	0.00001	0.00001	0.00000	0.00001	37	5.0
Empedobacter stercoris	1628248	S	12485	18766	31251	0.00210	0.00126	0.00154	0.00140	33	nan
Empedobacter falsenii	343874	S	1619	1997	3616	0.00024	0.00013	0.00016	0.00015	32	nan
Empedobacter brevis	247	S	117	118	235	0.00002	0.00001	0.00000	0.00001	33	5.0
Pedobacter endophyticus	2789740	S	352721	353050	705771	0.04737	0.02370	0.02311	0.02158	41	nan
Niabella ginsenosidivorans	1176587	S	53147	53156	106303	0.00714	0.00357	0.00337	0.00317	45	nan
Duncaniella dubosii	2518971	S	1452	1646	3098	0.00021	0.00011	0.00000	0.00010	51	5.0
Duncaniella freteri	2530391	S	930	1583	2513	0.00017	0.00011	0.00000	0.00009	48	5.0
Muribaculum intestinale	1796646	S	738	825	1563	0.00010	0.00006	0.00000	0.00005	52	5.0
Muribaculum gordoncarteri	2530390	S	494	607	1101	0.00007	0.00004	0.00000	0.00004	51	5.0
Paramuribaculum intestinale	2094151	S	534	612	1146	0.00008	0.00004	0.00000	0.00004	57	5.0
Prosthecochloris sp. GSB1	281093	S	192225	192311	384536	0.02581	0.01291	0.01245	0.01156	58	nan
Campylobacter lari	201	S	68393	69511	137904	0.00926	0.00467	0.00613	0.00562	28	nan
Campylobacter subantarcticus	497724	S	611	644	1255	0.00008	0.00004	0.00000	0.00005	30	4.0
Campylobacter peloridis	488546	S	606	650	1256	0.00008	0.00004	0.00000	0.00006	28	5.0
Campylobacter ornithocola	1848766	S	530	539	1069	0.00007	0.00004	0.00000	0.00004	29	5.0
Campylobacter armoricus	2505970	S	370	373	743	0.00005	0.00003	0.00000	0.00003	28	5.0
Campylobacter sp. 2014D-0216	1813595	S	151	160	311	0.00002	0.00001	0.00000	0.00001	31	4.0
Campylobacter jejuni	197	S	190	329	519	0.00003	0.00002	0.00000	0.00003	30	5.0
Arcobacter porcinus	1935204	S	54391	55883	110274	0.00740	0.00375	0.00570	0.00507	27	nan
Arcobacter aquimarinus	1315211	S	152	155	307	0.00002	0.00001	0.00000	0.00001	26	4.0
Aliarcobacter thereius	544718	S	5180	5343	10523	0.00071	0.00036	0.00047	0.00049	26	nan
Aliarcobacter cryaerophilus	28198	S	1866	1961	3827	0.00026	0.00013	0.00000	0.00018	27	5.0
Aliarcobacter skirrowii	28200	S	1568	1722	3290	0.00022	0.00012	0.00000	0.00015	27	5.0
Aliarcobacter butzleri	28197	S	909	933	1842	0.00012	0.00006	0.00000	0.00009	27	5.0
Aliarcobacter cibarius	255507	S	297	307	604	0.00004	0.00002	0.00000	0.00003	27	4.0
Aliarcobacter trophiarum	708186	S	153	154	307	0.00002	0.00001	0.00000	0.00001	29	4.0
Aliarcobacter lanthieri	1355374	S	146	146	292	0.00002	0.00001	0.00000	0.00001	27	4.0
Sulfurimonas marina	2590551	S	59173	59229	118402	0.00795	0.00398	0.00429	0.00394	37	nan
Geotalea daltonii	1203471	S	121486	121526	243012	0.01631	0.00816	0.00772	0.00720	55	nan
Borreliella americana	478807	S	28345	29599	57944	0.00389	0.00199	0.00287	0.00261	27	nan
Borreliella burgdorferi	139	S	2542	3168	5710	0.00038	0.00021	0.00028	0.00028	27	nan
Borreliella garinii	29519	S	530	663	1193	0.00008	0.00004	0.00006	0.00006	27	nan
Borreliella bissettiae	64897	S	353	431	784	0.00005	0.00003	0.00004	0.00004	28	nan
Borreliella finlandensis	498741	S	304	345	649	0.00004	0.00002	0.00003	0.00003	28	nan
Borreliella valaisiana	62088	S	278	298	576	0.00004	0.00002	0.00000	0.00003	26	5.0
Borreliella lanei	373540	S	278	297	575	0.00004	0.00002	0.00000	0.00003	27	5.0
Borreliella turdi	57863	S	257	262	519	0.00003	0.00002	0.00000	0.00002	28	4.0
Borreliella andersonii	42109	S	253	258	511	0.00003	0.00002	0.00000	0.00002	28	5.0
Borreliella mayonii	1674146	S	203	216	419	0.00003	0.00001	0.00002	0.00002	26	nan
Borreliella californiensis	373543	S	189	198	387	0.00003	0.00001	0.00000	0.00002	28	5.0
Borreliella spielmanii	88916	S	162	164	326	0.00002	0.00001	0.00000	0.00002	26	5.0
Borreliella bavariensis	664662	S	154	261	415	0.00003	0.00002	0.00002	0.00002	27	nan
Borreliella lusitaniae	100177	S	152	154	306	0.00002	0.00001	0.00000	0.00001	28	4.0
Borreliella tanukii	56146	S	150	154	304	0.00002	0.00001	0.00000	0.00001	27	4.0
Borreliella afzelii	29518	S	131	137	268	0.00002	0.00001	0.00000	0.00001	27	4.0
Borreliella yangtzensis	683292	S	130	133	263	0.00002	0.00001	0.00000	0.00001	27	4.0
Borreliella kurtenbachii	1196056	S	116	128	244	0.00002	0.00001	0.00000	0.00001	27	5.0
Borreliella japonica	34095	S	110	111	221	0.00001	0.00001	0.00000	0.00001	27	5.0
Borreliella carolinensis	478174	S	105	131	236	0.00002	0.00001	0.00001	0.00001	27	nan
Chloracidobacterium sp. D	2821536	S	19859	34428	54287	0.00364	0.00231	0.00235	0.00219	62	nan
Chloracidobacterium aggregatum	2851959	S	103	118	221	0.00001	0.00001	0.00001	0.00001	63	nan
Homo sapiens	9606	S	297	297	594	0.00004	0.00002	0.00000	0.00002	38	4.0
