name	taxonomy_id	taxonomy_lvl	kraken_assigned_reads	added_reads	new_est_reads	fraction_total_reads	Bracken_estimate	GuaCAMOLE_estimate	GuaCAMOLE_est_eff	GC content	Taxon Removal Cycle
Cytobacillus kochii	859143	S	1122906	1130030	2252936	0.15519	0.07784	0.07714	0.07152	36	nan
Cytobacillus firmus	1399	S	1261	1297	2558	0.00018	0.00009	0.00000	0.00007	42	4.0
Cytobacillus oceanisediminis	665099	S	297	660	957	0.00007	0.00005	0.00000	0.00004	40	3.0
Cytobacillus pseudoceanisediminis	3051614	S	237	703	940	0.00006	0.00005	0.00000	0.00004	42	4.0
Cytobacillus solani	1637975	S	144	145	289	0.00002	0.00001	0.00000	0.00001	37	4.0
Fervidibacillus halotolerans	2980027	S	892617	899743	1792360	0.12346	0.06198	0.05844	0.05555	38	nan
Lysinibacillus fusiformis	28031	S	311913	320963	632876	0.04359	0.02211	0.02134	0.01999	38	nan
Lysinibacillus sp. SGAir0095	2070463	S	463	468	931	0.00006	0.00003	0.00000	0.00003	38	4.0
Lysinibacillus sp. Ag94	2936682	S	158	159	317	0.00002	0.00001	0.00000	0.00001	37	3.0
Lysinibacillus sp. PLM2	2929796	S	135	136	271	0.00002	0.00001	0.00000	0.00001	35	4.0
Lysinibacillus agricola	2590012	S	597	602	1199	0.00008	0.00004	0.00000	0.00004	37	5.0
Lysinibacillus louembei	1470088	S	235	236	471	0.00003	0.00002	0.00000	0.00001	40	4.0
Lysinibacillus capsici	2115968	S	146	303	449	0.00003	0.00002	0.00000	0.00002	38	4.0
Lysinibacillus sphaericus	1421	S	136	159	295	0.00002	0.00001	0.00000	0.00001	37	4.0
Bacillus cereus	1396	S	830	3378	4208	0.00029	0.00023	0.00000	0.00022	35	5.0
Bacillus thuringiensis	1428	S	242	667	909	0.00006	0.00005	0.00000	0.00004	35	5.0
Bacillus mycoides	1405	S	241	308	549	0.00004	0.00002	0.00000	0.00002	35	5.0
Bacillus pseudomycoides	64104	S	171	173	344	0.00002	0.00001	0.00000	0.00001	35	3.0
Bacillus velezensis	492670	S	151	554	705	0.00005	0.00004	0.00000	0.00003	47	4.0
Bacillus subtilis	1423	S	222	650	872	0.00006	0.00004	0.00000	0.00004	42	4.0
Bacillus licheniformis	1402	S	219	680	899	0.00006	0.00005	0.00000	0.00004	46	4.0
Bacillus badius	1455	S	1047	1059	2106	0.00015	0.00007	0.00000	0.00006	44	4.0
Bacillus sp. OxB-1	98228	S	220	254	474	0.00003	0.00002	0.00000	0.00001	49	4.0
Bacillus sp. CMF12	2884834	S	145	714	859	0.00006	0.00005	0.00000	0.00004	38	3.0
Bacillus methanolicus	1471	S	223	225	448	0.00003	0.00002	0.00000	0.00001	38	4.0
Bacillus gobiensis	1441095	S	183	183	366	0.00003	0.00001	0.00000	0.00001	41	4.0
Bacillus arachidis	2819290	S	142	144	286	0.00002	0.00001	0.00000	0.00001	36	4.0
Bacillus pumilus	1408	S	118	119	237	0.00002	0.00001	0.00000	0.00001	42	3.0
Peribacillus frigoritolerans	450367	S	935	996	1931	0.00013	0.00007	0.00000	0.00006	41	4.0
Peribacillus asahii	228899	S	747	756	1503	0.00010	0.00005	0.00000	0.00005	38	4.0
Peribacillus butanolivorans	421767	S	145	190	335	0.00002	0.00001	0.00000	0.00001	39	3.0
Virgibacillus halodenitrificans	1482	S	1256	1504	2760	0.00019	0.00010	0.00000	0.00009	37	5.0
Rossellomorea vietnamensis	218284	S	1008	1021	2029	0.00014	0.00007	0.00000	0.00006	45	4.0
Niallia circulans	1397	S	532	535	1067	0.00007	0.00004	0.00000	0.00003	36	4.0
Niallia sp. RD1	2962858	S	340	350	690	0.00005	0.00002	0.00000	0.00002	36	5.0
Neobacillus sp. Marseille-Q6967	2963105	S	120	134	254	0.00002	0.00001	0.00000	0.00001	39	3.0
Neobacillus mesonae	1193713	S	167	171	338	0.00002	0.00001	0.00000	0.00001	41	3.0
Salipaludibacillus sp. LMS25	2924031	S	727	728	1455	0.00010	0.00005	0.00000	0.00004	39	4.0
Anaerobacillus isosaccharinicus	1532552	S	610	613	1223	0.00008	0.00004	0.00000	0.00004	36	4.0
Mesobacillus jeotgali	129985	S	197	312	509	0.00004	0.00002	0.00000	0.00002	44	4.0
Priestia megaterium	1404	S	169	251	420	0.00003	0.00002	0.00000	0.00002	38	4.0
Sutcliffiella horikoshii	79883	S	321	340	661	0.00005	0.00002	0.00000	0.00002	40	4.0
Terribacillus sp. DMT04	2850441	S	306	307	613	0.00004	0.00002	0.00000	0.00002	43	4.0
Halobacillus shinanisalinarum	2932258	S	223	223	446	0.00003	0.00002	0.00000	0.00001	41	3.0
Oceanobacillus iheyensis	182710	S	162	199	361	0.00002	0.00001	0.00000	0.00001	38	4.0
Salimicrobium jeotgali	1230341	S	285	285	570	0.00004	0.00002	0.00000	0.00002	48	4.0
Heyndrickxia oleronia	38875	S	126	162	288	0.00002	0.00001	0.00000	0.00001	35	3.0
Pradoshia sp. D12	2651284	S	173	173	346	0.00002	0.00001	0.00000	0.00001	39	4.0
Salicibibacter cibarius	2743000	S	107	121	228	0.00002	0.00001	0.00000	0.00001	46	3.0
Ectobacillus sp. JY-23	2933872	S	100	100	200	0.00001	0.00001	0.00000	0.00001	40	3.0
Paenibacillus sp. B01	2660554	S	335717	347711	683428	0.04708	0.02395	0.02172	0.02071	65	nan
Hydrogenibacillus sp. N12	2866627	S	179897	180084	359981	0.02480	0.01240	0.01175	0.01137	67	nan
Macrococcus bohemicus	1903056	S	1069	1131	2200	0.00015	0.00008	0.00000	0.00008	35	5.0
Staphylococcus aureus	1280	S	131	323	454	0.00003	0.00002	0.00000	0.00002	33	4.0
Listeria innocua	1642	S	300	305	605	0.00004	0.00002	0.00000	0.00002	37	4.0
Listeria monocytogenes	1639	S	134	154	288	0.00002	0.00001	0.00000	0.00001	38	4.0
Melissococcus plutonius	33970	S	366342	367159	733501	0.05053	0.02529	0.02928	0.02805	33	nan
Enterococcus sp. FZMF	3050383	S	66278	160358	226636	0.01561	0.01105	0.00956	0.00908	44	nan
Enterococcus casseliflavus	37734	S	783	1231	2014	0.00014	0.00008	0.00007	0.00007	44	nan
Enterococcus faecalis	1351	S	189	319	508	0.00003	0.00002	0.00000	0.00002	38	4.0
Jeotgalibaca sp. PTS2502	1903686	S	130873	148565	279438	0.01925	0.01023	0.00952	0.00907	39	nan
[Clostridium] colinum	36835	S	761130	761560	1522690	0.10489	0.05246	0.07315	0.07735	26	nan
Peptostreptococcus sp. CBA3647	3003601	S	137473	137664	275137	0.01895	0.00948	0.01142	0.01088	30	nan
Microbacterium atlanticum	2782168	S	201173	208098	409271	0.02819	0.01433	0.01575	0.01539	71	nan
Microbacterium sp. 1S1	2606451	S	113	395	508	0.00003	0.00003	0.00000	0.00003	70	4.0
Microbacterium oleivorans	273677	S	246	255	501	0.00003	0.00002	0.00000	0.00002	70	5.0
Microbacterium oxydans	82380	S	143	201	344	0.00002	0.00001	0.00000	0.00001	70	5.0
Microbacterium esteraromaticum	57043	S	142	147	289	0.00002	0.00001	0.00000	0.00001	69	5.0
Microbacterium luteum	2782167	S	141	163	304	0.00002	0.00001	0.00000	0.00001	70	4.0
Microbacterium protaetiae	2509458	S	134	139	273	0.00002	0.00001	0.00000	0.00001	69	5.0
Microbacterium terricola	344163	S	109	112	221	0.00002	0.00001	0.00000	0.00001	70	4.0
Curtobacterium sp. MCSS17_015	2175666	S	135151	141573	276724	0.01906	0.00975	0.01104	0.01079	72	nan
Curtobacterium flaccumfaciens	2035	S	129	179	308	0.00002	0.00001	0.00000	0.00001	72	4.0
Leucobacter tenebrionis	2873270	S	173	202	375	0.00003	0.00001	0.00000	0.00001	70	5.0
Agromyces protaetiae	2509455	S	120	152	272	0.00002	0.00001	0.00000	0.00001	71	4.0
Leifsonia xyli	1575	S	106	108	214	0.00001	0.00001	0.00000	0.00001	69	5.0
Frondihabitans sp. 762G35	1446794	S	121	124	245	0.00002	0.00001	0.00000	0.00001	71	4.0
Aurantimicrobium photophilum	1987356	S	119	144	263	0.00002	0.00001	0.00000	0.00001	56	4.0
Microterricola viridarii	412690	S	104	106	210	0.00001	0.00001	0.00000	0.00001	69	4.0
Austwickia chelonae	100225	S	302451	307583	610034	0.04202	0.02119	0.00000	0.01775	66	5.0
Gephyromycinifex aptenodytis	2716227	S	2034	2078	4112	0.00028	0.00014	0.00000	0.00013	68	4.0
Dermatophilus congolensis	1863	S	613	625	1238	0.00009	0.00004	0.00000	0.00003	59	4.0
Arthrobacter sp. ATA002	2991715	S	149	610	759	0.00005	0.00004	0.00000	0.00004	67	5.0
Arthrobacter sp. NEB 688	904039	S	148	168	316	0.00002	0.00001	0.00000	0.00001	75	5.0
Arthrobacter crystallopoietes	37928	S	150	210	360	0.00002	0.00001	0.00000	0.00001	65	5.0
Arthrobacter alpinus	656366	S	127	404	531	0.00004	0.00003	0.00000	0.00002	62	4.0
Arthrobacter sulfonylureivorans	2486855	S	126	156	282	0.00002	0.00001	0.00000	0.00001	66	5.0
Arthrobacter agilis	37921	S	121	147	268	0.00002	0.00001	0.00000	0.00001	70	4.0
Arthrobacter koreensis	199136	S	117	160	277	0.00002	0.00001	0.00000	0.00001	66	5.0
Arthrobacter polaris	2813727	S	115	138	253	0.00002	0.00001	0.00000	0.00001	60	4.0
Arthrobacter oryzae	409290	S	109	227	336	0.00002	0.00002	0.00002	0.00001	67	nan
Arthrobacter caoxuetaonis	2886935	S	104	131	235	0.00002	0.00001	0.00000	0.00001	66	5.0
Kocuria flava	446860	S	132	330	462	0.00003	0.00002	0.00000	0.00003	73	5.0
Kocuria palustris	71999	S	119	281	400	0.00003	0.00002	0.00000	0.00002	70	5.0
Micrococcus porci	2856555	S	136	308	444	0.00003	0.00002	0.00000	0.00003	73	5.0
Rothia kristinae	37923	S	232	412	644	0.00004	0.00003	0.00000	0.00003	71	5.0
Rothia mucilaginosa	43675	S	122	173	295	0.00002	0.00001	0.00000	0.00001	61	4.0
Paenarthrobacter sp. JL.01a	2979324	S	101	494	595	0.00004	0.00003	0.00000	0.00003	64	5.0
Citricoccus sp. SGAir0253	2567881	S	104	186	290	0.00002	0.00001	0.00000	0.00001	73	5.0
Paeniglutamicibacter sp. ZC-3	2986919	S	140	234	374	0.00003	0.00002	0.00002	0.00001	66	nan
Janibacter melonis	262209	S	414	468	882	0.00006	0.00003	0.00000	0.00004	74	5.0
Janibacter sp. CX7	2963431	S	130	276	406	0.00003	0.00002	0.00000	0.00002	72	4.0
Janibacter limosus	53458	S	275	346	621	0.00004	0.00002	0.00000	0.00003	71	4.0
Janibacter cremeus	1285192	S	185	470	655	0.00005	0.00003	0.00000	0.00004	72	4.0
Arsenicicoccus sp. oral taxon 190	1658671	S	1048	1205	2253	0.00016	0.00008	0.00000	0.00010	73	5.0
Phycicoccus endophyticus	1690220	S	404	471	875	0.00006	0.00003	0.00000	0.00004	74	4.0
Phycicoccus sp. HDW14	2714941	S	269	331	600	0.00004	0.00002	0.00000	0.00003	74	4.0
Intrasporangium calvum	53358	S	515	549	1064	0.00007	0.00004	0.00000	0.00004	72	5.0
Pedococcus dokdonensis	443156	S	491	559	1050	0.00007	0.00004	0.00000	0.00004	72	5.0
Tetrasphaera sp. HKS02	1813880	S	216	240	456	0.00003	0.00002	0.00000	0.00002	72	4.0
Ornithinimicrobium sp. HY006	2508882	S	350	449	799	0.00006	0.00003	0.00000	0.00003	72	4.0
Ornithinimicrobium sp. HY1793	2934158	S	241	256	497	0.00003	0.00002	0.00000	0.00002	70	4.0
Ornithinimicrobium flavum	1288636	S	398	520	918	0.00006	0.00004	0.00000	0.00004	73	4.0
Ornithinimicrobium cryptoxanthini	2934161	S	305	328	633	0.00004	0.00002	0.00000	0.00002	70	5.0
Ornithinimicrobium ciconiae	2594265	S	294	316	610	0.00004	0.00002	0.00000	0.00002	70	5.0
Ornithinimicrobium pratense	2593973	S	237	277	514	0.00004	0.00002	0.00000	0.00002	72	5.0
Ornithinimicrobium avium	2283195	S	127	139	266	0.00002	0.00001	0.00000	0.00001	74	4.0
Serinicoccus profundi	1078471	S	284	345	629	0.00004	0.00002	0.00000	0.00003	72	5.0
Serinicoccus marinus	247333	S	190	285	475	0.00003	0.00002	0.00000	0.00002	73	4.0
Serinicoccus chungangensis	767452	S	190	233	423	0.00003	0.00002	0.00000	0.00002	73	4.0
Serinicoccus hydrothermalis	1758689	S	157	236	393	0.00003	0.00002	0.00000	0.00002	73	4.0
Cellulomonas sp. NS3	2973977	S	135	161	296	0.00002	0.00001	0.00000	0.00002	75	4.0
Cellulomonas sp. ES6	3039384	S	112	161	273	0.00002	0.00001	0.00000	0.00002	76	4.0
Cellulomonas fengjieae	2819978	S	140	172	312	0.00002	0.00001	0.00000	0.00001	74	4.0
Cellulomonas taurus	2729175	S	129	148	277	0.00002	0.00001	0.00000	0.00001	73	4.0
Cellulomonas chengniuliangii	2968084	S	115	141	256	0.00002	0.00001	0.00000	0.00001	74	4.0
Cellulomonas shaoxiangyii	2566013	S	110	168	278	0.00002	0.00001	0.00000	0.00002	75	4.0
Paraoerskovia sediminicola	1138587	S	108	119	227	0.00002	0.00001	0.00000	0.00001	73	4.0
Paraoerskovia marina	545619	S	105	114	219	0.00002	0.00001	0.00000	0.00001	72	4.0
Dermacoccus sp. PAMC28757	2762331	S	279	344	623	0.00004	0.00002	0.00000	0.00002	69	4.0
Dermacoccus nishinomiyaensis	1274	S	201	252	453	0.00003	0.00002	0.00000	0.00002	70	5.0
Yimella sp. cx-51	2770551	S	461	485	946	0.00007	0.00003	0.00000	0.00003	67	5.0
Allobranchiibius sp. GilTou73	2904523	S	359	379	738	0.00005	0.00003	0.00000	0.00003	71	5.0
Luteipulveratus mongoliensis	571913	S	288	300	588	0.00004	0.00002	0.00000	0.00002	69	4.0
Barrientosiimonas endolithica	1535208	S	227	325	552	0.00004	0.00002	0.00000	0.00003	73	4.0
Brachybacterium huguangmaarense	1652028	S	256	364	620	0.00004	0.00003	0.00000	0.00003	73	5.0
Brachybacterium avium	2017485	S	127	207	334	0.00002	0.00001	0.00000	0.00002	71	4.0
Devriesea agamarum	472569	S	123	125	248	0.00002	0.00001	0.00000	0.00001	61	4.0
Helcobacillus massiliensis	521392	S	106	116	222	0.00002	0.00001	0.00000	0.00001	69	5.0
Brevibacterium casei	33889	S	122	367	489	0.00003	0.00003	0.00000	0.00002	69	5.0
Brevibacterium sandarakinum	629680	S	119	179	298	0.00002	0.00001	0.00000	0.00001	65	5.0
Brevibacterium luteolum	199591	S	105	127	232	0.00002	0.00001	0.00001	0.00001	68	nan
Xylanimonas cellulosilytica	186189	S	142	157	299	0.00002	0.00001	0.00000	0.00001	73	4.0
Xylanimonas allomyrinae	2509459	S	108	120	228	0.00002	0.00001	0.00000	0.00001	72	4.0
Georgenia sp. TF02-10	2917725	S	206	232	438	0.00003	0.00002	0.00000	0.00002	74	5.0
Georgenia wutianyii	2585135	S	155	167	322	0.00002	0.00001	0.00000	0.00001	74	4.0
Georgenia yuyongxinii	2589797	S	138	144	282	0.00002	0.00001	0.00000	0.00001	72	4.0
Ruania zhangjianzhongii	2603206	S	174	177	351	0.00002	0.00001	0.00000	0.00001	70	5.0
Ruania halotolerans	2897773	S	131	132	263	0.00002	0.00001	0.00000	0.00001	68	4.0
Kytococcus sedentarius	1276	S	217	242	459	0.00003	0.00002	0.00000	0.00002	73	4.0
Sanguibacter sp. HDW7	2714931	S	121	149	270	0.00002	0.00001	0.00000	0.00001	74	4.0
Pengzhenrongella sicca	2819238	S	125	132	257	0.00002	0.00001	0.00000	0.00001	73	4.0
Miniimonas sp. S16	2171623	S	106	149	255	0.00002	0.00001	0.00000	0.00001	73	5.0
Jonesia denitrificans	43674	S	105	111	216	0.00001	0.00001	0.00000	0.00001	58	4.0
Streptomyces cyaneogriseus	68192	S	162452	187506	349958	0.02411	0.01292	0.01591	0.01602	74	nan
Streptomyces sp. S8	1837283	S	14357	19229	33586	0.00231	0.00132	0.00160	0.00158	73	nan
Streptomyces sp. 769	1262452	S	4414	8499	12913	0.00089	0.00059	0.00069	0.00069	73	nan
Streptomyces sp. BHT-5-2	2866715	S	4275	4605	8880	0.00061	0.00032	0.00037	0.00037	72	nan
Streptomyces sp. WZ-12	3030210	S	2340	2461	4801	0.00033	0.00017	0.00019	0.00019	72	nan
Streptomyces sp. A1-5	2738410	S	2301	6103	8404	0.00058	0.00042	0.00052	0.00051	73	nan
Streptomyces sp. GS7	2692234	S	1840	1951	3791	0.00026	0.00013	0.00016	0.00015	73	nan
Streptomyces sp. S4.7	2705439	S	267	287	554	0.00004	0.00002	0.00000	0.00002	71	5.0
Streptomyces sp. TYQ1024	2762559	S	262	70483	70745	0.00487	0.00486	0.00641	0.00602	74	nan
Streptomyces sp. 2323.1	1938841	S	242	279	521	0.00004	0.00002	0.00002	0.00002	71	nan
Streptomyces sp. So13.3	2136173	S	230	236	466	0.00003	0.00002	0.00000	0.00002	71	5.0
Streptomyces sp. MBT27	1488356	S	222	234	456	0.00003	0.00002	0.00002	0.00002	72	nan
Streptomyces sp. SAT1	1849967	S	214	230	444	0.00003	0.00002	0.00000	0.00002	74	5.0
Streptomyces sp. NA04227	2742136	S	207	215	422	0.00003	0.00001	0.00002	0.00002	72	nan
Streptomyces sp. MST-110588	2833628	S	191	198	389	0.00003	0.00001	0.00002	0.00002	72	nan
Streptomyces sp. YIM 121038	2136401	S	184	194	378	0.00003	0.00001	0.00002	0.00002	73	nan
Streptomyces sp. 11x1	3038642	S	173	194	367	0.00003	0.00001	0.00000	0.00001	71	5.0
Streptomyces sp. TLI_053	1855352	S	171	178	349	0.00002	0.00001	0.00000	0.00002	74	5.0
Streptomyces sp. LX-29	2900152	S	171	179	350	0.00002	0.00001	0.00000	0.00002	73	5.0
Streptomyces sp. SirexAA-E	862751	S	167	182	349	0.00002	0.00001	0.00002	0.00001	73	nan
Streptomyces sp. HUAS 5	3031124	S	160	171	331	0.00002	0.00001	0.00001	0.00001	72	nan
Streptomyces sp. GMY02	1333528	S	154	158	312	0.00002	0.00001	0.00001	0.00001	71	nan
Streptomyces sp. XD-27	3062779	S	154	162	316	0.00002	0.00001	0.00000	0.00001	73	5.0
Streptomyces sp. Mut1	3033811	S	153	165	318	0.00002	0.00001	0.00001	0.00001	72	nan
Streptomyces sp. PBH53	1577075	S	153	417	570	0.00004	0.00003	0.00004	0.00003	73	nan
Streptomyces sp. ST1015	1848900	S	149	155	304	0.00002	0.00001	0.00001	0.00001	72	nan
Streptomyces sp. S1D4-11	2721246	S	149	220	369	0.00003	0.00002	0.00000	0.00002	71	5.0
Streptomyces sp. 891-h	2720714	S	149	152	301	0.00002	0.00001	0.00001	0.00001	71	nan
Streptomyces sp. HSG2	2797167	S	148	152	300	0.00002	0.00001	0.00000	0.00001	73	5.0
Streptomyces sp. QHH-9511	2684468	S	145	153	298	0.00002	0.00001	0.00001	0.00001	72	nan
Streptomyces sp. C8S0	2585716	S	144	151	295	0.00002	0.00001	0.00000	0.00001	73	5.0
Streptomyces sp. SN-593	659352	S	142	145	287	0.00002	0.00001	0.00000	0.00001	74	5.0
Streptomyces sp. ITFR-21	3075199	S	141	145	286	0.00002	0.00001	0.00000	0.00001	72	5.0
Streptomyces sp. MA3_2.13	2867410	S	138	139	277	0.00002	0.00001	0.00000	0.00001	72	5.0
Streptomyces sp. HUAS 2-6	3004093	S	138	153	291	0.00002	0.00001	0.00001	0.00001	72	nan
Streptomyces sp. 135	2838850	S	138	150	288	0.00002	0.00001	0.00001	0.00001	72	nan
Streptomyces sp. VNUA116	3062449	S	138	145	283	0.00002	0.00001	0.00001	0.00001	73	nan
Streptomyces sp. DSM 40750	2801030	S	135	158	293	0.00002	0.00001	0.00000	0.00001	71	5.0
Streptomyces sp. NA02950	2742137	S	132	137	269	0.00002	0.00001	0.00001	0.00001	72	nan
Streptomyces sp. FXJ1.172	710705	S	127	140	267	0.00002	0.00001	0.00001	0.00001	71	nan
Streptomyces sp. HUAS 31	3020055	S	125	151	276	0.00002	0.00001	0.00000	0.00001	72	5.0
Streptomyces sp. CMB-StM0423	2059884	S	124	164	288	0.00002	0.00001	0.00000	0.00001	73	5.0
Streptomyces sp. M92	2944250	S	123	141	264	0.00002	0.00001	0.00001	0.00001	72	nan
Streptomyces sp. CB01881	2078691	S	121	125	246	0.00002	0.00001	0.00000	0.00001	73	5.0
Streptomyces sp. SM18	1736046	S	121	130	251	0.00002	0.00001	0.00001	0.00001	72	nan
Streptomyces sp. DSM 40868	2721173	S	119	132	251	0.00002	0.00001	0.00001	0.00001	72	nan
Streptomyces sp. SCUT-3	2684469	S	119	124	243	0.00002	0.00001	0.00000	0.00001	74	4.0
Streptomyces sp. S063	2005885	S	109	158	267	0.00002	0.00001	0.00001	0.00001	73	nan
Streptomyces sp. Caat 7-52	2949637	S	107	118	225	0.00002	0.00001	0.00001	0.00001	72	nan
Streptomyces sp. GQFP	2907545	S	107	111	218	0.00002	0.00001	0.00000	0.00001	71	5.0
Streptomyces sp. SUK 48	2582831	S	106	134	240	0.00002	0.00001	0.00001	0.00001	73	nan
Streptomyces sp. SCSIO ZS0520	2892996	S	105	109	214	0.00001	0.00001	0.00000	0.00001	74	5.0
Streptomyces sp. Z423-1	2730915	S	104	112	216	0.00001	0.00001	0.00001	0.00001	72	nan
Streptomyces sp. A2-16	2781734	S	103	112	215	0.00001	0.00001	0.00000	0.00001	71	5.0
Streptomyces sp. T12	477697	S	102	112	214	0.00001	0.00001	0.00000	0.00001	71	5.0
Streptomyces noursei	1971	S	6284	7164	13448	0.00093	0.00049	0.00059	0.00059	73	nan
Streptomyces yunnanensis	156453	S	4061	8106	12167	0.00084	0.00056	0.00067	0.00067	73	nan
Streptomyces mobaraensis	35621	S	3348	53936	57284	0.00395	0.00372	0.00492	0.00462	74	nan
Streptomyces gilvosporeus	553510	S	935	968	1903	0.00013	0.00007	0.00007	0.00007	71	nan
Streptomyces aurantiacus	47760	S	236	244	480	0.00003	0.00002	0.00000	0.00002	71	5.0
Streptomyces cadmiisoli	2184053	S	174	180	354	0.00002	0.00001	0.00001	0.00001	71	nan
Streptomyces phaeoluteigriseus	114686	S	119	126	245	0.00002	0.00001	0.00001	0.00001	73	nan
Streptomyces alboniger	132473	S	116	123	239	0.00002	0.00001	0.00001	0.00001	72	nan
Streptomyces halobius	2879846	S	574	587	1161	0.00008	0.00004	0.00000	0.00004	70	5.0
Streptomyces venezuelae	54571	S	560	594	1154	0.00008	0.00004	0.00005	0.00005	72	nan
Streptomyces graminofaciens	68212	S	210	219	429	0.00003	0.00002	0.00000	0.00002	71	5.0
Streptomyces anulatus	1892	S	118	158	276	0.00002	0.00001	0.00001	0.00001	73	nan
Streptomyces griseus	1911	S	101	111	212	0.00001	0.00001	0.00001	0.00001	73	nan
Streptomyces lydicus	47763	S	521	627	1148	0.00008	0.00004	0.00005	0.00005	72	nan
Streptomyces rapamycinicus	1226757	S	216	228	444	0.00003	0.00002	0.00002	0.00002	71	nan
Streptomyces hygroscopicus	1912	S	195	275	470	0.00003	0.00002	0.00002	0.00002	72	nan
Streptomyces olivoreticuli	68246	S	503	522	1025	0.00007	0.00004	0.00004	0.00004	72	nan
Streptomyces inhibens	2293571	S	443	463	906	0.00006	0.00003	0.00000	0.00003	71	5.0
Streptomyces nigrescens	1920	S	401	588	989	0.00007	0.00004	0.00005	0.00005	72	nan
Streptomyces angustmyceticus	285578	S	306	324	630	0.00004	0.00002	0.00003	0.00003	73	nan
Streptomyces rimosus	1927	S	279	403	682	0.00005	0.00003	0.00004	0.00003	73	nan
Streptomyces albus	1888	S	246	250	496	0.00003	0.00002	0.00000	0.00002	73	5.0
Streptomyces platensis	58346	S	242	285	527	0.00004	0.00002	0.00002	0.00002	72	nan
Streptomyces marincola	2878388	S	215	217	432	0.00003	0.00002	0.00000	0.00002	74	5.0
Streptomyces tsukubensis	83656	S	213	218	431	0.00003	0.00002	0.00002	0.00002	72	nan
Streptomyces griseoviridis	45398	S	208	216	424	0.00003	0.00001	0.00000	0.00002	73	5.0
Streptomyces griseochromogenes	68214	S	197	207	404	0.00003	0.00001	0.00002	0.00002	71	nan
Streptomyces hundungensis	1077946	S	196	203	399	0.00003	0.00001	0.00002	0.00002	72	nan
Streptomyces auratus	114687	S	195	221	416	0.00003	0.00002	0.00002	0.00002	72	nan
Streptomyces collinus	42684	S	190	210	400	0.00003	0.00001	0.00002	0.00002	73	nan
Streptomyces clavuligerus	1901	S	188	192	380	0.00003	0.00001	0.00000	0.00002	73	5.0
Streptomyces longhuiensis	2880933	S	183	188	371	0.00003	0.00001	0.00000	0.00001	71	5.0
Streptomyces coeruleorubidus	116188	S	178	196	374	0.00003	0.00001	0.00001	0.00001	72	nan
Streptomyces roseochromogenus	285450	S	176	185	361	0.00002	0.00001	0.00000	0.00001	71	5.0
Streptomyces seoulensis	73044	S	175	184	359	0.00002	0.00001	0.00002	0.00001	73	nan
Streptomyces tubercidicus	47759	S	175	187	362	0.00002	0.00001	0.00000	0.00001	71	5.0
Streptomyces cynarae	2981134	S	168	174	342	0.00002	0.00001	0.00000	0.00001	71	5.0
Streptomyces decoyicus	249567	S	167	185	352	0.00002	0.00001	0.00000	0.00001	71	5.0
Streptomyces formicae	1616117	S	162	171	333	0.00002	0.00001	0.00001	0.00001	72	nan
Streptomyces ferrugineus	1413221	S	160	169	329	0.00002	0.00001	0.00001	0.00001	72	nan
Streptomyces buecherae	2763006	S	160	168	328	0.00002	0.00001	0.00002	0.00001	73	nan
Streptomyces chartreusis	1969	S	156	177	333	0.00002	0.00001	0.00000	0.00001	72	5.0
Streptomyces nitrosporeus	28894	S	156	161	317	0.00002	0.00001	0.00001	0.00001	72	nan
Streptomyces nodosus	40318	S	155	160	315	0.00002	0.00001	0.00001	0.00001	71	nan
Streptomyces chromofuscus	42881	S	154	163	317	0.00002	0.00001	0.00001	0.00001	72	nan
Streptomyces ficellus	1977088	S	154	161	315	0.00002	0.00001	0.00000	0.00001	73	5.0
Streptomyces katrae	68223	S	154	161	315	0.00002	0.00001	0.00002	0.00001	73	nan
Streptomyces aureoverticillatus	66871	S	152	157	309	0.00002	0.00001	0.00001	0.00001	72	nan
Streptomyces endophytica	2991496	S	146	171	317	0.00002	0.00001	0.00001	0.00001	73	nan
Streptomyces rectiverticillatus	173860	S	145	151	296	0.00002	0.00001	0.00001	0.00001	73	nan
Streptomyces flavofungini	68200	S	144	153	297	0.00002	0.00001	0.00001	0.00001	73	nan
Streptomyces roseicoloratus	2508722	S	141	148	289	0.00002	0.00001	0.00001	0.00001	73	nan
Streptomyces broussonetiae	2686304	S	141	149	290	0.00002	0.00001	0.00001	0.00001	72	nan
Streptomyces niveus	193462	S	139	144	283	0.00002	0.00001	0.00000	0.00001	71	5.0
Streptomyces spongiicola	1690221	S	139	144	283	0.00002	0.00001	0.00001	0.00001	73	nan
Streptomyces griseocarneus	51201	S	134	139	273	0.00002	0.00001	0.00001	0.00001	73	nan
Streptomyces luteoverticillatus	66425	S	127	132	259	0.00002	0.00001	0.00001	0.00001	73	nan
Streptomyces bathyalis	2710756	S	125	126	251	0.00002	0.00001	0.00000	0.00001	70	5.0
Streptomyces libani	68043	S	125	381	506	0.00003	0.00003	0.00003	0.00003	73	nan
Streptomyces asoensis	249586	S	123	129	252	0.00002	0.00001	0.00001	0.00001	72	nan
Streptomyces lydicamycinicus	1546107	S	122	137	259	0.00002	0.00001	0.00001	0.00001	72	nan
Streptomyces alboflavus	67267	S	122	128	250	0.00002	0.00001	0.00001	0.00001	73	nan
Streptomyces gobiensis	2875706	S	117	119	236	0.00002	0.00001	0.00000	0.00001	70	5.0
Streptomyces phaeolivaceus	2653200	S	116	122	238	0.00002	0.00001	0.00000	0.00001	72	5.0
Streptomyces kanamyceticus	1967	S	114	120	234	0.00002	0.00001	0.00001	0.00001	72	nan
Streptomyces nigra	1827580	S	114	121	235	0.00002	0.00001	0.00001	0.00001	72	nan
Streptomyces ambofaciens	1889	S	114	122	236	0.00002	0.00001	0.00001	0.00001	73	nan
Streptomyces paludis	2282738	S	114	116	230	0.00002	0.00001	0.00001	0.00001	72	nan
Streptomyces atratus	1893	S	112	115	227	0.00002	0.00001	0.00000	0.00001	70	4.0
Streptomyces akebiae	2865673	S	112	121	233	0.00002	0.00001	0.00000	0.00001	71	5.0
Streptomyces peucetius	1950	S	108	112	220	0.00002	0.00001	0.00001	0.00001	71	nan
Streptomyces tubbatahanensis	2923272	S	106	107	213	0.00001	0.00001	0.00000	0.00001	72	5.0
Streptomyces caniscabiei	2746961	S	106	129	235	0.00002	0.00001	0.00001	0.00001	72	nan
Streptomyces capitiformicae	2014920	S	105	108	213	0.00001	0.00001	0.00000	0.00001	70	4.0
Streptomyces cinnabarinus	67287	S	101	108	209	0.00001	0.00001	0.00000	0.00001	72	5.0
Streptacidiphilus sp. P02-A3a	2704468	S	108	116	224	0.00002	0.00001	0.00000	0.00001	73	5.0
Yinghuangia sp. ASG 101	2896848	S	129	131	260	0.00002	0.00001	0.00000	0.00001	72	4.0
Actinacidiphila bryophytorum	1436133	S	118	121	239	0.00002	0.00001	0.00000	0.00001	73	4.0
Peterkaempfera bronchialis	2126346	S	117	120	237	0.00002	0.00001	0.00000	0.00001	73	4.0
Microlunatus phosphovorus	29405	S	259143	263931	523074	0.03603	0.01818	0.01710	0.01659	68	nan
Microlunatus elymi	2596828	S	158	158	316	0.00002	0.00001	0.00000	0.00001	67	5.0
Microlunatus soli	630515	S	150	151	301	0.00002	0.00001	0.00000	0.00001	68	5.0
Microlunatus sagamiharensis	546874	S	110	112	222	0.00002	0.00001	0.00000	0.00001	74	4.0
Tessaracoccus defluvii	1285901	S	243	276	519	0.00004	0.00002	0.00000	0.00002	70	5.0
Tessaracoccus palaemonis	2829499	S	188	322	510	0.00004	0.00002	0.00000	0.00002	70	4.0
Tessaracoccus sp. MC1865	2760310	S	124	129	253	0.00002	0.00001	0.00000	0.00001	69	5.0
Tessaracoccus flavus	1610493	S	103	115	218	0.00002	0.00001	0.00000	0.00001	68	5.0
Cutibacterium avidum	33010	S	280	309	589	0.00004	0.00002	0.00000	0.00002	64	4.0
Cutibacterium equinum	3016342	S	158	162	320	0.00002	0.00001	0.00000	0.00001	64	4.0
Cutibacterium granulosum	33011	S	150	158	308	0.00002	0.00001	0.00000	0.00001	65	4.0
Propioniciclava coleopterorum	2714937	S	287	344	631	0.00004	0.00002	0.00000	0.00003	73	5.0
Propioniciclava sp. MC1595	2760308	S	196	218	414	0.00003	0.00002	0.00000	0.00002	72	5.0
Acidipropionibacterium jensenii	1749	S	210	259	469	0.00003	0.00002	0.00000	0.00002	69	5.0
Acidipropionibacterium acidipropionici	1748	S	119	138	257	0.00002	0.00001	0.00000	0.00001	70	5.0
Acidipropionibacterium virtanenii	2057246	S	104	109	213	0.00001	0.00001	0.00000	0.00001	70	5.0
Raineyella sp. W15-4	3081651	S	179	226	405	0.00003	0.00002	0.00000	0.00002	71	5.0
Raineyella sp. LH-20	3081204	S	105	141	246	0.00002	0.00001	0.00000	0.00001	71	4.0
Arachnia propionica	1750	S	186	191	377	0.00003	0.00001	0.00000	0.00001	67	5.0
Arachnia rubra	1547448	S	106	111	217	0.00001	0.00001	0.00000	0.00001	65	4.0
Propionibacterium australiense	119981	S	134	159	293	0.00002	0.00001	0.00000	0.00001	69	5.0
Propionimicrobium sp. PCR01-08-3	3052086	S	142	144	286	0.00002	0.00001	0.00000	0.00001	64	4.0
Nocardioides sp. QY071	3044187	S	169	278	447	0.00003	0.00002	0.00000	0.00002	73	4.0
Nocardioides sp. JQ2195	2592334	S	147	164	311	0.00002	0.00001	0.00000	0.00001	70	4.0
Nocardioides sp. Arc9.136	2996826	S	127	194	321	0.00002	0.00001	0.00000	0.00002	73	4.0
Nocardioides sp. HDW12B	2714939	S	106	124	230	0.00002	0.00001	0.00000	0.00001	74	4.0
Nocardioides sp. WS12	2486272	S	105	118	223	0.00002	0.00001	0.00000	0.00001	69	5.0
Nocardioides rotundus	1774216	S	195	245	440	0.00003	0.00002	0.00000	0.00002	72	5.0
Nocardioides pantholopis	2483798	S	167	222	389	0.00003	0.00002	0.00000	0.00002	73	5.0
Nocardioides daphniae	402297	S	157	222	379	0.00003	0.00002	0.00000	0.00002	71	5.0
Nocardioides yefusunii	2500546	S	155	183	338	0.00002	0.00001	0.00000	0.00001	70	4.0
Nocardioides euryhalodurans	2518370	S	138	164	302	0.00002	0.00001	0.00000	0.00001	72	5.0
Nocardioides piscis	2714938	S	128	220	348	0.00002	0.00002	0.00000	0.00002	71	5.0
Nocardioides panacisoli	627624	S	115	125	240	0.00002	0.00001	0.00000	0.00001	72	4.0
Aeromicrobium sp. A1-2	2107713	S	135	159	294	0.00002	0.00001	0.00000	0.00001	69	5.0
Aeromicrobium sp. HA	3009077	S	118	228	346	0.00002	0.00002	0.00000	0.00002	72	4.0
Pimelobacter simplex	2045	S	153	270	423	0.00003	0.00002	0.00000	0.00002	73	4.0
Micropruina glycogenica	75385	S	121	124	245	0.00002	0.00001	0.00001	0.00001	69	nan
Mumia sp. ZJ1417	2708082	S	121	127	248	0.00002	0.00001	0.00000	0.00001	71	4.0
Friedmanniella luteola	546871	S	113	116	229	0.00002	0.00001	0.00000	0.00001	74	4.0
Kribbella sp. CA-293567	3002436	S	149	160	309	0.00002	0.00001	0.00000	0.00001	69	4.0
Kribbella flavida	182640	S	104	110	214	0.00001	0.00001	0.00000	0.00001	71	4.0
Actinopolymorpha singaporensis	117157	S	104	104	208	0.00001	0.00001	0.00000	0.00001	71	4.0
Micromonospora coxensis	356852	S	167716	174287	342003	0.02356	0.01201	0.01464	0.01558	74	nan
Micromonospora sp. WMMD1155	3016094	S	100	233	333	0.00002	0.00002	0.00000	0.00002	71	4.0
Actinoplanes sp. OR16	946334	S	108	223	331	0.00002	0.00002	0.00000	0.00002	71	4.0
Actinoplanes sp. N902-109	649831	S	104	141	245	0.00002	0.00001	0.00000	0.00001	72	5.0
Actinoplanes derwentensis	113562	S	141	155	296	0.00002	0.00001	0.00000	0.00001	70	5.0
Actinoplanes ianthinogenes	122358	S	104	163	267	0.00002	0.00001	0.00000	0.00001	73	5.0
Plantactinospora sp. KBS50	2024580	S	102	168	270	0.00002	0.00001	0.00000	0.00001	73	4.0
Phytohabitans suffuscus	624315	S	176	177	353	0.00002	0.00001	0.00000	0.00001	73	4.0
Catellatospora sp. IY07-71	2728827	S	137	139	276	0.00002	0.00001	0.00000	0.00001	73	4.0
Gordonia sp. L191	2982699	S	32119	37144	69263	0.00477	0.00256	0.00238	0.00231	68	nan
Gordonia rubripertincta	36822	S	137	186	323	0.00002	0.00001	0.00001	0.00001	68	nan
Gordonia terrae	2055	S	101	111	212	0.00001	0.00001	0.00000	0.00001	68	5.0
Mycolicibacterium fortuitum	1766	S	109	533	642	0.00004	0.00004	0.00004	0.00003	67	nan
Mycolicibacterium smegmatis	1772	S	104	413	517	0.00004	0.00003	0.00000	0.00003	67	5.0
Mycobacteroides abscessus	36809	S	131	301	432	0.00003	0.00002	0.00000	0.00002	65	5.0
Mycobacteroides chelonae	1774	S	100	284	384	0.00003	0.00002	0.00000	0.00002	65	5.0
Mycolicibacillus koreensis	1069220	S	139	394	533	0.00004	0.00003	0.00003	0.00003	67	nan
Corynebacterium vitaeruminis	38305	S	445	752	1197	0.00008	0.00005	0.00000	0.00004	67	4.0
Corynebacterium sp. SCR221107	3017361	S	254	505	759	0.00005	0.00003	0.00000	0.00003	62	4.0
Corynebacterium glucuronolyticum	39791	S	148	357	505	0.00003	0.00002	0.00000	0.00002	62	4.0
Corynebacterium ureicelerivorans	401472	S	127	324	451	0.00003	0.00002	0.00000	0.00002	66	4.0
Corynebacterium glyciniphilum	1404244	S	108	124	232	0.00002	0.00001	0.00000	0.00001	65	4.0
Rhodococcus sp. X156	2499145	S	100	203	303	0.00002	0.00001	0.00000	0.00002	73	4.0
Rhodococcus fascians	1828	S	168	200	368	0.00003	0.00001	0.00000	0.00001	65	4.0
Rhodococcus opacus	37919	S	149	643	792	0.00005	0.00004	0.00000	0.00004	69	5.0
Rhodococcus kroppenstedtii	293050	S	105	512	617	0.00004	0.00004	0.00000	0.00003	70	5.0
Nocardia asteroides	1824	S	186	277	463	0.00003	0.00002	0.00000	0.00002	71	4.0
Nocardia wallacei	480035	S	150	273	423	0.00003	0.00002	0.00000	0.00002	70	4.0
Nocardia brasiliensis	37326	S	133	167	300	0.00002	0.00001	0.00000	0.00001	69	5.0
Nocardia terpenica	455432	S	108	123	231	0.00002	0.00001	0.00001	0.00001	70	nan
Tsukamurella tyrosinosolvens	57704	S	112	160	272	0.00002	0.00001	0.00000	0.00001	72	4.0
Segniliparus rotundus	286802	S	102	102	204	0.00001	0.00001	0.00000	0.00001	67	4.0
Amycolatopsis sp. CA-230715	2745196	S	100	413	513	0.00004	0.00003	0.00000	0.00003	71	5.0
Pseudonocardia sp. HH130629-09	1641402	S	117	292	409	0.00003	0.00002	0.00000	0.00003	74	4.0
Saccharopolyspora gregorii	33914	S	138	250	388	0.00003	0.00002	0.00000	0.00002	73	5.0
Allosaccharopolyspora coralli	2665642	S	114	241	355	0.00002	0.00002	0.00000	0.00002	70	5.0
Actinomyces sp. Chiba101	1851395	S	141	232	373	0.00003	0.00002	0.00000	0.00002	72	4.0
Actinomyces capricornis	2755559	S	183	192	375	0.00003	0.00001	0.00000	0.00002	72	5.0
Actinomyces oris	544580	S	174	595	769	0.00005	0.00004	0.00000	0.00004	70	5.0
Actinomyces naeslundii	1655	S	146	192	338	0.00002	0.00001	0.00000	0.00001	69	5.0
Actinomyces massiliensis	461393	S	141	161	302	0.00002	0.00001	0.00000	0.00001	69	5.0
Actinomyces lilanjuaniae	2321394	S	140	160	300	0.00002	0.00001	0.00000	0.00001	70	4.0
Actinomyces wuliandei	2057743	S	107	123	230	0.00002	0.00001	0.00000	0.00001	71	5.0
Actinomyces marmotae	2737173	S	107	134	241	0.00002	0.00001	0.00000	0.00001	72	4.0
Actinomyces slackii	52774	S	105	109	214	0.00001	0.00001	0.00000	0.00001	71	4.0
Actinomyces urogenitalis	103621	S	102	118	220	0.00002	0.00001	0.00000	0.00001	69	5.0
Trueperella pyogenes	1661	S	100	108	208	0.00001	0.00001	0.00000	0.00001	61	4.0
Changpingibacter yushuensis	2758440	S	113	123	236	0.00002	0.00001	0.00000	0.00001	58	4.0
Nocardiopsis alba	53437	S	144	229	373	0.00003	0.00002	0.00000	0.00002	70	4.0
Nocardiopsis exhalans	163604	S	109	160	269	0.00002	0.00001	0.00000	0.00001	71	5.0
Streptomonospora nanhaiensis	1323731	S	114	150	264	0.00002	0.00001	0.00000	0.00001	73	4.0
Nonomuraea gerenzanensis	93944	S	137	169	306	0.00002	0.00001	0.00000	0.00001	73	5.0
Streptosporangium roseum	2001	S	111	121	232	0.00002	0.00001	0.00000	0.00001	72	5.0
Thermobispora bispora	2006	S	106	109	215	0.00001	0.00001	0.00000	0.00001	73	5.0
Geodermatophilus obscurus	1861	S	130	134	264	0.00002	0.00001	0.00000	0.00001	75	4.0
Stackebrandtia nassauensis	283811	S	245	247	492	0.00003	0.00002	0.00000	0.00002	68	4.0
Nakamurella sp. PAMC28650	2762325	S	108	108	216	0.00001	0.00001	0.00000	0.00001	68	4.0
Nakamurella multipartita	53461	S	105	106	211	0.00001	0.00001	0.00000	0.00001	72	4.0
Jiangella sp. DSM 45060	1798224	S	151	171	322	0.00002	0.00001	0.00000	0.00001	73	4.0
Paulownia witches'-broom phytoplasma	39647	S	68780	85664	154444	0.01064	0.00590	0.00727	0.00793	27	nan
Aster yellows witches'-broom phytoplasma	229545	S	17448	17627	35075	0.00242	0.00121	0.00187	0.00170	26	nan
Mulberry dwarf phytoplasma	186171	S	446	643	1089	0.00008	0.00004	0.00000	0.00006	28	5.0
Maize bushy stunt phytoplasma	202462	S	290	509	799	0.00006	0.00004	0.00000	0.00005	29	5.0
'Catharanthus roseus' aster yellows phytoplasma	1193712	S	276	501	777	0.00005	0.00003	0.00000	0.00004	27	5.0
Candidatus Phytoplasma tritici	321961	S	105	105	210	0.00001	0.00001	0.00000	0.00001	22	3.0
Candidatus Phytoplasma rubi	399025	S	601	606	1207	0.00008	0.00004	0.00000	0.00008	25	4.0
Mycoplasma sp. 3686d	2967300	S	3143	21601	24744	0.00170	0.00149	0.00196	0.00179	28	nan
Rickettsia prowazekii	782	S	1466801	1469911	2936712	0.20229	0.10125	0.12548	0.12159	28	nan
Ehrlichia ruminantium	779	S	111936	112014	223950	0.01543	0.00772	0.00958	0.00997	29	nan
Wolbachia endosymbiont (group A) of Sphecodes monilicornis	2954060	S	3523	63747	67270	0.00463	0.00439	0.00437	0.00416	36	nan
Wolbachia endosymbiont of Oedothorax gibbosus	931100	S	164	228	392	0.00003	0.00002	0.00002	0.00001	36	nan
Wolbachia pipientis	955	S	100	669	769	0.00005	0.00005	0.00005	0.00004	36	nan
Bartonella kosoyi	2133959	S	299358	319074	618432	0.04260	0.02198	0.02090	0.01962	40	nan
Bartonella krasnovii	2267275	S	119	119	238	0.00002	0.00001	0.00000	0.00001	39	4.0
Methylocystis rosea	173366	S	193309	197998	391307	0.02695	0.01364	0.01179	0.01098	63	nan
Novosphingobium kaempferiae	2896849	S	264686	265194	529880	0.03650	0.01827	0.01659	0.01610	67	nan
Hypericibacter adhaerens	2602016	S	12941	12975	25916	0.00179	0.00089	0.00085	0.00082	68	nan
Shewanella violacea	60217	S	874059	882858	1756917	0.12102	0.06081	0.05438	0.04827	46	nan
Pseudoalteromonas carrageenovora	227	S	182029	185038	367067	0.02528	0.01275	0.01177	0.01104	40	nan
Pseudoalteromonas sp. MM1	3036714	S	1918	1960	3878	0.00027	0.00014	0.00012	0.00011	41	nan
Pseudoalteromonas sp. Xi13	2490635	S	1079	1249	2328	0.00016	0.00009	0.00008	0.00007	41	nan
Pseudoalteromonas sp. LC2018020214	2799564	S	710	993	1703	0.00012	0.00007	0.00000	0.00006	40	4.0
Pseudoalteromonas sp. PS1M3	87791	S	632	1032	1664	0.00011	0.00007	0.00000	0.00006	40	5.0
Pseudoalteromonas sp. APM04	2699396	S	432	722	1154	0.00008	0.00005	0.00000	0.00004	40	5.0
Pseudoalteromonas sp. Bsw20308	283699	S	378	649	1027	0.00007	0.00004	0.00000	0.00004	40	5.0
Pseudoalteromonas sp. HL-AS1	3071081	S	294	359	653	0.00004	0.00002	0.00000	0.00002	40	5.0
Pseudoalteromonas sp. 1_2015MBL_MicDiv	1720343	S	178	305	483	0.00003	0.00002	0.00000	0.00002	40	4.0
Pseudoalteromonas sp. HL-AS2	3071082	S	135	197	332	0.00002	0.00001	0.00001	0.00001	41	nan
Pseudoalteromonas espejiana	28107	S	2966	3020	5986	0.00041	0.00021	0.00019	0.00018	41	nan
Pseudoalteromonas agarivorans	176102	S	2690	3072	5762	0.00040	0.00021	0.00019	0.00018	41	nan
Pseudoalteromonas marina	267375	S	1013	1202	2215	0.00015	0.00008	0.00008	0.00007	41	nan
Pseudoalteromonas distincta	77608	S	406	490	896	0.00006	0.00003	0.00000	0.00003	40	5.0
Pseudoalteromonas atlantica	288	S	336	411	747	0.00005	0.00003	0.00002	0.00002	41	nan
Pseudoalteromonas aliena	247523	S	321	324	645	0.00004	0.00002	0.00000	0.00002	40	4.0
Pseudoalteromonas arctica	394751	S	235	244	479	0.00003	0.00002	0.00000	0.00001	40	5.0
Pseudoalteromonas mariniglutinosa	206042	S	110	129	239	0.00002	0.00001	0.00000	0.00001	42	5.0
Alteromonas mediterranea	314275	S	128	133	261	0.00002	0.00001	0.00000	0.00001	45	3.0
Luteimonas sp. MC1825	2761107	S	212296	213352	425648	0.02932	0.01470	0.01539	0.01508	70	nan
Luteimonas sp. MC1572	2799325	S	160	160	320	0.00002	0.00001	0.00000	0.00001	71	4.0
Xanthomonas vasicola	56459	S	186438	189582	376020	0.02590	0.01306	0.01125	0.01063	64	nan
Lysobacter enzymogenes	69	S	56885	67105	123990	0.00854	0.00462	0.00000	0.00480	71	5.0
Lysobacter sp. K5869	2820808	S	4532	4682	9214	0.00063	0.00032	0.00000	0.00032	69	5.0
Lysobacter sp. 5GHs7-4	2904253	S	499	510	1009	0.00007	0.00004	0.00000	0.00003	69	5.0
Lysobacter sp. CW239	2762611	S	110	113	223	0.00002	0.00001	0.00000	0.00001	69	4.0
Lysobacter sp. S4-A87	2925843	S	103	105	208	0.00001	0.00001	0.00000	0.00001	69	4.0
Lysobacter yananisis	1003114	S	4627	8398	13025	0.00090	0.00058	0.00062	0.00060	71	nan
Lysobacter capsici	435897	S	2796	3086	5882	0.00041	0.00021	0.00000	0.00020	68	4.0
Lysobacter antibioticus	84531	S	1102	1108	2210	0.00015	0.00008	0.00000	0.00007	68	4.0
Lysobacter gummosus	262324	S	223	435	658	0.00005	0.00003	0.00000	0.00003	69	5.0
Lysobacter soli	453783	S	184	185	369	0.00003	0.00001	0.00000	0.00001	68	4.0
Lysobacter maris	1605891	S	157	157	314	0.00002	0.00001	0.00000	0.00001	70	4.0
Lysobacter auxotrophicus	2992573	S	154	155	309	0.00002	0.00001	0.00000	0.00001	68	4.0
Lysobacter terrestris	2865112	S	114	114	228	0.00002	0.00001	0.00000	0.00001	69	4.0
Lysobacter arenosi	2795387	S	107	108	215	0.00001	0.00001	0.00000	0.00001	67	3.0
Lysobacter alkalisoli	2591633	S	104	104	208	0.00001	0.00001	0.00000	0.00001	67	3.0
Stenotrophomonas maltophilia	40324	S	102	235	337	0.00002	0.00002	0.00000	0.00001	67	4.0
Luteibacter flocculans	2780091	S	192024	192425	384449	0.02648	0.01325	0.01147	0.01111	65	nan
Pseudomonas sp. GCEP-101	2974552	S	39293	45926	85219	0.00587	0.00316	0.00304	0.00282	67	nan
Pseudomonas sp. PDNC002	2811422	S	17484	20537	38021	0.00262	0.00141	0.00000	0.00120	66	5.0
Pseudomonas sp. ATCC 13867	1294143	S	16682	19947	36629	0.00252	0.00137	0.00000	0.00119	67	5.0
Pseudomonas sp. SCB32	2653853	S	11240	12924	24164	0.00166	0.00089	0.00000	0.00076	67	5.0
Pseudomonas sp. PSE14	3016341	S	10821	12895	23716	0.00163	0.00089	0.00000	0.00076	67	5.0
Pseudomonas sp. C9-3	3078264	S	9586	13423	23009	0.00158	0.00092	0.00085	0.00079	66	nan
Pseudomonas sp. ZM23	2961893	S	7211	7931	15142	0.00104	0.00055	0.00000	0.00046	65	4.0
Pseudomonas sp. HS-18	2879114	S	2018	6827	8845	0.00061	0.00047	0.00043	0.00040	66	nan
Pseudomonas sp. 273	75692	S	1504	1753	3257	0.00022	0.00012	0.00000	0.00011	68	5.0
Pseudomonas sp. DY-1	1755504	S	688	711	1399	0.00010	0.00005	0.00000	0.00004	64	5.0
Pseudomonas sp. TCU-HL1	1856685	S	538	559	1097	0.00008	0.00004	0.00000	0.00003	65	5.0
Pseudomonas sp. Q1-7	3020843	S	409	438	847	0.00006	0.00003	0.00003	0.00003	67	nan
Pseudomonas sp. SO81	2983246	S	327	341	668	0.00005	0.00002	0.00002	0.00002	67	nan
Pseudomonas sp. LS44	1357074	S	279	284	563	0.00004	0.00002	0.00000	0.00002	64	4.0
Pseudomonas sp. PSKL.D1	3029060	S	232	244	476	0.00003	0.00002	0.00000	0.00001	63	4.0
Pseudomonas sp. DTU_2021_1001937_2_SI_NGA_ILE_001	3077589	S	226	232	458	0.00003	0.00002	0.00000	0.00001	65	4.0
Pseudomonas sp. J452	2898441	S	216	230	446	0.00003	0.00002	0.00000	0.00001	65	5.0
Pseudomonas sp. TUM22785	3019098	S	215	286	501	0.00003	0.00002	0.00002	0.00002	68	nan
Pseudomonas sp. ADPe	2774873	S	210	604	814	0.00006	0.00004	0.00004	0.00004	67	nan
Pseudomonas sp. MM211	2866808	S	207	210	417	0.00003	0.00001	0.00000	0.00001	63	4.0
Pseudomonas sp. Ost2	2678260	S	206	217	423	0.00003	0.00001	0.00000	0.00001	64	4.0
Pseudomonas sp. B11D7D	2735906	S	197	212	409	0.00003	0.00001	0.00000	0.00001	64	4.0
Pseudomonas sp. StFLB209	1028989	S	169	173	342	0.00002	0.00001	0.00000	0.00001	62	4.0
Pseudomonas sp. MTM4	2705472	S	169	175	344	0.00002	0.00001	0.00000	0.00001	61	4.0
Pseudomonas sp. M1	95619	S	165	490	655	0.00005	0.00003	0.00003	0.00003	67	nan
Pseudomonas sp. LPB0260	2614442	S	159	166	325	0.00002	0.00001	0.00001	0.00001	67	nan
Pseudomonas sp. MSPm1	2726956	S	154	170	324	0.00002	0.00001	0.00000	0.00001	63	4.0
Pseudomonas sp. KNUC1026	2893890	S	136	137	273	0.00002	0.00001	0.00000	0.00001	65	4.0
Pseudomonas sp. LS1212	2972478	S	135	139	274	0.00002	0.00001	0.00000	0.00001	62	4.0
Pseudomonas sp. ABC1	2748080	S	132	134	266	0.00002	0.00001	0.00000	0.00001	64	4.0
Pseudomonas sp. CC6-YY-74	1930532	S	126	127	253	0.00002	0.00001	0.00000	0.00001	63	4.0
Pseudomonas sp. Pc102	2678261	S	123	197	320	0.00002	0.00001	0.00000	0.00001	67	5.0
Pseudomonas sp. NIBR-H-19	2901380	S	121	141	262	0.00002	0.00001	0.00000	0.00001	60	4.0
Pseudomonas sp. SG20056	3074146	S	118	123	241	0.00002	0.00001	0.00000	0.00001	61	4.0
Pseudomonas sp. KU43P	2487887	S	117	127	244	0.00002	0.00001	0.00000	0.00001	65	4.0
Pseudomonas sp. DG56-2	2320270	S	115	118	233	0.00002	0.00001	0.00000	0.00001	60	4.0
Pseudomonas sp. SL4(2022)	2994661	S	110	114	224	0.00002	0.00001	0.00000	0.00001	61	4.0
Pseudomonas sp. Leaf58	1736226	S	107	114	221	0.00002	0.00001	0.00000	0.00001	63	4.0
Pseudomonas sp. N3-W	2975049	S	106	115	221	0.00002	0.00001	0.00000	0.00001	61	4.0
Pseudomonas sp. p1(2021b)	2874628	S	105	138	243	0.00002	0.00001	0.00000	0.00001	65	4.0
Pseudomonas sp. PIA16	2931382	S	102	104	206	0.00001	0.00001	0.00000	0.00001	64	4.0
Pseudomonas sp. LRP2-20	2944234	S	102	115	217	0.00001	0.00001	0.00000	0.00001	65	4.0
Pseudomonas multiresinivorans	95301	S	13206	15334	28540	0.00197	0.00106	0.00000	0.00090	66	5.0
Pseudomonas nitroreducens	46680	S	3652	7394	11046	0.00076	0.00051	0.00046	0.00043	66	nan
Pseudomonas aeruginosa	287	S	4656	13947	18603	0.00128	0.00096	0.00094	0.00084	67	nan
Pseudomonas citronellolis	53408	S	2036	3088	5124	0.00035	0.00021	0.00000	0.00019	68	5.0
Pseudomonas resinovorans	53412	S	602	642	1244	0.00009	0.00004	0.00004	0.00004	67	nan
Pseudomonas mendocina	300	S	469	526	995	0.00007	0.00004	0.00000	0.00003	64	4.0
Pseudomonas alcaligenes	43263	S	462	492	954	0.00007	0.00003	0.00003	0.00003	67	nan
Pseudomonas furukawaii	1149133	S	409	424	833	0.00006	0.00003	0.00003	0.00003	67	nan
Pseudomonas knackmussii	65741	S	2656	2910	5566	0.00038	0.00020	0.00000	0.00017	66	5.0
Pseudomonas putida	303	S	1269	2611	3880	0.00027	0.00018	0.00000	0.00015	65	5.0
Pseudomonas fulva	47880	S	162	226	388	0.00003	0.00002	0.00000	0.00001	65	5.0
Pseudomonas oryzihabitans	47885	S	143	162	305	0.00002	0.00001	0.00001	0.00001	67	nan
Pseudomonas fluorescens	294	S	539	847	1386	0.00010	0.00006	0.00000	0.00005	62	4.0
Pseudomonas otitidis	319939	S	885	913	1798	0.00012	0.00006	0.00000	0.00006	68	5.0
Pseudomonas viridiflava	33069	S	181	191	372	0.00003	0.00001	0.00000	0.00001	61	4.0
Pseudomonas syringae	317	S	181	430	611	0.00004	0.00003	0.00000	0.00002	61	4.0
Pseudomonas chlororaphis	587753	S	403	595	998	0.00007	0.00004	0.00000	0.00003	65	5.0
Pseudomonas protegens	380021	S	216	342	558	0.00004	0.00002	0.00000	0.00002	65	5.0
Pseudomonas lalkuanensis	2604832	S	572	586	1158	0.00008	0.00004	0.00000	0.00003	65	5.0
Pseudomonas tohonis	2725477	S	298	389	687	0.00005	0.00003	0.00000	0.00002	68	5.0
Pseudomonas cavernae	2320867	S	264	267	531	0.00004	0.00002	0.00000	0.00002	65	5.0
Pseudomonas benzenivorans	556533	S	252	256	508	0.00003	0.00002	0.00002	0.00002	67	nan
Pseudomonas psychrotolerans	237610	S	243	259	502	0.00003	0.00002	0.00002	0.00002	66	nan
Pseudomonas campi	2731681	S	212	219	431	0.00003	0.00002	0.00000	0.00001	65	5.0
Pseudomonas entomophila	312306	S	206	217	423	0.00003	0.00001	0.00001	0.00001	65	nan
Pseudomonas vanderleydeniana	2745495	S	169	172	341	0.00002	0.00001	0.00000	0.00001	65	5.0
Pseudomonas oryzae	1392877	S	168	170	338	0.00002	0.00001	0.00000	0.00001	69	4.0
Pseudomonas alkylphenolica	237609	S	141	145	286	0.00002	0.00001	0.00000	0.00001	63	4.0
Pseudomonas guangdongensis	1245526	S	130	132	262	0.00002	0.00001	0.00000	0.00001	70	4.0
Pseudomonas seleniipraecipitans	640205	S	114	115	229	0.00002	0.00001	0.00000	0.00001	63	4.0
Pseudomonas promysalinigenes	485898	S	113	116	229	0.00002	0.00001	0.00000	0.00001	62	4.0
uncultured Pseudomonas sp.	114707	S	113	114	227	0.00002	0.00001	0.00000	0.00001	61	4.0
Pseudomonas pohangensis	364197	S	112	112	224	0.00002	0.00001	0.00000	0.00001	61	4.0
Pseudomonas solani	2731552	S	105	136	241	0.00002	0.00001	0.00000	0.00001	67	5.0
Pseudomonas arsenicoxydans	702115	S	100	108	208	0.00001	0.00001	0.00000	0.00001	60	4.0
Pseudomonas denitrificans (nom. rej.)	43306	S	146306	152640	298946	0.02059	0.01051	0.00947	0.00908	66	nan
Stutzerimonas stutzeri	316	S	187	229	416	0.00003	0.00002	0.00000	0.00001	65	4.0
Enterobacter pseudoroggenkampii	2996112	S	152813	247999	400812	0.02761	0.01708	0.01367	0.01312	58	nan
Enterobacter asburiae	61645	S	840	1578	2418	0.00017	0.00011	0.00009	0.00008	58	nan
Enterobacter roggenkampii	1812935	S	564	922	1486	0.00010	0.00006	0.00005	0.00005	58	nan
Enterobacter cloacae	550	S	384	794	1178	0.00008	0.00005	0.00004	0.00004	57	nan
Enterobacter hormaechei	158836	S	346	1686	2032	0.00014	0.00012	0.00009	0.00009	58	nan
Enterobacter sichuanensis	2071710	S	116	126	242	0.00002	0.00001	0.00001	0.00001	57	nan
Enterobacter chengduensis	2494701	S	115	135	250	0.00002	0.00001	0.00001	0.00001	58	nan
Enterobacter chuandaensis	2497875	S	102	114	216	0.00001	0.00001	0.00000	0.00001	58	5.0
Enterobacter mori	539813	S	308	332	640	0.00004	0.00002	0.00002	0.00002	57	nan
Enterobacter bugandensis	881260	S	129	178	307	0.00002	0.00001	0.00001	0.00001	58	nan
Escherichia coli	562	S	233	1126	1359	0.00009	0.00008	0.00000	0.00006	54	4.0
Paraburkholderia bonniea	2152891	S	367943	369341	737284	0.05079	0.02544	0.02053	0.01977	60	nan
Comamonas testosteroni	285	S	44570	93845	138415	0.00953	0.00646	0.00538	0.00517	63	nan
Comamonas thiooxydans	363952	S	399	671	1070	0.00007	0.00005	0.00004	0.00004	63	nan
Campylobacter upsaliensis	28080	S	1321769	1351295	2673064	0.18413	0.09308	0.09638	0.09038	34	nan
Campylobacter hominis	76517	S	126	126	252	0.00002	0.00001	0.00000	0.00001	34	3.0
Kordia antarctica	1218801	S	275957	276185	552142	0.03803	0.01902	0.02060	0.01915	34	nan
Flavobacterium plurextorum	1114867	S	704	206371	207075	0.01426	0.01422	0.01505	0.01422	34	nan
Flavobacterium johnsoniae	986	S	129	137	266	0.00002	0.00001	0.00001	0.00001	34	nan
Mesoflavibacter sp. SCSIO 43206	2779362	S	60887	61313	122200	0.00842	0.00422	0.00488	0.00451	31	nan
Blattabacterium sp. (Nauphoeta cinerea)	1316444	S	124782	125234	250016	0.01722	0.00863	0.01109	0.01235	24	nan
Arachidicoccus sp. B3-10	2545455	S	216851	216895	433746	0.02988	0.01494	0.01541	0.01469	34	nan
Odoribacter splanchnicus	28118	S	40217	43843	84060	0.00579	0.00302	0.00273	0.00246	45	nan
Bacteroides thetaiotaomicron	818	S	261	487	748	0.00005	0.00003	0.00000	0.00003	45	5.0
Bacteroides fragilis	817	S	239	426	665	0.00005	0.00003	0.00000	0.00002	44	5.0
Bacteroides xylanisolvens	371601	S	206	561	767	0.00005	0.00004	0.00000	0.00003	44	5.0
Bacteroides ovatus	28116	S	177	743	920	0.00006	0.00005	0.00000	0.00004	43	5.0
Phocaeicola vulgatus	821	S	172	336	508	0.00003	0.00002	0.00000	0.00002	43	5.0
Parabacteroides distasonis	823	S	137	192	329	0.00002	0.00001	0.00000	0.00001	46	4.0
Chlorobaculum parvum	274539	S	374110	374236	748346	0.05155	0.02578	0.02037	0.01977	59	nan
Anaeromyxobacter paludicola	2918171	S	203865	203971	407836	0.02809	0.01405	0.01817	0.01913	74	nan
Fusobacterium ulcerans	861	S	188006	189300	377306	0.02599	0.01304	0.01585	0.01506	31	nan
Homo sapiens	9606	S	178	178	356	0.00002	0.00001	0.00000	0.00001	38	4.0
