name	taxonomy_id	taxonomy_lvl	kraken_assigned_reads	added_reads	new_est_reads	fraction_total_reads	Bracken_estimate	GuaCAMOLE_estimate	GuaCAMOLE_est_eff	GC content	Taxon Removal Cycle
Enterobacter cloacae complex sp. FDA-CDC-AR_0164	2077136	S	38383	187670	226053	0.01295	0.01075	0.01087	0.01042	57	nan
Enterobacter sp. BIDMC100	1686399	S	13478	132408	145886	0.00836	0.00759	0.00778	0.00737	57	nan
Enterobacter sp. BWH 37	1329836	S	698	63563	64261	0.00368	0.00364	0.00368	0.00353	57	nan
Enterobacter cloacae complex sp.	2027919	S	350	448	798	0.00005	0.00003	0.00003	0.00003	57	nan
Enterobacter sichuanensis	2071710	S	47905	52032	99937	0.00573	0.00298	0.00304	0.00291	57	nan
Enterobacter ludwigii	299767	S	5515	13295	18810	0.00108	0.00076	0.00077	0.00074	57	nan
Enterobacter hormaechei	158836	S	5033	27127	32160	0.00184	0.00155	0.00159	0.00151	57	nan
Enterobacter cloacae	550	S	2185	4927	7112	0.00041	0.00028	0.00028	0.00027	57	nan
Enterobacter asburiae	61645	S	1409	2691	4100	0.00023	0.00015	0.00016	0.00015	57	nan
Enterobacter roggenkampii	1812935	S	1212	1580	2792	0.00016	0.00009	0.00010	0.00009	58	nan
Enterobacter kobei	208224	S	587	1519	2106	0.00012	0.00009	0.00009	0.00008	57	nan
Enterobacter cancerogenus	69218	S	372	384	756	0.00004	0.00002	0.00003	0.00002	58	nan
Enterobacter chuandaensis	2497875	S	238	267	505	0.00003	0.00002	0.00002	0.00002	58	nan
Enterobacter chengduensis	2494701	S	170	202	372	0.00002	0.00001	0.00001	0.00001	58	nan
Enterobacter sp. N18-03635	2500132	S	6443	16365	22808	0.00131	0.00094	0.00100	0.00092	58	nan
Enterobacter sp. S-33	3026145	S	5507	13836	19343	0.00111	0.00079	0.00084	0.00078	58	nan
Enterobacter sp. T2	2707174	S	915	4377	5292	0.00030	0.00025	0.00026	0.00024	57	nan
Enterobacter sp. RHBSTW-00994	2742676	S	136	138	274	0.00002	0.00001	0.00000	0.00001	53	5.0
Enterobacter mori	539813	S	697	746	1443	0.00008	0.00004	0.00005	0.00004	57	nan
Enterobacter bugandensis	881260	S	418	568	986	0.00006	0.00003	0.00003	0.00003	58	nan
Enterobacter huaxiensis	2494702	S	191	198	389	0.00002	0.00001	0.00001	0.00001	59	nan
Enterobacter oligotrophicus	2478464	S	179	183	362	0.00002	0.00001	0.00001	0.00001	56	nan
Citrobacter rodentium	67825	S	38630	48631	87261	0.00500	0.00279	0.00310	0.00272	57	nan
Citrobacter pasteurii	1563222	S	22341	43996	66337	0.00380	0.00252	0.00254	0.00240	54	nan
Citrobacter sp. MGH 55	1439319	S	419	5882	6301	0.00036	0.00034	0.00036	0.00032	55	nan
Citrobacter sp. CFNIH10	1920110	S	374	8203	8577	0.00049	0.00047	0.00050	0.00045	55	nan
Citrobacter sp. RHB35-C17	2742625	S	221	5327	5548	0.00032	0.00031	0.00033	0.00029	55	nan
Citrobacter sp. RHBSTW-00029	2742631	S	200	1181	1381	0.00008	0.00007	0.00007	0.00007	54	nan
Citrobacter sp. RHB36-C18	2742627	S	136	3779	3915	0.00022	0.00022	0.00023	0.00021	55	nan
Citrobacter sp. RHB25-C09	2742624	S	120	143	263	0.00002	0.00001	0.00001	0.00001	55	nan
Citrobacter freundii complex sp. CFNIH3	2077147	S	3370	169540	172910	0.00991	0.00971	0.00991	0.00927	54	nan
Citrobacter freundii	546	S	2474	9756	12230	0.00070	0.00056	0.00057	0.00053	54	nan
Citrobacter braakii	57706	S	1124	10355	11479	0.00066	0.00059	0.00060	0.00057	54	nan
Citrobacter portucalensis	1639133	S	1069	2335	3404	0.00020	0.00013	0.00014	0.00013	54	nan
Citrobacter youngae	133448	S	328	2014	2342	0.00013	0.00012	0.00012	0.00011	54	nan
Citrobacter werkmanii	67827	S	232	762	994	0.00006	0.00004	0.00004	0.00004	54	nan
Citrobacter amalonaticus	35703	S	1576	9935	11511	0.00066	0.00057	0.00058	0.00054	55	nan
Citrobacter arsenatis	2546350	S	320	383	703	0.00004	0.00002	0.00002	0.00002	55	nan
Citrobacter farmeri	67824	S	293	326	619	0.00004	0.00002	0.00002	0.00002	55	nan
Citrobacter tructae	2562449	S	174	185	359	0.00002	0.00001	0.00001	0.00001	53	nan
Citrobacter koseri	545	S	125	261	386	0.00002	0.00001	0.00002	0.00001	55	nan
Klebsiella sp. WP4-W18-ESBL-05	2675713	S	11054	34481	45535	0.00261	0.00198	0.00204	0.00193	57	nan
Klebsiella sp. WP3-W18-ESBL-02	2675710	S	9196	25358	34554	0.00198	0.00145	0.00152	0.00142	57	nan
Klebsiella sp. WP8-S18-ESBL-06	2675726	S	171	550	721	0.00004	0.00003	0.00003	0.00003	57	nan
Klebsiella sp. P1954	2829835	S	147	67162	67309	0.00386	0.00385	0.00397	0.00384	59	nan
Klebsiella michiganensis	1134687	S	9395	18424	27819	0.00159	0.00106	0.00106	0.00105	58	nan
Klebsiella pneumoniae	573	S	4847	47191	52038	0.00298	0.00270	0.00280	0.00270	59	nan
Klebsiella quasipneumoniae	1463165	S	716	1544	2260	0.00013	0.00009	0.00009	0.00009	60	nan
Klebsiella variicola	244366	S	451	1410	1861	0.00011	0.00008	0.00008	0.00008	59	nan
Klebsiella oxytoca	571	S	247	269	516	0.00003	0.00002	0.00000	0.00002	57	5.0
Klebsiella aerogenes	548	S	205	236	441	0.00003	0.00001	0.00000	0.00001	57	5.0
Klebsiella africana	2489010	S	181	217	398	0.00002	0.00001	0.00001	0.00001	59	nan
Klebsiella huaxiensis	2153354	S	124	128	252	0.00001	0.00001	0.00000	0.00001	56	5.0
Klebsiella quasivariicola	2026240	S	118	151	269	0.00002	0.00001	0.00001	0.00001	59	nan
Candidatus Moranella endobia	1048758	S	175515	175861	351376	0.02013	0.01008	0.01056	0.00987	44	nan
Escherichia sp. HH091_1A	2509662	S	8518	46455	54973	0.00315	0.00266	0.00271	0.00254	53	nan
Escherichia sp. 10290	2935450	S	1908	107568	109476	0.00627	0.00616	0.00627	0.00588	53	nan
Escherichia sp. SCLE84	2725997	S	546	6825	7371	0.00042	0.00039	0.00041	0.00037	53	nan
Escherichia sp. E4742	2044467	S	247	273	520	0.00003	0.00002	0.00002	0.00001	53	nan
Escherichia coli	562	S	11459	53672	65131	0.00373	0.00308	0.00318	0.00294	53	nan
Escherichia albertii	208962	S	680	737	1417	0.00008	0.00004	0.00004	0.00004	52	nan
Escherichia fergusonii	564	S	428	578	1006	0.00006	0.00003	0.00003	0.00003	52	nan
Escherichia marmotae	1499973	S	377	408	785	0.00004	0.00002	0.00002	0.00002	52	nan
Shigella flexneri	623	S	7857	63231	71088	0.00407	0.00362	0.00373	0.00345	53	nan
Shigella dysenteriae	622	S	7578	18199	25777	0.00148	0.00104	0.00107	0.00099	53	nan
Shigella boydii	621	S	4610	23484	28094	0.00161	0.00135	0.00139	0.00128	53	nan
Shigella sonnei	624	S	104	358	462	0.00003	0.00002	0.00002	0.00002	53	nan
Salmonella enterica	28901	S	1262	17644	18906	0.00108	0.00101	0.00107	0.00097	54	nan
Salmonella sp. A7	2874627	S	427	2573	3000	0.00017	0.00015	0.00015	0.00014	54	nan
Erwinia rhapontici	55212	S	121646	122556	244202	0.01399	0.00702	0.00719	0.00677	56	nan
Erwinia tracheiphila	65700	S	81592	81973	163565	0.00937	0.00470	0.00475	0.00448	51	nan
Pantoea alhagi	1891675	S	50389	50842	101231	0.00580	0.00291	0.00295	0.00280	55	nan
Pantoea sp. MT58	2768165	S	10252	17703	27955	0.00160	0.00101	0.00102	0.00098	56	nan
Pantoea sp. OXWO6B1	1835724	S	1336	1345	2681	0.00015	0.00008	0.00008	0.00007	53	nan
Pantoea ananatis	553	S	7803	7887	15690	0.00090	0.00045	0.00047	0.00043	55	nan
Pantoea stewartii	66269	S	1051	1063	2114	0.00012	0.00006	0.00000	0.00006	55	5.0
Pantoea agglomerans	549	S	411	426	837	0.00005	0.00002	0.00000	0.00002	57	5.0
Pantoea dispersa	59814	S	168	169	337	0.00002	0.00001	0.00000	0.00001	60	4.0
Pantoea vagans	470934	S	112	127	239	0.00001	0.00001	0.00001	0.00001	56	nan
Tatumella citrea	53336	S	46925	47062	93987	0.00539	0.00270	0.00269	0.00253	50	nan
Rahnella aceris	2703885	S	100017	101368	201385	0.01154	0.00581	0.00586	0.00554	54	nan
Rahnella inusitata	58169	S	25130	25433	50563	0.00290	0.00146	0.00147	0.00140	55	nan
Rahnella victoriana	1510570	S	4905	4959	9864	0.00057	0.00028	0.00029	0.00027	56	nan
Serratia sp. JSRIV001	2831893	S	12258	43412	55670	0.00319	0.00249	0.00254	0.00239	57	nan
Serratia sp. JSRIV002	2831894	S	10807	31027	41834	0.00240	0.00178	0.00181	0.00171	57	nan
Serratia sp. ATCC 39006	104623	S	2401	2854	5255	0.00030	0.00016	0.00017	0.00016	51	nan
Serratia quinivorans	137545	S	23638	25281	48919	0.00280	0.00145	0.00146	0.00141	57	nan
Serratia entomophila	42906	S	4797	5469	10266	0.00059	0.00031	0.00035	0.00032	59	nan
Serratia proteamaculans	28151	S	1276	1405	2681	0.00015	0.00008	0.00008	0.00008	57	nan
Serratia fonticola	47917	S	330	406	736	0.00004	0.00002	0.00002	0.00002	56	nan
Serratia marcescens	615	S	239	530	769	0.00004	0.00003	0.00000	0.00003	57	5.0
Serratia plymuthica	82996	S	223	258	481	0.00003	0.00001	0.00000	0.00001	58	5.0
Serratia liquefaciens	614	S	184	237	421	0.00002	0.00001	0.00001	0.00001	57	nan
Serratia grimesii	82995	S	101	104	205	0.00001	0.00001	0.00000	0.00001	54	4.0
Yersinia intermedia	631	S	29896	60639	90535	0.00519	0.00347	0.00352	0.00331	50	nan
Yersinia pestis	632	S	1567	7088	8655	0.00050	0.00041	0.00041	0.00039	50	nan
Yersinia pseudotuberculosis	633	S	137	194	331	0.00002	0.00001	0.00001	0.00001	50	nan
Yersinia enterocolitica	630	S	1535	1801	3336	0.00019	0.00010	0.00010	0.00010	49	nan
Yersinia ruckeri	29486	S	300	305	605	0.00003	0.00002	0.00002	0.00002	50	nan
Yersinia massiliensis	419257	S	198	447	645	0.00004	0.00003	0.00003	0.00002	50	nan
Yersinia frederiksenii	29484	S	103	155	258	0.00001	0.00001	0.00001	0.00001	49	nan
Providencia rettgeri	587	S	253	45368	45621	0.00261	0.00260	0.00281	0.00264	42	nan
Morganella morganii	582	S	29364	31366	60730	0.00348	0.00180	0.00183	0.00173	54	nan
Proteus mirabilis	584	S	114	202	316	0.00002	0.00001	0.00000	0.00001	41	4.0
Dickeya sp. NCPPB 3274	568766	S	28754	38171	66925	0.00383	0.00219	0.00233	0.00219	59	nan
Dickeya dianthicola	204039	S	9652	10475	20127	0.00115	0.00060	0.00063	0.00060	59	nan
Dickeya fangzhongdai	1778540	S	101	191	292	0.00002	0.00001	0.00001	0.00001	59	nan
Limnobaculum parvum	2172103	S	32904	33010	65914	0.00378	0.00189	0.00192	0.00182	47	nan
Hafnia sp. CBA7124	1848580	S	3092	9711	12803	0.00073	0.00056	0.00056	0.00053	51	nan
Pseudomonas sp. ATCC 43928	676210	S	213840	599037	812877	0.04658	0.03433	0.03633	0.03466	61	nan
Pseudomonas sp. 3-2	2867408	S	36201	51750	87951	0.00504	0.00297	0.00342	0.00304	62	nan
Pseudomonas sp. LRP2-20	2944234	S	17638	18478	36116	0.00207	0.00106	0.00142	0.00114	65	nan
Pseudomonas sp. T1-3-2	2908006	S	16397	16730	33127	0.00190	0.00096	0.00102	0.00100	64	nan
Pseudomonas sp. WJP1	2986947	S	13027	13514	26541	0.00152	0.00077	0.00084	0.00079	62	nan
Pseudomonas sp. MM213	2866807	S	12137	13994	26131	0.00150	0.00080	0.00088	0.00081	61	nan
Pseudomonas sp. TMW 2.1634	1886807	S	10676	22668	33344	0.00191	0.00130	0.00149	0.00132	61	nan
Pseudomonas sp. URMO17WK12:I11	1283291	S	4033	5198	9231	0.00053	0.00030	0.00036	0.00030	61	nan
Pseudomonas sp. NIBR-H-19	2901380	S	2766	2889	5655	0.00032	0.00017	0.00017	0.00017	60	nan
Pseudomonas sp. B10	118613	S	2409	3366	5775	0.00033	0.00019	0.00023	0.00020	61	nan
Pseudomonas sp. PP3	2815936	S	1878	2007	3885	0.00022	0.00012	0.00012	0.00012	61	nan
Pseudomonas sp. FP603	2954097	S	1853	43187	45040	0.00258	0.00247	0.00258	0.00250	61	nan
Pseudomonas sp. S34	1573718	S	1359	1419	2778	0.00016	0.00008	0.00009	0.00008	62	nan
Pseudomonas sp. MPC6	2498848	S	1317	1367	2684	0.00015	0.00008	0.00008	0.00008	62	nan
Pseudomonas sp. B21-040	2895486	S	886	915	1801	0.00010	0.00005	0.00005	0.00005	61	nan
Pseudomonas sp. 31-12	2201356	S	835	883	1718	0.00010	0.00005	0.00005	0.00005	61	nan
Pseudomonas sp. B21-015	2895473	S	809	863	1672	0.00010	0.00005	0.00005	0.00005	61	nan
Pseudomonas sp. FP1742	2954079	S	680	790	1470	0.00008	0.00005	0.00005	0.00005	61	nan
Pseudomonas sp. N3-W	2975049	S	642	659	1301	0.00007	0.00004	0.00004	0.00004	61	nan
Pseudomonas sp. FP2196	2954086	S	628	657	1285	0.00007	0.00004	0.00004	0.00004	61	nan
Pseudomonas sp. A34-9	3034675	S	625	674	1299	0.00007	0.00004	0.00004	0.00004	61	nan
Pseudomonas sp. Seg1	2678259	S	591	622	1213	0.00007	0.00004	0.00004	0.00004	61	nan
Pseudomonas sp. ACM7	2052956	S	584	634	1218	0.00007	0.00004	0.00000	0.00004	60	5.0
Pseudomonas sp. B21-048	2895490	S	577	616	1193	0.00007	0.00004	0.00000	0.00004	60	5.0
Pseudomonas sp. DTU12.3	2073078	S	538	569	1107	0.00006	0.00003	0.00003	0.00003	61	nan
Pseudomonas sp. B21-019	2895475	S	534	737	1271	0.00007	0.00004	0.00004	0.00004	61	nan
Pseudomonas sp. DR48	2871095	S	487	520	1007	0.00006	0.00003	0.00003	0.00003	60	nan
Pseudomonas sp. FP1762	2954080	S	457	1062	1519	0.00009	0.00006	0.00007	0.00006	61	nan
Pseudomonas sp. FP1740	2954078	S	419	621	1040	0.00006	0.00004	0.00004	0.00004	61	nan
Pseudomonas sp. SCA2728.1_7	2825975	S	414	484	898	0.00005	0.00003	0.00003	0.00003	61	nan
Pseudomonas sp. Z003-0.4C(8344-21)	1855380	S	411	491	902	0.00005	0.00003	0.00003	0.00003	61	nan
Pseudomonas sp. AO-1	2855434	S	387	486	873	0.00005	0.00003	0.00003	0.00003	61	nan
Pseudomonas sp. R84	1573712	S	360	410	770	0.00004	0.00002	0.00002	0.00002	61	nan
Pseudomonas sp. B21-053	2895493	S	351	379	730	0.00004	0.00002	0.00002	0.00002	61	nan
Pseudomonas sp. UW4	1207075	S	349	428	777	0.00004	0.00002	0.00003	0.00003	61	nan
Pseudomonas sp. BW7P1	2973088	S	334	349	683	0.00004	0.00002	0.00003	0.00002	62	nan
Pseudomonas sp. LS1212	2972478	S	324	327	651	0.00004	0.00002	0.00002	0.00002	62	nan
Pseudomonas sp. HN2	2884805	S	318	617	935	0.00005	0.00004	0.00004	0.00004	61	nan
Pseudomonas sp. L5B5	2883205	S	294	300	594	0.00003	0.00002	0.00000	0.00002	65	5.0
Pseudomonas sp. FP198	2954084	S	282	289	571	0.00003	0.00002	0.00000	0.00002	62	5.0
Pseudomonas sp. HS6	2850559	S	279	300	579	0.00003	0.00002	0.00002	0.00002	61	nan
Pseudomonas sp. LG1D9	2083054	S	271	577	848	0.00005	0.00003	0.00004	0.00003	61	nan
Pseudomonas sp. Cab53	2678258	S	264	275	539	0.00003	0.00002	0.00000	0.00002	63	5.0
Pseudomonas sp. B21-051	2895491	S	258	292	550	0.00003	0.00002	0.00002	0.00002	62	nan
Pseudomonas sp. 7SR1	1881017	S	256	261	517	0.00003	0.00001	0.00000	0.00002	63	5.0
Pseudomonas sp. Ost2	2678260	S	250	254	504	0.00003	0.00001	0.00000	0.00002	64	5.0
Pseudomonas sp. PIA16	2931382	S	247	249	496	0.00003	0.00001	0.00000	0.00002	64	5.0
Pseudomonas sp. LG1E9	2219057	S	231	246	477	0.00003	0.00001	0.00002	0.00001	62	nan
Pseudomonas sp. S35	1573719	S	209	220	429	0.00002	0.00001	0.00001	0.00001	62	nan
Pseudomonas sp. B21-056	2895495	S	198	207	405	0.00002	0.00001	0.00001	0.00001	62	nan
Pseudomonas sp. B21-017	2895474	S	196	525	721	0.00004	0.00003	0.00003	0.00003	61	nan
Pseudomonas sp. ADAK18	2730848	S	183	186	369	0.00002	0.00001	0.00001	0.00001	60	nan
Pseudomonas sp. SK3(2021)	2841064	S	181	211	392	0.00002	0.00001	0.00000	0.00001	64	5.0
Pseudomonas sp. FP1962	2954083	S	179	356	535	0.00003	0.00002	0.00002	0.00002	61	nan
Pseudomonas sp. G2-4	1506334	S	178	187	365	0.00002	0.00001	0.00001	0.00001	62	nan
Pseudomonas sp. GR 6-02	1659194	S	178	526	704	0.00004	0.00003	0.00003	0.00003	61	nan
Pseudomonas sp. Tri1	2823875	S	177	187	364	0.00002	0.00001	0.00001	0.00001	62	nan
Pseudomonas sp. S09G 359	2054919	S	169	177	346	0.00002	0.00001	0.00001	0.00001	62	nan
Pseudomonas sp. B21-028	2895480	S	161	171	332	0.00002	0.00001	0.00001	0.00001	62	nan
Pseudomonas sp. Lz4W	1206777	S	159	162	321	0.00002	0.00001	0.00001	0.00001	60	nan
Pseudomonas sp. DG56-2	2320270	S	158	159	317	0.00002	0.00001	0.00000	0.00001	60	5.0
Pseudomonas sp. IzPS59	2774459	S	157	177	334	0.00002	0.00001	0.00001	0.00001	62	nan
Pseudomonas sp. B21-021	2895476	S	156	186	342	0.00002	0.00001	0.00001	0.00001	62	nan
Pseudomonas sp. FP2309	2954091	S	155	161	316	0.00002	0.00001	0.00001	0.00001	62	nan
Pseudomonas sp. FP597	2954096	S	150	157	307	0.00002	0.00001	0.00001	0.00001	62	nan
Pseudomonas sp. ADAK13	2730847	S	150	158	308	0.00002	0.00001	0.00001	0.00001	63	nan
Pseudomonas sp. PMCC200344	3042028	S	146	336	482	0.00003	0.00002	0.00002	0.00002	61	nan
Pseudomonas sp. FP1935	2954082	S	145	291	436	0.00002	0.00002	0.00002	0.00002	60	nan
Pseudomonas sp. OE 28.3	2745519	S	141	153	294	0.00002	0.00001	0.00001	0.00001	61	nan
Pseudomonas sp. HN11	1344094	S	140	146	286	0.00002	0.00001	0.00001	0.00001	61	nan
Pseudomonas sp. PMCC200367	3042029	S	138	324	462	0.00003	0.00002	0.00002	0.00002	61	nan
Pseudomonas sp. RU47	2005388	S	137	350	487	0.00003	0.00002	0.00002	0.00002	61	nan
Pseudomonas sp. BSw22131	3002903	S	136	136	272	0.00002	0.00001	0.00000	0.00001	60	5.0
Pseudomonas sp. SC3(2021)	2871493	S	133	229	362	0.00002	0.00001	0.00002	0.00001	62	nan
Pseudomonas sp. FP2338	2954093	S	131	142	273	0.00002	0.00001	0.00001	0.00001	62	nan
Pseudomonas sp. B21-054	2895494	S	124	133	257	0.00001	0.00001	0.00001	0.00001	62	nan
Pseudomonas sp. MM227	3019968	S	122	123	245	0.00001	0.00001	0.00000	0.00001	64	5.0
Pseudomonas sp. FP2335	2954092	S	120	126	246	0.00001	0.00001	0.00000	0.00001	62	5.0
Pseudomonas sp. R5-89-07	658644	S	119	127	246	0.00001	0.00001	0.00001	0.00001	62	nan
Pseudomonas sp. MIL9	2807620	S	119	123	242	0.00001	0.00001	0.00001	0.00001	61	nan
Pseudomonas sp. DTU_2021_1001937_2_SI_NGA_ILE_001	3077589	S	118	119	237	0.00001	0.00001	0.00000	0.00001	65	5.0
Pseudomonas sp. FP453	2954094	S	118	125	243	0.00001	0.00001	0.00000	0.00001	63	5.0
Pseudomonas sp. StFLB209	1028989	S	118	119	237	0.00001	0.00001	0.00001	0.00001	62	nan
Pseudomonas sp. St316	2678257	S	118	130	248	0.00001	0.00001	0.00001	0.00001	62	nan
Pseudomonas sp. HLS-6	2049589	S	116	119	235	0.00001	0.00001	0.00001	0.00001	61	nan
Pseudomonas sp. S49	1573720	S	114	302	416	0.00002	0.00002	0.00002	0.00002	61	nan
Pseudomonas sp. AN-B15	2697023	S	113	199	312	0.00002	0.00001	0.00001	0.00001	61	nan
Pseudomonas sp. Y5-11	2749808	S	112	202	314	0.00002	0.00001	0.00001	0.00001	62	nan
Pseudomonas sp. DR 5-09	1534110	S	112	162	274	0.00002	0.00001	0.00001	0.00001	62	nan
Pseudomonas sp. BT-42-2	2986927	S	103	104	207	0.00001	0.00001	0.00000	0.00001	63	5.0
Pseudomonas sp. LS44	1357074	S	103	103	206	0.00001	0.00001	0.00000	0.00001	64	5.0
Pseudomonas sp. P108	1837993	S	102	256	358	0.00002	0.00001	0.00001	0.00001	61	nan
Pseudomonas atacamensis	2565368	S	36315	47938	84253	0.00483	0.00275	0.00312	0.00280	61	nan
Pseudomonas tensinigenes	2745511	S	35761	40417	76178	0.00437	0.00232	0.00249	0.00233	60	nan
Pseudomonas sivasensis	1880678	S	30273	31267	61540	0.00353	0.00179	0.00189	0.00182	61	nan
Pseudomonas serbica	2965074	S	12907	12907	25814	0.00148	0.00074	0.00075	0.00070	55	nan
Pseudomonas fluorescens	294	S	3903	4498	8401	0.00048	0.00026	0.00032	0.00026	62	nan
Pseudomonas moraviensis	321662	S	3701	5679	9380	0.00054	0.00033	0.00040	0.00033	61	nan
Pseudomonas koreensis	198620	S	1328	1876	3204	0.00018	0.00011	0.00014	0.00011	62	nan
Pseudomonas granadensis	1421430	S	663	749	1412	0.00008	0.00004	0.00005	0.00004	62	nan
Pseudomonas synxantha	47883	S	280	409	689	0.00004	0.00002	0.00003	0.00002	61	nan
Pseudomonas orientalis	76758	S	257	279	536	0.00003	0.00002	0.00002	0.00002	62	nan
Pseudomonas rhodesiae	76760	S	246	266	512	0.00003	0.00002	0.00002	0.00002	62	nan
Pseudomonas tolaasii	29442	S	180	190	370	0.00002	0.00001	0.00000	0.00001	62	5.0
Pseudomonas corrugata	47879	S	179	192	371	0.00002	0.00001	0.00000	0.00001	62	5.0
Pseudomonas poae	200451	S	163	192	355	0.00002	0.00001	0.00001	0.00001	62	nan
Pseudomonas migulae	78543	S	161	188	349	0.00002	0.00001	0.00001	0.00001	61	nan
Pseudomonas trivialis	200450	S	151	173	324	0.00002	0.00001	0.00001	0.00001	62	nan
Pseudomonas azotoformans	47878	S	144	255	399	0.00002	0.00001	0.00002	0.00002	62	nan
Pseudomonas mucidolens	46679	S	132	136	268	0.00002	0.00001	0.00001	0.00001	60	nan
Pseudomonas mandelii	75612	S	121	220	341	0.00002	0.00001	0.00001	0.00001	61	nan
Pseudomonas mediterranea	183795	S	108	121	229	0.00001	0.00001	0.00000	0.00001	63	5.0
Pseudomonas brenneri	129817	S	106	115	221	0.00001	0.00001	0.00001	0.00001	62	nan
Pseudomonas umsongensis	198618	S	10534	10854	21388	0.00123	0.00062	0.00066	0.00063	61	nan
Pseudomonas hygromyciniae	2812000	S	9244	10389	19633	0.00113	0.00060	0.00067	0.00061	62	nan
Pseudomonas siliginis	2842346	S	5386	8228	13614	0.00078	0.00047	0.00058	0.00048	61	nan
Pseudomonas germanica	2815720	S	4969	9660	14629	0.00084	0.00055	0.00063	0.00056	61	nan
Pseudomonas iranensis	2745503	S	2715	3523	6238	0.00036	0.00020	0.00025	0.00021	61	nan
Pseudomonas putida	303	S	1792	2800	4592	0.00026	0.00016	0.00000	0.00017	62	5.0
Pseudomonas chlororaphis	587753	S	914	1223	2137	0.00012	0.00007	0.00000	0.00007	64	5.0
Pseudomonas fragi	296	S	441	484	925	0.00005	0.00003	0.00003	0.00003	60	nan
Pseudomonas protegens	380021	S	286	4953	5239	0.00030	0.00028	0.00035	0.00029	61	nan
Pseudomonas syringae	317	S	307	671	978	0.00006	0.00004	0.00004	0.00004	60	nan
Pseudomonas viridiflava	33069	S	264	274	538	0.00003	0.00002	0.00002	0.00002	61	nan
Pseudomonas izuensis	2684212	S	1255	1288	2543	0.00015	0.00007	0.00008	0.00007	61	nan
Pseudomonas silesiensis	1853130	S	917	947	1864	0.00011	0.00005	0.00006	0.00006	61	nan
Pseudomonas reinekei	395598	S	822	868	1690	0.00010	0.00005	0.00005	0.00005	61	nan
Pseudomonas hamedanensis	2745504	S	810	834	1644	0.00009	0.00005	0.00006	0.00005	61	nan
Pseudomonas aeruginosa	287	S	481	1556	2037	0.00012	0.00009	0.00000	0.00010	62	5.0
Pseudomonas vancouverensis	95300	S	627	640	1267	0.00007	0.00004	0.00005	0.00004	62	nan
Pseudomonas frederiksbergensis	104087	S	621	682	1303	0.00007	0.00004	0.00004	0.00004	61	nan
Pseudomonas laurylsulfatiphila	2011015	S	601	646	1247	0.00007	0.00004	0.00005	0.00004	61	nan
Pseudomonas arsenicoxydans	702115	S	448	469	917	0.00005	0.00003	0.00003	0.00003	60	nan
Pseudomonas hormoni	3093767	S	448	468	916	0.00005	0.00003	0.00003	0.00003	61	nan
Pseudomonas azerbaijanorientalis	2842350	S	395	478	873	0.00005	0.00003	0.00003	0.00003	62	nan
Pseudomonas kribbensis	1628086	S	368	478	846	0.00005	0.00003	0.00004	0.00003	62	nan
Pseudomonas prosekii	1148509	S	308	314	622	0.00004	0.00002	0.00002	0.00002	61	nan
Pseudomonas zeae	2745510	S	276	317	593	0.00003	0.00002	0.00002	0.00002	61	nan
Pseudomonas kielensis	2762577	S	240	249	489	0.00003	0.00001	0.00000	0.00001	63	5.0
Pseudomonas brassicacearum	930166	S	238	395	633	0.00004	0.00002	0.00003	0.00002	62	nan
Pseudomonas serboccidentalis	2964670	S	224	237	461	0.00003	0.00001	0.00002	0.00001	62	nan
Pseudomonas lini	163011	S	178	189	367	0.00002	0.00001	0.00001	0.00001	60	nan
Pseudomonas extremaustralis	359110	S	166	172	338	0.00002	0.00001	0.00000	0.00001	63	5.0
Pseudomonas allokribbensis	2774460	S	165	179	344	0.00002	0.00001	0.00001	0.00001	62	nan
Pseudomonas nunensis	2961896	S	152	162	314	0.00002	0.00001	0.00001	0.00001	61	nan
Pseudomonas simiae	321846	S	140	147	287	0.00002	0.00001	0.00001	0.00001	62	nan
Pseudomonas alkylphenolica	237609	S	136	138	274	0.00002	0.00001	0.00000	0.00001	63	5.0
Pseudomonas gozinkensis	2774461	S	135	149	284	0.00002	0.00001	0.00001	0.00001	62	nan
Pseudomonas lurida	244566	S	134	140	274	0.00002	0.00001	0.00000	0.00001	62	5.0
Pseudomonas taetrolens	47884	S	122	123	245	0.00001	0.00001	0.00000	0.00001	59	5.0
Pseudomonas vanderleydeniana	2745495	S	118	119	237	0.00001	0.00001	0.00000	0.00001	65	5.0
Pseudomonas palleroniana	191390	S	116	141	257	0.00001	0.00001	0.00001	0.00001	62	nan
Pseudomonas viciae	2505979	S	115	121	236	0.00001	0.00001	0.00001	0.00001	62	nan
Pseudomonas fitomaticsae	2837969	S	107	123	230	0.00001	0.00001	0.00000	0.00001	62	5.0
Pseudomonas agarici	46677	S	106	106	212	0.00001	0.00001	0.00001	0.00001	61	nan
Pseudomonas glycinae	1785145	S	106	124	230	0.00001	0.00001	0.00000	0.00001	62	5.0
Pseudomonas phytophila	2867264	S	105	105	210	0.00001	0.00001	0.00000	0.00001	59	4.0
Pseudomonas psychrophila	122355	S	102	103	205	0.00001	0.00001	0.00000	0.00001	58	4.0
Marinobacter sp. LA51	3035454	S	66198	132237	198435	0.01137	0.00758	0.00000	0.00745	58	5.0
Marinobacter sp. BSs20148	490759	S	143	399	542	0.00003	0.00002	0.00000	0.00002	58	5.0
Psychrobacter sp. WB2	3043330	S	168155	172879	341034	0.01954	0.00991	0.01044	0.00970	45	nan
Psychrobacter sp. 28M-43	2772254	S	127765	130739	258504	0.01481	0.00749	0.00776	0.00734	45	nan
Psychrobacter sp. van23A	3064892	S	10898	11343	22241	0.00127	0.00065	0.00068	0.00064	47	nan
Psychrobacter sp. KCTC 72983	2733866	S	9130	11165	20295	0.00116	0.00064	0.00066	0.00062	45	nan
Psychrobacter sp. P11G5	1699624	S	1595	1905	3500	0.00020	0.00011	0.00000	0.00011	44	5.0
Psychrobacter sp. SC65A.3	2983299	S	1457	1784	3241	0.00019	0.00010	0.00000	0.00010	45	5.0
Psychrobacter sp. P2G3	1699622	S	1249	1483	2732	0.00016	0.00009	0.00000	0.00008	44	5.0
Psychrobacter sp. G	571800	S	1195	1478	2673	0.00015	0.00008	0.00000	0.00008	45	5.0
Psychrobacter sp. P11F6	1699621	S	938	952	1890	0.00011	0.00005	0.00006	0.00005	45	nan
Psychrobacter sp. DAB_AL43B	1028416	S	813	816	1629	0.00009	0.00005	0.00000	0.00005	44	5.0
Psychrobacter sp.	56811	S	548	582	1130	0.00006	0.00003	0.00000	0.00003	39	5.0
Psychrobacter sp. P11G3	1699623	S	266	272	538	0.00003	0.00002	0.00000	0.00002	46	5.0
Psychrobacter sp. AntiMn-1	1720344	S	173	294	467	0.00003	0.00002	0.00000	0.00002	45	5.0
Psychrobacter sp. M13	3067275	S	149	149	298	0.00002	0.00001	0.00000	0.00001	45	5.0
Psychrobacter cryohalolentis	330922	S	1952	2423	4375	0.00025	0.00014	0.00000	0.00014	44	5.0
Psychrobacter arcticus	334543	S	466	469	935	0.00005	0.00003	0.00000	0.00003	45	4.0
Psychrobacter urativorans	45610	S	198	199	397	0.00002	0.00001	0.00000	0.00001	45	4.0
Acinetobacter sp. YH12138	2601122	S	100159	143773	243932	0.01398	0.00824	0.00906	0.00840	41	nan
Acinetobacter sp. 16	3081771	S	11436	65786	77222	0.00442	0.00377	0.00414	0.00389	40	nan
Acinetobacter sp. Ac-14	2781976	S	625	15777	16402	0.00094	0.00090	0.00098	0.00093	40	nan
Acinetobacter sp. Tol 5	710648	S	590	1603	2193	0.00013	0.00009	0.00010	0.00010	39	nan
Acinetobacter sp. Marseille-Q1620	2714110	S	245	245	490	0.00003	0.00001	0.00000	0.00001	39	5.0
Acinetobacter sp. TTH0-4	1646498	S	204	214	418	0.00002	0.00001	0.00001	0.00001	40	nan
Acinetobacter sp. TAC-1	3027470	S	179	265	444	0.00003	0.00002	0.00002	0.00002	40	nan
Acinetobacter sp. MYb10	1827285	S	172	244	416	0.00002	0.00001	0.00002	0.00001	40	nan
Acinetobacter sp. TGL-Y2	1407071	S	169	169	338	0.00002	0.00001	0.00000	0.00001	41	5.0
Acinetobacter sp. Z1	2953738	S	160	166	326	0.00002	0.00001	0.00001	0.00001	40	nan
Acinetobacter sp. CS-2	2798861	S	155	175	330	0.00002	0.00001	0.00000	0.00001	42	5.0
Acinetobacter sp. Res13-Abat-PEC07-P2-02	2777947	S	143	339	482	0.00003	0.00002	0.00002	0.00002	40	nan
Acinetobacter sp. KCTC 92772	3045147	S	139	149	288	0.00002	0.00001	0.00000	0.00001	43	5.0
Acinetobacter sp. NyZ410	2929509	S	134	195	329	0.00002	0.00001	0.00001	0.00001	40	nan
Acinetobacter sp. SH20PTE14	2905879	S	133	186	319	0.00002	0.00001	0.00001	0.00001	42	nan
Acinetobacter sp. 10FS3-1	2563897	S	132	162	294	0.00002	0.00001	0.00000	0.00001	44	5.0
Acinetobacter sp. NCu2D-2	1608473	S	108	111	219	0.00001	0.00001	0.00000	0.00001	41	5.0
Acinetobacter indicus	756892	S	36216	38978	75194	0.00431	0.00223	0.00233	0.00217	47	nan
Acinetobacter bereziniae	106648	S	5897	8307	14204	0.00081	0.00048	0.00055	0.00050	40	nan
Acinetobacter baumannii	470	S	1343	5595	6938	0.00040	0.00032	0.00035	0.00033	40	nan
Acinetobacter pittii	48296	S	380	610	990	0.00006	0.00003	0.00004	0.00004	40	nan
Acinetobacter seifertii	1530123	S	365	404	769	0.00004	0.00002	0.00003	0.00002	40	nan
Acinetobacter calcoaceticus	471	S	187	194	381	0.00002	0.00001	0.00001	0.00001	40	nan
Acinetobacter nosocomialis	106654	S	114	133	247	0.00001	0.00001	0.00001	0.00001	40	nan
Acinetobacter wuhouensis	1879050	S	973	1057	2030	0.00012	0.00006	0.00007	0.00006	40	nan
Acinetobacter johnsonii	40214	S	535	763	1298	0.00007	0.00004	0.00000	0.00004	42	5.0
Acinetobacter junii	40215	S	462	822	1284	0.00007	0.00005	0.00005	0.00005	40	nan
Acinetobacter guillouiae	106649	S	461	604	1065	0.00006	0.00003	0.00004	0.00004	40	nan
Acinetobacter piscicola	2006115	S	307	333	640	0.00004	0.00002	0.00002	0.00002	39	nan
Acinetobacter haemolyticus	29430	S	282	318	600	0.00003	0.00002	0.00002	0.00002	40	nan
Acinetobacter defluvii	1871111	S	264	296	560	0.00003	0.00002	0.00002	0.00002	40	nan
Acinetobacter towneri	202956	S	239	377	616	0.00004	0.00002	0.00000	0.00002	42	5.0
Acinetobacter lwoffii	28090	S	165	259	424	0.00002	0.00001	0.00000	0.00001	42	5.0
Acinetobacter shaoyimingii	2715164	S	154	155	309	0.00002	0.00001	0.00001	0.00001	40	nan
Acinetobacter schindleri	108981	S	148	164	312	0.00002	0.00001	0.00000	0.00001	44	4.0
Acinetobacter vivianii	1776742	S	140	142	282	0.00002	0.00001	0.00000	0.00001	44	4.0
Acinetobacter radioresistens	40216	S	132	137	269	0.00002	0.00001	0.00000	0.00001	43	4.0
Acinetobacter variabilis	70346	S	131	189	320	0.00002	0.00001	0.00000	0.00001	43	5.0
Acinetobacter equi	1324350	S	126	126	252	0.00001	0.00001	0.00000	0.00001	36	4.0
Acinetobacter colistiniresistens	280145	S	118	122	240	0.00001	0.00001	0.00000	0.00001	43	4.0
Acinetobacter venetianus	52133	S	117	127	244	0.00001	0.00001	0.00001	0.00001	40	nan
Acinetobacter lanii	2715163	S	113	114	227	0.00001	0.00001	0.00000	0.00001	43	4.0
Acinetobacter baylyi	202950	S	112	114	226	0.00001	0.00001	0.00000	0.00001	42	5.0
Acinetobacter cumulans	2136182	S	110	114	224	0.00001	0.00001	0.00000	0.00001	41	5.0
Acinetobacter ursingii	108980	S	109	176	285	0.00002	0.00001	0.00001	0.00001	41	nan
Acinetobacter proteolyticus	1776741	S	100	112	212	0.00001	0.00001	0.00000	0.00001	42	5.0
Moraxella sp. ZY210820	2904123	S	6653	6701	13354	0.00077	0.00038	0.00046	0.00043	37	nan
Moraxella sp. FZFQ2102	2953752	S	102	200	302	0.00002	0.00001	0.00000	0.00001	50	4.0
Halomonas sp. I5-271120	3061632	S	153295	154108	307403	0.01761	0.00883	0.00956	0.00936	64	nan
Halomonas sp. XH26	2557993	S	31446	43198	74644	0.00428	0.00248	0.00249	0.00234	53	nan
Halomonas sp. MS1	507763	S	21384	42633	64017	0.00367	0.00244	0.00246	0.00231	53	nan
Halomonas sp. TD01	999141	S	111	115	226	0.00001	0.00001	0.00001	0.00001	54	nan
Halomonas sp. GT	1971364	S	106	113	219	0.00001	0.00001	0.00001	0.00001	53	nan
Halomonas socia	1081866	S	76697	76987	153684	0.00881	0.00441	0.00523	0.00494	66	nan
Halomonas titanicae	664683	S	55800	76019	131819	0.00755	0.00436	0.00450	0.00418	56	nan
Halomonas tianxiuensis	2497861	S	13024	13113	26137	0.00150	0.00075	0.00090	0.00083	65	nan
Marinomonas arctica	383750	S	54333	54775	109108	0.00625	0.00314	0.00320	0.00302	45	nan
Marinomonas sp. FW-1	2071621	S	22944	23195	46139	0.00264	0.00133	0.00136	0.00128	44	nan
Marinomonas sp. CT5	2066133	S	6991	7009	14000	0.00080	0.00040	0.00042	0.00039	44	nan
Marinomonas profundi	2726122	S	9508	9601	19109	0.00109	0.00055	0.00055	0.00052	47	nan
Neptunomonas phycophila	1572645	S	36961	37101	74062	0.00424	0.00213	0.00215	0.00202	46	nan
Bacterioplanes sanyensis	1249553	S	18657	18759	37416	0.00214	0.00107	0.00112	0.00101	54	nan
Thalassolituus oleivorans	187493	S	7717	7876	15593	0.00089	0.00045	0.00045	0.00043	47	nan
Thalassolituus hydrocarboniclasticus	2742796	S	485	620	1105	0.00006	0.00004	0.00000	0.00003	55	5.0
Thalassolituus sp. C2-1	2597518	S	465	585	1050	0.00006	0.00003	0.00004	0.00003	54	nan
Venatoribacter cucullus	2661630	S	696	701	1397	0.00008	0.00004	0.00000	0.00004	56	5.0
Bacterioplanoides sp. SCSIO 12839	2829569	S	626	629	1255	0.00007	0.00004	0.00000	0.00003	49	4.0
Spartinivicinus ruber	2683272	S	31211	31223	62434	0.00358	0.00179	0.00192	0.00181	41	nan
Beggiatoa leptomitoformis	288004	S	317280	317306	634586	0.03636	0.01818	0.01946	0.01830	41	nan
Thiomicrorhabdus sp.	2039724	S	147927	148135	296062	0.01696	0.00849	0.00865	0.00801	50	nan
Thiomicrorhabdus indica	2267253	S	19209	19222	38431	0.00220	0.00110	0.00116	0.00109	43	nan
Hydrogenovibrio thermophilus	265883	S	47058	49773	96831	0.00555	0.00285	0.00286	0.00270	52	nan
Thiomicrospira cyclica	147268	S	12128	12148	24276	0.00139	0.00070	0.00070	0.00066	46	nan
Vibrio vulnificus	672	S	253839	259872	513711	0.02944	0.01489	0.00000	0.01412	48	5.0
Vibrio sp. B1ASS3	2751176	S	14183	19300	33483	0.00192	0.00111	0.00000	0.00105	47	5.0
Vibrio sp. LQ2	2883075	S	13699	45691	59390	0.00340	0.00262	0.00262	0.00247	50	nan
Vibrio sp. SCSIO 43137	3021011	S	6484	6504	12988	0.00074	0.00037	0.00038	0.00036	47	nan
Vibrio astriarenae	1481923	S	28778	28935	57713	0.00331	0.00166	0.00167	0.00157	47	nan
Vibrio mangrovi	474394	S	21589	21637	43226	0.00248	0.00124	0.00126	0.00119	46	nan
Vibrio taketomensis	2572923	S	11693	11782	23475	0.00135	0.00068	0.00069	0.00065	45	nan
Vibrio scophthalmi	45658	S	8644	8737	17381	0.00100	0.00050	0.00052	0.00048	45	nan
Vibrio tarriae	2014742	S	7138	9108	16246	0.00093	0.00052	0.00053	0.00049	49	nan
Vibrio europaeus	300876	S	6151	6387	12538	0.00072	0.00037	0.00037	0.00035	46	nan
Vibrio tubiashii	29498	S	708	734	1442	0.00008	0.00004	0.00000	0.00004	46	4.0
Vibrio cholerae	666	S	5681	7608	13289	0.00076	0.00044	0.00000	0.00041	49	5.0
Vibrio parahaemolyticus	670	S	2568	2926	5494	0.00031	0.00017	0.00000	0.00016	47	4.0
Vibrio harveyi	669	S	357	563	920	0.00005	0.00003	0.00000	0.00003	47	4.0
Vibrio alginolyticus	663	S	313	705	1018	0.00006	0.00004	0.00000	0.00004	47	4.0
Vibrio campbellii	680	S	230	315	545	0.00003	0.00002	0.00000	0.00002	47	4.0
Vibrio owensii	696485	S	219	299	518	0.00003	0.00002	0.00000	0.00002	47	4.0
Vibrio rotiferianus	190895	S	122	157	279	0.00002	0.00001	0.00000	0.00001	46	4.0
Vibrio metoecus	1481663	S	1112	1223	2335	0.00013	0.00007	0.00000	0.00007	48	5.0
Vibrio anguillarum	55601	S	781	1068	1849	0.00011	0.00006	0.00000	0.00006	46	4.0
Vibrio fluvialis	676	S	731	910	1641	0.00009	0.00005	0.00005	0.00005	51	nan
Vibrio aestuarianus	28171	S	685	700	1385	0.00008	0.00004	0.00000	0.00004	43	4.0
Vibrio mimicus	674	S	578	607	1185	0.00007	0.00003	0.00000	0.00003	47	4.0
Vibrio furnissii	29494	S	320	333	653	0.00004	0.00002	0.00000	0.00002	52	5.0
Vibrio navarrensis	29495	S	277	292	569	0.00003	0.00002	0.00002	0.00002	50	nan
Vibrio atlanticus	693153	S	218	259	477	0.00003	0.00001	0.00000	0.00001	46	4.0
Vibrio nigripulchritudo	28173	S	154	165	319	0.00002	0.00001	0.00000	0.00001	47	4.0
Vibrio crassostreae	246167	S	144	163	307	0.00002	0.00001	0.00000	0.00001	46	4.0
uncultured Vibrio sp.	114054	S	103	118	221	0.00001	0.00001	0.00000	0.00001	46	4.0
Thaumasiovibrio subtropicus	1891207	S	14964	15008	29972	0.00172	0.00086	0.00086	0.00081	48	nan
Photobacterium damselae	38293	S	405	419	824	0.00005	0.00002	0.00000	0.00002	42	5.0
Shewanella decolorationis	256839	S	68822	73133	141955	0.00813	0.00419	0.00421	0.00398	48	nan
Shewanella maritima	2520507	S	41696	41778	83474	0.00478	0.00239	0.00243	0.00229	45	nan
Shewanella oneidensis	70863	S	25896	26268	52164	0.00299	0.00151	0.00152	0.00144	47	nan
Shewanella benthica	43661	S	5684	5712	11396	0.00065	0.00033	0.00033	0.00031	48	nan
Shewanella sp. Pdp11	2059264	S	5353	5828	11181	0.00064	0.00033	0.00034	0.00032	48	nan
Shewanella putrefaciens	24	S	2411	3135	5546	0.00032	0.00018	0.00000	0.00017	46	5.0
Pseudoalteromonas sp. SiA1	2839744	S	13395	30911	44306	0.00254	0.00177	0.00192	0.00178	41	nan
Pseudoalteromonas sp. KAN5	2916633	S	7199	12300	19499	0.00112	0.00070	0.00075	0.00070	42	nan
Pseudoalteromonas sp. A25	116092	S	5782	5801	11583	0.00066	0.00033	0.00035	0.00033	42	nan
Pseudoalteromonas viridis	339617	S	23589	23929	47518	0.00272	0.00137	0.00137	0.00129	51	nan
Pseudoalteromonas undina	43660	S	15098	18876	33974	0.00195	0.00108	0.00117	0.00109	41	nan
Alteromonas sp. MB-3u-76	2058133	S	19845	38442	58287	0.00334	0.00220	0.00226	0.00212	44	nan
Alteromonas sp. RKMC-009	2267264	S	11539	11587	23126	0.00133	0.00066	0.00066	0.00062	50	nan
Sulfuriflexus mobilis	1811807	S	112381	112404	224785	0.01288	0.00644	0.00660	0.00620	55	nan
Nitrosococcus watsonii	473531	S	36883	37122	74005	0.00424	0.00213	0.00214	0.00202	50	nan
Halorhodospira halochloris	1052	S	9072	9077	18149	0.00104	0.00052	0.00054	0.00050	56	nan
Legionella sainthelensi	28087	S	102840	103390	206230	0.01182	0.00592	0.00667	0.00630	37	nan
Legionella oakridgensis	29423	S	21677	21759	43436	0.00249	0.00125	0.00134	0.00125	41	nan
Aequoribacter fuscus	2518989	S	114716	115278	229994	0.01318	0.00661	0.00658	0.00618	52	nan
Simiduia agarivorans	447471	S	4091	4102	8193	0.00047	0.00024	0.00024	0.00023	57	nan
Microbulbifer sp. MI-G	2944933	S	3365	3438	6803	0.00039	0.00020	0.00021	0.00019	56	nan
Haemophilus influenzae	727	S	75746	84302	160048	0.00917	0.00483	0.00537	0.00504	39	nan
Haemophilus haemolyticus	726	S	212	217	429	0.00002	0.00001	0.00000	0.00001	39	5.0
Haemophilus parainfluenzae	729	S	100	100	200	0.00001	0.00001	0.00000	0.00001	40	4.0
Actinobacillus porcitonsillarum	189834	S	114	160	274	0.00002	0.00001	0.00000	0.00001	40	4.0
Glaesserella parasuis	738	S	105	106	211	0.00001	0.00001	0.00000	0.00001	41	3.0
Aeromonas veronii	654	S	32599	41977	74576	0.00427	0.00241	0.00257	0.00244	62	nan
Aeromonas sp. CA23	2033032	S	7769	9129	16898	0.00097	0.00052	0.00060	0.00054	63	nan
Aeromonas sp. CU5	2033033	S	201	211	412	0.00002	0.00001	0.00000	0.00001	61	5.0
Aeromonas salmonicida	645	S	6515	7060	13575	0.00078	0.00040	0.00000	0.00041	61	5.0
Aeromonas bestiarum	105751	S	2425	2874	5299	0.00030	0.00016	0.00022	0.00017	63	nan
Aeromonas hydrophila	644	S	1128	1841	2969	0.00017	0.00011	0.00000	0.00011	63	5.0
Aeromonas media	651	S	393	436	829	0.00005	0.00002	0.00000	0.00003	64	5.0
Aeromonas dhakensis	196024	S	388	545	933	0.00005	0.00003	0.00000	0.00003	64	5.0
Aeromonas encheleia	73010	S	301	306	607	0.00003	0.00002	0.00000	0.00002	65	5.0
Aeromonas caviae	648	S	261	537	798	0.00005	0.00003	0.00000	0.00003	63	5.0
Aeromonas jandaei	650	S	198	229	427	0.00002	0.00001	0.00002	0.00001	62	nan
Aeromonas allosaccharophila	656	S	175	224	399	0.00002	0.00001	0.00002	0.00001	62	nan
Aeromonas enteropelogenes	29489	S	133	149	282	0.00002	0.00001	0.00000	0.00001	63	5.0
Methylomonas sp. LW13	107637	S	16042	17944	33986	0.00195	0.00103	0.00103	0.00097	53	nan
Methylotuvimicrobium alcaliphilum	271065	S	10880	11501	22381	0.00128	0.00066	0.00066	0.00062	49	nan
Methylocaldum szegediense	73780	S	9414	9429	18843	0.00108	0.00054	0.00056	0.00053	57	nan
Xanthomonas fragariae	48664	S	33874	36129	70003	0.00401	0.00207	0.00230	0.00220	63	nan
Sinimarinibacterium sp. NLF-5-8	2698684	S	10104	10214	20318	0.00116	0.00059	0.00064	0.00061	61	nan
Polynucleobacter sp. MWH-UH2A	1855617	S	212133	213772	425905	0.02441	0.01225	0.01235	0.01164	46	nan
Polynucleobacter sp. HIN5	3047864	S	81253	83388	164641	0.00943	0.00478	0.00479	0.00450	48	nan
Polynucleobacter sp. AP-Sving-400A-A2	2081049	S	32768	33233	66001	0.00378	0.00190	0.00192	0.00181	47	nan
Polynucleobacter sp. JS-Mosq-20-D10	2576922	S	27851	28156	56007	0.00321	0.00161	0.00164	0.00153	46	nan
Polynucleobacter sp. HIN7	3047866	S	17752	23448	41200	0.00236	0.00134	0.00134	0.00126	48	nan
Polynucleobacter sp. AP-Jannik-300A-C4	2576928	S	17204	17772	34976	0.00200	0.00102	0.00103	0.00097	46	nan
Polynucleobacter difficilis	556054	S	9781	9822	19603	0.00112	0.00056	0.00056	0.00053	50	nan
Lautropia mirabilis	47671	S	34042	34291	68333	0.00392	0.00196	0.00227	0.00224	66	nan
Ralstonia pickettii	329	S	134	161	295	0.00002	0.00001	0.00000	0.00001	65	4.0
Oxalobacter aliiformigenes	2946593	S	83309	83708	167017	0.00957	0.00480	0.00487	0.00455	52	nan
Oxalobacter formigenes	847	S	55770	55946	111716	0.00640	0.00321	0.00323	0.00304	51	nan
Janthinobacterium sp. HH102	1537274	S	30270	39076	69346	0.00397	0.00224	0.00241	0.00242	65	nan
Achromobacter insolitus	217204	S	44048	44714	88762	0.00509	0.00256	0.00299	0.00290	66	nan
Achromobacter sp. R39	3047478	S	240	257	497	0.00003	0.00001	0.00000	0.00002	62	4.0
Achromobacter xylosoxidans	85698	S	270	292	562	0.00003	0.00002	0.00000	0.00002	67	4.0
Achromobacter spanius	217203	S	154	184	338	0.00002	0.00001	0.00000	0.00001	66	4.0
Achromobacter denitrificans	32002	S	136	138	274	0.00002	0.00001	0.00000	0.00001	69	4.0
Advenella kashmirensis	310575	S	34761	34832	69593	0.00399	0.00200	0.00204	0.00192	57	nan
Alcaligenes faecalis	511	S	278	416	694	0.00004	0.00002	0.00000	0.00002	58	4.0
Alcaligenes aquatilis	323284	S	126	313	439	0.00003	0.00002	0.00000	0.00002	57	4.0
Paenalcaligenes hominis	643674	S	113	156	269	0.00002	0.00001	0.00000	0.00001	49	4.0
Comamonas sp. PR12	2977320	S	27678	50073	77751	0.00446	0.00287	0.00336	0.00315	65	nan
Comamonas piscis	1562974	S	119	121	240	0.00001	0.00001	0.00000	0.00001	64	5.0
Rhodoferax sp. MIZ03	2798804	S	5869	6957	12826	0.00073	0.00040	0.00041	0.00039	57	nan
Rhodoferax sp. BAB1	2741720	S	266	281	547	0.00003	0.00002	0.00000	0.00002	67	4.0
Rhodoferax sp. AJA081-3	2752316	S	109	109	218	0.00001	0.00001	0.00000	0.00001	62	4.0
Rhodoferax saidenbachensis	1484693	S	141	142	283	0.00002	0.00001	0.00000	0.00001	63	4.0
Rhodoferax sediminis	2509614	S	140	142	282	0.00002	0.00001	0.00000	0.00001	66	4.0
Rhodoferax koreense	1842727	S	114	119	233	0.00001	0.00001	0.00000	0.00001	68	4.0
Polaromonas sp. JS666	296591	S	1203	2618	3821	0.00022	0.00015	0.00000	0.00016	63	5.0
Polaromonas naphthalenivorans	216465	S	477	509	986	0.00006	0.00003	0.00000	0.00003	64	5.0
Polaromonas vacuolata	37448	S	135	159	294	0.00002	0.00001	0.00000	0.00001	54	4.0
Variovorax paradoxus	34073	S	397	596	993	0.00006	0.00003	0.00000	0.00004	68	4.0
Acidovorax sp. RAC01	1842533	S	211	327	538	0.00003	0.00002	0.00000	0.00002	66	4.0
Ramlibacter tataouinensis	94132	S	192	199	391	0.00002	0.00001	0.00000	0.00001	70	4.0
Neisseria dentiae	194197	S	142677	143137	285814	0.01638	0.00820	0.00848	0.00807	58	nan
Neisseria sp. Marseille-Q5346	2972775	S	106724	121796	228520	0.01309	0.00698	0.00710	0.00668	53	nan
Neisseria sp. oral taxon 014	641148	S	846	873	1719	0.00010	0.00005	0.00000	0.00005	54	5.0
Neisseria sp. Dent CA1/247	2912675	S	158	166	324	0.00002	0.00001	0.00001	0.00001	55	nan
Neisseria sp. KEM232	655307	S	115	115	230	0.00001	0.00001	0.00000	0.00001	60	4.0
Neisseria arctica	1470200	S	16402	16468	32870	0.00188	0.00094	0.00096	0.00091	48	nan
Neisseria musculi	1815583	S	6260	6278	12538	0.00072	0.00036	0.00037	0.00035	55	nan
Neisseria animaloris	326522	S	1680	1712	3392	0.00019	0.00010	0.00000	0.00009	53	5.0
Neisseria meningitidis	487	S	1507	2278	3785	0.00022	0.00013	0.00014	0.00013	54	nan
Neisseria weixii	1853276	S	860	865	1725	0.00010	0.00005	0.00000	0.00005	52	4.0
Neisseria dumasiana	1931275	S	589	610	1199	0.00007	0.00003	0.00000	0.00003	53	4.0
Neisseria yangbaofengii	2709396	S	536	539	1075	0.00006	0.00003	0.00000	0.00003	52	4.0
Neisseria subflava	28449	S	375	420	795	0.00005	0.00002	0.00002	0.00002	52	nan
Neisseria chenwenguii	1853278	S	364	365	729	0.00004	0.00002	0.00000	0.00002	57	5.0
Neisseria weaveri	28091	S	354	361	715	0.00004	0.00002	0.00000	0.00002	52	4.0
Neisseria elongata	495	S	351	360	711	0.00004	0.00002	0.00000	0.00002	57	4.0
Neisseria wadsworthii	607711	S	289	293	582	0.00003	0.00002	0.00000	0.00002	50	5.0
Neisseria brasiliensis	2666100	S	288	292	580	0.00003	0.00002	0.00000	0.00002	52	4.0
Neisseria animalis	492	S	211	211	422	0.00002	0.00001	0.00000	0.00001	54	4.0
Neisseria zalophi	640030	S	175	175	350	0.00002	0.00001	0.00000	0.00001	47	4.0
Neisseria canis	493	S	173	176	349	0.00002	0.00001	0.00000	0.00001	53	5.0
Neisseria shayeganii	607712	S	151	152	303	0.00002	0.00001	0.00000	0.00001	60	4.0
Neisseria lisongii	2912188	S	145	145	290	0.00002	0.00001	0.00000	0.00001	55	4.0
Neisseria zoodegmatis	326523	S	138	148	286	0.00002	0.00001	0.00001	0.00001	54	nan
Neisseria bacilliformis	267212	S	108	109	217	0.00001	0.00001	0.00000	0.00001	60	4.0
Alysiella filiformis	194196	S	52309	52848	105157	0.00603	0.00303	0.00308	0.00291	50	nan
Snodgrassella communis	2946699	S	29212	29994	59206	0.00339	0.00172	0.00186	0.00171	46	nan
Snodgrassella alvi	1196083	S	8443	8707	17150	0.00098	0.00050	0.00000	0.00051	45	5.0
Uruburuella suis	252130	S	193	204	397	0.00002	0.00001	0.00000	0.00001	57	5.0
Uruburuella testudinis	1282863	S	187	197	384	0.00002	0.00001	0.00000	0.00001	56	5.0
Paralysiella testudinis	2809020	S	113	113	226	0.00001	0.00001	0.00000	0.00001	57	4.0
Chitinibacter fontanus	1737446	S	105633	106172	211805	0.01214	0.00608	0.00610	0.00573	51	nan
Silvimonas soli	2980100	S	18991	19007	37998	0.00218	0.00109	0.00113	0.00106	58	nan
Vogesella sp. LIG4	1192162	S	16729	16765	33494	0.00192	0.00096	0.00114	0.00107	66	nan
Methylovorus sp. MP688	887061	S	100860	103993	204853	0.01174	0.00596	0.00610	0.00575	57	nan
Nitrosomonas sp.	42353	S	925	1072	1997	0.00011	0.00006	0.00000	0.00006	52	4.0
Nitrosomonas sp. sh817	3070658	S	631	1184	1815	0.00010	0.00007	0.00000	0.00007	49	5.0
Nitrosomonas ureae	44577	S	1364	1950	3314	0.00019	0.00011	0.00000	0.00011	47	5.0
Nitrosomonas eutropha	916	S	123	205	328	0.00002	0.00001	0.00000	0.00001	48	5.0
Thauera chlorobenzoica	96773	S	9507	9916	19423	0.00111	0.00057	0.00073	0.00069	68	nan
Rhizobium sp. Pop5	1223565	S	142401	152877	295278	0.01692	0.00876	0.00928	0.00902	62	nan
Rhizobium sp. WYJ-E13	2849093	S	83933	84192	168125	0.00963	0.00482	0.00514	0.00489	61	nan
Rhizobium sp. CC1099	3039160	S	22034	39848	61882	0.00355	0.00228	0.00247	0.00231	61	nan
Rhizobium sp. BT-175	2986929	S	15947	89641	105588	0.00605	0.00514	0.00558	0.00530	62	nan
Rhizobium rhizogenes	359	S	88491	89244	177735	0.01018	0.00511	0.00526	0.00517	61	nan
Rhizobium rhododendri	2506430	S	7110	21381	28491	0.00163	0.00123	0.00133	0.00125	61	nan
Rhizobium lusitanum	293958	S	676	679	1355	0.00008	0.00004	0.00000	0.00004	60	5.0
Rhizobium leguminosarum	384	S	546	751	1297	0.00007	0.00004	0.00005	0.00004	61	nan
Rhizobium etli	29449	S	171	207	378	0.00002	0.00001	0.00001	0.00001	61	nan
Rhizobium tumorigenes	2041385	S	149	161	310	0.00002	0.00001	0.00001	0.00001	61	nan
Rhizobium gallicum	56730	S	122	142	264	0.00002	0.00001	0.00000	0.00001	60	5.0
Agrobacterium tumefaciens	358	S	835	892	1727	0.00010	0.00005	0.00000	0.00005	60	5.0
Bradyrhizobium sp. CCGE-LA001	1223566	S	39415	40488	79903	0.00458	0.00232	0.00273	0.00253	65	nan
Bradyrhizobium sp. C-145	574727	S	8549	9843	18392	0.00105	0.00056	0.00067	0.00061	64	nan
Rhodopseudomonas boonkerdii	475937	S	28199	28402	56601	0.00324	0.00163	0.00184	0.00171	62	nan
Bartonella sp. HY038	2759660	S	8228	63628	71856	0.00412	0.00365	0.00401	0.00372	43	nan
Roseibium aggregatum	187304	S	25609	31540	57149	0.00327	0.00181	0.00191	0.00180	60	nan
Phyllobacterium sp. 628	2718938	S	21562	21603	43165	0.00247	0.00124	0.00126	0.00118	56	nan
Pseudochrobactrum sp. XF203	2879116	S	16161	17135	33296	0.00191	0.00098	0.00099	0.00093	53	nan
Acetobacter senegalensis	446692	S	3818	4351	8169	0.00047	0.00025	0.00000	0.00024	57	5.0
Acetobacter tropicalis	104102	S	3621	4199	7820	0.00045	0.00024	0.00000	0.00023	56	5.0
Acetobacter sp. JWB	2259883	S	2050	94168	96218	0.00551	0.00540	0.00546	0.00513	54	nan
Acetobacter pasteurianus	438	S	578	4406	4984	0.00029	0.00025	0.00026	0.00024	54	nan
Acetobacter ascendens	481146	S	432	464	896	0.00005	0.00003	0.00003	0.00003	54	nan
Acetobacter aceti	435	S	141	142	283	0.00002	0.00001	0.00000	0.00001	59	4.0
Acetobacter oryzoeni	2500548	S	126	157	283	0.00002	0.00001	0.00001	0.00001	54	nan
Acetobacter oryzifermentans	1633874	S	121	385	506	0.00003	0.00002	0.00002	0.00002	54	nan
Acetobacter persici	1076596	S	106	106	212	0.00001	0.00001	0.00000	0.00001	58	4.0
Commensalibacter melissae	2070537	S	68195	68228	136423	0.00782	0.00391	0.00443	0.00421	39	nan
Thalassospira sp. GO-4	2946605	S	2102	2190	4292	0.00025	0.00013	0.00000	0.00012	56	5.0
Thalassospira sp. A40-3	2785908	S	823	1098	1921	0.00011	0.00006	0.00000	0.00006	56	5.0
Thalassospira sp. B30-1	2785911	S	269	651	920	0.00005	0.00004	0.00000	0.00004	56	5.0
Thalassospira indica	1891279	S	843	1089	1932	0.00011	0.00006	0.00000	0.00006	55	5.0
Thalassospira lucentensis	168935	S	580	678	1258	0.00007	0.00004	0.00000	0.00004	56	5.0
Thalassospira marina	2048283	S	521	528	1049	0.00006	0.00003	0.00000	0.00003	55	5.0
Thalassospira xiamenensis	220697	S	183	423	606	0.00003	0.00002	0.00000	0.00002	55	5.0
Sphingopyxis indica	436663	S	100296	107512	207808	0.01191	0.00616	0.00744	0.00705	65	nan
Sphingomonas sp. NIBR02145	3014784	S	937	1136	2073	0.00012	0.00007	0.00000	0.00008	68	5.0
Caenibius tardaugens	169176	S	33764	35397	69161	0.00396	0.00203	0.00231	0.00211	61	nan
Zymomonas mobilis	542	S	24352	24409	48761	0.00279	0.00140	0.00143	0.00135	48	nan
Wolbachia endosymbiont (group B) of Chorthippus parallelus	2953997	S	25634	58389	84023	0.00481	0.00335	0.00392	0.00379	34	nan
Wolbachia pipientis	955	S	6038	12012	18050	0.00103	0.00069	0.00085	0.00077	34	nan
Candidatus Midichloria mitochondrii	234827	S	14566	14567	29133	0.00167	0.00083	0.00097	0.00089	36	nan
Ruegeria sp. TM1040	292414	S	25923	26042	51965	0.00298	0.00149	0.00158	0.00151	61	nan
Lentibacter algarum	576131	S	10679	10688	21367	0.00122	0.00061	0.00062	0.00059	57	nan
Sulfitobacter sp. SK025	1389011	S	7898	9409	17307	0.00099	0.00054	0.00057	0.00055	62	nan
Marivivens sp. LCG002	3051171	S	23562	23609	47171	0.00270	0.00135	0.00142	0.00133	59	nan
Brevundimonas nasdae	172043	S	21307	22804	44111	0.00253	0.00131	0.00176	0.00150	67	nan
Brevundimonas sp.	1871086	S	618	659	1277	0.00007	0.00004	0.00000	0.00005	68	5.0
Brevundimonas sp. SL130	2995143	S	482	490	972	0.00006	0.00003	0.00000	0.00003	68	5.0
Brevundimonas sp. M20	2591463	S	199	200	399	0.00002	0.00001	0.00000	0.00001	68	5.0
Brevundimonas sp. PAMC22021	2861285	S	163	166	329	0.00002	0.00001	0.00000	0.00001	68	5.0
Brevundimonas sp. BT-123	2986928	S	146	186	332	0.00002	0.00001	0.00000	0.00001	67	5.0
Brevundimonas sp. MF30-B	2561924	S	136	136	272	0.00002	0.00001	0.00000	0.00001	68	4.0
Brevundimonas sp. SGAir0440	2579977	S	124	152	276	0.00002	0.00001	0.00000	0.00001	67	5.0
Brevundimonas sp. NIBR11	3015999	S	119	119	238	0.00001	0.00001	0.00000	0.00001	68	5.0
Brevundimonas sp. DS20	1532555	S	111	271	382	0.00002	0.00002	0.00000	0.00002	68	5.0
Brevundimonas sp. Bb-A	2560058	S	106	256	362	0.00002	0.00001	0.00000	0.00002	68	5.0
Brevundimonas sp. NIBR10	3015997	S	105	105	210	0.00001	0.00001	0.00000	0.00001	67	4.0
Brevundimonas sp. C43	3068314	S	104	141	245	0.00001	0.00001	0.00001	0.00001	67	nan
Brevundimonas sp. NCCP 15609	3021811	S	102	130	232	0.00001	0.00001	0.00000	0.00001	68	5.0
uncultured Brevundimonas sp.	213418	S	384	434	818	0.00005	0.00002	0.00003	0.00003	67	nan
Brevundimonas mediterranea	74329	S	361	374	735	0.00004	0.00002	0.00000	0.00003	68	5.0
Brevundimonas albigilva	1312364	S	327	337	664	0.00004	0.00002	0.00000	0.00002	70	5.0
Brevundimonas naejangsanensis	588932	S	277	304	581	0.00003	0.00002	0.00000	0.00002	68	5.0
Brevundimonas vesicularis	41276	S	258	300	558	0.00003	0.00002	0.00002	0.00002	66	nan
Brevundimonas pondensis	2774189	S	213	217	430	0.00002	0.00001	0.00000	0.00001	67	5.0
Brevundimonas diminuta	293	S	205	242	447	0.00003	0.00001	0.00000	0.00002	67	5.0
Brevundimonas goettingensis	2774190	S	139	139	278	0.00002	0.00001	0.00000	0.00001	68	4.0
Brevundimonas subvibrioides	74313	S	126	127	253	0.00001	0.00001	0.00000	0.00001	69	4.0
Brevundimonas fontaquae	2813778	S	112	127	239	0.00001	0.00001	0.00001	0.00001	66	nan
Candidatus Pelagibacter giovannonii	2563896	S	4735	4753	9488	0.00054	0.00027	0.00000	0.00037	30	5.0
Bacillus swezeyi	1925020	S	58813	59274	118087	0.00677	0.00340	0.00350	0.00329	45	nan
Bacillus sp. SB49	1071080	S	28656	42805	71461	0.00409	0.00245	0.00249	0.00233	47	nan
Bacillus sp. PAMC26543	2762329	S	11455	52854	64309	0.00369	0.00303	0.00316	0.00295	46	nan
Bacillus sp. N447-1	2789208	S	2234	13673	15907	0.00091	0.00078	0.00087	0.00078	46	nan
Bacillus sp. HNA3	2585772	S	456	93250	93706	0.00537	0.00534	0.00000	0.00521	46	5.0
Bacillus sp. NSP9.1	1071078	S	299	6295	6594	0.00038	0.00036	0.00000	0.00035	47	5.0
Bacillus sp. HSf4	3035514	S	110	2681	2791	0.00016	0.00015	0.00000	0.00015	47	5.0
Bacillus mojavensis	72360	S	4715	5258	9973	0.00057	0.00030	0.00031	0.00029	44	nan
Bacillus halotolerans	260554	S	334	715	1049	0.00006	0.00004	0.00004	0.00004	46	nan
Bacillus velezensis	492670	S	1473	20003	21476	0.00123	0.00115	0.00000	0.00112	46	5.0
Bacillus amyloliquefaciens	1390	S	280	4755	5035	0.00029	0.00027	0.00000	0.00027	46	5.0
Bacillus siamensis	659243	S	107	245	352	0.00002	0.00001	0.00000	0.00001	47	5.0
Bacillus licheniformis	1402	S	1446	14087	15533	0.00089	0.00081	0.00000	0.00079	46	5.0
Bacillus paralicheniformis	1648923	S	920	1153	2073	0.00012	0.00007	0.00000	0.00006	47	5.0
Bacillus subtilis	1423	S	302	4060	4362	0.00025	0.00023	0.00000	0.00023	46	5.0
Bacillus atrophaeus	1452	S	202	213	415	0.00002	0.00001	0.00001	0.00001	45	nan
Bacillus vallismortis	72361	S	109	113	222	0.00001	0.00001	0.00001	0.00001	45	nan
Bacillus carboniphilus	86663	S	9302	9314	18616	0.00107	0.00053	0.00063	0.00058	36	nan
Bacillus haynesii	1925021	S	1106	3547	4653	0.00027	0.00020	0.00000	0.00020	46	5.0
Bacillus safensis	561879	S	912	1761	2673	0.00015	0.00010	0.00011	0.00010	43	nan
Bacillus cereus	1396	S	198	3404	3602	0.00021	0.00020	0.00021	0.00019	46	nan
Bacillus thuringiensis	1428	S	157	6381	6538	0.00037	0.00037	0.00000	0.00036	46	5.0
Bacillus pumilus	1408	S	785	823	1608	0.00009	0.00005	0.00000	0.00005	42	5.0
Bacillus altitudinis	293387	S	235	325	560	0.00003	0.00002	0.00000	0.00002	42	5.0
Bacillus glycinifermentans	1664069	S	215	227	442	0.00003	0.00001	0.00000	0.00001	48	5.0
Peribacillus asahii	228899	S	92566	93131	185697	0.01064	0.00534	0.00609	0.00563	38	nan
Geobacillus proteiniphilus	860353	S	13188	18480	31668	0.00181	0.00106	0.00108	0.00102	54	nan
Geobacillus sp. GHH01	1233873	S	7588	36725	44313	0.00254	0.00210	0.00216	0.00202	54	nan
Geobacillus sp. Y412MC52	550542	S	165	485	650	0.00004	0.00003	0.00003	0.00003	54	nan
Geobacillus sp. 46C-IIa	1963025	S	155	164	319	0.00002	0.00001	0.00001	0.00001	54	nan
Geobacillus sp. C56-T3	691437	S	125	317	442	0.00003	0.00002	0.00002	0.00002	54	nan
Geobacillus thermodenitrificans	33940	S	6355	16211	22566	0.00129	0.00093	0.00096	0.00089	53	nan
Geobacillus thermoleovorans	33941	S	1447	8697	10144	0.00058	0.00050	0.00051	0.00048	54	nan
Geobacillus kaustophilus	1462	S	560	3533	4093	0.00023	0.00020	0.00021	0.00019	54	nan
Geobacillus thermocatenulatus	33938	S	336	407	743	0.00004	0.00002	0.00002	0.00002	54	nan
[Bacillus] caldolyticus	1394	S	155	916	1071	0.00006	0.00005	0.00005	0.00005	54	nan
Geobacillus stearothermophilus	1422	S	951	1435	2386	0.00014	0.00008	0.00009	0.00008	55	nan
Geobacillus subterraneus	129338	S	364	408	772	0.00004	0.00002	0.00002	0.00002	54	nan
Geobacillus genomosp. 3	1921421	S	167	173	340	0.00002	0.00001	0.00001	0.00001	55	nan
Geobacillus zalihae	213419	S	162	539	701	0.00004	0.00003	0.00003	0.00003	54	nan
Halobacillus mangrovi	402384	S	71896	72077	143973	0.00825	0.00413	0.00433	0.00409	42	nan
Halobacillus litoralis	45668	S	225	225	450	0.00003	0.00001	0.00000	0.00001	43	4.0
Domibacillus sp. DTU_2020_1001157_1_SI_ALB_TIR_016	3077789	S	43830	43959	87789	0.00503	0.00252	0.00260	0.00247	44	nan
Rossellomorea sp. KS-H15a	2963940	S	23783	35574	59357	0.00340	0.00204	0.00209	0.00198	44	nan
Shouchella clausii	79880	S	34867	34926	69793	0.00400	0.00200	0.00204	0.00192	45	nan
Pontibacillus chungwhensis	265426	S	5203	5229	10432	0.00060	0.00030	0.00032	0.00030	41	nan
Paenibacillus alvei	44250	S	201370	201765	403135	0.02310	0.01156	0.01171	0.01101	49	nan
Paenibacillus sp. PSB04	2866810	S	34248	35802	70050	0.00401	0.00205	0.00209	0.00198	56	nan
Paenibacillus sp. YPD9-1	2908839	S	15640	15667	31307	0.00179	0.00090	0.00091	0.00086	49	nan
Paenibacillus sp. C31	3050112	S	15171	15213	30384	0.00174	0.00087	0.00091	0.00086	43	nan
Paenibacillus sp. BR1-192	3032287	S	11865	21287	33152	0.00190	0.00122	0.00124	0.00116	52	nan
Paenibacillus sp. PK1-4R	3049075	S	8878	9611	18489	0.00106	0.00055	0.00057	0.00053	47	nan
Paenibacillus sp. M-152	2487928	S	6982	14973	21955	0.00126	0.00086	0.00089	0.00083	47	nan
Paenibacillus sp. JNUCC-31	2777983	S	966	980	1946	0.00011	0.00006	0.00006	0.00005	47	nan
Paenibacillus sp. DCT19	2211212	S	938	942	1880	0.00011	0.00005	0.00000	0.00005	46	5.0
Paenibacillus sp. E222	2748863	S	500	517	1017	0.00006	0.00003	0.00003	0.00003	48	nan
Paenibacillus sp. BIC5C1	3078263	S	493	508	1001	0.00006	0.00003	0.00003	0.00003	48	nan
Paenibacillus sp. 37	2607911	S	354	1083	1437	0.00008	0.00006	0.00007	0.00006	49	nan
Paenibacillus sp. DR312	2871175	S	335	1597	1932	0.00011	0.00009	0.00009	0.00009	49	nan
Paenibacillus sp. CC-CFT742	2926710	S	121	138	259	0.00001	0.00001	0.00001	0.00001	48	nan
Paenibacillus durus	44251	S	57177	57459	114636	0.00657	0.00329	0.00340	0.00318	53	nan
Paenibacillus dendritiformis	130049	S	41712	42219	83931	0.00481	0.00242	0.00253	0.00238	57	nan
Paenibacillus lentus	1338368	S	13502	13541	27043	0.00155	0.00078	0.00079	0.00075	47	nan
Paenibacillus borealis	160799	S	12073	12230	24303	0.00139	0.00070	0.00071	0.00067	52	nan
Paenibacillus amylolyticus	1451	S	10385	11003	21388	0.00123	0.00063	0.00065	0.00060	47	nan
Paenibacillus xylanexedens	528191	S	3995	4464	8459	0.00048	0.00026	0.00027	0.00024	47	nan
Paenibacillus algicola	2565926	S	3101	3107	6208	0.00036	0.00018	0.00018	0.00017	53	nan
Paenibacillus pabuli	1472	S	283	288	571	0.00003	0.00002	0.00002	0.00002	47	nan
Paenibacillus barcinonensis	198119	S	270	271	541	0.00003	0.00002	0.00000	0.00001	48	5.0
Paenibacillus marchantiae	3026433	S	224	231	455	0.00003	0.00001	0.00001	0.00001	48	nan
Paenibacillus polymyxa	1406	S	224	392	616	0.00004	0.00002	0.00002	0.00002	47	nan
Brevibacillus agri	51101	S	11348	25664	37012	0.00212	0.00147	0.00151	0.00142	56	nan
Brevibacillus sp. NSP2.1	3003229	S	3142	11173	14315	0.00082	0.00064	0.00066	0.00062	55	nan
Brevibacillus borstelensis	45462	S	204	206	410	0.00002	0.00001	0.00000	0.00001	53	3.0
Brevibacillus brevis	1393	S	103	105	208	0.00001	0.00001	0.00000	0.00001	49	4.0
Saccharibacillus brassicae	2583377	S	27723	27744	55467	0.00318	0.00159	0.00175	0.00164	61	nan
Exiguobacterium acetylicum	41170	S	61246	67589	128835	0.00738	0.00387	0.00401	0.00369	48	nan
Exiguobacterium sibiricum	332410	S	47118	47805	94923	0.00544	0.00274	0.00275	0.00260	49	nan
Exiguobacterium sp. AT1b	360911	S	6704	8170	14874	0.00085	0.00047	0.00047	0.00044	49	nan
Exiguobacterium sp. PFWT01	2829816	S	1779	2137	3916	0.00022	0.00012	0.00013	0.00012	50	nan
Exiguobacterium profundum	307643	S	909	968	1877	0.00011	0.00006	0.00006	0.00005	50	nan
Exiguobacterium marinum	273528	S	105	105	210	0.00001	0.00001	0.00000	0.00001	48	5.0
Planococcus sp. MB-3u-03	2058136	S	99330	104231	203561	0.01166	0.00597	0.00625	0.00574	49	nan
Planococcus sp. Urea-3u-39	2058328	S	856	1497	2353	0.00013	0.00009	0.00000	0.00009	42	5.0
Planococcus sp. MB-3u-09	2058317	S	429	1336	1765	0.00010	0.00008	0.00000	0.00008	49	5.0
Planococcus rifietoensis	200991	S	222	225	447	0.00003	0.00001	0.00000	0.00001	51	4.0
Planococcus plakortidis	1038856	S	114	115	229	0.00001	0.00001	0.00000	0.00001	52	4.0
Sporosarcina sp. Marseille-Q4943	2942204	S	17973	18077	36050	0.00207	0.00104	0.00106	0.00100	45	nan
Polycladomyces abyssicola	1125966	S	116419	116466	232885	0.01334	0.00667	0.00676	0.00632	54	nan
Staphylococcus aureus	1280	S	34791	45543	80334	0.00460	0.00261	0.00336	0.00305	33	nan
Staphylococcus sp. IVB6218	2989767	S	464	26508	26972	0.00155	0.00152	0.00179	0.00164	36	nan
Sporolactobacillus terrae	269673	S	37676	37698	75374	0.00432	0.00216	0.00221	0.00208	46	nan
Limosilactobacillus fermentum	1613	S	96771	98461	195232	0.01119	0.00564	0.00579	0.00542	54	nan
Pediococcus sp. AC40	2962679	S	24561	74954	99515	0.00570	0.00430	0.00459	0.00426	44	nan
Pediococcus acidilactici	1254	S	756	939	1695	0.00010	0.00005	0.00006	0.00005	43	nan
Lacticaseibacillus sp. NCIMB 15474	3068307	S	550	34913	35463	0.00203	0.00200	0.00200	0.00189	49	nan
Fructilactobacillus hinvesii	2940300	S	32672	32883	65555	0.00376	0.00188	0.00195	0.00184	46	nan
Companilactobacillus ginsenosidimutans	1007676	S	25002	25031	50033	0.00287	0.00143	0.00162	0.00153	36	nan
Lactobacillus iners	147802	S	230	236	466	0.00003	0.00001	0.00000	0.00002	33	4.0
Aerococcus sanguinicola	119206	S	129107	129250	258357	0.01480	0.00741	0.00757	0.00712	49	nan
Aerococcus christensenii	87541	S	93663	94280	187943	0.01077	0.00540	0.00599	0.00555	39	nan
Facklamia hominis	178214	S	231	233	464	0.00003	0.00001	0.00000	0.00001	40	3.0
Lactococcus raffinolactis	1366	S	92685	93975	186660	0.01070	0.00538	0.00607	0.00553	41	nan
Lactococcus paracarnosus	2749962	S	27578	28001	55579	0.00318	0.00160	0.00183	0.00167	40	nan
Lactococcus carnosus	2749961	S	800	822	1622	0.00009	0.00005	0.00000	0.00005	40	4.0
Lactococcus piscium	1364	S	728	755	1483	0.00008	0.00004	0.00000	0.00005	40	5.0
Streptococcus rubneri	1234680	S	13171	30252	43423	0.00249	0.00173	0.00184	0.00179	38	nan
Streptococcus agalactiae	1311	S	2354	48951	51305	0.00294	0.00281	0.00384	0.00300	36	nan
Streptococcus pneumoniae	1313	S	1282	2266	3548	0.00020	0.00013	0.00014	0.00014	40	nan
Enterococcus faecalis	1351	S	919	1169	2088	0.00012	0.00007	0.00000	0.00007	38	5.0
Caproicibacterium sp. ZCY20-5	3030016	S	190207	192874	383081	0.02195	0.01105	0.01131	0.01062	54	nan
Oscillibacter hominis	2763056	S	51551	52228	103779	0.00595	0.00299	0.00322	0.00305	61	nan
Ruminococcus champanellensis	1161942	S	13881	13888	27769	0.00159	0.00080	0.00080	0.00077	56	nan
Faecalibacterium prausnitzii	853	S	163	247	410	0.00002	0.00001	0.00000	0.00001	60	5.0
Agathobaculum sp. NTUH-O15-33	3079302	S	186	186	372	0.00002	0.00001	0.00000	0.00001	60	4.0
Anaerostipes rhamnosivorans	1229621	S	66259	66852	133111	0.00763	0.00383	0.00393	0.00371	46	nan
Blautia pseudococcoides	1796616	S	54066	54407	108473	0.00622	0.00312	0.00320	0.00301	47	nan
Desulfoscipio gibsoniae	102134	S	63588	63616	127204	0.00729	0.00365	0.00378	0.00357	45	nan
Flintibacter sp. KGMB00164	2610895	S	27271	27385	54656	0.00313	0.00157	0.00169	0.00158	61	nan
Aminipila butyrica	433296	S	18196	18218	36414	0.00209	0.00104	0.00107	0.00101	47	nan
Aristaeella lactis	3046383	S	18091	18099	36190	0.00207	0.00104	0.00107	0.00100	56	nan
Syntrophomonas wolfei	863	S	10720	10727	21447	0.00123	0.00061	0.00063	0.00059	45	nan
Heliomicrobium modesticaldum	35701	S	3905	3942	7847	0.00045	0.00023	0.00024	0.00022	59	nan
Intestinibacillus sp. NTUH-41-i26	3079303	S	322	329	651	0.00004	0.00002	0.00000	0.00002	60	5.0
Moorella glycerini	55779	S	27106	27114	54220	0.00311	0.00155	0.00162	0.00152	58	nan
Turicibacter sp. TJ11	2806443	S	128644	131979	260623	0.01493	0.00756	0.00906	0.00857	34	nan
Turicibacter sp. H121	1712675	S	2833	7652	10485	0.00060	0.00044	0.00050	0.00049	34	nan
Faecalibaculum rodentium	1702221	S	23160	23163	46323	0.00265	0.00133	0.00136	0.00127	57	nan
Phascolarctobacterium faecium	33025	S	40142	40151	80293	0.00460	0.00230	0.00244	0.00227	44	nan
Megasphaera stantonii	2144175	S	13768	13819	27587	0.00158	0.00079	0.00083	0.00078	55	nan
Sporomusa termitida	2377	S	6092	6100	12192	0.00070	0.00035	0.00036	0.00034	50	nan
Selenomonas ruminantium	971	S	757	785	1542	0.00009	0.00005	0.00000	0.00004	52	5.0
Selenomonas sputigena	69823	S	101	116	217	0.00001	0.00001	0.00000	0.00001	59	4.0
Nostoc sp. 'Peltigera membranacea cyanobiont' N6	1261031	S	150158	151385	301543	0.01728	0.00867	0.00923	0.00866	42	nan
Nostoc sp. PCC 7120 = FACHB-418	103690	S	193	196	389	0.00002	0.00001	0.00001	0.00001	43	nan
Anabaena sp. 90	46234	S	65883	83631	149514	0.00857	0.00479	0.00532	0.00502	38	nan
Anabaena sp. YBS01	2490939	S	586	43993	44579	0.00255	0.00252	0.00269	0.00252	43	nan
Calothrix sp. 336/3	1337936	S	14341	14351	28692	0.00164	0.00082	0.00087	0.00082	43	nan
Tolypothrix sp. PCC 7601	1188	S	154	12514	12668	0.00073	0.00072	0.00076	0.00072	42	nan
Synechococcus sp. CBW1108	1353147	S	101394	101652	203046	0.01163	0.00582	0.00696	0.00648	66	nan
Synechococcus sp. JA-2-3B'a(2-13)	321332	S	70632	71327	141959	0.00813	0.00409	0.00432	0.00406	60	nan
Synechococcus sp. BIOS-U3-1	1400865	S	52103	52196	104299	0.00598	0.00299	0.00309	0.00290	58	nan
Synechococcus sp. PROS-U-1	1400866	S	10608	10656	21264	0.00122	0.00061	0.00067	0.00062	60	nan
Synechococcus sp. SYN20	1050714	S	9578	10205	19783	0.00113	0.00058	0.00061	0.00056	57	nan
Chroococcidiopsis sp. CCMEE 29	155894	S	227841	227993	455834	0.02612	0.01306	0.01310	0.01241	47	nan
Leptothermofonsia sichuanensis	2917832	S	94687	94881	189568	0.01086	0.00544	0.00545	0.00511	51	nan
Leptolyngbya boryana	1184	S	17336	17339	34675	0.00199	0.00099	0.00000	0.00093	47	4.0
Leptolyngbya sp. Cla-17	2803751	S	9635	9657	19292	0.00111	0.00055	0.00055	0.00052	48	nan
Leptodesmis sichuanensis	2906798	S	191	191	382	0.00002	0.00001	0.00000	0.00001	51	4.0
Kovacikia minuta	2931930	S	175	175	350	0.00002	0.00001	0.00000	0.00001	51	5.0
Trichocoleus desertorum	1481672	S	64534	64604	129138	0.00740	0.00370	0.00369	0.00347	50	nan
Thermosynechococcus sp. B1	2937792	S	5619	119432	125051	0.00717	0.00684	0.00687	0.00645	55	nan
Thermosynechococcus sp. B0	2937284	S	3000	42016	45016	0.00258	0.00241	0.00242	0.00227	55	nan
Thermosynechococcus sp. HN-54	2933959	S	463	465	928	0.00005	0.00003	0.00003	0.00003	54	nan
Thermosynechococcus sp.	2814275	S	217	222	439	0.00003	0.00001	0.00001	0.00001	55	nan
Thermosynechococcus sp. NK55a	1394889	S	190	195	385	0.00002	0.00001	0.00001	0.00001	54	nan
Oscillatoria nigro-viridis	482564	S	25680	25692	51372	0.00294	0.00147	0.00150	0.00141	45	nan
Phormidium yuhuli	2974039	S	7781	7828	15609	0.00089	0.00045	0.00045	0.00042	53	nan
[Leptolyngbya] sp. PCC 7376	111781	S	2874	2951	5825	0.00033	0.00017	0.00000	0.00016	45	5.0
[Limnothrix rosea] IAM M-220	454133	S	722	722	1444	0.00008	0.00004	0.00000	0.00004	46	5.0
Picosynechococcus sp. PCC 7003	374981	S	237	470	707	0.00004	0.00003	0.00000	0.00003	51	5.0
cyanobacterium endosymbiont of Rhopalodia gibberula	1763363	S	11036	11043	22079	0.00127	0.00063	0.00066	0.00077	38	nan
Corynebacterium amycolatum	43765	S	52864	58734	111598	0.00639	0.00337	0.00346	0.00336	60	nan
Corynebacterium argentoratense	42817	S	51113	51175	102288	0.00586	0.00293	0.00308	0.00291	59	nan
Corynebacterium kutscheri	35755	S	28608	28632	57240	0.00328	0.00164	0.00165	0.00155	46	nan
Corynebacterium gottingense	2041036	S	22856	23923	46779	0.00268	0.00137	0.00158	0.00156	67	nan
Corynebacterium testudinoris	136857	S	14573	14639	29212	0.00167	0.00084	0.00096	0.00090	64	nan
Corynebacterium freiburgense	556548	S	8010	8017	16027	0.00092	0.00046	0.00046	0.00043	50	nan
Corynebacterium striatum	43770	S	7679	7761	15440	0.00088	0.00044	0.00047	0.00045	60	nan
Corynebacterium sp. LK10	2022656	S	2565	2578	5143	0.00029	0.00015	0.00016	0.00014	55	nan
Corynebacterium lactis	1231000	S	129	129	258	0.00001	0.00001	0.00000	0.00001	62	4.0
Corynebacterium incognita	2754725	S	122	122	244	0.00001	0.00001	0.00000	0.00001	63	5.0
Corynebacterium simulans	146827	S	107	108	215	0.00001	0.00001	0.00000	0.00001	60	5.0
Mycobacterium heidelbergense	53376	S	26001	26617	52618	0.00302	0.00153	0.00185	0.00189	69	nan
Mycobacterium riyadhense	486698	S	7402	7408	14810	0.00085	0.00042	0.00050	0.00049	65	nan
Mycobacteroides saopaulense	1578165	S	19621	19734	39355	0.00226	0.00113	0.00134	0.00126	65	nan
Rhodococcus coprophilus	38310	S	17937	17973	35910	0.00206	0.00103	0.00130	0.00121	67	nan
Arthrobacter sp. StoSoilB20	2830995	S	58535	59022	117557	0.00674	0.00338	0.00389	0.00360	63	nan
Arthrobacter sp. CDRTa11	2651199	S	12449	12486	24935	0.00143	0.00072	0.00085	0.00078	64	nan
Rothia dentocariosa	2047	S	35529	35728	71257	0.00408	0.00205	0.00210	0.00197	55	nan
Rothia amarae	169480	S	21586	21763	43349	0.00248	0.00125	0.00126	0.00118	54	nan
Glutamicibacter creatinolyticus	162496	S	39288	39359	78647	0.00451	0.00226	0.00282	0.00260	67	nan
Aurantimicrobium sp. MWH-Uga1	2079575	S	16573	16655	33228	0.00190	0.00095	0.00095	0.00089	53	nan
Rathayibacter rathayi	33887	S	15892	15969	31861	0.00183	0.00092	0.00115	0.00118	70	nan
Cryobacterium sp. SO1	1897061	S	9180	9238	18418	0.00106	0.00053	0.00072	0.00064	68	nan
Frankia sp. QA3	710111	S	43741	43840	87581	0.00502	0.00251	0.00000	0.00403	74	5.0
Schaalia turicensis	131111	S	32904	33140	66044	0.00378	0.00190	0.00199	0.00184	58	nan
Gleimia europaea	66228	S	840	849	1689	0.00010	0.00005	0.00000	0.00005	57	5.0
Actinomyces urogenitalis	103621	S	135	144	279	0.00002	0.00001	0.00000	0.00001	69	4.0
Micromonospora sp. WMMA2032	2039870	S	13020	14395	27415	0.00157	0.00082	0.00000	0.00143	75	5.0
Saccharopolyspora erythraea	1836	S	10469	10488	20957	0.00120	0.00060	0.00068	0.00084	72	nan
Leptogranulimonas caecicola	2894156	S	87514	87528	175042	0.01003	0.00502	0.00542	0.00505	60	nan
Lancefieldella parvula	1382	S	52260	52278	104538	0.00599	0.00300	0.00305	0.00287	47	nan
Phototrophicus methaneseepsis	2710758	S	106013	106013	212026	0.01215	0.00607	0.00608	0.00572	54	nan
Caldilinea aerophila	133453	S	48183	48183	96366	0.00552	0.00276	0.00296	0.00278	61	nan
Metamycoplasma cloacale	92401	S	107180	107598	214778	0.01231	0.00617	0.00000	0.00963	27	5.0
Capsulimonas corticalis	2219043	S	66260	66260	132520	0.00759	0.00380	0.00421	0.00395	62	nan
Flavobacterium magnum	2162713	S	66642	66749	133391	0.00764	0.00382	0.00390	0.00366	49	nan
Flavobacterium sp. YJ01	3031997	S	45608	48364	93972	0.00538	0.00277	0.00339	0.00320	34	nan
Flavobacterium sediminis	2201181	S	34835	35816	70651	0.00405	0.00205	0.00239	0.00228	36	nan
Salinimicrobium tongyeongense	2809707	S	110178	110292	220470	0.01263	0.00632	0.00659	0.00619	44	nan
Seonamhaeicola sp. S2-3	1936081	S	94513	94636	189149	0.01084	0.00542	0.00674	0.00650	32	nan
Capnocytophaga sp. oral taxon 864	1316593	S	37798	50277	88075	0.00505	0.00288	0.00318	0.00297	41	nan
Capnocytophaga ochracea	1018	S	121	145	266	0.00002	0.00001	0.00001	0.00001	41	nan
Polaribacter pectinis	2738844	S	32593	32930	65523	0.00375	0.00189	0.00203	0.00246	30	nan
Nonlabens spongiae	331648	S	16739	16828	33567	0.00192	0.00096	0.00104	0.00097	40	nan
Nonlabens sp. MB-3u-79	2058134	S	16122	16165	32287	0.00185	0.00093	0.00105	0.00098	38	nan
Allomuricauda ruestringensis	111501	S	26028	26054	52082	0.00298	0.00149	0.00157	0.00148	42	nan
Flaviramulus sp. BrNp1-15	2916754	S	16804	16834	33638	0.00193	0.00096	0.00120	0.00118	31	nan
Chryseobacterium shandongense	1493872	S	27034	28882	55916	0.00320	0.00166	0.00185	0.00179	38	nan
Chryseobacterium faecale	2852098	S	20606	20675	41281	0.00237	0.00118	0.00128	0.00121	40	nan
Chryseobacterium panacisoli	1807141	S	4107	4276	8383	0.00048	0.00025	0.00028	0.00027	38	nan
Chryseobacterium sp. MA9	2966625	S	1356	1411	2767	0.00016	0.00008	0.00000	0.00009	37	5.0
Chryseobacterium sp. MEBOG07	2879939	S	358	363	721	0.00004	0.00002	0.00000	0.00002	38	5.0
Chryseobacterium sp. D764	2856522	S	246	723	969	0.00006	0.00004	0.00005	0.00005	37	nan
Chryseobacterium sp. JV274	1932669	S	213	557	770	0.00004	0.00003	0.00004	0.00003	37	nan
Chryseobacterium sp. StRB126	878220	S	160	163	323	0.00002	0.00001	0.00000	0.00001	36	4.0
Chryseobacterium indologenes	253	S	564	585	1149	0.00007	0.00003	0.00004	0.00004	38	nan
Empedobacter brevis	247	S	23683	24093	47776	0.00274	0.00138	0.00169	0.00164	33	nan
Hymenobacter jejuensis	2502781	S	73510	73540	147050	0.00843	0.00421	0.00439	0.00412	57	nan
Hymenobacter qilianensis	1385715	S	34779	34825	69604	0.00399	0.00200	0.00212	0.00196	56	nan
Rufibacter tibetensis	512763	S	25686	25701	51387	0.00294	0.00147	0.00150	0.00141	49	nan
Dyadobacter fermentans	94254	S	61677	61698	123375	0.00707	0.00354	0.00357	0.00336	53	nan
Runella slithyformis	106	S	22298	22301	44599	0.00256	0.00128	0.00131	0.00123	48	nan
Larkinella sp. IE-0392	2907205	S	13349	13356	26705	0.00153	0.00077	0.00077	0.00072	49	nan
Catalinimonas niigatensis	1397264	S	13780	13782	27562	0.00158	0.00079	0.00083	0.00078	43	nan
Chitinophaga agri	2703787	S	99462	100027	199489	0.01143	0.00573	0.00577	0.00545	47	nan
Chitinophaga pinensis	79329	S	20748	20856	41604	0.00238	0.00120	0.00122	0.00114	46	nan
Chitinophaga sp. HK235	2952571	S	1687	1699	3386	0.00019	0.00010	0.00010	0.00009	48	nan
Chitinophaga sp. XS-30	2604421	S	160	160	320	0.00002	0.00001	0.00000	0.00001	54	4.0
Chitinophaga oryzae	2725414	S	1795	1799	3594	0.00021	0.00010	0.00000	0.00010	53	5.0
Chitinophaga solisilvae	1233460	S	603	603	1206	0.00007	0.00003	0.00000	0.00003	46	4.0
Chitinophaga filiformis	104663	S	182	182	364	0.00002	0.00001	0.00000	0.00001	48	4.0
Chitinophaga horti	2920382	S	100	100	200	0.00001	0.00001	0.00000	0.00001	52	3.0
Niabella ginsenosidivorans	1176587	S	33443	33451	66894	0.00383	0.00192	0.00196	0.00185	45	nan
Niabella soli	446683	S	22814	22821	45635	0.00261	0.00131	0.00133	0.00126	46	nan
Paraflavitalea sp. BL16E	3076558	S	50568	50599	101167	0.00580	0.00290	0.00293	0.00276	47	nan
Flavisolibacter ginsenosidimutans	661481	S	3003	3003	6006	0.00034	0.00017	0.00017	0.00016	47	nan
Bacteroides faecium	2715212	S	24000	24238	48238	0.00276	0.00139	0.00145	0.00137	45	nan
Bacteroides sp. M10	2763022	S	6174	8308	14482	0.00083	0.00048	0.00053	0.00047	42	nan
Bacteroides sp. D2	556259	S	2962	4671	7633	0.00044	0.00027	0.00029	0.00027	43	nan
Bacteroides luhongzhouii	2650158	S	8149	8642	16791	0.00096	0.00050	0.00053	0.00049	42	nan
Bacteroides ovatus	28116	S	5048	9622	14670	0.00084	0.00055	0.00058	0.00055	43	nan
Bacteroides xylanisolvens	371601	S	1642	2478	4120	0.00024	0.00014	0.00015	0.00014	43	nan
Bacteroides zhangwenhongii	2650157	S	1088	1203	2291	0.00013	0.00007	0.00007	0.00007	44	nan
Bacteroides thetaiotaomicron	818	S	678	739	1417	0.00008	0.00004	0.00000	0.00004	45	5.0
Bacteroides caccae	47678	S	497	537	1034	0.00006	0.00003	0.00000	0.00003	44	5.0
Bacteroides caecimuris	1796613	S	492	549	1041	0.00006	0.00003	0.00003	0.00003	44	nan
Bacteroides graminisolvens	477666	S	485	485	970	0.00006	0.00003	0.00000	0.00003	41	5.0
Bacteroides fragilis	817	S	406	488	894	0.00005	0.00003	0.00000	0.00003	45	5.0
Bacteroides faecis	674529	S	215	241	456	0.00003	0.00001	0.00000	0.00001	44	5.0
Bacteroides salyersiae	291644	S	114	119	233	0.00001	0.00001	0.00000	0.00001	43	4.0
Alistipes ihumii	1470347	S	35989	36051	72040	0.00413	0.00207	0.00223	0.00209	61	nan
Parabacteroides merdae	46503	S	20449	22907	43356	0.00248	0.00131	0.00137	0.00128	47	nan
Parabacteroides distasonis	823	S	474	812	1286	0.00007	0.00005	0.00000	0.00005	47	4.0
Parabacteroides johnsonii	387661	S	106	110	216	0.00001	0.00001	0.00000	0.00001	47	4.0
Porphyromonas somerae	322095	S	2922	2970	5892	0.00034	0.00017	0.00017	0.00016	48	nan
Prevotella fusca	589436	S	1990	2046	4036	0.00023	0.00012	0.00012	0.00011	47	nan
Paraprevotella xylaniphila	454155	S	122	130	252	0.00001	0.00001	0.00000	0.00001	50	4.0
Pedobacter riviphilus	2766984	S	40645	40716	81361	0.00466	0.00233	0.00257	0.00241	39	nan
Prosthecochloris sp. HL-130-GSB	1974213	S	32101	32146	64247	0.00368	0.00184	0.00185	0.00173	53	nan
Prosthecochloris sp. SCSIO W1102	2992243	S	8015	13087	21102	0.00121	0.00075	0.00076	0.00071	48	nan
Fibrobacter succinogenes	833	S	9814	9814	19628	0.00112	0.00056	0.00057	0.00054	52	nan
Treponema sp. OMZ 305	1659192	S	197705	249223	446928	0.02561	0.01428	0.01462	0.01382	45	nan
Treponema pallidum	160	S	12967	55526	68493	0.00392	0.00318	0.00000	0.00304	52	5.0
Treponema peruense	2787628	S	11531	11540	23071	0.00132	0.00066	0.00070	0.00066	43	nan
Treponema paraluiscuniculi	53435	S	1156	1406	2562	0.00015	0.00008	0.00000	0.00008	52	4.0
Treponema medium	58231	S	360	372	732	0.00004	0.00002	0.00002	0.00002	46	nan
Treponema vincentii	69710	S	319	342	661	0.00004	0.00002	0.00002	0.00002	47	nan
Marispirochaeta aestuarii	1963862	S	63027	63281	126308	0.00724	0.00363	0.00378	0.00347	54	nan
Limihaloglobus sulfuriphilus	1851148	S	100345	100346	200691	0.01150	0.00575	0.00584	0.00553	49	nan
Mucisphaera calidilacus	2527982	S	56968	56969	113937	0.00653	0.00326	0.00389	0.00358	65	nan
Gimesia algae	2527971	S	93216	93880	187096	0.01072	0.00538	0.00535	0.00505	51	nan
Thermogutta terrifontis	1331910	S	14832	14832	29664	0.00170	0.00085	0.00088	0.00083	57	nan
Chlamydia psittaci	83554	S	14042	37440	51482	0.00295	0.00215	0.00233	0.00219	39	nan
Chlamydia abortus	83555	S	180	187	367	0.00002	0.00001	0.00000	0.00001	40	5.0
Candidatus Protochlamydia naegleriophila	389348	S	11364	11370	22734	0.00130	0.00065	0.00069	0.00065	43	nan
Thermotoga maritima	2336	S	87274	210013	297287	0.01704	0.01203	0.01205	0.01138	46	nan
Thermotoga sp. 2812B	1157948	S	247	387	634	0.00004	0.00002	0.00002	0.00002	47	nan
Thermotoga petrophila	93929	S	257	411	668	0.00004	0.00002	0.00002	0.00002	46	nan
Fervidobacterium islandicum	2423	S	16956	35745	52701	0.00302	0.00205	0.00218	0.00204	40	nan
Petrotoga mobilis	69499	S	12839	12851	25690	0.00147	0.00074	0.00088	0.00083	34	nan
Pseudodesulfovibrio nedwellii	2973072	S	22338	22369	44707	0.00256	0.00128	0.00128	0.00120	51	nan
Pseudodesulfovibrio cashew	2678688	S	8961	8975	17936	0.00103	0.00051	0.00056	0.00053	62	nan
Maridesulfovibrio sp.	2795000	S	27375	27406	54781	0.00314	0.00157	0.00159	0.00149	50	nan
Desulfovibrio piger	901	S	234	240	474	0.00003	0.00001	0.00000	0.00002	66	4.0
Desulfogranum marinum	453220	S	39998	40001	79999	0.00458	0.00229	0.00231	0.00218	47	nan
Geomonas paludis	2740185	S	28294	28436	56730	0.00325	0.00163	0.00185	0.00175	65	nan
Desulfosarcina widdelii	947919	S	2658	2662	5320	0.00030	0.00015	0.00016	0.00015	57	nan
Myxococcus xanthus	34	S	58298	98321	156619	0.00897	0.00563	0.00754	0.00710	70	nan
Myxococcus sp. SDU36	2831967	S	108	112	220	0.00001	0.00001	0.00000	0.00001	71	5.0
Nitrospira sp. KM1	1936990	S	45189	45194	90383	0.00518	0.00259	0.00265	0.00248	56	nan
Terriglobus saanensis	870903	S	41040	41048	82088	0.00470	0.00235	0.00244	0.00229	58	nan
Jonquetella anthropi	428712	S	31095	31107	62202	0.00356	0.00178	0.00194	0.00183	62	nan
Nitratifractor salsuginis	269261	S	21785	21788	43573	0.00250	0.00125	0.00131	0.00122	57	nan
Poseidonibacter lekithochrous	1904463	S	234	238	472	0.00003	0.00001	0.00000	0.00002	28	4.0
Nitratiruptor sp. SB155-2	387092	S	3951	3961	7912	0.00045	0.00023	0.00025	0.00023	41	nan
Thermocrinis albus	136094	S	20467	20467	40934	0.00235	0.00117	0.00118	0.00110	48	nan
unidentified bacterial endosymbiont	2355	S	7260	7322	14582	0.00084	0.00042	0.00042	0.00040	55	nan
Homo sapiens	9606	S	214	214	428	0.00002	0.00001	0.00000	0.00001	38	4.0
