name	taxonomy_id	taxonomy_lvl	kraken_assigned_reads	added_reads	new_est_reads	fraction_total_reads	Bracken_estimate	GuaCAMOLE_estimate	GuaCAMOLE_est_eff	GC content	Taxon Removal Cycle
Mycolicibacterium sp. YH-1	2908837	S	6110408	6116660	12227068	0.91056	0.45551	nan	nan	67	4.0
Mycobacterium sp. ITM-2016-00317	2099694	S	110	176	286	0.00002	0.00001	nan	nan	69	5.0
Nocardia brasiliensis	37326	S	100	127	227	0.00002	0.00001	nan	nan	69	5.0
Micrococcus yunnanensis	566027	S	146	248	394	0.00003	0.00002	nan	nan	74	5.0
Isoptericola dokdonensis	372663	S	106	109	215	0.00002	0.00001	nan	nan	75	4.0
Polymorphospora rubra	338584	S	152	199	351	0.00003	0.00001	nan	nan	73	4.0
Aeromicrobium erythreum	2041	S	112	119	231	0.00002	0.00001	nan	nan	73	5.0
Saccharopolyspora erythraea	1836	S	112	140	252	0.00002	0.00001	nan	nan	72	4.0
Rubrobacter xylanophilus	49319	S	122	122	244	0.00002	0.00001	nan	nan	70	4.0
Levilactobacillus brevis	1580	S	217	252	469	0.00003	0.00002	nan	nan	47	3.0
Clostridium saccharoperbutylacetonicum	36745	S	368	374	742	0.00006	0.00003	nan	nan	29	3.0
Pseudomonas sp. S35	1573719	S	3706054	3875916	7581970	0.56464	0.28864	nan	nan	62	4.0
Pseudomonas sp. LS1212	2972478	S	328	332	660	0.00005	0.00002	nan	nan	62	4.0
Pseudomonas sp. ABC1	2748080	S	298	301	599	0.00004	0.00002	nan	nan	64	5.0
Pseudomonas sp. Marseille-Q3773	2866592	S	283	297	580	0.00004	0.00002	nan	nan	64	4.0
Pseudomonas sp. B11D7D	2735906	S	275	283	558	0.00004	0.00002	nan	nan	63	4.0
Pseudomonas sp. gcc21	2726989	S	266	288	554	0.00004	0.00002	nan	nan	59	3.0
Pseudomonas sp. LG1E9	2219057	S	265	279	544	0.00004	0.00002	nan	nan	62	5.0
Pseudomonas sp. OIL-1	2706126	S	247	291	538	0.00004	0.00002	nan	nan	59	4.0
Pseudomonas sp. J452	2898441	S	246	252	498	0.00004	0.00002	nan	nan	65	4.0
Pseudomonas sp. ADAK18	2730848	S	244	249	493	0.00004	0.00002	nan	nan	60	4.0
Pseudomonas sp. AA-38	3028807	S	231	378	609	0.00005	0.00003	nan	nan	65	5.0
Pseudomonas sp. C9-3	3078264	S	227	254	481	0.00004	0.00002	nan	nan	66	4.0
Pseudomonas sp. D3	517398	S	225	234	459	0.00003	0.00002	nan	nan	62	5.0
Pseudomonas sp. SL4(2022)	2994661	S	222	225	447	0.00003	0.00002	nan	nan	61	4.0
Pseudomonas sp. PIA16	2931382	S	207	209	416	0.00003	0.00002	nan	nan	64	4.0
Pseudomonas sp. Cab53	2678258	S	204	211	415	0.00003	0.00002	nan	nan	63	5.0
Pseudomonas sp. DTU_2021_1001937_2_SI_NGA_ILE_001	3077589	S	202	204	406	0.00003	0.00002	nan	nan	65	4.0
Pseudomonas sp. ADPe	2774873	S	193	395	588	0.00004	0.00003	nan	nan	66	5.0
Pseudomonas sp. StFLB209	1028989	S	193	200	393	0.00003	0.00001	nan	nan	62	4.0
Pseudomonas sp. NyZ704	3076762	S	193	211	404	0.00003	0.00002	nan	nan	59	3.0
Pseudomonas sp. T1-3-2	2908006	S	192	197	389	0.00003	0.00001	nan	nan	64	5.0
Pseudomonas sp. KNUC1026	2893890	S	181	183	364	0.00003	0.00001	nan	nan	65	4.0
Pseudomonas sp. FP2309	2954091	S	175	181	356	0.00003	0.00001	nan	nan	62	5.0
Pseudomonas sp. KU26590	2991051	S	164	166	330	0.00002	0.00001	nan	nan	62	4.0
Pseudomonas sp. S09G 359	2054919	S	163	170	333	0.00002	0.00001	nan	nan	62	5.0
Pseudomonas sp. Q1-7	3020843	S	162	167	329	0.00002	0.00001	nan	nan	67	4.0
Pseudomonas sp. BSw22131	3002903	S	160	161	321	0.00002	0.00001	nan	nan	60	3.0
Pseudomonas sp. CC6-YY-74	1930532	S	159	160	319	0.00002	0.00001	nan	nan	63	4.0
Pseudomonas sp. FP2335	2954092	S	147	153	300	0.00002	0.00001	nan	nan	62	5.0
Pseudomonas sp. TCU-HL1	1856685	S	144	145	289	0.00002	0.00001	nan	nan	65	4.0
Pseudomonas sp. 7SR1	1881017	S	144	147	291	0.00002	0.00001	nan	nan	63	5.0
Pseudomonas sp. DG56-2	2320270	S	143	145	288	0.00002	0.00001	nan	nan	60	4.0
Pseudomonas sp. MM227	3019968	S	139	141	280	0.00002	0.00001	nan	nan	64	4.0
Pseudomonas sp. DTU12.3	2073078	S	137	143	280	0.00002	0.00001	nan	nan	61	5.0
Pseudomonas sp. SO81	2983246	S	135	137	272	0.00002	0.00001	nan	nan	67	4.0
Pseudomonas sp. G2-4	1506334	S	134	139	273	0.00002	0.00001	nan	nan	62	5.0
Pseudomonas sp. DY-1	1755504	S	129	130	259	0.00002	0.00001	nan	nan	64	4.0
Pseudomonas sp. SG20056	3074146	S	126	127	253	0.00002	0.00001	nan	nan	61	4.0
Pseudomonas sp. BT-42-2	2986927	S	125	126	251	0.00002	0.00001	nan	nan	63	4.0
Pseudomonas sp. HLS-6	2049589	S	125	132	257	0.00002	0.00001	nan	nan	61	4.0
Pseudomonas sp. SCB32	2653853	S	124	128	252	0.00002	0.00001	nan	nan	67	4.0
Pseudomonas sp. GCEP-101	2974552	S	121	126	247	0.00002	0.00001	nan	nan	67	4.0
Pseudomonas sp. FP2338	2954093	S	112	119	231	0.00002	0.00001	nan	nan	62	5.0
Pseudomonas sp. XWY-1	2069256	S	109	188	297	0.00002	0.00001	nan	nan	63	5.0
Pseudomonas sp. S34	1573718	S	107	111	218	0.00002	0.00001	nan	nan	62	5.0
Pseudomonas aeruginosa	287	S	6172	17719	23891	0.00178	0.00132	nan	nan	65	4.0
Pseudomonas alcaligenes	43263	S	1065	1212	2277	0.00017	0.00009	nan	nan	66	5.0
Pseudomonas furukawaii	1149133	S	404	421	825	0.00006	0.00003	nan	nan	67	4.0
Pseudomonas oleovorans	301	S	179	332	511	0.00004	0.00002	nan	nan	63	5.0
Pseudomonas mendocina	300	S	265	289	554	0.00004	0.00002	nan	nan	64	4.0
Pseudomonas resinovorans	53412	S	190	204	394	0.00003	0.00002	nan	nan	67	4.0
Pseudomonas citronellolis	53408	S	157	199	356	0.00003	0.00001	nan	nan	68	4.0
Pseudomonas fluorescens	294	S	1356	1547	2903	0.00022	0.00012	nan	nan	62	5.0
Pseudomonas orientalis	76758	S	371	395	766	0.00006	0.00003	nan	nan	62	5.0
Pseudomonas synxantha	47883	S	335	430	765	0.00006	0.00003	nan	nan	62	4.0
Pseudomonas trivialis	200450	S	165	181	346	0.00003	0.00001	nan	nan	62	5.0
Pseudomonas rhodesiae	76760	S	150	164	314	0.00002	0.00001	nan	nan	62	5.0
Pseudomonas cedrina	651740	S	132	142	274	0.00002	0.00001	nan	nan	62	5.0
Pseudomonas tolaasii	29442	S	129	134	263	0.00002	0.00001	nan	nan	62	5.0
Pseudomonas corrugata	47879	S	124	131	255	0.00002	0.00001	nan	nan	62	5.0
Pseudomonas mucidolens	46679	S	120	123	243	0.00002	0.00001	nan	nan	60	4.0
Pseudomonas azotoformans	47878	S	114	172	286	0.00002	0.00001	nan	nan	62	5.0
Pseudomonas poae	200451	S	105	119	224	0.00002	0.00001	nan	nan	62	5.0
Pseudomonas veronii	76761	S	104	193	297	0.00002	0.00001	nan	nan	62	5.0
Pseudomonas putida	303	S	1595	2580	4175	0.00031	0.00019	nan	nan	63	5.0
Pseudomonas fulva	47880	S	314	394	708	0.00005	0.00003	nan	nan	65	4.0
Pseudomonas oryzihabitans	47885	S	292	311	603	0.00004	0.00002	nan	nan	66	4.0
Pseudomonas syringae	317	S	434	1055	1489	0.00011	0.00008	nan	nan	60	4.0
Pseudomonas viridiflava	33069	S	231	238	469	0.00003	0.00002	nan	nan	61	4.0
Pseudomonas syringae group genomosp. 7	251699	S	160	184	344	0.00003	0.00001	nan	nan	59	4.0
Pseudomonas asturiensis	1190415	S	139	144	283	0.00002	0.00001	nan	nan	61	4.0
Pseudomonas chlororaphis	587753	S	723	952	1675	0.00012	0.00007	nan	nan	64	4.0
Pseudomonas protegens	380021	S	395	8433	8828	0.00066	0.00063	nan	nan	62	5.0
Pseudomonas fragi	296	S	180	198	378	0.00003	0.00001	nan	nan	60	4.0
Pseudomonas oryzae	1392877	S	338	346	684	0.00005	0.00003	nan	nan	69	4.0
Pseudomonas knackmussii	65741	S	294	334	628	0.00005	0.00002	nan	nan	65	5.0
Pseudomonas brassicacearum	930166	S	273	412	685	0.00005	0.00003	nan	nan	62	5.0
Pseudomonas eucalypticola	2599595	S	268	276	544	0.00004	0.00002	nan	nan	65	4.0
Pseudomonas guguanensis	1198456	S	265	304	569	0.00004	0.00002	nan	nan	65	4.0
Pseudomonas otitidis	319939	S	263	271	534	0.00004	0.00002	nan	nan	68	4.0
Pseudomonas lurida	244566	S	258	269	527	0.00004	0.00002	nan	nan	62	5.0
Pseudomonas rhizosphaerae	216142	S	245	249	494	0.00004	0.00002	nan	nan	63	4.0
Pseudomonas cavernae	2320867	S	243	246	489	0.00004	0.00002	nan	nan	65	4.0
Pseudomonas pohangensis	364197	S	230	231	461	0.00003	0.00002	nan	nan	61	4.0
Pseudomonas baltica	2762576	S	203	204	407	0.00003	0.00002	nan	nan	63	5.0
Pseudomonas sediminis	1691904	S	190	199	389	0.00003	0.00001	nan	nan	63	4.0
Pseudomonas vanderleydeniana	2745495	S	184	187	371	0.00003	0.00001	nan	nan	65	4.0
Pseudomonas antarctica	219572	S	184	217	401	0.00003	0.00002	nan	nan	62	4.0
Pseudomonas lalkuanensis	2604832	S	181	185	366	0.00003	0.00001	nan	nan	65	4.0
Pseudomonas saudiphocaensis	1499686	S	179	183	362	0.00003	0.00001	nan	nan	62	4.0
Pseudomonas palleroniana	191390	S	176	262	438	0.00003	0.00002	nan	nan	62	5.0
Pseudomonas xantholysinigenes	2745490	S	175	182	357	0.00003	0.00001	nan	nan	65	4.0
Pseudomonas asgharzadehiana	2842349	S	173	180	353	0.00003	0.00001	nan	nan	62	5.0
Pseudomonas benzenivorans	556533	S	169	172	341	0.00003	0.00001	nan	nan	67	4.0
Pseudomonas tructae	2518644	S	163	167	330	0.00002	0.00001	nan	nan	63	5.0
Pseudomonas simiae	321846	S	158	165	323	0.00002	0.00001	nan	nan	62	5.0
Pseudomonas alcaliphila	101564	S	155	205	360	0.00003	0.00002	nan	nan	64	4.0
Pseudomonas guangdongensis	1245526	S	155	161	316	0.00002	0.00001	nan	nan	70	4.0
Pseudomonas campi	2731681	S	153	156	309	0.00002	0.00001	nan	nan	65	4.0
Pseudomonas cremoricolorata	157783	S	152	155	307	0.00002	0.00001	nan	nan	64	4.0
Pseudomonas wenzhouensis	2906062	S	150	165	315	0.00002	0.00001	nan	nan	63	4.0
Pseudomonas alkylphenolica	237609	S	147	152	299	0.00002	0.00001	nan	nan	63	5.0
Pseudomonas canadensis	915099	S	142	154	296	0.00002	0.00001	nan	nan	62	5.0
Pseudomonas extremaustralis	359110	S	141	150	291	0.00002	0.00001	nan	nan	63	5.0
Pseudomonas psychrophila	122355	S	139	142	281	0.00002	0.00001	nan	nan	58	4.0
Pseudomonas hydrolytica	2493633	S	138	177	315	0.00002	0.00001	nan	nan	66	4.0
Pseudomonas vancouverensis	95300	S	135	138	273	0.00002	0.00001	nan	nan	62	4.0
Pseudomonas seleniipraecipitans	640205	S	130	131	261	0.00002	0.00001	nan	nan	63	4.0
Pseudomonas sivasensis	1880678	S	127	131	258	0.00002	0.00001	nan	nan	61	5.0
Pseudomonas taetrolens	47884	S	126	128	254	0.00002	0.00001	nan	nan	59	4.0
Pseudomonas argentinensis	289370	S	122	125	247	0.00002	0.00001	nan	nan	66	4.0
Pseudomonas laurentiana	2364649	S	119	121	240	0.00002	0.00001	nan	nan	60	4.0
Pseudomonas tohonis	2725477	S	118	136	254	0.00002	0.00001	nan	nan	68	4.0
Pseudomonas entomophila	312306	S	117	120	237	0.00002	0.00001	nan	nan	65	4.0
Pseudomonas psychrotolerans	237610	S	110	117	227	0.00002	0.00001	nan	nan	66	4.0
uncultured Pseudomonas sp.	114707	S	110	112	222	0.00002	0.00001	nan	nan	61	4.0
Pseudomonas marincola	437900	S	103	105	208	0.00002	0.00001	nan	nan	58	4.0
Pseudomonas chengduensis	489632	S	102	159	261	0.00002	0.00001	nan	nan	63	4.0
Pseudomonas kribbensis	1628086	S	101	127	228	0.00002	0.00001	nan	nan	62	5.0
Stutzerimonas stutzeri	316	S	1988	2677	4665	0.00035	0.00020	nan	nan	64	4.0
Stutzerimonas balearica	74829	S	867	1127	1994	0.00015	0.00008	nan	nan	65	5.0
Stutzerimonas frequens	2968969	S	146	259	405	0.00003	0.00002	nan	nan	65	4.0
Stutzerimonas sp. R40042	2998559	S	113	373	486	0.00004	0.00003	nan	nan	65	5.0
Halopseudomonas litoralis	797277	S	354	463	817	0.00006	0.00003	nan	nan	59	4.0
Halopseudomonas salegens	1434072	S	241	249	490	0.00004	0.00002	nan	nan	59	3.0
Halopseudomonas sabulinigri	472181	S	154	171	325	0.00002	0.00001	nan	nan	61	3.0
Halopseudomonas phragmitis	1931241	S	146	154	300	0.00002	0.00001	nan	nan	61	4.0
Halopseudomonas sp. SMJS2	3041098	S	118	137	255	0.00002	0.00001	nan	nan	61	3.0
Halopseudomonas xinjiangensis	487184	S	104	131	235	0.00002	0.00001	nan	nan	61	4.0
Halopseudomonas maritima	2918528	S	101	129	230	0.00002	0.00001	nan	nan	62	3.0
Azotobacter chroococcum	353	S	616	712	1328	0.00010	0.00005	nan	nan	68	5.0
Azotobacter vinelandii	354	S	390	417	807	0.00006	0.00003	nan	nan	67	5.0
Marinobacter sp. AN1	2886046	S	166	247	413	0.00003	0.00002	nan	nan	60	4.0
Marinobacter sp. NP-4(2019)	2488665	S	112	214	326	0.00002	0.00002	nan	nan	58	3.0
Marinobacter salarius	1420917	S	143	231	374	0.00003	0.00002	nan	nan	58	4.0
Marinobacter salinus	1874317	S	101	114	215	0.00002	0.00001	nan	nan	57	4.0
Candidatus Blochmannia vafer	251535	S	728998	730410	1459408	0.10868	0.05439	nan	nan	29	nan
Enterobacter mori	539813	S	102	237	339	0.00003	0.00002	nan	nan	57	3.0
Escherichia coli	562	S	471	4578	5049	0.00038	0.00034	nan	nan	53	4.0
Leclercia adecarboxylata	83655	S	298	416	714	0.00005	0.00003	nan	nan	58	3.0
Salmonella enterica	28901	S	115	2185	2300	0.00017	0.00016	nan	nan	55	4.0
Siccibacter colletis	1505757	S	115	119	234	0.00002	0.00001	nan	nan	60	3.0
Plesiomonas shigelloides	703	S	104	109	213	0.00002	0.00001	nan	nan	54	4.0
Dickeya dianthicola	204039	S	702	1095	1797	0.00013	0.00008	nan	nan	58	3.0
Dickeya zeae	204042	S	395	434	829	0.00006	0.00003	nan	nan	56	4.0
Pectobacterium quasiaquaticum	2774015	S	359	474	833	0.00006	0.00004	nan	nan	55	4.0
Pantoea agglomerans	549	S	318	519	837	0.00006	0.00004	nan	nan	57	4.0
Pantoea sp. Z09	2886821	S	151	182	333	0.00002	0.00001	nan	nan	62	4.0
Pantoea dispersa	59814	S	148	165	313	0.00002	0.00001	nan	nan	59	3.0
Serratia marcescens	615	S	140	498	638	0.00005	0.00004	nan	nan	63	4.0
Serratia odorifera	618	S	121	147	268	0.00002	0.00001	nan	nan	59	3.0
Nissabacter sp. SGAir0207	2126321	S	208	241	449	0.00003	0.00002	nan	nan	63	4.0
Morganella morganii	582	S	107	132	239	0.00002	0.00001	nan	nan	54	4.0
Halomonas sp. Y3	2956797	S	5424	7047	12471	0.00093	0.00052	nan	nan	68	4.0
Halomonas sp. 3H	2952527	S	220	244	464	0.00003	0.00002	nan	nan	70	5.0
Halomonas sp. CKK8	3036127	S	204	216	420	0.00003	0.00002	nan	nan	69	5.0
Halomonas sp. YLGW01	2773308	S	181	190	371	0.00003	0.00001	nan	nan	66	5.0
Halomonas sp. M4R1S46	2982692	S	158	166	324	0.00002	0.00001	nan	nan	70	4.0
Halomonas sp. LR3S48	2982694	S	114	119	233	0.00002	0.00001	nan	nan	66	4.0
Halomonas sp. I5-271120	3061632	S	112	120	232	0.00002	0.00001	nan	nan	64	4.0
Halomonas sp. SG2L-4	3031727	S	108	109	217	0.00002	0.00001	nan	nan	65	4.0
Halomonas sp. BDJS001	2992143	S	107	122	229	0.00002	0.00001	nan	nan	57	4.0
Halomonas huangheensis	1178482	S	248	255	503	0.00004	0.00002	nan	nan	59	3.0
Halomonas beimenensis	475662	S	227	238	465	0.00003	0.00002	nan	nan	70	4.0
Halomonas tianxiuensis	2497861	S	203	221	424	0.00003	0.00002	nan	nan	65	5.0
Halomonas binhaiensis	2562282	S	147	149	296	0.00002	0.00001	nan	nan	58	4.0
Halomonas socia	1081866	S	147	154	301	0.00002	0.00001	nan	nan	66	4.0
Halomonas sulfidivorans	2733488	S	122	129	251	0.00002	0.00001	nan	nan	65	4.0
Salinicola sp. JS01	3050071	S	170	225	395	0.00003	0.00002	nan	nan	67	5.0
Marinobacterium aestuarii	1821621	S	228	234	462	0.00003	0.00002	nan	nan	61	4.0
Marinobacterium rhizophilum	420402	S	146	150	296	0.00002	0.00001	nan	nan	62	4.0
Marinobacterium sediminicola	518898	S	123	124	247	0.00002	0.00001	nan	nan	58	3.0
Venatoribacter cucullus	2661630	S	198	203	401	0.00003	0.00002	nan	nan	58	3.0
Alloalcanivorax xenomutans	1094342	S	508	544	1052	0.00008	0.00004	nan	nan	62	4.0
Alcanivorax sp.	1872427	S	138	196	334	0.00002	0.00001	nan	nan	60	3.0
Xanthomonas sp. SI	2724123	S	146	270	416	0.00003	0.00002	nan	nan	69	5.0
Xanthomonas hyacinthi	56455	S	244	373	617	0.00005	0.00003	nan	nan	69	nan
Xanthomonas oryzae	347	S	233	490	723	0.00005	0.00004	nan	nan	65	5.0
Xanthomonas campestris	339	S	209	280	489	0.00004	0.00002	nan	nan	66	5.0
Xanthomonas translucens	343	S	191	870	1061	0.00008	0.00006	nan	nan	68	5.0
Xanthomonas vasicola	56459	S	151	191	342	0.00003	0.00001	nan	nan	64	5.0
Xanthomonas sacchari	56458	S	150	224	374	0.00003	0.00002	nan	nan	69	5.0
Xanthomonas arboricola	56448	S	104	253	357	0.00003	0.00002	nan	nan	67	5.0
Stenotrophomonas maltophilia	40324	S	472	1450	1922	0.00014	0.00011	nan	nan	68	nan
Stenotrophomonas sp. A5588	3003272	S	155	336	491	0.00004	0.00003	nan	nan	68	5.0
Stenotrophomonas sp. 169	2770322	S	101	116	217	0.00002	0.00001	nan	nan	67	5.0
Stenotrophomonas rhizophila	216778	S	110	121	231	0.00002	0.00001	nan	nan	68	4.0
Stenotrophomonas acidaminiphila	128780	S	103	288	391	0.00003	0.00002	nan	nan	68	nan
Lysobacter luteus	2822368	S	123	200	323	0.00002	0.00001	nan	nan	69	5.0
Lysobacter antibioticus	84531	S	113	302	415	0.00003	0.00002	nan	nan	69	5.0
Pseudoxanthomonas sp.	1871049	S	119	191	310	0.00002	0.00001	nan	nan	67	4.0
Pseudoxanthomonas spadix	415229	S	199	222	421	0.00003	0.00002	nan	nan	69	nan
Pseudoxanthomonas mexicana	128785	S	104	203	307	0.00002	0.00002	nan	nan	68	5.0
Xylella fastidiosa	2371	S	457	486	943	0.00007	0.00004	nan	nan	53	4.0
Luteimonas chenhongjianii	2006110	S	143	149	292	0.00002	0.00001	nan	nan	69	5.0
Thermomonas carbonis	1463158	S	169	188	357	0.00003	0.00001	nan	nan	66	4.0
Dyella thiooxydans	445710	S	102	121	223	0.00002	0.00001	nan	nan	69	5.0
Rhodanobacter sp. AS-Z3	3031330	S	170	201	371	0.00003	0.00001	nan	nan	62	3.0
Luteibacter aegosomatissinici	2911539	S	132	143	275	0.00002	0.00001	nan	nan	65	4.0
Tahibacter amnicola	2976241	S	183	185	368	0.00003	0.00001	nan	nan	66	4.0
Ahniella affigens	2021234	S	176	177	353	0.00003	0.00001	nan	nan	60	4.0
Aerosticca soli	2010829	S	157	220	377	0.00003	0.00002	nan	nan	68	nan
Dokdonella koreensis	323415	S	153	160	313	0.00002	0.00001	nan	nan	71	5.0
Aeromonas sp. ASNIH3	1636608	S	1571	11710	13281	0.00099	0.00087	nan	nan	64	4.0
Aeromonas sp. ASNIH4	1636609	S	122	201	323	0.00002	0.00002	nan	nan	64	4.0
Aeromonas hydrophila	644	S	1471	1701	3172	0.00024	0.00013	nan	nan	64	4.0
Aeromonas caviae	648	S	1120	2013	3133	0.00023	0.00015	nan	nan	64	4.0
Aeromonas allosaccharophila	656	S	361	430	791	0.00006	0.00003	nan	nan	62	3.0
Aeromonas veronii	654	S	240	375	615	0.00005	0.00003	nan	nan	62	4.0
Aeromonas media	651	S	140	159	299	0.00002	0.00001	nan	nan	64	4.0
Oceanimonas sp. GK1	511062	S	162	177	339	0.00003	0.00001	nan	nan	64	4.0
Allochromatium tepidum	553982	S	498	553	1051	0.00008	0.00004	nan	nan	66	5.0
Allochromatium vinosum	1049	S	246	270	516	0.00004	0.00002	nan	nan	66	5.0
Thiocapsa bogorovii	521689	S	167	211	378	0.00003	0.00002	nan	nan	65	4.0
Thiocystis violascens	73141	S	297	299	596	0.00004	0.00002	nan	nan	64	4.0
Candidatus Thiodictyon syntrophicum	1166950	S	266	267	533	0.00004	0.00002	nan	nan	68	4.0
Thioflavicoccus mobilis	80679	S	237	238	475	0.00004	0.00002	nan	nan	66	5.0
Caldichromatium japonicum	2699430	S	196	198	394	0.00003	0.00001	nan	nan	62	4.0
Thermochromatium tepidum	1050	S	127	128	255	0.00002	0.00001	nan	nan	64	4.0
Marichromatium purpuratum	37487	S	112	113	225	0.00002	0.00001	nan	nan	68	4.0
Thioalkalivibrio sulfidiphilus	1033854	S	259	288	547	0.00004	0.00002	nan	nan	67	5.0
Thioalkalivibrio paradoxus	108010	S	183	225	408	0.00003	0.00002	nan	nan	67	5.0
Thioalkalivibrio versutus	106634	S	140	146	286	0.00002	0.00001	nan	nan	66	4.0
Acidihalobacter yilgarnensis	2819280	S	190	199	389	0.00003	0.00001	nan	nan	61	4.0
Acidihalobacter aeolianus	2792603	S	172	188	360	0.00003	0.00001	nan	nan	65	4.0
Ectothiorhodospira sp. BSL-9	1442136	S	175	235	410	0.00003	0.00002	nan	nan	64	5.0
Ectothiorhodospira haloalkaliphila	421628	S	128	166	294	0.00002	0.00001	nan	nan	63	5.0
Spiribacter halobius	2182432	S	105	107	212	0.00002	0.00001	nan	nan	70	4.0
Halorhodospira halophila	1053	S	142	146	288	0.00002	0.00001	nan	nan	68	4.0
Candidatus Endoriftia persephone	393765	S	184	186	370	0.00003	0.00001	nan	nan	61	4.0
Thiolapillus brandeum	1076588	S	108	113	221	0.00002	0.00001	nan	nan	58	4.0
Wenzhouxiangella marina	1579979	S	138	138	276	0.00002	0.00001	nan	nan	66	4.0
Sinimarinibacterium sp. NLF-5-8	2698684	S	3421	3672	7093	0.00053	0.00027	nan	nan	61	3.0
Flagellatimonas centrodinii	2806210	S	147	147	294	0.00002	0.00001	nan	nan	66	5.0
Methylomonas sp. UP202	3040943	S	323	355	678	0.00005	0.00003	nan	nan	57	4.0
Methylomonas sp. LL1	2785785	S	153	162	315	0.00002	0.00001	nan	nan	54	4.0
Methylomonas rapida	2963939	S	224	239	463	0.00003	0.00002	nan	nan	55	3.0
Methylomonas koyamae	702114	S	159	419	578	0.00004	0.00003	nan	nan	58	4.0
Methylococcus capsulatus	414	S	239	334	573	0.00004	0.00002	nan	nan	64	4.0
Methylococcus geothermalis	2681310	S	209	275	484	0.00004	0.00002	nan	nan	64	4.0
Methylococcus sp. EFPC2	2812648	S	100	102	202	0.00002	0.00001	nan	nan	63	4.0
Methylomicrobium album	39775	S	256	261	517	0.00004	0.00002	nan	nan	59	3.0
Candidatus Methylospira mobilis	1808979	S	238	245	483	0.00004	0.00002	nan	nan	55	4.0
Methylogaea oryzae	1295382	S	221	226	447	0.00003	0.00002	nan	nan	65	4.0
Methylomarinovum caldicuralii	438856	S	134	135	269	0.00002	0.00001	nan	nan	66	4.0
Thalassomonas actiniarum	485447	S	113	164	277	0.00002	0.00001	nan	nan	50	5.0
Idiomarina sp. OT37-5b	2100422	S	102	149	251	0.00002	0.00001	nan	nan	52	4.0
Microbulbifer sp. GL-2	2591606	S	121	217	338	0.00003	0.00002	nan	nan	52	4.0
Kineobactrum salinum	2708301	S	214	216	430	0.00003	0.00002	nan	nan	62	5.0
Sulfurivermis fontis	1972068	S	334	370	704	0.00005	0.00003	nan	nan	66	5.0
Immundisolibacter cernigliae	1810504	S	214	220	434	0.00003	0.00002	nan	nan	69	5.0
Cardiobacterium sp. Marseille-Q4385	2866573	S	124	124	248	0.00002	0.00001	nan	nan	62	3.0
endosymbiont of unidentified scaly snail isolate Monju	1248727	S	135	135	270	0.00002	0.00001	nan	nan	65	4.0
Salinisphaera sp. LB1	2183911	S	133	133	266	0.00002	0.00001	nan	nan	65	3.0
Thauera sp. K11	2005884	S	32532	46568	79100	0.00589	0.00347	nan	nan	68	nan
Thauera sp. WB-2	2897772	S	27553	35996	63549	0.00473	0.00268	nan	nan	67	nan
Thauera sp. MZ1T	85643	S	18527	28807	47334	0.00353	0.00215	nan	nan	69	nan
Thauera sp. GDN1	2944810	S	17654	24502	42156	0.00314	0.00182	nan	nan	68	5.0
Thauera sp. PIV-1	204461	S	8211	22587	30798	0.00229	0.00168	nan	nan	68	nan
Thauera chlorobenzoica	96773	S	13550	19302	32852	0.00245	0.00144	nan	nan	68	4.0
Thauera aromatica	59405	S	11471	19052	30523	0.00227	0.00142	nan	nan	67	nan
Thauera humireducens	1134435	S	7293	20378	27671	0.00206	0.00152	nan	nan	67	nan
Azoarcus sp. DD4	2027405	S	51128	76462	127590	0.00950	0.00569	nan	nan	67	nan
Azoarcus sp. DN11	356837	S	7940	17350	25290	0.00188	0.00129	nan	nan	68	5.0
Azoarcus sp. KH32C	748247	S	6951	7382	14333	0.00107	0.00055	nan	nan	66	nan
Azoarcus sp. CIB	198107	S	6459	13852	20311	0.00151	0.00103	nan	nan	66	5.0
Azoarcus olearius	418699	S	34844	42429	77273	0.00575	0.00316	nan	nan	68	4.0
Parazoarcus communis	41977	S	95986	112552	208538	0.01553	0.00838	nan	nan	64	5.0
Nitrogeniibacter mangrovi	2016596	S	7136	7748	14884	0.00111	0.00058	nan	nan	67	nan
Nitrogeniibacter aestuarii	2815343	S	5804	6065	11869	0.00088	0.00045	nan	nan	63	4.0
Pseudothauera hydrothermalis	2184083	S	11244	13156	24400	0.00182	0.00098	nan	nan	64	5.0
Pseudazoarcus pumilus	2067960	S	3936	4304	8240	0.00061	0.00032	nan	nan	67	5.0
Aromatoleum aromaticum	551760	S	17920	21336	39256	0.00292	0.00159	nan	nan	66	5.0
Aromatoleum bremense	76115	S	9125	10718	19843	0.00148	0.00080	nan	nan	66	4.0
Aromatoleum petrolei	76116	S	4339	5109	9448	0.00070	0.00038	nan	nan	67	5.0
Aromatoleum buckelii	200254	S	150	175	325	0.00002	0.00001	nan	nan	64	5.0
Azospira sp. I09	1765049	S	8087	12404	20491	0.00153	0.00092	nan	nan	67	5.0
Azospira restricta	404405	S	1418	1638	3056	0.00023	0.00012	nan	nan	70	5.0
Azospira inquinata	2785627	S	721	750	1471	0.00011	0.00006	nan	nan	64	4.0
Azospira oryzae	146939	S	632	893	1525	0.00011	0.00007	nan	nan	67	5.0
Niveibacterium microcysteis	2811415	S	2308	2394	4702	0.00035	0.00018	nan	nan	65	5.0
Oryzomicrobium terrae	1735038	S	1121	1212	2333	0.00017	0.00009	nan	nan	67	nan
uncultured Propionivibrio sp.	426737	S	818	851	1669	0.00012	0.00006	nan	nan	64	5.0
Dechloromonas sp. A34	447588	S	2200	2357	4557	0.00034	0.00018	nan	nan	63	4.0
Dechloromonas sp. TW-R-39-2	2654218	S	1170	1695	2865	0.00021	0.00013	nan	nan	59	4.0
Dechloromonas sp. HYN0024	2231055	S	969	1089	2058	0.00015	0.00008	nan	nan	61	4.0
Dechloromonas denitrificans	281362	S	3790	4403	8193	0.00061	0.00033	nan	nan	61	4.0
Ferribacterium limneticum	76259	S	4221	4566	8787	0.00065	0.00034	nan	nan	61	4.0
Quatrionicoccus australiensis	138118	S	2432	2818	5250	0.00039	0.00021	nan	nan	63	4.0
Fluviibacter phosphoraccumulans	1751046	S	383	412	795	0.00006	0.00003	nan	nan	56	4.0
Comamonas aquatica	225991	S	5310	8154	13464	0.00100	0.00061	nan	nan	67	5.0
Comamonas sp. B21-038	2918299	S	255	292	547	0.00004	0.00002	nan	nan	66	5.0
Comamonas sp. NLF-1-9	2853163	S	229	264	493	0.00004	0.00002	nan	nan	68	nan
Comamonas sp. Y33R10-2	2853257	S	227	270	497	0.00004	0.00002	nan	nan	58	4.0
Comamonas sp. ZM22	3046670	S	125	209	334	0.00002	0.00002	nan	nan	64	4.0
Comamonas sp. PR12	2977320	S	103	569	672	0.00005	0.00004	nan	nan	65	5.0
Comamonas kerstersii	225992	S	647	787	1434	0.00011	0.00006	nan	nan	62	4.0
Comamonas antarctica	2743470	S	469	687	1156	0.00009	0.00005	nan	nan	68	nan
Comamonas terrigena	32013	S	428	482	910	0.00007	0.00004	nan	nan	67	nan
Comamonas testosteroni	285	S	412	1349	1761	0.00013	0.00010	nan	nan	65	4.0
Comamonas serinivorans	1082851	S	290	325	615	0.00005	0.00002	nan	nan	70	nan
Comamonas flocculans	2597701	S	271	356	627	0.00005	0.00003	nan	nan	68	nan
Comamonas odontotermitis	379895	S	250	279	529	0.00004	0.00002	nan	nan	63	4.0
Comamonas fluminis	2796366	S	241	320	561	0.00004	0.00002	nan	nan	62	4.0
Comamonas piscis	1562974	S	143	157	300	0.00002	0.00001	nan	nan	64	4.0
Comamonas thiooxydans	363952	S	129	275	404	0.00003	0.00002	nan	nan	64	4.0
Variovorax sp. WDL1	207745	S	294	608	902	0.00007	0.00005	nan	nan	66	nan
Variovorax sp. PBL-H6	434009	S	262	677	939	0.00007	0.00005	nan	nan	66	nan
Variovorax sp. PAMC 28711	1795631	S	203	218	421	0.00003	0.00002	nan	nan	66	nan
Variovorax sp. PAMC26660	2762322	S	203	229	432	0.00003	0.00002	nan	nan	67	nan
Variovorax sp. PAMC28562	2762323	S	168	174	342	0.00003	0.00001	nan	nan	64	5.0
Variovorax sp. RKNM96	2681552	S	152	184	336	0.00003	0.00001	nan	nan	68	nan
Variovorax sp. HW608	1034889	S	151	162	313	0.00002	0.00001	nan	nan	68	nan
Variovorax sp. RA8	662548	S	146	264	410	0.00003	0.00002	nan	nan	68	nan
Variovorax paradoxus	34073	S	2268	3189	5457	0.00041	0.00024	nan	nan	68	nan
Variovorax boronicumulans	436515	S	464	872	1336	0.00010	0.00006	nan	nan	69	5.0
Hydrogenophaga sp. PBC	795665	S	513	737	1250	0.00009	0.00005	nan	nan	69	nan
Hydrogenophaga sp. BPS33	2651974	S	414	587	1001	0.00007	0.00004	nan	nan	67	5.0
Hydrogenophaga sp. PAMC20947	2565558	S	412	428	840	0.00006	0.00003	nan	nan	63	4.0
Hydrogenophaga sp. RAC07	1842537	S	290	407	697	0.00005	0.00003	nan	nan	66	nan
Hydrogenophaga sp. PBL-H3	434010	S	288	517	805	0.00006	0.00004	nan	nan	67	5.0
Hydrogenophaga sp. SL48	2806347	S	258	290	548	0.00004	0.00002	nan	nan	68	nan
Hydrogenophaga sp. YM1	2806262	S	240	319	559	0.00004	0.00002	nan	nan	70	5.0
Hydrogenophaga sp. NH-16	2184519	S	175	476	651	0.00005	0.00004	nan	nan	68	nan
Hydrogenophaga crocea	2716225	S	531	731	1262	0.00009	0.00005	nan	nan	70	nan
uncultured Hydrogenophaga sp.	199683	S	492	564	1056	0.00008	0.00004	nan	nan	69	5.0
Hydrogenophaga taeniospiralis	65656	S	430	502	932	0.00007	0.00004	nan	nan	66	nan
Hydrogenophaga crassostreae	1763535	S	313	322	635	0.00005	0.00002	nan	nan	63	3.0
Hydrogenophaga pseudoflava	47421	S	263	548	811	0.00006	0.00004	nan	nan	67	nan
Rhodoferax sp. AJA081-3	2752316	S	467	481	948	0.00007	0.00004	nan	nan	62	3.0
Rhodoferax sp. PAMC 29310	2822760	S	345	382	727	0.00005	0.00003	nan	nan	59	4.0
Rhodoferax sp. BAB1	2741720	S	304	344	648	0.00005	0.00003	nan	nan	67	nan
Rhodoferax sp. TBRC 17307	3068341	S	217	300	517	0.00004	0.00002	nan	nan	62	4.0
Rhodoferax sp. MIZ03	2798804	S	120	220	340	0.00003	0.00002	nan	nan	57	4.0
Rhodoferax ferrireducens	192843	S	532	557	1089	0.00008	0.00004	nan	nan	61	3.0
Rhodoferax koreense	1842727	S	459	601	1060	0.00008	0.00004	nan	nan	68	nan
uncultured Rhodoferax sp.	223188	S	457	803	1260	0.00009	0.00006	nan	nan	59	4.0
Rhodoferax saidenbachensis	1484693	S	442	463	905	0.00007	0.00003	nan	nan	63	4.0
Rhodoferax sediminis	2509614	S	348	361	709	0.00005	0.00003	nan	nan	66	4.0
Rhodoferax aquaticus	2527691	S	227	250	477	0.00004	0.00002	nan	nan	59	3.0
Rhodoferax antarcticus	81479	S	151	157	308	0.00002	0.00001	nan	nan	61	3.0
Acidovorax sp. HDW3	2714923	S	398	510	908	0.00007	0.00004	nan	nan	67	nan
Acidovorax sp. 1608163	2478662	S	383	432	815	0.00006	0.00003	nan	nan	66	5.0
Acidovorax sp. 5MLIR	2949090	S	363	441	804	0.00006	0.00003	nan	nan	68	nan
Acidovorax sp. KKS102	358220	S	250	343	593	0.00004	0.00003	nan	nan	67	nan
Acidovorax sp. JMULE5	2518343	S	225	260	485	0.00004	0.00002	nan	nan	66	5.0
Acidovorax sp. NCPPB 3576	2940488	S	220	336	556	0.00004	0.00003	nan	nan	69	nan
Acidovorax sp. RAC01	1842533	S	218	283	501	0.00004	0.00002	nan	nan	66	5.0
Acidovorax carolinensis	553814	S	674	1240	1914	0.00014	0.00009	nan	nan	66	5.0
Acidovorax temperans	80878	S	347	718	1065	0.00008	0.00005	nan	nan	66	5.0
Acidovorax radicis	758826	S	323	361	684	0.00005	0.00003	nan	nan	65	5.0
Diaphorobacter sp. HDW4A	2714924	S	682	1132	1814	0.00014	0.00008	nan	nan	64	4.0
Diaphorobacter sp. HDW4B	2714925	S	336	370	706	0.00005	0.00003	nan	nan	63	3.0
Diaphorobacter sp. Y-1	3036128	S	307	548	855	0.00006	0.00004	nan	nan	67	nan
Diaphorobacter aerolatus	1288495	S	196	408	604	0.00004	0.00003	nan	nan	65	5.0
Diaphorobacter ruginosibacter	1715720	S	174	192	366	0.00003	0.00001	nan	nan	66	5.0
[Acidovorax] ebreus	721785	S	156	586	742	0.00006	0.00004	nan	nan	67	nan
Delftia tsuruhatensis	180282	S	404	1468	1872	0.00014	0.00011	nan	nan	68	nan
Delftia acidovorans	80866	S	365	761	1126	0.00008	0.00006	nan	nan	68	nan
Delftia sp. HK171	1920191	S	102	202	304	0.00002	0.00002	nan	nan	69	nan
Delftia lacustris	558537	S	137	763	900	0.00007	0.00006	nan	nan	68	nan
Ottowia sp. oral taxon 894	1658672	S	455	497	952	0.00007	0.00004	nan	nan	67	5.0
Ottowia sp. SB7-C50	3081231	S	362	484	846	0.00006	0.00004	nan	nan	68	nan
Ottowia testudinis	2816950	S	407	430	837	0.00006	0.00003	nan	nan	67	5.0
Ottowia oryzae	2109914	S	206	221	427	0.00003	0.00002	nan	nan	67	nan
Polaromonas sp. JS666	296591	S	413	855	1268	0.00009	0.00006	nan	nan	63	4.0
Polaromonas naphthalenivorans	216465	S	413	452	865	0.00006	0.00003	nan	nan	64	4.0
Polaromonas vacuolata	37448	S	122	132	254	0.00002	0.00001	nan	nan	54	4.0
Paracidovorax avenae	80867	S	773	2490	3263	0.00024	0.00019	nan	nan	69	nan
Paracidovorax cattleyae	80868	S	258	358	616	0.00005	0.00003	nan	nan	69	nan
Paracidovorax citrulli	80869	S	114	174	288	0.00002	0.00001	nan	nan	69	nan
Ramlibacter tataouinensis	94132	S	1067	1205	2272	0.00017	0.00009	nan	nan	69	5.0
Serpentinimonas maccroryi	1458426	S	487	555	1042	0.00008	0.00004	nan	nan	67	nan
Serpentinimonas raichei	1458425	S	265	293	558	0.00004	0.00002	nan	nan	67	nan
Limnohabitans sp. 103DPR2	1678129	S	179	202	381	0.00003	0.00002	nan	nan	55	4.0
Limnohabitans sp. 63ED37-2	1678128	S	177	203	380	0.00003	0.00002	nan	nan	62	3.0
Limnohabitans sp. MORI2	1751150	S	137	165	302	0.00002	0.00001	nan	nan	56	4.0
Melaminivora jejuensis	1267217	S	377	475	852	0.00006	0.00004	nan	nan	69	nan
Melaminivora suipulveris	2109913	S	111	149	260	0.00002	0.00001	nan	nan	69	nan
Verminephrobacter eiseniae	364317	S	475	493	968	0.00007	0.00004	nan	nan	66	5.0
Alicycliphilus denitrificans	179636	S	472	1592	2064	0.00015	0.00012	nan	nan	68	nan
Kinneretia sp. DAIF2	2714952	S	373	473	846	0.00006	0.00004	nan	nan	70	5.0
Hylemonella gracilis	80880	S	290	309	599	0.00004	0.00002	nan	nan	67	nan
Paenacidovorax monticola	1926868	S	222	270	492	0.00004	0.00002	nan	nan	70	5.0
Simplicispira suum	2109915	S	220	264	484	0.00004	0.00002	nan	nan	64	4.0
Curvibacter sp. AEP1-3	1844971	S	213	276	489	0.00004	0.00002	nan	nan	61	4.0
Pulveribacter suum	2116657	S	170	199	369	0.00003	0.00001	nan	nan	70	5.0
Candidatus Symbiobacter mobilis	1436290	S	106	107	213	0.00002	0.00001	nan	nan	62	4.0
Cupriavidus taiwanensis	164546	S	1056	1915	2971	0.00022	0.00014	nan	nan	68	nan
Cupriavidus pauculus	82633	S	994	1478	2472	0.00018	0.00011	nan	nan	66	5.0
Cupriavidus necator	106590	S	906	1776	2682	0.00020	0.00013	nan	nan	67	nan
Cupriavidus sp. EM10	2839983	S	254	437	691	0.00005	0.00003	nan	nan	66	nan
Cupriavidus sp. P-10	2027911	S	190	309	499	0.00004	0.00002	nan	nan	67	5.0
Cupriavidus sp. WKF15	3032282	S	150	179	329	0.00002	0.00001	nan	nan	66	5.0
Cupriavidus basilensis	68895	S	697	1210	1907	0.00014	0.00009	nan	nan	66	5.0
Cupriavidus metallidurans	119219	S	692	1082	1774	0.00013	0.00008	nan	nan	65	5.0
Cupriavidus gilardii	82541	S	641	998	1639	0.00012	0.00007	nan	nan	68	nan
Cupriavidus oxalaticus	96344	S	560	777	1337	0.00010	0.00006	nan	nan	67	nan
Cupriavidus campinensis	151783	S	377	534	911	0.00007	0.00004	nan	nan	67	5.0
Cupriavidus cauae	2608999	S	323	616	939	0.00007	0.00005	nan	nan	68	nan
Cupriavidus neocaledonicus	1040979	S	304	707	1011	0.00008	0.00005	nan	nan	67	nan
Cupriavidus pinatubonensis	248026	S	255	279	534	0.00004	0.00002	nan	nan	65	4.0
Cupriavidus nantongensis	1796606	S	159	453	612	0.00005	0.00003	nan	nan	67	nan
Burkholderia ubonensis	101571	S	489	728	1217	0.00009	0.00005	nan	nan	68	nan
Burkholderia cepacia	292	S	463	705	1168	0.00009	0.00005	nan	nan	68	nan
Burkholderia contaminans	488447	S	389	662	1051	0.00008	0.00005	nan	nan	67	nan
Burkholderia multivorans	87883	S	273	356	629	0.00005	0.00003	nan	nan	68	nan
Burkholderia cenocepacia	95486	S	244	1344	1588	0.00012	0.00010	nan	nan	68	nan
Burkholderia ambifaria	152480	S	216	369	585	0.00004	0.00003	nan	nan	68	nan
Burkholderia anthina	179879	S	208	394	602	0.00004	0.00003	nan	nan	67	nan
Burkholderia lata	482957	S	196	373	569	0.00004	0.00003	nan	nan	68	nan
Burkholderia latens	488446	S	178	215	393	0.00003	0.00002	nan	nan	67	nan
Burkholderia stabilis	95485	S	145	271	416	0.00003	0.00002	nan	nan	67	nan
Burkholderia arboris	488730	S	124	169	293	0.00002	0.00001	nan	nan	68	nan
Burkholderia stagnalis	1503054	S	100	124	224	0.00002	0.00001	nan	nan	68	nan
Burkholderia sp. FERM BP-3421	1494466	S	156	346	502	0.00004	0.00003	nan	nan	67	5.0
Burkholderia sp. THE68	758782	S	122	834	956	0.00007	0.00006	nan	nan	66	5.0
Burkholderia pseudomallei	28450	S	341	909	1250	0.00009	0.00007	nan	nan	68	nan
Burkholderia oklahomensis	342113	S	144	164	308	0.00002	0.00001	nan	nan	68	nan
Burkholderia thailandensis	57975	S	128	275	403	0.00003	0.00002	nan	nan	68	nan
Burkholderia gladioli	28095	S	476	545	1021	0.00008	0.00004	nan	nan	69	nan
Burkholderia plantarii	41899	S	205	259	464	0.00003	0.00002	nan	nan	69	nan
Burkholderia glumae	337	S	171	193	364	0.00003	0.00001	nan	nan	69	nan
Paraburkholderia sp. FT54	3074437	S	191	279	470	0.00004	0.00002	nan	nan	63	4.0
Paraburkholderia sp. PGU16	2735433	S	188	297	485	0.00004	0.00002	nan	nan	63	4.0
Paraburkholderia sp. SUR17	3034358	S	110	118	228	0.00002	0.00001	nan	nan	66	nan
Paraburkholderia aromaticivorans	2026199	S	514	827	1341	0.00010	0.00006	nan	nan	63	4.0
Paraburkholderia bonniea	2152891	S	326	346	672	0.00005	0.00003	nan	nan	60	4.0
Paraburkholderia caribensis	75105	S	325	513	838	0.00006	0.00004	nan	nan	64	4.0
Paraburkholderia edwinii	2861782	S	281	311	592	0.00004	0.00002	nan	nan	63	4.0
Paraburkholderia caffeinilytica	1761016	S	269	349	618	0.00005	0.00003	nan	nan	63	4.0
Paraburkholderia xenovorans	36873	S	261	527	788	0.00006	0.00004	nan	nan	63	4.0
Paraburkholderia acidisoli	2571748	S	225	255	480	0.00004	0.00002	nan	nan	66	5.0
Paraburkholderia phytofirmans	261302	S	221	360	581	0.00004	0.00003	nan	nan	63	4.0
Paraburkholderia acidiphila	2571747	S	220	255	475	0.00004	0.00002	nan	nan	65	5.0
Paraburkholderia fungorum	134537	S	196	290	486	0.00004	0.00002	nan	nan	63	4.0
Paraburkholderia phenoliruptrix	252970	S	193	247	440	0.00003	0.00002	nan	nan	64	4.0
Paraburkholderia ginsengisoli	311231	S	166	218	384	0.00003	0.00002	nan	nan	64	4.0
Paraburkholderia pallida	2547399	S	156	176	332	0.00002	0.00001	nan	nan	65	4.0
Paraburkholderia tropica	92647	S	152	183	335	0.00002	0.00001	nan	nan	66	5.0
Paraburkholderia sprentiae	948107	S	150	170	320	0.00002	0.00001	nan	nan	64	4.0
Paraburkholderia dokdonensis	2211211	S	148	180	328	0.00002	0.00001	nan	nan	64	5.0
Paraburkholderia atlantica	2654982	S	147	176	323	0.00002	0.00001	nan	nan	65	4.0
Paraburkholderia sabiae	273251	S	142	176	318	0.00002	0.00001	nan	nan	62	4.0
Paraburkholderia phymatum	148447	S	113	167	280	0.00002	0.00001	nan	nan	63	4.0
Paraburkholderia graminis	60548	S	112	142	254	0.00002	0.00001	nan	nan	64	4.0
Paraburkholderia terricola	169427	S	104	131	235	0.00002	0.00001	nan	nan	64	4.0
Ralstonia pseudosolanacearum	1310165	S	3665	7513	11178	0.00083	0.00056	nan	nan	68	nan
Ralstonia solanacearum	305	S	676	770	1446	0.00011	0.00006	nan	nan	68	5.0
Ralstonia mannitolilytica	105219	S	431	690	1121	0.00008	0.00005	nan	nan	67	nan
Ralstonia insidiosa	190721	S	412	561	973	0.00007	0.00004	nan	nan	65	5.0
Ralstonia pickettii	329	S	337	418	755	0.00006	0.00003	nan	nan	65	4.0
Ralstonia wenshanensis	2842456	S	189	202	391	0.00003	0.00002	nan	nan	65	5.0
Pandoraea sp. XJJ-1	3002643	S	522	1768	2290	0.00017	0.00013	nan	nan	64	5.0
Pandoraea pnomenusa	93220	S	417	611	1028	0.00008	0.00005	nan	nan	65	5.0
Pandoraea thiooxydans	445709	S	367	380	747	0.00006	0.00003	nan	nan	64	4.0
Pandoraea pulmonicola	93221	S	342	393	735	0.00005	0.00003	nan	nan	65	nan
Pandoraea fibrosis	1891094	S	263	351	614	0.00005	0.00003	nan	nan	64	4.0
Pandoraea apista	93218	S	232	309	541	0.00004	0.00002	nan	nan	64	4.0
Pandoraea norimbergensis	93219	S	166	183	349	0.00003	0.00001	nan	nan	64	5.0
Pandoraea vervacti	656178	S	159	207	366	0.00003	0.00002	nan	nan	64	5.0
Pandoraea faecigallinarum	656179	S	159	201	360	0.00003	0.00001	nan	nan	64	4.0
Pandoraea commovens	2508289	S	124	225	349	0.00003	0.00002	nan	nan	64	4.0
Caballeronia sp. TF1N1	2878153	S	281	309	590	0.00004	0.00002	nan	nan	63	4.0
Caballeronia sp. M1242	2814653	S	114	479	593	0.00004	0.00004	nan	nan	64	4.0
Caballeronia zhejiangensis	871203	S	363	436	799	0.00006	0.00003	nan	nan	64	4.0
Caballeronia grimmiae	1071679	S	208	288	496	0.00004	0.00002	nan	nan	63	4.0
Caballeronia insecticola	758793	S	141	160	301	0.00002	0.00001	nan	nan	64	4.0
Polynucleobacter sp. AP-Elch-400A-B2	2576930	S	113	297	410	0.00003	0.00002	nan	nan	46	nan
Polynucleobacter sp. AP-Titi-500A-B4	2576923	S	102	208	310	0.00002	0.00002	nan	nan	46	nan
Polynucleobacter necessarius	576610	S	104	166	270	0.00002	0.00001	nan	nan	46	nan
Limnobacter sp. SAORIC-580	2732163	S	332	338	670	0.00005	0.00003	nan	nan	53	4.0
Mycetohabitans rhizoxinica	412963	S	159	163	322	0.00002	0.00001	nan	nan	62	4.0
Trinickia violacea	2571746	S	128	140	268	0.00002	0.00001	nan	nan	64	4.0
Massilia sp. WG5	1707785	S	378	651	1029	0.00008	0.00005	nan	nan	66	nan
Massilia sp. LPB0304	2769491	S	328	463	791	0.00006	0.00003	nan	nan	66	5.0
Massilia sp. R2A-15	3064278	S	293	406	699	0.00005	0.00003	nan	nan	66	nan
Massilia sp. DM-R-R2A-13	2899220	S	284	357	641	0.00005	0.00003	nan	nan	66	nan
Massilia sp. NP310	2861282	S	218	485	703	0.00005	0.00004	nan	nan	66	nan
Massilia sp. REN29	3068633	S	142	217	359	0.00003	0.00002	nan	nan	67	nan
Massilia sp. PAMC28688	2861283	S	127	155	282	0.00002	0.00001	nan	nan	64	5.0
Massilia sp. H6	2970464	S	125	159	284	0.00002	0.00001	nan	nan	65	5.0
Massilia sp. erpn	2738142	S	114	491	605	0.00005	0.00004	nan	nan	66	5.0
Massilia violaceinigra	2045208	S	444	578	1022	0.00008	0.00004	nan	nan	66	5.0
Massilia forsythiae	2728020	S	307	391	698	0.00005	0.00003	nan	nan	68	nan
Massilia putida	1141883	S	171	279	450	0.00003	0.00002	nan	nan	67	nan
Massilia oculi	945844	S	140	257	397	0.00003	0.00002	nan	nan	67	nan
Massilia antarctica	2765360	S	118	165	283	0.00002	0.00001	nan	nan	66	5.0
Massilia varians	457921	S	113	149	262	0.00002	0.00001	nan	nan	67	nan
Pseudoduganella umbonata	864828	S	452	766	1218	0.00009	0.00006	nan	nan	67	nan
Pseudoduganella lutea	321985	S	277	419	696	0.00005	0.00003	nan	nan	66	nan
Pseudoduganella chitinolytica	34070	S	143	243	386	0.00003	0.00002	nan	nan	67	nan
Pseudoduganella flava	871742	S	135	175	310	0.00002	0.00001	nan	nan	67	nan
Pseudoduganella armeniaca	2072590	S	134	275	409	0.00003	0.00002	nan	nan	67	nan
Telluria mixta	34071	S	646	893	1539	0.00011	0.00007	nan	nan	68	nan
Duganella dendranthematis	2728021	S	284	339	623	0.00005	0.00003	nan	nan	65	4.0
Rugamonas sp. DEMB1	3039386	S	176	240	416	0.00003	0.00002	nan	nan	69	5.0
Herbaspirillum sp. meg3	2025949	S	479	521	1000	0.00007	0.00004	nan	nan	59	3.0
Herbaspirillum sp. WKF16	3028312	S	316	411	727	0.00005	0.00003	nan	nan	66	nan
Herbaspirillum frisingense	92645	S	740	926	1666	0.00012	0.00007	nan	nan	64	4.0
Herbaspirillum rubrisubalbicans	80842	S	645	791	1436	0.00011	0.00006	nan	nan	64	4.0
Herbaspirillum seropedicae	964	S	629	808	1437	0.00011	0.00006	nan	nan	65	5.0
Herbaspirillum huttiense	863372	S	558	750	1308	0.00010	0.00006	nan	nan	65	4.0
Herbaspirillum hiltneri	341045	S	311	344	655	0.00005	0.00003	nan	nan	63	4.0
Herbaspirillum robiniae	2014887	S	221	288	509	0.00004	0.00002	nan	nan	67	nan
Janthinobacterium sp. 17J80-10	2497863	S	285	318	603	0.00004	0.00002	nan	nan	61	4.0
Janthinobacterium sp. 1_2014MBL_MicDiv	1644131	S	218	286	504	0.00004	0.00002	nan	nan	65	5.0
Janthinobacterium sp. HH102	1537274	S	185	416	601	0.00004	0.00003	nan	nan	65	4.0
Janthinobacterium sp. J1-1	3065910	S	155	196	351	0.00003	0.00001	nan	nan	65	4.0
Janthinobacterium sp. Marseille	375286	S	142	195	337	0.00003	0.00001	nan	nan	56	4.0
Janthinobacterium sp. LM6	1938606	S	104	149	253	0.00002	0.00001	nan	nan	65	4.0
Janthinobacterium agaricidamnosum	55508	S	303	353	656	0.00005	0.00003	nan	nan	63	4.0
Janthinobacterium lividum	29581	S	196	531	727	0.00005	0.00004	nan	nan	64	4.0
Collimonas fungivorans	158899	S	708	795	1503	0.00011	0.00006	nan	nan	62	4.0
Collimonas arenae	279058	S	635	699	1334	0.00010	0.00005	nan	nan	58	4.0
Collimonas pratensis	279113	S	396	441	837	0.00006	0.00003	nan	nan	61	3.0
Noviherbaspirillum sp. UKPF54	2601898	S	487	543	1030	0.00008	0.00004	nan	nan	64	5.0
Undibacterium sp. KW1	2058624	S	124	136	260	0.00002	0.00001	nan	nan	52	4.0
Undibacterium sp. 20NA77.5	3073561	S	107	112	219	0.00002	0.00001	nan	nan	49	4.0
Undibacterium sp. YM2	2058625	S	101	111	212	0.00002	0.00001	nan	nan	53	4.0
Bordetella trematum	123899	S	1541	1776	3317	0.00025	0.00013	nan	nan	66	5.0
Bordetella parapertussis	519	S	872	2366	3238	0.00024	0.00018	nan	nan	68	nan
Bordetella hinzii	103855	S	581	692	1273	0.00009	0.00005	nan	nan	68	nan
Bordetella sp. N	1746199	S	290	305	595	0.00004	0.00002	nan	nan	66	5.0
Bordetella bronchialis	463025	S	360	375	735	0.00005	0.00003	nan	nan	68	nan
Bordetella avium	521	S	313	327	640	0.00005	0.00002	nan	nan	62	3.0
Bordetella petrii	94624	S	274	555	829	0.00006	0.00004	nan	nan	66	nan
Bordetella holmesii	35814	S	268	293	561	0.00004	0.00002	nan	nan	63	4.0
Bordetella bronchiseptica	518	S	220	489	709	0.00005	0.00004	nan	nan	69	nan
Bordetella genomosp. 13	463040	S	190	232	422	0.00003	0.00002	nan	nan	68	nan
Bordetella flabilis	463014	S	154	158	312	0.00002	0.00001	nan	nan	67	nan
Achromobacter sp. AONIH1	1758194	S	302	500	802	0.00006	0.00004	nan	nan	68	nan
Achromobacter sp. R39	3047478	S	173	207	380	0.00003	0.00002	nan	nan	63	3.0
Achromobacter sp. MFA1 R4	1881016	S	162	281	443	0.00003	0.00002	nan	nan	67	nan
Achromobacter xylosoxidans	85698	S	856	1498	2354	0.00018	0.00011	nan	nan	68	nan
Achromobacter spanius	217203	S	414	956	1370	0.00010	0.00007	nan	nan	66	5.0
Achromobacter insolitus	217204	S	324	369	693	0.00005	0.00003	nan	nan	66	5.0
Achromobacter mucicolens	1389922	S	279	449	728	0.00005	0.00003	nan	nan	67	nan
Achromobacter deleyi	1353891	S	222	303	525	0.00004	0.00002	nan	nan	67	nan
Achromobacter denitrificans	32002	S	184	229	413	0.00003	0.00002	nan	nan	68	nan
Achromobacter ruhlandii	72557	S	125	193	318	0.00002	0.00001	nan	nan	68	nan
Alcaligenes faecalis	511	S	328	1047	1375	0.00010	0.00008	nan	nan	58	3.0
Alcaligenes sp. SORT26	2813780	S	126	151	277	0.00002	0.00001	nan	nan	58	4.0
Pigmentiphaga sp. H8	2488560	S	379	397	776	0.00006	0.00003	nan	nan	69	5.0
Pigmentiphaga aceris	1940612	S	374	383	757	0.00006	0.00003	nan	nan	62	3.0
Orrella daihaiensis	2782176	S	240	245	485	0.00004	0.00002	nan	nan	54	4.0
Orrella marina	2163011	S	171	180	351	0.00003	0.00001	nan	nan	56	3.0
Orrella dioscoreae	1851544	S	160	179	339	0.00003	0.00001	nan	nan	68	5.0
Kerstersia gyiorum	206506	S	497	556	1053	0.00008	0.00004	nan	nan	64	4.0
Pollutimonas sp. M17	2962065	S	222	232	454	0.00003	0.00002	nan	nan	63	4.0
Pollutimonas thiosulfatoxidans	2028345	S	160	230	390	0.00003	0.00002	nan	nan	61	4.0
Castellaniella defragrans	75697	S	319	386	705	0.00005	0.00003	nan	nan	68	nan
Advenella mimigardefordensis	302406	S	115	152	267	0.00002	0.00001	nan	nan	56	4.0
Neopusillimonas aromaticivorans	2979868	S	234	318	552	0.00004	0.00002	nan	nan	59	4.0
Pusillimonas sp. T7-7	1007105	S	187	205	392	0.00003	0.00002	nan	nan	58	3.0
Paralcaligenes sp. KSB-10	2901142	S	153	155	308	0.00002	0.00001	nan	nan	59	4.0
Schlegelella aquatica	376175	S	469	612	1081	0.00008	0.00005	nan	nan	69	5.0
Caldimonas thermodepolymerans	215580	S	445	678	1123	0.00008	0.00005	nan	nan	70	5.0
Caldimonas brevitalea	413882	S	382	429	811	0.00006	0.00003	nan	nan	68	5.0
Sphaerotilus sulfidivorans	639200	S	528	661	1189	0.00009	0.00005	nan	nan	70	5.0
Sphaerotilus sp. FB-5	2914710	S	526	700	1226	0.00009	0.00005	nan	nan	69	5.0
Roseateles depolymerans	76731	S	403	471	874	0.00007	0.00004	nan	nan	67	5.0
Roseateles amylovorans	2978473	S	328	384	712	0.00005	0.00003	nan	nan	67	5.0
Roseateles sp. SL47	2995138	S	183	212	395	0.00003	0.00002	nan	nan	66	nan
Methylibium petroleiphilum	105560	S	349	627	976	0.00007	0.00005	nan	nan	69	5.0
Methylibium sp. Pch-M	2082386	S	174	327	501	0.00004	0.00002	nan	nan	70	5.0
Aquincola tertiaricarbonis	391953	S	793	1027	1820	0.00014	0.00008	nan	nan	69	nan
Leptothrix cholodnii	34029	S	667	820	1487	0.00011	0.00006	nan	nan	70	5.0
Inhella inkyongensis	392593	S	482	546	1028	0.00008	0.00004	nan	nan	68	nan
Ideonella dechloratans	36863	S	439	916	1355	0.00010	0.00007	nan	nan	69	nan
Piscinibacter sp. XHJ-5	3037797	S	291	313	604	0.00004	0.00002	nan	nan	69	4.0
Mitsuaria sp. 7	1658665	S	199	238	437	0.00003	0.00002	nan	nan	69	5.0
Rubrivivax gelatinosus	28068	S	166	203	369	0.00003	0.00002	nan	nan	72	4.0
Aquabacterium olei	1296669	S	933	1144	2077	0.00015	0.00009	nan	nan	68	nan
Aquabacterium sp. OR-4	2978127	S	417	424	841	0.00006	0.00003	nan	nan	72	4.0
Aquabacterium sp. J223	2898431	S	266	313	579	0.00004	0.00002	nan	nan	72	4.0
Paucibacter sp. S2-9	3019553	S	577	728	1305	0.00010	0.00005	nan	nan	69	5.0
Paucibacter sp. KCTC 42545	1768242	S	235	272	507	0.00004	0.00002	nan	nan	65	5.0
uncultured Paucibacter sp.	398562	S	328	366	694	0.00005	0.00003	nan	nan	68	nan
Paucibacter aquatile	2070761	S	317	362	679	0.00005	0.00003	nan	nan	68	nan
Rhizobacter gummiphilus	946333	S	598	709	1307	0.00010	0.00005	nan	nan	70	5.0
Rhizobacter sp. AJA081-3	2753607	S	522	599	1121	0.00008	0.00004	nan	nan	70	5.0
Thiomonas sp. X19	1050370	S	394	700	1094	0.00008	0.00005	nan	nan	65	5.0
Thiomonas intermedia	926	S	177	229	406	0.00003	0.00002	nan	nan	66	5.0
Eleftheria terrae	1597781	S	336	383	719	0.00005	0.00003	nan	nan	70	5.0
Xylophilus rhododendri	2697032	S	166	210	376	0.00003	0.00002	nan	nan	69	5.0
Xylophilus sp. GOD-11R	3089814	S	139	164	303	0.00002	0.00001	nan	nan	69	nan
Tepidimonas taiwanensis	307486	S	242	311	553	0.00004	0.00002	nan	nan	68	5.0
Denitratisoma sp. DHT3	1981880	S	997	1491	2488	0.00019	0.00011	nan	nan	66	nan
Denitratisoma oestradiolicum	311182	S	818	889	1707	0.00013	0.00007	nan	nan	63	4.0
Methyloversatilis sp. RAC08	1842540	S	1737	1798	3535	0.00026	0.00013	nan	nan	66	nan
Sulfuricystis thermophila	2496847	S	899	1143	2042	0.00015	0.00009	nan	nan	65	5.0
Sulfuricystis multivorans	2211108	S	742	792	1534	0.00011	0.00006	nan	nan	64	4.0
Sterolibacterium denitrificans	157592	S	1472	1623	3095	0.00023	0.00012	nan	nan	65	4.0
Sulfuritalea hydrogenivorans	748811	S	570	618	1188	0.00009	0.00005	nan	nan	64	5.0
Rugosibacter aromaticivorans	1565605	S	172	190	362	0.00003	0.00001	nan	nan	57	3.0
Thiobacillus sp.	924	S	1998	2162	4160	0.00031	0.00016	nan	nan	64	4.0
Thiobacillus denitrificans	36861	S	332	349	681	0.00005	0.00003	nan	nan	67	nan
Sulfuritortus calidifontis	1914471	S	541	718	1259	0.00009	0.00005	nan	nan	67	nan
Sideroxyarcus emersonii	2764705	S	598	670	1268	0.00009	0.00005	nan	nan	61	4.0
Sideroxydans lithotrophicus	63745	S	248	278	526	0.00004	0.00002	nan	nan	60	3.0
Sideroxydans sp. CL21	2600596	S	167	178	345	0.00003	0.00001	nan	nan	57	4.0
Ferrigenium kumadai	1682490	S	385	414	799	0.00006	0.00003	nan	nan	62	4.0
Candidatus Nitrotoga arctica	453162	S	240	251	491	0.00004	0.00002	nan	nan	50	4.0
Ferriphaselus amnicola	1188319	S	223	241	464	0.00003	0.00002	nan	nan	57	3.0
Gallionella capsiferriformans	370405	S	167	177	344	0.00003	0.00001	nan	nan	55	4.0
Nitrosomonas eutropha	916	S	428	481	909	0.00007	0.00004	nan	nan	48	4.0
Nitrosomonas sp. sh817	3070658	S	167	167	334	0.00002	0.00001	nan	nan	50	4.0
Nitrosomonas sp. H1_AOB3	2741553	S	158	368	526	0.00004	0.00003	nan	nan	52	4.0
Nitrosospira lacus	1288494	S	220	271	491	0.00004	0.00002	nan	nan	55	4.0
Nitrosospira multiformis	1231	S	203	241	444	0.00003	0.00002	nan	nan	55	4.0
Sulfuriferula plumbiphila	171865	S	429	455	884	0.00007	0.00003	nan	nan	60	4.0
Sulfuriferula sp. AH1	1985873	S	294	320	614	0.00005	0.00002	nan	nan	57	3.0
Sulfurimicrobium lacus	2715678	S	472	504	976	0.00007	0.00004	nan	nan	61	4.0
Sulfuricella denitrificans	649841	S	433	461	894	0.00007	0.00003	nan	nan	58	4.0
Methylobacillus flagellatus	405	S	268	331	599	0.00004	0.00002	nan	nan	57	3.0
Methylovorus glucosotrophus	266009	S	113	173	286	0.00002	0.00001	nan	nan	56	3.0
Usitatibacter rugosus	2732067	S	208	215	423	0.00003	0.00002	nan	nan	68	4.0
Usitatibacter palustris	2732487	S	107	112	219	0.00002	0.00001	nan	nan	67	5.0
Chromobacterium violaceum	536	S	494	646	1140	0.00008	0.00005	nan	nan	67	nan
Chromobacterium sp. IIBBL 290-4	2953890	S	196	233	429	0.00003	0.00002	nan	nan	64	4.0
Chromobacterium sp. ATCC 53434	2059672	S	146	174	320	0.00002	0.00001	nan	nan	67	nan
Chromobacterium vaccinii	1108595	S	215	267	482	0.00004	0.00002	nan	nan	66	5.0
Chromobacterium rhizoryzae	1778675	S	173	1100	1273	0.00009	0.00008	nan	nan	66	5.0
Chromobacterium paludis	2605945	S	140	176	316	0.00002	0.00001	nan	nan	66	5.0
Aquitalea aquatilis	1537400	S	347	440	787	0.00006	0.00003	nan	nan	62	4.0
Aquitalea denitrificans	519081	S	258	386	644	0.00005	0.00003	nan	nan	61	4.0
Aquitalea magnusonii	332411	S	201	317	518	0.00004	0.00002	nan	nan	61	4.0
Aquitalea sp. USM4	1590041	S	149	227	376	0.00003	0.00002	nan	nan	61	4.0
Paludibacterium sp. B53371	2806263	S	435	483	918	0.00007	0.00004	nan	nan	63	4.0
Paludibacterium yongneupense	400061	S	281	306	587	0.00004	0.00002	nan	nan	64	4.0
Paludibacterium paludis	1225769	S	231	255	486	0.00004	0.00002	nan	nan	63	5.0
Vogesella sp. XCS3	2877939	S	468	559	1027	0.00008	0.00004	nan	nan	63	4.0
Vogesella sp. LIG4	1192162	S	386	430	816	0.00006	0.00003	nan	nan	66	5.0
Pseudogulbenkiania sp. NH8B	748280	S	528	617	1145	0.00009	0.00005	nan	nan	66	5.0
Chitinimonas koreensis	356302	S	844	892	1736	0.00013	0.00007	nan	nan	70	5.0
Chitinimonas arctica	2594795	S	375	386	761	0.00006	0.00003	nan	nan	63	4.0
Jeongeupia sp. HS-3	1009682	S	327	373	700	0.00005	0.00003	nan	nan	63	4.0
Jeongeupia sp. USM3	1906741	S	271	313	584	0.00004	0.00002	nan	nan	66	nan
Chitinolyticbacter meiyuanensis	682798	S	505	529	1034	0.00008	0.00004	nan	nan	65	5.0
Chitiniphilus sp. CD1	2981137	S	391	479	870	0.00006	0.00004	nan	nan	66	nan
Silvimonas soli	2980100	S	100	102	202	0.00002	0.00001	nan	nan	58	4.0
Neisseria lisongii	2912188	S	172	430	602	0.00004	0.00003	nan	nan	55	4.0
Vitreoscilla filiformis	63	S	452	501	953	0.00007	0.00004	nan	nan	65	5.0
Vitreoscilla massiliensis	1689272	S	125	174	299	0.00002	0.00001	nan	nan	52	4.0
Uruburuella suis	252130	S	149	241	390	0.00003	0.00002	nan	nan	57	4.0
Crenobacter cavernae	2290923	S	138	160	298	0.00002	0.00001	nan	nan	67	nan
Laribacter hongkongensis	168471	S	819	1035	1854	0.00014	0.00008	nan	nan	64	4.0
Aquaspirillum sp. LM1	1938604	S	739	779	1518	0.00011	0.00006	nan	nan	64	4.0
Microvirgula aerodenitrificans	57480	S	590	628	1218	0.00009	0.00005	nan	nan	66	5.0
Casimicrobium huifangae	2591109	S	485	550	1035	0.00008	0.00004	nan	nan	64	4.0
Ferrovum myxofaciens	416213	S	182	183	365	0.00003	0.00001	nan	nan	55	4.0
Bradyrhizobium sp. BL16A	2854389	S	160	195	355	0.00003	0.00001	nan	nan	64	4.0
Bradyrhizobium sp. CCBAU 53421	1325120	S	153	399	552	0.00004	0.00003	nan	nan	65	4.0
Bradyrhizobium sp. WD16	1521768	S	151	215	366	0.00003	0.00002	nan	nan	66	4.0
Bradyrhizobium sp. 1(2017)	1404888	S	141	375	516	0.00004	0.00003	nan	nan	65	4.0
Bradyrhizobium sp. NP1	3049772	S	122	168	290	0.00002	0.00001	nan	nan	65	4.0
Bradyrhizobium erythrophlei	1437360	S	192	225	417	0.00003	0.00002	nan	nan	63	3.0
Bradyrhizobium canariense	255045	S	109	1423	1532	0.00011	0.00011	nan	nan	63	4.0
Rhodopseudomonas palustris	1076	S	339	555	894	0.00007	0.00004	nan	nan	66	4.0
Rhodopseudomonas sp. P2A-2r	2991972	S	131	194	325	0.00002	0.00001	nan	nan	65	4.0
Rhizobium sp. CIAT894	2020312	S	123	301	424	0.00003	0.00002	nan	nan	62	3.0
Rhizobium leguminosarum	384	S	188	1018	1206	0.00009	0.00008	nan	nan	62	3.0
Agrobacterium tumefaciens	358	S	222	838	1060	0.00008	0.00006	nan	nan	61	3.0
Shinella sp. XGS7	2877941	S	251	439	690	0.00005	0.00003	nan	nan	68	nan
Shinella zoogloeoides	352475	S	102	869	971	0.00007	0.00006	nan	nan	65	4.0
Aquibium oceanicum	1670800	S	100	217	317	0.00002	0.00002	nan	nan	66	4.0
Microvirga terrae	2740529	S	115	156	271	0.00002	0.00001	nan	nan	64	4.0
Microvirga ossetica	1882682	S	101	130	231	0.00002	0.00001	nan	nan	64	3.0
Methylorubrum extorquens	408	S	134	396	530	0.00004	0.00003	nan	nan	69	5.0
Azorhizobium caulinodans	7	S	148	282	430	0.00003	0.00002	nan	nan	67	5.0
Pseudolabrys sp. FHR47	2562284	S	107	164	271	0.00002	0.00001	nan	nan	65	4.0
Aquabacter sp. L1I39	2820278	S	100	138	238	0.00002	0.00001	nan	nan	67	5.0
Pannonibacter phragmitetus	121719	S	118	1160	1278	0.00010	0.00009	nan	nan	65	4.0
Bosea sp. Tri-49	1867715	S	122	232	354	0.00003	0.00002	nan	nan	66	5.0
Chenggangzhangella methanolivorans	1437009	S	188	256	444	0.00003	0.00002	nan	nan	69	5.0
Methylosinus sp. C49	2699395	S	115	163	278	0.00002	0.00001	nan	nan	65	4.0
uncultured Cohaesibacter sp.	1002546	S	284	408	692	0.00005	0.00003	nan	nan	58	3.0
Phreatobacter stygius	1940610	S	217	349	566	0.00004	0.00003	nan	nan	66	5.0
Breoghania sp. L-A4	2304600	S	190	266	456	0.00003	0.00002	nan	nan	66	4.0
Algicella marina	2683284	S	139	299	438	0.00003	0.00002	nan	nan	63	3.0
Sulfitobacter sp. SK012	1389005	S	148	163	311	0.00002	0.00001	nan	nan	55	4.0
Leisingera caerulea	506591	S	206	324	530	0.00004	0.00002	nan	nan	65	4.0
Mameliella alba	561184	S	160	358	518	0.00004	0.00003	nan	nan	65	4.0
Pseudosulfitobacter sp. DSM 107133	2883100	S	114	411	525	0.00004	0.00003	nan	nan	63	3.0
Novosphingobium humi	2282397	S	122	696	818	0.00006	0.00005	nan	nan	64	4.0
Roseomonas marmotae	2768161	S	106	124	230	0.00002	0.00001	nan	nan	69	nan
Roseomonas gilardii	257708	S	104	273	377	0.00003	0.00002	nan	nan	70	5.0
Komagataeibacter xylinus	28448	S	166	333	499	0.00004	0.00002	nan	nan	64	4.0
Rhodovastum atsumiense	504468	S	141	155	296	0.00002	0.00001	nan	nan	69	nan
Azospirillum sp. TSH100	652764	S	118	182	300	0.00002	0.00001	nan	nan	68	5.0
Azospirillum sp. B510	137722	S	112	159	271	0.00002	0.00001	nan	nan	68	nan
Azospirillum brasilense	192	S	172	416	588	0.00004	0.00003	nan	nan	69	nan
Azospirillum argentinense	2970906	S	126	358	484	0.00004	0.00003	nan	nan	69	5.0
Nitrospirillum amazonense	28077	S	205	275	480	0.00004	0.00002	nan	nan	68	5.0
Indioceanicola profundi	2220096	S	144	192	336	0.00003	0.00001	nan	nan	67	5.0
Magnetospirillum gryphiswaldense	55518	S	299	335	634	0.00005	0.00002	nan	nan	65	4.0
Magnetospirillum magneticum	84159	S	114	133	247	0.00002	0.00001	nan	nan	67	5.0
Defluviicoccus vanus	111831	S	200	348	548	0.00004	0.00003	nan	nan	65	4.0
Hypericibacter adhaerens	2602016	S	108	162	270	0.00002	0.00001	nan	nan	68	5.0
Thalassospira lucentensis	168935	S	100	182	282	0.00002	0.00001	nan	nan	56	4.0
Varunaivibrio sulfuroxidans	1773489	S	102	115	217	0.00002	0.00001	nan	nan	61	3.0
Brevundimonas vesicularis	41276	S	121	1118	1239	0.00009	0.00008	nan	nan	66	4.0
Caulobacter segnis	88688	S	123	179	302	0.00002	0.00001	nan	nan	68	5.0
Acidithiobacillus ferrooxidans	920	S	191	316	507	0.00004	0.00002	nan	nan	60	4.0
Acidithiobacillus ferrivorans	160808	S	115	128	243	0.00002	0.00001	nan	nan	58	4.0
Borrelia venezuelensis	1653839	S	1073670	1753157	2826827	0.21052	0.13056	nan	nan	30	nan
Borrelia hermsii	140	S	4019	4033	8052	0.00060	0.00030	nan	nan	30	5.0
Borrelia puertoricensis	2756107	S	2739	2819	5558	0.00041	0.00021	nan	nan	29	nan
Candidatus Borrelia fainii	2518322	S	2720	2818	5538	0.00041	0.00021	nan	nan	27	nan
Borrelia miyamotoi	47466	S	2460	2463	4923	0.00037	0.00018	nan	nan	29	nan
Borrelia sp. HM	1882662	S	886	910	1796	0.00013	0.00007	nan	nan	26	nan
Borrelia sp. A-FGy1	2608247	S	472	482	954	0.00007	0.00004	nan	nan	28	5.0
Borrelia sp. P9F1	3058374	S	312	569	881	0.00007	0.00004	nan	nan	34	4.0
Borrelia sp. BU AG58	2887345	S	272	371	643	0.00005	0.00003	nan	nan	32	4.0
Borrelia parkeri	141	S	2313	2767	5080	0.00038	0.00021	nan	nan	30	nan
Borrelia coriaceae	144	S	1941	1946	3887	0.00029	0.00014	nan	nan	27	nan
Borrelia anserina	143	S	1638	1641	3279	0.00024	0.00012	nan	nan	29	nan
Borrelia turicatae	142	S	1036	1590	2626	0.00020	0.00012	nan	nan	30	nan
Borrelia turcica	229155	S	550	552	1102	0.00008	0.00004	nan	nan	30	nan
Borrelia crocidurae	29520	S	259	277	536	0.00004	0.00002	nan	nan	26	nan
Borrelia recurrentis	44449	S	152	188	340	0.00003	0.00001	nan	nan	27	4.0
Desulfovibrio sp. G11	631220	S	102	189	291	0.00002	0.00001	nan	nan	59	3.0
Desulfuromonas versatilis	2802975	S	121	128	249	0.00002	0.00001	nan	nan	65	4.0
Desulfuromonas sp. DDH964	1823759	S	119	141	260	0.00002	0.00001	nan	nan	63	4.0
Geomonas paludis	2740185	S	102	109	211	0.00002	0.00001	nan	nan	65	4.0
Desulfobacter postgatei	2293	S	135	136	271	0.00002	0.00001	nan	nan	49	4.0
Chlorobaculum sp. MV4-Y	2976335	S	155	185	340	0.00003	0.00001	nan	nan	59	4.0
Geothrix sp. PMB-07	3068640	S	107	122	229	0.00002	0.00001	nan	nan	65	4.0
