name	taxonomy_id	taxonomy_lvl	kraken_assigned_reads	added_reads	new_est_reads	fraction_total_reads	Bracken_estimate	GuaCAMOLE_estimate	GuaCAMOLE_est_eff	GC content	Taxon Removal Cycle
Providencia sp. PROV102	2936787	S	471	424509	424980	0.02899	0.02895	0.02889	0.02688	42	nan
Providencia sp. PROV252	2936799	S	237	248	485	0.00003	0.00002	0.00002	0.00002	44	nan
Providencia sp. R33	2828763	S	209	215	424	0.00003	0.00001	0.00001	0.00001	44	nan
Providencia sp. PROV040	2949771	S	137	531	668	0.00005	0.00004	0.00004	0.00003	42	nan
Providencia rettgeri	587	S	2150	7128	9278	0.00063	0.00049	0.00048	0.00045	42	nan
Providencia huaxiensis	2027290	S	747	834	1581	0.00011	0.00006	0.00006	0.00005	43	nan
Providencia alcalifaciens	126385	S	238	244	482	0.00003	0.00002	0.00000	0.00002	44	5.0
Providencia heimbachae	333962	S	236	241	477	0.00003	0.00002	0.00002	0.00002	43	nan
Providencia rustigianii	158850	S	128	130	258	0.00002	0.00001	0.00001	0.00001	42	nan
Enterobacter sp. RHBSTW-00422	2742646	S	5487	132542	138029	0.00941	0.00904	0.00833	0.00797	57	nan
Enterobacter sp. JUb54	2724468	S	273	276	549	0.00004	0.00002	0.00000	0.00002	59	5.0
Enterobacter sp. RHBSTW-00994	2742676	S	249	253	502	0.00003	0.00002	0.00000	0.00001	53	4.0
Enterobacter sp. SA187	1914861	S	175	177	352	0.00002	0.00001	0.00000	0.00001	58	5.0
Enterobacter sp. C2	2870346	S	105	106	211	0.00001	0.00001	0.00000	0.00001	59	5.0
Enterobacter hormaechei	158836	S	1524	13768	15292	0.00104	0.00094	0.00087	0.00083	57	nan
Enterobacter ludwigii	299767	S	1068	2599	3667	0.00025	0.00018	0.00016	0.00016	57	nan
Enterobacter cloacae	550	S	1043	1620	2663	0.00018	0.00011	0.00010	0.00010	57	nan
Enterobacter asburiae	61645	S	649	1381	2030	0.00014	0.00009	0.00009	0.00008	57	nan
Enterobacter roggenkampii	1812935	S	392	494	886	0.00006	0.00003	0.00003	0.00003	58	nan
Enterobacter cancerogenus	69218	S	367	378	745	0.00005	0.00003	0.00003	0.00002	58	nan
Enterobacter kobei	208224	S	315	842	1157	0.00008	0.00006	0.00005	0.00005	57	nan
Enterobacter cloacae complex sp.	2027919	S	108	146	254	0.00002	0.00001	0.00000	0.00001	57	5.0
Enterobacter sichuanensis	2071710	S	202	218	420	0.00003	0.00001	0.00001	0.00001	57	nan
Enterobacter chuandaensis	2497875	S	143	160	303	0.00002	0.00001	0.00001	0.00001	58	nan
Enterobacter mori	539813	S	706	766	1472	0.00010	0.00005	0.00005	0.00005	57	nan
Enterobacter oligotrophicus	2478464	S	232	239	471	0.00003	0.00002	0.00001	0.00001	56	nan
Enterobacter huaxiensis	2494702	S	187	196	383	0.00003	0.00001	0.00001	0.00001	59	nan
Enterobacter bugandensis	881260	S	147	215	362	0.00002	0.00001	0.00001	0.00001	58	nan
Enterobacter soli	885040	S	124	133	257	0.00002	0.00001	0.00000	0.00001	55	5.0
Pseudocitrobacter corydidari	2891570	S	96939	97975	194914	0.01329	0.00668	0.00631	0.00588	56	nan
Salmonella enterica	28901	S	2683	48637	51320	0.00350	0.00332	0.00307	0.00292	54	nan
Salmonella bongori	54736	S	197	259	456	0.00003	0.00002	0.00002	0.00002	53	nan
Escherichia coli	562	S	4664	14743	19407	0.00132	0.00101	0.00094	0.00089	53	nan
Escherichia albertii	208962	S	632	669	1301	0.00009	0.00005	0.00000	0.00004	52	4.0
Escherichia fergusonii	564	S	589	695	1284	0.00009	0.00005	0.00000	0.00004	52	4.0
Escherichia marmotae	1499973	S	516	541	1057	0.00007	0.00004	0.00000	0.00003	52	4.0
Escherichia sp. E4742	2044467	S	250	294	544	0.00004	0.00002	0.00000	0.00002	53	4.0
Citrobacter freundii	546	S	482	1109	1591	0.00011	0.00008	0.00007	0.00007	54	nan
Citrobacter braakii	57706	S	278	1137	1415	0.00010	0.00008	0.00000	0.00007	54	5.0
Citrobacter portucalensis	1639133	S	276	415	691	0.00005	0.00003	0.00003	0.00002	54	nan
Citrobacter werkmanii	67827	S	151	315	466	0.00003	0.00002	0.00002	0.00002	54	nan
Citrobacter sp. S171	2971264	S	207	304	511	0.00003	0.00002	0.00000	0.00002	55	4.0
Citrobacter sp. R56	1573676	S	173	259	432	0.00003	0.00002	0.00000	0.00002	55	5.0
Citrobacter sp. RHB25-C09	2742624	S	167	171	338	0.00002	0.00001	0.00000	0.00001	55	5.0
Citrobacter farmeri	67824	S	265	291	556	0.00004	0.00002	0.00002	0.00002	55	nan
Citrobacter amalonaticus	35703	S	263	398	661	0.00005	0.00003	0.00002	0.00002	55	nan
Citrobacter koseri	545	S	249	356	605	0.00004	0.00002	0.00002	0.00002	55	nan
Citrobacter rodentium	67825	S	232	46	278	0.00002	0.00000	0.00000	0.00000	54	5.0
Citrobacter tructae	2562449	S	172	177	349	0.00002	0.00001	0.00000	0.00001	53	4.0
Citrobacter arsenatis	2546350	S	113	122	235	0.00002	0.00001	0.00000	0.00001	55	5.0
Klebsiella pneumoniae	573	S	568	2328	2896	0.00020	0.00016	0.00000	0.00014	58	5.0
Klebsiella oxytoca	571	S	451	475	926	0.00006	0.00003	0.00000	0.00003	57	5.0
Klebsiella aerogenes	548	S	345	362	707	0.00005	0.00002	0.00000	0.00002	57	5.0
Klebsiella michiganensis	1134687	S	263	353	616	0.00004	0.00002	0.00000	0.00002	58	5.0
Klebsiella huaxiensis	2153354	S	251	260	511	0.00003	0.00002	0.00000	0.00002	56	5.0
Klebsiella quasipneumoniae	1463165	S	244	728	972	0.00007	0.00005	0.00000	0.00005	60	5.0
Klebsiella variicola	244366	S	144	312	456	0.00003	0.00002	0.00000	0.00002	59	5.0
Raoultella electrica	1259973	S	106	336	442	0.00003	0.00002	0.00000	0.00002	58	5.0
Kluyvera intermedia	61648	S	372	385	757	0.00005	0.00003	0.00000	0.00002	55	5.0
Kluyvera ascorbata	51288	S	359	645	1004	0.00007	0.00004	0.00000	0.00004	57	5.0
Kluyvera cryocrescens	580	S	328	343	671	0.00005	0.00002	0.00000	0.00002	55	5.0
Kosakonia sp. ML.JS2a	2980557	S	124	158	282	0.00002	0.00001	0.00000	0.00001	56	4.0
Kosakonia sacchari	1158459	S	199	264	463	0.00003	0.00002	0.00000	0.00002	56	5.0
Kosakonia cowanii	208223	S	173	301	474	0.00003	0.00002	0.00000	0.00002	58	5.0
Kosakonia oryzendophytica	1005665	S	117	144	261	0.00002	0.00001	0.00000	0.00001	56	5.0
Leclercia adecarboxylata	83655	S	313	513	826	0.00006	0.00004	0.00000	0.00003	58	5.0
Leclercia pneumoniae	2815358	S	133	135	268	0.00002	0.00001	0.00000	0.00001	56	4.0
Cronobacter sakazakii	28141	S	199	325	524	0.00004	0.00002	0.00000	0.00002	59	5.0
Cronobacter dublinensis	413497	S	115	139	254	0.00002	0.00001	0.00000	0.00001	60	4.0
Cedecea neteri	158822	S	267	285	552	0.00004	0.00002	0.00000	0.00002	57	5.0
Cedecea sp. FDAARGOS_727	2545798	S	102	108	210	0.00001	0.00001	0.00000	0.00001	57	5.0
Lelliottia amnigena	61646	S	139	143	282	0.00002	0.00001	0.00001	0.00001	55	nan
Pluralibacter gergoviae	61647	S	119	121	240	0.00002	0.00001	0.00000	0.00001	62	4.0
[Enterobacter] lignolyticus	1334193	S	117	117	234	0.00002	0.00001	0.00000	0.00001	60	4.0
Trabulsiella odontotermitis	379893	S	177	182	359	0.00002	0.00001	0.00000	0.00001	57	4.0
Scandinavium goeteborgense	1851514	S	175	175	350	0.00002	0.00001	0.00000	0.00001	57	5.0
Atlantibacter hermannii	565	S	125	125	250	0.00002	0.00001	0.00000	0.00001	56	4.0
Superficieibacter sp. HKU1	3031919	S	144	145	289	0.00002	0.00001	0.00000	0.00001	56	5.0
Yokenella regensburgei	158877	S	142	144	286	0.00002	0.00001	0.00000	0.00001	57	5.0
Candidatus Erwinia haradaeae	1922217	S	81209	81281	162490	0.01108	0.00554	0.00676	0.00645	36	nan
Serratia marcescens	615	S	197	382	579	0.00004	0.00003	0.00000	0.00002	63	4.0
Pseudomonas zeae	2745510	S	261893	297252	559145	0.03814	0.02027	0.01941	0.01841	61	nan
Pseudomonas sp. 3-2	2867408	S	135726	182136	317862	0.02168	0.01242	0.01210	0.01153	62	nan
Pseudomonas sp. StFLB209	1028989	S	45376	45753	91129	0.00622	0.00312	0.00308	0.00291	62	nan
Pseudomonas tructae	2518644	S	51038	51951	102989	0.00702	0.00354	0.00354	0.00338	63	nan
Pseudomonas fluorescens	294	S	394	483	877	0.00006	0.00003	0.00000	0.00003	62	5.0
Pseudomonas putida	303	S	298	444	742	0.00005	0.00003	0.00000	0.00003	63	5.0
Pseudomonas chlororaphis	587753	S	137	685	822	0.00006	0.00005	0.00000	0.00004	62	5.0
Marinobacter sp. NP-4(2019)	2488665	S	91753	93489	185242	0.01263	0.00638	0.00594	0.00565	58	nan
Marinobacter sp. LV10R510-11A	1415568	S	39458	39508	78966	0.00539	0.00269	0.00247	0.00233	54	nan
Acinetobacter indicus	756892	S	140156	147377	287533	0.01961	0.01005	0.00960	0.00897	48	nan
Acinetobacter sp. C16S1	2609668	S	111708	122513	234221	0.01598	0.00836	0.00824	0.00781	40	nan
Acinetobacter sp. SK-43	2785295	S	2644	2644	5288	0.00036	0.00018	0.00019	0.00018	36	nan
Acinetobacter sp. Z1	2953738	S	333	345	678	0.00005	0.00002	0.00000	0.00002	40	5.0
Acinetobacter sp. WCHA45	2004644	S	270	338	608	0.00004	0.00002	0.00000	0.00002	40	5.0
Acinetobacter sp. C32I	2950074	S	229	239	468	0.00003	0.00002	0.00000	0.00001	42	5.0
Acinetobacter sp. KCTC 92772	3045147	S	217	229	446	0.00003	0.00002	0.00000	0.00001	43	5.0
Acinetobacter sp. 16	3081771	S	198	810	1008	0.00007	0.00006	0.00005	0.00005	40	nan
Acinetobacter vivianii	1776742	S	48499	49077	97576	0.00666	0.00335	0.00322	0.00306	44	nan
Acinetobacter junii	40215	S	20847	31257	52104	0.00355	0.00213	0.00215	0.00201	40	nan
Acinetobacter baumannii	470	S	556	1632	2188	0.00015	0.00011	0.00011	0.00010	40	nan
Acinetobacter seifertii	1530123	S	388	463	851	0.00006	0.00003	0.00000	0.00003	40	5.0
Acinetobacter pittii	48296	S	374	610	984	0.00007	0.00004	0.00004	0.00004	40	nan
Acinetobacter nosocomialis	106654	S	184	250	434	0.00003	0.00002	0.00000	0.00002	40	5.0
Acinetobacter calcoaceticus	471	S	130	136	266	0.00002	0.00001	0.00000	0.00001	40	5.0
Acinetobacter haemolyticus	29430	S	1015	1101	2116	0.00014	0.00008	0.00007	0.00007	40	nan
Acinetobacter johnsonii	40214	S	446	548	994	0.00007	0.00004	0.00000	0.00003	43	5.0
Acinetobacter bereziniae	106648	S	373	471	844	0.00006	0.00003	0.00000	0.00003	40	5.0
Acinetobacter dispersus	70348	S	367	375	742	0.00005	0.00003	0.00002	0.00002	41	nan
Acinetobacter colistiniresistens	280145	S	313	320	633	0.00004	0.00002	0.00000	0.00002	43	5.0
Acinetobacter towneri	202956	S	225	309	534	0.00004	0.00002	0.00000	0.00002	42	5.0
Acinetobacter proteolyticus	1776741	S	206	223	429	0.00003	0.00002	0.00000	0.00001	42	5.0
Acinetobacter venetianus	52133	S	195	205	400	0.00003	0.00001	0.00001	0.00001	40	nan
Acinetobacter lwoffii	28090	S	134	183	317	0.00002	0.00001	0.00000	0.00001	44	5.0
Acinetobacter schindleri	108981	S	109	116	225	0.00002	0.00001	0.00000	0.00001	44	4.0
Cognaticolwellia beringensis	1967665	S	255038	257516	512554	0.03496	0.01756	0.01745	0.01662	39	nan
Flagellatimonas centrodinii	2806210	S	158809	158859	317668	0.02167	0.01084	0.01165	0.01120	66	nan
Vibrio sp. YMD68	3042300	S	140588	146222	286810	0.01956	0.00997	0.00927	0.00885	45	nan
Saccharophagus degradans	86304	S	91119	91153	182272	0.01243	0.00622	0.00572	0.00545	46	nan
Halomonas sp. THAF5a	2587844	S	20757	21108	41865	0.00286	0.00144	0.00181	0.00175	70	nan
Lysobacter solisilvae	2763317	S	17076	17224	34300	0.00234	0.00117	0.00147	0.00142	70	nan
Coxiella-like endosymbiont	1592897	S	17321	17325	34646	0.00236	0.00118	0.00000	0.00123	38	5.0
Methylomonas sp. LL1	2785785	S	9011	9047	18058	0.00123	0.00062	0.00056	0.00054	53	nan
Pannonibacter phragmitetus	121719	S	679137	688823	1367960	0.09330	0.04698	0.04852	0.04659	64	nan
Pararhizobium sp. T808	3031126	S	356487	359199	715686	0.04881	0.02450	0.02359	0.02241	61	nan
Rhizobium sp. CC-CFT758	2926709	S	19404	19611	39015	0.00266	0.00134	0.00129	0.00123	62	nan
Rhizobium leguminosarum	384	S	169	543	712	0.00005	0.00004	0.00000	0.00003	62	5.0
Agrobacterium tumefaciens	358	S	344	594	938	0.00006	0.00004	0.00004	0.00004	60	nan
Mesorhizobium sp. C120A	2956824	S	37742	83215	120957	0.00825	0.00568	0.00575	0.00548	63	nan
Brucella intermedia	94625	S	184	378	562	0.00004	0.00003	0.00000	0.00002	59	4.0
uncultured Cohaesibacter sp.	1002546	S	192	205	397	0.00003	0.00001	0.00000	0.00001	58	4.0
Sneathiella marina	2950108	S	486381	486621	973002	0.06636	0.03319	0.03028	0.02881	49	nan
Rickettsia typhi	785	S	208854	209208	418062	0.02851	0.01427	0.01716	0.01735	29	nan
Ehrlichia canis	944	S	78294	78328	156622	0.01068	0.00534	0.00621	0.00647	29	nan
Parasphingorhabdus litoris	394733	S	113175	113259	226434	0.01544	0.00772	0.00710	0.00666	52	nan
Sphingobium sp. CAP-1	2676077	S	27569	32425	59994	0.00409	0.00221	0.00231	0.00223	64	nan
Sphingobium sp. CFD-1	2878545	S	2231	4812	7043	0.00048	0.00033	0.00000	0.00032	64	5.0
Sphingobium sp. TKS	1315974	S	849	1008	1857	0.00013	0.00007	0.00007	0.00007	64	nan
Sphingobium sp. EP60837	1855519	S	587	618	1205	0.00008	0.00004	0.00000	0.00004	62	4.0
Sphingobium sp. V4	3038927	S	562	576	1138	0.00008	0.00004	0.00000	0.00004	64	4.0
Sphingobium sp. RAC03	1843368	S	499	523	1022	0.00007	0.00004	0.00000	0.00003	63	4.0
Sphingobium sp. JS3065	2970925	S	496	618	1114	0.00008	0.00004	0.00000	0.00004	64	5.0
Sphingobium sp. Cam5-1	2789327	S	490	618	1108	0.00008	0.00004	0.00000	0.00004	63	4.0
Sphingobium sp. AntQ-1	2930091	S	444	479	923	0.00006	0.00003	0.00000	0.00003	64	5.0
Sphingobium sp. YG1	2082188	S	423	483	906	0.00006	0.00003	0.00003	0.00003	63	nan
Sphingobium sp. KCTC 72723	2733867	S	422	433	855	0.00006	0.00003	0.00000	0.00003	63	5.0
Sphingobium sp. MI1205	407020	S	364	490	854	0.00006	0.00003	0.00000	0.00003	64	5.0
Sphingobium sp. AP49	1144307	S	283	297	580	0.00004	0.00002	0.00000	0.00002	65	5.0
Sphingobium sp. SYK-6	627192	S	213	226	439	0.00003	0.00002	0.00000	0.00002	67	5.0
Sphingobium sp. SCG-1	2072936	S	204	204	408	0.00003	0.00001	0.00000	0.00001	62	3.0
Sphingobium sp. WTD-1	2979467	S	172	239	411	0.00003	0.00002	0.00002	0.00002	65	nan
Sphingobium cloacae	120107	S	6698	8449	15147	0.00103	0.00058	0.00061	0.00059	65	nan
Sphingobium baderi	1332080	S	2551	4990	7541	0.00051	0.00034	0.00000	0.00033	63	5.0
Sphingobium indicum	332055	S	701	750	1451	0.00010	0.00005	0.00006	0.00005	66	nan
Sphingobium amiense	135719	S	631	808	1439	0.00010	0.00006	0.00006	0.00006	64	nan
Sphingobium yanoikuyae	13690	S	597	878	1475	0.00010	0.00006	0.00006	0.00006	64	nan
Sphingobium xenophagum	121428	S	492	569	1061	0.00007	0.00004	0.00004	0.00004	63	nan
Sphingobium chlorophenolicum	46429	S	434	469	903	0.00006	0.00003	0.00003	0.00003	65	nan
Sphingobium herbicidovorans	76947	S	328	358	686	0.00005	0.00002	0.00000	0.00002	63	5.0
Sphingobium phenoxybenzoativorans	1592790	S	320	336	656	0.00004	0.00002	0.00000	0.00002	63	5.0
Sphingomonas sp. MM-1	745310	S	245	308	553	0.00004	0.00002	0.00000	0.00002	66	5.0
Sphingomonas sp.	28214	S	125	191	316	0.00002	0.00001	0.00000	0.00001	65	5.0
Sphingomonas sp. CL5.1	2653203	S	122	137	259	0.00002	0.00001	0.00000	0.00001	67	4.0
Sphingomonas sp. J315	2898433	S	117	144	261	0.00002	0.00001	0.00000	0.00001	66	5.0
Sphingomonas sp. C3-2	3062169	S	110	112	222	0.00002	0.00001	0.00000	0.00001	65	4.0
Sphingomonas sp. IC081	304378	S	107	166	273	0.00002	0.00001	0.00000	0.00001	66	5.0
Sphingomonas bisphenolicum	296544	S	150	176	326	0.00002	0.00001	0.00000	0.00001	65	5.0
Sphingomonas koreensis	93064	S	138	233	371	0.00003	0.00002	0.00000	0.00002	67	5.0
Sphingomonas naphthae	1813468	S	122	253	375	0.00003	0.00002	0.00000	0.00002	67	5.0
Novosphingobium sp. KA1	164608	S	1358	1984	3342	0.00023	0.00014	0.00000	0.00014	66	5.0
Novosphingobium sp. ES2-1	2780074	S	296	339	635	0.00004	0.00002	0.00000	0.00002	64	5.0
Novosphingobium sp. THN1	1016987	S	100	104	204	0.00001	0.00001	0.00000	0.00001	64	5.0
Sphingopyxis sp. 113P3	292913	S	223	243	466	0.00003	0.00002	0.00000	0.00002	65	5.0
Sphingopyxis sp. DBS4	2968500	S	149	174	323	0.00002	0.00001	0.00000	0.00001	65	5.0
Sphingopyxis sp. OPL5	2486273	S	120	125	245	0.00002	0.00001	0.00000	0.00001	67	4.0
Sphingopyxis granuli	267128	S	402	567	969	0.00007	0.00004	0.00000	0.00004	67	5.0
Sphingopyxis macrogoltabida	33050	S	268	285	553	0.00004	0.00002	0.00000	0.00002	65	5.0
Croceicoccus naphthovorans	1348774	S	143	261	404	0.00003	0.00002	0.00000	0.00002	63	5.0
Sphingosinicella microcystinivorans	335406	S	100	101	201	0.00001	0.00001	0.00000	0.00001	66	4.0
Brevundimonas sp.	1871086	S	4608	6334	10942	0.00075	0.00043	0.00000	0.00048	68	4.0
Brevundimonas sp. M20	2591463	S	2470	2576	5046	0.00034	0.00018	0.00000	0.00020	68	4.0
Brevundimonas sp. MF30-B	2561924	S	1579	1650	3229	0.00022	0.00011	0.00000	0.00013	68	4.0
Brevundimonas sp. NIBR10	3015997	S	1260	1328	2588	0.00018	0.00009	0.00000	0.00010	67	4.0
Brevundimonas sp. PAMC22021	2861285	S	1257	1389	2646	0.00018	0.00009	0.00000	0.00011	68	4.0
Brevundimonas sp. SL130	2995143	S	1237	1352	2589	0.00018	0.00009	0.00000	0.00010	68	4.0
Brevundimonas sp. NIBR11	3015999	S	1075	1118	2193	0.00015	0.00008	0.00000	0.00009	68	4.0
Brevundimonas sp. NCCP 15609	3021811	S	1068	2675	3743	0.00026	0.00018	0.00000	0.00021	68	4.0
Brevundimonas sp. LM2	1938605	S	780	826	1606	0.00011	0.00006	0.00000	0.00007	69	5.0
Brevundimonas sp. AJA228-03	2752515	S	638	683	1321	0.00009	0.00005	0.00000	0.00005	68	4.0
Brevundimonas sp. BT-123	2986928	S	384	780	1164	0.00008	0.00005	0.00000	0.00006	67	4.0
Brevundimonas sp. C43	3068314	S	361	879	1240	0.00008	0.00006	0.00000	0.00007	67	4.0
Brevundimonas sp. SGAir0440	2579977	S	347	653	1000	0.00007	0.00004	0.00000	0.00005	67	4.0
Brevundimonas sp. 'scallop'	2562582	S	266	723	989	0.00007	0.00005	0.00000	0.00005	67	4.0
Brevundimonas sp. GW460-12-10-14-LB2	1827469	S	259	699	958	0.00007	0.00005	0.00000	0.00005	67	4.0
Brevundimonas sp. DS20	1532555	S	219	1115	1334	0.00009	0.00008	0.00000	0.00008	68	4.0
Brevundimonas sp. Bb-A	2560058	S	140	689	829	0.00006	0.00005	0.00000	0.00005	68	4.0
Brevundimonas naejangsanensis	588932	S	5056	7905	12961	0.00088	0.00054	0.00000	0.00062	68	4.0
Brevundimonas pondensis	2774189	S	3856	4337	8193	0.00056	0.00030	0.00000	0.00033	67	4.0
Brevundimonas diminuta	293	S	2577	5160	7737	0.00053	0.00035	0.00000	0.00039	67	4.0
Brevundimonas nasdae	172043	S	2569	3550	6119	0.00042	0.00024	0.00000	0.00026	67	5.0
Brevundimonas vitisensis	2800818	S	1529	1588	3117	0.00021	0.00011	0.00000	0.00012	67	4.0
Brevundimonas subvibrioides	74313	S	1450	1535	2985	0.00020	0.00010	0.00000	0.00012	69	4.0
Brevundimonas goettingensis	2774190	S	1199	1254	2453	0.00017	0.00009	0.00000	0.00010	68	4.0
Brevundimonas albigilva	1312364	S	1071	1265	2336	0.00016	0.00009	0.00000	0.00010	70	4.0
Brevundimonas vesicularis	41276	S	1036	1956	2992	0.00020	0.00013	0.00000	0.00015	67	4.0
Brevundimonas vancanneytii	1325724	S	974	3016	3990	0.00027	0.00021	0.00000	0.00023	67	4.0
Brevundimonas mediterranea	74329	S	809	991	1800	0.00012	0.00007	0.00000	0.00008	68	4.0
uncultured Brevundimonas sp.	213418	S	475	827	1302	0.00009	0.00006	0.00000	0.00006	67	4.0
Brevundimonas fontaquae	2813778	S	268	479	747	0.00005	0.00003	0.00000	0.00004	67	4.0
Caulobacter sp. NIBR2454	3015996	S	255	293	548	0.00004	0.00002	0.00000	0.00002	67	4.0
Caulobacter sp. NIBR1757	3016000	S	204	225	429	0.00003	0.00002	0.00000	0.00002	69	4.0
Caulobacter sp. FWC26	69665	S	133	180	313	0.00002	0.00001	0.00000	0.00001	67	4.0
Caulobacter vibrioides	155892	S	379	509	888	0.00006	0.00003	0.00000	0.00004	68	4.0
Caulobacter segnis	88688	S	372	453	825	0.00006	0.00003	0.00000	0.00004	68	4.0
Caulobacter henricii	69395	S	189	209	398	0.00003	0.00001	0.00000	0.00002	66	4.0
Caulobacter flavus	1679497	S	185	220	405	0.00003	0.00002	0.00000	0.00002	70	4.0
Caulobacter mirabilis	69666	S	141	153	294	0.00002	0.00001	0.00000	0.00001	69	4.0
Caulobacter rhizosphaerae	2010972	S	115	136	251	0.00002	0.00001	0.00000	0.00001	69	4.0
Caulobacter soli	2708539	S	111	135	246	0.00002	0.00001	0.00000	0.00001	69	4.0
Asticcacaulis sp. AND118	2840468	S	311	348	659	0.00004	0.00002	0.00000	0.00002	64	5.0
Asticcacaulis sp. ZE23SCel15	3059027	S	214	261	475	0.00003	0.00002	0.00000	0.00002	57	4.0
Asticcacaulis sp. SL142	2995155	S	212	259	471	0.00003	0.00002	0.00000	0.00002	59	3.0
Asticcacaulis excentricus	78587	S	420	458	878	0.00006	0.00003	0.00000	0.00003	62	5.0
Phenylobacterium sp. NIBR 498073	3015177	S	104	113	217	0.00001	0.00001	0.00000	0.00001	69	4.0
Phenylobacterium sp. LH3H17	2903901	S	102	106	208	0.00001	0.00001	0.00000	0.00001	69	4.0
Phenylobacterium zucineum	284016	S	121	131	252	0.00002	0.00001	0.00000	0.00001	70	4.0
Tateyamaria omphalii	299262	S	12200	12634	24834	0.00169	0.00086	0.00000	0.00082	63	5.0
Sulfitobacter sp. JL08	2070369	S	440	444	884	0.00006	0.00003	0.00000	0.00003	57	5.0
Sulfitobacter sp. S190	2867022	S	409	443	852	0.00006	0.00003	0.00000	0.00003	62	5.0
Sulfitobacter sp. SK011	1389004	S	378	384	762	0.00005	0.00003	0.00000	0.00002	57	4.0
Sulfitobacter sp. THAF37	2587855	S	377	800	1177	0.00008	0.00005	0.00000	0.00005	63	5.0
Sulfitobacter sp. SK012	1389005	S	308	314	622	0.00004	0.00002	0.00000	0.00002	55	4.0
Sulfitobacter sp. S223	2867023	S	268	272	540	0.00004	0.00002	0.00000	0.00002	56	4.0
Sulfitobacter sp. BSw21498	664426	S	226	331	557	0.00004	0.00002	0.00002	0.00002	59	nan
Sulfitobacter sp. W027	2867025	S	137	178	315	0.00002	0.00001	0.00000	0.00001	61	5.0
Sulfitobacter sp. LC.270.F.C4	3079556	S	122	770	892	0.00006	0.00005	0.00000	0.00005	62	5.0
Sulfitobacter sp. W002	2867024	S	113	178	291	0.00002	0.00001	0.00000	0.00001	61	5.0
Sulfitobacter sp. DSM 110093	2883127	S	100	133	233	0.00002	0.00001	0.00001	0.00001	59	nan
Sulfitobacter mediterraneus	83219	S	599	1006	1605	0.00011	0.00007	0.00007	0.00006	60	nan
Sulfitobacter albidus	2829501	S	481	493	974	0.00007	0.00003	0.00000	0.00003	64	4.0
Sulfitobacter faviae	1775881	S	375	784	1159	0.00008	0.00005	0.00000	0.00005	63	5.0
Sulfitobacter alexandrii	1917485	S	367	979	1346	0.00009	0.00007	0.00000	0.00007	64	5.0
Sulfitobacter indolifex	225422	S	192	303	495	0.00003	0.00002	0.00002	0.00002	60	nan
Sulfitobacter dubius	218673	S	118	240	358	0.00002	0.00002	0.00000	0.00002	61	5.0
Sulfitobacter pontiacus	60137	S	102	376	478	0.00003	0.00003	0.00000	0.00002	61	5.0
Ruegeria sp. B32	2867020	S	334	365	699	0.00005	0.00002	0.00000	0.00002	61	5.0
Ruegeria sp. SCSIO 43209	2793010	S	206	331	537	0.00004	0.00002	0.00000	0.00002	58	5.0
Ruegeria sp. AD91A	2293862	S	192	226	418	0.00003	0.00002	0.00000	0.00001	58	4.0
Ruegeria sp. THAF33	2587853	S	184	363	547	0.00004	0.00002	0.00000	0.00002	59	5.0
Ruegeria sp. TM1040	292414	S	166	190	356	0.00002	0.00001	0.00000	0.00001	61	5.0
Ruegeria conchae	981384	S	293	334	627	0.00004	0.00002	0.00000	0.00002	56	4.0
Ruegeria pomeroyi	89184	S	239	251	490	0.00003	0.00002	0.00000	0.00002	65	4.0
Pseudosulfitobacter pseudonitzschiae	1402135	S	1198	2385	3583	0.00024	0.00016	0.00000	0.00016	62	5.0
Pseudosulfitobacter sp. DSM 107133	2883100	S	464	1004	1468	0.00010	0.00007	0.00000	0.00006	62	5.0
Roseovarius sp. THAF9	2587847	S	195	388	583	0.00004	0.00003	0.00000	0.00003	64	5.0
Roseovarius sp. SCSIO 43702	2823043	S	134	139	273	0.00002	0.00001	0.00000	0.00001	67	4.0
Roseovarius sp. THAF27	2587850	S	104	318	422	0.00003	0.00002	0.00000	0.00002	64	5.0
Roseovarius faecimaris	2494550	S	241	253	494	0.00003	0.00002	0.00000	0.00002	63	5.0
Roseovarius indicus	540747	S	217	448	665	0.00005	0.00003	0.00000	0.00003	65	5.0
Roseovarius tolerans	74031	S	178	186	364	0.00002	0.00001	0.00000	0.00001	64	5.0
Leisingera sp. S132	2867016	S	211	462	673	0.00005	0.00003	0.00000	0.00003	64	4.0
Leisingera aquaemixtae	1396826	S	261	371	632	0.00004	0.00003	0.00000	0.00003	65	5.0
Leisingera caerulea	506591	S	234	311	545	0.00004	0.00002	0.00000	0.00002	65	5.0
Leisingera thetidis	2930199	S	143	192	335	0.00002	0.00001	0.00000	0.00001	65	5.0
Leisingera methylohalidivorans	133924	S	122	142	264	0.00002	0.00001	0.00000	0.00001	63	5.0
Phaeobacter inhibens	221822	S	477	722	1199	0.00008	0.00005	0.00000	0.00005	61	5.0
Phaeobacter gallaeciensis	60890	S	402	749	1151	0.00008	0.00005	0.00006	0.00005	61	nan
Phaeobacter piscinae	1580596	S	207	408	615	0.00004	0.00003	0.00000	0.00003	61	5.0
Phaeobacter porticola	1844006	S	103	148	251	0.00002	0.00001	0.00001	0.00001	59	nan
Roseobacter denitrificans	2434	S	327	379	706	0.00005	0.00003	0.00000	0.00002	59	5.0
Roseobacter ponti	1891787	S	277	285	562	0.00004	0.00002	0.00000	0.00002	61	5.0
Roseobacter litoralis	42443	S	258	313	571	0.00004	0.00002	0.00000	0.00002	58	5.0
Jannaschia sp. M317	2867011	S	263	272	535	0.00004	0.00002	0.00000	0.00002	65	4.0
Jannaschia sp. CCS1	290400	S	204	206	410	0.00003	0.00001	0.00000	0.00001	62	4.0
Jannaschia sp. GRR-S6-38	3038773	S	113	116	229	0.00002	0.00001	0.00000	0.00001	69	4.0
Octadecabacter antarcticus	1217908	S	164	177	341	0.00002	0.00001	0.00000	0.00001	55	4.0
Octadecabacter sp. SW4	2602067	S	150	208	358	0.00002	0.00001	0.00000	0.00001	61	5.0
Octadecabacter arcticus	53946	S	135	147	282	0.00002	0.00001	0.00000	0.00001	56	3.0
Thalassococcus sp. S3	2017482	S	512	517	1029	0.00007	0.00004	0.00000	0.00003	61	4.0
Roseivivax sp. THAF30	2587852	S	163	403	566	0.00004	0.00003	0.00000	0.00003	65	5.0
Roseivivax marinus	1379903	S	102	127	229	0.00002	0.00001	0.00000	0.00001	68	5.0
Celeribacter ethanolicus	1758178	S	116	186	302	0.00002	0.00001	0.00000	0.00001	62	5.0
uncultured Celeribacter sp.	1303376	S	108	111	219	0.00001	0.00001	0.00000	0.00001	61	5.0
Salipiger abyssi	1250539	S	157	243	400	0.00003	0.00002	0.00000	0.00002	65	5.0
Salipiger sp. CCB-MM3	1792508	S	152	161	313	0.00002	0.00001	0.00000	0.00001	65	4.0
Salipiger profundus	1229727	S	110	198	308	0.00002	0.00001	0.00000	0.00001	66	5.0
Thalassovita sp.	1979401	S	201	205	406	0.00003	0.00001	0.00000	0.00001	62	4.0
Thalassovita gelatinovora	53501	S	152	156	308	0.00002	0.00001	0.00000	0.00001	59	4.0
Tropicibacter oceani	3058420	S	269	280	549	0.00004	0.00002	0.00000	0.00002	64	4.0
Antarctobacter heliothermus	74033	S	251	259	510	0.00003	0.00002	0.00000	0.00002	62	4.0
Mameliella alba	561184	S	226	307	533	0.00004	0.00002	0.00000	0.00002	65	5.0
Dinoroseobacter shibae	215813	S	213	453	666	0.00005	0.00003	0.00000	0.00003	65	5.0
Thalassobacter stenotrophicus	266809	S	193	196	389	0.00003	0.00001	0.00000	0.00001	59	4.0
Loktanella salsilacus	195913	S	180	187	367	0.00003	0.00001	0.00000	0.00001	61	5.0
Ponticoccus alexandrii	1943633	S	173	192	365	0.00002	0.00001	0.00000	0.00001	66	4.0
Maribius sp. THAF1	2587842	S	139	141	280	0.00002	0.00001	0.00000	0.00001	64	4.0
Oceanicola sp. D3	2587163	S	137	139	276	0.00002	0.00001	0.00000	0.00001	64	4.0
Roseibacterium elongatum	159346	S	135	139	274	0.00002	0.00001	0.00000	0.00001	66	4.0
Lentibacter algarum	576131	S	122	125	247	0.00002	0.00001	0.00000	0.00001	57	4.0
Actibacterium sp. EMB200-NS6	1609966	S	121	277	398	0.00003	0.00002	0.00000	0.00002	64	5.0
Alloyangia pacifica	311180	S	114	124	238	0.00002	0.00001	0.00000	0.00001	68	4.0
Aliiroseovarius crassostreae	154981	S	328	347	675	0.00005	0.00002	0.00000	0.00002	60	5.0
Aliiroseovarius sp. M344	2867010	S	133	224	357	0.00002	0.00002	0.00000	0.00001	58	5.0
Tritonibacter mobilis	379347	S	171	342	513	0.00003	0.00002	0.00002	0.00002	60	nan
Tritonibacter scottomollicae	483013	S	167	207	374	0.00003	0.00001	0.00000	0.00001	62	5.0
Pseudooceanicola nitratireducens	517719	S	150	174	324	0.00002	0.00001	0.00000	0.00001	65	4.0
Pseudooceanicola atlanticus	1461694	S	128	154	282	0.00002	0.00001	0.00000	0.00001	65	4.0
Pseudooceanicola algae	1537215	S	124	146	270	0.00002	0.00001	0.00000	0.00001	64	4.0
Parasedimentitalea marina	2483033	S	162	172	334	0.00002	0.00001	0.00000	0.00001	57	4.0
Parasedimentitalea psychrophila	2997337	S	162	181	343	0.00002	0.00001	0.00000	0.00001	59	5.0
Rhodophyticola sp. CCM32	2916397	S	146	158	304	0.00002	0.00001	0.00000	0.00001	61	4.0
Rhodophyticola sp. CSW1921	2978973	S	131	140	271	0.00002	0.00001	0.00000	0.00001	60	4.0
Cognatishimia activa	1715691	S	250	259	509	0.00003	0.00002	0.00000	0.00002	56	4.0
Rhodobacter capsulatus	1061	S	109	181	290	0.00002	0.00001	0.00000	0.00001	66	4.0
Gemmobacter fulvus	2840474	S	118	299	417	0.00003	0.00002	0.00000	0.00002	64	5.0
Marivivens sp. LCG002	3051171	S	121	140	261	0.00002	0.00001	0.00000	0.00001	59	4.0
Pukyongiella litopenaei	2605946	S	160	347	507	0.00003	0.00002	0.00000	0.00002	65	5.0
Profundibacter amoris	2171755	S	136	142	278	0.00002	0.00001	0.00000	0.00001	59	4.0
Pontivivens ytuae	2789856	S	126	141	267	0.00002	0.00001	0.00000	0.00001	67	4.0
Pseudopuniceibacterium antarcticum	2613965	S	117	133	250	0.00002	0.00001	0.00000	0.00001	63	5.0
Yoonia vestfoldensis	245188	S	114	185	299	0.00002	0.00001	0.00000	0.00001	61	5.0
Frigidibacter mobilis	1335048	S	111	198	309	0.00002	0.00001	0.00000	0.00001	66	4.0
Polynucleobacter sp. KF022	2982615	S	345573	348802	694375	0.04736	0.02379	0.02189	0.02080	46	nan
Polynucleobacter duraquae	1835254	S	20561	20838	41399	0.00282	0.00142	0.00131	0.00125	46	nan
Burkholderia ambifaria	152480	S	267244	350924	618168	0.04216	0.02394	0.02723	0.02670	68	nan
Burkholderia cepacia	292	S	2613	2670	5283	0.00036	0.00018	0.00000	0.00020	68	5.0
Burkholderia multivorans	87883	S	1856	1864	3720	0.00025	0.00013	0.00016	0.00014	68	nan
Burkholderia cenocepacia	95486	S	1730	2274	4004	0.00027	0.00016	0.00019	0.00017	68	nan
Burkholderia pyrrocinia	60550	S	1484	1503	2987	0.00020	0.00010	0.00012	0.00011	68	nan
Burkholderia contaminans	488447	S	1413	1435	2848	0.00019	0.00010	0.00011	0.00011	67	nan
Burkholderia anthina	179879	S	1207	1228	2435	0.00017	0.00008	0.00010	0.00009	67	nan
Burkholderia territorii	1503055	S	1121	1131	2252	0.00015	0.00008	0.00000	0.00009	67	5.0
Burkholderia latens	488446	S	1071	1074	2145	0.00015	0.00007	0.00000	0.00008	67	5.0
Burkholderia ubonensis	101571	S	1018	1028	2046	0.00014	0.00007	0.00000	0.00008	68	5.0
Burkholderia lata	482957	S	899	922	1821	0.00012	0.00006	0.00007	0.00007	68	nan
Burkholderia diffusa	488732	S	769	776	1545	0.00011	0.00005	0.00006	0.00006	67	nan
Burkholderia stabilis	95485	S	702	713	1415	0.00010	0.00005	0.00000	0.00005	67	5.0
Burkholderia dolosa	152500	S	618	742	1360	0.00009	0.00005	0.00006	0.00006	68	nan
Burkholderia vietnamiensis	60552	S	526	567	1093	0.00007	0.00004	0.00005	0.00004	68	nan
Burkholderia pseudomultivorans	1207504	S	455	457	912	0.00006	0.00003	0.00000	0.00004	68	5.0
Burkholderia seminalis	488731	S	422	426	848	0.00006	0.00003	0.00000	0.00003	68	5.0
Burkholderia metallica	488729	S	393	396	789	0.00005	0.00003	0.00000	0.00003	68	5.0
Burkholderia stagnalis	1503054	S	352	353	705	0.00005	0.00002	0.00000	0.00003	68	5.0
Burkholderia arboris	488730	S	323	325	648	0.00004	0.00002	0.00000	0.00002	68	5.0
Burkholderia aenigmatica	2015348	S	160	169	329	0.00002	0.00001	0.00000	0.00001	68	5.0
Burkholderia orbicola	2978683	S	109	119	228	0.00002	0.00001	0.00000	0.00001	68	5.0
Burkholderia sp. KBS0801	1179675	S	2507	5382	7889	0.00054	0.00037	0.00049	0.00041	68	nan
Burkholderia sp. MSMB0856	1637869	S	790	2437	3227	0.00022	0.00017	0.00000	0.00018	67	5.0
Burkholderia sp. LA-2-3-30-S1-D2	1637862	S	672	1931	2603	0.00018	0.00013	0.00000	0.00015	67	5.0
Burkholderia sp. JP2-270	2217913	S	359	938	1297	0.00009	0.00006	0.00008	0.00007	67	nan
Burkholderia sp. S-53	2906514	S	337	571	908	0.00006	0.00004	0.00000	0.00004	68	5.0
Burkholderia sp. NRF60-BP8	1637853	S	336	430	766	0.00005	0.00003	0.00000	0.00003	68	5.0
Burkholderia sp. MS455	2811788	S	285	853	1138	0.00008	0.00006	0.00008	0.00006	67	nan
Burkholderia sp. Bp7605	1740163	S	176	178	354	0.00002	0.00001	0.00000	0.00001	65	5.0
Burkholderia sp. FERM BP-3421	1494466	S	166	170	336	0.00002	0.00001	0.00000	0.00001	69	5.0
Burkholderia sp. IDO3	1705310	S	152	226	378	0.00003	0.00002	0.00002	0.00002	68	nan
Burkholderia sp. MS389	2811789	S	101	2423	2524	0.00017	0.00017	0.00000	0.00018	67	5.0
Burkholderia pseudomallei	28450	S	385	515	900	0.00006	0.00004	0.00000	0.00004	69	5.0
Burkholderia thailandensis	57975	S	123	137	260	0.00002	0.00001	0.00000	0.00001	68	5.0
Burkholderia mayonis	1385591	S	113	113	226	0.00002	0.00001	0.00000	0.00001	68	3.0
Burkholderia gladioli	28095	S	713	713	1426	0.00010	0.00005	0.00000	0.00006	69	4.0
Burkholderia glumae	337	S	395	417	812	0.00006	0.00003	0.00000	0.00003	70	5.0
Burkholderia perseverans	2615214	S	186	186	372	0.00003	0.00001	0.00000	0.00002	70	4.0
Paraburkholderia fungorum	134537	S	132	236	368	0.00003	0.00002	0.00000	0.00002	62	4.0
Massilia putida	1141883	S	316137	323058	639195	0.04360	0.02203	0.02443	0.02376	68	nan
Advenella kashmirensis	310575	S	22056	23283	45339	0.00309	0.00159	0.00153	0.00139	57	nan
Advenella mimigardefordensis	302406	S	8835	9319	18154	0.00124	0.00064	0.00058	0.00056	56	nan
Advenella sp. S44	1982755	S	3063	3900	6963	0.00047	0.00027	0.00000	0.00023	49	5.0
Advenella alkanexedens	1481665	S	265	334	599	0.00004	0.00002	0.00000	0.00002	51	4.0
Achromobacter sp. R39	3047478	S	117	150	267	0.00002	0.00001	0.00000	0.00001	62	4.0
Achromobacter spanius	217203	S	209	540	749	0.00005	0.00004	0.00000	0.00004	66	4.0
Achromobacter xylosoxidans	85698	S	110	175	285	0.00002	0.00001	0.00000	0.00001	67	4.0
Alcaligenes faecalis	511	S	208	433	641	0.00004	0.00003	0.00000	0.00003	58	5.0
Pusillimonas sp. T7-7	1007105	S	127	159	286	0.00002	0.00001	0.00000	0.00001	57	5.0
Pollutimonas sp. M17	2962065	S	101	111	212	0.00001	0.00001	0.00000	0.00001	63	4.0
Paralcaligenes sp. KSB-10	2901142	S	145	151	296	0.00002	0.00001	0.00000	0.00001	59	4.0
Eleftheria terrae	1597781	S	29977	30008	59985	0.00409	0.00205	0.00258	0.00251	70	nan
Bacillus bombysepticus	658666	S	6932	47806	54738	0.00373	0.00326	0.00364	0.00331	35	nan
Bacillus cereus	1396	S	2043	21454	23497	0.00160	0.00146	0.00162	0.00148	35	nan
Bacillus thuringiensis	1428	S	1386	50972	52358	0.00357	0.00348	0.00379	0.00351	35	nan
Bacillus mycoides	1405	S	1168	2014	3182	0.00022	0.00014	0.00015	0.00014	35	nan
Bacillus toyonensis	155322	S	839	2289	3128	0.00021	0.00016	0.00017	0.00016	35	nan
Bacillus pseudomycoides	64104	S	657	675	1332	0.00009	0.00005	0.00005	0.00005	35	nan
Bacillus wiedmannii	1890302	S	506	739	1245	0.00008	0.00005	0.00005	0.00005	35	nan
Bacillus luti	2026191	S	351	391	742	0.00005	0.00003	0.00003	0.00003	35	nan
Bacillus cytotoxicus	580165	S	267	272	539	0.00004	0.00002	0.00002	0.00002	36	nan
Bacillus anthracis	1392	S	231	9438	9669	0.00066	0.00064	0.00071	0.00065	35	nan
Bacillus nitratireducens	2026193	S	223	277	500	0.00003	0.00002	0.00002	0.00002	35	nan
Bacillus tropicus	2026188	S	182	519	701	0.00005	0.00004	0.00004	0.00004	35	nan
Bacillus paranthracis	2026186	S	121	651	772	0.00005	0.00004	0.00005	0.00004	35	nan
Bacillus sp. BS98	2608254	S	25809	179797	205606	0.01402	0.01226	0.01361	0.01243	35	nan
Bacillus sp. NEB1478	3073816	S	10562	10966	21528	0.00147	0.00075	0.00000	0.00071	39	5.0
Bacillus sp. Y1	352858	S	270	277	547	0.00004	0.00002	0.00000	0.00002	38	4.0
Bacillus sp. DTU_2020_1000418_1_SI_GHA_SEK_038	3077585	S	266	277	543	0.00004	0.00002	0.00000	0.00002	39	5.0
Bacillus sp. FJAT-42376	2014076	S	263	266	529	0.00004	0.00002	0.00000	0.00002	46	4.0
Bacillus sp. DX3.1	3052091	S	251	261	512	0.00003	0.00002	0.00002	0.00002	36	nan
Bacillus sp. FJAT-18017	1705566	S	238	243	481	0.00003	0.00002	0.00000	0.00002	43	4.0
Bacillus sp. THAF10	2587848	S	207	213	420	0.00003	0.00001	0.00000	0.00001	40	5.0
Bacillus sp. T3	467262	S	199	205	404	0.00003	0.00001	0.00000	0.00001	38	5.0
Bacillus sp. N1-1	2682541	S	162	180	342	0.00002	0.00001	0.00000	0.00001	41	5.0
Bacillus sp. FJAT-22090	1581038	S	147	152	299	0.00002	0.00001	0.00000	0.00001	35	4.0
Bacillus sp. Cs-700	2589818	S	135	153	288	0.00002	0.00001	0.00000	0.00001	40	5.0
Bacillus sp. 1NLA3E	666686	S	132	137	269	0.00002	0.00001	0.00000	0.00001	37	4.0
Bacillus sp. S3	486398	S	131	136	267	0.00002	0.00001	0.00000	0.00001	41	5.0
Bacillus sp. KH172YL63	2709784	S	125	129	254	0.00002	0.00001	0.00000	0.00001	46	4.0
Bacillus sp. COPE52	2233998	S	106	318	424	0.00003	0.00002	0.00002	0.00002	35	nan
Bacillus velezensis	492670	S	315	3227	3542	0.00024	0.00022	0.00025	0.00022	35	nan
Bacillus amyloliquefaciens	1390	S	106	947	1053	0.00007	0.00006	0.00007	0.00006	35	nan
Bacillus atrophaeus	1452	S	304	309	613	0.00004	0.00002	0.00000	0.00002	45	4.0
Bacillus subtilis	1423	S	241	5543	5784	0.00039	0.00038	0.00041	0.00038	35	nan
Bacillus halotolerans	260554	S	181	392	573	0.00004	0.00003	0.00000	0.00003	37	5.0
Bacillus vallismortis	72361	S	180	187	367	0.00003	0.00001	0.00000	0.00001	44	4.0
Bacillus paralicheniformis	1648923	S	120	144	264	0.00002	0.00001	0.00000	0.00001	47	4.0
Bacillus pumilus	1408	S	533	565	1098	0.00007	0.00004	0.00000	0.00004	42	4.0
Bacillus badius	1455	S	456	479	935	0.00006	0.00003	0.00000	0.00003	44	4.0
Bacillus dafuensis	1742359	S	275	284	559	0.00004	0.00002	0.00000	0.00002	36	4.0
Bacillus shivajii	1983719	S	267	274	541	0.00004	0.00002	0.00000	0.00002	37	4.0
Bacillus methanolicus	1471	S	251	262	513	0.00003	0.00002	0.00000	0.00002	38	5.0
Bacillus glycinifermentans	1664069	S	239	244	483	0.00003	0.00002	0.00000	0.00001	48	4.0
Bacillus infantis	324767	S	228	232	460	0.00003	0.00002	0.00000	0.00001	47	4.0
Bacillus arachidis	2819290	S	210	217	427	0.00003	0.00001	0.00002	0.00001	36	nan
Bacillus altitudinis	293387	S	189	264	453	0.00003	0.00002	0.00000	0.00002	41	4.0
Bacillus weihaiensis	1547283	S	188	194	382	0.00003	0.00001	0.00000	0.00001	36	4.0
Bacillus safensis	561879	S	170	333	503	0.00003	0.00002	0.00000	0.00002	40	4.0
Bacillus aquiflavi	2672567	S	168	170	338	0.00002	0.00001	0.00000	0.00001	36	4.0
Bacillus gobiensis	1441095	S	162	163	325	0.00002	0.00001	0.00000	0.00001	41	5.0
Bacillus carboniphilus	86663	S	156	157	313	0.00002	0.00001	0.00000	0.00001	36	4.0
Bacillus swezeyi	1925020	S	153	154	307	0.00002	0.00001	0.00000	0.00001	45	4.0
Bacillus fonticola	2728853	S	145	146	291	0.00002	0.00001	0.00000	0.00001	44	4.0
Bacillus smithii	1479	S	108	127	235	0.00002	0.00001	0.00001	0.00001	40	nan
Peribacillus muralis	264697	S	159948	165038	324986	0.02217	0.01126	0.01132	0.01025	44	nan
Peribacillus simplex	1478	S	19091	24370	43461	0.00296	0.00166	0.00000	0.00155	40	5.0
Peribacillus frigoritolerans	450367	S	15730	18847	34577	0.00236	0.00129	0.00000	0.00120	41	5.0
Peribacillus sp. R9-11	3073271	S	1872	3557	5429	0.00037	0.00024	0.00000	0.00023	39	4.0
Peribacillus butanolivorans	421767	S	1266	2342	3608	0.00025	0.00016	0.00000	0.00015	39	4.0
Peribacillus asahii	228899	S	767	804	1571	0.00011	0.00005	0.00000	0.00005	38	4.0
Peribacillus psychrosaccharolyticus	1407	S	467	480	947	0.00006	0.00003	0.00000	0.00003	39	5.0
Fictibacillus phosphorivorans	1221500	S	93944	99172	193116	0.01317	0.00676	0.00703	0.00633	40	nan
Fictibacillus arsenicus	255247	S	37854	40538	78392	0.00535	0.00276	0.00279	0.00258	39	nan
Fictibacillus sp. KU28468	2991053	S	1264	1388	2652	0.00018	0.00009	0.00000	0.00009	44	5.0
Fictibacillus enclensis	1017270	S	864	942	1806	0.00012	0.00006	0.00000	0.00006	45	4.0
Neobacillus sp. PS2-9	3070676	S	315	347	662	0.00005	0.00002	0.00000	0.00002	39	5.0
Neobacillus sp. YX16	3047874	S	313	354	667	0.00005	0.00002	0.00000	0.00002	37	4.0
Neobacillus sp. Marseille-Q6967	2963105	S	270	295	565	0.00004	0.00002	0.00000	0.00002	39	5.0
Neobacillus sp. OS1-33	3070683	S	251	277	528	0.00004	0.00002	0.00000	0.00002	40	5.0
Neobacillus sp. SuZ13	3047875	S	247	274	521	0.00004	0.00002	0.00000	0.00002	39	5.0
Neobacillus sp. DY30	3047871	S	245	276	521	0.00004	0.00002	0.00000	0.00002	39	4.0
Neobacillus sp. WH10	3047873	S	236	253	489	0.00003	0.00002	0.00000	0.00002	38	5.0
Neobacillus sp. PS3-12	3070677	S	232	246	478	0.00003	0.00002	0.00000	0.00002	39	5.0
Neobacillus sp. OS1-2	3070680	S	204	218	422	0.00003	0.00001	0.00001	0.00001	40	nan
Neobacillus sp. PS3-34	3070678	S	189	197	386	0.00003	0.00001	0.00000	0.00001	40	5.0
Neobacillus sp. 114	3048535	S	166	175	341	0.00002	0.00001	0.00000	0.00001	42	5.0
Neobacillus sp. PS3-40	3070679	S	156	161	317	0.00002	0.00001	0.00000	0.00001	36	4.0
Neobacillus mesonae	1193713	S	233	243	476	0.00003	0.00002	0.00000	0.00002	41	5.0
Neobacillus novalis	220687	S	202	211	413	0.00003	0.00001	0.00000	0.00001	40	5.0
Neobacillus cucumis	1740721	S	199	200	399	0.00003	0.00001	0.00000	0.00001	40	5.0
Neobacillus drentensis	220684	S	175	186	361	0.00002	0.00001	0.00000	0.00001	40	4.0
Priestia megaterium	1404	S	885	1582	2467	0.00017	0.00011	0.00000	0.00010	38	5.0
Priestia koreensis	284581	S	443	451	894	0.00006	0.00003	0.00000	0.00003	41	5.0
Priestia flexa	86664	S	331	357	688	0.00005	0.00002	0.00000	0.00002	39	4.0
Priestia filamentosa	1402861	S	327	330	657	0.00004	0.00002	0.00000	0.00002	37	4.0
Cytobacillus firmus	1399	S	477	512	989	0.00007	0.00003	0.00000	0.00003	42	5.0
Cytobacillus solani	1637975	S	284	296	580	0.00004	0.00002	0.00000	0.00002	37	5.0
Cytobacillus spongiae	2901381	S	197	201	398	0.00003	0.00001	0.00000	0.00001	39	5.0
Cytobacillus gottheilii	859144	S	175	179	354	0.00002	0.00001	0.00000	0.00001	39	4.0
Cytobacillus kochii	859143	S	173	177	350	0.00002	0.00001	0.00000	0.00001	36	4.0
Cytobacillus pseudoceanisediminis	3051614	S	151	327	478	0.00003	0.00002	0.00002	0.00002	41	nan
Cytobacillus oceanisediminis	665099	S	135	563	698	0.00005	0.00004	0.00000	0.00004	39	5.0
Metabacillus sp. cB07	2806989	S	305	313	618	0.00004	0.00002	0.00000	0.00002	46	4.0
Metabacillus sp. KUDC1714	2745198	S	267	277	544	0.00004	0.00002	0.00000	0.00002	36	4.0
Metabacillus sp. B2-18	2897333	S	108	212	320	0.00002	0.00001	0.00000	0.00001	36	4.0
Metabacillus sediminilitoris	2567941	S	384	399	783	0.00005	0.00003	0.00000	0.00003	35	4.0
Metabacillus litoralis	152268	S	196	275	471	0.00003	0.00002	0.00000	0.00002	35	4.0
Metabacillus endolithicus	1535204	S	142	234	376	0.00003	0.00002	0.00000	0.00002	36	4.0
Lysinibacillus sp. 2017	2169540	S	115	121	236	0.00002	0.00001	0.00000	0.00001	37	4.0
Lysinibacillus sp. SGAir0095	2070463	S	107	125	232	0.00002	0.00001	0.00000	0.00001	38	4.0
Lysinibacillus sp. CD3-6	2892541	S	102	135	237	0.00002	0.00001	0.00000	0.00001	37	4.0
Lysinibacillus irui	2998077	S	162	221	383	0.00003	0.00002	0.00000	0.00001	37	4.0
Lysinibacillus fusiformis	28031	S	158	240	398	0.00003	0.00002	0.00000	0.00002	38	4.0
Lysinibacillus parviboronicapiens	436516	S	143	160	303	0.00002	0.00001	0.00000	0.00001	37	4.0
Lysinibacillus sphaericus	1421	S	109	336	445	0.00003	0.00002	0.00000	0.00002	37	4.0
Mesobacillus jeotgali	129985	S	541	580	1121	0.00008	0.00004	0.00000	0.00004	44	4.0
Mesobacillus sp. AQ2	3043332	S	282	295	577	0.00004	0.00002	0.00000	0.00002	44	4.0
Mesobacillus sp. S13	2880221	S	146	156	302	0.00002	0.00001	0.00000	0.00001	44	5.0
Mesobacillus subterraneus	285983	S	233	254	487	0.00003	0.00002	0.00000	0.00002	43	4.0
Mesobacillus foraminis	279826	S	220	225	445	0.00003	0.00002	0.00000	0.00001	45	4.0
Virgibacillus phasianinus	2017483	S	262	275	537	0.00004	0.00002	0.00000	0.00002	39	5.0
Virgibacillus halodenitrificans	1482	S	137	348	485	0.00003	0.00002	0.00000	0.00002	37	4.0
Geobacillus sp. 46C-IIa	1963025	S	102	280	382	0.00003	0.00002	0.00000	0.00002	54	4.0
Geobacillus subterraneus	129338	S	101	467	568	0.00004	0.00003	0.00000	0.00003	54	4.0
Niallia sp. RD1	2962858	S	240	272	512	0.00003	0.00002	0.00000	0.00002	36	4.0
Niallia sp. Man26	2912824	S	215	222	437	0.00003	0.00002	0.00000	0.00001	39	5.0
Niallia circulans	1397	S	336	350	686	0.00005	0.00002	0.00000	0.00002	36	4.0
Niallia taxi	2499688	S	179	185	364	0.00002	0.00001	0.00000	0.00001	38	4.0
Halobacillus litoralis	45668	S	298	306	604	0.00004	0.00002	0.00000	0.00002	43	5.0
Halobacillus naozhouensis	554880	S	123	127	250	0.00002	0.00001	0.00001	0.00001	42	nan
Halobacillus halophilus	1570	S	118	121	239	0.00002	0.00001	0.00000	0.00001	41	5.0
Halobacillus mangrovi	402384	S	113	115	228	0.00002	0.00001	0.00000	0.00001	42	5.0
Halobacillus amylolyticus	2932259	S	102	109	211	0.00001	0.00001	0.00001	0.00001	41	nan
Sutcliffiella horikoshii	79883	S	604	854	1458	0.00010	0.00006	0.00000	0.00005	40	5.0
Rossellomorea marisflavi	189381	S	285	292	577	0.00004	0.00002	0.00000	0.00002	50	4.0
Rossellomorea vietnamensis	218284	S	168	320	488	0.00003	0.00002	0.00000	0.00002	45	4.0
Heyndrickxia vini	1476025	S	304	343	647	0.00004	0.00002	0.00000	0.00002	36	4.0
Heyndrickxia oleronia	38875	S	176	200	376	0.00003	0.00001	0.00000	0.00001	35	4.0
Oceanobacillus iheyensis	182710	S	173	195	368	0.00003	0.00001	0.00000	0.00001	38	5.0
Oceanobacillus zhaokaii	2052660	S	170	177	347	0.00002	0.00001	0.00000	0.00001	37	4.0
Alkalihalobacillus sp. AL-G	2926399	S	351	355	706	0.00005	0.00002	0.00002	0.00002	42	nan
Alkalihalobacillus sp. LMS39	2924032	S	141	143	284	0.00002	0.00001	0.00000	0.00001	36	4.0
Anoxybacillus flavithermus	33934	S	147	179	326	0.00002	0.00001	0.00001	0.00001	42	nan
Anoxybacillus caldiproteolyticus	247480	S	122	130	252	0.00002	0.00001	0.00001	0.00001	41	nan
Parageobacillus thermoglucosidasius	1426	S	138	227	365	0.00002	0.00002	0.00000	0.00001	44	5.0
Pontibacillus sp. HMF3514	2692425	S	127	137	264	0.00002	0.00001	0.00000	0.00001	39	4.0
Pontibacillus sp. ALD_SL1	2777185	S	111	123	234	0.00002	0.00001	0.00000	0.00001	41	4.0
Pontibacillus chungwhensis	265426	S	110	121	231	0.00002	0.00001	0.00000	0.00001	41	5.0
Shouchella clausii	79880	S	191	324	515	0.00004	0.00002	0.00000	0.00002	45	4.0
Alkalihalophilus pseudofirmus	79885	S	344	352	696	0.00005	0.00002	0.00000	0.00002	39	5.0
Anaerobacillus isosaccharinicus	1532552	S	302	309	611	0.00004	0.00002	0.00000	0.00002	36	4.0
Gracilibacillus salitolerans	2663022	S	144	145	289	0.00002	0.00001	0.00000	0.00001	36	4.0
Pseudalkalibacillus hwajinpoensis	208199	S	253	268	521	0.00004	0.00002	0.00000	0.00002	40	5.0
Evansella sp. LMS18	2924033	S	140	145	285	0.00002	0.00001	0.00000	0.00001	44	4.0
Lederbergia lenta	1467	S	222	224	446	0.00003	0.00002	0.00000	0.00001	37	4.0
Ectobacillus sp. JY-23	2933872	S	220	224	444	0.00003	0.00002	0.00000	0.00001	40	5.0
Salisediminibacterium beveridgei	632773	S	125	126	251	0.00002	0.00001	0.00000	0.00001	46	4.0
Halalkalibacterium halodurans	86665	S	180	183	363	0.00002	0.00001	0.00000	0.00001	44	4.0
Halalkalibacter krulwichiae	199441	S	177	186	363	0.00002	0.00001	0.00000	0.00001	38	4.0
Domibacillus sp. DTU_2020_1001157_1_SI_ALB_TIR_016	3077789	S	173	177	350	0.00002	0.00001	0.00000	0.00001	44	4.0
Gottfriedia acidiceleris	371036	S	170	172	342	0.00002	0.00001	0.00000	0.00001	33	4.0
Pradoshia sp. D12	2651284	S	144	146	290	0.00002	0.00001	0.00000	0.00001	39	4.0
Paraliobacillus zengyii	2213194	S	129	130	259	0.00002	0.00001	0.00000	0.00001	36	4.0
Mangrovibacillus cuniculi	2593652	S	126	128	254	0.00002	0.00001	0.00000	0.00001	39	4.0
Siminovitchia fortis	254758	S	111	113	224	0.00002	0.00001	0.00000	0.00001	45	4.0
Salipaludibacillus sp. LMS25	2924031	S	100	101	201	0.00001	0.00001	0.00000	0.00001	39	4.0
Sediminibacillus dalangtanensis	2729421	S	100	102	202	0.00001	0.00001	0.00000	0.00001	44	4.0
Paenibacillus agaridevorans	171404	S	117980	129995	247975	0.01691	0.00887	0.00818	0.00778	53	nan
Paenibacillus sp. PK1-4R	3049075	S	62268	72822	135090	0.00921	0.00497	0.00457	0.00437	47	nan
Paenibacillus sp. S25	2823905	S	4800	16501	21301	0.00145	0.00113	0.00000	0.00099	47	5.0
Paenibacillus sp. S02	2823904	S	1537	3440	4977	0.00034	0.00023	0.00000	0.00021	47	5.0
Paenibacillus sp. D2_2	3073092	S	1126	1137	2263	0.00015	0.00008	0.00000	0.00007	46	4.0
Paenibacillus sp. CAA11	1532905	S	1105	1116	2221	0.00015	0.00008	0.00000	0.00007	50	4.0
Paenibacillus sp. JNUCC-31	2777983	S	936	965	1901	0.00013	0.00007	0.00006	0.00006	47	nan
Paenibacillus sp. YPG26	2878915	S	882	892	1774	0.00012	0.00006	0.00000	0.00005	51	4.0
Paenibacillus sp. 32O-W	1695218	S	788	791	1579	0.00011	0.00005	0.00000	0.00005	57	5.0
Paenibacillus sp. FSL H7-0357	1536774	S	738	746	1484	0.00010	0.00005	0.00000	0.00004	50	4.0
Paenibacillus sp. JZ16	1906272	S	724	740	1464	0.00010	0.00005	0.00000	0.00004	51	5.0
Paenibacillus sp. E222	2748863	S	720	770	1490	0.00010	0.00005	0.00000	0.00005	48	5.0
Paenibacillus sp. PK3_47	2072642	S	693	699	1392	0.00009	0.00005	0.00000	0.00004	52	4.0
Paenibacillus sp. FSL R7-0273	1536772	S	656	666	1322	0.00009	0.00005	0.00000	0.00004	53	5.0
Paenibacillus sp. PSB04	2866810	S	649	712	1361	0.00009	0.00005	0.00000	0.00004	56	5.0
Paenibacillus sp. RUD330	2023772	S	616	619	1235	0.00008	0.00004	0.00000	0.00004	62	5.0
Paenibacillus sp. MMS20-IR301	2895946	S	602	607	1209	0.00008	0.00004	0.00000	0.00004	54	5.0
Paenibacillus sp. R14(2021)	2859228	S	546	551	1097	0.00007	0.00004	0.00000	0.00003	55	5.0
Paenibacillus sp. B01	2660554	S	546	568	1114	0.00008	0.00004	0.00000	0.00004	65	4.0
Paenibacillus sp. URB8-2	2741301	S	499	506	1005	0.00007	0.00003	0.00000	0.00003	54	5.0
Paenibacillus sp. FSL R7-0331	1536773	S	494	502	996	0.00007	0.00003	0.00000	0.00003	53	4.0
Paenibacillus sp. 19GGS1-52	2758563	S	489	492	981	0.00007	0.00003	0.00000	0.00003	48	4.0
Paenibacillus sp. JDR-2	324057	S	466	468	934	0.00006	0.00003	0.00000	0.00003	52	4.0
Paenibacillus sp. H1-7	2282849	S	444	446	890	0.00006	0.00003	0.00000	0.00003	52	4.0
Paenibacillus sp. DR312	2871175	S	408	3143	3551	0.00024	0.00021	0.00000	0.00019	47	5.0
Paenibacillus sp. BIHB 4019	1870819	S	389	390	779	0.00005	0.00003	0.00000	0.00002	50	4.0
Paenibacillus sp. sptzw28	715179	S	386	387	773	0.00005	0.00003	0.00000	0.00002	51	4.0
Paenibacillus sp. Cedars	1980674	S	386	725	1111	0.00008	0.00005	0.00005	0.00004	49	nan
Paenibacillus sp. BIC5C1	3078263	S	376	400	776	0.00005	0.00003	0.00000	0.00002	48	5.0
Paenibacillus sp. DCT19	2211212	S	349	353	702	0.00005	0.00002	0.00000	0.00002	46	4.0
Paenibacillus sp. SYP-B4298	2996034	S	349	350	699	0.00005	0.00002	0.00000	0.00002	56	5.0
Paenibacillus sp. 37	2607911	S	332	1549	1881	0.00013	0.00011	0.00000	0.00009	46	5.0
Paenibacillus sp. YPD9-1	2908839	S	320	321	641	0.00004	0.00002	0.00000	0.00002	49	4.0
Paenibacillus sp. IHB B 3084	867076	S	317	350	667	0.00005	0.00002	0.00000	0.00002	49	5.0
Paenibacillus sp. N3/727	2925845	S	271	304	575	0.00004	0.00002	0.00000	0.00002	46	4.0
Paenibacillus sp. FSL P4-0081	1536769	S	260	281	541	0.00004	0.00002	0.00000	0.00002	52	5.0
Paenibacillus sp. FSL R5-0912	1536771	S	223	239	462	0.00003	0.00002	0.00000	0.00001	53	5.0
Paenibacillus sp. C31	3050112	S	217	218	435	0.00003	0.00001	0.00000	0.00001	43	4.0
Paenibacillus sp. RC67	3039392	S	198	199	397	0.00003	0.00001	0.00000	0.00001	46	4.0
Paenibacillus sp. HWE-109	1306526	S	192	193	385	0.00003	0.00001	0.00000	0.00001	47	4.0
Paenibacillus sp. FSL R5-0345	1536770	S	190	199	389	0.00003	0.00001	0.00000	0.00001	44	4.0
Paenibacillus sp. IHBB 10380	1566358	S	147	148	295	0.00002	0.00001	0.00000	0.00001	42	4.0
Paenibacillus sp. G2S3	3047872	S	132	142	274	0.00002	0.00001	0.00000	0.00001	45	4.0
Paenibacillus sp. 481	2835869	S	131	131	262	0.00002	0.00001	0.00000	0.00001	46	4.0
Paenibacillus sp. MBLB1832	2918901	S	128	128	256	0.00002	0.00001	0.00000	0.00001	47	4.0
Paenibacillus sp. Y412MC10	481743	S	123	179	302	0.00002	0.00001	0.00000	0.00001	51	5.0
Paenibacillus sp. CC-CFT742	2926710	S	122	159	281	0.00002	0.00001	0.00000	0.00001	48	5.0
Paenibacillus sp. PAMC21692	2762320	S	119	128	247	0.00002	0.00001	0.00000	0.00001	54	4.0
Paenibacillus macerans	44252	S	25260	25355	50615	0.00345	0.00173	0.00165	0.00155	55	nan
Paenibacillus polymyxa	1406	S	13765	19317	33082	0.00226	0.00132	0.00000	0.00117	47	5.0
Paenibacillus amylolyticus	1451	S	7026	7929	14955	0.00102	0.00054	0.00049	0.00048	47	nan
Paenibacillus xylanexedens	528191	S	3682	4612	8294	0.00057	0.00031	0.00000	0.00028	47	5.0
Paenibacillus woosongensis	307580	S	2653	2684	5337	0.00036	0.00018	0.00000	0.00016	52	4.0
Paenibacillus yonginensis	1462996	S	1877	1960	3837	0.00026	0.00013	0.00013	0.00012	52	nan
Paenibacillus physcomitrellae	1619311	S	1833	1894	3727	0.00025	0.00013	0.00000	0.00011	52	5.0
Paenibacillus peoriae	59893	S	1647	3144	4791	0.00033	0.00021	0.00000	0.00019	47	5.0
Paenibacillus lentus	1338368	S	1471	1481	2952	0.00020	0.00010	0.00000	0.00009	47	4.0
Paenibacillus lutimineralis	2707005	S	1308	1321	2629	0.00018	0.00009	0.00000	0.00008	49	4.0
Paenibacillus ihbetae	1870820	S	1304	1316	2620	0.00018	0.00009	0.00000	0.00008	54	4.0
Paenibacillus urinalis	521520	S	1302	1338	2640	0.00018	0.00009	0.00000	0.00008	47	4.0
Paenibacillus stellifer	169760	S	1299	1316	2615	0.00018	0.00009	0.00000	0.00008	56	5.0
Paenibacillus azoreducens	116718	S	1105	1112	2217	0.00015	0.00008	0.00000	0.00007	50	4.0
Paenibacillus sophorae	1333845	S	1068	1095	2163	0.00015	0.00007	0.00000	0.00007	53	5.0
Paenibacillus dendritiformis	130049	S	1014	1053	2067	0.00014	0.00007	0.00000	0.00006	57	5.0
Paenibacillus mucilaginosus	61624	S	961	966	1927	0.00013	0.00007	0.00000	0.00006	61	5.0
Paenibacillus konkukensis	2020716	S	863	869	1732	0.00012	0.00006	0.00000	0.00005	54	4.0
Paenibacillus lycopersici	2704462	S	843	848	1691	0.00012	0.00006	0.00000	0.00005	60	4.0
Paenibacillus elgii	189691	S	752	756	1508	0.00010	0.00005	0.00000	0.00005	57	5.0
Paenibacillus sonchi	373687	S	298	418	716	0.00005	0.00003	0.00000	0.00003	52	5.0
Paenibacillus riograndensis	483937	S	254	350	604	0.00004	0.00002	0.00000	0.00002	53	5.0
Paenibacillus naphthalenovorans	162209	S	721	727	1448	0.00010	0.00005	0.00000	0.00004	52	5.0
Paenibacillus sabinae	365617	S	712	724	1436	0.00010	0.00005	0.00000	0.00004	54	5.0
Paenibacillus montanisoli	2081970	S	685	689	1374	0.00009	0.00005	0.00000	0.00004	56	5.0
Paenibacillus algicola	2565926	S	685	689	1374	0.00009	0.00005	0.00000	0.00004	53	5.0
Paenibacillus tianjinensis	2810347	S	607	659	1266	0.00009	0.00004	0.00000	0.00004	52	5.0
Paenibacillus cellulositrophicus	562959	S	588	642	1230	0.00008	0.00004	0.00000	0.00004	54	5.0
Paenibacillus terrae	159743	S	586	625	1211	0.00008	0.00004	0.00000	0.00004	48	5.0
Paenibacillus durus	44251	S	574	582	1156	0.00008	0.00004	0.00000	0.00004	53	5.0
Paenibacillus protaetiae	2509456	S	561	564	1125	0.00008	0.00004	0.00000	0.00003	52	4.0
Paenibacillus tritici	1873425	S	559	565	1124	0.00008	0.00004	0.00000	0.00003	54	5.0
Paenibacillus donghaensis	414771	S	522	525	1047	0.00007	0.00004	0.00000	0.00003	53	4.0
Paenibacillus rhizovicinus	2704463	S	511	514	1025	0.00007	0.00004	0.00000	0.00003	57	5.0
Paenibacillus kribbensis	172713	S	506	519	1025	0.00007	0.00004	0.00000	0.00003	48	5.0
Paenibacillus beijingensis	1126833	S	495	497	992	0.00007	0.00003	0.00000	0.00003	54	4.0
Paenibacillus albicereus	2726185	S	477	488	965	0.00007	0.00003	0.00000	0.00003	66	4.0
Paenibacillus thiaminolyticus	49283	S	460	475	935	0.00006	0.00003	0.00000	0.00003	57	5.0
Paenibacillus chitinolyticus	79263	S	434	436	870	0.00006	0.00003	0.00000	0.00003	54	5.0
Paenibacillus marchantiae	3026433	S	433	465	898	0.00006	0.00003	0.00000	0.00003	48	5.0
Paenibacillus guangzhouensis	1473112	S	428	430	858	0.00006	0.00003	0.00000	0.00003	48	4.0
Paenibacillus cellulosilyticus	375489	S	417	419	836	0.00006	0.00003	0.00000	0.00002	52	5.0
Paenibacillus aurantius	2918900	S	414	415	829	0.00006	0.00003	0.00000	0.00003	58	4.0
Paenibacillus brasilensis	128574	S	411	426	837	0.00006	0.00003	0.00000	0.00003	48	5.0
Paenibacillus barcinonensis	198119	S	396	400	796	0.00005	0.00003	0.00000	0.00002	48	4.0
Paenibacillus pabuli	1472	S	384	399	783	0.00005	0.00003	0.00000	0.00002	47	5.0
Paenibacillus bovis	1616788	S	359	362	721	0.00005	0.00002	0.00000	0.00002	50	4.0
Paenibacillus typhae	1174501	S	351	378	729	0.00005	0.00003	0.00003	0.00002	52	nan
Paenibacillus albus	2495582	S	300	302	602	0.00004	0.00002	0.00000	0.00002	51	4.0
Paenibacillus graminis	189425	S	300	312	612	0.00004	0.00002	0.00000	0.00002	52	5.0
Paenibacillus spongiae	2909671	S	295	296	591	0.00004	0.00002	0.00000	0.00002	53	4.0
Paenibacillus jilunlii	682956	S	285	301	586	0.00004	0.00002	0.00000	0.00002	52	5.0
Paenibacillus alvei	44250	S	282	283	565	0.00004	0.00002	0.00000	0.00002	49	4.0
Paenibacillus andongensis	2975482	S	272	273	545	0.00004	0.00002	0.00000	0.00002	45	4.0
Paenibacillus borealis	160799	S	266	273	539	0.00004	0.00002	0.00000	0.00002	52	5.0
Paenibacillus odorifer	189426	S	262	266	528	0.00004	0.00002	0.00000	0.00002	45	4.0
Paenibacillus swuensis	1178515	S	227	228	455	0.00003	0.00002	0.00000	0.00001	50	4.0
Paenibacillus lautus	1401	S	227	274	501	0.00003	0.00002	0.00002	0.00002	52	nan
Paenibacillus uliginis	683737	S	211	235	446	0.00003	0.00002	0.00000	0.00001	47	4.0
Paenibacillus antarcticus	253703	S	176	177	353	0.00002	0.00001	0.00000	0.00001	41	4.0
Paenibacillus larvae	1464	S	168	170	338	0.00002	0.00001	0.00000	0.00001	46	4.0
Paenibacillus crassostreae	1763538	S	160	161	321	0.00002	0.00001	0.00000	0.00001	39	4.0
Paenibacillus baekrokdamisoli	1712516	S	111	111	222	0.00002	0.00001	0.00000	0.00001	46	4.0
Brevibacillus sp. JNUCC-41	2778370	S	1279	1771	3050	0.00021	0.00012	0.00000	0.00011	41	5.0
Brevibacillus brevis	1393	S	339	686	1025	0.00007	0.00005	0.00000	0.00004	49	4.0
Brevibacillus composti	2796470	S	250	365	615	0.00004	0.00002	0.00000	0.00002	55	4.0
Brevibacillus choshinensis	54911	S	115	137	252	0.00002	0.00001	0.00000	0.00001	52	4.0
Brevibacillus borstelensis	45462	S	104	156	260	0.00002	0.00001	0.00000	0.00001	52	4.0
Cohnella candidum	2674991	S	609	617	1226	0.00008	0.00004	0.00000	0.00004	58	5.0
Cohnella sp. LGH	1619153	S	385	399	784	0.00005	0.00003	0.00000	0.00002	55	5.0
Cohnella cholangitidis	2598458	S	324	339	663	0.00005	0.00002	0.00000	0.00002	53	4.0
Cohnella herbarum	2728023	S	233	240	473	0.00003	0.00002	0.00000	0.00001	53	4.0
Cohnella abietis	2507935	S	112	114	226	0.00002	0.00001	0.00000	0.00001	46	4.0
Saccharibacillus brassicae	2583377	S	666	668	1334	0.00009	0.00005	0.00000	0.00004	61	5.0
Thermobacillus composti	377615	S	514	516	1030	0.00007	0.00004	0.00000	0.00003	62	4.0
Nosocomiicoccus massiliensis	1232430	S	190139	192945	383084	0.02613	0.01316	0.01437	0.01312	35	nan
Nosocomiicoccus ampullae	489910	S	4171	4210	8381	0.00057	0.00029	0.00034	0.00030	34	nan
Staphylococcus aureus	1280	S	100	722	822	0.00006	0.00005	0.00000	0.00005	33	4.0
Jeotgalicoccus sp. WY2	2708346	S	279	296	575	0.00004	0.00002	0.00000	0.00002	41	4.0
Planococcus maritimus	192421	S	115	243	358	0.00002	0.00002	0.00000	0.00001	49	4.0
Sporosarcina ureae	1571	S	185	221	406	0.00003	0.00002	0.00000	0.00001	41	4.0
Sporosarcina ureilytica	298596	S	109	142	251	0.00002	0.00001	0.00000	0.00001	38	4.0
Sporosarcina thermotolerans	633404	S	102	113	215	0.00001	0.00001	0.00000	0.00001	42	5.0
Jeotgalibacillus malaysiensis	1508404	S	185	192	377	0.00003	0.00001	0.00000	0.00001	42	5.0
Paenisporosarcina antarctica	417367	S	101	118	219	0.00001	0.00001	0.00000	0.00001	37	3.0
Viridibacillus sp. JNUCC-6	2779527	S	107	131	238	0.00002	0.00001	0.00000	0.00001	36	4.0
Listeria monocytogenes	1639	S	104	214	318	0.00002	0.00001	0.00000	0.00001	38	4.0
Tumebacillus avium	1903704	S	110	112	222	0.00002	0.00001	0.00000	0.00001	59	4.0
Latilactobacillus fuchuensis	164393	S	154994	155285	310279	0.02116	0.01059	0.01019	0.00962	44	nan
Latilactobacillus curvatus	28038	S	755	801	1556	0.00011	0.00005	0.00000	0.00005	43	4.0
Latilactobacillus sakei	1599	S	569	630	1199	0.00008	0.00004	0.00004	0.00004	42	nan
Latilactobacillus graminis	60519	S	103	105	208	0.00001	0.00001	0.00000	0.00001	41	4.0
Lactobacillus sp. IBH004	2879107	S	124183	126880	251063	0.01712	0.00865	0.00920	0.00856	37	nan
Lactobacillus sp. wkB8	1545702	S	1078	1446	2524	0.00017	0.00010	0.00000	0.00010	36	4.0
Lactobacillus sp. ESL0680	2983210	S	103	104	207	0.00001	0.00001	0.00000	0.00001	41	3.0
Lactobacillus helsingborgensis	1218494	S	3881	4518	8399	0.00057	0.00031	0.00000	0.00031	37	5.0
Lactobacillus kullabergensis	1218493	S	3451	3532	6983	0.00048	0.00024	0.00000	0.00024	37	5.0
Lactobacillus melliventris	1218507	S	1386	6053	7439	0.00051	0.00041	0.00000	0.00045	30	5.0
Lactobacillus panisapium	2012495	S	290	291	581	0.00004	0.00002	0.00000	0.00002	38	4.0
Lactobacillus apis	303541	S	130	130	260	0.00002	0.00001	0.00000	0.00001	37	4.0
Ligilactobacillus murinus	1622	S	96608	98216	194824	0.01329	0.00670	0.00660	0.00622	41	nan
Lactiplantibacillus plantarum	1590	S	503	730	1233	0.00008	0.00005	0.00000	0.00004	45	3.0
Loigolactobacillus coryniformis	1610	S	172	177	349	0.00002	0.00001	0.00000	0.00001	43	3.0
Streptococcus anginosus	1328	S	165449	197454	362903	0.02475	0.01347	0.01356	0.01276	40	nan
Streptococcus intermedius	1338	S	145	161	306	0.00002	0.00001	0.00000	0.00001	38	5.0
Streptococcus agalactiae	1311	S	127	336	463	0.00003	0.00002	0.00000	0.00002	38	5.0
Globicatella sanguinis	13076	S	203	204	407	0.00003	0.00001	0.00000	0.00001	36	3.0
Mogibacterium pumilum	86332	S	469223	472777	942000	0.06425	0.03225	0.03104	0.02971	43	nan
Qiania dongpingensis	2763669	S	46885	47739	94624	0.00645	0.00326	0.00301	0.00284	52	nan
[Clostridium] scindens	29347	S	512	524	1036	0.00007	0.00004	0.00000	0.00003	49	4.0
Clostridioides difficile	1496	S	935	950	1885	0.00013	0.00006	0.00004	0.00008	29	nan
Caproicibacterium lactatifermentans	2666138	S	119	149	268	0.00002	0.00001	0.00000	0.00001	52	4.0
Moorella thermoacetica	1525	S	228652	229022	457674	0.03122	0.01562	0.01478	0.01411	59	nan
Anaerococcus mediterraneensis	1870984	S	373	418	791	0.00005	0.00003	0.00000	0.00003	36	4.0
Streptomyces griseofuscus	146922	S	316809	378701	695510	0.04744	0.02583	0.03525	0.03647	72	nan
Streptomyces phaeolivaceus	2653200	S	158941	164183	323124	0.02204	0.01120	0.01544	0.01514	72	nan
Streptomyces sp. HL-66	2964669	S	34755	35432	70187	0.00479	0.00242	0.00438	0.00407	74	nan
Streptomyces sp. MOE7	1961713	S	11912	14827	26739	0.00182	0.00101	0.00154	0.00146	72	nan
Streptomyces sp. ADI95-16	1522758	S	3708	4232	7940	0.00054	0.00029	0.00043	0.00042	73	nan
Streptomyces sp. NA13	2996051	S	2729	6426	9155	0.00062	0.00044	0.00074	0.00065	73	nan
Streptomyces sp. Mg1	465541	S	1320	3297	4617	0.00031	0.00022	0.00034	0.00032	72	nan
Streptomyces sp. GBA 94-10 4N24	1218177	S	1090	5868	6958	0.00047	0.00040	0.00070	0.00061	73	nan
Streptomyces sp. NBU3104	2911367	S	836	2392	3228	0.00022	0.00016	0.00027	0.00024	73	nan
Streptomyces sp. GF20	2692235	S	724	2002	2726	0.00019	0.00014	0.00022	0.00020	73	nan
Streptomyces sp. A10(2020)	2782013	S	718	3182	3900	0.00027	0.00022	0.00035	0.00031	73	nan
Streptomyces sp. PLM4	2929798	S	705	2402	3107	0.00021	0.00016	0.00027	0.00024	73	nan
Streptomyces sp. FR-008	206662	S	625	2173	2798	0.00019	0.00015	0.00024	0.00022	73	nan
Streptomyces sp. SM17	565560	S	370	1885	2255	0.00015	0.00013	0.00020	0.00018	72	nan
Streptomyces sp. A2-16	2781734	S	344	356	700	0.00005	0.00002	0.00003	0.00003	71	nan
Streptomyces sp. WA1-19	2884220	S	330	1040	1370	0.00009	0.00007	0.00012	0.00010	73	nan
Streptomyces sp. 604F	1476754	S	329	1587	1916	0.00013	0.00011	0.00019	0.00017	73	nan
Streptomyces sp. G11C(2021)	2841662	S	282	1334	1616	0.00011	0.00009	0.00016	0.00014	73	nan
Streptomyces sp. HK1	405041	S	267	583	850	0.00006	0.00004	0.00005	0.00006	71	nan
Streptomyces sp. NEAU-sy36	2751189	S	218	225	443	0.00003	0.00002	0.00003	0.00002	73	nan
Streptomyces sp. OUCMDZ-3434	1535304	S	215	1202	1417	0.00010	0.00008	0.00014	0.00013	74	nan
Streptomyces sp. KCTC 0041BP	201500	S	196	292	488	0.00003	0.00002	0.00003	0.00003	72	nan
Streptomyces sp. PVA_94-07	1225337	S	170	1052	1222	0.00008	0.00007	0.00012	0.00011	73	nan
Streptomyces sp. BI87	2987521	S	151	812	963	0.00007	0.00006	0.00009	0.00008	73	nan
Streptomyces sp. SUK 48	2582831	S	130	142	272	0.00002	0.00001	0.00002	0.00001	73	nan
Streptomyces sp. KMM 9044	2744474	S	122	124	246	0.00002	0.00001	0.00001	0.00001	72	nan
Streptomyces sp. N50	3081765	S	118	119	237	0.00002	0.00001	0.00000	0.00001	71	4.0
Streptomyces sp. 135	2838850	S	111	115	226	0.00002	0.00001	0.00001	0.00001	72	nan
Streptomyces sp. VNUA24	3031131	S	109	120	229	0.00002	0.00001	0.00001	0.00001	72	nan
Streptomyces sp. T12	477697	S	104	107	211	0.00001	0.00001	0.00000	0.00001	71	5.0
Streptomyces koyangensis	188770	S	4677	5404	10081	0.00069	0.00037	0.00069	0.00057	74	nan
Streptomyces aurantiacus	47760	S	129	131	260	0.00002	0.00001	0.00000	0.00001	71	5.0
Streptomyces sviceus	285530	S	4377	155518	159895	0.01091	0.01061	0.01511	0.01452	71	nan
Streptomyces albidoflavus	1886	S	2750	9435	12185	0.00083	0.00064	0.00102	0.00092	73	nan
Streptomyces sampsonii	42239	S	716	2336	3052	0.00021	0.00016	0.00026	0.00023	73	nan
Streptomyces rutgersensis	53451	S	1982	2062	4044	0.00028	0.00014	0.00026	0.00022	73	nan
Streptomyces goshikiensis	1942	S	1005	2811	3816	0.00026	0.00019	0.00029	0.00027	72	nan
Streptomyces griseus	1911	S	550	590	1140	0.00008	0.00004	0.00006	0.00006	72	nan
Streptomyces venezuelae	54571	S	467	484	951	0.00006	0.00003	0.00005	0.00005	72	nan
Streptomyces griseorubiginosus	67304	S	320	329	649	0.00004	0.00002	0.00003	0.00003	72	nan
Streptomyces murinus	33900	S	178	266	444	0.00003	0.00002	0.00003	0.00003	72	nan
Streptomyces finlayi	67296	S	160	162	322	0.00002	0.00001	0.00000	0.00001	70	5.0
Streptomyces tsukubensis	83656	S	150	151	301	0.00002	0.00001	0.00001	0.00001	72	nan
Streptomyces collinus	42684	S	142	149	291	0.00002	0.00001	0.00002	0.00002	73	nan
Streptomyces seoulensis	73044	S	139	142	281	0.00002	0.00001	0.00001	0.00001	73	nan
Streptomyces spongiicola	1690221	S	134	136	270	0.00002	0.00001	0.00002	0.00001	73	nan
Streptomyces niveus	193462	S	127	129	256	0.00002	0.00001	0.00001	0.00001	71	nan
Streptomyces noursei	1971	S	126	139	265	0.00002	0.00001	0.00001	0.00001	73	nan
Streptomyces aquilus	2548456	S	117	120	237	0.00002	0.00001	0.00001	0.00001	71	nan
Streptomyces coeruleorubidus	116188	S	112	119	231	0.00002	0.00001	0.00001	0.00001	72	nan
Streptomyces genisteinicus	2768068	S	112	113	225	0.00002	0.00001	0.00000	0.00001	74	5.0
Streptomyces asoensis	249586	S	112	114	226	0.00002	0.00001	0.00001	0.00001	72	nan
Streptomyces xanthophaeus	67385	S	109	114	223	0.00002	0.00001	0.00001	0.00001	72	nan
Streptomyces liliifuscus	2797636	S	107	109	216	0.00001	0.00001	0.00000	0.00001	70	5.0
Streptomyces alfalfae	1642299	S	100	102	202	0.00001	0.00001	0.00001	0.00001	73	nan
Corynebacterium guangdongense	1783348	S	154585	154797	309382	0.02110	0.01056	0.01279	0.01232	70	nan
Corynebacterium ulcerans	65058	S	144716	150931	295647	0.02016	0.01029	0.00939	0.00889	54	nan
Corynebacterium comes	2675218	S	15208	15257	30465	0.00208	0.00104	0.00116	0.00112	67	nan
Corynebacterium ramonii	3026968	S	180	235	415	0.00003	0.00002	0.00001	0.00001	54	nan
Mycobacterium colombiense	339268	S	121807	122490	244297	0.01666	0.00835	0.01010	0.00974	68	nan
Mycobacterium sp. SMC-2	2857058	S	98659	99098	197757	0.01349	0.00676	0.00797	0.00769	68	nan
Leucobacter coleopterorum	2714933	S	40039	40901	80940	0.00552	0.00279	0.00271	0.00257	61	nan
Leucobacter aridicollis	283878	S	28508	30176	58684	0.00400	0.00206	0.00000	0.00210	64	4.0
Leucobacter allii	2932247	S	674	709	1383	0.00009	0.00005	0.00000	0.00007	72	5.0
Leucobacter sp. Psy1	2875729	S	321	328	649	0.00004	0.00002	0.00000	0.00003	68	5.0
Leucobacter sp. CX169	2813744	S	294	312	606	0.00004	0.00002	0.00000	0.00002	68	4.0
Leucobacter rhizosphaerae	2932245	S	588	616	1204	0.00008	0.00004	0.00000	0.00005	70	5.0
Leucobacter muris	1935379	S	582	682	1264	0.00009	0.00005	0.00000	0.00006	71	5.0
Leucobacter triazinivorans	1784719	S	514	559	1073	0.00007	0.00004	0.00000	0.00005	70	5.0
Leucobacter tenebrionis	2873270	S	499	522	1021	0.00007	0.00004	0.00000	0.00004	70	5.0
Leucobacter denitrificans	683042	S	363	375	738	0.00005	0.00003	0.00000	0.00002	60	3.0
Leucobacter luti	340320	S	361	367	728	0.00005	0.00003	0.00000	0.00003	65	4.0
Leucobacter viscericola	2714935	S	247	252	499	0.00003	0.00002	0.00000	0.00002	62	4.0
Leucobacter insecticola	2714934	S	210	213	423	0.00003	0.00001	0.00000	0.00001	63	3.0
Curtobacterium sp. DN_7.5	3049047	S	14092	14811	28903	0.00197	0.00101	0.00140	0.00142	72	nan
Microbacterium hominis	162426	S	188	808	996	0.00007	0.00006	0.00000	0.00007	71	5.0
Microbacterium endophyticum	1526412	S	106	107	213	0.00001	0.00001	0.00000	0.00001	62	4.0
Microbacterium esteraromaticum	57043	S	102	107	209	0.00001	0.00001	0.00000	0.00001	69	4.0
Agromyces soli	659012	S	108	155	263	0.00002	0.00001	0.00000	0.00002	73	4.0
Agrococcus sp. REN33	3068634	S	149	183	332	0.00002	0.00001	0.00000	0.00002	73	4.0
Microterricola viridarii	412690	S	116	119	235	0.00002	0.00001	0.00000	0.00001	69	4.0
Brevibacterium aurantiacum	273384	S	200	272	472	0.00003	0.00002	0.00000	0.00002	64	3.0
Mumia sp. ZJ1417	2708082	S	46901	46988	93889	0.00640	0.00320	0.00428	0.00414	71	nan
Prochlorococcus marinus	1219	S	538705	539210	1077915	0.07352	0.03678	0.03404	0.03213	54	nan
Cylindrospermopsis curvispora	747548	S	224598	258664	483262	0.03296	0.01764	0.01735	0.01632	40	nan
Cylindrospermopsis raciborskii	77022	S	144	192	336	0.00002	0.00001	0.00001	0.00001	40	nan
Dolichospermum flos-aquae	1166	S	38093	53399	91492	0.00624	0.00364	0.00367	0.00349	39	nan
Mesomycoplasma flocculare	2128	S	37864	38865	76729	0.00523	0.00265	0.00325	0.00326	29	nan
Mesomycoplasma bovoculi	45362	S	26602	26632	53234	0.00363	0.00182	0.00226	0.00230	28	nan
Olleya sp. Bg11-27	2058135	S	330246	352644	682890	0.04658	0.02405	0.02754	0.02563	33	nan
Flaviramulus sp. BrNp1-15	2916754	S	171030	171254	342284	0.02335	0.01168	0.01371	0.01295	31	nan
Urechidicola croceus	1850246	S	131249	131890	263139	0.01795	0.00900	0.01076	0.01032	30	nan
Mesoflavibacter sp. SCSIO 43206	2779362	S	124076	124974	249050	0.01699	0.00852	0.01002	0.00942	31	nan
Flavobacterium sp. TR2	2977321	S	31891	60678	92569	0.00631	0.00414	0.00437	0.00420	35	nan
Flavobacterium sp. YJ01	3031997	S	550	2338	2888	0.00020	0.00016	0.00017	0.00016	35	nan
Flavobacterium sp. M31R6	2739062	S	518	660	1178	0.00008	0.00005	0.00005	0.00005	36	nan
Flavobacterium sp. KACC 22763	3025668	S	220	1078	1298	0.00009	0.00007	0.00008	0.00008	35	nan
Flavobacterium sp. IMCC34518	3003623	S	105	2309	2414	0.00016	0.00016	0.00016	0.00016	35	nan
Flavobacterium anhuiense	459526	S	781	1642	2423	0.00017	0.00011	0.00012	0.00011	35	nan
Flavobacterium johnsoniae	986	S	556	3647	4203	0.00029	0.00025	0.00026	0.00025	35	nan
Flavobacterium crocinum	2183896	S	191	431	622	0.00004	0.00003	0.00003	0.00003	35	nan
Flavobacterium nitrogenifigens	1617283	S	133	668	801	0.00005	0.00005	0.00005	0.00005	35	nan
Flavobacterium endoglycinae	2816357	S	124	180	304	0.00002	0.00001	0.00001	0.00001	35	nan
Flavobacterium luteolum	3003259	S	121	513	634	0.00004	0.00004	0.00004	0.00004	35	nan
Polaribacter batillariae	2808900	S	67761	67856	135617	0.00925	0.00463	0.00542	0.00519	30	nan
Lutibacter sp. A80	2918453	S	18139	18333	36472	0.00249	0.00125	0.00153	0.00148	29	nan
Flammeovirga kamogawensis	373891	S	424225	424603	848828	0.05790	0.02896	0.03333	0.03154	32	nan
Hymenobacter cellulosilyticus	2932248	S	172860	172980	345840	0.02359	0.01180	0.01148	0.01092	61	nan
Flavihumibacter rivuli	2838156	S	504079	504106	1008185	0.06876	0.03438	0.03147	0.02985	49	nan
Desulfomarina profundi	2772557	S	711316	711405	1422721	0.09704	0.04852	0.04487	0.04259	46	nan
Desulfovibrio sp. G11	631220	S	118238	118478	236716	0.01615	0.00808	0.00000	0.00730	59	5.0
Desulfovibrio desulfuricans	876	S	147	147	294	0.00002	0.00001	0.00000	0.00001	59	4.0
Leptotrichia sp. oral taxon 218	712361	S	277766	289353	567119	0.03868	0.01974	0.02372	0.02472	30	nan
Roseimicrobium sp. ORNL1	2711231	S	168782	168782	337564	0.02302	0.01151	0.01107	0.01049	60	nan
Methylacidiphilum kamchatkense	431057	S	35140	35172	70312	0.00480	0.00240	0.00233	0.00222	41	nan
Borrelia coriaceae	144	S	74632	74719	149351	0.01019	0.00510	0.00646	0.00615	27	nan
Borrelia turcica	229155	S	34119	34167	68286	0.00466	0.00233	0.00277	0.00272	30	nan
Malaciobacter molluscorum	1032072	S	44938	44997	89935	0.00613	0.00307	0.00000	0.00425	25	5.0
Fervidobacterium islandicum	2423	S	17939	37320	55259	0.00377	0.00255	0.00243	0.00232	40	nan
Cloacibacillus porcorum	1197717	S	30394	30404	60798	0.00415	0.00207	0.00000	0.00188	59	5.0
Anaeromyxobacter sp. K	447217	S	19071	20728	39799	0.00271	0.00141	0.00233	0.00259	75	nan
Homo sapiens	9606	S	492	493	985	0.00007	0.00003	0.00000	0.00003	38	4.0
