name	taxonomy_id	taxonomy_lvl	kraken_assigned_reads	added_reads	new_est_reads	fraction_total_reads	Bracken_estimate	GuaCAMOLE_estimate	GuaCAMOLE_est_eff	GC content	Taxon Removal Cycle
Enterobacter sp. C2	2870346	S	648840	656649	1305489	0.07467	0.03756	0.03815	0.03738	59	nan
Enterobacter cloacae complex sp. ECL68	2850494	S	1219	57197	58416	0.00334	0.00327	0.00326	0.00321	58	nan
Enterobacter hormaechei	158836	S	1527	10580	12107	0.00069	0.00061	0.00060	0.00059	57	nan
Enterobacter cloacae	550	S	305	945	1250	0.00007	0.00005	0.00005	0.00005	57	nan
Enterobacter asburiae	61645	S	188	347	535	0.00003	0.00002	0.00002	0.00002	58	nan
Enterobacter roggenkampii	1812935	S	178	272	450	0.00003	0.00002	0.00002	0.00002	58	nan
Enterobacter kobei	208224	S	118	305	423	0.00002	0.00002	0.00002	0.00002	57	nan
Enterobacter cancerogenus	69218	S	104	107	211	0.00001	0.00001	0.00000	0.00001	58	5.0
Enterobacter mori	539813	S	123	131	254	0.00001	0.00001	0.00001	0.00001	57	nan
Salmonella enterica	28901	S	22646	386623	409269	0.02341	0.02211	0.02205	0.02146	54	nan
Salmonella sp. 3C	2979871	S	3880	177784	181664	0.01039	0.01017	0.01013	0.00987	54	nan
Salmonella bongori	54736	S	977	1084	2061	0.00012	0.00006	0.00000	0.00006	53	5.0
Citrobacter sp. S171	2971264	S	107240	111065	218305	0.01249	0.00635	0.00630	0.00613	55	nan
Citrobacter sp. RHBSTW-01013	2742677	S	8238	48060	56298	0.00322	0.00275	0.00269	0.00266	55	nan
Citrobacter sp. Y3	2716879	S	7456	132108	139564	0.00798	0.00756	0.00740	0.00731	55	nan
Citrobacter sp. RHB25-C09	2742624	S	147	149	296	0.00002	0.00001	0.00001	0.00001	55	nan
Citrobacter freundii	546	S	577	1783	2360	0.00013	0.00010	0.00000	0.00010	54	5.0
Citrobacter braakii	57706	S	233	1554	1787	0.00010	0.00009	0.00009	0.00009	55	nan
Citrobacter portucalensis	1639133	S	200	366	566	0.00003	0.00002	0.00000	0.00002	54	5.0
Citrobacter freundii complex sp. CFNIH2	2066049	S	107	177	284	0.00002	0.00001	0.00001	0.00001	55	nan
Citrobacter amalonaticus	35703	S	594	1821	2415	0.00014	0.00010	0.00010	0.00010	55	nan
Citrobacter farmeri	67824	S	448	480	928	0.00005	0.00003	0.00003	0.00003	55	nan
Citrobacter rodentium	67825	S	102	19	121	0.00001	0.00000	0.00000	0.00000	55	4.0
Leclercia adecarboxylata	83655	S	71822	75024	146846	0.00840	0.00429	0.00430	0.00424	58	nan
Leclercia sp. 29361	2714951	S	678	719	1397	0.00008	0.00004	0.00000	0.00004	58	5.0
Leclercia sp. G3L	2898725	S	173	291	464	0.00003	0.00002	0.00000	0.00002	58	4.0
Leclercia sp. 119287	2681308	S	128	209	337	0.00002	0.00001	0.00000	0.00001	58	4.0
Atlantibacter hermannii	565	S	44585	44934	89519	0.00512	0.00257	0.00257	0.00250	56	nan
Klebsiella huaxiensis	2153354	S	34447	35440	69887	0.00400	0.00203	0.00201	0.00197	55	nan
Klebsiella pneumoniae	573	S	804	3126	3930	0.00022	0.00018	0.00000	0.00018	58	5.0
Klebsiella sp. RHBSTW-00465	2742650	S	411	968	1379	0.00008	0.00006	0.00000	0.00005	55	5.0
Klebsiella michiganensis	1134687	S	413	505	918	0.00005	0.00003	0.00000	0.00003	58	5.0
Klebsiella oxytoca	571	S	406	435	841	0.00005	0.00002	0.00000	0.00002	57	5.0
Klebsiella grimontii	2058152	S	168	274	442	0.00003	0.00002	0.00000	0.00002	58	4.0
Klebsiella quasipneumoniae	1463165	S	158	199	357	0.00002	0.00001	0.00000	0.00001	59	4.0
Klebsiella variicola	244366	S	120	184	304	0.00002	0.00001	0.00000	0.00001	59	4.0
Candidatus Doolittlea endobia	1778262	S	32821	32841	65662	0.00376	0.00188	0.00191	0.00186	47	nan
Escherichia coli	562	S	1243	6476	7719	0.00044	0.00037	0.00000	0.00036	54	5.0
Kluyvera intermedia	61648	S	196	214	410	0.00002	0.00001	0.00000	0.00001	55	4.0
Yersinia sp. KBS0713	1179669	S	219872	429909	649781	0.03717	0.02459	0.02447	0.02376	51	nan
Yersinia aleksiciae	263819	S	622	636	1258	0.00007	0.00004	0.00004	0.00004	51	nan
Yersinia mollaretii	33060	S	559	570	1129	0.00006	0.00003	0.00003	0.00003	51	nan
Yersinia enterocolitica	630	S	379	413	792	0.00005	0.00002	0.00000	0.00002	49	5.0
Yersinia rohdei	29485	S	198	201	399	0.00002	0.00001	0.00000	0.00001	49	5.0
Yersinia aldovae	29483	S	195	199	394	0.00002	0.00001	0.00000	0.00001	49	5.0
Yersinia hibernica	2339259	S	192	196	388	0.00002	0.00001	0.00001	0.00001	50	nan
Yersinia frederiksenii	29484	S	191	249	440	0.00003	0.00001	0.00000	0.00001	50	5.0
Yersinia alsatica	2890317	S	137	140	277	0.00002	0.00001	0.00000	0.00001	49	5.0
Yersinia canariae	2607663	S	134	137	271	0.00002	0.00001	0.00000	0.00001	49	5.0
Yersinia bercovieri	634	S	132	264	396	0.00002	0.00002	0.00002	0.00001	51	nan
Yersinia ruckeri	29486	S	127	128	255	0.00001	0.00001	0.00000	0.00001	50	5.0
Yersinia kristensenii	28152	S	117	122	239	0.00001	0.00001	0.00000	0.00001	49	5.0
Yersinia entomophaga	935293	S	100	101	201	0.00001	0.00001	0.00001	0.00001	50	nan
Chania multitudinisentens	1639108	S	139089	139466	278555	0.01593	0.00798	0.00795	0.00770	53	nan
Serratia proteamaculans	28151	S	4719	5113	9832	0.00056	0.00029	0.00000	0.00029	57	5.0
Serratia quinivorans	137545	S	2954	3120	6074	0.00035	0.00018	0.00018	0.00017	57	nan
Serratia grimesii	82995	S	370	379	749	0.00004	0.00002	0.00000	0.00002	54	4.0
Serratia liquefaciens	614	S	207	282	489	0.00003	0.00002	0.00000	0.00002	58	4.0
Serratia marcescens	615	S	153	281	434	0.00002	0.00002	0.00000	0.00002	60	5.0
Serratia plymuthica	82996	S	129	143	272	0.00002	0.00001	0.00000	0.00001	59	4.0
Pantoea deleyi	470932	S	10047	10299	20346	0.00116	0.00059	0.00061	0.00059	60	nan
Proteus mirabilis	584	S	124	245	369	0.00002	0.00001	0.00000	0.00001	40	4.0
Halomonas sp. GT	1971364	S	691294	730226	1421520	0.08131	0.04177	0.04115	0.03982	53	nan
Halomonas sp. YLGW01	2773308	S	155336	156038	311374	0.01781	0.00892	0.01053	0.01017	66	nan
Halomonas sp. TD01	999141	S	117	120	237	0.00001	0.00001	0.00001	0.00001	54	nan
Halomonas socia	1081866	S	82693	83041	165734	0.00948	0.00475	0.00548	0.00532	66	nan
Bacterioplanes sanyensis	1249553	S	15368	15790	31158	0.00178	0.00090	0.00093	0.00086	54	nan
Amphritea atlantica	355243	S	7618	8034	15652	0.00090	0.00046	0.00000	0.00044	53	5.0
Amphritea japonica	452627	S	3061	3330	6391	0.00037	0.00019	0.00019	0.00018	49	nan
Thalassolituus hydrocarboniclasticus	2742796	S	381	542	923	0.00005	0.00003	0.00003	0.00003	55	nan
Thalassolituus oleivorans	187493	S	379	397	776	0.00004	0.00002	0.00000	0.00002	47	4.0
Thalassolituus sp. C2-1	2597518	S	355	494	849	0.00005	0.00003	0.00000	0.00003	54	5.0
Aliamphritea ceti	1524258	S	448	490	938	0.00005	0.00003	0.00003	0.00003	48	nan
Aliamphritea spongicola	707589	S	411	491	902	0.00005	0.00003	0.00000	0.00003	53	5.0
Aliamphritea hakodatensis	2895352	S	329	396	725	0.00004	0.00002	0.00000	0.00002	54	4.0
Marinomonas algicola	2773454	S	122	141	263	0.00002	0.00001	0.00000	0.00001	42	4.0
Marinomonas primoryensis	178399	S	120	173	293	0.00002	0.00001	0.00000	0.00001	44	4.0
Marinobacterium iners	48076	S	217	225	442	0.00003	0.00001	0.00000	0.00001	56	4.0
Marinobacterium sediminicola	518898	S	156	162	318	0.00002	0.00001	0.00000	0.00001	58	4.0
Marinobacterium rhizophilum	420402	S	140	149	289	0.00002	0.00001	0.00000	0.00001	62	4.0
Marinobacterium aestuarii	1821621	S	140	148	288	0.00002	0.00001	0.00000	0.00001	61	4.0
Neptunomonas japonica	417574	S	292	297	589	0.00003	0.00002	0.00000	0.00002	45	4.0
Neptunomonas concharum	1031538	S	213	218	431	0.00002	0.00001	0.00000	0.00001	47	4.0
Neptunomonas phycophila	1572645	S	180	184	364	0.00002	0.00001	0.00000	0.00001	46	4.0
Venatoribacter cucullus	2661630	S	592	611	1203	0.00007	0.00003	0.00000	0.00003	56	5.0
Bacterioplanoides sp. SCSIO 12839	2829569	S	568	583	1151	0.00007	0.00003	0.00000	0.00003	49	4.0
Neptuniibacter halophilus	651666	S	425	430	855	0.00005	0.00002	0.00000	0.00002	55	4.0
Nitrincola iocasae	2614693	S	108	109	217	0.00001	0.00001	0.00000	0.00001	51	5.0
Alcanivorax sp.	1872427	S	103	130	233	0.00001	0.00001	0.00000	0.00001	60	4.0
Marinobacter sp. es.042	1761794	S	400980	413776	814756	0.04660	0.02367	0.02405	0.02324	59	nan
Pseudomonas sp. Seg1	2678259	S	104504	112548	217052	0.01241	0.00644	0.00661	0.00649	61	nan
Pseudomonas sp. FP818	2954099	S	7117	29891	37008	0.00212	0.00171	0.00189	0.00176	62	nan
Pseudomonas sp. So3.2b	2864101	S	6279	27658	33937	0.00194	0.00158	0.00174	0.00163	62	nan
Pseudomonas sp. FP2294	2954089	S	5418	25995	31413	0.00180	0.00149	0.00164	0.00153	62	nan
Pseudomonas sp. BF61	2741068	S	702	706	1408	0.00008	0.00004	0.00000	0.00004	58	4.0
Pseudomonas sp. MPC6	2498848	S	396	418	814	0.00005	0.00002	0.00000	0.00002	62	5.0
Pseudomonas sp. ADAK18	2730848	S	148	152	300	0.00002	0.00001	0.00000	0.00001	60	4.0
Pseudomonas sp. OE 28.3	2745519	S	129	145	274	0.00002	0.00001	0.00000	0.00001	61	5.0
Pseudomonas sp. C27(2019)	2604941	S	107	107	214	0.00001	0.00001	0.00000	0.00001	50	4.0
Pseudomonas sp. ADAK13	2730847	S	106	114	220	0.00001	0.00001	0.00001	0.00001	63	nan
Pseudomonas silesiensis	1853130	S	64006	67213	131219	0.00751	0.00384	0.00402	0.00391	61	nan
Pseudomonas shahriarae	2745512	S	5724	23170	28894	0.00165	0.00133	0.00150	0.00137	62	nan
Pseudomonas fluorescens	294	S	999	1256	2255	0.00013	0.00007	0.00008	0.00007	62	nan
Pseudomonas brenneri	129817	S	569	636	1205	0.00007	0.00004	0.00004	0.00004	62	nan
Pseudomonas synxantha	47883	S	550	998	1548	0.00009	0.00006	0.00006	0.00006	61	nan
Pseudomonas proteolytica	219574	S	199	270	469	0.00003	0.00002	0.00002	0.00002	62	nan
Pseudomonas orientalis	76758	S	178	198	376	0.00002	0.00001	0.00001	0.00001	62	nan
Pseudomonas poae	200451	S	174	212	386	0.00002	0.00001	0.00001	0.00001	62	nan
Pseudomonas mucidolens	46679	S	149	155	304	0.00002	0.00001	0.00000	0.00001	60	4.0
Pseudomonas rhodesiae	76760	S	104	114	218	0.00001	0.00001	0.00001	0.00001	62	nan
Pseudomonas chlororaphis	587753	S	239	1213	1452	0.00008	0.00007	0.00008	0.00007	63	nan
Pseudomonas fragi	296	S	125	143	268	0.00002	0.00001	0.00000	0.00001	60	4.0
Pseudomonas protegens	380021	S	125	182	307	0.00002	0.00001	0.00000	0.00001	64	5.0
Pseudomonas syringae	317	S	148	293	441	0.00003	0.00002	0.00000	0.00002	60	4.0
Pseudomonas putida	303	S	296	585	881	0.00005	0.00003	0.00004	0.00003	63	nan
Pseudomonas aeruginosa	287	S	142	577	719	0.00004	0.00003	0.00000	0.00004	64	5.0
Pseudomonas hygromyciniae	2812000	S	274	324	598	0.00003	0.00002	0.00002	0.00002	62	nan
Pseudomonas simiae	321846	S	168	180	348	0.00002	0.00001	0.00001	0.00001	62	nan
Pseudomonas umsongensis	198618	S	112	117	229	0.00001	0.00001	0.00000	0.00001	61	5.0
Pseudomonas lurida	244566	S	102	109	211	0.00001	0.00001	0.00001	0.00001	62	nan
Azotobacter vinelandii	354	S	76599	77128	153727	0.00879	0.00441	0.00517	0.00514	68	nan
Azotobacter chroococcum	353	S	133	133	266	0.00002	0.00001	0.00000	0.00001	69	4.0
Stutzerimonas stutzeri	316	S	621	722	1343	0.00008	0.00004	0.00000	0.00004	65	5.0
Vibrio japonicus	1824638	S	283282	287125	570407	0.03263	0.01642	0.01650	0.01593	46	nan
Vibrio nigripulchritudo	28173	S	60611	65662	126273	0.00722	0.00376	0.00374	0.00363	47	nan
Vibrio sp. qd031	1603038	S	6012	6012	12024	0.00069	0.00034	0.00035	0.00033	46	nan
Vibrio sp. YMD68	3042300	S	285	341	626	0.00004	0.00002	0.00000	0.00002	44	5.0
Vibrio sp. SCSIO 43136	2819101	S	267	274	541	0.00003	0.00002	0.00000	0.00002	46	5.0
Vibrio sp. SCSIO 43135	2819096	S	253	269	522	0.00003	0.00002	0.00000	0.00001	46	5.0
Vibrio sp. JC009	2912314	S	216	224	440	0.00003	0.00001	0.00000	0.00001	48	5.0
Vibrio sp. B1FLJ16	2751178	S	171	181	352	0.00002	0.00001	0.00000	0.00001	46	4.0
Vibrio sp. SCSIO 43137	3021011	S	161	167	328	0.00002	0.00001	0.00000	0.00001	47	5.0
Vibrio sp. DW001	2912315	S	101	296	397	0.00002	0.00002	0.00000	0.00002	43	4.0
Vibrio sp. SCSIO 43140	2819100	S	100	109	209	0.00001	0.00001	0.00000	0.00001	47	5.0
Vibrio parahaemolyticus	670	S	665	932	1597	0.00009	0.00005	0.00000	0.00005	46	5.0
Vibrio alginolyticus	663	S	319	671	990	0.00006	0.00004	0.00000	0.00004	46	5.0
Vibrio harveyi	669	S	235	360	595	0.00003	0.00002	0.00000	0.00002	46	5.0
Vibrio campbellii	680	S	219	286	505	0.00003	0.00002	0.00000	0.00002	47	5.0
Vibrio azureus	512649	S	160	161	321	0.00002	0.00001	0.00000	0.00001	44	4.0
Vibrio sinaloensis	379097	S	215	218	433	0.00002	0.00001	0.00000	0.00001	49	5.0
Vibrio tubiashii	29498	S	167	256	423	0.00002	0.00001	0.00000	0.00001	46	5.0
Vibrio vulnificus	672	S	488	501	989	0.00006	0.00003	0.00000	0.00003	48	5.0
Vibrio breoganii	553239	S	415	418	833	0.00005	0.00002	0.00000	0.00002	46	5.0
Vibrio cholerae	666	S	356	458	814	0.00005	0.00003	0.00003	0.00003	48	nan
Vibrio anguillarum	55601	S	311	444	755	0.00004	0.00003	0.00000	0.00002	46	5.0
Vibrio astriarenae	1481923	S	307	309	616	0.00004	0.00002	0.00002	0.00002	47	nan
Vibrio rarus	413403	S	276	278	554	0.00003	0.00002	0.00000	0.00002	44	4.0
Vibrio ishigakensis	1481914	S	271	272	543	0.00003	0.00002	0.00000	0.00001	47	4.0
Vibrio furnissii	29494	S	262	276	538	0.00003	0.00002	0.00000	0.00002	52	4.0
Vibrio scophthalmi	45658	S	255	262	517	0.00003	0.00002	0.00000	0.00001	45	5.0
Vibrio aestuarianus	28171	S	248	253	501	0.00003	0.00001	0.00000	0.00001	43	4.0
Vibrio gallicus	190897	S	245	247	492	0.00003	0.00001	0.00000	0.00001	44	5.0
Vibrio neonatus	278860	S	237	238	475	0.00003	0.00001	0.00000	0.00001	45	4.0
Vibrio tapetis	52443	S	222	223	445	0.00003	0.00001	0.00000	0.00001	45	5.0
Vibrio chagasii	170679	S	217	224	441	0.00003	0.00001	0.00000	0.00001	45	4.0
Vibrio mimicus	674	S	217	229	446	0.00003	0.00001	0.00001	0.00001	47	nan
Vibrio penaeicida	104609	S	196	201	397	0.00002	0.00001	0.00000	0.00001	45	5.0
Vibrio cortegadensis	1328770	S	181	182	363	0.00002	0.00001	0.00000	0.00001	43	4.0
Vibrio coralliilyticus	190893	S	177	217	394	0.00002	0.00001	0.00000	0.00001	47	5.0
Vibrio rumoiensis	76258	S	168	175	343	0.00002	0.00001	0.00000	0.00001	43	4.0
Vibrio gangliei	2077090	S	167	170	337	0.00002	0.00001	0.00000	0.00001	44	4.0
Vibrio crassostreae	246167	S	164	189	353	0.00002	0.00001	0.00000	0.00001	46	5.0
Vibrio navarrensis	29495	S	159	169	328	0.00002	0.00001	0.00000	0.00001	49	5.0
Vibrio panuliri	1381081	S	158	159	317	0.00002	0.00001	0.00000	0.00001	46	5.0
Vibrio gallaecicus	552386	S	155	158	313	0.00002	0.00001	0.00000	0.00001	42	4.0
Vibrio fluvialis	676	S	154	196	350	0.00002	0.00001	0.00000	0.00001	50	5.0
Vibrio plantisponsor	664643	S	153	155	308	0.00002	0.00001	0.00000	0.00001	45	4.0
uncultured Vibrio sp.	114054	S	152	178	330	0.00002	0.00001	0.00000	0.00001	46	5.0
Vibrio metschnikovii	28172	S	144	145	289	0.00002	0.00001	0.00000	0.00001	45	4.0
Vibrio taketomensis	2572923	S	144	145	289	0.00002	0.00001	0.00000	0.00001	45	4.0
Vibrio metoecus	1481663	S	143	159	302	0.00002	0.00001	0.00001	0.00001	48	nan
Vibrio zhugei	2479546	S	143	145	288	0.00002	0.00001	0.00000	0.00001	46	5.0
Vibrio algicola	2662262	S	139	139	278	0.00002	0.00001	0.00000	0.00001	44	4.0
Vibrio aquimaris	2587862	S	138	138	276	0.00002	0.00001	0.00000	0.00001	43	4.0
Vibrio alfacsensis	1074311	S	136	156	292	0.00002	0.00001	0.00000	0.00001	45	4.0
Vibrio artabrorum	446374	S	131	135	266	0.00002	0.00001	0.00000	0.00001	45	4.0
Vibrio gigantis	296199	S	131	141	272	0.00002	0.00001	0.00000	0.00001	46	4.0
Vibrio aphrogenes	1891186	S	126	126	252	0.00001	0.00001	0.00000	0.00001	43	4.0
Vibrio ziniensis	2711221	S	125	126	251	0.00001	0.00001	0.00000	0.00001	44	4.0
Vibrio ponticus	265668	S	120	121	241	0.00001	0.00001	0.00000	0.00001	46	4.0
Vibrio cyclitrophicus	47951	S	117	140	257	0.00001	0.00001	0.00000	0.00001	46	4.0
Vibrio palustris	1918946	S	117	118	235	0.00001	0.00001	0.00000	0.00001	43	4.0
Vibrio pelagius	28169	S	115	118	233	0.00001	0.00001	0.00000	0.00001	45	4.0
Vibrio cincinnatiensis	675	S	106	107	213	0.00001	0.00001	0.00000	0.00001	44	4.0
Vibrio casei	673372	S	103	106	209	0.00001	0.00001	0.00000	0.00001	42	4.0
Vibrio maritimus	990268	S	103	109	212	0.00001	0.00001	0.00000	0.00001	47	5.0
Vibrio tritonius	1435069	S	102	102	204	0.00001	0.00001	0.00000	0.00001	45	4.0
Vibrio kanaloae	170673	S	102	113	215	0.00001	0.00001	0.00000	0.00001	45	4.0
Vibrio fortis	212667	S	100	185	285	0.00002	0.00001	0.00000	0.00001	46	5.0
Vibrio neptunius	170651	S	100	102	202	0.00001	0.00001	0.00000	0.00001	46	5.0
Photobacterium leiognathi	553611	S	164	215	379	0.00002	0.00001	0.00000	0.00001	43	4.0
Photobacterium damselae	38293	S	151	194	345	0.00002	0.00001	0.00000	0.00001	42	4.0
Rheinheimera sp. D18	2545632	S	227979	230759	458738	0.02624	0.01320	0.01339	0.01287	45	nan
Paraglaciecola sp. T6c	3042615	S	103391	103836	207227	0.01185	0.00594	0.00594	0.00577	45	nan
Shewanella xiamenensis	332186	S	23657	36436	60093	0.00344	0.00208	0.00210	0.00202	48	nan
Shewanella sp. LZH-2	2806008	S	2557	5860	8417	0.00048	0.00034	0.00034	0.00032	48	nan
Shewanella sp. LC6	2589790	S	955	2923	3878	0.00022	0.00017	0.00017	0.00016	48	nan
Shewanella sp. FDAARGOS_354	1930557	S	922	4011	4933	0.00028	0.00023	0.00023	0.00022	48	nan
Shewanella sp. MR-4	60480	S	411	471	882	0.00005	0.00003	0.00000	0.00003	49	5.0
Shewanella sp. ANA-3	94122	S	266	366	632	0.00004	0.00002	0.00000	0.00002	49	5.0
Shewanella sp. FJAT-51649	2864210	S	227	281	508	0.00003	0.00002	0.00000	0.00002	49	5.0
Shewanella decolorationis	256839	S	2514	2856	5370	0.00031	0.00016	0.00016	0.00016	48	nan
Shewanella oneidensis	70863	S	1449	1501	2950	0.00017	0.00009	0.00009	0.00008	47	nan
Shewanella putrefaciens	24	S	605	1035	1640	0.00009	0.00006	0.00006	0.00006	46	nan
Shewanella bicestrii	2018305	S	440	576	1016	0.00006	0.00003	0.00000	0.00003	49	5.0
Shewanella seohaensis	755175	S	429	498	927	0.00005	0.00003	0.00000	0.00003	49	5.0
Shewanella baltica	62322	S	281	347	628	0.00004	0.00002	0.00002	0.00002	48	nan
Shewanella mangrovisoli	2864211	S	248	296	544	0.00003	0.00002	0.00000	0.00002	49	5.0
Shewanella algae	38313	S	143	154	297	0.00002	0.00001	0.00000	0.00001	55	4.0
Thiothrix lacustris	525917	S	68129	71779	139908	0.00800	0.00411	0.00407	0.00393	53	nan
Thiomicrorhabdus sediminis	2580412	S	25395	25438	50833	0.00291	0.00146	0.00146	0.00141	45	nan
Suttonella sp. R2A3	2908648	S	50745	50774	101519	0.00581	0.00290	0.00285	0.00277	49	nan
Psychrobacter arenosus	256326	S	42608	42728	85336	0.00488	0.00244	0.00246	0.00240	47	nan
Cellvibrio sp. KY-GH-1	2303332	S	27864	28539	56403	0.00323	0.00163	0.00161	0.00157	48	nan
Haemophilus parainfluenzae	729	S	262	300	562	0.00003	0.00002	0.00000	0.00002	40	4.0
Haemophilus influenzae	727	S	150	240	390	0.00002	0.00001	0.00000	0.00001	39	3.0
Stenotrophomonas sp. BIO128-Bstrain	3027225	S	142	253	395	0.00002	0.00001	0.00000	0.00002	68	4.0
Stenotrophomonas sp. LM091	1904944	S	131	225	356	0.00002	0.00001	0.00000	0.00002	68	4.0
Labrenzia sp. PHM005	2590016	S	195373	224914	420287	0.02404	0.01286	0.00000	0.01244	57	5.0
Labrenzia sp. THAF35	2587854	S	603	359667	360270	0.02061	0.02057	0.02022	0.02055	60	nan
Labrenzia sp. CP4	1674922	S	580	378564	379144	0.02169	0.02165	0.02129	0.02163	60	nan
Labrenzia sp. VG12	2021862	S	397	583	980	0.00006	0.00003	0.00004	0.00003	61	nan
Roseibium aggregatum	187304	S	1462	42707	44169	0.00253	0.00244	0.00255	0.00244	60	nan
Roseibium sp. Sym1	3016006	S	179	957	1136	0.00006	0.00005	0.00006	0.00006	60	nan
Bradyrhizobium icense	1274631	S	99002	100066	199068	0.01139	0.00572	0.00627	0.00602	62	nan
Sinorhizobium sojae	716925	S	24047	26173	50220	0.00287	0.00150	0.00154	0.00157	63	nan
Agrobacterium tumefaciens	358	S	113	345	458	0.00003	0.00002	0.00000	0.00002	60	5.0
uncultured Cohaesibacter sp.	1002546	S	158	181	339	0.00002	0.00001	0.00000	0.00001	58	4.0
Asaia bogorensis	91915	S	461699	464760	926459	0.05299	0.02658	0.02771	0.02691	60	nan
Gluconobacter oxydans	442	S	288	318	606	0.00003	0.00002	0.00000	0.00002	62	4.0
Neokomagataea tanensis	661191	S	241	243	484	0.00003	0.00001	0.00000	0.00001	53	4.0
Roseobacter litoralis	42443	S	65395	69011	134406	0.00769	0.00395	0.00403	0.00388	58	nan
Roseobacter ponti	1891787	S	400	403	803	0.00005	0.00002	0.00000	0.00002	61	4.0
Roseobacter denitrificans	2434	S	397	400	797	0.00005	0.00002	0.00000	0.00002	59	5.0
Sulfitobacter sp. S223	2867023	S	5287	5358	10645	0.00061	0.00031	0.00034	0.00030	56	nan
Sulfitobacter sp. SK012	1389005	S	1487	1506	2993	0.00017	0.00009	0.00000	0.00008	55	5.0
Sulfitobacter sp. S190	2867022	S	1402	1468	2870	0.00016	0.00008	0.00000	0.00009	62	5.0
Sulfitobacter sp. SK011	1389004	S	1000	1018	2018	0.00012	0.00006	0.00000	0.00006	57	5.0
Sulfitobacter sp. BSw21498	664426	S	897	1131	2028	0.00012	0.00006	0.00000	0.00006	59	5.0
Sulfitobacter sp. JL08	2070369	S	775	786	1561	0.00009	0.00004	0.00000	0.00004	57	5.0
Sulfitobacter sp. THAF37	2587855	S	563	971	1534	0.00009	0.00006	0.00000	0.00006	62	5.0
Sulfitobacter sp. DSM 110093	2883127	S	494	694	1188	0.00007	0.00004	0.00000	0.00004	59	5.0
Sulfitobacter sp. W027	2867025	S	448	620	1068	0.00006	0.00004	0.00000	0.00004	60	5.0
Sulfitobacter sp. W002	2867024	S	228	716	944	0.00005	0.00004	0.00000	0.00004	61	5.0
Sulfitobacter sp. M368	2867021	S	202	538	740	0.00004	0.00003	0.00000	0.00003	59	5.0
Sulfitobacter sp. CB2047	1525218	S	136	714	850	0.00005	0.00004	0.00000	0.00004	61	5.0
Sulfitobacter sp. SK025	1389011	S	133	509	642	0.00004	0.00003	0.00000	0.00003	61	5.0
Sulfitobacter sp. B30-2	2785912	S	103	433	536	0.00003	0.00002	0.00000	0.00003	61	5.0
Sulfitobacter guttiformis	74349	S	7000	7000	14000	0.00080	0.00040	0.00041	0.00039	56	nan
Sulfitobacter albidus	2829501	S	1796	1825	3621	0.00021	0.00010	0.00000	0.00011	64	4.0
Sulfitobacter mediterraneus	83219	S	1557	2343	3900	0.00022	0.00013	0.00000	0.00013	59	5.0
Sulfitobacter faviae	1775881	S	719	1235	1954	0.00011	0.00007	0.00000	0.00007	62	5.0
Sulfitobacter indolifex	225422	S	587	796	1383	0.00008	0.00005	0.00000	0.00005	59	5.0
Sulfitobacter alexandrii	1917485	S	408	833	1241	0.00007	0.00005	0.00000	0.00005	63	5.0
Sulfitobacter pontiacus	60137	S	365	1090	1455	0.00008	0.00006	0.00000	0.00006	61	5.0
Sulfitobacter dubius	218673	S	284	492	776	0.00004	0.00003	0.00000	0.00003	60	5.0
Octadecabacter temperatus	1458307	S	968	979	1947	0.00011	0.00006	0.00000	0.00005	55	5.0
Octadecabacter arcticus	53946	S	841	938	1779	0.00010	0.00005	0.00000	0.00005	56	5.0
Octadecabacter sp. SW4	2602067	S	727	906	1633	0.00009	0.00005	0.00000	0.00005	60	4.0
Octadecabacter antarcticus	1217908	S	625	686	1311	0.00007	0.00004	0.00000	0.00004	55	5.0
Phaeobacter inhibens	221822	S	1118	1487	2605	0.00015	0.00009	0.00000	0.00009	60	5.0
Phaeobacter gallaeciensis	60890	S	533	825	1358	0.00008	0.00005	0.00000	0.00005	60	5.0
Phaeobacter porticola	1844006	S	245	325	570	0.00003	0.00002	0.00000	0.00002	59	5.0
Phaeobacter piscinae	1580596	S	220	377	597	0.00003	0.00002	0.00000	0.00002	61	5.0
Pseudosulfitobacter pseudonitzschiae	1402135	S	1580	2496	4076	0.00023	0.00014	0.00000	0.00015	62	5.0
Pseudosulfitobacter sp. DSM 107133	2883100	S	566	925	1491	0.00009	0.00005	0.00000	0.00005	60	5.0
Ruegeria sp. TM1040	292414	S	290	319	609	0.00003	0.00002	0.00000	0.00002	61	4.0
Ruegeria sp. SCSIO 43209	2793010	S	282	378	660	0.00004	0.00002	0.00000	0.00002	58	5.0
Ruegeria sp. B32	2867020	S	218	229	447	0.00003	0.00001	0.00000	0.00001	61	5.0
Ruegeria sp. THAF33	2587853	S	196	306	502	0.00003	0.00002	0.00000	0.00002	59	5.0
Ruegeria sp. YS9	2966453	S	193	251	444	0.00003	0.00001	0.00000	0.00001	59	5.0
Ruegeria sp. AD91A	2293862	S	140	153	293	0.00002	0.00001	0.00000	0.00001	58	5.0
Ruegeria conchae	981384	S	323	343	666	0.00004	0.00002	0.00000	0.00002	56	5.0
Ruegeria pomeroyi	89184	S	196	202	398	0.00002	0.00001	0.00000	0.00001	65	4.0
Leisingera sp. S132	2867016	S	191	544	735	0.00004	0.00003	0.00000	0.00003	64	5.0
Leisingera aquaemixtae	1396826	S	273	356	629	0.00004	0.00002	0.00000	0.00002	65	4.0
Leisingera caerulea	506591	S	227	281	508	0.00003	0.00002	0.00000	0.00002	65	4.0
Leisingera methylohalidivorans	133924	S	201	225	426	0.00002	0.00001	0.00000	0.00001	63	4.0
Leisingera thetidis	2930199	S	172	213	385	0.00002	0.00001	0.00000	0.00001	65	5.0
Roseovarius sp. THAF9	2587847	S	162	486	648	0.00004	0.00003	0.00000	0.00003	64	5.0
Roseovarius sp. SCSIO 43702	2823043	S	134	141	275	0.00002	0.00001	0.00000	0.00001	67	4.0
Roseovarius tolerans	74031	S	299	319	618	0.00004	0.00002	0.00000	0.00002	64	5.0
Roseovarius faecimaris	2494550	S	192	207	399	0.00002	0.00001	0.00000	0.00001	63	4.0
Roseovarius indicus	540747	S	150	304	454	0.00003	0.00002	0.00000	0.00002	64	5.0
Roseovarius pelagicus	2980108	S	102	579	681	0.00004	0.00003	0.00000	0.00003	61	5.0
Celeribacter marinus	1397108	S	503	512	1015	0.00006	0.00003	0.00000	0.00003	57	4.0
uncultured Celeribacter sp.	1303376	S	357	366	723	0.00004	0.00002	0.00000	0.00002	61	4.0
Celeribacter baekdonensis	875171	S	327	421	748	0.00004	0.00002	0.00000	0.00002	59	5.0
Celeribacter ethanolicus	1758178	S	183	273	456	0.00003	0.00002	0.00000	0.00002	62	4.0
Loktanella salsilacus	195913	S	1443	1483	2926	0.00017	0.00008	0.00000	0.00009	61	4.0
Thalassovita gelatinovora	53501	S	515	525	1040	0.00006	0.00003	0.00000	0.00003	59	5.0
Thalassovita sp.	1979401	S	230	232	462	0.00003	0.00001	0.00000	0.00001	62	4.0
Falsihalocynthiibacter arcticus	1579316	S	548	553	1101	0.00006	0.00003	0.00000	0.00003	54	5.0
Jannaschia sp. M317	2867011	S	181	186	367	0.00002	0.00001	0.00000	0.00001	65	4.0
Jannaschia sp. CCS1	290400	S	173	174	347	0.00002	0.00001	0.00000	0.00001	62	5.0
Thalassobacter stenotrophicus	266809	S	483	488	971	0.00006	0.00003	0.00000	0.00003	59	5.0
Lentibacter algarum	576131	S	425	433	858	0.00005	0.00002	0.00000	0.00002	57	4.0
Ketogulonicigenium vulgare	92945	S	238	250	488	0.00003	0.00001	0.00000	0.00001	62	4.0
Ketogulonicigenium robustum	92947	S	167	172	339	0.00002	0.00001	0.00000	0.00001	63	4.0
Roseivivax sp. THAF30	2587852	S	121	296	417	0.00002	0.00002	0.00000	0.00002	65	5.0
Antarctobacter heliothermus	74033	S	389	397	786	0.00004	0.00002	0.00000	0.00002	62	4.0
Tateyamaria omphalii	299262	S	378	385	763	0.00004	0.00002	0.00000	0.00002	63	5.0
Salipiger sp. CCB-MM3	1792508	S	180	187	367	0.00002	0.00001	0.00000	0.00001	65	5.0
Salipiger abyssi	1250539	S	113	155	268	0.00002	0.00001	0.00000	0.00001	65	4.0
Thalassococcus sp. S3	2017482	S	292	294	586	0.00003	0.00002	0.00000	0.00002	61	4.0
Tropicibacter oceani	3058420	S	285	292	577	0.00003	0.00002	0.00000	0.00002	64	4.0
Oceanicola sp. D3	2587163	S	197	199	396	0.00002	0.00001	0.00000	0.00001	64	4.0
Dinoroseobacter shibae	215813	S	191	312	503	0.00003	0.00002	0.00000	0.00002	65	5.0
Actibacterium sp. EMB200-NS6	1609966	S	191	339	530	0.00003	0.00002	0.00000	0.00002	62	5.0
Mameliella alba	561184	S	181	217	398	0.00002	0.00001	0.00000	0.00001	65	4.0
Maribius sp. THAF1	2587842	S	168	170	338	0.00002	0.00001	0.00000	0.00001	64	4.0
Ponticoccus alexandrii	1943633	S	151	161	312	0.00002	0.00001	0.00000	0.00001	66	4.0
Alloyangia pacifica	311180	S	142	149	291	0.00002	0.00001	0.00000	0.00001	68	4.0
Roseibacterium elongatum	159346	S	136	138	274	0.00002	0.00001	0.00000	0.00001	66	4.0
Palleronia sp. LCG004	3079304	S	101	101	202	0.00001	0.00001	0.00000	0.00001	66	4.0
Yoonia maritima	1435347	S	3570	3570	7140	0.00041	0.00020	0.00021	0.00019	55	nan
Yoonia vestfoldensis	245188	S	1119	1546	2665	0.00015	0.00009	0.00000	0.00009	61	4.0
Paracoccus tegillarcae	1529068	S	159	218	377	0.00002	0.00001	0.00000	0.00001	63	4.0
Paracoccus seriniphilus	184748	S	150	168	318	0.00002	0.00001	0.00000	0.00001	61	4.0
Paracoccus albus	3017784	S	113	233	346	0.00002	0.00001	0.00000	0.00001	61	4.0
Paracoccus kondratievae	135740	S	108	284	392	0.00002	0.00002	0.00000	0.00002	63	4.0
Cognatishimia activa	1715691	S	816	834	1650	0.00009	0.00005	0.00000	0.00005	56	5.0
Marivivens sp. JLT3646	1920883	S	534	793	1327	0.00008	0.00005	0.00000	0.00005	57	5.0
Marivivens sp. LCG002	3051171	S	268	292	560	0.00003	0.00002	0.00000	0.00002	59	5.0
Tritonibacter mobilis	379347	S	369	615	984	0.00006	0.00004	0.00000	0.00004	59	4.0
Tritonibacter scottomollicae	483013	S	217	248	465	0.00003	0.00001	0.00000	0.00001	62	5.0
Parasedimentitalea marina	2483033	S	377	395	772	0.00004	0.00002	0.00000	0.00002	57	5.0
Parasedimentitalea psychrophila	2997337	S	338	366	704	0.00004	0.00002	0.00000	0.00002	59	5.0
Aliiroseovarius crassostreae	154981	S	407	428	835	0.00005	0.00002	0.00000	0.00002	60	4.0
Aliiroseovarius sp. M344	2867010	S	257	333	590	0.00003	0.00002	0.00000	0.00002	58	5.0
Pseudooceanicola atlanticus	1461694	S	150	167	317	0.00002	0.00001	0.00000	0.00001	65	4.0
Pseudooceanicola algae	1537215	S	147	159	306	0.00002	0.00001	0.00000	0.00001	64	4.0
Pseudooceanicola nitratireducens	517719	S	112	122	234	0.00001	0.00001	0.00000	0.00001	65	4.0
Pseudorhodobacter turbinis	2500533	S	371	394	765	0.00004	0.00002	0.00000	0.00002	59	5.0
Rhodophyticola sp. CCM32	2916397	S	194	199	393	0.00002	0.00001	0.00000	0.00001	61	5.0
Rhodophyticola sp. CSW1921	2978973	S	173	177	350	0.00002	0.00001	0.00000	0.00001	60	4.0
Profundibacter amoris	2171755	S	322	329	651	0.00004	0.00002	0.00000	0.00002	59	5.0
Amylibacter sp. IMCC11727	3039851	S	311	316	627	0.00004	0.00002	0.00000	0.00002	55	5.0
Gemmobacter fulvus	2840474	S	167	272	439	0.00003	0.00002	0.00000	0.00002	64	4.0
Gemmobacter aquarius	2169400	S	100	129	229	0.00001	0.00001	0.00000	0.00001	64	4.0
Roseicitreum antarcticum	564137	S	244	253	497	0.00003	0.00001	0.00000	0.00002	63	4.0
Pseudopuniceibacterium antarcticum	2613965	S	235	250	485	0.00003	0.00001	0.00000	0.00002	63	4.0
Rhodobacter capsulatus	1061	S	104	133	237	0.00001	0.00001	0.00000	0.00001	66	4.0
Rhodobaca barguzinensis	441209	S	214	236	450	0.00003	0.00001	0.00000	0.00001	59	4.0
Pacificitalea manganoxidans	1411902	S	199	305	504	0.00003	0.00002	0.00000	0.00002	64	5.0
Thioclava nitratireducens	1915078	S	111	168	279	0.00002	0.00001	0.00000	0.00001	64	4.0
Fuscovulum sp. YMD61	3042299	S	124	149	273	0.00002	0.00001	0.00000	0.00001	63	4.0
Pelagovum pacificum	2588711	S	191	223	414	0.00002	0.00001	0.00000	0.00001	67	4.0
Tabrizicola piscis	2494374	S	160	201	361	0.00002	0.00001	0.00000	0.00001	64	4.0
Roseinatronobacter sp. S2	3035471	S	152	164	316	0.00002	0.00001	0.00000	0.00001	60	4.0
Qingshengfaniella alkalisoli	2599296	S	149	160	309	0.00002	0.00001	0.00000	0.00001	59	4.0
Algicella marina	2683284	S	147	151	298	0.00002	0.00001	0.00000	0.00001	61	4.0
Abyssibius alkaniclasticus	2881234	S	139	159	298	0.00002	0.00001	0.00000	0.00001	62	5.0
Pontibrevibacter nitratireducens	2758038	S	129	187	316	0.00002	0.00001	0.00000	0.00001	63	4.0
Gymnodinialimonas ceratoperidinii	2856823	S	122	127	249	0.00001	0.00001	0.00000	0.00001	65	4.0
Frigidibacter mobilis	1335048	S	115	159	274	0.00002	0.00001	0.00000	0.00001	66	4.0
Pukyongiella litopenaei	2605946	S	114	179	293	0.00002	0.00001	0.00000	0.00001	64	4.0
Brevirhabdus pacifica	1267768	S	110	215	325	0.00002	0.00001	0.00000	0.00001	65	4.0
Wolbachia endosymbiont (group A) of Philonthus cognatus	2954046	S	10473	43317	53790	0.00308	0.00248	0.00292	0.00277	36	nan
Rickettsia amblyommatis	33989	S	29038	32790	61828	0.00354	0.00188	0.00236	0.00227	31	nan
Erythrobacter sp. KY5	2011159	S	1059	1103	2162	0.00012	0.00006	0.00007	0.00006	61	nan
Erythrobacter sp. JK5	2829500	S	837	1341	2178	0.00012	0.00008	0.00000	0.00008	64	5.0
Erythrobacter sp. THAF29	2587851	S	684	1029	1713	0.00010	0.00006	0.00007	0.00006	62	nan
Erythrobacter sp. SCSIO 43205	2779361	S	592	872	1464	0.00008	0.00005	0.00000	0.00005	59	4.0
Erythrobacter sp.	1042	S	326	464	790	0.00005	0.00003	0.00000	0.00003	67	5.0
Erythrobacter sp. HL-111	1798193	S	268	301	569	0.00003	0.00002	0.00000	0.00002	67	4.0
Erythrobacter sp. BLCC-B19	3025315	S	231	311	542	0.00003	0.00002	0.00000	0.00002	67	5.0
Erythrobacter sp. HKB08	2502843	S	194	226	420	0.00002	0.00001	0.00000	0.00001	65	4.0
Erythrobacter sp. SDW2	2907154	S	144	170	314	0.00002	0.00001	0.00000	0.00001	64	5.0
Erythrobacter aurantius	2909249	S	1145	1212	2357	0.00013	0.00007	0.00009	0.00007	62	nan
Erythrobacter litoralis	39960	S	563	852	1415	0.00008	0.00005	0.00000	0.00005	64	5.0
uncultured Erythrobacter sp.	263913	S	277	320	597	0.00003	0.00002	0.00000	0.00002	66	5.0
Erythrobacter neustonensis	1112	S	265	316	581	0.00003	0.00002	0.00000	0.00002	66	5.0
Erythrobacter aureus	2182384	S	125	134	259	0.00001	0.00001	0.00000	0.00001	62	4.0
Erythrobacter mangrovi	2739433	S	123	206	329	0.00002	0.00001	0.00000	0.00001	63	5.0
Porphyrobacter sp. ULC335	2854260	S	307	363	670	0.00004	0.00002	0.00000	0.00002	65	5.0
Porphyrobacter sp. LM 6	1896196	S	252	341	593	0.00003	0.00002	0.00000	0.00002	66	5.0
Porphyrobacter sp. YT40	2547601	S	213	488	701	0.00004	0.00003	0.00000	0.00003	66	5.0
Porphyrobacter sp. HT-58-2	2023229	S	201	257	458	0.00003	0.00001	0.00000	0.00002	65	5.0
Porphyrobacter sp. CACIAM 03H1	2003315	S	168	218	386	0.00002	0.00001	0.00000	0.00001	68	4.0
Qipengyuania flava	192812	S	265	502	767	0.00004	0.00003	0.00000	0.00003	64	5.0
Qipengyuania aurantiaca	2867233	S	125	184	309	0.00002	0.00001	0.00000	0.00001	65	5.0
Qipengyuania sp. SS22	2979461	S	115	134	249	0.00001	0.00001	0.00000	0.00001	64	4.0
Qipengyuania psychrotolerans	2867238	S	115	126	241	0.00001	0.00001	0.00000	0.00001	61	5.0
Qipengyuania gelatinilytica	2867231	S	108	151	259	0.00001	0.00001	0.00000	0.00001	64	5.0
Altererythrobacter sp. BO-6	2604537	S	224	236	460	0.00003	0.00001	0.00000	0.00001	63	4.0
Altererythrobacter sp. CAU 1644	3032592	S	216	337	553	0.00003	0.00002	0.00000	0.00002	63	5.0
Altererythrobacter sp. ZODW24	2185142	S	119	120	239	0.00001	0.00001	0.00000	0.00001	58	3.0
Altererythrobacter rubellus	2173831	S	246	256	502	0.00003	0.00001	0.00000	0.00001	58	3.0
Altererythrobacter ishigakiensis	476157	S	138	146	284	0.00002	0.00001	0.00000	0.00001	57	3.0
Altererythrobacter epoxidivorans	361183	S	108	140	248	0.00001	0.00001	0.00001	0.00001	62	nan
Aurantiacibacter sp. MUD61	3009083	S	102	110	212	0.00001	0.00001	0.00000	0.00001	61	4.0
Aurantiacibacter atlanticus	1648404	S	113	229	342	0.00002	0.00001	0.00000	0.00001	61	4.0
Aurantiacibacter gangjinensis	502682	S	101	105	206	0.00001	0.00001	0.00000	0.00001	64	4.0
Paraurantiacibacter namhicola	645517	S	154	160	314	0.00002	0.00001	0.00000	0.00001	65	4.0
Kingella oralis	505	S	301364	302294	603658	0.03453	0.01729	0.01744	0.01694	56	nan
Kingella denitrificans	502	S	359	362	721	0.00004	0.00002	0.00000	0.00002	58	4.0
Neisseria sicca	490	S	114427	127116	241543	0.01382	0.00727	0.00749	0.00711	54	nan
Neisseria sp. Marseille-Q6792	2937985	S	25488	30055	55543	0.00318	0.00172	0.00171	0.00167	54	nan
Neisseria sp. oral taxon 014	641148	S	7529	7786	15315	0.00088	0.00045	0.00047	0.00044	58	nan
Neisseria sp. RH3002v2g	1871109	S	956	1245	2201	0.00013	0.00007	0.00000	0.00007	52	4.0
Neisseria sp. Marseille-Q5346	2972775	S	895	1073	1968	0.00011	0.00006	0.00000	0.00006	53	4.0
Neisseria sp. KEM232	655307	S	780	786	1566	0.00009	0.00004	0.00000	0.00005	60	4.0
Neisseria sp. DTU_2021_1001991_1_SI_NGA_ILE_055	3077590	S	529	672	1201	0.00007	0.00004	0.00000	0.00004	53	4.0
Neisseria sp. Dent CA1/247	2912675	S	181	193	374	0.00002	0.00001	0.00000	0.00001	55	5.0
Neisseria mucosa	488	S	27531	33393	60924	0.00348	0.00191	0.00191	0.00186	53	nan
Neisseria macacae	496	S	15944	18334	34278	0.00196	0.00105	0.00000	0.00103	55	5.0
Neisseria subflava	28449	S	9180	10594	19774	0.00113	0.00061	0.00000	0.00059	52	4.0
Neisseria elongata	495	S	7779	7962	15741	0.00090	0.00046	0.00050	0.00045	58	nan
Neisseria meningitidis	487	S	6856	9263	16119	0.00092	0.00053	0.00000	0.00052	54	5.0
Neisseria lactamica	486	S	2215	2556	4771	0.00027	0.00015	0.00015	0.00014	54	nan
Neisseria cinerea	483	S	1879	2022	3901	0.00022	0.00012	0.00000	0.00011	53	5.0
Neisseria flavescens	484	S	1734	1954	3688	0.00021	0.00011	0.00000	0.00011	52	4.0
Neisseria gonorrhoeae	485	S	1394	1549	2943	0.00017	0.00009	0.00009	0.00009	55	nan
Neisseria bacilliformis	267212	S	1312	1323	2635	0.00015	0.00008	0.00000	0.00008	60	4.0
Neisseria chenwenguii	1853278	S	632	634	1266	0.00007	0.00004	0.00000	0.00004	57	5.0
Neisseria perflava	33053	S	626	2078	2704	0.00015	0.00012	0.00000	0.00012	53	5.0
Neisseria yangbaofengii	2709396	S	382	383	765	0.00004	0.00002	0.00000	0.00002	52	4.0
Neisseria lisongii	2912188	S	349	350	699	0.00004	0.00002	0.00000	0.00002	55	5.0
Neisseria animalis	492	S	336	336	672	0.00004	0.00002	0.00000	0.00002	54	5.0
Neisseria animaloris	326522	S	287	293	580	0.00003	0.00002	0.00000	0.00002	53	5.0
Neisseria brasiliensis	2666100	S	287	292	579	0.00003	0.00002	0.00000	0.00002	52	4.0
Neisseria dentiae	194197	S	285	285	570	0.00003	0.00002	0.00000	0.00002	58	4.0
Neisseria arctica	1470200	S	230	230	460	0.00003	0.00001	0.00000	0.00001	48	4.0
Neisseria canis	493	S	228	233	461	0.00003	0.00001	0.00000	0.00001	53	5.0
Neisseria weixii	1853276	S	226	227	453	0.00003	0.00001	0.00000	0.00001	52	4.0
Neisseria musculi	1815583	S	204	204	408	0.00002	0.00001	0.00000	0.00001	55	4.0
Neisseria dumasiana	1931275	S	169	176	345	0.00002	0.00001	0.00000	0.00001	53	5.0
Neisseria zalophi	640030	S	148	148	296	0.00002	0.00001	0.00000	0.00001	47	4.0
Neisseria weaveri	28091	S	126	128	254	0.00001	0.00001	0.00000	0.00001	52	4.0
Neisseria shayeganii	607712	S	123	123	246	0.00001	0.00001	0.00000	0.00001	60	4.0
Neisseria wadsworthii	607711	S	100	101	201	0.00001	0.00001	0.00000	0.00001	50	4.0
Morococcus cerebrosus	1056807	S	11535	13336	24871	0.00142	0.00076	0.00000	0.00074	54	5.0
Eikenella corrodens	539	S	822	836	1658	0.00009	0.00005	0.00000	0.00005	58	5.0
Rugosibacter aromaticivorans	1565605	S	149979	150282	300261	0.01717	0.00860	0.00861	0.00835	57	nan
Burkholderia sp. JP2-270	2217913	S	44378	51087	95465	0.00546	0.00292	0.00341	0.00340	67	nan
Bifidobacterium sp. ESL0682	2983212	S	2719010	2723259	5442269	0.31128	0.15576	0.15830	0.15324	58	nan
Bifidobacterium catenulatum	1686	S	122	135	257	0.00001	0.00001	0.00000	0.00001	58	4.0
Bifidobacterium longum	216816	S	102	128	230	0.00001	0.00001	0.00000	0.00001	61	4.0
Gardnerella vaginalis	2702	S	21651	24211	45862	0.00262	0.00138	0.00000	0.00141	41	5.0
Gardnerella swidsinskii	2792979	S	16608	21448	38056	0.00218	0.00123	0.00000	0.00124	44	5.0
Gardnerella leopoldii	2792978	S	15304	19590	34894	0.00200	0.00112	0.00000	0.00113	44	5.0
Gardnerella piotii	2792977	S	3761	5057	8818	0.00050	0.00029	0.00000	0.00029	43	5.0
Corynebacterium hindlerae	699041	S	98589	98761	197350	0.01129	0.00565	0.00586	0.00567	60	nan
Corynebacterium kutscheri	35755	S	62730	62849	125579	0.00718	0.00359	0.00355	0.00345	46	nan
Corynebacterium gerontici	2079234	S	22827	22914	45741	0.00262	0.00131	0.00134	0.00130	59	nan
Candidatus Planktophila sulfonica	1884904	S	66069	66196	132265	0.00757	0.00379	0.00367	0.00357	49	nan
Streptomyces griseochromogenes	68214	S	6342	6538	12880	0.00074	0.00037	0.00048	0.00052	71	nan
Rothia aeria	172042	S	130	158	288	0.00002	0.00001	0.00000	0.00001	59	4.0
Paenibacillus sp. FSL R7-0273	1536772	S	496647	498585	995232	0.05692	0.02852	0.02859	0.02769	53	nan
Paenibacillus sp. sptzw28	715179	S	93427	93565	186992	0.01070	0.00535	0.00533	0.00517	51	nan
Paenibacillus sp. DCT19	2211212	S	299	300	599	0.00003	0.00002	0.00000	0.00002	46	4.0
Paenibacillus sp. E222	2748863	S	208	213	421	0.00002	0.00001	0.00000	0.00001	48	4.0
Paenibacillus sp. JNUCC-31	2777983	S	180	181	361	0.00002	0.00001	0.00000	0.00001	47	5.0
Paenibacillus sp. PK1-4R	3049075	S	141	150	291	0.00002	0.00001	0.00000	0.00001	47	4.0
Paenibacillus swuensis	1178515	S	250330	250741	501071	0.02866	0.01434	0.01424	0.01389	50	nan
Paenibacillus tianjinensis	2810347	S	103411	107529	210940	0.01207	0.00615	0.00616	0.00598	52	nan
Paenibacillus barcinonensis	198119	S	17851	17930	35781	0.00205	0.00103	0.00105	0.00099	48	nan
Paenibacillus amylolyticus	1451	S	538	570	1108	0.00006	0.00003	0.00000	0.00003	47	5.0
Paenibacillus pabuli	1472	S	339	345	684	0.00004	0.00002	0.00000	0.00002	48	5.0
Paenibacillus polymyxa	1406	S	229	353	582	0.00003	0.00002	0.00000	0.00002	48	5.0
Bacillus sp. AM1(2019)	2665175	S	27161	220603	247764	0.01417	0.01262	0.01270	0.01236	48	nan
Bacillus cytotoxicus	580165	S	11206	11352	22558	0.00129	0.00065	0.00078	0.00072	36	nan
Bacillus velezensis	492670	S	4360	38111	42471	0.00243	0.00218	0.00219	0.00213	48	nan
Bacillus amyloliquefaciens	1390	S	774	7826	8600	0.00049	0.00045	0.00045	0.00044	48	nan
Bacillus siamensis	659243	S	323	621	944	0.00005	0.00004	0.00004	0.00003	48	nan
Bacillus subtilis	1423	S	1301	43411	44712	0.00256	0.00248	0.00251	0.00243	48	nan
Bacillus atrophaeus	1452	S	179	180	359	0.00002	0.00001	0.00000	0.00001	45	5.0
Bacillus vallismortis	72361	S	170	175	345	0.00002	0.00001	0.00000	0.00001	45	5.0
Bacillus inaquosorum	483913	S	157	170	327	0.00002	0.00001	0.00000	0.00001	45	5.0
Bacillus spizizenii	96241	S	121	133	254	0.00001	0.00001	0.00000	0.00001	45	5.0
Bacillus tequilensis	227866	S	104	108	212	0.00001	0.00001	0.00000	0.00001	45	5.0
Sporolactobacillus terrae	269673	S	73269	73335	146604	0.00839	0.00419	0.00422	0.00409	46	nan
Planococcus massiliensis	1499687	S	36540	36738	73278	0.00419	0.00210	0.00210	0.00204	48	nan
Latilactobacillus graminis	60519	S	431853	436799	868652	0.04968	0.02498	0.02628	0.02550	41	nan
Lacticaseibacillus sp. NCIMB 15473	3068306	S	316	56076	56392	0.00323	0.00321	0.00316	0.00307	50	nan
Lacticaseibacillus chiayiensis	2100821	S	159	162	321	0.00002	0.00001	0.00000	0.00001	47	5.0
Lacticaseibacillus paracasei	1597	S	108	125	233	0.00001	0.00001	0.00000	0.00001	47	5.0
Oenococcus sicerae	2203724	S	27692	27706	55398	0.00317	0.00158	0.00172	0.00162	41	nan
Oenococcus kitaharae	336988	S	296	297	593	0.00003	0.00002	0.00000	0.00002	44	4.0
Oenococcus oeni	1247	S	261	262	523	0.00003	0.00002	0.00000	0.00002	39	5.0
Lactobacillus iners	147802	S	253	259	512	0.00003	0.00001	0.00000	0.00002	33	4.0
Streptococcus sp. oral taxon 431	712633	S	443584	464210	907794	0.05192	0.02655	0.02895	0.02748	41	nan
uncultured Trichococcus sp.	189665	S	35889	35985	71874	0.00411	0.00206	0.00207	0.00200	49	nan
Eubacterium limosum	1736	S	49078	50435	99513	0.00569	0.00288	0.00292	0.00286	50	nan
Amygdalobacter indicium	3029272	S	141	143	284	0.00002	0.00001	0.00000	0.00001	43	3.0
Amygdalobacter nucleatus	3029274	S	117	118	235	0.00001	0.00001	0.00000	0.00001	40	3.0
Selenomonas sp. oral taxon 136	713030	S	29705	31543	61248	0.00350	0.00180	0.00187	0.00180	58	nan
Oscillatoria acuminata	118323	S	132072	132247	264319	0.01512	0.00756	0.00748	0.00728	48	nan
Phormidium yuhuli	2974039	S	110758	111004	221762	0.01268	0.00635	0.00627	0.00608	53	nan
Lyngbya confervoides	207921	S	3410	3410	6820	0.00039	0.00020	0.00020	0.00019	52	nan
Nodularia spumigena	70799	S	28467	28800	57267	0.00328	0.00165	0.00174	0.00167	43	nan
Acaryochloris marina	155978	S	103	186	289	0.00002	0.00001	0.00000	0.00001	48	4.0
Nodosilinea sp. E11	3037479	S	122	122	244	0.00001	0.00001	0.00000	0.00001	59	4.0
Halomicronema hongdechloris	1209493	S	117	117	234	0.00001	0.00001	0.00000	0.00001	56	4.0
Robiginitalea biformata	252307	S	710670	710764	1421434	0.08130	0.04065	0.04133	0.03996	57	nan
Capnocytophaga sp. H4358	1945658	S	198547	276127	474674	0.02715	0.01579	0.01795	0.01755	38	nan
Capnocytophaga sp. oral taxon 864	1316593	S	190	235	425	0.00002	0.00001	0.00000	0.00001	41	4.0
Capnocytophaga sp. H2931	1945657	S	118	163	281	0.00002	0.00001	0.00001	0.00001	38	nan
Dokdonia sp. MED134	313590	S	166193	168951	335144	0.01917	0.00966	0.01055	0.01017	38	nan
Flavobacterium gyeonganense	1310418	S	126525	127609	254134	0.01454	0.00730	0.00862	0.00842	35	nan
Chryseobacterium daecheongense	192389	S	314556	320366	634922	0.03632	0.01832	0.02093	0.02023	37	nan
Porphyromonas endodontalis	28124	S	367554	373523	741077	0.04239	0.02136	0.02167	0.02047	48	nan
Porphyromonas somerae	322095	S	1301	1318	2619	0.00015	0.00008	0.00000	0.00007	48	4.0
Porphyromonas gingivalis	837	S	749	762	1511	0.00009	0.00004	0.00000	0.00004	51	4.0
Porphyromonas asaccharolytica	28123	S	371	371	742	0.00004	0.00002	0.00000	0.00002	55	4.0
Porphyromonas cangingivalis	36874	S	311	312	623	0.00004	0.00002	0.00000	0.00002	49	4.0
Bacteroides helcogenes	290053	S	44530	44836	89366	0.00511	0.00256	0.00262	0.00254	45	nan
Bacteroides sp. HF-162	2785531	S	13042	94519	107561	0.00615	0.00541	0.00548	0.00530	49	nan
Bacteroides sp. CACC 737	2755405	S	117	518	635	0.00004	0.00003	0.00003	0.00003	49	nan
Bacteroides caccae	47678	S	811	1354	2165	0.00012	0.00008	0.00000	0.00008	46	5.0
Bacteroides uniformis	820	S	796	1265	2061	0.00012	0.00007	0.00007	0.00007	49	nan
Bacteroides xylanisolvens	371601	S	188	360	548	0.00003	0.00002	0.00000	0.00002	46	5.0
Bacteroides fragilis	817	S	175	245	420	0.00002	0.00001	0.00000	0.00001	46	5.0
Bacteroides thetaiotaomicron	818	S	153	235	388	0.00002	0.00001	0.00000	0.00001	45	4.0
Bacteroides salyersiae	291644	S	147	154	301	0.00002	0.00001	0.00000	0.00001	43	4.0
Bacteroides ovatus	28116	S	145	376	521	0.00003	0.00002	0.00000	0.00002	46	5.0
Phocaeicola vulgatus	821	S	346	382	728	0.00004	0.00002	0.00000	0.00002	43	4.0
Phocaeicola dorei	357276	S	167	185	352	0.00002	0.00001	0.00000	0.00001	42	4.0
Prevotella intermedia	28131	S	1261	1562	2823	0.00016	0.00009	0.00000	0.00009	46	4.0
Prevotella melaninogenica	28132	S	180	213	393	0.00002	0.00001	0.00000	0.00001	43	4.0
Prevotella scopos	589437	S	123	166	289	0.00002	0.00001	0.00000	0.00001	42	4.0
Parabacteroides distasonis	823	S	1463	1720	3183	0.00018	0.00010	0.00000	0.00010	47	4.0
Alistipes shahii	328814	S	270	296	566	0.00003	0.00002	0.00000	0.00002	62	4.0
Alistipes finegoldii	214856	S	152	174	326	0.00002	0.00001	0.00000	0.00001	61	4.0
Cyclobacterium marinum	104	S	161552	162534	324086	0.01854	0.00930	0.01015	0.00985	39	nan
Fibrella aestuarina	651143	S	67387	67407	134794	0.00771	0.00386	0.00390	0.00381	58	nan
Pedobacter sp.	1411316	S	612	710	1322	0.00008	0.00004	0.00000	0.00004	39	4.0
Pedobacter sp. PACM 27299	1727164	S	227	448	675	0.00004	0.00003	0.00000	0.00003	41	5.0
Pedobacter sp. HDW13	2714940	S	201	242	443	0.00003	0.00001	0.00000	0.00001	40	4.0
Pedobacter sp. SL55	2995161	S	162	170	332	0.00002	0.00001	0.00000	0.00001	38	4.0
Pedobacter sp. G11	2482728	S	120	149	269	0.00002	0.00001	0.00000	0.00001	38	4.0
Pedobacter sp. KBS0701	2578106	S	111	175	286	0.00002	0.00001	0.00000	0.00001	40	4.0
Pedobacter ginsengisoli	363852	S	1585	1796	3381	0.00019	0.00010	0.00000	0.00011	38	5.0
Pedobacter heparinus	984	S	1095	1222	2317	0.00013	0.00007	0.00000	0.00007	43	5.0
Pedobacter schmidteae	2201271	S	824	919	1743	0.00010	0.00005	0.00000	0.00005	41	5.0
Pedobacter steynii	430522	S	661	743	1404	0.00008	0.00004	0.00000	0.00004	41	5.0
Pedobacter cryoconitis	188932	S	334	453	787	0.00005	0.00003	0.00000	0.00003	40	4.0
Pedobacter gandavensis	2679963	S	214	485	699	0.00004	0.00003	0.00000	0.00003	41	5.0
Pedobacter roseus	336820	S	128	191	319	0.00002	0.00001	0.00000	0.00001	40	4.0
Pedobacter suwonensis	332999	S	124	165	289	0.00002	0.00001	0.00000	0.00001	40	4.0
Pedobacter riviphilus	2766984	S	100	128	228	0.00001	0.00001	0.00000	0.00001	39	4.0
Desulfarculus baarsii	453230	S	331198	332716	663914	0.03797	0.01903	0.02283	0.02221	66	nan
Desulfomarina profundi	2772557	S	119742	119758	239500	0.01370	0.00685	0.00683	0.00663	46	nan
Bdellovibrio sp. NC01	2220073	S	248859	249019	497878	0.02848	0.01424	0.01415	0.01381	44	nan
Hydrogenobacter thermophilus	940	S	215315	215318	430633	0.02463	0.01232	0.01238	0.01201	44	nan
Gemmata massiliana	1210884	S	89651	89771	179422	0.01026	0.00513	0.00595	0.00566	66	nan
Candidatus Velamenicoccus archaeovorus	1930593	S	87159	87159	174318	0.00997	0.00499	0.00498	0.00482	55	nan
Treponema sp. OMZ 906	2563662	S	78174	126879	205053	0.01173	0.00726	0.00749	0.00720	45	nan
Treponema vincentii	69710	S	130	144	274	0.00002	0.00001	0.00000	0.00001	47	5.0
Candidatus Borrelia fainii	2518322	S	34347	34749	69096	0.00395	0.00199	0.00239	0.00281	27	nan
Campylobacter sp. CCUG 57310	2517362	S	152900	153435	306335	0.01752	0.00878	0.00997	0.00957	40	nan
Alloacidobacterium dinghuense	2763107	S	97042	97048	194090	0.01110	0.00555	0.00553	0.00536	56	nan
Homo sapiens	9606	S	152	152	304	0.00002	0.00001	0.00000	0.00001	38	4.0
