name	taxonomy_id	taxonomy_lvl	kraken_assigned_reads	added_reads	new_est_reads	fraction_total_reads	Bracken_estimate	GuaCAMOLE_estimate	GuaCAMOLE_est_eff	GC content	Taxon Removal Cycle
Enterobacter cloacae complex sp. R_G8	2969431	S	6841	19260	26101	0.00148	0.00109	0.00112	0.00107	57	nan
Enterobacter cloacae complex sp. ECL352	2876028	S	568	14381	14949	0.00085	0.00082	0.00081	0.00080	57	nan
Enterobacter cloacae complex sp.	2027919	S	181	245	426	0.00002	0.00001	0.00001	0.00001	57	nan
Enterobacter sp. BIDMC 29	1329841	S	147	536	683	0.00004	0.00003	0.00003	0.00003	57	nan
Enterobacter cloacae complex sp. FDA-CDC-AR_0164	2077136	S	112	642	754	0.00004	0.00004	0.00004	0.00004	57	nan
Enterobacter hormaechei	158836	S	6676	39790	46466	0.00264	0.00226	0.00223	0.00220	57	nan
Enterobacter cancerogenus	69218	S	6148	6394	12542	0.00071	0.00036	0.00039	0.00036	58	nan
Enterobacter ludwigii	299767	S	3675	10073	13748	0.00078	0.00057	0.00056	0.00056	57	nan
Enterobacter cloacae	550	S	2222	3270	5492	0.00031	0.00019	0.00019	0.00018	57	nan
Enterobacter asburiae	61645	S	1444	3173	4617	0.00026	0.00018	0.00018	0.00018	57	nan
Enterobacter roggenkampii	1812935	S	1006	1330	2336	0.00013	0.00008	0.00008	0.00007	58	nan
Enterobacter kobei	208224	S	485	1452	1937	0.00011	0.00008	0.00008	0.00008	57	nan
Enterobacter chengduensis	2494701	S	358	437	795	0.00005	0.00002	0.00003	0.00002	57	nan
Enterobacter sichuanensis	2071710	S	281	308	589	0.00003	0.00002	0.00002	0.00002	57	nan
Enterobacter chuandaensis	2497875	S	236	272	508	0.00003	0.00002	0.00002	0.00002	58	nan
Enterobacter sp. RHBSTW-00422	2742646	S	21344	564125	585469	0.03322	0.03201	0.03129	0.03115	57	nan
Enterobacter sp. JUb54	2724468	S	6778	6891	13669	0.00078	0.00039	0.00046	0.00039	59	nan
Enterobacter sp. RHBSTW-00994	2742676	S	282	288	570	0.00003	0.00002	0.00000	0.00002	53	5.0
Enterobacter sp. CP102	2976431	S	164	180	344	0.00002	0.00001	0.00000	0.00001	56	5.0
Enterobacter sp. JBIWA008	2831892	S	140	1715	1855	0.00011	0.00010	0.00010	0.00009	57	nan
Enterobacter mori	539813	S	1024	1125	2149	0.00012	0.00006	0.00007	0.00006	57	nan
Enterobacter bugandensis	881260	S	527	795	1322	0.00008	0.00005	0.00005	0.00004	58	nan
Enterobacter oligotrophicus	2478464	S	318	330	648	0.00004	0.00002	0.00002	0.00002	56	nan
Enterobacter huaxiensis	2494702	S	265	279	544	0.00003	0.00002	0.00002	0.00002	59	nan
Enterobacter soli	885040	S	187	203	390	0.00002	0.00001	0.00000	0.00001	55	5.0
Citrobacter arsenatis	2546350	S	59915	67605	127520	0.00724	0.00384	0.00374	0.00368	54	nan
Citrobacter sp. R56	1573676	S	15212	16627	31839	0.00181	0.00094	0.00095	0.00091	55	nan
Citrobacter sp. RHBSTW-01013	2742677	S	9517	51444	60961	0.00346	0.00292	0.00289	0.00281	54	nan
Citrobacter sp. 21OH12SH02A-Citro	3015952	S	4032	61826	65858	0.00374	0.00351	0.00347	0.00337	54	nan
Citrobacter sp. RHBSTW-00599	2742657	S	1267	18418	19685	0.00112	0.00105	0.00103	0.00100	54	nan
Citrobacter sp. RHBSTW-00017	2742629	S	349	38409	38758	0.00220	0.00218	0.00215	0.00209	54	nan
Citrobacter sp. RHB25-C09	2742624	S	151	154	305	0.00002	0.00001	0.00001	0.00001	55	nan
Citrobacter sp. RHBSTW-00013	2742628	S	147	908	1055	0.00006	0.00005	0.00005	0.00005	54	nan
Citrobacter sp. RHBSTW-00127	2742636	S	122	4719	4841	0.00027	0.00027	0.00026	0.00026	54	nan
Citrobacter sp. RHBSTW-00535	2742654	S	120	7010	7130	0.00040	0.00040	0.00039	0.00038	54	nan
Citrobacter sp. S171	2971264	S	102	110	212	0.00001	0.00001	0.00001	0.00001	55	nan
Citrobacter freundii	546	S	2015	6079	8094	0.00046	0.00034	0.00034	0.00033	54	nan
Citrobacter braakii	57706	S	1576	9403	10979	0.00062	0.00053	0.00053	0.00051	54	nan
Citrobacter portucalensis	1639133	S	985	1756	2741	0.00016	0.00010	0.00010	0.00010	54	nan
Citrobacter werkmanii	67827	S	341	912	1253	0.00007	0.00005	0.00005	0.00005	54	nan
Citrobacter sp. ABFQG	2529121	S	251	66852	67103	0.00381	0.00379	0.00374	0.00364	54	nan
Citrobacter pasteurii	1563222	S	251	402	653	0.00004	0.00002	0.00002	0.00002	54	nan
Citrobacter tructae	2562449	S	220	231	451	0.00003	0.00001	0.00001	0.00001	53	nan
Citrobacter koseri	545	S	169	283	452	0.00003	0.00002	0.00002	0.00002	55	nan
Citrobacter amalonaticus	35703	S	139	331	470	0.00003	0.00002	0.00002	0.00002	55	nan
Citrobacter rodentium	67825	S	135	47	182	0.00001	0.00000	0.00000	0.00000	53	nan
Citrobacter farmeri	67824	S	130	143	273	0.00002	0.00001	0.00001	0.00001	55	nan
Citrobacter cronae	1748967	S	123	727	850	0.00005	0.00004	0.00004	0.00004	54	nan
Klebsiella huaxiensis	2153354	S	126623	131673	258296	0.01466	0.00747	0.00732	0.00726	55	nan
Klebsiella sp. A52	2834819	S	8715	12283	20998	0.00119	0.00070	0.00077	0.00069	57	nan
Klebsiella sp. RHBSTW-00215	2742640	S	537	5108	5645	0.00032	0.00029	0.00000	0.00028	54	5.0
Klebsiella variicola	244366	S	4220	9544	13764	0.00078	0.00054	0.00000	0.00054	59	5.0
Klebsiella pneumoniae	573	S	3623	17796	21419	0.00122	0.00101	0.00000	0.00100	58	5.0
Klebsiella michiganensis	1134687	S	1625	2541	4166	0.00024	0.00014	0.00000	0.00014	58	5.0
Klebsiella oxytoca	571	S	927	993	1920	0.00011	0.00006	0.00000	0.00006	57	5.0
Klebsiella aerogenes	548	S	884	963	1847	0.00010	0.00005	0.00000	0.00005	57	5.0
Klebsiella quasipneumoniae	1463165	S	494	924	1418	0.00008	0.00005	0.00000	0.00005	59	5.0
Klebsiella grimontii	2058152	S	240	649	889	0.00005	0.00004	0.00000	0.00004	58	5.0
Klebsiella africana	2489010	S	120	133	253	0.00001	0.00001	0.00000	0.00001	59	5.0
Raoultella planticola	575	S	413	456	869	0.00005	0.00003	0.00000	0.00003	57	5.0
Raoultella ornithinolytica	54291	S	348	681	1029	0.00006	0.00004	0.00000	0.00004	57	5.0
Raoultella terrigena	577	S	175	183	358	0.00002	0.00001	0.00000	0.00001	59	5.0
Raoultella sp. HC6	2923366	S	105	114	219	0.00001	0.00001	0.00000	0.00001	60	5.0
Raoultella electrica	1259973	S	118	125	243	0.00001	0.00001	0.00000	0.00001	58	5.0
Kosakonia cowanii	208223	S	88177	92222	180399	0.01024	0.00523	0.00528	0.00518	58	nan
Kosakonia pseudosacchari	1646340	S	11665	12118	23783	0.00135	0.00069	0.00073	0.00067	56	nan
Kosakonia arachidis	551989	S	8753	8859	17612	0.00100	0.00050	0.00051	0.00049	54	nan
Kosakonia sp. CCTCC M2018092	2492396	S	506	573	1079	0.00006	0.00003	0.00000	0.00003	59	5.0
Kosakonia sp. SMBL-WEM22	2725560	S	291	306	597	0.00003	0.00002	0.00000	0.00002	57	5.0
Kosakonia sp. ML.JS2a	2980557	S	142	144	286	0.00002	0.00001	0.00000	0.00001	56	5.0
Kosakonia sacchari	1158459	S	516	560	1076	0.00006	0.00003	0.00000	0.00003	56	5.0
Kosakonia radicincitans	283686	S	162	175	337	0.00002	0.00001	0.00000	0.00001	56	5.0
Kluyvera sp. CRP	2873269	S	22842	41646	64488	0.00366	0.00236	0.00252	0.00232	57	nan
Kluyvera cryocrescens	580	S	22713	23726	46439	0.00264	0.00135	0.00133	0.00130	55	nan
Kluyvera ascorbata	51288	S	4779	6193	10972	0.00062	0.00035	0.00040	0.00034	57	nan
Kluyvera genomosp. 3	2774055	S	2729	5204	7933	0.00045	0.00030	0.00034	0.00029	57	nan
Kluyvera intermedia	61648	S	1175	1214	2389	0.00014	0.00007	0.00007	0.00007	55	nan
Shigella dysenteriae	622	S	18743	54307	73050	0.00415	0.00308	0.00321	0.00296	53	nan
Shigella boydii	621	S	18005	116525	134530	0.00763	0.00661	0.00688	0.00635	53	nan
Shigella flexneri	623	S	584	12254	12838	0.00073	0.00070	0.00072	0.00067	53	nan
Shigella sonnei	624	S	114	508	622	0.00004	0.00003	0.00003	0.00003	53	nan
Symbiopectobacterium purcellii	2871826	S	48545	48662	97207	0.00552	0.00276	0.00279	0.00266	55	nan
Candidatus Symbiopectobacterium sp. 'North America'	2794574	S	706	710	1416	0.00008	0.00004	0.00000	0.00004	47	5.0
Escherichia coli	562	S	10944	66079	77023	0.00437	0.00375	0.00390	0.00361	53	nan
Escherichia marmotae	1499973	S	7142	7528	14670	0.00083	0.00043	0.00042	0.00041	52	nan
Escherichia albertii	208962	S	559	593	1152	0.00007	0.00003	0.00003	0.00003	52	nan
Escherichia fergusonii	564	S	314	402	716	0.00004	0.00002	0.00002	0.00002	52	nan
Escherichia sp. E4742	2044467	S	191	232	423	0.00002	0.00001	0.00001	0.00001	53	nan
Salmonella enterica	28901	S	1379	9674	11053	0.00063	0.00055	0.00060	0.00053	54	nan
Salmonella bongori	54736	S	142	183	325	0.00002	0.00001	0.00001	0.00001	53	nan
Cedecea neteri	158822	S	427	443	870	0.00005	0.00003	0.00000	0.00002	57	5.0
Leclercia adecarboxylata	83655	S	149	219	368	0.00002	0.00001	0.00000	0.00001	58	5.0
Erwinia persicina	55211	S	198189	199921	398110	0.02259	0.01134	0.01143	0.01116	57	nan
Erwinia tasmaniensis	338565	S	10902	10982	21884	0.00124	0.00062	0.00069	0.00061	56	nan
Erwinia pyrifoliae	79967	S	2789	3532	6321	0.00036	0.00020	0.00023	0.00020	56	nan
Erwinia amylovora	552	S	2397	2439	4836	0.00027	0.00014	0.00000	0.00013	55	5.0
Erwinia sp. Ejp617	215689	S	653	868	1521	0.00009	0.00005	0.00005	0.00005	56	nan
Erwinia sp. E602	2675378	S	129	129	258	0.00001	0.00001	0.00000	0.00001	61	4.0
Erwinia sp. DE2	3062598	S	104	104	208	0.00001	0.00001	0.00000	0.00001	56	4.0
Erwinia rhapontici	55212	S	480	484	964	0.00005	0.00003	0.00000	0.00003	56	4.0
Erwinia tracheiphila	65700	S	370	372	742	0.00004	0.00002	0.00000	0.00002	51	5.0
Erwinia sorbitola	2681984	S	200	201	401	0.00002	0.00001	0.00000	0.00001	55	5.0
Pantoea sp. SO10	2575375	S	45005	58519	103524	0.00587	0.00332	0.00330	0.00324	56	nan
Pantoea sp. X85	3037258	S	16446	25206	41652	0.00236	0.00143	0.00145	0.00140	57	nan
Pantoea sp. MT58	2768165	S	154	243	397	0.00002	0.00001	0.00000	0.00001	56	5.0
Pantoea sp. SS70	3024247	S	142	209	351	0.00002	0.00001	0.00001	0.00001	57	nan
Pantoea sp. SOD02	2970818	S	138	140	278	0.00002	0.00001	0.00001	0.00001	56	nan
Pantoea sp. CCBC3-3-1	2490851	S	127	128	255	0.00001	0.00001	0.00000	0.00001	54	5.0
Pantoea alhagi	1891675	S	12367	12479	24846	0.00141	0.00071	0.00070	0.00069	55	nan
Pantoea agglomerans	549	S	1029	1061	2090	0.00012	0.00006	0.00000	0.00006	57	4.0
Pantoea ananatis	553	S	405	408	813	0.00005	0.00002	0.00000	0.00002	55	4.0
Pantoea dispersa	59814	S	178	179	357	0.00002	0.00001	0.00000	0.00001	60	4.0
Pantoea stewartii	66269	S	170	172	342	0.00002	0.00001	0.00000	0.00001	55	4.0
Pantoea vagans	470934	S	144	161	305	0.00002	0.00001	0.00000	0.00001	56	5.0
Serratia sp. Tan611	2773264	S	58135	164576	222711	0.01264	0.00934	0.00972	0.00951	60	nan
Serratia sp. JSRIV001	2831893	S	2363	6422	8785	0.00050	0.00036	0.00000	0.00036	58	5.0
Serratia sp. FGI94	671990	S	118	139	257	0.00001	0.00001	0.00000	0.00001	61	5.0
Serratia sp. UGAL515B_01	2986763	S	107	107	214	0.00001	0.00001	0.00000	0.00001	50	3.0
Serratia sp. FS14	1327989	S	101	214	315	0.00002	0.00001	0.00000	0.00001	61	5.0
Serratia proteamaculans	28151	S	6728	7167	13895	0.00079	0.00041	0.00039	0.00040	57	nan
Serratia entomophila	42906	S	5941	6458	12399	0.00070	0.00037	0.00000	0.00037	62	5.0
Serratia quinivorans	137545	S	4033	4208	8241	0.00047	0.00024	0.00024	0.00023	57	nan
Serratia marcescens	615	S	3516	5985	9501	0.00054	0.00034	0.00044	0.00035	62	nan
Serratia plymuthica	82996	S	500	548	1048	0.00006	0.00003	0.00003	0.00003	59	nan
Serratia grimesii	82995	S	429	437	866	0.00005	0.00002	0.00000	0.00002	54	4.0
Serratia liquefaciens	614	S	390	460	850	0.00005	0.00003	0.00000	0.00003	58	5.0
Serratia fonticola	47917	S	212	242	454	0.00003	0.00001	0.00000	0.00001	56	4.0
Serratia symbiotica	138074	S	190	190	380	0.00002	0.00001	0.00000	0.00001	54	4.0
Serratia odorifera	618	S	104	105	209	0.00001	0.00001	0.00000	0.00001	58	5.0
Serratia nevei	2703794	S	103	343	446	0.00003	0.00002	0.00002	0.00002	60	nan
Serratia rubidaea	61652	S	101	110	211	0.00001	0.00001	0.00000	0.00001	63	5.0
Yersinia massiliensis	419257	S	26283	55563	81846	0.00464	0.00315	0.00312	0.00302	50	nan
Yersinia frederiksenii	29484	S	8784	12739	21523	0.00122	0.00072	0.00072	0.00069	49	nan
Yersinia rohdei	29485	S	8710	8893	17603	0.00100	0.00050	0.00050	0.00049	49	nan
Yersinia mollaretii	33060	S	4088	4203	8291	0.00047	0.00024	0.00000	0.00023	51	5.0
Yersinia enterocolitica	630	S	3899	4143	8042	0.00046	0.00024	0.00024	0.00023	49	nan
Yersinia aleksiciae	263819	S	3245	3355	6600	0.00037	0.00019	0.00000	0.00018	51	5.0
Yersinia hibernica	2339259	S	2154	2223	4377	0.00025	0.00013	0.00013	0.00012	50	nan
Yersinia similis	367190	S	501	560	1061	0.00006	0.00003	0.00003	0.00003	49	nan
Yersinia pseudotuberculosis	633	S	500	1520	2020	0.00011	0.00009	0.00009	0.00008	49	nan
Yersinia canariae	2607663	S	1825	1891	3716	0.00021	0.00011	0.00011	0.00010	49	nan
Yersinia alsatica	2890317	S	1315	1367	2682	0.00015	0.00008	0.00008	0.00007	49	nan
Yersinia aldovae	29483	S	1176	1213	2389	0.00014	0.00007	0.00007	0.00007	49	nan
Yersinia kristensenii	28152	S	1059	1123	2182	0.00012	0.00006	0.00006	0.00006	49	nan
Yersinia ruckeri	29486	S	931	945	1876	0.00011	0.00005	0.00000	0.00005	50	5.0
Yersinia intermedia	631	S	884	1687	2571	0.00015	0.00010	0.00010	0.00009	50	nan
Yersinia sp. KBS0713	1179669	S	345	831	1176	0.00007	0.00005	0.00005	0.00005	50	nan
Yersinia rochesterensis	1604335	S	414	738	1152	0.00007	0.00004	0.00004	0.00004	49	nan
Yersinia entomophaga	935293	S	407	413	820	0.00005	0.00002	0.00000	0.00002	50	5.0
Yersinia bercovieri	634	S	370	919	1289	0.00007	0.00005	0.00005	0.00005	50	nan
Chania multitudinisentens	1639108	S	104	104	208	0.00001	0.00001	0.00000	0.00001	53	4.0
Providencia stuartii	588	S	1601	63555	65156	0.00370	0.00361	0.00379	0.00363	43	nan
Providencia rettgeri	587	S	262	9067	9329	0.00053	0.00051	0.00054	0.00052	43	nan
Xenorhabdus poinarii	40577	S	26427	26926	53353	0.00303	0.00153	0.00155	0.00150	47	nan
Proteus mirabilis	584	S	281	335	616	0.00003	0.00002	0.00000	0.00002	41	4.0
Morganella morganii	582	S	117	121	238	0.00001	0.00001	0.00000	0.00001	54	5.0
Pectobacterium parmentieri	1905730	S	46714	47937	94651	0.00537	0.00272	0.00270	0.00262	53	nan
Pectobacterium carotovorum	554	S	693	949	1642	0.00009	0.00005	0.00000	0.00005	54	5.0
Pectobacterium cacticida	69221	S	314	316	630	0.00004	0.00002	0.00000	0.00002	51	4.0
Pectobacterium brasiliense	180957	S	242	287	529	0.00003	0.00002	0.00000	0.00002	54	4.0
Pectobacterium versatile	2488639	S	239	338	577	0.00003	0.00002	0.00000	0.00002	54	5.0
Pectobacterium sp. PL64	2738983	S	101	121	222	0.00001	0.00001	0.00000	0.00001	54	5.0
Pectobacterium wasabiae	55208	S	170	175	345	0.00002	0.00001	0.00000	0.00001	53	4.0
Pectobacterium aroidearum	1201031	S	150	211	361	0.00002	0.00001	0.00000	0.00001	54	5.0
Pectobacterium atrosepticum	29471	S	128	130	258	0.00001	0.00001	0.00000	0.00001	54	5.0
Pectobacterium colocasium	2878098	S	108	141	249	0.00001	0.00001	0.00000	0.00001	54	5.0
Brenneria rubrifaciens	55213	S	28812	29154	57966	0.00329	0.00165	0.00166	0.00161	55	nan
Dickeya dadantii	204038	S	178	303	481	0.00003	0.00002	0.00000	0.00002	59	4.0
Dickeya dianthicola	204039	S	126	249	375	0.00002	0.00001	0.00000	0.00001	59	5.0
Leminorella richardii	158841	S	42669	42780	85449	0.00485	0.00243	0.00243	0.00234	54	nan
Hafnia paralvei	546367	S	31755	32972	64727	0.00367	0.00187	0.00184	0.00179	50	nan
Hafnia alvei	569	S	196	222	418	0.00002	0.00001	0.00000	0.00001	51	4.0
Edwardsiella tarda	636	S	362	402	764	0.00004	0.00002	0.00000	0.00002	60	5.0
Pseudoalteromonas maricaloris	184924	S	298028	506105	804133	0.04563	0.02872	0.02881	0.02799	43	nan
Pseudoalteromonas atlantica	288	S	29772	45070	74842	0.00425	0.00256	0.00279	0.00254	43	nan
Pseudoalteromonas translucida	166935	S	5676	6064	11740	0.00067	0.00034	0.00000	0.00035	41	5.0
Pseudoalteromonas piscicida	43662	S	1978	2453	4431	0.00025	0.00014	0.00014	0.00014	44	nan
Pseudoalteromonas sp. GCY	2003316	S	543	639	1182	0.00007	0.00004	0.00004	0.00004	44	nan
Pseudoalteromonas sp. SCSIO 43201	2822842	S	266	268	534	0.00003	0.00002	0.00002	0.00001	44	nan
Pseudoalteromonas sp. A22	327511	S	124	347	471	0.00003	0.00002	0.00002	0.00002	44	nan
Pseudoalteromonas sp. NC201	1514074	S	122	305	427	0.00002	0.00002	0.00002	0.00002	44	nan
Pseudoalteromonas flavipulchra	137779	S	126	318	444	0.00003	0.00002	0.00002	0.00002	44	nan
Shewanella violacea	60217	S	107601	108510	216111	0.01226	0.00616	0.00612	0.00595	46	nan
Shewanella oncorhynchi	2726434	S	61398	76235	137633	0.00781	0.00433	0.00432	0.00417	47	nan
Shewanella sp. WPAGA9	2775245	S	30133	53404	83537	0.00474	0.00303	0.00318	0.00301	42	nan
Shewanella denitrificans	192073	S	25011	25142	50153	0.00285	0.00143	0.00142	0.00137	46	nan
Shewanella acanthi	2864212	S	22810	22984	45794	0.00260	0.00130	0.00129	0.00125	49	nan
Shewanella halifaxensis	271098	S	5497	5538	11035	0.00063	0.00031	0.00031	0.00030	45	nan
Shewanella baltica	62322	S	103	139	242	0.00001	0.00001	0.00000	0.00001	47	5.0
Aliiglaciecola sp. LCG003	3053655	S	65665	65806	131471	0.00746	0.00373	0.00375	0.00364	43	nan
Lacimicrobium alkaliphilum	1526571	S	10505	10518	21023	0.00119	0.00060	0.00059	0.00056	51	nan
Hydrocarboniclastica marina	2259620	S	9402	9421	18823	0.00107	0.00053	0.00054	0.00053	59	nan
Gayadomonas joobiniege	1234606	S	3995	3995	7990	0.00045	0.00023	0.00024	0.00023	42	nan
Catenovulum sediminis	1740262	S	347	363	710	0.00004	0.00002	0.00000	0.00002	41	5.0
Catenovulum sp. TS8	2984846	S	177	189	366	0.00002	0.00001	0.00000	0.00001	39	4.0
Moritella sp. 28	2746232	S	18743	41434	60177	0.00341	0.00235	0.00247	0.00239	40	nan
Colwellia psychrerythraea	28229	S	9096	9139	18235	0.00103	0.00052	0.00055	0.00054	38	nan
Vibrio sp. SCSIO 43135	2819096	S	174075	175493	349568	0.01984	0.00996	0.00983	0.00953	46	nan
Vibrio sp. J383	2942997	S	67403	93168	160571	0.00911	0.00529	0.00527	0.00510	45	nan
Vibrio sp. J502	2978741	S	1447	63254	64701	0.00367	0.00359	0.00356	0.00345	46	nan
Vibrio sp. STUT-A16	2976237	S	743	2125	2868	0.00016	0.00012	0.00012	0.00012	46	nan
Vibrio sp. T9	2007196	S	301	348	649	0.00004	0.00002	0.00000	0.00002	46	5.0
Vibrio sp. THAF191d	2661922	S	123	35821	35944	0.00204	0.00203	0.00204	0.00195	46	nan
Vibrio sp. SCSIO 43145	2819097	S	114	37109	37223	0.00211	0.00211	0.00209	0.00203	46	nan
Vibrio campbellii	680	S	64860	86470	151330	0.00859	0.00491	0.00488	0.00471	47	nan
Vibrio parahaemolyticus	670	S	56110	64915	121025	0.00687	0.00368	0.00366	0.00353	46	nan
Vibrio diabolicus	50719	S	15261	33457	48718	0.00276	0.00190	0.00188	0.00182	46	nan
Vibrio antiquarius	150340	S	4003	13362	17365	0.00099	0.00076	0.00075	0.00073	46	nan
Vibrio alginolyticus	663	S	5358	11758	17116	0.00097	0.00067	0.00066	0.00064	46	nan
Vibrio harveyi	669	S	2589	4006	6595	0.00037	0.00023	0.00023	0.00022	46	nan
Vibrio owensii	696485	S	191	245	436	0.00002	0.00001	0.00001	0.00001	47	nan
Vibrio natriegens	691	S	146	192	338	0.00002	0.00001	0.00001	0.00001	46	nan
Vibrio mimicus	674	S	58649	61797	120446	0.00683	0.00351	0.00347	0.00334	47	nan
Vibrio gazogenes	687	S	47529	48056	95585	0.00542	0.00273	0.00271	0.00263	46	nan
Vibrio casei	673372	S	37347	38546	75893	0.00431	0.00219	0.00227	0.00219	42	nan
Vibrio ziniensis	2711221	S	4778	4826	9604	0.00054	0.00027	0.00028	0.00027	44	nan
Vibrio anguillarum	55601	S	674	1027	1701	0.00010	0.00006	0.00006	0.00006	46	nan
Vibrio vulnificus	672	S	368	377	745	0.00004	0.00002	0.00000	0.00002	48	5.0
Vibrio coralliilyticus	190893	S	328	398	726	0.00004	0.00002	0.00002	0.00002	47	nan
Vibrio scophthalmi	45658	S	178	179	357	0.00002	0.00001	0.00001	0.00001	45	nan
Vibrio cholerae	666	S	175	470	645	0.00004	0.00003	0.00003	0.00003	47	nan
Vibrio splendidus	29497	S	173	259	432	0.00002	0.00001	0.00001	0.00001	46	nan
Vibrio qinghaiensis	2025808	S	155	185	340	0.00002	0.00001	0.00001	0.00001	46	nan
Vibrio aestuarianus	28171	S	135	138	273	0.00002	0.00001	0.00000	0.00001	43	5.0
Grimontia kaedaensis	2872157	S	70372	70569	140941	0.00800	0.00400	0.00392	0.00379	50	nan
Photobacterium sp. CCB-ST2H9	2912855	S	22773	22930	45703	0.00259	0.00130	0.00128	0.00124	53	nan
Pseudomonas sp. PMCC200367	3042029	S	100899	196341	297240	0.01687	0.01114	0.01135	0.01125	61	nan
Pseudomonas sp. SL4(2022)	2994661	S	50442	50809	101251	0.00575	0.00288	0.00303	0.00294	61	nan
Pseudomonas sp. AN-B15	2697023	S	47940	74623	122563	0.00695	0.00423	0.00445	0.00433	61	nan
Pseudomonas sp. MM211	2866808	S	47325	47582	94907	0.00539	0.00270	0.00289	0.00282	63	nan
Pseudomonas sp. B14-6	2738843	S	44558	98932	143490	0.00814	0.00561	0.00621	0.00568	61	nan
Pseudomonas sp. R2-37-08W	1173273	S	26729	54428	81157	0.00461	0.00309	0.00332	0.00316	61	nan
Pseudomonas sp. OE 28.3	2745519	S	20189	21655	41844	0.00237	0.00123	0.00130	0.00126	61	nan
Pseudomonas sp. FP1962	2954083	S	18548	31497	50045	0.00284	0.00179	0.00179	0.00181	61	nan
Pseudomonas sp. DTU_2021_1001937_2_SI_NGA_ILE_001	3077589	S	15175	15291	30466	0.00173	0.00087	0.00104	0.00095	65	nan
Pseudomonas sp. St29	1500687	S	8021	15966	23987	0.00136	0.00091	0.00119	0.00095	62	nan
Pseudomonas sp. URMO17WK12:I11	1283291	S	5180	6644	11824	0.00067	0.00038	0.00046	0.00039	61	nan
Pseudomonas sp. SG20052	3074147	S	4670	8926	13596	0.00077	0.00051	0.00055	0.00051	61	nan
Pseudomonas sp. B21-017	2895474	S	4626	10436	15062	0.00085	0.00059	0.00061	0.00060	61	nan
Pseudomonas sp. B21-019	2895475	S	4422	5801	10223	0.00058	0.00033	0.00034	0.00033	61	nan
Pseudomonas sp. SK2	2841063	S	3993	23850	27843	0.00158	0.00135	0.00147	0.00139	61	nan
Pseudomonas sp. FJ2-5-13	2976884	S	3345	4402	7747	0.00044	0.00025	0.00028	0.00026	62	nan
Pseudomonas sp. Z003-0.4C(8344-21)	1855380	S	757	909	1666	0.00009	0.00005	0.00006	0.00005	61	nan
Pseudomonas sp. ACM7	2052956	S	271	290	561	0.00003	0.00002	0.00000	0.00002	60	5.0
Pseudomonas sp. 31-12	2201356	S	246	259	505	0.00003	0.00001	0.00001	0.00001	61	nan
Pseudomonas sp. FDAARGOS_380	2018067	S	212	369	581	0.00003	0.00002	0.00002	0.00002	62	nan
Pseudomonas sp. FP215	2738126	S	171	305	476	0.00003	0.00002	0.00002	0.00002	61	nan
Pseudomonas sp. B21-040	2895486	S	162	166	328	0.00002	0.00001	0.00000	0.00001	61	5.0
Pseudomonas sp. MPC6	2498848	S	151	156	307	0.00002	0.00001	0.00001	0.00001	62	nan
Pseudomonas sp. B21-028	2895480	S	149	158	307	0.00002	0.00001	0.00000	0.00001	62	5.0
Pseudomonas sp. N3-W	2975049	S	142	145	287	0.00002	0.00001	0.00001	0.00001	61	nan
Pseudomonas sp. B21-048	2895490	S	126	133	259	0.00001	0.00001	0.00000	0.00001	60	5.0
Pseudomonas sp. DR48	2871095	S	123	131	254	0.00001	0.00001	0.00001	0.00001	60	nan
Pseudomonas sp. HN2	2884805	S	116	230	346	0.00002	0.00001	0.00002	0.00001	61	nan
Pseudomonas sp. B21-015	2895473	S	110	116	226	0.00001	0.00001	0.00001	0.00001	61	nan
Pseudomonas sp. FP1742	2954079	S	101	113	214	0.00001	0.00001	0.00001	0.00001	61	nan
Pseudomonas granadensis	1421430	S	25578	28467	54045	0.00307	0.00162	0.00172	0.00165	62	nan
Pseudomonas fluorescens	294	S	416	477	893	0.00005	0.00003	0.00003	0.00003	62	nan
Pseudomonas mandelii	75612	S	119	219	338	0.00002	0.00001	0.00001	0.00001	61	nan
Pseudomonas avellanae	46257	S	1832	4554	6386	0.00036	0.00026	0.00025	0.00026	60	nan
Pseudomonas syringae	317	S	338	22578	22916	0.00130	0.00128	0.00125	0.00128	60	nan
Pseudomonas muyukensis	2842357	S	13810	14407	28217	0.00160	0.00082	0.00115	0.00091	67	nan
Pseudomonas aeruginosa	287	S	424	1040	1464	0.00008	0.00006	0.00000	0.00006	63	5.0
Pseudomonas chlororaphis	587753	S	178	276	454	0.00003	0.00002	0.00000	0.00002	63	5.0
Pseudomonas putida	303	S	219	372	591	0.00003	0.00002	0.00000	0.00002	62	5.0
Pseudomonas lactis	1615674	S	192	231	423	0.00002	0.00001	0.00002	0.00001	62	nan
Pseudomonas salmasensis	2745514	S	130	154	284	0.00002	0.00001	0.00001	0.00001	62	nan
Pseudomonas frederiksbergensis	104087	S	103	113	216	0.00001	0.00001	0.00001	0.00001	61	nan
Pseudomonas arsenicoxydans	702115	S	101	106	207	0.00001	0.00001	0.00001	0.00001	60	nan
Thiopseudomonas alkaliphila	1697053	S	88820	89122	177942	0.01010	0.00506	0.00497	0.00479	48	nan
Stutzerimonas frequens	2968969	S	5031	6133	11164	0.00063	0.00035	0.00039	0.00038	65	nan
Stutzerimonas stutzeri	316	S	110	123	233	0.00001	0.00001	0.00000	0.00001	64	4.0
Acinetobacter ursingii	108980	S	76116	122029	198145	0.01124	0.00692	0.00765	0.00709	41	nan
Acinetobacter sp. ACNIH2	1758189	S	23263	33036	56299	0.00319	0.00187	0.00204	0.00191	41	nan
Acinetobacter sp. Colony158	2810070	S	3053	5418	8471	0.00048	0.00031	0.00033	0.00031	41	nan
Acinetobacter sp. KCTC 92772	3045147	S	562	605	1167	0.00007	0.00003	0.00000	0.00003	43	5.0
Acinetobacter sp. TTH0-4	1646498	S	501	525	1026	0.00006	0.00003	0.00000	0.00003	40	5.0
Acinetobacter sp. GSS19	3020716	S	422	426	848	0.00005	0.00002	0.00000	0.00002	47	4.0
Acinetobacter sp. C16S1	2609668	S	340	387	727	0.00004	0.00002	0.00002	0.00002	40	nan
Acinetobacter sp. TGL-Y2	1407071	S	336	337	673	0.00004	0.00002	0.00000	0.00002	41	5.0
Acinetobacter sp. Marseille-Q1620	2714110	S	335	336	671	0.00004	0.00002	0.00000	0.00002	39	4.0
Acinetobacter sp. Z1	2953738	S	318	330	648	0.00004	0.00002	0.00000	0.00002	40	4.0
Acinetobacter sp. CS-2	2798861	S	290	327	617	0.00004	0.00002	0.00002	0.00002	42	nan
Acinetobacter sp. NCu2D-2	1608473	S	286	296	582	0.00003	0.00002	0.00002	0.00002	41	nan
Acinetobacter sp. ESL0695	2983215	S	284	284	568	0.00003	0.00002	0.00000	0.00002	37	4.0
Acinetobacter sp. WCHA45	2004644	S	272	325	597	0.00003	0.00002	0.00000	0.00002	40	5.0
Acinetobacter sp. LoGeW2-3	1808001	S	228	234	462	0.00003	0.00001	0.00000	0.00001	45	5.0
Acinetobacter sp. 10FS3-1	2563897	S	218	267	485	0.00003	0.00002	0.00000	0.00002	44	5.0
Acinetobacter sp. C32I	2950074	S	195	203	398	0.00002	0.00001	0.00001	0.00001	42	nan
Acinetobacter sp. WCHA55	2004646	S	194	232	426	0.00002	0.00001	0.00001	0.00001	41	nan
Acinetobacter sp. SCLZS86	2908637	S	181	238	419	0.00002	0.00001	0.00001	0.00001	41	nan
Acinetobacter sp. WCHAc010034	1879049	S	178	186	364	0.00002	0.00001	0.00000	0.00001	54	4.0
Acinetobacter sp. UGAL515B_02	2986764	S	158	278	436	0.00002	0.00002	0.00000	0.00002	43	5.0
Acinetobacter sp. ASP199	2773709	S	150	158	308	0.00002	0.00001	0.00000	0.00001	45	5.0
Acinetobacter sp. TR3	3003392	S	116	188	304	0.00002	0.00001	0.00000	0.00001	41	5.0
Acinetobacter nosocomialis	106654	S	24823	30245	55068	0.00312	0.00172	0.00190	0.00179	40	nan
Acinetobacter baumannii	470	S	2549	8182	10731	0.00061	0.00046	0.00054	0.00048	41	nan
Acinetobacter seifertii	1530123	S	1572	1781	3353	0.00019	0.00010	0.00000	0.00011	40	5.0
Acinetobacter pittii	48296	S	568	836	1404	0.00008	0.00005	0.00000	0.00005	40	5.0
Acinetobacter calcoaceticus	471	S	408	426	834	0.00005	0.00002	0.00000	0.00003	40	5.0
Acinetobacter johnsonii	40214	S	13547	16822	30369	0.00172	0.00095	0.00100	0.00096	43	nan
Acinetobacter indicus	756892	S	11185	12013	23198	0.00132	0.00068	0.00069	0.00067	47	nan
Acinetobacter septicus	465797	S	3235	7132	10367	0.00059	0.00040	0.00046	0.00041	41	nan
Acinetobacter chinensis	2004650	S	2483	2987	5470	0.00031	0.00017	0.00000	0.00017	43	5.0
Acinetobacter towneri	202956	S	1128	1766	2894	0.00016	0.00010	0.00010	0.00010	42	nan
Acinetobacter haemolyticus	29430	S	1028	1158	2186	0.00012	0.00007	0.00000	0.00007	41	5.0
Acinetobacter wuhouensis	1879050	S	557	604	1161	0.00007	0.00003	0.00000	0.00004	40	5.0
Acinetobacter sedimenti	2919922	S	496	697	1193	0.00007	0.00004	0.00000	0.00004	40	5.0
Acinetobacter defluvii	1871111	S	460	515	975	0.00006	0.00003	0.00000	0.00003	40	4.0
Acinetobacter junii	40215	S	441	775	1216	0.00007	0.00004	0.00000	0.00005	40	5.0
Acinetobacter schindleri	108981	S	434	480	914	0.00005	0.00003	0.00000	0.00003	44	5.0
Acinetobacter baylyi	202950	S	426	435	861	0.00005	0.00002	0.00003	0.00003	42	nan
Acinetobacter venetianus	52133	S	406	440	846	0.00005	0.00002	0.00000	0.00003	40	5.0
Acinetobacter lanii	2715163	S	392	396	788	0.00004	0.00002	0.00002	0.00002	43	nan
Acinetobacter shaoyimingii	2715164	S	388	390	778	0.00004	0.00002	0.00000	0.00002	40	5.0
Acinetobacter larvae	1789224	S	372	373	745	0.00004	0.00002	0.00000	0.00002	43	5.0
Acinetobacter piscicola	2006115	S	355	384	739	0.00004	0.00002	0.00000	0.00002	40	5.0
Acinetobacter soli	487316	S	341	454	795	0.00005	0.00003	0.00000	0.00003	43	5.0
Acinetobacter cumulans	2136182	S	327	340	667	0.00004	0.00002	0.00000	0.00002	41	5.0
Acinetobacter radioresistens	40216	S	319	331	650	0.00004	0.00002	0.00000	0.00002	44	5.0
Acinetobacter variabilis	70346	S	301	430	731	0.00004	0.00002	0.00000	0.00002	44	5.0
Acinetobacter lwoffii	28090	S	282	439	721	0.00004	0.00002	0.00000	0.00003	43	5.0
Acinetobacter colistiniresistens	280145	S	244	252	496	0.00003	0.00001	0.00001	0.00001	43	nan
Acinetobacter proteolyticus	1776741	S	243	273	516	0.00003	0.00002	0.00002	0.00002	42	nan
Acinetobacter vivianii	1776742	S	234	238	472	0.00003	0.00001	0.00001	0.00001	44	nan
Acinetobacter equi	1324350	S	226	227	453	0.00003	0.00001	0.00000	0.00001	36	4.0
Acinetobacter dispersus	70348	S	214	221	435	0.00002	0.00001	0.00001	0.00001	41	nan
Acinetobacter wanghuae	2662362	S	202	204	406	0.00002	0.00001	0.00001	0.00001	43	nan
Acinetobacter tibetensis	2943497	S	186	190	376	0.00002	0.00001	0.00001	0.00001	41	nan
Psychrobacter sp. 28M-43	2772254	S	59563	62014	121577	0.00690	0.00352	0.00357	0.00346	45	nan
Psychrobacter sp. P11G3	1699623	S	57383	59809	117192	0.00665	0.00339	0.00348	0.00335	46	nan
Psychrobacter sp. DAB_AL43B	1028416	S	21723	21921	43644	0.00248	0.00124	0.00129	0.00124	44	nan
Psychrobacter sp. KCTC 72983	2733866	S	2661	3659	6320	0.00036	0.00021	0.00000	0.00020	45	5.0
Psychrobacter sp. P11F6	1699621	S	1619	1667	3286	0.00019	0.00009	0.00010	0.00009	45	nan
Psychrobacter sp. AntiMn-1	1720344	S	1257	2718	3975	0.00023	0.00015	0.00000	0.00015	46	5.0
Psychrobacter sp. KH172YL61	2517899	S	1245	2306	3551	0.00020	0.00013	0.00000	0.00013	46	5.0
Psychrobacter sp. MES7-P7E	2058322	S	1154	1484	2638	0.00015	0.00008	0.00000	0.00009	41	5.0
Psychrobacter sp. WB2	3043330	S	1064	1113	2177	0.00012	0.00006	0.00000	0.00006	45	5.0
Psychrobacter sp. van23A	3064892	S	946	1007	1953	0.00011	0.00006	0.00000	0.00006	47	5.0
Psychrobacter sp. P11G5	1699624	S	843	1119	1962	0.00011	0.00006	0.00007	0.00006	44	nan
Psychrobacter sp. SC65A.3	2983299	S	639	927	1566	0.00009	0.00005	0.00005	0.00005	45	nan
Psychrobacter sp. P2G3	1699622	S	597	784	1381	0.00008	0.00004	0.00005	0.00004	44	nan
Psychrobacter sp. G	571800	S	490	726	1216	0.00007	0.00004	0.00004	0.00004	45	nan
Psychrobacter sp. M13	3067275	S	329	330	659	0.00004	0.00002	0.00000	0.00002	45	5.0
Psychrobacter sp. DAB_AL62B	1028420	S	265	267	532	0.00003	0.00002	0.00000	0.00002	36	5.0
Psychrobacter sp.	56811	S	169	186	355	0.00002	0.00001	0.00000	0.00001	39	5.0
Psychrobacter sp. YP14	2203895	S	121	162	283	0.00002	0.00001	0.00000	0.00001	47	5.0
Psychrobacter arcticus	334543	S	606	616	1222	0.00007	0.00003	0.00004	0.00003	45	nan
Psychrobacter cryohalolentis	330922	S	335	514	849	0.00005	0.00003	0.00003	0.00003	44	nan
Psychrobacter urativorans	45610	S	321	324	645	0.00004	0.00002	0.00002	0.00002	45	nan
Psychrobacter alimentarius	261164	S	306	45825	46131	0.00262	0.00260	0.00263	0.00256	45	nan
Psychrobacter sanguinis	861445	S	304	316	620	0.00004	0.00002	0.00000	0.00002	43	5.0
Psychrobacter arenosus	256326	S	170	170	340	0.00002	0.00001	0.00000	0.00001	47	4.0
Moraxella bovoculi	386891	S	6595	6818	13413	0.00076	0.00039	0.00039	0.00038	48	nan
Moraxella sp. ZY210820	2904123	S	129	175	304	0.00002	0.00001	0.00000	0.00001	37	4.0
Moraxella osloensis	34062	S	200	205	405	0.00002	0.00001	0.00000	0.00001	45	5.0
Moraxella catarrhalis	480	S	183	183	366	0.00002	0.00001	0.00000	0.00001	43	5.0
Moraxella bovis	476	S	106	106	212	0.00001	0.00001	0.00000	0.00001	48	4.0
Cellvibrio sp. PSBB006	1987723	S	106505	106548	213053	0.01209	0.00605	0.00597	0.00576	51	nan
Cellvibrio sp. QJXJ	2964606	S	85177	98051	183228	0.01040	0.00556	0.00548	0.00532	49	nan
Cellvibrio sp. KY-GH-1	2303332	S	9693	9796	19489	0.00111	0.00056	0.00055	0.00053	48	nan
Teredinibacter haidensis	2731755	S	112592	112697	225289	0.01278	0.00639	0.00628	0.00610	48	nan
Marinimicrobium sp. C6131	3022676	S	35726	35897	71623	0.00406	0.00204	0.00212	0.00205	59	nan
Microbulbifer sp. VAAF005	3034230	S	24041	25466	49507	0.00281	0.00145	0.00144	0.00139	50	nan
Microbulbifer sp. SH-1	2681547	S	4351	4459	8810	0.00050	0.00025	0.00026	0.00025	60	nan
Microbulbifer sp. ALW1	1516059	S	1054	1080	2134	0.00012	0.00006	0.00000	0.00006	58	5.0
Microbulbifer sp. H12	3029061	S	857	875	1732	0.00010	0.00005	0.00000	0.00005	58	4.0
Microbulbifer sp. YPW1	2745199	S	750	768	1518	0.00009	0.00004	0.00000	0.00004	59	5.0
Microbulbifer sp. YPW16	2904242	S	172	173	345	0.00002	0.00001	0.00000	0.00001	62	5.0
Microbulbifer pacificus	407164	S	2962	3070	6032	0.00034	0.00017	0.00018	0.00017	59	nan
Microbulbifer elongatus	86173	S	972	1002	1974	0.00011	0.00006	0.00006	0.00006	58	nan
Microbulbifer hydrolyticus	48074	S	522	541	1063	0.00006	0.00003	0.00000	0.00003	58	5.0
Microbulbifer celer	435905	S	517	526	1043	0.00006	0.00003	0.00000	0.00003	59	4.0
Microbulbifer agarilyticus	260552	S	314	319	633	0.00004	0.00002	0.00000	0.00002	56	4.0
Microbulbifer aggregans	1769779	S	175	178	353	0.00002	0.00001	0.00000	0.00001	60	4.0
Microbulbifer thermotolerans	252514	S	117	117	234	0.00001	0.00001	0.00000	0.00001	58	4.0
Halomonas sp. M1	3035470	S	155252	173342	328594	0.01865	0.00984	0.00976	0.00946	55	nan
Halomonas sp. N3-2A	2014541	S	37650	62673	100323	0.00569	0.00356	0.00352	0.00340	54	nan
Halomonas sp. TD01	999141	S	12388	12777	25165	0.00143	0.00073	0.00072	0.00069	54	nan
Marinomonas profundi	2726122	S	32879	33148	66027	0.00375	0.00188	0.00185	0.00180	47	nan
Marinomonas sp. FW-1	2071621	S	25876	26076	51952	0.00295	0.00148	0.00147	0.00143	44	nan
Neptunomonas phycophila	1572645	S	33500	33554	67054	0.00380	0.00190	0.00189	0.00182	46	nan
Neptuniibacter halophilus	651666	S	11278	11286	22564	0.00128	0.00064	0.00062	0.00061	55	nan
Amphritea japonica	452627	S	4684	4712	9396	0.00053	0.00027	0.00026	0.00025	49	nan
Amphritea atlantica	355243	S	406	407	813	0.00005	0.00002	0.00000	0.00002	53	4.0
Luteimonas granuli	1176533	S	173028	173909	346937	0.01969	0.00987	0.01112	0.01296	71	nan
Stenotrophomonas sp. 610A2	3055080	S	9849	9941	19790	0.00112	0.00056	0.00065	0.00061	64	nan
Stenotrophomonas sp. SXG-1	2682487	S	1137	3036	4173	0.00024	0.00017	0.00020	0.00020	67	nan
Stenotrophomonas sp. NY11291	2939415	S	738	1815	2553	0.00014	0.00010	0.00012	0.00012	67	nan
Stenotrophomonas sp. 57	3051119	S	114	129	243	0.00001	0.00001	0.00001	0.00001	67	nan
Stenotrophomonas maltophilia	40324	S	1773	2559	4332	0.00025	0.00015	0.00000	0.00017	67	5.0
Stenotrophomonas geniculata	86188	S	854	1950	2804	0.00016	0.00011	0.00013	0.00013	67	nan
Pasteurella multocida	747	S	2514	70376	72890	0.00414	0.00399	0.00416	0.00403	41	nan
Avibacterium volantium	762	S	64861	66428	131289	0.00745	0.00377	0.00388	0.00377	42	nan
Haemophilus influenzae	727	S	187	288	475	0.00003	0.00002	0.00000	0.00002	39	5.0
Legionella oakridgensis	29423	S	104220	105587	209807	0.01191	0.00599	0.00624	0.00601	41	nan
Aeromonas sp. CU5	2033033	S	14264	15002	29266	0.00166	0.00085	0.00094	0.00086	61	nan
Aeromonas sp. CA23	2033032	S	8401	9871	18272	0.00104	0.00056	0.00066	0.00058	63	nan
Aeromonas sp. FDAARGOS 1415	2778064	S	412	448	860	0.00005	0.00003	0.00000	0.00003	64	5.0
Aeromonas sp. FDAARGOS 1405	2778054	S	169	258	427	0.00002	0.00001	0.00002	0.00001	62	nan
Aeromonas sp. ASNIH4	1636609	S	158	266	424	0.00002	0.00002	0.00000	0.00002	63	5.0
Aeromonas sp. FDAARGOS 1407	2778056	S	156	226	382	0.00002	0.00001	0.00002	0.00001	63	nan
Aeromonas sp. CD	3080830	S	149	228	377	0.00002	0.00001	0.00000	0.00001	64	5.0
Aeromonas sp. 1805	2560028	S	115	283	398	0.00002	0.00002	0.00000	0.00002	63	5.0
Aeromonas sp. FDAARGOS 1417	2778066	S	106	185	291	0.00002	0.00001	0.00001	0.00001	62	nan
Aeromonas sp. FDAARGOS 1410	2778059	S	106	153	259	0.00001	0.00001	0.00001	0.00001	62	nan
Aeromonas sp. BC14	2970966	S	103	183	286	0.00002	0.00001	0.00000	0.00001	63	5.0
Aeromonas sp. XH	3081770	S	100	204	304	0.00002	0.00001	0.00000	0.00001	64	5.0
Aeromonas salmonicida	645	S	22545	24240	46785	0.00265	0.00138	0.00000	0.00139	61	5.0
Aeromonas veronii	654	S	13962	18034	31996	0.00182	0.00102	0.00104	0.00104	62	nan
Aeromonas bestiarum	105751	S	7474	8852	16326	0.00093	0.00050	0.00061	0.00052	63	nan
Aeromonas hydrophila	644	S	5536	7380	12916	0.00073	0.00042	0.00000	0.00044	64	5.0
Aeromonas media	651	S	2810	3068	5878	0.00033	0.00017	0.00022	0.00018	64	nan
Aeromonas dhakensis	196024	S	2358	3311	5669	0.00032	0.00019	0.00000	0.00020	64	5.0
Aeromonas allosaccharophila	656	S	2341	2994	5335	0.00030	0.00017	0.00019	0.00017	62	nan
Aeromonas encheleia	73010	S	2103	2144	4247	0.00024	0.00012	0.00000	0.00013	65	5.0
Aeromonas jandaei	650	S	1507	1744	3251	0.00018	0.00010	0.00011	0.00010	62	nan
Aeromonas enteropelogenes	29489	S	1124	1258	2382	0.00014	0.00007	0.00009	0.00007	63	nan
Aeromonas caviae	648	S	985	2018	3003	0.00017	0.00011	0.00000	0.00012	63	5.0
Aeromonas rivuli	648794	S	857	867	1724	0.00010	0.00005	0.00000	0.00005	62	5.0
Aeromonas schubertii	652	S	346	350	696	0.00004	0.00002	0.00000	0.00002	63	5.0
Aeromonas rivipollensis	948519	S	329	391	720	0.00004	0.00002	0.00000	0.00002	64	5.0
Aeromonas simiae	218936	S	257	261	518	0.00003	0.00001	0.00000	0.00002	63	5.0
Thiomicrorhabdus sediminis	2580412	S	26500	26525	53025	0.00301	0.00151	0.00150	0.00145	45	nan
Allofrancisella inopinata	1085647	S	9613	9689	19302	0.00110	0.00055	0.00075	0.00066	31	nan
Ectothiorhodospira haloalkaliphila	421628	S	22442	22505	44947	0.00255	0.00128	0.00140	0.00137	63	nan
Ectothiorhodospira sp. BSL-9	1442136	S	658	659	1317	0.00007	0.00004	0.00000	0.00004	64	5.0
Nitrosococcus watsonii	473531	S	5319	5347	10666	0.00061	0.00030	0.00030	0.00029	50	nan
Methylomonas rhizoryzae	2608981	S	11956	11990	23946	0.00136	0.00068	0.00068	0.00066	54	nan
Methylomagnum ishizawai	1760988	S	5532	5542	11074	0.00063	0.00031	0.00037	0.00035	65	nan
Methylovulum psychrotolerans	1704499	S	3019	3021	6040	0.00034	0.00017	0.00017	0.00016	52	nan
Sinimarinibacterium sp. NLF-5-8	2698684	S	11825	11949	23774	0.00135	0.00068	0.00073	0.00070	61	nan
Salinisphaera sp. LB1	2183911	S	8851	8852	17703	0.00100	0.00050	0.00059	0.00055	65	nan
Rhizobium acidisoli	1538158	S	97816	112251	210067	0.01192	0.00637	0.00659	0.00658	62	nan
Rhizobium sullae	50338	S	34291	34625	68916	0.00391	0.00196	0.00200	0.00199	60	nan
Rhizobium leguminosarum	384	S	1053	1425	2478	0.00014	0.00008	0.00008	0.00008	62	nan
Rhizobium gallicum	56730	S	502	566	1068	0.00006	0.00003	0.00000	0.00003	60	5.0
Rhizobium etli	29449	S	343	360	703	0.00004	0.00002	0.00000	0.00002	60	5.0
Rhizobium ruizarguesonis	2081791	S	119	136	255	0.00001	0.00001	0.00001	0.00001	61	nan
Pararhizobium sp. IMCC21322	3067903	S	78421	78482	156903	0.00890	0.00445	0.00439	0.00422	54	nan
Neorhizobium galegae	399	S	144	145	289	0.00002	0.00001	0.00000	0.00001	62	4.0
Shinella oryzae	2871820	S	51009	52253	103262	0.00586	0.00297	0.00314	0.00317	64	nan
Phyllobacterium sp. T1293	555317	S	124707	125084	249791	0.01417	0.00710	0.00699	0.00682	55	nan
Bradyrhizobium xenonodulans	2736875	S	64880	65691	130571	0.00741	0.00373	0.00437	0.00407	65	nan
Candidatus Phaeomarinobacter ectocarpi	1458461	S	57120	57134	114254	0.00648	0.00324	0.00334	0.00323	58	nan
Bartonella tribocorum	85701	S	41074	42026	83100	0.00472	0.00238	0.00261	0.00250	40	nan
Brucella sp. BO3	2691913	S	11553	20694	32247	0.00183	0.00117	0.00120	0.00116	58	nan
Pseudochrobactrum algeriensis	2834768	S	3817	4089	7906	0.00045	0.00023	0.00023	0.00022	53	nan
Methylovirgula sp. HY1	2822761	S	14157	14167	28324	0.00161	0.00080	0.00084	0.00082	60	nan
uncultured Cohaesibacter sp.	1002546	S	5696	5972	11668	0.00066	0.00034	0.00000	0.00033	58	5.0
Cohaesibacter marisflavi	655353	S	910	1178	2088	0.00012	0.00007	0.00000	0.00006	55	5.0
Cohaesibacter sp. ES.047	1798205	S	523	536	1059	0.00006	0.00003	0.00000	0.00003	56	5.0
Pukyongiella litopenaei	2605946	S	269383	272698	542081	0.03076	0.01547	0.01736	0.01749	67	nan
Roseinatronobacter sp. S2	3035471	S	18379	18391	36770	0.00209	0.00104	0.00110	0.00106	60	nan
Rhodophyticola sp. CCM32	2916397	S	17510	17515	35025	0.00199	0.00099	0.00107	0.00102	61	nan
Sulfitobacter sp. S223	2867023	S	70106	70157	140263	0.00796	0.00398	0.00401	0.00387	56	nan
Sulfitobacter sp. BSw21498	664426	S	10458	10548	21006	0.00119	0.00060	0.00062	0.00060	59	nan
Sulfitobacter faviae	1775881	S	11432	11859	23291	0.00132	0.00067	0.00070	0.00071	63	nan
Octadecabacter arcticus	53946	S	68716	68802	137518	0.00780	0.00390	0.00388	0.00377	56	nan
Phaeobacter inhibens	221822	S	60614	61602	122216	0.00693	0.00350	0.00367	0.00355	60	nan
Roseovarius pelagicus	2980108	S	28516	33941	62457	0.00354	0.00193	0.00204	0.00195	60	nan
Palleronia sp. LCG004	3079304	S	15635	15642	31277	0.00177	0.00089	0.00109	0.00100	66	nan
Brevundimonas vitisensis	2800818	S	98750	99257	198007	0.01124	0.00563	0.00683	0.00647	67	nan
Phenylobacterium sp. LH3H17	2903901	S	12898	12906	25804	0.00146	0.00073	0.00094	0.00089	69	nan
Sphingorhabdus sp. YGSMI21	2077182	S	63742	63895	127637	0.00724	0.00363	0.00365	0.00360	59	nan
Novosphingobium resinovorum	158500	S	14121	14611	28732	0.00163	0.00083	0.00094	0.00092	66	nan
Sphingomonas sanxanigenens	397260	S	11511	12180	23691	0.00134	0.00069	0.00082	0.00080	67	nan
Qipengyuania spongiae	2909673	S	9787	10192	19979	0.00113	0.00058	0.00066	0.00063	65	nan
Terasakiella sp. SH-1	2560057	S	62324	62334	124658	0.00707	0.00354	0.00346	0.00336	49	nan
Gluconobacter thailandicus	257438	S	11495	11681	23176	0.00132	0.00066	0.00069	0.00065	58	nan
Gluconobacter frateurii	38308	S	572	581	1153	0.00007	0.00003	0.00000	0.00003	57	4.0
Gluconobacter albidus	318683	S	202	206	408	0.00002	0.00001	0.00000	0.00001	61	4.0
Gluconobacter oxydans	442	S	123	127	250	0.00001	0.00001	0.00000	0.00001	62	4.0
Gluconobacter sphaericus	574987	S	103	105	208	0.00001	0.00001	0.00000	0.00001	60	4.0
Sneathiella aquimaris	2599305	S	74139	74184	148323	0.00842	0.00421	0.00412	0.00398	48	nan
Wolbachia endosymbiont (group A) of Trypoxylon clavicerum	2954064	S	9608	17484	27092	0.00154	0.00099	0.00114	0.00109	35	nan
Wolbachia endosymbiont (group A) of Philonthus cognatus	2954046	S	4438	14080	18518	0.00105	0.00080	0.00093	0.00088	35	nan
Wolbachia endosymbiont (group A) of Sphecodes monilicornis	2954060	S	3281	17310	20591	0.00117	0.00098	0.00113	0.00108	35	nan
Rickettsia conorii	781	S	499	2608	3107	0.00018	0.00015	0.00018	0.00018	31	nan
Rickettsia amblyommatis	33989	S	317	784	1101	0.00006	0.00004	0.00005	0.00005	31	nan
Rickettsia montanensis	33991	S	263	599	862	0.00005	0.00003	0.00004	0.00004	31	nan
Rickettsia massiliae	35791	S	191	588	779	0.00004	0.00003	0.00004	0.00004	31	nan
Rickettsia rhipicephali	33992	S	150	617	767	0.00004	0.00004	0.00004	0.00004	31	nan
Rickettsia akari	786	S	117	131	248	0.00001	0.00001	0.00001	0.00001	32	nan
Rickettsia asembonensis	1068590	S	116	148	264	0.00001	0.00001	0.00001	0.00001	32	nan
Rickettsia australis	787	S	114	139	253	0.00001	0.00001	0.00001	0.00001	33	nan
Rickettsia tillamookensis	2761623	S	109	147	256	0.00001	0.00001	0.00001	0.00001	32	nan
Marinicauda algicola	2029849	S	42888	43090	85978	0.00488	0.00245	0.00319	0.00298	68	nan
Polynucleobacter ibericus	1819725	S	147919	149030	296949	0.01685	0.00846	0.00832	0.00807	45	nan
Polynucleobacter sp. AP-Titi-500A-B4	2576923	S	33989	34279	68268	0.00387	0.00195	0.00190	0.00185	45	nan
Polynucleobacter sp. HIN6	3047865	S	17728	28741	46469	0.00264	0.00163	0.00160	0.00154	48	nan
Polynucleobacter sp. MWH-CaK5	2689107	S	15579	15599	31178	0.00177	0.00089	0.00088	0.00085	45	nan
Polynucleobacter sp. HIN7	3047866	S	12602	17599	30201	0.00171	0.00100	0.00097	0.00094	49	nan
Polynucleobacter sp. AP-Jannik-300A-C4	2576928	S	5220	5419	10639	0.00060	0.00031	0.00030	0.00029	46	nan
Polynucleobacter difficilis	556054	S	36368	36484	72852	0.00413	0.00207	0.00202	0.00196	50	nan
Polynucleobacter acidiphobus	556053	S	10428	10522	20950	0.00119	0.00060	0.00059	0.00056	49	nan
Burkholderia sp. MS455	2811788	S	86789	101182	187971	0.01067	0.00574	0.00714	0.00663	67	nan
Paraburkholderia acidiphila	2571747	S	25822	26003	51825	0.00294	0.00148	0.00173	0.00163	65	nan
Paraburkholderia fungorum	134537	S	23060	23667	46727	0.00265	0.00134	0.00144	0.00141	62	nan
Pandoraea pulmonicola	93221	S	18832	18923	37755	0.00214	0.00107	0.00127	0.00119	65	nan
Massilia sp. erpn	2738142	S	219653	222994	442647	0.02512	0.01265	0.01426	0.01381	65	nan
Massilia sp. DM-R-R2A-13	2899220	S	10600	10637	21237	0.00121	0.00060	0.00071	0.00067	66	nan
Herbaspirillum sp. meg3	2025949	S	51340	51442	102782	0.00583	0.00292	0.00297	0.00288	59	nan
Advenella alkanexedens	1481665	S	27141	27402	54543	0.00309	0.00155	0.00153	0.00149	51	nan
Advenella mimigardefordensis	302406	S	15988	16024	32012	0.00182	0.00091	0.00091	0.00088	56	nan
Alcaligenes sp. NLF5-7	2918755	S	2233	5648	7881	0.00045	0.00032	0.00036	0.00031	58	nan
Alcaligenes sp. SORT26	2813780	S	106	109	215	0.00001	0.00001	0.00000	0.00001	58	4.0
Alcaligenes faecalis	511	S	486	624	1110	0.00006	0.00004	0.00000	0.00003	58	5.0
Alcaligenes aquatilis	323284	S	247	457	704	0.00004	0.00003	0.00003	0.00003	58	nan
Paenalcaligenes faecalis	2980099	S	221	257	478	0.00003	0.00001	0.00000	0.00001	46	4.0
Paenalcaligenes hominis	643674	S	214	237	451	0.00003	0.00001	0.00000	0.00001	49	5.0
Neisseria sp. Dent CA1/247	2912675	S	44699	48741	93440	0.00530	0.00277	0.00276	0.00269	55	nan
Neisseria sp. oral taxon 014	641148	S	9981	10394	20375	0.00116	0.00059	0.00061	0.00058	54	nan
Neisseria sp. Marseille-Q5346	2972775	S	452	560	1012	0.00006	0.00003	0.00003	0.00003	53	nan
Neisseria sp. DTU_2021_1001991_1_SI_NGA_ILE_055	3077590	S	380	496	876	0.00005	0.00003	0.00003	0.00003	53	nan
Neisseria sp. RH3002v2g	1871109	S	303	408	711	0.00004	0.00002	0.00002	0.00002	52	nan
Neisseria weixii	1853276	S	19318	19485	38803	0.00220	0.00111	0.00111	0.00107	52	nan
Neisseria subflava	28449	S	7999	9609	17608	0.00100	0.00055	0.00055	0.00053	52	nan
Neisseria mucosa	488	S	2992	3766	6758	0.00038	0.00021	0.00022	0.00021	53	nan
Neisseria brasiliensis	2666100	S	1047	1064	2111	0.00012	0.00006	0.00000	0.00006	52	4.0
Neisseria yangbaofengii	2709396	S	850	855	1705	0.00010	0.00005	0.00000	0.00005	52	5.0
Neisseria flavescens	484	S	386	449	835	0.00005	0.00003	0.00003	0.00002	52	nan
Neisseria perflava	33053	S	320	1297	1617	0.00009	0.00007	0.00007	0.00007	52	nan
Neisseria meningitidis	487	S	319	485	804	0.00005	0.00003	0.00003	0.00003	54	nan
Neisseria sicca	490	S	258	11952	12210	0.00069	0.00068	0.00069	0.00066	52	nan
Neisseria elongata	495	S	158	162	320	0.00002	0.00001	0.00000	0.00001	57	5.0
Neisseria chenwenguii	1853278	S	150	150	300	0.00002	0.00001	0.00000	0.00001	57	5.0
Vitreoscilla sp. C1	96942	S	30819	84459	115278	0.00654	0.00479	0.00478	0.00465	46	nan
Uruburuella testudinis	1282863	S	47823	47930	95753	0.00543	0.00272	0.00275	0.00266	56	nan
Alysiella filiformis	194196	S	11349	11478	22827	0.00130	0.00065	0.00065	0.00063	50	nan
Aquitalea magnusonii	332411	S	4971	5033	10004	0.00057	0.00029	0.00030	0.00029	61	nan
Nitrosomonas europaea	915	S	53253	67519	120772	0.00685	0.00383	0.00377	0.00364	51	nan
Nitrosomonas sp. H1_AOB3	2741553	S	46288	58700	104988	0.00596	0.00333	0.00334	0.00318	52	nan
Nitrosomonas eutropha	916	S	992	998	1990	0.00011	0.00006	0.00000	0.00005	48	5.0
Sideroxydans sp. CL21	2600596	S	58917	58964	117881	0.00669	0.00335	0.00336	0.00325	57	nan
Candidatus Nitrotoga sp. AM1P	2559597	S	40577	40640	81217	0.00461	0.00231	0.00228	0.00221	50	nan
Methylovorus glucosotrophus	266009	S	13631	14000	27631	0.00157	0.00079	0.00078	0.00078	56	nan
Sulfuriferula nivalis	2675298	S	5309	5310	10619	0.00060	0.00030	0.00030	0.00029	48	nan
Thauera sp. K11	2005884	S	143	150	293	0.00002	0.00001	0.00000	0.00001	69	4.0
Acidithiobacillus ferrooxidans	920	S	70228	75467	145695	0.00827	0.00428	0.00439	0.00432	60	nan
Paenibacillus sp. M-152	2487928	S	206083	472254	678337	0.03849	0.02680	0.02673	0.02597	46	nan
Paenibacillus sp. E222	2748863	S	42304	44072	86376	0.00490	0.00250	0.00248	0.00241	48	nan
Paenibacillus sp. DCT19	2211212	S	7981	8024	16005	0.00091	0.00046	0.00046	0.00044	46	nan
Paenibacillus sp. BIC5C1	3078263	S	2803	2910	5713	0.00032	0.00017	0.00016	0.00016	48	nan
Paenibacillus sp. JNUCC-31	2777983	S	2601	2647	5248	0.00030	0.00015	0.00015	0.00014	47	nan
Paenibacillus sp. CC-CFT742	2926710	S	2586	2992	5578	0.00032	0.00017	0.00018	0.00016	48	nan
Paenibacillus sp. PK1-4R	3049075	S	593	650	1243	0.00007	0.00004	0.00004	0.00004	47	nan
Paenibacillus sp. IHB B 3084	867076	S	195	208	403	0.00002	0.00001	0.00001	0.00001	49	nan
Paenibacillus sp. lzh-N1	2069255	S	189	440	629	0.00004	0.00002	0.00002	0.00002	47	nan
Paenibacillus sp. 37	2607911	S	109	414	523	0.00003	0.00002	0.00002	0.00002	46	nan
Paenibacillus rhizovicinus	2704463	S	60843	60990	121833	0.00691	0.00346	0.00343	0.00338	57	nan
Paenibacillus riograndensis	483937	S	52840	54765	107605	0.00611	0.00311	0.00315	0.00300	53	nan
Paenibacillus bovis	1616788	S	49270	49368	98638	0.00560	0.00280	0.00278	0.00270	50	nan
Paenibacillus brasilensis	128574	S	41989	42755	84744	0.00481	0.00243	0.00242	0.00235	48	nan
Paenibacillus terrae	159743	S	31213	32259	63472	0.00360	0.00183	0.00183	0.00177	48	nan
Paenibacillus agaridevorans	171404	S	10874	11373	22247	0.00126	0.00065	0.00000	0.00062	53	5.0
Paenibacillus marchantiae	3026433	S	3987	4137	8124	0.00046	0.00023	0.00023	0.00023	48	nan
Paenibacillus polymyxa	1406	S	3508	5038	8546	0.00048	0.00029	0.00029	0.00028	47	nan
Paenibacillus xylanilyticus	248903	S	2649	3065	5714	0.00032	0.00017	0.00018	0.00017	48	nan
Paenibacillus pabuli	1472	S	1638	1669	3307	0.00019	0.00009	0.00009	0.00009	47	nan
Paenibacillus amylolyticus	1451	S	1195	1273	2468	0.00014	0.00007	0.00007	0.00007	47	nan
Paenibacillus barcinonensis	198119	S	630	632	1262	0.00007	0.00004	0.00004	0.00003	48	nan
Paenibacillus peoriae	59893	S	406	589	995	0.00006	0.00003	0.00003	0.00003	47	nan
Paenibacillus xylanexedens	528191	S	358	404	762	0.00004	0.00002	0.00002	0.00002	47	nan
Paenibacillus kribbensis	172713	S	355	359	714	0.00004	0.00002	0.00002	0.00002	48	nan
Paenibacillus urinalis	521520	S	327	328	655	0.00004	0.00002	0.00000	0.00002	47	5.0
Paenibacillus glucanolyticus	59843	S	133	189	322	0.00002	0.00001	0.00000	0.00001	50	5.0
Brevibacillus sp. JNUCC-41	2778370	S	62240	64145	126385	0.00717	0.00364	0.00380	0.00370	41	nan
Brevibacillus sp. BB3-R1	2950604	S	15558	15677	31235	0.00177	0.00089	0.00088	0.00085	51	nan
Brevibacillus sp. HD3.3A	2738979	S	12254	27515	39769	0.00226	0.00156	0.00154	0.00149	54	nan
Brevibacillus marinus	2496837	S	36430	36469	72899	0.00414	0.00207	0.00210	0.00205	58	nan
Bacillus velezensis	492670	S	2643	23602	26245	0.00149	0.00134	0.00134	0.00130	47	nan
Bacillus amyloliquefaciens	1390	S	471	6081	6552	0.00037	0.00035	0.00034	0.00033	47	nan
Bacillus siamensis	659243	S	187	341	528	0.00003	0.00002	0.00002	0.00002	47	nan
Bacillus licheniformis	1402	S	5172	47997	53169	0.00302	0.00272	0.00273	0.00264	47	nan
Bacillus paralicheniformis	1648923	S	1859	2613	4472	0.00025	0.00015	0.00015	0.00014	47	nan
Bacillus subtilis	1423	S	149	1150	1299	0.00007	0.00007	0.00007	0.00006	47	nan
Bacillus mycoides	1405	S	5698	9541	15239	0.00086	0.00054	0.00000	0.00058	35	4.0
Bacillus sp. HSf4	3035514	S	1422	4139	5561	0.00032	0.00023	0.00023	0.00023	48	nan
Bacillus sp. R45	2912260	S	506	10797	11303	0.00064	0.00061	0.00061	0.00059	47	nan
Bacillus sp. Lzh-5	2049935	S	282	93526	93808	0.00532	0.00531	0.00531	0.00513	47	nan
Bacillus glycinifermentans	1664069	S	454	460	914	0.00005	0.00003	0.00000	0.00003	48	5.0
Geobacillus sp. JS12	1813182	S	56358	104839	161197	0.00915	0.00595	0.00594	0.00577	54	nan
Geobacillus stearothermophilus	1422	S	157	236	393	0.00002	0.00001	0.00001	0.00001	55	nan
Geobacillus subterraneus	129338	S	107	118	225	0.00001	0.00001	0.00001	0.00001	54	nan
Gracilibacillus salitolerans	2663022	S	35276	35339	70615	0.00401	0.00201	0.00221	0.00215	36	nan
Salipaludibacillus sp. LMS25	2924031	S	10133	10142	20275	0.00115	0.00058	0.00061	0.00059	39	nan
Virgibacillus phasianinus	2017483	S	9720	9736	19456	0.00110	0.00055	0.00059	0.00057	39	nan
Amphibacillus xylanus	1449	S	9554	9564	19118	0.00108	0.00054	0.00062	0.00059	35	nan
Oceanobacillus kimchii	746691	S	103	116	219	0.00001	0.00001	0.00000	0.00001	35	4.0
Sporosarcina thermotolerans	633404	S	262581	262932	525513	0.02982	0.01492	0.01543	0.01492	42	nan
Planococcus maritimus	192421	S	13250	13364	26614	0.00151	0.00076	0.00076	0.00073	49	nan
Planococcus rifietoensis	200991	S	103	105	208	0.00001	0.00001	0.00000	0.00001	51	3.0
Exiguobacterium sp. AT1b	360911	S	33025	40492	73517	0.00417	0.00230	0.00227	0.00219	49	nan
Exiguobacterium sp. PFWT01	2829816	S	8812	10644	19456	0.00110	0.00060	0.00060	0.00058	50	nan
Exiguobacterium sp. JLM-2	1647415	S	310	310	620	0.00004	0.00002	0.00000	0.00002	54	5.0
Exiguobacterium profundum	307643	S	4355	4667	9022	0.00051	0.00026	0.00026	0.00025	50	nan
Exiguobacterium marinum	273528	S	498	501	999	0.00006	0.00003	0.00000	0.00003	48	5.0
Macrococcus equipercicus	69967	S	21638	21756	43394	0.00246	0.00123	0.00132	0.00123	46	nan
Macrococcus epidermidis	1902580	S	17432	17686	35118	0.00199	0.00100	0.00124	0.00115	36	nan
Macrococcus bohemicus	1903056	S	398	508	906	0.00005	0.00003	0.00000	0.00003	35	5.0
Macrococcus canis	1855823	S	287	289	576	0.00003	0.00002	0.00000	0.00002	38	3.0
Macrococcus bovicus	69968	S	169	169	338	0.00002	0.00001	0.00000	0.00001	46	4.0
Macrococcus sp. IME1552	1898474	S	162	253	415	0.00002	0.00001	0.00002	0.00002	34	nan
Macrococcus armenti	2875764	S	130	131	261	0.00001	0.00001	0.00000	0.00001	36	3.0
Macrococcus brunensis	198483	S	119	119	238	0.00001	0.00001	0.00000	0.00001	43	3.0
Listeria newyorkensis	1497681	S	33945	34016	67961	0.00386	0.00193	0.00197	0.00190	43	nan
Listeria seeligeri	1640	S	3460	3529	6989	0.00040	0.00020	0.00022	0.00021	38	nan
Listeria weihenstephanensis	1006155	S	442	442	884	0.00005	0.00003	0.00000	0.00003	42	5.0
Listeria ivanovii	1638	S	431	436	867	0.00005	0.00002	0.00000	0.00003	37	5.0
Novibacillus thermophilus	1471761	S	20483	20499	40982	0.00233	0.00116	0.00115	0.00111	52	nan
Alicyclobacillus sp. ALC3	2796143	S	19190	19205	38395	0.00218	0.00109	0.00110	0.00106	56	nan
Lacticaseibacillus sp. KACC 23028	3025672	S	109129	111716	220845	0.01253	0.00634	0.00621	0.00605	53	nan
Lacticaseibacillus sp. NCIMB 15474	3068307	S	4632	355635	360267	0.02044	0.02018	0.01981	0.01918	49	nan
Lacticaseibacillus sp. NCIMB 15471	3068305	S	524	751	1275	0.00007	0.00004	0.00004	0.00004	49	nan
Lacticaseibacillus paracasei	1597	S	14625	15367	29992	0.00170	0.00087	0.00087	0.00083	47	nan
Lacticaseibacillus casei	1582	S	1096	7484	8580	0.00049	0.00042	0.00042	0.00040	49	nan
Lacticaseibacillus chiayiensis	2100821	S	917	933	1850	0.00010	0.00005	0.00005	0.00005	47	nan
Lacticaseibacillus zeae	57037	S	695	1621	2316	0.00013	0.00009	0.00009	0.00009	49	nan
Lacticaseibacillus rhamnosus	47715	S	628	1146	1774	0.00010	0.00007	0.00007	0.00006	48	nan
Levilactobacillus brevis	1580	S	175871	181113	356984	0.02026	0.01028	0.01036	0.00990	47	nan
Levilactobacillus namurensis	380393	S	188	191	379	0.00002	0.00001	0.00000	0.00001	54	4.0
Lactobacillus sp. KimC2	2932183	S	49219	49262	98481	0.00559	0.00280	0.00321	0.00313	35	nan
Lactobacillus delbrueckii	1584	S	38773	39042	77815	0.00442	0.00222	0.00217	0.00214	54	nan
Limosilactobacillus mucosae	97478	S	67047	67528	134575	0.00764	0.00383	0.00383	0.00370	48	nan
Limosilactobacillus fermentum	1613	S	174	186	360	0.00002	0.00001	0.00000	0.00001	54	4.0
Lactiplantibacillus pentosus	1589	S	43879	45218	89097	0.00506	0.00257	0.00257	0.00248	48	nan
Lactiplantibacillus plantarum	1590	S	1418	1965	3383	0.00019	0.00011	0.00000	0.00011	47	4.0
Weissella confusa	1583	S	11072	11201	22273	0.00126	0.00064	0.00064	0.00061	46	nan
Weissella cibaria	137591	S	246	248	494	0.00003	0.00001	0.00000	0.00001	46	4.0
Loigolactobacillus coryniformis	1610	S	155	162	317	0.00002	0.00001	0.00000	0.00001	43	4.0
Streptococcus sp. oral taxon 061	712623	S	111117	116827	227944	0.01293	0.00663	0.00700	0.00679	41	nan
Streptococcus sp. LPB0220	2610896	S	3762	4157	7919	0.00045	0.00024	0.00024	0.00023	44	nan
Streptococcus sp. A12	1759399	S	486	521	1007	0.00006	0.00003	0.00000	0.00003	44	5.0
Streptococcus sp. oral taxon 431	712633	S	282	293	575	0.00003	0.00002	0.00000	0.00002	41	3.0
Streptococcus sp. DTU_2020_1001019_1_SI_AUS_MUR_006	3077584	S	199	206	405	0.00002	0.00001	0.00000	0.00001	42	5.0
Streptococcus parasanguinis	1318	S	87522	91610	179132	0.01016	0.00520	0.00547	0.00519	43	nan
Streptococcus ilei	1156431	S	15757	20144	35901	0.00204	0.00114	0.00118	0.00114	43	nan
Streptococcus intermedius	1338	S	6435	7180	13615	0.00077	0.00041	0.00045	0.00043	38	nan
Streptococcus anginosus	1328	S	172	218	390	0.00002	0.00001	0.00000	0.00001	40	5.0
Streptococcus salivarius	1304	S	2255	2519	4774	0.00027	0.00014	0.00000	0.00015	41	5.0
Streptococcus australis	113107	S	1082	1393	2475	0.00014	0.00008	0.00000	0.00008	44	5.0
Streptococcus lactarius	684066	S	1042	1060	2102	0.00012	0.00006	0.00006	0.00006	43	nan
Streptococcus oralis	1303	S	1011	1104	2115	0.00012	0.00006	0.00000	0.00006	43	5.0
Streptococcus gordonii	1302	S	507	514	1021	0.00006	0.00003	0.00000	0.00003	41	4.0
Streptococcus koreensis	2382163	S	370	496	866	0.00005	0.00003	0.00003	0.00003	44	nan
Streptococcus thermophilus	1308	S	339	358	697	0.00004	0.00002	0.00000	0.00002	41	4.0
Streptococcus pneumoniae	1313	S	271	404	675	0.00004	0.00002	0.00000	0.00002	41	5.0
Streptococcus rubneri	1234680	S	262	310	572	0.00003	0.00002	0.00000	0.00002	43	5.0
Streptococcus sanguinis	1305	S	117	122	239	0.00001	0.00001	0.00000	0.00001	46	5.0
Streptococcus mitis	28037	S	111	119	230	0.00001	0.00001	0.00000	0.00001	42	5.0
Streptococcus suis	1307	S	110	122	232	0.00001	0.00001	0.00000	0.00001	41	5.0
Streptococcus agalactiae	1311	S	101	615	716	0.00004	0.00003	0.00004	0.00004	41	nan
Enterococcus faecalis	1351	S	116	234	350	0.00002	0.00001	0.00000	0.00001	38	4.0
Ruminococcus albus	1264	S	93265	93304	186569	0.01059	0.00529	0.00543	0.00523	47	nan
Ruminococcus sp. SR1/5	657323	S	2013	4114	6127	0.00035	0.00023	0.00024	0.00023	46	nan
Caproiciproducens sp. NJN-50	2507162	S	87291	87747	175038	0.00993	0.00498	0.00507	0.00490	57	nan
Thermocaproicibacter melissae	2966552	S	46692	46802	93494	0.00531	0.00266	0.00263	0.00255	50	nan
Vescimonas fastidiosa	2714353	S	6710	7302	14012	0.00080	0.00041	0.00041	0.00042	61	nan
Acididesulfobacillus acetoxydans	1561005	S	59972	59992	119964	0.00681	0.00340	0.00341	0.00329	53	nan
Desulforamulus reducens	59610	S	39271	39328	78599	0.00446	0.00223	0.00229	0.00223	43	nan
Desulforamulus ruminis	1564	S	7880	7883	15763	0.00089	0.00045	0.00045	0.00044	49	nan
Proteiniclasticum sp. QWL-01	3036945	S	41025	41100	82125	0.00466	0.00233	0.00234	0.00226	54	nan
Clostridium sp. SY8519	1042156	S	27997	28245	56242	0.00319	0.00160	0.00158	0.00154	52	nan
Clostridium sp. JS66	3064705	S	3916	4053	7969	0.00045	0.00023	0.00031	0.00030	30	nan
Anaerostipes rhamnosivorans	1229621	S	28218	28554	56772	0.00322	0.00162	0.00162	0.00158	46	nan
Enterocloster clostridioformis	1531	S	21348	21952	43300	0.00246	0.00125	0.00124	0.00121	51	nan
Enterocloster bolteae	208479	S	584	599	1183	0.00007	0.00003	0.00000	0.00003	52	4.0
Blautia sp. SC05B48	2479767	S	4795	8560	13355	0.00076	0.00049	0.00051	0.00048	46	nan
Blautia obeum	40520	S	1920	2462	4382	0.00025	0.00014	0.00015	0.00014	43	nan
Blautia luti	89014	S	1421	1901	3322	0.00019	0.00011	0.00011	0.00011	44	nan
Blautia wexlerae	418240	S	806	1111	1917	0.00011	0.00006	0.00000	0.00006	44	5.0
Blautia producta	33035	S	268	288	556	0.00003	0.00002	0.00002	0.00002	47	nan
Blautia parvula	2877527	S	146	166	312	0.00002	0.00001	0.00000	0.00001	48	4.0
Roseburia intestinalis	166486	S	395	618	1013	0.00006	0.00004	0.00004	0.00003	44	nan
Dorea longicatena	88431	S	386	493	879	0.00005	0.00003	0.00003	0.00003	43	nan
[Ruminococcus] torques	33039	S	210	278	488	0.00003	0.00002	0.00000	0.00002	43	5.0
[Ruminococcus] gnavus	33038	S	129	162	291	0.00002	0.00001	0.00001	0.00001	44	nan
Anaerobutyricum hallii	39488	S	430	494	924	0.00005	0.00003	0.00000	0.00003	40	5.0
Coprococcus comes	410072	S	251	327	578	0.00003	0.00002	0.00002	0.00002	44	nan
[Clostridium] scindens	29347	S	330	347	677	0.00004	0.00002	0.00000	0.00002	49	4.0
Agathobacter rectalis	39491	S	200	233	433	0.00002	0.00001	0.00001	0.00001	44	nan
Acetobacterium sp. KB-1	2184575	S	36857	36972	73829	0.00419	0.00210	0.00215	0.00209	42	nan
Carboxydocella thermautotrophica	178899	S	27408	27416	54824	0.00311	0.00156	0.00155	0.00151	52	nan
Moorella thermoacetica	1525	S	82250	82497	164747	0.00935	0.00468	0.00477	0.00466	59	nan
Moorella glycerini	55779	S	55779	55831	111610	0.00633	0.00317	0.00323	0.00313	58	nan
Moorella sp. Hama-1	2138101	S	702	705	1407	0.00008	0.00004	0.00000	0.00004	58	5.0
Thermanaeromonas toyohensis	161154	S	19326	19327	38653	0.00219	0.00110	0.00108	0.00105	48	nan
Thermoanaerobacterium saccharolyticum	28896	S	1722	58420	60142	0.00341	0.00331	0.00396	0.00374	36	nan
Thermoanaerobacterium xylanolyticum	29329	S	222	226	448	0.00003	0.00001	0.00002	0.00001	36	nan
Caldicellulosiruptor owensensis	55205	S	10563	10754	21317	0.00121	0.00061	0.00070	0.00067	35	nan
Selenobaculum gbiensis	3054208	S	12959	12963	25922	0.00147	0.00074	0.00083	0.00082	35	nan
Corynebacterium stationis	1705	S	166396	167651	334047	0.01895	0.00951	0.00942	0.00914	55	nan
Corynebacterium amycolatum	43765	S	102249	121614	223863	0.01270	0.00690	0.00694	0.00691	60	nan
Corynebacterium canis	679663	S	22869	22896	45765	0.00260	0.00130	0.00136	0.00133	61	nan
Corynebacterium flavescens	28028	S	15805	15885	31690	0.00180	0.00090	0.00091	0.00092	61	nan
Corynebacterium durum	61592	S	13253	13264	26517	0.00150	0.00075	0.00076	0.00074	58	nan
Corynebacterium sp. FDAARGOS 1242	2778078	S	4974	5368	10342	0.00059	0.00030	0.00032	0.00031	61	nan
Corynebacterium sp. LK10	2022656	S	4163	4202	8365	0.00047	0.00024	0.00024	0.00023	55	nan
Corynebacterium sp. LK31	2044576	S	1300	1313	2613	0.00015	0.00007	0.00008	0.00007	56	nan
Corynebacterium sp. L2-79-05	373068	S	354	544	898	0.00005	0.00003	0.00000	0.00003	63	5.0
Corynebacterium tuberculostearicum	38304	S	2808	2878	5686	0.00032	0.00016	0.00017	0.00017	60	nan
Corynebacterium casei	160386	S	1082	1120	2202	0.00012	0.00006	0.00000	0.00006	57	5.0
Corynebacterium kefirresidentii	1979527	S	714	872	1586	0.00009	0.00005	0.00005	0.00005	59	nan
Corynebacterium ammoniagenes	1697	S	700	705	1405	0.00008	0.00004	0.00000	0.00004	56	5.0
Corynebacterium hadale	2026255	S	430	470	900	0.00005	0.00003	0.00000	0.00003	67	5.0
Corynebacterium lactis	1231000	S	381	382	763	0.00004	0.00002	0.00000	0.00002	62	5.0
Corynebacterium urealyticum	43771	S	218	221	439	0.00002	0.00001	0.00000	0.00001	66	4.0
Corynebacterium freneyi	134034	S	197	199	396	0.00002	0.00001	0.00000	0.00001	70	4.0
Corynebacterium striatum	43770	S	167	212	379	0.00002	0.00001	0.00000	0.00001	60	5.0
Corynebacterium diphtheriae	1717	S	128	133	261	0.00001	0.00001	0.00000	0.00001	54	4.0
Lawsonella clevelandensis	1528099	S	12914	13104	26018	0.00148	0.00074	0.00077	0.00074	58	nan
Rhodococcus sp. SG20037	3074148	S	1021	6540	7561	0.00043	0.00037	0.00040	0.00039	63	nan
Rhodococcus fascians	1828	S	172	178	350	0.00002	0.00001	0.00001	0.00001	65	nan
Rhodococcus opacus	37919	S	102	130	232	0.00001	0.00001	0.00000	0.00001	67	5.0
Gordonia sp. SL306	2995145	S	248	262	510	0.00003	0.00001	0.00000	0.00002	68	4.0
Gordonia sp. NB41Y	875808	S	159	184	343	0.00002	0.00001	0.00000	0.00001	69	5.0
Gordonia sp. KTR9	337191	S	137	304	441	0.00003	0.00002	0.00000	0.00002	68	5.0
Gordonia insulae	2420509	S	239	331	570	0.00003	0.00002	0.00000	0.00002	67	5.0
Gordonia mangrovi	2665643	S	190	202	392	0.00002	0.00001	0.00000	0.00001	67	4.0
Gordonia bronchialis	2054	S	185	312	497	0.00003	0.00002	0.00000	0.00002	68	5.0
Gordonia terrae	2055	S	170	335	505	0.00003	0.00002	0.00000	0.00002	68	5.0
Gordonia jinghuaiqii	2758710	S	166	191	357	0.00002	0.00001	0.00000	0.00001	68	5.0
Gordonia polyisoprenivorans	84595	S	134	479	613	0.00003	0.00003	0.00000	0.00003	68	5.0
Gordonia pseudamarae	2831662	S	125	147	272	0.00002	0.00001	0.00000	0.00001	67	5.0
Gordonia otitidis	249058	S	119	173	292	0.00002	0.00001	0.00000	0.00001	66	4.0
Gordonia amarae	36821	S	114	127	241	0.00001	0.00001	0.00000	0.00001	68	4.0
Aquiluna borgnonia	2499157	S	68011	68109	136120	0.00772	0.00386	0.00386	0.00369	55	nan
Rhodoluna lacicola	529884	S	13305	13332	26637	0.00151	0.00076	0.00074	0.00071	52	nan
Microbacterium sp. SGAir0570	2070348	S	14933	22755	37688	0.00214	0.00129	0.00163	0.00164	70	nan
Yimella sp. cx-51	2770551	S	77680	77817	155497	0.00882	0.00442	0.00547	0.00508	67	nan
Arcanobacterium pinnipediorum	1503041	S	111530	112431	223961	0.01271	0.00638	0.00624	0.00601	51	nan
Arcanobacterium phocae	131112	S	8525	8631	17156	0.00097	0.00049	0.00047	0.00046	50	nan
Arcanobacterium phocisimile	1302235	S	410	416	826	0.00005	0.00002	0.00000	0.00002	51	5.0
Arcanobacterium buesumense	2722751	S	271	273	544	0.00003	0.00002	0.00000	0.00001	49	5.0
Actinomyces respiraculi	2744574	S	48176	48358	96534	0.00548	0.00274	0.00317	0.00357	71	nan
Actinomyces trachealis	2763540	S	165	165	330	0.00002	0.00001	0.00000	0.00001	67	4.0
Trueperella bernardiae	59561	S	141	145	286	0.00002	0.00001	0.00000	0.00001	68	4.0
Trueperella pyogenes	1661	S	107	108	215	0.00001	0.00001	0.00000	0.00001	61	4.0
Aeromicrobium wangtongii	2969247	S	56043	56183	112226	0.00637	0.00319	0.00418	0.00400	70	nan
Cutibacterium modestum	2559073	S	6439	6605	13044	0.00074	0.00037	0.00039	0.00038	61	nan
Micromonospora sp. WMMD1128	3015150	S	29023	51715	80738	0.00458	0.00293	0.00000	0.00444	74	5.0
Candidatus Planktophila lacus	1884913	S	23273	23296	46569	0.00264	0.00132	0.00127	0.00124	48	nan
Candidatus Planktophila vernalis	1884907	S	22883	22898	45781	0.00260	0.00130	0.00127	0.00123	46	nan
Streptomyces sp. ID38640	1265399	S	6214	13910	20124	0.00114	0.00079	0.00080	0.00107	72	nan
Bifidobacterium animalis	28025	S	230	8268	8498	0.00048	0.00047	0.00049	0.00048	62	nan
Atopobium sp. oral taxon 416	712157	S	18708	18776	37484	0.00213	0.00107	0.00109	0.00104	57	nan
Thermosynechococcus sp. CL-1	2583530	S	21668	168588	190256	0.01080	0.00957	0.00943	0.00912	55	nan
Thermosynechococcus sp. HN-54	2933959	S	406	408	814	0.00005	0.00002	0.00000	0.00002	54	5.0
Thermosynechococcus sp.	2814275	S	216	221	437	0.00002	0.00001	0.00001	0.00001	55	nan
Thermosynechococcus sp. NK55a	1394889	S	189	193	382	0.00002	0.00001	0.00001	0.00001	54	nan
Synechococcus sp. WH 8109	166314	S	73623	74471	148094	0.00840	0.00423	0.00461	0.00436	62	nan
Synechococcus sp. KORDI-52	585425	S	22454	22547	45001	0.00255	0.00128	0.00140	0.00131	61	nan
Synechocystis sp. PCC 6714	1147	S	16128	37253	53381	0.00303	0.00211	0.00208	0.00203	50	nan
Dolichospermum flos-aquae	1166	S	32583	45533	78116	0.00443	0.00258	0.00281	0.00271	39	nan
Sphaerospermopsis torques-reginae	984207	S	17507	17519	35026	0.00199	0.00099	0.00109	0.00106	35	nan
Anabaenopsis elenkinii	156213	S	11233	11238	22471	0.00128	0.00064	0.00065	0.00063	43	nan
Calothrix sp. NIES-3974	2005462	S	9823	9823	19646	0.00111	0.00056	0.00057	0.00056	43	nan
Oxynema aestuarii	2874213	S	29448	29451	58899	0.00334	0.00167	0.00168	0.00162	54	nan
Oscillatoria acuminata	118323	S	17004	17005	34009	0.00193	0.00096	0.00095	0.00092	48	nan
Rippkaea orientalis	2546366	S	22870	22871	45741	0.00260	0.00130	0.00138	0.00133	38	nan
Stanieria cyanosphaera	102116	S	18348	18348	36696	0.00208	0.00104	0.00114	0.00113	37	nan
Nodosilinea sp. E11	3037479	S	9834	9835	19669	0.00112	0.00056	0.00057	0.00055	59	nan
Leptolyngbya sp. 7M	2812896	S	3257	3257	6514	0.00037	0.00018	0.00018	0.00018	51	nan
Dehalogenimonas formicexedens	1839801	S	201734	201888	403622	0.02290	0.01146	0.01146	0.01111	55	nan
Anseongella ginsenosidimutans	496056	S	143771	143786	287557	0.01632	0.00816	0.00803	0.00778	51	nan
Pedobacter riviphilus	2766984	S	103121	103280	206401	0.01171	0.00586	0.00626	0.00608	39	nan
Olivibacter sp. SDN3	2764720	S	70645	70721	141366	0.00802	0.00401	0.00415	0.00405	42	nan
Sphingobacterium sp. BN32	3058432	S	32188	33295	65483	0.00372	0.00189	0.00195	0.00189	42	nan
Bacteroides sp. ZJ-18	2709390	S	21896	95021	116917	0.00663	0.00539	0.00555	0.00533	46	nan
Bacteroides sp. CACC 737	2755405	S	2830	10052	12882	0.00073	0.00057	0.00059	0.00056	46	nan
Bacteroides intestinalis	329854	S	17007	17603	34610	0.00196	0.00100	0.00104	0.00099	44	nan
Bacteroides cellulosilyticus	246787	S	2109	2702	4811	0.00027	0.00015	0.00016	0.00015	44	nan
Bacteroides fragilis	817	S	754	1216	1970	0.00011	0.00007	0.00007	0.00007	45	nan
Bacteroides uniformis	820	S	216	388	604	0.00003	0.00002	0.00000	0.00002	47	5.0
Bacteroides thetaiotaomicron	818	S	137	189	326	0.00002	0.00001	0.00001	0.00001	45	nan
Phocaeicola coprophilus	387090	S	4545	4873	9418	0.00053	0.00028	0.00029	0.00027	46	nan
Prevotella scopos	589437	S	14802	15475	30277	0.00172	0.00088	0.00091	0.00089	42	nan
Hoylesella enoeca	76123	S	8533	8604	17137	0.00097	0.00049	0.00049	0.00047	48	nan
Petrimonas mucosa	1642646	S	17018	17065	34083	0.00193	0.00097	0.00000	0.00093	51	5.0
Alistipes shahii	328814	S	13040	14852	27892	0.00158	0.00084	0.00085	0.00087	62	nan
Muribaculum intestinale	1796646	S	6858	6907	13765	0.00078	0.00039	0.00038	0.00038	52	nan
Pontibacter kalidii	2592049	S	62475	62784	125259	0.00711	0.00356	0.00356	0.00345	56	nan
Pontibacter korlensis	400092	S	14916	14927	29843	0.00169	0.00085	0.00083	0.00081	48	nan
Hymenobacter swuensis	1446467	S	48451	48507	96958	0.00550	0.00275	0.00293	0.00283	60	nan
Spirosoma aureum	2692134	S	34650	34676	69326	0.00393	0.00197	0.00194	0.00187	49	nan
Riemerella columbina	103810	S	56663	57330	113993	0.00647	0.00325	0.00343	0.00333	42	nan
Chryseobacterium sp. SG20098	3074145	S	4687	8369	13056	0.00074	0.00047	0.00053	0.00052	37	nan
Chryseobacterium sp. MA9	2966625	S	3738	3827	7565	0.00043	0.00022	0.00026	0.00024	37	nan
Chryseobacterium sp. MEBOG07	2879939	S	1018	1027	2045	0.00012	0.00006	0.00000	0.00006	38	5.0
Chryseobacterium sp. D764	2856522	S	711	1781	2492	0.00014	0.00010	0.00012	0.00011	37	nan
Chryseobacterium sp. JV274	1932669	S	615	1386	2001	0.00011	0.00008	0.00009	0.00009	37	nan
Chryseobacterium sp. StRB126	878220	S	479	484	963	0.00005	0.00003	0.00000	0.00003	36	5.0
Chryseobacterium sp. MEBOG06	2879938	S	253	254	507	0.00003	0.00001	0.00000	0.00002	37	5.0
Chryseobacterium sp. G0186	2487064	S	192	198	390	0.00002	0.00001	0.00000	0.00001	37	5.0
Chryseobacterium panacisoli	1807141	S	11967	12224	24191	0.00137	0.00069	0.00077	0.00075	38	nan
Chryseobacterium indologenes	253	S	1495	1523	3018	0.00017	0.00009	0.00009	0.00009	38	nan
Chryseobacterium aureum	2497456	S	172	173	345	0.00002	0.00001	0.00000	0.00001	39	4.0
Chryseobacterium gleum	250	S	168	178	346	0.00002	0.00001	0.00000	0.00001	38	5.0
Chryseobacterium cucumeris	1813611	S	101	106	207	0.00001	0.00001	0.00000	0.00001	38	4.0
Cloacibacterium normanense	237258	S	13604	14136	27740	0.00157	0.00080	0.00099	0.00094	34	nan
Flavobacterium sp. HJ-32-4	1160795	S	594	22759	23353	0.00133	0.00129	0.00127	0.00123	52	nan
Flavobacterium cerinum	2502784	S	2606	2658	5264	0.00030	0.00015	0.00016	0.00016	38	nan
Formosa sp. Hel1_33_131	1336794	S	12261	12292	24553	0.00139	0.00070	0.00077	0.00075	37	nan
Algibacter sp. L3A6	2686366	S	3351	3415	6766	0.00038	0.00019	0.00024	0.00022	34	nan
Arachidicoccus terrestris	2875539	S	14842	14849	29691	0.00168	0.00084	0.00084	0.00082	46	nan
Prosthecochloris sp. SCSIO W1103	2992244	S	55305	72830	128135	0.00727	0.00413	0.00406	0.00393	49	nan
Prosthecochloris sp. SCSIO W1101	2992242	S	111	118	229	0.00001	0.00001	0.00001	0.00001	48	nan
uncultured Pseudodesulfovibrio sp.	2035858	S	181814	182117	363931	0.02065	0.01033	0.00000	0.01018	56	4.0
Pseudodesulfovibrio sediminis	2810563	S	54982	55022	110004	0.00624	0.00312	0.00312	0.00302	56	nan
Pseudodesulfovibrio nedwellii	2973072	S	20274	20296	40570	0.00230	0.00115	0.00112	0.00109	51	nan
Pelobacter propionicus	29543	S	71144	71444	142588	0.00809	0.00405	0.00413	0.00413	62	nan
Desulfotalea psychrophila	84980	S	70933	70958	141891	0.00805	0.00403	0.00402	0.00389	48	nan
Desulfobacter postgatei	2293	S	64224	64393	128617	0.00730	0.00365	0.00366	0.00353	49	nan
uncultured Desulfobacter sp.	240139	S	3201	3204	6405	0.00036	0.00018	0.00000	0.00018	49	5.0
Desulfobacter hydrogenophilus	2291	S	1099	1101	2200	0.00012	0.00006	0.00000	0.00006	48	5.0
Thermosulfuriphilus ammonigenes	1936021	S	13592	13592	27184	0.00154	0.00077	0.00076	0.00074	53	nan
Sulfurimonas sp. CVO	2283483	S	48970	76869	125839	0.00714	0.00436	0.00525	0.00499	35	nan
Sulfuricurvum kujiense	148813	S	8967	8976	17943	0.00102	0.00051	0.00052	0.00050	46	nan
Sulfurovum lithotrophicum	206403	S	48616	48984	97600	0.00554	0.00278	0.00279	0.00272	47	nan
Aliarcobacter trophiarum	708186	S	32376	32511	64887	0.00368	0.00184	0.00201	0.00259	29	nan
Campylobacter sp. RM16192	1660080	S	21727	22015	43742	0.00248	0.00125	0.00144	0.00140	36	nan
Campylobacter sp. RM5004	1660078	S	3699	3711	7410	0.00042	0.00021	0.00026	0.00029	29	nan
Helicobacter hepaticus	32025	S	11767	11946	23713	0.00135	0.00068	0.00076	0.00074	36	nan
Calycomorphotria hydatis	2528027	S	43874	43874	87748	0.00498	0.00249	0.00245	0.00237	55	nan
Thalassoglobus polymorphus	2527994	S	12360	12360	24720	0.00140	0.00070	0.00068	0.00066	51	nan
Pirellula staleyi	125	S	22406	22407	44813	0.00254	0.00127	0.00130	0.00125	58	nan
Mariniblastus fucicola	980251	S	22145	22145	44290	0.00251	0.00126	0.00123	0.00119	54	nan
Singulisphaera acidiphila	466153	S	7176	7177	14353	0.00081	0.00041	0.00045	0.00043	63	nan
Sedimentisphaera salicampi	1941349	S	28361	28379	56740	0.00322	0.00161	0.00160	0.00155	47	nan
Sedimentisphaera cyanobacteriorum	1940790	S	160	160	320	0.00002	0.00001	0.00000	0.00001	48	4.0
Coprothermobacter proteolyticus	35786	S	75112	75157	150269	0.00853	0.00426	0.00421	0.00408	44	nan
Salinispira pacifica	1307761	S	63203	63203	126406	0.00717	0.00359	0.00354	0.00342	54	nan
Geovibrio thiophilus	139438	S	32834	32834	65668	0.00373	0.00186	0.00183	0.00178	50	nan
Calditerrivibrio nitroreducens	477976	S	13037	13037	26074	0.00148	0.00074	0.00084	0.00082	36	nan
Thermotoga maritima	2336	S	6991	21070	28061	0.00159	0.00120	0.00117	0.00114	46	nan
Thermotoga sp. Cell2	1157947	S	3328	6637	9965	0.00057	0.00038	0.00037	0.00036	47	nan
Thermosipho africanus	2421	S	5449	5453	10902	0.00062	0.00031	0.00042	0.00039	30	nan
Candidatus Chazhemtobacterium aquaticus	2715735	S	20134	20134	40268	0.00228	0.00114	0.00113	0.00110	45	nan
Candidatus Mycosynbacter amalyticus	2665156	S	8736	8736	17472	0.00099	0.00050	0.00048	0.00047	51	nan
Terriglobus roseus	392734	S	18973	18976	37949	0.00215	0.00108	0.00113	0.00110	61	nan
Bdellovibrio sp. KM01	2748865	S	8271	8324	16595	0.00094	0.00047	0.00047	0.00045	46	nan
Halobacteriovorax sp. BALOs_7	2109558	S	6444	6445	12889	0.00073	0.00037	0.00041	0.00040	36	nan
Acetomicrobium mobile	97477	S	10256	10256	20512	0.00116	0.00058	0.00057	0.00056	48	nan
Leptotrichia trevisanii	109328	S	4187	4233	8420	0.00048	0.00024	0.00028	0.00032	31	nan
Desulfurispirillum indicum	936456	S	100	100	200	0.00001	0.00001	0.00000	0.00001	57	4.0
Homo sapiens	9606	S	202	202	404	0.00002	0.00001	0.00000	0.00001	38	4.0
