name	taxonomy_id	taxonomy_lvl	kraken_assigned_reads	added_reads	new_est_reads	fraction_total_reads	Bracken_estimate	GuaCAMOLE_estimate	GuaCAMOLE_est_eff	GC content	Taxon Removal Cycle
Pectobacterium atrosepticum	29471	S	1201313	1236396	2437709	0.13732	0.06965	0.08112	0.06389	54	nan
Pectobacterium parmentieri	1905730	S	282080	295843	577923	0.03256	0.01667	0.02022	0.01533	54	nan
Pectobacterium brasiliense	180957	S	281734	371571	653305	0.03680	0.02093	0.02431	0.01974	55	nan
Pectobacterium carotovorum	554	S	218267	349717	567984	0.03200	0.01970	0.02283	0.01851	54	nan
Pectobacterium wasabiae	55208	S	194816	204297	399113	0.02248	0.01151	0.01400	0.01058	53	nan
Pectobacterium punjabense	2108399	S	180758	191088	371846	0.02095	0.01076	0.01308	0.00986	52	nan
Pectobacterium aroidearum	1201031	S	168104	285603	453707	0.02556	0.01609	0.01851	0.01507	54	nan
Pectobacterium sp. A5351	2914983	S	70266	76366	146632	0.00826	0.00430	0.00507	0.00402	54	nan
Pectobacterium sp. PL64	2738983	S	45966	53422	99388	0.00560	0.00301	0.00356	0.00285	54	nan
Pectobacterium sp. F1-1	2949614	S	21111	33810	54921	0.00309	0.00190	0.00220	0.00179	54	nan
Pectobacterium sp. 21LCBS03	2935858	S	8275	19334	27609	0.00156	0.00109	0.00127	0.00103	54	nan
Pectobacterium polonicum	2485124	S	127730	135573	263303	0.01483	0.00764	0.00893	0.00703	54	nan
Pectobacterium polaris	2042057	S	101622	118120	219742	0.01238	0.00665	0.00776	0.00626	54	nan
Pectobacterium actinidiae	1507808	S	96429	101404	197833	0.01114	0.00571	0.00656	0.00531	54	nan
Pectobacterium versatile	2488639	S	61574	105029	166603	0.00939	0.00592	0.00682	0.00555	54	nan
Pectobacterium cacticida	69221	S	41972	42249	84221	0.00474	0.00238	0.00292	0.00218	51	nan
Pectobacterium odoriferum	78398	S	40139	47978	88117	0.00496	0.00270	0.00312	0.00253	54	nan
Pectobacterium quasiaquaticum	2774015	S	33746	41817	75563	0.00426	0.00236	0.00273	0.00221	54	nan
Pectobacterium parvum	2778550	S	31813	39998	71811	0.00405	0.00225	0.00257	0.00211	54	nan
Pectobacterium colocasium	2878098	S	21458	32753	54211	0.00305	0.00185	0.00214	0.00173	54	nan
Pectobacterium aquaticum	2204145	S	20640	27721	48361	0.00272	0.00156	0.00178	0.00145	54	nan
Dickeya dadantii	204038	S	15977	16584	32561	0.00183	0.00093	0.00000	0.00104	59	5.0
Dickeya zeae	204042	S	5143	5585	10728	0.00060	0.00031	0.00000	0.00031	56	4.0
Dickeya lacustris	2259638	S	958	978	1936	0.00011	0.00006	0.00000	0.00005	54	4.0
Dickeya parazeae	2893572	S	925	1481	2406	0.00014	0.00008	0.00000	0.00008	55	4.0
Dickeya dianthicola	204039	S	554	572	1126	0.00006	0.00003	0.00000	0.00004	58	4.0
Dickeya fangzhongdai	1778540	S	495	842	1337	0.00008	0.00005	0.00000	0.00005	58	4.0
Dickeya chrysanthemi	556	S	456	464	920	0.00005	0.00003	0.00000	0.00003	57	4.0
Dickeya solani	1089444	S	312	325	637	0.00004	0.00002	0.00000	0.00002	59	4.0
Dickeya poaceiphila	568768	S	150	151	301	0.00002	0.00001	0.00000	0.00001	55	3.0
Dickeya sp. Secpp 1600	2037915	S	122	339	461	0.00003	0.00002	0.00000	0.00002	58	4.0
Dickeya oryzae	1240404	S	133	172	305	0.00002	0.00001	0.00000	0.00001	56	4.0
Brenneria goodwinii	1109412	S	1505	1994	3499	0.00020	0.00011	0.00000	0.00011	55	5.0
Brenneria izadpanahii	2722756	S	1137	1517	2654	0.00015	0.00009	0.00000	0.00009	55	5.0
Brenneria rubrifaciens	55213	S	393	452	845	0.00005	0.00003	0.00000	0.00002	55	4.0
Brenneria sp. K61	3076559	S	154	184	338	0.00002	0.00001	0.00000	0.00001	51	5.0
Lonsdalea populi	1172565	S	462	466	928	0.00005	0.00003	0.00000	0.00003	58	4.0
Prodigiosinella sp. LS101	3057057	S	174	187	361	0.00002	0.00001	0.00000	0.00001	51	4.0
Enterobacter asburiae	61645	S	3073	3800	6873	0.00039	0.00021	0.00000	0.00022	58	4.0
Enterobacter hormaechei	158836	S	2545	4652	7197	0.00041	0.00026	0.00000	0.00027	56	4.0
Enterobacter cloacae	550	S	559	667	1226	0.00007	0.00004	0.00000	0.00004	57	5.0
Enterobacter roggenkampii	1812935	S	247	273	520	0.00003	0.00002	0.00000	0.00002	58	4.0
Enterobacter cancerogenus	69218	S	124	127	251	0.00001	0.00001	0.00000	0.00001	58	4.0
Enterobacter sp. JUb54	2724468	S	139	190	329	0.00002	0.00001	0.00000	0.00001	59	4.0
Enterobacter mori	539813	S	296	306	602	0.00003	0.00002	0.00000	0.00002	57	4.0
Enterobacter pseudoroggenkampii	2996112	S	232	250	482	0.00003	0.00001	0.00000	0.00001	58	4.0
Citrobacter braakii	57706	S	1668	2452	4120	0.00023	0.00014	0.00000	0.00013	54	5.0
Citrobacter freundii	546	S	996	1497	2493	0.00014	0.00008	0.00000	0.00008	54	5.0
Citrobacter portucalensis	1639133	S	540	634	1174	0.00007	0.00004	0.00000	0.00003	54	4.0
Citrobacter koseri	545	S	159	174	333	0.00002	0.00001	0.00000	0.00001	56	4.0
Citrobacter farmeri	67824	S	141	148	289	0.00002	0.00001	0.00000	0.00001	55	4.0
Klebsiella pneumoniae	573	S	1098	3015	4113	0.00023	0.00017	0.00000	0.00018	58	4.0
Klebsiella variicola	244366	S	564	818	1382	0.00008	0.00005	0.00000	0.00005	59	4.0
Klebsiella michiganensis	1134687	S	307	405	712	0.00004	0.00002	0.00000	0.00002	58	4.0
Klebsiella grimontii	2058152	S	254	483	737	0.00004	0.00003	0.00000	0.00003	58	4.0
Klebsiella oxytoca	571	S	222	239	461	0.00003	0.00001	0.00000	0.00001	57	4.0
Klebsiella aerogenes	548	S	130	137	267	0.00002	0.00001	0.00000	0.00001	57	3.0
Klebsiella huaxiensis	2153354	S	101	106	207	0.00001	0.00001	0.00000	0.00001	56	4.0
Raoultella electrica	1259973	S	141	158	299	0.00002	0.00001	0.00000	0.00001	58	3.0
Raoultella ornithinolytica	54291	S	112	247	359	0.00002	0.00001	0.00000	0.00001	58	4.0
Cedecea neteri	158822	S	2974	2994	5968	0.00034	0.00017	0.00000	0.00017	57	4.0
Kosakonia sp. ML.JS2a	2980557	S	1067	1120	2187	0.00012	0.00006	0.00000	0.00006	56	4.0
Kosakonia pseudosacchari	1646340	S	337	370	707	0.00004	0.00002	0.00000	0.00002	56	4.0
Kosakonia arachidis	551989	S	288	297	585	0.00003	0.00002	0.00000	0.00002	54	4.0
Kosakonia radicincitans	283686	S	142	163	305	0.00002	0.00001	0.00000	0.00001	56	4.0
Kosakonia cowanii	208223	S	105	124	229	0.00001	0.00001	0.00000	0.00001	58	4.0
Escherichia coli	562	S	821	3305	4126	0.00023	0.00019	0.00000	0.00018	54	4.0
Escherichia fergusonii	564	S	100	149	249	0.00001	0.00001	0.00000	0.00001	52	5.0
Kluyvera cryocrescens	580	S	490	509	999	0.00006	0.00003	0.00000	0.00003	55	4.0
Kluyvera intermedia	61648	S	182	187	369	0.00002	0.00001	0.00000	0.00001	55	4.0
Kluyvera genomosp. 3	2774055	S	164	185	349	0.00002	0.00001	0.00000	0.00001	57	4.0
Buttiauxella sp. WJP83	2986951	S	258	303	561	0.00003	0.00002	0.00000	0.00002	52	4.0
Buttiauxella ferragutiae	82989	S	113	162	275	0.00002	0.00001	0.00000	0.00001	52	4.0
Salmonella enterica	28901	S	334	712	1046	0.00006	0.00004	0.00000	0.00004	54	4.0
Cronobacter sakazakii	28141	S	214	375	589	0.00003	0.00002	0.00000	0.00002	59	4.0
Leclercia adecarboxylata	83655	S	219	262	481	0.00003	0.00001	0.00000	0.00002	58	4.0
Symbiopectobacterium purcellii	2871826	S	315	315	630	0.00004	0.00002	0.00000	0.00002	55	3.0
Lelliottia amnigena	61646	S	108	116	224	0.00001	0.00001	0.00000	0.00001	55	4.0
Atlantibacter hermannii	565	S	113	114	227	0.00001	0.00001	0.00000	0.00001	56	4.0
Jejubacter calystegiae	2579935	S	112	112	224	0.00001	0.00001	0.00000	0.00001	58	4.0
Pantoea dispersa	59814	S	1346	1455	2801	0.00016	0.00008	0.00000	0.00009	59	5.0
Pantoea agglomerans	549	S	665	1028	1693	0.00010	0.00006	0.00000	0.00006	57	4.0
Pantoea ananatis	553	S	559	621	1180	0.00007	0.00004	0.00000	0.00003	55	4.0
Pantoea cypripedii	55209	S	476	503	979	0.00006	0.00003	0.00000	0.00003	55	5.0
Pantoea sp. At-9b	592316	S	195	246	441	0.00002	0.00001	0.00000	0.00001	56	4.0
Pantoea stewartii	66269	S	329	379	708	0.00004	0.00002	0.00000	0.00002	55	4.0
Pantoea anthophila	470931	S	266	321	587	0.00003	0.00002	0.00000	0.00002	59	5.0
Pantoea vagans	470934	S	219	615	834	0.00005	0.00003	0.00000	0.00004	56	3.0
Pantoea alhagi	1891675	S	211	247	458	0.00003	0.00001	0.00000	0.00001	55	4.0
Pantoea phytobeneficialis	2052056	S	113	129	242	0.00001	0.00001	0.00000	0.00001	56	4.0
Erwinia persicina	55211	S	986	1152	2138	0.00012	0.00006	0.00000	0.00007	57	4.0
Erwinia tracheiphila	65700	S	155	161	316	0.00002	0.00001	0.00000	0.00001	52	4.0
Mixta hanseatica	2872648	S	113	137	250	0.00001	0.00001	0.00000	0.00001	55	4.0
Serratia symbiotica	138074	S	575	593	1168	0.00007	0.00003	0.00000	0.00003	54	4.0
Serratia proteamaculans	28151	S	501	603	1104	0.00006	0.00003	0.00000	0.00003	57	4.0
Serratia nevei	2703794	S	414	1068	1482	0.00008	0.00006	0.00000	0.00007	62	4.0
Serratia marcescens	615	S	387	561	948	0.00005	0.00003	0.00000	0.00004	62	4.0
Serratia liquefaciens	614	S	383	522	905	0.00005	0.00003	0.00000	0.00003	58	4.0
Serratia plymuthica	82996	S	344	378	722	0.00004	0.00002	0.00000	0.00002	59	4.0
Serratia sp. FGI94	671990	S	122	145	267	0.00002	0.00001	0.00000	0.00001	61	4.0
Serratia inhibens	2338073	S	122	131	253	0.00001	0.00001	0.00000	0.00001	58	4.0
Yersinia ruckeri	29486	S	467	488	955	0.00005	0.00003	0.00000	0.00002	50	4.0
Yersinia enterocolitica	630	S	336	364	700	0.00004	0.00002	0.00000	0.00002	49	4.0
Yersinia rochesterensis	1604335	S	216	518	734	0.00004	0.00003	0.00000	0.00003	49	4.0
Yersinia aldovae	29483	S	125	134	259	0.00001	0.00001	0.00000	0.00001	49	4.0
Yersinia canariae	2607663	S	122	131	253	0.00001	0.00001	0.00000	0.00001	49	4.0
Yersinia massiliensis	419257	S	104	309	413	0.00002	0.00002	0.00000	0.00002	49	4.0
Ewingella americana	41202	S	301	325	626	0.00004	0.00002	0.00000	0.00002	56	4.0
Rahnella aquatilis	34038	S	191	205	396	0.00002	0.00001	0.00000	0.00001	54	4.0
Rouxiella badensis	1646377	S	181	218	399	0.00002	0.00001	0.00000	0.00001	56	4.0
Gibbsiella quercinecans	929813	S	106	114	220	0.00001	0.00001	0.00000	0.00001	59	3.0
Hafnia paralvei	546367	S	664	687	1351	0.00008	0.00004	0.00000	0.00003	50	4.0
Hafnia alvei	569	S	109	127	236	0.00001	0.00001	0.00000	0.00001	51	4.0
Proteus terrae	1574161	S	138	232	370	0.00002	0.00001	0.00000	0.00001	40	4.0
Pseudomonas izuensis	2684212	S	1973506	2023388	3996894	0.22516	0.11398	0.00000	0.14216	61	5.0
Pseudomonas sp. WJP1	2986947	S	16889	17612	34501	0.00194	0.00099	0.00000	0.00128	62	5.0
Pseudomonas sp. S34	1573718	S	10128	10662	20790	0.00117	0.00060	0.00089	0.00075	62	nan
Pseudomonas sp. MPC6	2498848	S	5647	5899	11546	0.00065	0.00033	0.00000	0.00041	62	5.0
Pseudomonas sp. PP3	2815936	S	5129	5509	10638	0.00060	0.00031	0.00000	0.00038	61	5.0
Pseudomonas sp. B21-040	2895486	S	4916	5123	10039	0.00057	0.00029	0.00000	0.00034	61	4.0
Pseudomonas sp. URMO17WK12:I11	1283291	S	4079	5394	9473	0.00053	0.00030	0.00049	0.00039	62	nan
Pseudomonas sp. LS1212	2972478	S	3815	3857	7672	0.00043	0.00022	0.00000	0.00028	62	5.0
Pseudomonas sp. ACM7	2052956	S	3107	3500	6607	0.00037	0.00020	0.00000	0.00023	60	5.0
Pseudomonas sp. N3-W	2975049	S	2868	2961	5829	0.00033	0.00017	0.00000	0.00021	61	5.0
Pseudomonas sp. 31-12	2201356	S	2818	3024	5842	0.00033	0.00017	0.00000	0.00021	61	5.0
Pseudomonas sp. GR 6-02	1659194	S	2515	10416	12931	0.00073	0.00059	0.00000	0.00073	61	5.0
Pseudomonas sp. DR48	2871095	S	2471	2661	5132	0.00029	0.00015	0.00000	0.00018	60	5.0
Pseudomonas sp. B21-015	2895473	S	2396	2620	5016	0.00028	0.00015	0.00000	0.00018	61	5.0
Pseudomonas sp. UW4	1207075	S	2043	2526	4569	0.00026	0.00014	0.00023	0.00018	61	nan
Pseudomonas sp. Seg1	2678259	S	1949	2083	4032	0.00023	0.00012	0.00000	0.00014	61	5.0
Pseudomonas sp. B21-053	2895493	S	1867	2040	3907	0.00022	0.00011	0.00000	0.00014	61	5.0
Pseudomonas sp. B21-048	2895490	S	1842	2016	3858	0.00022	0.00011	0.00000	0.00013	60	4.0
Pseudomonas sp. FP2196	2954086	S	1761	1866	3627	0.00020	0.00011	0.00000	0.00013	61	4.0
Pseudomonas sp. B21-010	2895471	S	1750	2127	3877	0.00022	0.00012	0.00023	0.00016	62	nan
Pseudomonas sp. B21-019	2895475	S	1744	2740	4484	0.00025	0.00015	0.00000	0.00019	61	5.0
Pseudomonas sp. FP1742	2954079	S	1632	2035	3667	0.00021	0.00011	0.00000	0.00014	61	5.0
Pseudomonas sp. MM213	2866807	S	1603	1862	3465	0.00020	0.00010	0.00015	0.00013	61	nan
Pseudomonas sp. HS6	2850559	S	1431	1559	2990	0.00017	0.00009	0.00014	0.00011	61	nan
Pseudomonas sp. AO-1	2855434	S	1423	1965	3388	0.00019	0.00011	0.00016	0.00014	61	nan
Pseudomonas sp. FP1935	2954082	S	1283	3468	4751	0.00027	0.00020	0.00000	0.00024	61	5.0
Pseudomonas sp. NIBR-H-19	2901380	S	1272	1343	2615	0.00015	0.00008	0.00000	0.00009	60	4.0
Pseudomonas sp. BW7P1	2973088	S	1225	1292	2517	0.00014	0.00007	0.00012	0.00009	62	nan
Pseudomonas sp. ADAK18	2730848	S	1046	1073	2119	0.00012	0.00006	0.00000	0.00007	60	5.0
Pseudomonas sp. St316	2678257	S	998	1131	2129	0.00012	0.00006	0.00011	0.00008	62	nan
Pseudomonas sp. T8	645292	S	990	3307	4297	0.00024	0.00019	0.00035	0.00025	63	nan
Pseudomonas sp. FP198	2954084	S	985	1017	2002	0.00011	0.00006	0.00010	0.00008	62	nan
Pseudomonas sp. DTU12.3	2073078	S	984	1059	2043	0.00012	0.00006	0.00000	0.00007	61	5.0
Pseudomonas sp. Ost2	2678260	S	949	967	1916	0.00011	0.00005	0.00000	0.00008	64	5.0
Pseudomonas sp. SCA2728.1_7	2825975	S	891	1112	2003	0.00011	0.00006	0.00000	0.00008	61	5.0
Pseudomonas sp. A34-9	3034675	S	870	964	1834	0.00010	0.00005	0.00000	0.00007	61	5.0
Pseudomonas sp. PMCC200367	3042029	S	869	2857	3726	0.00021	0.00016	0.00000	0.00020	61	5.0
Pseudomonas sp. T1-3-2	2908006	S	837	854	1691	0.00010	0.00005	0.00000	0.00006	64	5.0
Pseudomonas sp. IzPS59	2774459	S	827	949	1776	0.00010	0.00005	0.00009	0.00007	62	nan
Pseudomonas sp. R3-18-08	1173283	S	810	1993	2803	0.00016	0.00011	0.00000	0.00014	62	5.0
Pseudomonas sp. DR 5-09	1534110	S	803	1303	2106	0.00012	0.00007	0.00012	0.00009	62	nan
Pseudomonas sp. PIA16	2931382	S	799	806	1605	0.00009	0.00005	0.00008	0.00006	64	nan
Pseudomonas sp. R84	1573712	S	729	876	1605	0.00009	0.00005	0.00000	0.00006	61	5.0
Pseudomonas sp. BSw22131	3002903	S	713	716	1429	0.00008	0.00004	0.00000	0.00005	60	4.0
Pseudomonas sp. Y39-6	2749807	S	711	1965	2676	0.00015	0.00011	0.00019	0.00014	62	nan
Pseudomonas sp. G2-4	1506334	S	690	734	1424	0.00008	0.00004	0.00007	0.00005	62	nan
Pseudomonas sp. LS44	1357074	S	672	676	1348	0.00008	0.00004	0.00008	0.00006	64	nan
Pseudomonas sp. Tri1	2823875	S	667	714	1381	0.00008	0.00004	0.00007	0.00005	62	nan
Pseudomonas sp. Cab53	2678258	S	664	701	1365	0.00008	0.00004	0.00008	0.00006	63	nan
Pseudomonas sp. B21-056	2895495	S	642	678	1320	0.00007	0.00004	0.00006	0.00005	62	nan
Pseudomonas sp. L5B5	2883205	S	631	647	1278	0.00007	0.00004	0.00000	0.00006	65	5.0
Pseudomonas sp. FP1740	2954078	S	626	1089	1715	0.00010	0.00006	0.00000	0.00008	61	5.0
Pseudomonas sp. ADAK13	2730847	S	620	661	1281	0.00007	0.00004	0.00006	0.00005	63	nan
Pseudomonas sp. PMCC200344	3042028	S	614	1969	2583	0.00015	0.00011	0.00000	0.00014	61	5.0
Pseudomonas sp. Lz4W	1206777	S	608	620	1228	0.00007	0.00003	0.00000	0.00004	60	4.0
Pseudomonas sp. R5-89-07	658644	S	607	665	1272	0.00007	0.00004	0.00006	0.00005	62	nan
Pseudomonas sp. 7SR1	1881017	S	577	590	1167	0.00007	0.00003	0.00006	0.00005	63	nan
Pseudomonas sp. 3-2	2867408	S	557	890	1447	0.00008	0.00005	0.00008	0.00006	62	nan
Pseudomonas sp. LG1E9	2219057	S	537	582	1119	0.00006	0.00003	0.00005	0.00004	62	nan
Pseudomonas sp. TCU-HL1	1856685	S	536	542	1078	0.00006	0.00003	0.00000	0.00005	65	5.0
Pseudomonas sp. B21-051	2895491	S	520	601	1121	0.00006	0.00003	0.00006	0.00004	62	nan
Pseudomonas sp. Leaf58	1736226	S	515	528	1043	0.00006	0.00003	0.00000	0.00004	62	5.0
Pseudomonas sp. MIL9	2807620	S	499	524	1023	0.00006	0.00003	0.00005	0.00004	61	nan
Pseudomonas sp. FP1962	2954083	S	496	1321	1817	0.00010	0.00007	0.00000	0.00009	61	5.0
Pseudomonas sp. SWI44	2083053	S	484	3659	4143	0.00023	0.00021	0.00000	0.00026	62	5.0
Pseudomonas sp. B21-054	2895494	S	471	515	986	0.00006	0.00003	0.00005	0.00004	62	nan
Pseudomonas sp. FP2338	2954093	S	455	512	967	0.00005	0.00003	0.00004	0.00004	62	nan
Pseudomonas sp. XWY-1	2069256	S	454	817	1271	0.00007	0.00005	0.00008	0.00006	63	nan
Pseudomonas sp. DG56-2	2320270	S	449	454	903	0.00005	0.00003	0.00000	0.00003	60	4.0
Pseudomonas sp. B21-028	2895480	S	447	480	927	0.00005	0.00003	0.00005	0.00004	63	nan
Pseudomonas sp. AN-B15	2697023	S	442	989	1431	0.00008	0.00006	0.00000	0.00007	61	5.0
Pseudomonas sp. B21-021	2895476	S	441	535	976	0.00005	0.00003	0.00005	0.00004	62	nan
Pseudomonas sp. p1(2021b)	2874628	S	432	479	911	0.00005	0.00003	0.00000	0.00004	65	5.0
Pseudomonas sp. 02C 26	2054914	S	428	889	1317	0.00007	0.00005	0.00008	0.00007	62	nan
Pseudomonas sp. FP597	2954096	S	428	453	881	0.00005	0.00003	0.00004	0.00003	62	nan
Pseudomonas sp. SK3(2021)	2841064	S	427	500	927	0.00005	0.00003	0.00000	0.00004	64	5.0
Pseudomonas sp. HN11	1344094	S	424	447	871	0.00005	0.00003	0.00004	0.00003	61	nan
Pseudomonas sp. Q1-7	3020843	S	421	433	854	0.00005	0.00002	0.00000	0.00004	67	5.0
Pseudomonas sp. FP453	2954094	S	412	442	854	0.00005	0.00002	0.00005	0.00003	63	nan
Pseudomonas sp. D3	517398	S	408	431	839	0.00005	0.00002	0.00004	0.00003	62	nan
Pseudomonas sp. PSE14	3016341	S	400	421	821	0.00005	0.00002	0.00000	0.00004	67	5.0
Pseudomonas sp. SC3(2021)	2871493	S	397	534	931	0.00005	0.00003	0.00005	0.00004	62	nan
Pseudomonas sp. S09G 359	2054919	S	396	421	817	0.00005	0.00002	0.00004	0.00003	62	nan
Pseudomonas sp. FP2309	2954091	S	393	413	806	0.00005	0.00002	0.00004	0.00003	62	nan
Pseudomonas sp. KU43P	2487887	S	390	403	793	0.00004	0.00002	0.00000	0.00003	64	5.0
Pseudomonas sp. GXZC	3003351	S	388	467	855	0.00005	0.00003	0.00004	0.00003	62	nan
Pseudomonas sp. DY-1	1755504	S	383	387	770	0.00004	0.00002	0.00000	0.00003	64	5.0
Pseudomonas sp. OE 28.3	2745519	S	370	416	786	0.00004	0.00002	0.00003	0.00003	61	nan
Pseudomonas sp. FP2335	2954092	S	360	382	742	0.00004	0.00002	0.00004	0.00003	62	nan
Pseudomonas sp. CCOS 191	1649877	S	359	467	826	0.00005	0.00003	0.00000	0.00004	65	5.0
Pseudomonas sp. Z003-0.4C(8344-21)	1855380	S	354	424	778	0.00004	0.00002	0.00004	0.00003	61	nan
Pseudomonas sp. HLS-6	2049589	S	344	353	697	0.00004	0.00002	0.00003	0.00002	61	nan
Pseudomonas sp. KU26590	2991051	S	335	340	675	0.00004	0.00002	0.00003	0.00002	62	nan
Pseudomonas sp. S35	1573719	S	333	355	688	0.00004	0.00002	0.00003	0.00003	62	nan
Pseudomonas sp. MM227	3019968	S	326	330	656	0.00004	0.00002	0.00000	0.00003	64	5.0
Pseudomonas sp. Y5-11	2749808	S	321	738	1059	0.00006	0.00004	0.00000	0.00005	62	5.0
Pseudomonas sp. CIP-10	2892442	S	318	1150	1468	0.00008	0.00006	0.00011	0.00008	62	nan
Pseudomonas sp. ATCC 13867	1294143	S	305	322	627	0.00004	0.00002	0.00000	0.00003	66	5.0
Pseudomonas sp. DTU_2021_1001937_2_SI_NGA_ILE_001	3077589	S	303	306	609	0.00003	0.00002	0.00000	0.00003	65	5.0
Pseudomonas sp. NS1(2017)	2025658	S	301	339	640	0.00004	0.00002	0.00003	0.00002	62	nan
Pseudomonas sp. CBS	2971912	S	296	337	633	0.00004	0.00002	0.00003	0.00002	62	nan
Pseudomonas sp. CYM-20-01	2870750	S	286	328	614	0.00003	0.00002	0.00003	0.00002	62	nan
Pseudomonas sp. B14-6	2738843	S	285	676	961	0.00005	0.00004	0.00006	0.00005	61	nan
Pseudomonas sp. SXM-1	2169583	S	276	719	995	0.00006	0.00004	0.00006	0.00005	62	nan
Pseudomonas sp. ATCC 43928	676210	S	276	1073	1349	0.00008	0.00006	0.00000	0.00008	61	5.0
Pseudomonas sp. IAC-BECa141	2793103	S	269	464	733	0.00004	0.00003	0.00005	0.00003	62	nan
Pseudomonas sp. LRP2-20	2944234	S	269	282	551	0.00003	0.00002	0.00000	0.00002	65	5.0
Pseudomonas sp. B21-017	2895474	S	268	986	1254	0.00007	0.00006	0.00000	0.00007	61	5.0
Pseudomonas sp. StFLB209	1028989	S	261	263	524	0.00003	0.00001	0.00002	0.00002	62	nan
Pseudomonas sp. SL4(2022)	2994661	S	260	263	523	0.00003	0.00001	0.00000	0.00002	61	5.0
Pseudomonas sp. PDNC002	2811422	S	255	269	524	0.00003	0.00002	0.00000	0.00003	66	4.0
Pseudomonas sp. IsoF	2821559	S	241	1105	1346	0.00008	0.00006	0.00011	0.00008	62	nan
Pseudomonas sp.	306	S	237	257	494	0.00003	0.00001	0.00003	0.00002	63	nan
Pseudomonas sp. CMR5c	658630	S	234	284	518	0.00003	0.00002	0.00000	0.00002	65	5.0
Pseudomonas sp. SG20052	3074147	S	228	461	689	0.00004	0.00003	0.00004	0.00003	61	nan
Pseudomonas sp. 15A4	2804761	S	226	241	467	0.00003	0.00001	0.00002	0.00002	62	nan
Pseudomonas sp. P108	1837993	S	220	764	984	0.00006	0.00004	0.00000	0.00005	61	5.0
Pseudomonas sp. BT-42-2	2986927	S	213	216	429	0.00002	0.00001	0.00000	0.00002	63	5.0
Pseudomonas sp. ZM23	2961893	S	207	216	423	0.00002	0.00001	0.00000	0.00002	65	5.0
Pseudomonas sp. R76	1573711	S	203	300	503	0.00003	0.00002	0.00003	0.00002	62	nan
Pseudomonas sp. ADAK22	2730851	S	198	454	652	0.00004	0.00003	0.00000	0.00003	62	5.0
Pseudomonas sp. J452	2898441	S	198	203	401	0.00002	0.00001	0.00000	0.00002	65	5.0
Pseudomonas sp. HN8-3	2886361	S	196	333	529	0.00003	0.00002	0.00003	0.00002	62	nan
Pseudomonas sp. P105	3049542	S	190	422	612	0.00003	0.00002	0.00004	0.00003	61	nan
Pseudomonas sp. ABC1	2748080	S	182	183	365	0.00002	0.00001	0.00000	0.00002	64	5.0
Pseudomonas sp. HD6515	2856556	S	175	814	989	0.00006	0.00005	0.00008	0.00006	62	nan
Pseudomonas sp. CC6-YY-74	1930532	S	173	173	346	0.00002	0.00001	0.00000	0.00001	62	5.0
Pseudomonas sp. FP215	2738126	S	168	430	598	0.00003	0.00002	0.00004	0.00003	61	nan
Pseudomonas sp. MRSN 12121	1611770	S	167	220	387	0.00002	0.00001	0.00000	0.00002	65	5.0
Pseudomonas sp. MTM4	2705472	S	165	166	331	0.00002	0.00001	0.00001	0.00001	61	nan
Pseudomonas sp. MSPm1	2726956	S	162	168	330	0.00002	0.00001	0.00000	0.00001	63	5.0
Pseudomonas sp. LS.1a	2920387	S	158	174	332	0.00002	0.00001	0.00000	0.00001	64	5.0
Pseudomonas sp. MM211	2866808	S	155	155	310	0.00002	0.00001	0.00000	0.00001	63	5.0
Pseudomonas sp. SW-3	147212	S	153	418	571	0.00003	0.00002	0.00004	0.00003	61	nan
Pseudomonas sp. Colony2	2861799	S	149	442	591	0.00003	0.00002	0.00004	0.00003	62	nan
Pseudomonas sp. Marseille-Q3773	2866592	S	146	156	302	0.00002	0.00001	0.00000	0.00001	64	5.0
Pseudomonas sp. GM17	1144323	S	143	255	398	0.00002	0.00001	0.00003	0.00002	63	nan
Pseudomonas sp. RU47	2005388	S	142	508	650	0.00004	0.00003	0.00000	0.00004	61	5.0
Pseudomonas sp. 2hn	2866626	S	139	166	305	0.00002	0.00001	0.00000	0.00001	66	5.0
Pseudomonas sp. FJ2-5-13	2976884	S	128	196	324	0.00002	0.00001	0.00002	0.00001	62	nan
Pseudomonas sp. YeP6b	2861775	S	128	671	799	0.00005	0.00004	0.00000	0.00005	61	5.0
Pseudomonas sp. HN2	2884805	S	128	245	373	0.00002	0.00001	0.00002	0.00002	62	nan
Pseudomonas sp. FP1762	2954080	S	122	280	402	0.00002	0.00002	0.00003	0.00002	62	nan
Pseudomonas sp. St290	1602166	S	121	292	413	0.00002	0.00002	0.00003	0.00002	62	nan
Pseudomonas sp. SCB32	2653853	S	121	126	247	0.00001	0.00001	0.00000	0.00001	67	5.0
Pseudomonas sp. LPB0260	2614442	S	120	122	242	0.00001	0.00001	0.00000	0.00001	67	4.0
Pseudomonas sp. GCEP-101	2974552	S	119	124	243	0.00001	0.00001	0.00000	0.00001	67	4.0
Pseudomonas sp. KNUC1026	2893890	S	117	117	234	0.00001	0.00001	0.00000	0.00001	65	5.0
Pseudomonas sp. OIL-1	2706126	S	117	118	235	0.00001	0.00001	0.00000	0.00001	59	4.0
Pseudomonas sp. LBUM920	2126069	S	115	262	377	0.00002	0.00001	0.00000	0.00002	62	5.0
Pseudomonas sp. S49	1573720	S	114	427	541	0.00003	0.00002	0.00000	0.00003	61	5.0
Pseudomonas sp. NyZ704	3076762	S	110	110	220	0.00001	0.00001	0.00000	0.00001	59	3.0
Pseudomonas sp. B10	118613	S	108	151	259	0.00001	0.00001	0.00001	0.00001	61	nan
Pseudomonas sp. PSKL.D1	3029060	S	108	110	218	0.00001	0.00001	0.00000	0.00001	63	5.0
Pseudomonas sp. NC02	2067572	S	107	280	387	0.00002	0.00002	0.00003	0.00002	62	nan
Pseudomonas sp. SD17-1	2976883	S	103	236	339	0.00002	0.00001	0.00003	0.00002	63	nan
Pseudomonas sp. FP2254	2954087	S	103	161	264	0.00001	0.00001	0.00002	0.00001	63	nan
Pseudomonas sp. SG20056	3074146	S	101	102	203	0.00001	0.00001	0.00001	0.00001	61	nan
Pseudomonas putida	303	S	32610	51626	84236	0.00475	0.00291	0.00536	0.00396	63	nan
Pseudomonas monteilii	76759	S	426	1991	2417	0.00014	0.00011	0.00020	0.00015	62	nan
Pseudomonas inefficax	2078786	S	332	361	693	0.00004	0.00002	0.00000	0.00003	64	5.0
Pseudomonas wadenswilerensis	1785161	S	241	252	493	0.00003	0.00001	0.00000	0.00002	63	5.0
Pseudomonas plecoglossicida	70775	S	200	244	444	0.00003	0.00001	0.00000	0.00002	64	5.0
Pseudomonas mosselii	78327	S	189	205	394	0.00002	0.00001	0.00000	0.00002	66	5.0
Pseudomonas oryzihabitans	47885	S	112	119	231	0.00001	0.00001	0.00000	0.00001	66	5.0
Pseudomonas fulva	47880	S	106	148	254	0.00001	0.00001	0.00000	0.00001	63	5.0
Pseudomonas fluorescens	294	S	12623	14322	26945	0.00152	0.00081	0.00124	0.00103	62	nan
Pseudomonas migulae	78543	S	1398	1619	3017	0.00017	0.00009	0.00014	0.00011	61	nan
Pseudomonas koreensis	198620	S	1168	1613	2781	0.00016	0.00009	0.00015	0.00012	62	nan
Pseudomonas corrugata	47879	S	1152	1225	2377	0.00013	0.00007	0.00011	0.00009	62	nan
Pseudomonas synxantha	47883	S	1084	1392	2476	0.00014	0.00008	0.00012	0.00010	61	nan
Pseudomonas mandelii	75612	S	1062	1898	2960	0.00017	0.00011	0.00016	0.00013	61	nan
Pseudomonas granadensis	1421430	S	780	872	1652	0.00009	0.00005	0.00008	0.00006	62	nan
Pseudomonas rhodesiae	76760	S	755	808	1563	0.00009	0.00005	0.00007	0.00006	62	nan
Pseudomonas orientalis	76758	S	738	793	1531	0.00009	0.00004	0.00007	0.00006	62	nan
Pseudomonas mediterranea	183795	S	732	808	1540	0.00009	0.00005	0.00000	0.00006	63	5.0
Pseudomonas mucidolens	46679	S	506	519	1025	0.00006	0.00003	0.00000	0.00004	60	5.0
Pseudomonas azotoformans	47878	S	488	803	1291	0.00007	0.00005	0.00008	0.00006	62	nan
Pseudomonas moraviensis	321662	S	439	600	1039	0.00006	0.00003	0.00006	0.00004	62	nan
Pseudomonas poae	200451	S	423	493	916	0.00005	0.00003	0.00005	0.00004	62	nan
Pseudomonas tolaasii	29442	S	410	430	840	0.00005	0.00002	0.00004	0.00003	62	nan
Pseudomonas brenneri	129817	S	393	424	817	0.00005	0.00002	0.00004	0.00003	62	nan
Pseudomonas trivialis	200450	S	361	405	766	0.00004	0.00002	0.00004	0.00003	62	nan
Pseudomonas congelans	200452	S	345	365	710	0.00004	0.00002	0.00003	0.00003	61	nan
Pseudomonas veronii	76761	S	326	607	933	0.00005	0.00003	0.00006	0.00005	62	nan
Pseudomonas cedrina	651740	S	251	274	525	0.00003	0.00002	0.00003	0.00002	62	nan
Pseudomonas ogarae	1114970	S	182	231	413	0.00002	0.00001	0.00002	0.00002	62	nan
Pseudomonas libanensis	75588	S	110	205	315	0.00002	0.00001	0.00002	0.00001	61	nan
Pseudomonas umsongensis	198618	S	11239	11562	22801	0.00128	0.00065	0.00104	0.00080	61	nan
Pseudomonas syringae	317	S	5779	7901	13680	0.00077	0.00045	0.00065	0.00052	60	nan
Pseudomonas viridiflava	33069	S	728	733	1461	0.00008	0.00004	0.00000	0.00005	61	4.0
Pseudomonas syringae group genomosp. 7	251699	S	362	367	729	0.00004	0.00002	0.00000	0.00002	59	4.0
Pseudomonas asturiensis	1190415	S	335	337	672	0.00004	0.00002	0.00000	0.00002	61	4.0
Pseudomonas cichorii	36746	S	157	159	316	0.00002	0.00001	0.00000	0.00001	60	4.0
Pseudomonas tremae	200454	S	122	169	291	0.00002	0.00001	0.00000	0.00001	59	4.0
Pseudomonas fuscovaginae	50340	S	104	179	283	0.00002	0.00001	0.00002	0.00001	63	nan
Pseudomonas chlororaphis	587753	S	5320	8047	13367	0.00075	0.00045	0.00000	0.00065	64	5.0
Pseudomonas protegens	380021	S	1417	1844	3261	0.00018	0.00010	0.00000	0.00015	64	5.0
Pseudomonas fragi	296	S	1158	1271	2429	0.00014	0.00007	0.00010	0.00009	60	nan
Pseudomonas lundensis	86185	S	267	271	538	0.00003	0.00002	0.00000	0.00002	60	5.0
Pseudomonas vancouverensis	95300	S	5277	5382	10659	0.00060	0.00030	0.00045	0.00039	62	nan
Pseudomonas hormoni	3093767	S	4894	5102	9996	0.00056	0.00029	0.00046	0.00035	61	nan
Pseudomonas frederiksbergensis	104087	S	3633	3976	7609	0.00043	0.00022	0.00000	0.00027	61	5.0
Pseudomonas reinekei	395598	S	3556	3749	7305	0.00041	0.00021	0.00000	0.00026	61	5.0
Pseudomonas arsenicoxydans	702115	S	3468	3625	7093	0.00040	0.00020	0.00000	0.00024	60	5.0
Pseudomonas laurylsulfatiphila	2011015	S	3182	3413	6595	0.00037	0.00019	0.00031	0.00025	61	nan
Pseudomonas aeruginosa	287	S	1404	3909	5313	0.00030	0.00022	0.00000	0.00032	63	5.0
Pseudomonas furukawaii	1149133	S	368	375	743	0.00004	0.00002	0.00000	0.00004	67	4.0
Pseudomonas citronellolis	53408	S	219	277	496	0.00003	0.00002	0.00000	0.00003	68	5.0
Pseudomonas mendocina	300	S	196	209	405	0.00002	0.00001	0.00000	0.00002	63	5.0
Pseudomonas alcaligenes	43263	S	152	157	309	0.00002	0.00001	0.00000	0.00001	67	4.0
Pseudomonas multiresinivorans	95301	S	121	129	250	0.00001	0.00001	0.00000	0.00001	66	4.0
Pseudomonas resinovorans	53412	S	129	133	262	0.00001	0.00001	0.00000	0.00001	67	5.0
Pseudomonas silesiensis	1853130	S	2025	2089	4114	0.00023	0.00012	0.00000	0.00015	61	5.0
Pseudomonas azerbaijanorientalis	2842350	S	1816	2181	3997	0.00023	0.00012	0.00020	0.00016	62	nan
Pseudomonas alkylphenolica	237609	S	1568	1596	3164	0.00018	0.00009	0.00015	0.00012	63	nan
Pseudomonas lini	163011	S	1477	1569	3046	0.00017	0.00009	0.00000	0.00011	60	5.0
Pseudomonas extremaustralis	359110	S	1292	1341	2633	0.00015	0.00008	0.00014	0.00010	63	nan
Pseudomonas prosekii	1148509	S	1085	1107	2192	0.00012	0.00006	0.00009	0.00008	61	nan
Pseudomonas brassicacearum	930166	S	842	1330	2172	0.00012	0.00007	0.00013	0.00010	62	nan
Pseudomonas kielensis	2762577	S	840	869	1709	0.00010	0.00005	0.00009	0.00007	63	nan
Pseudomonas hamedanensis	2745504	S	839	863	1702	0.00010	0.00005	0.00007	0.00006	61	nan
Pseudomonas agarici	46677	S	801	804	1605	0.00009	0.00005	0.00000	0.00006	61	5.0
Pseudomonas nunensis	2961896	S	744	792	1536	0.00009	0.00004	0.00000	0.00005	61	5.0
Pseudomonas serboccidentalis	2964670	S	673	711	1384	0.00008	0.00004	0.00007	0.00005	62	nan
Pseudomonas vanderleydeniana	2745495	S	661	668	1329	0.00007	0.00004	0.00000	0.00006	65	5.0
Pseudomonas palleroniana	191390	S	653	945	1598	0.00009	0.00005	0.00009	0.00007	62	nan
Pseudomonas yamanorum	515393	S	653	705	1358	0.00008	0.00004	0.00007	0.00005	62	nan
Pseudomonas atacamensis	2565368	S	639	834	1473	0.00008	0.00005	0.00008	0.00006	62	nan
Pseudomonas siliginis	2842346	S	586	971	1557	0.00009	0.00005	0.00009	0.00007	61	nan
Pseudomonas psychrophila	122355	S	567	574	1141	0.00006	0.00003	0.00000	0.00004	58	4.0
Pseudomonas simiae	321846	S	512	536	1048	0.00006	0.00003	0.00005	0.00004	62	nan
Pseudomonas zeae	2745510	S	509	582	1091	0.00006	0.00003	0.00005	0.00004	61	nan
Pseudomonas allokribbensis	2774460	S	495	537	1032	0.00006	0.00003	0.00005	0.00004	62	nan
Pseudomonas fitomaticsae	2837969	S	484	554	1038	0.00006	0.00003	0.00006	0.00004	62	nan
Pseudomonas kribbensis	1628086	S	472	607	1079	0.00006	0.00003	0.00006	0.00004	62	nan
Pseudomonas phytophila	2867264	S	445	448	893	0.00005	0.00003	0.00000	0.00003	59	4.0
Pseudomonas thivervalensis	86265	S	437	459	896	0.00005	0.00003	0.00005	0.00003	63	nan
Pseudomonas baltica	2762576	S	433	435	868	0.00005	0.00002	0.00000	0.00003	63	5.0
Pseudomonas viciae	2505979	S	422	444	866	0.00005	0.00003	0.00004	0.00003	62	nan
Pseudomonas gozinkensis	2774461	S	411	454	865	0.00005	0.00003	0.00004	0.00003	62	nan
Pseudomonas taetrolens	47884	S	380	383	763	0.00004	0.00002	0.00000	0.00002	59	5.0
Pseudomonas tensinigenes	2745511	S	369	415	784	0.00004	0.00002	0.00003	0.00003	60	nan
Pseudomonas sivasensis	1880678	S	346	356	702	0.00004	0.00002	0.00003	0.00003	61	nan
Pseudomonas asgharzadehiana	2842349	S	321	333	654	0.00004	0.00002	0.00003	0.00002	62	nan
Pseudomonas lurida	244566	S	319	333	652	0.00004	0.00002	0.00003	0.00002	62	nan
Pseudomonas antarctica	219572	S	318	380	698	0.00004	0.00002	0.00003	0.00003	61	nan
Pseudomonas lalkuanensis	2604832	S	307	310	617	0.00003	0.00002	0.00000	0.00003	65	5.0
Pseudomonas versuta	1788301	S	284	287	571	0.00003	0.00002	0.00000	0.00002	59	4.0
Pseudomonas tritici	2745518	S	283	300	583	0.00003	0.00002	0.00003	0.00002	62	nan
Pseudomonas rhizosphaerae	216142	S	275	278	553	0.00003	0.00002	0.00000	0.00002	63	5.0
Pseudomonas eucalypticola	2599595	S	256	262	518	0.00003	0.00001	0.00000	0.00002	65	5.0
Pseudomonas otitidis	319939	S	249	253	502	0.00003	0.00001	0.00000	0.00003	68	4.0
Pseudomonas iranensis	2745503	S	248	318	566	0.00003	0.00002	0.00003	0.00002	62	nan
Pseudomonas knackmussii	65741	S	247	259	506	0.00003	0.00001	0.00000	0.00002	65	5.0
Pseudomonas zarinae	2745498	S	232	288	520	0.00003	0.00002	0.00003	0.00002	63	nan
Pseudomonas glycinae	1785145	S	231	270	501	0.00003	0.00002	0.00003	0.00002	62	nan
Pseudomonas monsensis	2745509	S	229	296	525	0.00003	0.00002	0.00003	0.00002	62	nan
Pseudomonas taiwanensis	470150	S	219	1251	1470	0.00008	0.00007	0.00013	0.00009	62	nan
uncultured Pseudomonas sp.	114707	S	215	216	431	0.00002	0.00001	0.00000	0.00002	61	5.0
Pseudomonas entomophila	312306	S	213	218	431	0.00002	0.00001	0.00000	0.00002	65	5.0
Pseudomonas laurentiana	2364649	S	210	212	422	0.00002	0.00001	0.00000	0.00001	60	5.0
Pseudomonas cavernae	2320867	S	198	199	397	0.00002	0.00001	0.00000	0.00002	65	5.0
Pseudomonas tructae	2518644	S	193	196	389	0.00002	0.00001	0.00000	0.00002	63	5.0
Pseudomonas alvandae	2842348	S	191	273	464	0.00003	0.00002	0.00003	0.00002	62	nan
Pseudomonas parafulva	157782	S	178	186	364	0.00002	0.00001	0.00000	0.00002	64	5.0
Pseudomonas promysalinigenes	485898	S	176	178	354	0.00002	0.00001	0.00000	0.00001	62	5.0
Pseudomonas canadensis	915099	S	176	192	368	0.00002	0.00001	0.00002	0.00001	62	nan
Pseudomonas tohonis	2725477	S	172	198	370	0.00002	0.00001	0.00000	0.00002	68	5.0
Pseudomonas xantholysinigenes	2745490	S	167	173	340	0.00002	0.00001	0.00000	0.00002	65	5.0
Pseudomonas benzenivorans	556533	S	163	164	327	0.00002	0.00001	0.00000	0.00002	67	5.0
Pseudomonas asiatica	2219225	S	163	468	631	0.00004	0.00003	0.00005	0.00004	63	nan
Pseudomonas graminis	158627	S	161	169	330	0.00002	0.00001	0.00002	0.00001	62	nan
Pseudomonas coleopterorum	1605838	S	151	153	304	0.00002	0.00001	0.00000	0.00001	64	5.0
Pseudomonas campi	2731681	S	148	150	298	0.00002	0.00001	0.00000	0.00001	65	5.0
Pseudomonas pohangensis	364197	S	147	147	294	0.00002	0.00001	0.00000	0.00001	61	5.0
Pseudomonas juntendi	2666183	S	144	234	378	0.00002	0.00001	0.00003	0.00002	63	nan
Pseudomonas lactis	1615674	S	135	160	295	0.00002	0.00001	0.00001	0.00001	62	nan
Pseudomonas marincola	437900	S	130	130	260	0.00001	0.00001	0.00000	0.00001	58	3.0
Pseudomonas fakonensis	2842355	S	125	131	256	0.00001	0.00001	0.00000	0.00001	66	5.0
Pseudomonas qingdaonensis	2056231	S	119	203	322	0.00002	0.00001	0.00000	0.00002	63	5.0
Pseudomonas asplenii	53407	S	114	157	271	0.00002	0.00001	0.00002	0.00001	63	nan
Pseudomonas cremoricolorata	157783	S	105	105	210	0.00001	0.00001	0.00000	0.00001	64	4.0
Pseudomonas denitrificans (nom. rej.)	43306	S	251	263	514	0.00003	0.00001	0.00000	0.00003	66	4.0
Marinobacter salinus	1874317	S	147	147	294	0.00002	0.00001	0.00000	0.00001	57	4.0
Pseudoxanthomonas spadix	415229	S	253	255	508	0.00003	0.00001	0.00000	0.00003	69	4.0
Stenotrophomonas maltophilia	40324	S	151	164	315	0.00002	0.00001	0.00000	0.00002	67	4.0
Halomonas piezotolerans	2609667	S	144	189	333	0.00002	0.00001	0.00000	0.00001	59	4.0
Thalassolituus oleivorans	187493	S	116	117	233	0.00001	0.00001	0.00000	0.00001	47	4.0
Vibrio cholerae	666	S	116	187	303	0.00002	0.00001	0.00000	0.00001	49	4.0
Kordiimonas sp. SCSIO 12603	2829596	S	2829382	2829832	5659214	0.31880	0.15941	0.17033	0.13355	47	nan
Hypericibacter adhaerens	2602016	S	940979	941527	1882506	0.10605	0.05304	0.12980	0.10661	68	nan
Neorhizobium galegae	399	S	142	310	452	0.00003	0.00002	0.00000	0.00002	62	4.0
Cupriavidus sp. WKF15	3032282	S	771	923	1694	0.00010	0.00005	0.00000	0.00009	66	4.0
Cupriavidus sp. KK10	1478019	S	470	1247	1717	0.00010	0.00007	0.00000	0.00012	66	4.0
Cupriavidus oxalaticus	96344	S	102	126	228	0.00001	0.00001	0.00000	0.00001	67	4.0
Paraburkholderia sp. FT54	3074437	S	458	598	1056	0.00006	0.00003	0.00000	0.00005	63	4.0
Paraburkholderia sp. PGU16	2735433	S	190	256	446	0.00003	0.00001	0.00000	0.00002	63	4.0
Paraburkholderia kirstenboschensis	1245436	S	127	156	283	0.00002	0.00001	0.00000	0.00001	63	4.0
Ramlibacter tataouinensis	94132	S	106	153	259	0.00001	0.00001	0.00000	0.00002	69	4.0
Massilia putida	1141883	S	312	335	647	0.00004	0.00002	0.00000	0.00003	68	5.0
Vogesella sp. LIG4	1192162	S	149	153	302	0.00002	0.00001	0.00000	0.00001	66	4.0
Arachidicoccus ginsenosidivorans	496057	S	7685739	7689187	15374926	0.86612	0.43316	0.42870	0.38642	42	nan
Frankia sp. QA3	710111	S	130	242	372	0.00002	0.00001	0.00000	0.00005	74	5.0
Homo sapiens	9606	S	124	124	248	0.00001	0.00001	0.00000	0.00001	38	4.0
Erwinia phage Midgardsormr38	2663326	S	109	109	218	0.00001	0.00001	0.00000	0.00001	50	4.0
