name	taxonomy_id	taxonomy_lvl	kraken_assigned_reads	added_reads	new_est_reads	fraction_total_reads	Bracken_estimate	GuaCAMOLE_estimate	GuaCAMOLE_est_eff	GC content	Taxon Removal Cycle
Citrobacter sp. RHB35-C17	2742625	S	43351	186147	229498	0.01532	0.01243	0.01114	0.01075	55	nan
Citrobacter sp. Colony475	2861800	S	4147	39235	43382	0.00290	0.00262	0.00232	0.00226	55	nan
Citrobacter sp. S39	2660638	S	606	9877	10483	0.00070	0.00066	0.00058	0.00057	55	nan
Citrobacter sp. RHBSTW-00017	2742629	S	300	28040	28340	0.00189	0.00187	0.00166	0.00162	55	nan
Citrobacter sp. RHB25-C09	2742624	S	156	158	314	0.00002	0.00001	0.00001	0.00001	55	nan
Citrobacter sp. MGH 55	1439319	S	125	312	437	0.00003	0.00002	0.00002	0.00002	55	nan
Citrobacter freundii	546	S	994	2589	3583	0.00024	0.00017	0.00015	0.00015	54	nan
Citrobacter portucalensis	1639133	S	438	716	1154	0.00008	0.00005	0.00004	0.00004	54	nan
Citrobacter braakii	57706	S	376	1946	2322	0.00015	0.00013	0.00011	0.00011	55	nan
Citrobacter freundii complex sp. CFNIH2	2066049	S	173	257	430	0.00003	0.00002	0.00002	0.00001	55	nan
Citrobacter werkmanii	67827	S	127	283	410	0.00003	0.00002	0.00002	0.00002	54	nan
Citrobacter amalonaticus	35703	S	655	1647	2302	0.00015	0.00011	0.00010	0.00010	55	nan
Citrobacter farmeri	67824	S	490	530	1020	0.00007	0.00004	0.00003	0.00003	55	nan
Citrobacter rodentium	67825	S	264	79	343	0.00002	0.00001	0.00000	0.00000	55	5.0
Citrobacter koseri	545	S	166	260	426	0.00003	0.00002	0.00002	0.00002	55	nan
Citrobacter arsenatis	2546350	S	157	174	331	0.00002	0.00001	0.00000	0.00001	55	5.0
Citrobacter tructae	2562449	S	133	138	271	0.00002	0.00001	0.00000	0.00001	53	5.0
Citrobacter pasteurii	1563222	S	106	159	265	0.00002	0.00001	0.00001	0.00001	54	nan
Klebsiella sp. WP3-W18-ESBL-02	2675710	S	45074	126367	171441	0.01144	0.00844	0.00747	0.00743	57	nan
Klebsiella variicola	244366	S	12736	42818	55554	0.00371	0.00286	0.00258	0.00257	60	nan
Klebsiella pneumoniae	573	S	1853	18529	20382	0.00136	0.00124	0.00112	0.00111	59	nan
Klebsiella quasipneumoniae	1463165	S	682	1665	2347	0.00016	0.00011	0.00010	0.00010	60	nan
Klebsiella aerogenes	548	S	274	304	578	0.00004	0.00002	0.00000	0.00002	57	5.0
Klebsiella oxytoca	571	S	230	252	482	0.00003	0.00002	0.00000	0.00001	57	5.0
Klebsiella huaxiensis	2153354	S	209	216	425	0.00003	0.00001	0.00000	0.00001	56	4.0
Klebsiella michiganensis	1134687	S	191	394	585	0.00004	0.00003	0.00000	0.00002	59	5.0
Klebsiella africana	2489010	S	104	126	230	0.00002	0.00001	0.00001	0.00001	59	nan
Salmonella enterica	28901	S	2196	42853	45049	0.00301	0.00286	0.00256	0.00249	54	nan
Salmonella bongori	54736	S	176	219	395	0.00003	0.00001	0.00001	0.00001	53	nan
Enterobacter sp. E76	2596949	S	7318	9942	17260	0.00115	0.00066	0.00064	0.00058	57	nan
Enterobacter sp. JBIWA005	2831891	S	5482	10446	15928	0.00106	0.00070	0.00064	0.00062	58	nan
Enterobacter sp. Colony194	2866201	S	3196	4098	7294	0.00049	0.00027	0.00000	0.00024	57	5.0
Enterobacter sp. SA187	1914861	S	100	101	201	0.00001	0.00001	0.00000	0.00001	58	5.0
Enterobacter bugandensis	881260	S	5256	6802	12058	0.00080	0.00045	0.00041	0.00040	58	nan
Enterobacter sp. BIDMC 29	1329841	S	582	1411	1993	0.00013	0.00009	0.00009	0.00008	58	nan
Enterobacter hormaechei	158836	S	516	2379	2895	0.00019	0.00016	0.00015	0.00014	58	nan
Enterobacter cloacae	550	S	466	644	1110	0.00007	0.00004	0.00000	0.00004	57	5.0
Enterobacter roggenkampii	1812935	S	293	352	645	0.00004	0.00002	0.00000	0.00002	58	5.0
Enterobacter asburiae	61645	S	278	455	733	0.00005	0.00003	0.00003	0.00003	58	nan
Enterobacter cancerogenus	69218	S	198	203	401	0.00003	0.00001	0.00000	0.00001	58	5.0
Enterobacter kobei	208224	S	187	409	596	0.00004	0.00003	0.00003	0.00002	57	nan
Enterobacter ludwigii	299767	S	114	229	343	0.00002	0.00002	0.00001	0.00001	57	nan
Enterobacter mori	539813	S	176	186	362	0.00002	0.00001	0.00000	0.00001	57	5.0
Candidatus Profftia tarda	1177216	S	16250	16255	32505	0.00217	0.00109	0.00132	0.00128	38	nan
Candidatus Blochmannia herculeanus	108080	S	6854	6906	13760	0.00092	0.00046	0.00058	0.00058	32	nan
Atlantibacter subterranea	255519	S	5995	7531	13526	0.00090	0.00050	0.00051	0.00044	57	nan
Atlantibacter hermannii	565	S	338	341	679	0.00005	0.00002	0.00002	0.00002	56	nan
Shigella sp. FC130	1892896	S	2193	4341	6534	0.00044	0.00029	0.00000	0.00025	51	5.0
Escherichia coli	562	S	903	6090	6993	0.00047	0.00041	0.00000	0.00036	54	5.0
Kosakonia cowanii	208223	S	126	311	437	0.00003	0.00002	0.00000	0.00002	58	5.0
Cronobacter sakazakii	28141	S	138	336	474	0.00003	0.00002	0.00000	0.00002	59	5.0
Leclercia adecarboxylata	83655	S	248	375	623	0.00004	0.00003	0.00000	0.00002	58	5.0
Cedecea neteri	158822	S	239	263	502	0.00003	0.00002	0.00002	0.00002	57	nan
Cedecea sp. FDAARGOS_727	2545798	S	102	110	212	0.00001	0.00001	0.00000	0.00001	57	5.0
Pluralibacter gergoviae	61647	S	154	159	313	0.00002	0.00001	0.00000	0.00001	62	5.0
[Enterobacter] lignolyticus	1334193	S	131	135	266	0.00002	0.00001	0.00000	0.00001	60	4.0
Jejubacter calystegiae	2579935	S	150	150	300	0.00002	0.00001	0.00000	0.00001	58	4.0
Siccibacter colletis	1505757	S	139	139	278	0.00002	0.00001	0.00000	0.00001	60	4.0
Shimwellia blattae	563	S	102	102	204	0.00001	0.00001	0.00000	0.00001	59	4.0
Yersinia pestis	632	S	110013	423912	533925	0.03564	0.02830	0.02551	0.02459	49	nan
Yersinia pseudotuberculosis	633	S	1733	26204	27937	0.00186	0.00175	0.00158	0.00152	49	nan
Yersinia similis	367190	S	1420	1466	2886	0.00019	0.00010	0.00009	0.00009	49	nan
Serratia proteamaculans	28151	S	40265	43717	83982	0.00561	0.00292	0.00263	0.00256	57	nan
Serratia sp. JSRIV001	2831893	S	6459	20976	27435	0.00183	0.00140	0.00000	0.00123	57	5.0
Serratia ficaria	61651	S	5767	13613	19380	0.00129	0.00091	0.00088	0.00083	59	nan
Serratia quinivorans	137545	S	2136	2263	4399	0.00029	0.00015	0.00013	0.00013	57	nan
Serratia marcescens	615	S	740	1451	2191	0.00015	0.00010	0.00010	0.00009	61	nan
Serratia liquefaciens	614	S	736	923	1659	0.00011	0.00006	0.00000	0.00005	58	5.0
Serratia plymuthica	82996	S	693	784	1477	0.00010	0.00005	0.00005	0.00005	59	nan
Serratia grimesii	82995	S	259	266	525	0.00004	0.00002	0.00000	0.00002	54	4.0
Serratia symbiotica	138074	S	225	225	450	0.00003	0.00002	0.00000	0.00001	54	4.0
Serratia fonticola	47917	S	194	232	426	0.00003	0.00002	0.00000	0.00001	56	4.0
Serratia entomophila	42906	S	155	173	328	0.00002	0.00001	0.00001	0.00001	62	nan
Serratia odorifera	618	S	140	141	281	0.00002	0.00001	0.00000	0.00001	58	5.0
Serratia rubidaea	61652	S	102	115	217	0.00001	0.00001	0.00000	0.00001	63	5.0
Rouxiella badensis	1646377	S	40554	40725	81279	0.00543	0.00272	0.00240	0.00236	56	nan
Edwardsiella piscicida	1263550	S	2239	2386	4625	0.00031	0.00016	0.00016	0.00015	63	nan
Edwardsiella sp. LADL05-105	1650654	S	2029	487748	489777	0.03269	0.03256	0.03157	0.03038	63	nan
Edwardsiella ictaluri	67780	S	1748	1852	3600	0.00024	0.00012	0.00000	0.00011	61	5.0
Edwardsiella tarda	636	S	744	763	1507	0.00010	0.00005	0.00000	0.00005	60	4.0
Edwardsiella anguillarum	1821960	S	639	5343	5982	0.00040	0.00036	0.00034	0.00033	63	nan
Edwardsiella hoshinae	93378	S	364	370	734	0.00005	0.00002	0.00000	0.00002	59	4.0
Hafnia sp. CBA7124	1848580	S	1491	4750	6241	0.00042	0.00032	0.00028	0.00027	51	nan
Erwinia sorbitola	2681984	S	243560	245946	489506	0.03268	0.01642	0.01476	0.01421	55	nan
Erwinia sp. QL-Z3	2547962	S	6972	10369	17341	0.00116	0.00069	0.00062	0.00060	57	nan
Erwinia sp. E602	2675378	S	272	273	545	0.00004	0.00002	0.00000	0.00002	61	4.0
Erwinia sp. DE2	3062598	S	258	261	519	0.00003	0.00002	0.00000	0.00002	56	4.0
Erwinia tracheiphila	65700	S	328	330	658	0.00004	0.00002	0.00000	0.00002	51	4.0
Erwinia persicina	55211	S	237	240	477	0.00003	0.00002	0.00000	0.00001	57	5.0
Erwinia toletana	92490	S	233	235	468	0.00003	0.00002	0.00000	0.00001	54	5.0
Erwinia rhapontici	55212	S	211	213	424	0.00003	0.00001	0.00000	0.00001	56	5.0
Erwinia tasmaniensis	338565	S	162	163	325	0.00002	0.00001	0.00000	0.00001	56	5.0
Erwinia amylovora	552	S	141	142	283	0.00002	0.00001	0.00000	0.00001	56	5.0
Mixta intestinalis	1615494	S	9626	9801	19427	0.00130	0.00065	0.00059	0.00057	55	nan
Mixta calida	665913	S	194	208	402	0.00003	0.00001	0.00000	0.00001	60	5.0
Mixta gaviniae	665914	S	185	197	382	0.00003	0.00001	0.00000	0.00001	61	5.0
Mixta hanseatica	2872648	S	145	152	297	0.00002	0.00001	0.00000	0.00001	55	5.0
Pantoea sp. CCBC3-3-1	2490851	S	272	281	553	0.00004	0.00002	0.00000	0.00002	54	5.0
Pantoea sp. Z09	2886821	S	219	248	467	0.00003	0.00002	0.00000	0.00002	62	4.0
Pantoea sp. At-9b	592316	S	139	153	292	0.00002	0.00001	0.00000	0.00001	56	5.0
Pantoea sp. SOD02	2970818	S	132	292	424	0.00003	0.00002	0.00000	0.00002	56	5.0
Pantoea agglomerans	549	S	806	1146	1952	0.00013	0.00008	0.00007	0.00007	57	nan
Pantoea dispersa	59814	S	626	658	1284	0.00009	0.00004	0.00000	0.00004	59	5.0
Pantoea ananatis	553	S	355	385	740	0.00005	0.00003	0.00000	0.00002	55	4.0
Pantoea stewartii	66269	S	283	316	599	0.00004	0.00002	0.00000	0.00002	55	5.0
Pantoea alhagi	1891675	S	253	261	514	0.00003	0.00002	0.00000	0.00002	55	4.0
Pantoea piersonii	2364647	S	252	275	527	0.00004	0.00002	0.00000	0.00002	59	4.0
Pantoea vagans	470934	S	214	535	749	0.00005	0.00004	0.00000	0.00003	56	5.0
Pantoea eucrina	472693	S	212	224	436	0.00003	0.00001	0.00000	0.00001	58	5.0
Pantoea cypripedii	55209	S	168	174	342	0.00002	0.00001	0.00000	0.00001	55	5.0
Pantoea anthophila	470931	S	148	169	317	0.00002	0.00001	0.00000	0.00001	59	5.0
Pantoea rwandensis	1076550	S	136	148	284	0.00002	0.00001	0.00000	0.00001	56	5.0
Pantoea phytobeneficialis	2052056	S	133	146	279	0.00002	0.00001	0.00000	0.00001	56	5.0
Pantoea deleyi	470932	S	132	149	281	0.00002	0.00001	0.00000	0.00001	60	4.0
Izhakiella australiensis	1926881	S	372	511	883	0.00006	0.00003	0.00000	0.00003	55	5.0
Duffyella gerundensis	1619313	S	245	249	494	0.00003	0.00002	0.00000	0.00001	56	5.0
Tatumella ptyseos	82987	S	107	111	218	0.00001	0.00001	0.00000	0.00001	50	4.0
Proteus vulgaris	585	S	134217	139242	273459	0.01825	0.00929	0.00957	0.00898	40	nan
Proteus mirabilis	584	S	2886	2991	5877	0.00039	0.00020	0.00019	0.00019	40	nan
Proteus terrae	1574161	S	1096	1265	2361	0.00016	0.00008	0.00000	0.00008	40	4.0
Proteus sp. HZ0627	3034648	S	194	200	394	0.00003	0.00001	0.00000	0.00001	41	4.0
Providencia sp. 1701091	2603245	S	381	69789	70170	0.00468	0.00466	0.00449	0.00432	43	nan
Providencia sp. PROV083	2936783	S	163	22095	22258	0.00149	0.00147	0.00143	0.00137	43	nan
Providencia rettgeri	587	S	677	2244	2921	0.00019	0.00015	0.00014	0.00014	43	nan
Providencia huaxiensis	2027290	S	191	210	401	0.00003	0.00001	0.00001	0.00001	43	nan
Xenorhabdus griffiniae	351672	S	15957	16013	31970	0.00213	0.00107	0.00098	0.00096	45	nan
Moellerella wisconsensis	158849	S	3334	3406	6740	0.00045	0.00023	0.00000	0.00021	42	5.0
Morganella morganii	582	S	144	145	289	0.00002	0.00001	0.00000	0.00001	54	4.0
Pseudomonas sp. StFLB209	1028989	S	88402	89215	177617	0.01186	0.00596	0.00565	0.00547	62	nan
Pseudomonas sp. SCB32	2653853	S	63334	65281	128615	0.00859	0.00436	0.00448	0.00433	67	nan
Pseudomonas sp. 31-12	2201356	S	27935	29641	57576	0.00384	0.00198	0.00184	0.00178	61	nan
Pseudomonas sp. BIOMIG1BAC	1758730	S	9463	17687	27150	0.00181	0.00118	0.00134	0.00111	63	nan
Pseudomonas sp. GCEP-101	2974552	S	7014	7299	14313	0.00096	0.00049	0.00056	0.00051	67	nan
Pseudomonas sp. Z003-0.4C(8344-21)	1855380	S	6644	8151	14795	0.00099	0.00054	0.00052	0.00050	61	nan
Pseudomonas sp. LH1G9	2083055	S	607	1526	2133	0.00014	0.00010	0.00011	0.00009	62	nan
Pseudomonas sp. FDAARGOS_380	2018067	S	216	404	620	0.00004	0.00003	0.00003	0.00002	62	nan
Pseudomonas sp. Y39-6	2749807	S	127	373	500	0.00003	0.00002	0.00003	0.00002	62	nan
Pseudomonas sp. D3	517398	S	105	110	215	0.00001	0.00001	0.00001	0.00001	62	nan
Pseudomonas rhizosphaerae	216142	S	82474	83889	166363	0.01111	0.00560	0.00541	0.00527	63	nan
Pseudomonas izuensis	2684212	S	68109	70259	138368	0.00924	0.00469	0.00438	0.00424	61	nan
Pseudomonas viridiflava	33069	S	33041	34424	67465	0.00450	0.00230	0.00211	0.00206	61	nan
Pseudomonas syringae	317	S	825	2196	3021	0.00020	0.00015	0.00013	0.00013	60	nan
Pseudomonas syringae group genomosp. 3	251701	S	672	13959	14631	0.00098	0.00093	0.00085	0.00083	60	nan
Pseudomonas amygdali	47877	S	102	737	839	0.00006	0.00005	0.00004	0.00004	60	nan
Pseudomonas synxantha	47883	S	43168	47393	90561	0.00605	0.00316	0.00292	0.00288	61	nan
Pseudomonas veronii	76761	S	2434	4913	7347	0.00049	0.00033	0.00034	0.00030	62	nan
Pseudomonas fluorescens	294	S	260	338	598	0.00004	0.00002	0.00002	0.00002	62	nan
Pseudomonas orientalis	76758	S	142	148	290	0.00002	0.00001	0.00001	0.00001	62	nan
Pseudomonas rhodesiae	76760	S	115	119	234	0.00002	0.00001	0.00001	0.00001	62	nan
Pseudomonas siliginis	2842346	S	37860	61400	99260	0.00663	0.00410	0.00393	0.00374	61	nan
Pseudomonas chlororaphis	587753	S	138	870	1008	0.00007	0.00006	0.00006	0.00005	62	nan
Pseudomonas aeruginosa	287	S	229	1281	1510	0.00010	0.00009	0.00000	0.00008	63	5.0
Pseudomonas putida	303	S	171	331	502	0.00003	0.00002	0.00000	0.00002	63	5.0
Pseudomonas atacamensis	2565368	S	143	197	340	0.00002	0.00001	0.00001	0.00001	62	nan
Marinobacter sp. LV10R510-11A	1415568	S	868	1153	2021	0.00013	0.00008	0.00000	0.00007	56	4.0
Marinobacter sp. Arc7-DN-1	2304594	S	259	1096	1355	0.00009	0.00007	0.00006	0.00006	59	nan
Marinobacter sp. NP-4(2019)	2488665	S	229	1229	1458	0.00010	0.00008	0.00007	0.00007	58	nan
Marinobacter sp. JH2	2547598	S	214	660	874	0.00006	0.00004	0.00000	0.00004	56	5.0
Marinobacter sp. CP1	1671721	S	186	5923	6109	0.00041	0.00040	0.00035	0.00035	58	nan
Marinobacter sp. AN1	2886046	S	169	748	917	0.00006	0.00005	0.00005	0.00004	59	nan
Marinobacter sp. LPB0319	2769486	S	145	167	312	0.00002	0.00001	0.00001	0.00001	59	nan
Marinobacter sp. CA1	2817656	S	142	164	306	0.00002	0.00001	0.00000	0.00001	62	5.0
Marinobacter sp.	50741	S	124	467	591	0.00004	0.00003	0.00003	0.00003	58	nan
Marinobacter sp. es.042	1761794	S	107	1757	1864	0.00012	0.00012	0.00010	0.00010	58	nan
Marinobacter sp. LA51	3035454	S	106	476	582	0.00004	0.00003	0.00003	0.00003	58	nan
Marinobacter salsuginis	418719	S	7082	7651	14733	0.00098	0.00051	0.00046	0.00045	58	nan
Marinobacter salarius	1420917	S	397	424	821	0.00005	0.00003	0.00000	0.00002	58	5.0
Marinobacter nauticus	2743	S	313	348	661	0.00004	0.00002	0.00000	0.00002	58	5.0
Marinobacter adhaerens	1033846	S	190	394	584	0.00004	0.00003	0.00000	0.00002	58	5.0
Marinobacter salinus	1874317	S	190	192	382	0.00003	0.00001	0.00000	0.00001	57	5.0
Halomonas sp. NyZ770	2883106	S	227364	240679	468043	0.03124	0.01607	0.01513	0.01476	62	nan
Halomonas sp. M4R1S46	2982692	S	27988	28111	56099	0.00374	0.00188	0.00217	0.00211	70	nan
Halomonas sp. Y3	2956797	S	14217	14607	28824	0.00192	0.00098	0.00108	0.00105	68	nan
Halomonas sp. 1513	1883416	S	6898	6938	13836	0.00092	0.00046	0.00050	0.00048	67	nan
Halomonas socia	1081866	S	3098	3115	6213	0.00041	0.00021	0.00023	0.00021	66	nan
Halomonas meridiana	29570	S	197	205	402	0.00003	0.00001	0.00000	0.00001	58	4.0
Candidatus Portiera aleyrodidarum	91844	S	10512	10522	21034	0.00140	0.00070	0.00108	0.00109	24	nan
Thalassolituus oleivorans	187493	S	53364	53640	107004	0.00714	0.00358	0.00318	0.00308	47	nan
Amphritea atlantica	355243	S	1322	1363	2685	0.00018	0.00009	0.00000	0.00008	53	4.0
Amphritea japonica	452627	S	537	561	1098	0.00007	0.00004	0.00003	0.00003	49	nan
Pseudoalteromonas sp. DL-6	1390185	S	358	380	738	0.00005	0.00003	0.00002	0.00002	41	nan
Pseudoalteromonas sp. 3J6	649161	S	216	308	524	0.00003	0.00002	0.00002	0.00002	41	nan
Pseudoalteromonas sp. Scap06	2589991	S	188	149253	149441	0.00998	0.00996	0.00950	0.00919	41	nan
Pseudoalteromonas sp. SCSIO 43095	2894202	S	101	110	211	0.00001	0.00001	0.00001	0.00001	42	nan
Pseudoalteromonas xiamenensis	882626	S	7351	7358	14709	0.00098	0.00049	0.00045	0.00043	44	nan
Alteromonas sp. MB-3u-76	2058133	S	26465	51261	77726	0.00519	0.00342	0.00310	0.00299	44	nan
Alkalimarinus coralli	2935863	S	22290	22339	44629	0.00298	0.00149	0.00133	0.00129	47	nan
Agarivorans sp. B2Z047	2652721	S	13697	14454	28151	0.00188	0.00096	0.00087	0.00084	44	nan
Shewanella dokdonensis	712036	S	26617	26688	53305	0.00356	0.00178	0.00158	0.00152	50	nan
Shewanella sp. LZH-2	2806008	S	12893	28298	41191	0.00275	0.00189	0.00168	0.00163	48	nan
Shewanella violacea	60217	S	11709	11796	23505	0.00157	0.00079	0.00071	0.00069	46	nan
Pseudidiomarina andamanensis	1940690	S	34988	35118	70106	0.00468	0.00234	0.00206	0.00200	48	nan
Vibrio zhugei	2479546	S	85909	87163	173072	0.01155	0.00582	0.00520	0.00505	46	nan
Vibrio sp. SCSIO 43137	3021011	S	31261	31370	62631	0.00418	0.00209	0.00187	0.00182	47	nan
Vibrio sp. STUT-A16	2976237	S	179	467	646	0.00004	0.00003	0.00003	0.00003	46	nan
Vibrio diabolicus	50719	S	6155	15364	21519	0.00144	0.00103	0.00092	0.00089	46	nan
Vibrio antiquarius	150340	S	484	1870	2354	0.00016	0.00012	0.00011	0.00011	46	nan
Vibrio alginolyticus	663	S	1748	3787	5535	0.00037	0.00025	0.00023	0.00022	46	nan
Vibrio parahaemolyticus	670	S	952	1070	2022	0.00013	0.00007	0.00007	0.00006	46	nan
Vibrio harveyi	669	S	109	167	276	0.00002	0.00001	0.00001	0.00001	46	nan
Lysobacter antibioticus	84531	S	54788	54948	109736	0.00733	0.00367	0.00411	0.00390	68	nan
Xanthomonas fragariae	48664	S	17244	17454	34698	0.00232	0.00117	0.00112	0.00110	63	nan
Xanthomonas dyei	743699	S	7548	7660	15208	0.00102	0.00051	0.00053	0.00051	65	nan
Xanthomonas vesicatoria	56460	S	783	831	1614	0.00011	0.00006	0.00000	0.00005	65	5.0
Xanthomonas campestris	339	S	607	645	1252	0.00008	0.00004	0.00000	0.00004	66	5.0
Xanthomonas hortorum	56454	S	293	332	625	0.00004	0.00002	0.00000	0.00002	65	5.0
Xanthomonas arboricola	56448	S	260	308	568	0.00004	0.00002	0.00000	0.00002	66	4.0
Xanthomonas prunicola	2053930	S	166	170	336	0.00002	0.00001	0.00000	0.00001	65	5.0
Xanthomonas oryzae	347	S	123	130	253	0.00002	0.00001	0.00000	0.00001	65	4.0
Xanthomonas citri	346	S	109	443	552	0.00004	0.00003	0.00000	0.00003	65	5.0
Stenotrophomonas sp. 364	2691571	S	23113	23651	46764	0.00312	0.00158	0.00174	0.00169	68	nan
Moraxella cuniculi	34061	S	38187	38330	76517	0.00511	0.00256	0.00234	0.00227	48	nan
Psychrobacter sp. WB2	3043330	S	25522	26173	51695	0.00345	0.00175	0.00161	0.00156	45	nan
Psychrobacter sp. van23A	3064892	S	1609	1667	3276	0.00022	0.00011	0.00010	0.00010	47	nan
Psychrobacter sp. SC65A.3	2983299	S	261	317	578	0.00004	0.00002	0.00000	0.00002	45	5.0
Psychrobacter sp. P11G5	1699624	S	239	282	521	0.00003	0.00002	0.00000	0.00002	44	5.0
Psychrobacter sp. P2G3	1699622	S	205	240	445	0.00003	0.00002	0.00000	0.00001	44	4.0
Psychrobacter sp. G	571800	S	176	215	391	0.00003	0.00001	0.00000	0.00001	45	5.0
Psychrobacter sp. P11F6	1699621	S	126	127	253	0.00002	0.00001	0.00000	0.00001	45	4.0
Psychrobacter sp. DAB_AL43B	1028416	S	115	115	230	0.00002	0.00001	0.00000	0.00001	44	4.0
Psychrobacter cryohalolentis	330922	S	257	317	574	0.00004	0.00002	0.00000	0.00002	44	4.0
Acinetobacter johnsonii	40214	S	14647	16876	31523	0.00210	0.00113	0.00107	0.00103	43	nan
Acinetobacter sp. LUNF3	2925837	S	165	407	572	0.00004	0.00003	0.00000	0.00002	43	5.0
Acinetobacter baumannii	470	S	110	348	458	0.00003	0.00002	0.00000	0.00002	41	5.0
Nitrosococcus oceani	1229	S	49967	50238	100205	0.00669	0.00335	0.00302	0.00289	51	nan
Nitrosococcus watsonii	473531	S	1552	1560	3112	0.00021	0.00010	0.00000	0.00009	50	5.0
Nitrosococcus halophilus	133539	S	114	114	228	0.00002	0.00001	0.00000	0.00001	53	4.0
Caldichromatium japonicum	2699430	S	24643	24647	49290	0.00329	0.00165	0.00157	0.00152	62	nan
Mannheimia varigena	85404	S	30540	31375	61915	0.00413	0.00209	0.00200	0.00194	41	nan
Mannheimia sp. USDA-ARS-USMARC-1261	1432056	S	5733	6919	12652	0.00084	0.00046	0.00045	0.00043	39	nan
Bisgaardia hudsonensis	109472	S	25845	25916	51761	0.00346	0.00173	0.00192	0.00186	34	nan
Francisella sp. FSC1006	1547445	S	37499	37796	75295	0.00503	0.00252	0.00292	0.00280	33	nan
Francisella hispaniensis	622488	S	2924	2997	5921	0.00040	0.00020	0.00023	0.00023	32	nan
Thiomicrorhabdus sediminis	2580412	S	13717	13738	27455	0.00183	0.00092	0.00083	0.00080	45	nan
Thiothrix litoralis	2891210	S	4492	4902	9394	0.00063	0.00033	0.00029	0.00028	54	nan
Microbulbifer sp. MI-G	2944933	S	26092	26129	52221	0.00349	0.00174	0.00158	0.00153	56	nan
Microbulbifer sp. VAAF005	3034230	S	15486	15711	31197	0.00208	0.00105	0.00094	0.00091	50	nan
Legionella sp. PC997	2755562	S	24897	25939	50836	0.00339	0.00173	0.00171	0.00166	38	nan
Coxiella-like endosymbiont	1592897	S	10884	10885	21769	0.00145	0.00073	0.00090	0.00077	38	nan
Aeromonas sp. CA23	2033032	S	17530	20673	38203	0.00255	0.00138	0.00133	0.00129	63	nan
Aeromonas sp. FDAARGOS 1410	2778059	S	152	220	372	0.00002	0.00001	0.00002	0.00001	62	nan
Aeromonas jandaei	650	S	2244	2624	4868	0.00032	0.00018	0.00017	0.00016	62	nan
Aeromonas veronii	654	S	530	765	1295	0.00009	0.00005	0.00000	0.00005	62	5.0
Bradyrhizobium sp. CB1650	3039153	S	136320	138335	274655	0.01833	0.00923	0.00920	0.00886	64	nan
Bradyrhizobium sp. I71	2590772	S	85247	92553	177800	0.01187	0.00618	0.00632	0.00609	65	nan
Bradyrhizobium sp. 187	2782655	S	2444	4366	6810	0.00045	0.00029	0.00028	0.00028	64	nan
Bradyrhizobium australafricanum	2821406	S	99550	112570	212120	0.01416	0.00751	0.00769	0.00733	65	nan
Bradyrhizobium elkanii	29448	S	121	179	300	0.00002	0.00001	0.00001	0.00001	65	nan
Afipia sp. GAS231	1882747	S	19369	19466	38835	0.00259	0.00130	0.00128	0.00123	64	nan
Sinorhizobium numidicum	680248	S	166933	168343	335276	0.02238	0.01124	0.01051	0.01026	61	nan
Ensifer adhaerens	106592	S	113	148	261	0.00002	0.00001	0.00000	0.00001	63	4.0
Rhizobium sp. SL42	2806346	S	42338	42560	84898	0.00567	0.00284	0.00265	0.00258	61	nan
Rhizobium sp. AB2/73	2795216	S	15362	17565	32927	0.00220	0.00117	0.00106	0.00105	60	nan
Rhizobium sp. Kim5	2020311	S	2018	3223	5241	0.00035	0.00022	0.00021	0.00020	62	nan
Rhizobium sp. CC-CFT758	2926709	S	133	133	266	0.00002	0.00001	0.00000	0.00001	62	4.0
Rhizobium leguminosarum	384	S	266	517	783	0.00005	0.00003	0.00000	0.00003	62	4.0
Rhizobium rhizoryzae	451876	S	130	131	261	0.00002	0.00001	0.00000	0.00001	58	4.0
Rhizobium rhizogenes	359	S	106	135	241	0.00002	0.00001	0.00000	0.00001	61	4.0
Allorhizobium pseudoryzae	379684	S	37036	37492	74528	0.00497	0.00250	0.00235	0.00233	63	nan
Agrobacterium tumefaciens	358	S	2425	2923	5348	0.00036	0.00020	0.00000	0.00018	60	5.0
Agrobacterium fabacearum	1183401	S	215	657	872	0.00006	0.00004	0.00000	0.00004	59	5.0
Agrobacterium fabrum	1176649	S	204	447	651	0.00004	0.00003	0.00000	0.00003	60	4.0
Agrobacterium larrymoorei	160699	S	776	812	1588	0.00011	0.00005	0.00000	0.00005	58	5.0
Agrobacterium vaccinii	2735528	S	588	606	1194	0.00008	0.00004	0.00000	0.00004	58	5.0
Agrobacterium rubi	28099	S	341	386	727	0.00005	0.00003	0.00000	0.00002	58	5.0
Agrobacterium pusense	648995	S	273	572	845	0.00006	0.00004	0.00000	0.00003	60	4.0
Agrobacterium vitis	373	S	139	156	295	0.00002	0.00001	0.00000	0.00001	59	5.0
Agrobacterium cucumeris	2862866	S	132	165	297	0.00002	0.00001	0.00000	0.00001	60	4.0
Agrobacterium salinitolerans	1183413	S	130	172	302	0.00002	0.00001	0.00000	0.00001	60	4.0
Neorhizobium galegae	399	S	155	159	314	0.00002	0.00001	0.00000	0.00001	62	4.0
Mesorhizobium sp. L-8-10	2744523	S	61551	92467	154018	0.01028	0.00617	0.00628	0.00606	65	nan
Bartonella sp. 11B	1933908	S	756	73202	73958	0.00494	0.00489	0.00505	0.00494	37	nan
Bartonella sp. 1-1C	515256	S	300	319	619	0.00004	0.00002	0.00002	0.00002	37	nan
Bartonella alsatica	52764	S	13794	13829	27623	0.00184	0.00092	0.00094	0.00091	39	nan
Bartonella vinsonii	33047	S	227	228	455	0.00003	0.00002	0.00000	0.00001	39	4.0
Aureimonas populi	1701758	S	54506	54612	109118	0.00728	0.00365	0.00428	0.00405	68	nan
Brucella sp. BO2	693750	S	20578	40626	61204	0.00409	0.00271	0.00245	0.00239	59	nan
Brucella sp. 2280	2592625	S	202	399	601	0.00004	0.00003	0.00002	0.00002	59	nan
Brucella intermedia	94625	S	133	134	267	0.00002	0.00001	0.00000	0.00001	59	4.0
Labrenzia sp. PHM005	2590016	S	32769	32849	65618	0.00438	0.00219	0.00195	0.00189	55	nan
Methylobacterium aquaticum	270351	S	7433	8089	15522	0.00104	0.00054	0.00067	0.00067	72	nan
Methylobacterium sp. SyP6R	2718876	S	2800	2922	5722	0.00038	0.00020	0.00000	0.00023	71	5.0
Methylobacterium sp. 17Sr1-1	2202826	S	1114	1192	2306	0.00015	0.00008	0.00011	0.00010	72	nan
Methylobacterium indicum	1775910	S	1628	1770	3398	0.00023	0.00012	0.00018	0.00015	71	nan
Methylobacterium currus	2051553	S	1130	1201	2331	0.00016	0.00008	0.00000	0.00010	71	5.0
Methylobacterium terrae	2202827	S	964	1027	1991	0.00013	0.00007	0.00000	0.00009	72	5.0
Wolbachia endosymbiont of Frankliniella intonsa	2902422	S	48236	79484	127720	0.00853	0.00531	0.00571	0.00557	34	nan
Wolbachia endosymbiont of Aedes albopictus	167957	S	47295	62823	110118	0.00735	0.00419	0.00444	0.00429	35	nan
Wolbachia endosymbiont (group A) of Rhinocyllus conicus	2954053	S	15712	35931	51643	0.00345	0.00240	0.00256	0.00247	34	nan
Wolbachia endosymbiont (group A) of Lasioglossum morio	2954025	S	477	4673	5150	0.00034	0.00031	0.00034	0.00032	34	nan
Wolbachia endosymbiont of Oedothorax gibbosus	931100	S	191	219	410	0.00003	0.00001	0.00001	0.00001	34	nan
Wolbachia endosymbiont (group B) of Nymphalis c-album	2954034	S	158	26468	26626	0.00178	0.00177	0.00195	0.00184	34	nan
Wolbachia endosymbiont of Trichogramma pretiosum	125593	S	114	122	236	0.00002	0.00001	0.00001	0.00001	33	nan
Wolbachia pipientis	955	S	200	590	790	0.00005	0.00004	0.00004	0.00004	34	nan
Rickettsia prowazekii	782	S	6394	6407	12801	0.00085	0.00043	0.00055	0.00055	28	nan
Acetobacter pasteurianus	438	S	16020	22119	38139	0.00255	0.00148	0.00131	0.00127	55	nan
Acetobacter sp. JWB	2259883	S	2168	102060	104228	0.00696	0.00681	0.00605	0.00586	54	nan
Acetobacter ascendens	481146	S	312	337	649	0.00004	0.00002	0.00002	0.00002	54	nan
Acetobacter oryzifermentans	1633874	S	135	437	572	0.00004	0.00003	0.00003	0.00003	54	nan
Magnetospirillum sp. XM-1	1663591	S	50305	51378	101683	0.00679	0.00343	0.00369	0.00356	67	nan
Sphingomonas sediminicola	386874	S	43649	43879	87528	0.00584	0.00293	0.00287	0.00277	63	nan
Sphingomonas sp. NIBR02145	3014784	S	11148	11301	22449	0.00150	0.00075	0.00084	0.00080	68	nan
Sphingomonas sp. NBWT7	2596913	S	7955	8295	16250	0.00108	0.00055	0.00060	0.00059	68	nan
Sphingomonas sp. LK11	1390395	S	820	918	1738	0.00012	0.00006	0.00000	0.00006	66	5.0
Sphingomonas sp. HDW15A	2714942	S	161	161	322	0.00002	0.00001	0.00000	0.00001	63	4.0
Sphingomonas sanguinis	33051	S	732	811	1543	0.00010	0.00005	0.00000	0.00006	66	5.0
Sphingomonas paucimobilis	13689	S	547	622	1169	0.00008	0.00004	0.00000	0.00004	66	5.0
Sphingomonas xanthus	2594473	S	411	427	838	0.00006	0.00003	0.00000	0.00003	64	5.0
Sphingomonas rhizophila	2071607	S	252	262	514	0.00003	0.00002	0.00000	0.00002	66	4.0
Sphingomonas lutea	1045317	S	146	147	293	0.00002	0.00001	0.00000	0.00001	66	4.0
Sphingomonas daechungensis	1176646	S	124	124	248	0.00002	0.00001	0.00000	0.00001	64	4.0
Sphingomonas ginsengisoli An et al. 2013	363835	S	123	125	248	0.00002	0.00001	0.00000	0.00001	68	5.0
Sphingomonas sabuli	2764186	S	113	113	226	0.00002	0.00001	0.00000	0.00001	66	5.0
Sphingomonas glaciei	2938948	S	104	104	208	0.00001	0.00001	0.00000	0.00001	67	4.0
Sphingomonas limnosediminicola	940133	S	104	104	208	0.00001	0.00001	0.00000	0.00001	64	4.0
Novosphingobium sp. THN1	1016987	S	48408	48867	97275	0.00649	0.00326	0.00323	0.00314	64	nan
Sphingobium sp. PAMC28499	2565554	S	27103	35438	62541	0.00417	0.00237	0.00242	0.00235	65	nan
Sphingobium yanoikuyae	13690	S	105	133	238	0.00002	0.00001	0.00001	0.00001	65	nan
Blastomonas sp. RAC04	1842535	S	9899	13292	23191	0.00155	0.00089	0.00086	0.00086	64	nan
Phaeobacter inhibens	221822	S	24169	24651	48820	0.00326	0.00165	0.00153	0.00149	60	nan
Celeribacter ethanolicus	1758178	S	6004	6201	12205	0.00081	0.00041	0.00040	0.00038	62	nan
Roseovarius faecimaris	2494550	S	2609	2616	5225	0.00035	0.00017	0.00017	0.00017	63	nan
Paracoccus sp. Arc7-R13	2500532	S	18473	21246	39719	0.00265	0.00142	0.00148	0.00150	67	nan
Paracoccus aminophilus	34003	S	476	480	956	0.00006	0.00003	0.00000	0.00003	64	5.0
Cereibacter azotoformans	43057	S	8164	8242	16406	0.00110	0.00055	0.00065	0.00061	69	nan
Candidatus Pelagibacter giovannonii	2563896	S	49518	49690	99208	0.00662	0.00332	0.00429	0.00416	30	nan
Candidatus Fonsibacter ubiquis	1925548	S	11653	11653	23306	0.00156	0.00078	0.00104	0.00101	28	nan
Hyphobacterium sp. CCMP332	2749086	S	47856	47887	95743	0.00639	0.00320	0.00302	0.00290	60	nan
Minwuia sp. IMCC3077	3040676	S	818	41131	41949	0.00280	0.00275	0.00281	0.00271	65	nan
Brevundimonas sp. NIBR10	3015997	S	5319	5454	10773	0.00072	0.00036	0.00040	0.00038	67	nan
Brevundimonas sp. PAMC22021	2861285	S	1060	1116	2176	0.00015	0.00007	0.00000	0.00008	68	5.0
Hyphomonas sp. KY3	2016196	S	3562	3590	7152	0.00048	0.00024	0.00022	0.00021	59	nan
Polynucleobacter sp. TUM22923	3022126	S	128712	128823	257535	0.01719	0.00860	0.00763	0.00740	47	nan
Polynucleobacter sp. MWH-Spelu-300-X4	2689109	S	40751	40783	81534	0.00544	0.00272	0.00250	0.00242	44	nan
Polynucleobacter sp. AP-Titi-500A-B4	2576923	S	31346	31547	62893	0.00420	0.00211	0.00187	0.00181	45	nan
Polynucleobacter sp. MG-Unter2-18	2081052	S	22795	23135	45930	0.00307	0.00154	0.00137	0.00133	46	nan
Paraburkholderia caffeinilytica	1761016	S	77921	78343	156264	0.01043	0.00523	0.00506	0.00494	63	nan
Paraburkholderia phytofirmans	261302	S	15897	16010	31907	0.00213	0.00107	0.00101	0.00099	61	nan
Paraburkholderia sp. PGU16	2735433	S	4085	4128	8213	0.00055	0.00028	0.00000	0.00026	63	5.0
Ralstonia sp. RS642	2880988	S	5246	39911	45157	0.00301	0.00266	0.00297	0.00288	68	nan
Ralstonia mannitolilytica	105219	S	7135	7295	14430	0.00096	0.00049	0.00049	0.00050	67	nan
Ralstonia pickettii	329	S	278	284	562	0.00004	0.00002	0.00000	0.00002	65	4.0
Ralstonia pseudosolanacearum	1310165	S	250	1170	1420	0.00009	0.00008	0.00009	0.00008	68	nan
Ralstonia solanacearum	305	S	200	247	447	0.00003	0.00002	0.00002	0.00002	68	nan
Limnohabitans sp. INBF002	2986280	S	53773	53913	107686	0.00719	0.00360	0.00325	0.00314	58	nan
Paenacidovorax monticola	1926868	S	32451	32585	65036	0.00434	0.00218	0.00262	0.00248	70	nan
Paracidovorax cattleyae	80868	S	18470	18911	37381	0.00250	0.00126	0.00154	0.00146	69	nan
Paracidovorax avenae	80867	S	1989	2184	4173	0.00028	0.00015	0.00018	0.00017	70	nan
Paracidovorax citrulli	80869	S	514	531	1045	0.00007	0.00004	0.00000	0.00004	70	5.0
Oxalobacter formigenes	847	S	124335	124526	248861	0.01661	0.00831	0.00736	0.00715	52	nan
Massilia sp. R2A-15	3064278	S	3942	3965	7907	0.00053	0.00026	0.00028	0.00027	66	nan
Caldimonas thermodepolymerans	215580	S	118649	119283	237932	0.01588	0.00796	0.00997	0.00966	71	nan
Bordetella pseudohinzii	1331258	S	29159	29426	58585	0.00391	0.00196	0.00212	0.00208	67	nan
Neisseria weixii	1853276	S	79671	80231	159902	0.01067	0.00536	0.00488	0.00466	52	nan
Neisseria sicca	490	S	6779	7762	14541	0.00097	0.00052	0.00048	0.00045	54	nan
Neisseria subflava	28449	S	6254	7285	13539	0.00090	0.00049	0.00043	0.00042	52	nan
Neisseria sp. RH3002v2g	1871109	S	2099	2795	4894	0.00033	0.00019	0.00017	0.00016	52	nan
Neisseria sp. DTU_2021_1001991_1_SI_NGA_ILE_055	3077590	S	2029	2624	4653	0.00031	0.00018	0.00016	0.00015	53	nan
Neisseria sp. Marseille-Q5346	2972775	S	657	798	1455	0.00010	0.00005	0.00005	0.00005	53	nan
Neisseria sp. oral taxon 014	641148	S	559	579	1138	0.00008	0.00004	0.00000	0.00003	54	5.0
Neisseria sp. Marseille-Q6792	2937985	S	143	170	313	0.00002	0.00001	0.00000	0.00001	54	5.0
Neisseria brasiliensis	2666100	S	4178	4226	8404	0.00056	0.00028	0.00000	0.00024	52	4.0
Neisseria mucosa	488	S	3807	4620	8427	0.00056	0.00031	0.00029	0.00027	53	nan
Neisseria yangbaofengii	2709396	S	3354	3371	6725	0.00045	0.00023	0.00000	0.00020	52	5.0
Neisseria macacae	496	S	1021	1177	2198	0.00015	0.00008	0.00007	0.00007	55	nan
Neisseria meningitidis	487	S	725	946	1671	0.00011	0.00006	0.00006	0.00006	54	nan
Neisseria elongata	495	S	559	571	1130	0.00008	0.00004	0.00000	0.00003	57	5.0
Neisseria chenwenguii	1853278	S	491	492	983	0.00007	0.00003	0.00000	0.00003	57	4.0
Neisseria perflava	33053	S	357	1251	1608	0.00011	0.00008	0.00007	0.00007	52	nan
Neisseria flavescens	484	S	355	403	758	0.00005	0.00003	0.00000	0.00002	52	5.0
Neisseria arctica	1470200	S	267	267	534	0.00004	0.00002	0.00000	0.00002	48	5.0
Neisseria lactamica	486	S	227	266	493	0.00003	0.00002	0.00000	0.00002	54	5.0
Neisseria dentiae	194197	S	223	223	446	0.00003	0.00001	0.00000	0.00001	58	5.0
Neisseria gonorrhoeae	485	S	181	201	382	0.00003	0.00001	0.00000	0.00001	55	5.0
Neisseria cinerea	483	S	162	175	337	0.00002	0.00001	0.00001	0.00001	53	nan
Neisseria musculi	1815583	S	123	123	246	0.00002	0.00001	0.00000	0.00001	55	4.0
Neisseria lisongii	2912188	S	101	101	202	0.00001	0.00001	0.00000	0.00001	55	4.0
Kingella kingae	504	S	76523	78406	154929	0.01034	0.00523	0.00466	0.00456	49	nan
Kingella negevensis	1522312	S	397	408	805	0.00005	0.00003	0.00000	0.00002	48	5.0
Morococcus cerebrosus	1056807	S	737	822	1559	0.00010	0.00005	0.00000	0.00005	54	5.0
Rugosibacter aromaticivorans	1565605	S	52487	52537	105024	0.00701	0.00351	0.00314	0.00304	57	nan
Sideroxyarcus emersonii	2764705	S	43083	43165	86248	0.00576	0.00288	0.00274	0.00263	61	nan
Thiobacillus denitrificans	36861	S	39983	40040	80023	0.00534	0.00267	0.00289	0.00278	67	nan
Nitrosomonas ureae	44577	S	15162	15729	30891	0.00206	0.00105	0.00096	0.00093	45	nan
Nitrosomonas sp. sh817	3070658	S	218	234	452	0.00003	0.00002	0.00000	0.00001	50	4.0
Nitrosomonas sp.	42353	S	215	220	435	0.00003	0.00001	0.00000	0.00001	52	4.0
Methylobacillus flagellatus	405	S	12346	12366	24712	0.00165	0.00083	0.00075	0.00072	57	nan
Thauera sp. WB-2	2897772	S	33789	34133	67922	0.00453	0.00228	0.00244	0.00234	67	nan
Aromatoleum aromaticum	551760	S	9745	9919	19664	0.00131	0.00066	0.00070	0.00067	66	nan
Candidatus Kinetoplastibacterium crithidii	33056	S	8649	8690	17339	0.00116	0.00058	0.00071	0.00069	32	nan
Candidatus Kinetoplastibacterium sorsogonicusi	1576550	S	6182	6187	12369	0.00083	0.00041	0.00054	0.00068	26	nan
Acidithiobacillus ferrooxidans	920	S	12278	13160	25438	0.00170	0.00088	0.00080	0.00079	60	nan
Bacillus paranthracis	2026186	S	36299	108032	144331	0.00963	0.00721	0.00824	0.00717	36	nan
Bacillus cereus	1396	S	18060	60053	78113	0.00521	0.00401	0.00486	0.00402	36	nan
Bacillus nitratireducens	2026193	S	12189	13937	26126	0.00174	0.00093	0.00099	0.00095	36	nan
Bacillus anthracis	1392	S	8397	86773	95170	0.00635	0.00579	0.00678	0.00579	36	nan
Bacillus albus	2026189	S	8053	15688	23741	0.00158	0.00105	0.00000	0.00105	36	5.0
Bacillus thuringiensis	1428	S	5659	38541	44200	0.00295	0.00257	0.00296	0.00257	36	nan
Bacillus mycoides	1405	S	5025	6948	11973	0.00080	0.00046	0.00000	0.00047	35	5.0
Bacillus tropicus	2026188	S	4876	9266	14142	0.00094	0.00062	0.00000	0.00062	36	5.0
Bacillus wiedmannii	1890302	S	3827	4742	8569	0.00057	0.00032	0.00000	0.00032	35	5.0
Bacillus pacificus	2026187	S	3006	4676	7682	0.00051	0.00031	0.00000	0.00032	36	5.0
Bacillus toyonensis	155322	S	1923	3342	5265	0.00035	0.00022	0.00000	0.00023	35	5.0
Bacillus sp. ABP14	1892404	S	1410	2882	4292	0.00029	0.00019	0.00000	0.00019	36	5.0
Bacillus sp. HBCD-sjtu	2053832	S	395	1121	1516	0.00010	0.00007	0.00000	0.00007	36	5.0
Bacillus luti	2026191	S	1549	1641	3190	0.00021	0.00011	0.00000	0.00011	35	5.0
Bacillus pseudomycoides	64104	S	826	836	1662	0.00011	0.00006	0.00000	0.00006	35	5.0
Bacillus cytotoxicus	580165	S	429	432	861	0.00006	0.00003	0.00000	0.00003	36	5.0
Bacillus paralicheniformis	1648923	S	95174	105233	200407	0.01338	0.00702	0.00654	0.00619	47	nan
Bacillus velezensis	492670	S	7370	39359	46729	0.00312	0.00263	0.00000	0.00249	36	5.0
Bacillus amyloliquefaciens	1390	S	301	1393	1694	0.00011	0.00009	0.00000	0.00009	37	5.0
Bacillus siamensis	659243	S	110	176	286	0.00002	0.00001	0.00000	0.00001	47	4.0
Bacillus licheniformis	1402	S	516	8167	8683	0.00058	0.00055	0.00054	0.00053	36	nan
Bacillus subtilis	1423	S	121	964	1085	0.00007	0.00006	0.00006	0.00006	36	nan
Bacillus sp. 1NLA3E	666686	S	74115	74526	148641	0.00992	0.00497	0.00498	0.00480	37	nan
Bacillus sp. HNR-4	2796141	S	1428	3343	4771	0.00032	0.00022	0.00027	0.00022	36	nan
Bacillus sp. BD59S	2499213	S	869	1202	2071	0.00014	0.00008	0.00000	0.00008	35	5.0
Bacillus sp. THAF10	2587848	S	540	541	1081	0.00007	0.00004	0.00000	0.00003	40	5.0
Bacillus sp. ZJS3	2928154	S	485	647	1132	0.00008	0.00004	0.00000	0.00004	35	5.0
Bacillus sp. H15-1	1856406	S	339	25936	26275	0.00175	0.00173	0.00173	0.00168	36	nan
Bacillus sp. N5-665	2925318	S	252	347	599	0.00004	0.00002	0.00000	0.00002	35	5.0
Bacillus sp. DX3.1	3052091	S	249	252	501	0.00003	0.00002	0.00000	0.00002	36	5.0
Bacillus sp. CRB-7	2874284	S	241	982	1223	0.00008	0.00007	0.00007	0.00006	36	nan
Bacillus sp. SI2	3077323	S	132	357	489	0.00003	0.00002	0.00003	0.00002	36	nan
Bacillus sp. FDAARGOS_527	2576356	S	128	819	947	0.00006	0.00005	0.00006	0.00005	36	nan
Bacillus sp. MBGLi79	2070759	S	120	362	482	0.00003	0.00002	0.00000	0.00002	39	5.0
Bacillus sp. PGP15	2933563	S	106	257	363	0.00002	0.00002	0.00002	0.00002	35	nan
Bacillus sp. SYJ	2529386	S	100	383	483	0.00003	0.00003	0.00003	0.00003	36	nan
Bacillus weihaiensis	1547283	S	15149	15204	30353	0.00203	0.00101	0.00104	0.00100	36	nan
Bacillus arachidis	2819290	S	223	226	449	0.00003	0.00002	0.00000	0.00002	36	5.0
Bacillus altitudinis	293387	S	121	141	262	0.00002	0.00001	0.00000	0.00001	42	4.0
Bacillus glycinifermentans	1664069	S	120	121	241	0.00002	0.00001	0.00000	0.00001	48	4.0
Bacillus swezeyi	1925020	S	102	102	204	0.00001	0.00001	0.00000	0.00001	45	4.0
Neobacillus sp. PS3-12	3070677	S	110527	111088	221615	0.01479	0.00742	0.00736	0.00715	39	nan
Lentibacillus amyloliquefaciens	1472767	S	101954	102237	204191	0.01363	0.00682	0.00631	0.00616	42	nan
Geobacillus stearothermophilus	1422	S	41268	49004	90272	0.00603	0.00327	0.00295	0.00285	53	nan
Geobacillus zalihae	213419	S	108	231	339	0.00002	0.00002	0.00001	0.00001	54	nan
Virgibacillus sp. Bac332	2419842	S	10316	21505	31821	0.00212	0.00144	0.00146	0.00141	36	nan
Sutcliffiella horikoshii	79883	S	11168	11232	22400	0.00150	0.00075	0.00077	0.00069	40	nan
Ectobacillus sp. JY-23	2933872	S	8660	8681	17341	0.00116	0.00058	0.00055	0.00053	40	nan
Anoxybacillus flavithermus	33934	S	5579	5688	11267	0.00075	0.00038	0.00036	0.00034	42	nan
Lysinibacillus sp. OF-1	2972483	S	3409	3539	6948	0.00046	0.00024	0.00023	0.00023	37	nan
Niallia taxi	2499688	S	1833	1841	3674	0.00025	0.00012	0.00013	0.00012	38	nan
Niallia sp. Man26	2912824	S	134	134	268	0.00002	0.00001	0.00000	0.00001	39	4.0
Priestia megaterium	1404	S	368	419	787	0.00005	0.00003	0.00000	0.00003	38	4.0
Parageobacillus toebii	153151	S	174	278	452	0.00003	0.00002	0.00000	0.00002	42	4.0
Paenibacillus konkukensis	2020716	S	205372	205975	411347	0.02746	0.01375	0.01241	0.01202	54	nan
Paenibacillus sp. E222	2748863	S	79598	81618	161216	0.01076	0.00545	0.00491	0.00474	48	nan
Paenibacillus sp. FSL P4-0081	1536769	S	26642	27457	54099	0.00361	0.00183	0.00164	0.00159	54	nan
Paenibacillus sp. RUD330	2023772	S	23068	23113	46181	0.00308	0.00154	0.00147	0.00142	62	nan
Paenibacillus sp. Y412MC10	481743	S	6763	7918	14681	0.00098	0.00053	0.00046	0.00046	53	nan
Paenibacillus sp. JNUCC-32	2777984	S	442	683	1125	0.00008	0.00005	0.00004	0.00004	53	nan
Paenibacillus sp. BR1-192	3032287	S	306	470	776	0.00005	0.00003	0.00003	0.00003	53	nan
Paenibacillus sp. JZ16	1906272	S	221	222	443	0.00003	0.00001	0.00000	0.00001	51	4.0
Paenibacillus tritici	1873425	S	96393	96778	193171	0.01289	0.00646	0.00581	0.00562	54	nan
Paenibacillus elgii	189691	S	9972	9994	19966	0.00133	0.00067	0.00000	0.00059	57	5.0
Paenibacillus lautus	1401	S	193	207	400	0.00003	0.00001	0.00000	0.00001	53	5.0
Brevibacillus brevis	1393	S	51616	53506	105122	0.00702	0.00357	0.00328	0.00307	48	nan
Brevibacillus borstelensis	45462	S	41782	42556	84338	0.00563	0.00284	0.00248	0.00244	53	nan
Brevibacillus formosus	54913	S	14654	16143	30797	0.00206	0.00108	0.00095	0.00093	48	nan
Brevibacillus choshinensis	54911	S	10958	11050	22008	0.00147	0.00074	0.00000	0.00063	53	5.0
Brevibacillus sp. DP1.3A	2738867	S	2070	2290	4360	0.00029	0.00015	0.00014	0.00013	49	nan
Brevibacillus sp. BB3-R1	2950604	S	399	404	803	0.00005	0.00003	0.00000	0.00002	51	4.0
Brevibacillus composti	2796470	S	189	192	381	0.00003	0.00001	0.00000	0.00001	57	4.0
Brevibacillus laterosporus	1465	S	159	183	342	0.00002	0.00001	0.00000	0.00001	41	4.0
Brevibacillus humidisoli	2895522	S	119	119	238	0.00002	0.00001	0.00000	0.00001	53	4.0
Staphylococcus schweitzeri	1654388	S	27836	28599	56435	0.00377	0.00191	0.00222	0.00212	33	nan
Staphylococcus devriesei	586733	S	21559	21709	43268	0.00289	0.00145	0.00164	0.00157	34	nan
Staphylococcus sp. NRL 16/872	2930131	S	593	10113	10706	0.00071	0.00068	0.00077	0.00074	34	nan
Staphylococcus sp. IVB6181	2929481	S	235	237	472	0.00003	0.00002	0.00000	0.00002	37	4.0
Staphylococcus sp. NRL 22/194	3020908	S	213	5515	5728	0.00038	0.00037	0.00042	0.00040	34	nan
Staphylococcus aureus	1280	S	2453	4247	6700	0.00045	0.00028	0.00032	0.00031	33	nan
Staphylococcus epidermidis	1282	S	2447	2567	5014	0.00033	0.00017	0.00000	0.00019	33	5.0
Staphylococcus haemolyticus	1283	S	970	1003	1973	0.00013	0.00007	0.00008	0.00007	33	nan
Staphylococcus argenteus	985002	S	644	660	1304	0.00009	0.00004	0.00005	0.00005	32	nan
Staphylococcus hominis	1290	S	401	409	810	0.00005	0.00003	0.00000	0.00003	32	5.0
Staphylococcus capitis	29388	S	134	141	275	0.00002	0.00001	0.00000	0.00001	34	4.0
Staphylococcus lugdunensis	28035	S	115	115	230	0.00002	0.00001	0.00000	0.00001	34	4.0
Staphylococcus kloosii	29384	S	109	110	219	0.00001	0.00001	0.00000	0.00001	33	3.0
Staphylococcus pasteuri	45972	S	107	113	220	0.00001	0.00001	0.00000	0.00001	31	4.0
Staphylococcus simiae	308354	S	103	103	206	0.00001	0.00001	0.00000	0.00001	33	4.0
Macrococcus caseolyticus	69966	S	101	16887	16988	0.00113	0.00113	0.00118	0.00113	37	nan
Exiguobacterium mexicanum	340146	S	28064	28725	56789	0.00379	0.00192	0.00170	0.00167	55	nan
Exiguobacterium marinum	273528	S	26721	27005	53726	0.00359	0.00180	0.00161	0.00155	48	nan
Hydrogenibacillus sp. N12	2866627	S	15027	15043	30070	0.00201	0.00100	0.00112	0.00107	67	nan
Alicyclobacillus cycloheptanicus	1457	S	21930	21985	43915	0.00293	0.00147	0.00136	0.00132	59	nan
Alicyclobacillus sp. TC	2606450	S	18458	18469	36927	0.00246	0.00123	0.00110	0.00108	46	nan
Solibacillus daqui	2912187	S	22998	23167	46165	0.00308	0.00155	0.00156	0.00151	38	nan
Jeotgalibacillus malaysiensis	1508404	S	2295	2301	4596	0.00031	0.00015	0.00015	0.00014	42	nan
Lacticaseibacillus sp. NCIMB 15471	3068305	S	69994	133233	203227	0.01357	0.00889	0.00788	0.00762	49	nan
Lacticaseibacillus casei	1582	S	577	7437	8014	0.00053	0.00050	0.00044	0.00043	49	nan
Lacticaseibacillus chiayiensis	2100821	S	198	205	403	0.00003	0.00001	0.00001	0.00001	47	nan
Lacticaseibacillus paracasei	1597	S	150	175	325	0.00002	0.00001	0.00000	0.00001	47	5.0
Lacticaseibacillus rhamnosus	47715	S	129	427	556	0.00004	0.00003	0.00003	0.00002	49	nan
Lacticaseibacillus zeae	57037	S	101	380	481	0.00003	0.00003	0.00002	0.00002	49	nan
Lactobacillus sp. ESL0731	2983221	S	1022	135470	136492	0.00911	0.00904	0.00895	0.00863	40	nan
Lactobacillus sp. ESL0677	2983208	S	596	626	1222	0.00008	0.00004	0.00004	0.00004	41	nan
Lactobacillus sp. ESL0680	2983210	S	209	214	423	0.00003	0.00001	0.00001	0.00001	41	nan
Lactobacillus sp. ESL0785	2983232	S	109	110	219	0.00001	0.00001	0.00000	0.00001	39	4.0
Fructilactobacillus myrtifloralis	2940301	S	34863	35307	70170	0.00468	0.00236	0.00215	0.00207	50	nan
Fructilactobacillus sanfranciscensis	1625	S	8072	8227	16299	0.00109	0.00055	0.00060	0.00056	35	nan
Weissella confusa	1583	S	32531	32858	65389	0.00436	0.00219	0.00198	0.00191	46	nan
Weissella cibaria	137591	S	375	378	753	0.00005	0.00003	0.00000	0.00002	46	4.0
Bombilactobacillus bombi	1303590	S	17882	17898	35780	0.00239	0.00119	0.00133	0.00124	35	nan
Latilactobacillus graminis	60519	S	4740	4791	9531	0.00064	0.00032	0.00030	0.00029	41	nan
Streptococcus alactolyticus	29389	S	64650	67483	132133	0.00882	0.00450	0.00441	0.00415	43	nan
Streptococcus pseudoporcinus	361101	S	23299	23997	47296	0.00316	0.00160	0.00160	0.00156	37	nan
Streptococcus ilei	1156431	S	7124	9641	16765	0.00112	0.00064	0.00061	0.00059	43	nan
Streptococcus pantholopis	1811193	S	5729	5739	11468	0.00077	0.00038	0.00036	0.00035	43	nan
Streptococcus koreensis	2382163	S	4149	5947	10096	0.00067	0.00040	0.00038	0.00036	42	nan
Streptococcus macedonicus	59310	S	3537	8295	11832	0.00079	0.00055	0.00055	0.00053	39	nan
Streptococcus rubneri	1234680	S	2362	2915	5277	0.00035	0.00019	0.00019	0.00018	42	nan
Streptococcus sp. A12	1759399	S	907	1020	1927	0.00013	0.00007	0.00000	0.00006	44	5.0
Streptococcus sp. LPB0220	2610896	S	175	201	376	0.00003	0.00001	0.00000	0.00001	44	5.0
Streptococcus lutetiensis	150055	S	865	1029	1894	0.00013	0.00007	0.00000	0.00007	39	5.0
Streptococcus australis	113107	S	658	898	1556	0.00010	0.00006	0.00000	0.00005	43	5.0
Streptococcus parasanguinis	1318	S	561	598	1159	0.00008	0.00004	0.00000	0.00004	43	5.0
Streptococcus thermophilus	1308	S	546	576	1122	0.00007	0.00004	0.00000	0.00004	41	5.0
Streptococcus equinus	1335	S	397	435	832	0.00006	0.00003	0.00000	0.00003	39	5.0
Streptococcus gallolyticus	315405	S	378	599	977	0.00007	0.00004	0.00004	0.00004	39	nan
Streptococcus pasteurianus	197614	S	365	1043	1408	0.00009	0.00007	0.00007	0.00007	39	nan
Streptococcus dysgalactiae	1334	S	287	918	1205	0.00008	0.00006	0.00006	0.00006	40	nan
Streptococcus pyogenes	1314	S	239	332	571	0.00004	0.00002	0.00002	0.00002	39	nan
Streptococcus suis	1307	S	217	311	528	0.00004	0.00002	0.00000	0.00002	42	5.0
Streptococcus salivarius	1304	S	210	241	451	0.00003	0.00002	0.00001	0.00002	41	nan
Streptococcus agalactiae	1311	S	168	581	749	0.00005	0.00004	0.00004	0.00004	39	nan
Streptococcus lactarius	684066	S	162	165	327	0.00002	0.00001	0.00000	0.00001	43	5.0
Streptococcus gordonii	1302	S	158	161	319	0.00002	0.00001	0.00000	0.00001	41	4.0
Streptococcus parasuis	1501662	S	154	160	314	0.00002	0.00001	0.00000	0.00001	40	5.0
Streptococcus anginosus	1328	S	100	182	282	0.00002	0.00001	0.00001	0.00001	40	nan
Streptococcus oralis	1303	S	103	116	219	0.00001	0.00001	0.00000	0.00001	43	5.0
Streptococcus infantarius	102684	S	103	130	233	0.00002	0.00001	0.00000	0.00001	38	5.0
Streptococcus mitis	28037	S	100	110	210	0.00001	0.00001	0.00000	0.00001	42	5.0
Jeotgalibaca arthritidis	1868794	S	44716	50730	95446	0.00637	0.00339	0.00335	0.00323	39	nan
Carnobacterium viridans	174587	S	23107	24002	47109	0.00314	0.00160	0.00170	0.00164	36	nan
Clostridium tetani	1513	S	148399	151670	300069	0.02003	0.01012	0.01421	0.01329	28	nan
Clostridium baratii	1561	S	50810	51139	101949	0.00681	0.00341	0.00496	0.00458	28	nan
Clostridium intestinale	36845	S	21289	21389	42678	0.00285	0.00143	0.00183	0.00172	30	nan
Clostridium gelidum	704125	S	12307	12379	24686	0.00165	0.00083	0.00108	0.00106	29	nan
Clostridium botulinum	1491	S	4893	9826	14719	0.00098	0.00066	0.00084	0.00089	28	nan
Clostridium sporogenes	1509	S	3257	15083	18340	0.00122	0.00101	0.00140	0.00138	28	nan
Clostridium perfringens	1502	S	147	307	454	0.00003	0.00002	0.00003	0.00003	29	nan
Crassaminicella indica	2855394	S	26568	26665	53233	0.00355	0.00178	0.00218	0.00209	31	nan
Caloramator sp. Dgby_cultured_2	3029174	S	8174	8234	16408	0.00110	0.00055	0.00061	0.00060	34	nan
Peptostreptococcus sp. CBA3647	3003601	S	61311	61413	122724	0.00819	0.00410	0.00518	0.00504	30	nan
Thermocaproicibacter melissae	2966552	S	24604	24669	49273	0.00329	0.00165	0.00147	0.00142	50	nan
Faecalibacterium sp. I3-3-33	2929492	S	16556	17845	34401	0.00230	0.00119	0.00110	0.00107	60	nan
Alkalibacter rhizosphaerae	2815577	S	18016	18022	36038	0.00241	0.00120	0.00108	0.00104	48	nan
[Clostridium] scindens	29347	S	180	416	596	0.00004	0.00003	0.00000	0.00002	49	4.0
Caldicellulosiruptor naganoensis	29324	S	102179	107922	210101	0.01402	0.00720	0.00772	0.00737	36	nan
Caldicellulosiruptor saccharolyticus	44001	S	52739	67153	119892	0.00800	0.00448	0.00476	0.00458	35	nan
Caldicellulosiruptor morganii	1387555	S	10933	11195	22128	0.00148	0.00075	0.00078	0.00075	37	nan
Catenibacterium sp. co_0103	2478954	S	50467	51733	102200	0.00682	0.00345	0.00370	0.00360	34	nan
Catenibacterium mitsuokai	100886	S	24866	25247	50113	0.00335	0.00169	0.00183	0.00175	34	nan
Faecalibacillus intestinalis	1982626	S	164	165	329	0.00002	0.00001	0.00000	0.00001	29	4.0
Amedibacterium intestinale	2583452	S	3309	3394	6703	0.00045	0.00023	0.00025	0.00024	34	nan
Ndongobacter massiliensis	1871025	S	44022	44965	88987	0.00594	0.00300	0.00268	0.00260	52	nan
Sedimentibacter sp. MB35-C1	3070995	S	28345	28356	56701	0.00378	0.00189	0.00199	0.00195	37	nan
Anaerococcus obesiensis	1287640	S	6567	7144	13711	0.00092	0.00048	0.00064	0.00061	28	nan
Anaerococcus vaginalis	33037	S	5719	6249	11968	0.00080	0.00042	0.00056	0.00053	30	nan
Finegoldia magna	1260	S	146	148	294	0.00002	0.00001	0.00000	0.00001	32	5.0
Selenomonas sp. oral taxon 136	713030	S	14775	15840	30615	0.00204	0.00106	0.00100	0.00094	58	nan
Selenomonas ruminantium	971	S	7978	7995	15973	0.00107	0.00053	0.00000	0.00046	52	5.0
Selenomonas sputigena	69823	S	116	116	232	0.00002	0.00001	0.00000	0.00001	59	4.0
Streptomyces sp. DSM 40868	2721173	S	89645	94116	183761	0.01227	0.00628	0.00849	0.00852	72	nan
Streptomyces sp. YIM 121038	2136401	S	84168	86872	171040	0.01142	0.00580	0.00760	0.00787	73	nan
Streptomyces sp. VNUA116	3062449	S	21678	22223	43901	0.00293	0.00148	0.00204	0.00206	73	nan
Streptomyces sp. LX-29	2900152	S	19534	19852	39386	0.00263	0.00133	0.00183	0.00185	73	nan
Streptomyces sp. HU2014	2939414	S	11592	22797	34389	0.00230	0.00152	0.00221	0.00214	73	nan
Streptomyces sp. BSE6.1	2605730	S	3950	41062	45012	0.00300	0.00274	0.00406	0.00361	72	nan
Streptomyces sp. S1A1-7	2594459	S	3482	27515	30997	0.00207	0.00184	0.00264	0.00239	72	nan
Streptomyces sp. PVA_94-07	1225337	S	1149	11969	13118	0.00088	0.00080	0.00121	0.00106	72	nan
Streptomyces sp. PLM4	2929798	S	624	2454	3078	0.00021	0.00016	0.00027	0.00023	73	nan
Streptomyces sp. 2P-4	2931974	S	221	515	736	0.00005	0.00003	0.00005	0.00005	74	nan
Streptomyces sp. S1D4-11	2721246	S	145	181	326	0.00002	0.00001	0.00000	0.00001	70	5.0
Streptomyces sp. RPA4-2	2721244	S	107	111	218	0.00001	0.00001	0.00001	0.00001	72	nan
Streptomyces inhibens	2293571	S	22446	23064	45510	0.00304	0.00154	0.00197	0.00188	70	nan
Streptomyces avermitilis	33903	S	20518	20961	41479	0.00277	0.00140	0.00180	0.00173	72	nan
Streptomyces olivoreticuli	68246	S	17385	17639	35024	0.00234	0.00118	0.00159	0.00151	72	nan
Streptomyces nigra	1827580	S	14136	14573	28709	0.00192	0.00097	0.00130	0.00129	72	nan
Streptomyces lusitanus	68232	S	13323	14437	27760	0.00185	0.00096	0.00134	0.00133	73	nan
Streptomyces aquilus	2548456	S	10022	10290	20312	0.00136	0.00069	0.00088	0.00086	71	nan
Streptomyces sampsonii	42239	S	7351	25076	32427	0.00216	0.00167	0.00262	0.00239	74	nan
Kitasatospora sp. HUAS 3-15	3004092	S	4183	4259	8442	0.00056	0.00028	0.00039	0.00039	74	nan
Mycobacterium intracellulare	1767	S	26217	72488	98705	0.00659	0.00484	0.00554	0.00533	68	nan
Mycobacterium paraintracellulare	1138383	S	3291	13009	16300	0.00109	0.00087	0.00100	0.00096	68	nan
Mycobacterium marseillense	701042	S	3077	3159	6236	0.00042	0.00021	0.00023	0.00023	68	nan
Mycobacterium avium	1764	S	1444	1523	2967	0.00020	0.00010	0.00014	0.00012	69	nan
Mycobacterium mantenii	560555	S	455	457	912	0.00006	0.00003	0.00000	0.00003	67	5.0
Mycobacterium colombiense	339268	S	453	456	909	0.00006	0.00003	0.00004	0.00003	68	nan
Mycobacterium senriense	2775496	S	367	371	738	0.00005	0.00002	0.00000	0.00003	67	5.0
Mycobacterium stomatepiae	470076	S	48828	48948	97776	0.00653	0.00327	0.00350	0.00336	67	nan
Mycobacterium riyadhense	486698	S	43661	43682	87343	0.00583	0.00292	0.00303	0.00296	65	nan
Mycolicibacter minnesotensis	1118379	S	610	611	1221	0.00008	0.00004	0.00000	0.00004	67	5.0
Corynebacterium bovis	36808	S	67771	68096	135867	0.00907	0.00455	0.00578	0.00651	73	nan
Corynebacterium glyciniphilum	1404244	S	29601	29676	59277	0.00396	0.00198	0.00000	0.00196	65	5.0
Corynebacterium simulans	146827	S	24958	26502	51460	0.00344	0.00177	0.00168	0.00160	60	nan
Corynebacterium occultum	2675219	S	16871	16918	33789	0.00226	0.00113	0.00110	0.00107	64	nan
Corynebacterium ureicelerivorans	401472	S	14366	14716	29082	0.00194	0.00098	0.00100	0.00099	66	nan
Corynebacterium flavescens	28028	S	12314	12458	24772	0.00165	0.00083	0.00077	0.00075	61	nan
Corynebacterium nuruki	1032851	S	466	468	934	0.00006	0.00003	0.00000	0.00004	70	5.0
Corynebacterium variabile	1727	S	449	456	905	0.00006	0.00003	0.00000	0.00003	68	5.0
Corynebacterium provencense	1737425	S	211	212	423	0.00003	0.00001	0.00000	0.00001	67	5.0
Corynebacterium afermentans	38286	S	195	229	424	0.00003	0.00002	0.00000	0.00002	66	5.0
Corynebacterium terpenotabidum	89154	S	193	194	387	0.00003	0.00001	0.00000	0.00001	67	5.0
Corynebacterium jeddahense	1414719	S	134	137	271	0.00002	0.00001	0.00000	0.00001	69	5.0
Corynebacterium fournieri	1852390	S	130	133	263	0.00002	0.00001	0.00000	0.00001	66	5.0
Corynebacterium glaucum	187491	S	103	103	206	0.00001	0.00001	0.00000	0.00001	64	4.0
Nocardia huaxiensis	2755382	S	57712	57874	115586	0.00772	0.00386	0.00439	0.00421	69	nan
Nocardia farcinica	37329	S	6846	6917	13763	0.00092	0.00046	0.00056	0.00057	71	nan
Rhodococcus triatomae	300028	S	18291	18622	36913	0.00246	0.00124	0.00145	0.00139	69	nan
Tomitella fengzijianii	2597660	S	3067	3077	6144	0.00041	0.00021	0.00025	0.00026	71	nan
Leifsonia sp. 21MFCrub1.1	1798223	S	72600	73152	145752	0.00973	0.00488	0.00614	0.00589	71	nan
Microbacterium sp. KACC 23027	3028316	S	24165	24456	48621	0.00325	0.00163	0.00191	0.00183	69	nan
Microbacterium endophyticum	1526412	S	14663	14692	29355	0.00196	0.00098	0.00095	0.00091	62	nan
Microbacterium aurum	36805	S	10348	10662	21010	0.00140	0.00071	0.00000	0.00085	71	5.0
Microbacterium resistens	156977	S	3673	3697	7370	0.00049	0.00025	0.00031	0.00031	71	nan
Protaetiibacter larvae	2592654	S	19620	19700	39320	0.00262	0.00132	0.00172	0.00165	72	nan
Salinibacterium hongtaonis	2079791	S	17638	17670	35308	0.00236	0.00118	0.00120	0.00115	64	nan
Aurantimicrobium photophilum	1987356	S	13774	13829	27603	0.00184	0.00092	0.00082	0.00079	56	nan
Aurantimicrobium sp. INA4	2986279	S	104	118	222	0.00001	0.00001	0.00000	0.00001	54	4.0
Cnuibacter physcomitrellae	1619308	S	10575	10617	21192	0.00141	0.00071	0.00087	0.00086	71	nan
Microcella indica	2750620	S	4831	7637	12468	0.00083	0.00051	0.00063	0.00060	71	nan
Rathayibacter sp. VKM Ac-2760	2609253	S	3391	3457	6848	0.00046	0.00023	0.00030	0.00030	73	nan
Curtobacterium sp. MCJR17_020	2175619	S	1606	1756	3362	0.00022	0.00012	0.00014	0.00014	72	nan
Arthrobacter sp. YC-RL1	1652545	S	78360	79256	157616	0.01052	0.00529	0.00536	0.00525	66	nan
Kocuria rosea	1275	S	5629	5761	11390	0.00076	0.00038	0.00051	0.00053	74	nan
Dermabacter vaginalis	1630135	S	42428	43354	85782	0.00573	0.00289	0.00284	0.00274	64	nan
Brachybacterium ginsengisoli	1331682	S	14055	14120	28175	0.00188	0.00094	0.00126	0.00121	72	nan
Isoptericola sp. AK164	3024246	S	24629	24714	49343	0.00329	0.00165	0.00237	0.00237	74	nan
Phycicoccus endophyticus	1690220	S	16637	16671	33308	0.00222	0.00111	0.00169	0.00166	74	nan
Cellulomonas wangleii	2816956	S	9555	9682	19237	0.00128	0.00065	0.00089	0.00102	75	nan
Cellulomonas sp. H30R-01	2704467	S	4925	4983	9908	0.00066	0.00033	0.00044	0.00052	75	nan
Brevibacterium limosum	2697565	S	6022	6171	12193	0.00081	0.00041	0.00043	0.00041	66	nan
Nanchangia anserum	2692125	S	56863	56885	113748	0.00759	0.00380	0.00408	0.00391	67	nan
Arcanobacterium phocae	131112	S	29208	29626	58834	0.00393	0.00198	0.00172	0.00168	50	nan
Arcanobacterium buesumense	2722751	S	1079	1092	2171	0.00014	0.00007	0.00000	0.00006	49	5.0
Arcanobacterium phocisimile	1302235	S	918	934	1852	0.00012	0.00006	0.00000	0.00005	51	4.0
Arcanobacterium pinnipediorum	1503041	S	555	560	1115	0.00007	0.00004	0.00000	0.00003	51	5.0
Schaalia sp. ZJ405	2709403	S	26032	26045	52077	0.00348	0.00174	0.00159	0.00153	59	nan
Trueperella pyogenes	1661	S	101	101	202	0.00001	0.00001	0.00000	0.00001	61	4.0
Micromonospora sp. WMMD998	3016092	S	42500	43842	86342	0.00576	0.00293	0.00410	0.00415	74	nan
Dactylosporangium roseum	47989	S	33765	33853	67618	0.00451	0.00226	0.00299	0.00285	72	nan
Kutzneria sp. CA-103260	2802641	S	27385	27468	54853	0.00366	0.00183	0.00232	0.00218	71	nan
Amycolatopsis sp. 2-2	715472	S	10198	10292	20490	0.00137	0.00069	0.00092	0.00087	72	nan
Bifidobacterium breve	1685	S	19760	21914	41674	0.00278	0.00146	0.00135	0.00131	60	nan
Bifidobacterium thermophilum	33905	S	1828	1831	3659	0.00024	0.00012	0.00011	0.00011	61	nan
Nocardioides pantholopis	2483798	S	11936	12016	23952	0.00160	0.00080	0.00116	0.00115	73	nan
Nocardioides dokdonensis	450734	S	5312	5361	10673	0.00071	0.00036	0.00050	0.00048	73	nan
Alteracholeplasma palmae	38986	S	137836	137849	275685	0.01840	0.00920	0.01207	0.01169	29	nan
Maize bushy stunt phytoplasma	202462	S	7075	11469	18544	0.00124	0.00077	0.00104	0.00103	29	nan
Mycoplasma sp. 1654_15	2725994	S	73079	73251	146330	0.00977	0.00489	0.00770	0.00735	25	nan
Mycoplasma sp. Mirounga ES2805-ORL	754514	S	2719	2721	5440	0.00036	0.00018	0.00026	0.00026	26	nan
Candidatus Mycoplasma mahonii	3004105	S	33781	33784	67565	0.00451	0.00226	0.00284	0.00276	30	nan
Mycoplasma yeatsii	51365	S	17584	18116	35700	0.00238	0.00121	0.00186	0.00188	24	nan
Mycoplasma ovis	171632	S	7207	7210	14417	0.00096	0.00048	0.00057	0.00055	31	nan
Spiroplasma endosymbiont of 'Nebria riversi'	2792084	S	16188	16188	32376	0.00216	0.00108	0.00168	0.00163	24	nan
Spiroplasma sp. BIUS-1	216964	S	1957	1983	3940	0.00026	0.00013	0.00019	0.00018	26	nan
Spiroplasma diminutum	216936	S	5736	5784	11520	0.00077	0.00039	0.00059	0.00061	23	nan
Spiroplasma culicicola	216935	S	2923	2933	5856	0.00039	0.00020	0.00030	0.00029	26	nan
Spiroplasma gladiatoris	2143	S	2622	2650	5272	0.00035	0.00018	0.00029	0.00029	24	nan
Spiroplasma atrichopogonis	1114980	S	193	12938	13131	0.00088	0.00086	0.00114	0.00111	30	nan
Mycoplasmopsis arginini	2094	S	35908	36145	72053	0.00481	0.00241	0.00332	0.00358	26	nan
Mesomycoplasma ovipneumoniae	29562	S	5732	5737	11469	0.00077	0.00038	0.00050	0.00049	29	nan
Chroococcidiopsis sp. CCNUC1	2653189	S	58951	90520	149471	0.00998	0.00604	0.00547	0.00530	47	nan
Thermosynechococcus sp. HN-54	2933959	S	120	46773	46893	0.00313	0.00312	0.00273	0.00266	54	nan
Microcystis panniformis	513223	S	13198	16256	29454	0.00197	0.00109	0.00100	0.00098	43	nan
Microcystis sp. MC19	1967666	S	5112	6043	11155	0.00074	0.00040	0.00037	0.00036	43	nan
Cyanobacterium sp. uoEpiScrs1	2976343	S	16425	16436	32861	0.00219	0.00110	0.00124	0.00122	39	nan
Dolichospermum compactum	136073	S	18864	19418	38282	0.00256	0.00130	0.00128	0.00125	37	nan
Synechococcus sp. KORDI-100	1280380	S	15396	15410	30806	0.00206	0.00103	0.00098	0.00093	62	nan
Stanieria cyanosphaera	102116	S	7731	7732	15463	0.00103	0.00052	0.00052	0.00051	37	nan
Winogradskyella sp. PG-2	754409	S	128963	129138	258101	0.01723	0.00862	0.00979	0.00960	31	nan
Winogradskyella sediminis	1382466	S	27594	27755	55349	0.00369	0.00185	0.00203	0.00197	33	nan
Winogradskyella helgolandensis	2697010	S	176	177	353	0.00002	0.00001	0.00000	0.00001	33	4.0
Flavobacterium sp. F-340	2893886	S	96802	97619	194421	0.01298	0.00652	0.00718	0.00700	34	nan
Flavobacterium ginsengisoli	871694	S	9907	10177	20084	0.00134	0.00068	0.00074	0.00073	34	nan
Flavobacterium columnare	996	S	8390	8761	17151	0.00114	0.00058	0.00069	0.00067	31	nan
Maribacter sp. Hal144	2980554	S	94990	95040	190030	0.01268	0.00634	0.00592	0.00575	42	nan
Aequorivita sp. Ant34-E75	3040348	S	68132	68690	136822	0.00913	0.00459	0.00455	0.00444	37	nan
Aequorivita sublithincola	101385	S	1795	1796	3591	0.00024	0.00012	0.00012	0.00012	36	nan
Tenacibaculum pacificus	3018314	S	18978	19192	38170	0.00255	0.00128	0.00169	0.00162	30	nan
Tenacibaculum ovolyticum	104270	S	10008	10065	20073	0.00134	0.00067	0.00086	0.00083	29	nan
Tenacibaculum retecalamus	3018315	S	110	111	221	0.00001	0.00001	0.00000	0.00001	32	4.0
Nonlabens dokdonensis	328515	S	24797	24876	49673	0.00332	0.00166	0.00174	0.00169	36	nan
Tamlana carrageenivorans	2069432	S	22400	22537	44937	0.00300	0.00150	0.00159	0.00154	36	nan
Olleya sp. YS	3028318	S	9022	9046	18068	0.00121	0.00060	0.00069	0.00067	32	nan
Olleya sp. HaHaR_3_96	2745560	S	7005	7555	14560	0.00097	0.00050	0.00057	0.00055	33	nan
Aquimarina sp. ERC-38	2949996	S	6749	6751	13500	0.00090	0.00045	0.00047	0.00047	35	nan
Aquimarina sp. AD10	1714849	S	5558	5564	11122	0.00074	0.00037	0.00043	0.00041	32	nan
Constantimarinum furrinae	2562285	S	12023	12037	24060	0.00161	0.00080	0.00076	0.00074	41	nan
Urechidicola croceus	1850246	S	8578	8664	17242	0.00115	0.00058	0.00071	0.00069	30	nan
Muriicola soli	2507538	S	6702	6708	13410	0.00090	0.00045	0.00041	0.00040	43	nan
Capnocytophaga sp. H2931	1945657	S	3507	4803	8310	0.00055	0.00032	0.00033	0.00032	37	nan
Polaribacter sp. ALD11	2058137	S	2873	2926	5799	0.00039	0.00020	0.00024	0.00023	31	nan
Chryseobacterium sp. SNU WT5	2594269	S	16865	17324	34189	0.00228	0.00116	0.00121	0.00119	35	nan
Chryseobacterium sp.	1871047	S	140	143	283	0.00002	0.00001	0.00000	0.00001	37	4.0
Chryseobacterium piperi	558152	S	16735	16820	33555	0.00224	0.00112	0.00118	0.00115	36	nan
Chryseobacterium indologenes	253	S	10078	10371	20449	0.00137	0.00069	0.00071	0.00068	38	nan
Chryseobacterium rhizoplanae	1609531	S	6460	11657	18117	0.00121	0.00078	0.00080	0.00078	37	nan
Candidatus Walczuchella monophlebidarum	1415657	S	13578	13579	27157	0.00181	0.00091	0.00104	0.00100	32	nan
Blattabacterium cuenoti	1653831	S	1237	1241	2478	0.00017	0.00008	0.00011	0.00012	26	nan
Segatella oris	28135	S	91370	91825	183195	0.01223	0.00613	0.00564	0.00543	46	nan
Prevotella sp. oral taxon 299	652716	S	330	368	698	0.00005	0.00002	0.00000	0.00002	38	4.0
Prevotella bivia	28125	S	322	348	670	0.00004	0.00002	0.00000	0.00002	41	4.0
Prevotella corporis	28128	S	298	315	613	0.00004	0.00002	0.00000	0.00002	46	5.0
Prevotella jejuni	1177574	S	292	399	691	0.00005	0.00003	0.00000	0.00002	43	4.0
Prevotella melaninogenica	28132	S	244	296	540	0.00004	0.00002	0.00000	0.00002	43	5.0
Prevotella intermedia	28131	S	238	301	539	0.00004	0.00002	0.00000	0.00002	46	4.0
Prevotella denticola	28129	S	187	235	422	0.00003	0.00002	0.00000	0.00001	53	4.0
Hoylesella enoeca	76123	S	2469	2487	4956	0.00033	0.00017	0.00000	0.00014	48	5.0
Bacteroides zhangwenhongii	2650157	S	72062	78113	150175	0.01002	0.00521	0.00495	0.00469	44	nan
Bacteroides sp. M10	2763022	S	1573	2185	3758	0.00025	0.00015	0.00014	0.00013	42	nan
Bacteroides sp. D2	556259	S	543	914	1457	0.00010	0.00006	0.00000	0.00006	43	5.0
Bacteroides sp. DH3716P	2847299	S	328	1620	1948	0.00013	0.00011	0.00000	0.00010	44	5.0
Bacteroides xylanisolvens	371601	S	2284	3483	5767	0.00038	0.00023	0.00000	0.00021	44	5.0
Bacteroides ovatus	28116	S	1116	2211	3327	0.00022	0.00015	0.00014	0.00013	43	nan
Bacteroides fragilis	817	S	786	957	1743	0.00012	0.00006	0.00000	0.00006	44	5.0
Bacteroides thetaiotaomicron	818	S	772	847	1619	0.00011	0.00006	0.00000	0.00005	45	5.0
Bacteroides salyersiae	291644	S	408	422	830	0.00006	0.00003	0.00000	0.00003	43	4.0
Bacteroides faecium	2715212	S	382	386	768	0.00005	0.00003	0.00000	0.00002	45	4.0
Bacteroides luhongzhouii	2650158	S	338	362	700	0.00005	0.00002	0.00000	0.00002	42	5.0
Bacteroides eggerthii	28111	S	283	308	591	0.00004	0.00002	0.00000	0.00002	46	4.0
Bacteroides faecis	674529	S	161	178	339	0.00002	0.00001	0.00000	0.00001	44	5.0
Bacteroides caccae	47678	S	157	166	323	0.00002	0.00001	0.00000	0.00001	44	5.0
Phocaeicola dorei	357276	S	345	425	770	0.00005	0.00003	0.00000	0.00003	42	4.0
Phocaeicola vulgatus	821	S	317	344	661	0.00004	0.00002	0.00000	0.00002	43	5.0
Phocaeicola salanitronis	376805	S	120	121	241	0.00002	0.00001	0.00000	0.00001	49	4.0
Parabacteroides distasonis	823	S	16391	26123	42514	0.00284	0.00174	0.00159	0.00154	47	nan
Parabacteroides goldsteinii	328812	S	200	206	406	0.00003	0.00001	0.00000	0.00001	45	5.0
Parabacteroides johnsonii	387661	S	122	126	248	0.00002	0.00001	0.00000	0.00001	47	5.0
Parabacteroides sp. CT06	2025876	S	109	1986	2095	0.00014	0.00013	0.00012	0.00012	47	nan
Butyricimonas faecihominis	1472416	S	22947	23981	46928	0.00313	0.00160	0.00150	0.00145	44	nan
Duncaniella sp. B8	2576606	S	118	8004	8122	0.00054	0.00053	0.00048	0.00046	53	nan
Muribaculum gordoncarteri	2530390	S	197	203	400	0.00003	0.00001	0.00000	0.00001	53	5.0
Alkaliflexus sp. Ai-910	2949635	S	38513	38647	77160	0.00515	0.00258	0.00238	0.00230	44	nan
Aquipluma nitroreducens	2010828	S	24712	24714	49426	0.00330	0.00165	0.00157	0.00153	41	nan
Sphingobacterium sp. DR205	2713573	S	3814	4097	7911	0.00053	0.00027	0.00026	0.00025	41	nan
Sphingobacterium sp. UGAL515B_05	2986767	S	1502	2038	3540	0.00024	0.00014	0.00013	0.00013	41	nan
Sphingobacterium sp. ML3W	1538644	S	1436	1609	3045	0.00020	0.00011	0.00011	0.00010	39	nan
Sphingobacterium sp. E70	2853439	S	864	1011	1875	0.00013	0.00007	0.00000	0.00006	41	5.0
Sphingobacterium sp.	341027	S	533	1015	1548	0.00010	0.00007	0.00006	0.00006	41	nan
Sphingobacterium sp. G1-14	2003121	S	449	1300	1749	0.00012	0.00009	0.00008	0.00008	41	nan
Sphingobacterium sp. UDSM-2020	2795738	S	170	178	348	0.00002	0.00001	0.00000	0.00001	37	4.0
Sphingobacterium sp. B29	1933220	S	167	971	1138	0.00008	0.00006	0.00006	0.00006	41	nan
Sphingobacterium sp. LZ7M1	2961941	S	164	175	339	0.00002	0.00001	0.00000	0.00001	41	5.0
Sphingobacterium sp. SRCM116780	2907623	S	151	154	305	0.00002	0.00001	0.00000	0.00001	36	4.0
Sphingobacterium sp. dk4302	2662364	S	114	115	229	0.00002	0.00001	0.00000	0.00001	39	4.0
Sphingobacterium sp. CZ-2	2557994	S	113	117	230	0.00002	0.00001	0.00000	0.00001	41	5.0
Sphingobacterium sp. KACC 22765	3025669	S	113	114	227	0.00002	0.00001	0.00000	0.00001	45	4.0
Sphingobacterium multivorum	28454	S	4742	6866	11608	0.00077	0.00046	0.00044	0.00043	41	nan
Sphingobacterium thalpophilum	259	S	1177	1217	2394	0.00016	0.00008	0.00000	0.00007	44	4.0
Sphingobacterium paramultivorum	2886510	S	648	1172	1820	0.00012	0.00008	0.00007	0.00007	41	nan
Sphingobacterium siyangense	459529	S	552	1667	2219	0.00015	0.00011	0.00011	0.00010	41	nan
Sphingobacterium spiritivorum	258	S	217	224	441	0.00003	0.00001	0.00000	0.00001	41	5.0
Pedobacter sp. BS3	2567937	S	14797	14950	29747	0.00199	0.00100	0.00092	0.00089	44	nan
Mucilaginibacter paludis	423351	S	118	334	452	0.00003	0.00002	0.00000	0.00002	44	4.0
Pseudopedobacter saltans	151895	S	167	173	340	0.00002	0.00001	0.00000	0.00001	37	4.0
Spirosoma pollinicola	2057025	S	14534	14549	29083	0.00194	0.00097	0.00087	0.00084	50	nan
Flammeovirga sp. MY04	1191459	S	7773	8178	15951	0.00106	0.00055	0.00059	0.00057	35	nan
Leadbetterella byssophila	316068	S	116	118	234	0.00002	0.00001	0.00000	0.00001	41	4.0
Haliscomenobacter hydrossis	2350	S	5115	5115	10230	0.00068	0.00034	0.00031	0.00030	49	nan
Chitinophaga sp. HK235	2952571	S	568	674	1242	0.00008	0.00005	0.00000	0.00004	48	5.0
Chitinophaga oryzae	2725414	S	578	671	1249	0.00008	0.00004	0.00000	0.00004	53	4.0
Chitinophaga solisilvae	1233460	S	180	180	360	0.00002	0.00001	0.00000	0.00001	46	4.0
Campylobacter fetus	196	S	228329	228735	457064	0.03051	0.01527	0.01711	0.01670	34	nan
Campylobacter blaseri	2042961	S	29057	29064	58121	0.00388	0.00194	0.00254	0.00247	30	nan
Malaciobacter pacificus	1080223	S	33739	33833	67572	0.00451	0.00226	0.00317	0.00303	27	nan
Arcobacter ellisii	913109	S	28264	28578	56842	0.00379	0.00191	0.00282	0.00273	26	nan
Aliarcobacter faecis	1564138	S	1854	1870	3724	0.00025	0.00012	0.00018	0.00018	27	nan
Desulfocurvibacter africanus	873	S	268939	268948	537887	0.03591	0.01795	0.01757	0.01688	63	nan
Pseudodesulfovibrio nedwellii	2973072	S	31883	31925	63808	0.00426	0.00213	0.00188	0.00182	51	nan
Desulfobulbus oligotrophicus	1909699	S	3485	3502	6987	0.00047	0.00023	0.00021	0.00020	54	nan
Pyxidicoccus parkwaysis	2813578	S	117181	117243	234424	0.01565	0.00783	0.00966	0.00912	70	nan
Myxococcus sp. MxC21-1	3041439	S	13879	15757	29636	0.00198	0.00105	0.00123	0.00120	70	nan
Corallococcus sp. NCRR	2996782	S	7240	7374	14614	0.00098	0.00049	0.00063	0.00059	71	nan
Anaeromyxobacter oryzae	2918170	S	93066	93097	186163	0.01243	0.00621	0.00820	0.00916	74	nan
Candidatus Nanosynbacter lyticus	2093824	S	229083	229509	458592	0.03061	0.01532	0.00000	0.01334	49	5.0
Borreliella mayonii	1674146	S	38665	41010	79675	0.00532	0.00274	0.00406	0.00382	26	nan
Borreliella garinii	29519	S	36535	41942	78477	0.00524	0.00280	0.00395	0.00376	28	nan
Borrelia sp. CA_690	2419518	S	225	75222	75447	0.00504	0.00502	0.00722	0.00685	28	nan
Brachyspira pilosicoli	52584	S	30607	30619	61226	0.00409	0.00204	0.00274	0.00284	29	nan
Leptospira interrogans	173	S	1788	4432	6220	0.00042	0.00030	0.00032	0.00031	36	nan
Rhodopirellula baltica	265606	S	99643	99678	199321	0.01331	0.00665	0.00585	0.00569	55	nan
Pirellula staleyi	125	S	8873	8873	17746	0.00118	0.00059	0.00054	0.00052	58	nan
Gimesia maris	122	S	1606	1612	3218	0.00021	0.00011	0.00009	0.00009	51	nan
Candidatus Uabimicrobium amorphum	2596890	S	13040	13040	26080	0.00174	0.00087	0.00083	0.00081	39	nan
Thermotoga petrophila	93929	S	19235	42828	62063	0.00414	0.00286	0.00255	0.00246	46	nan
Microvenator marinus	2600177	S	39115	39117	78232	0.00522	0.00261	0.00231	0.00224	56	nan
Leptotrichia shahii	157691	S	24625	25474	50099	0.00334	0.00170	0.00218	0.00216	30	nan
Fusobacterium mortiferum	850	S	8411	8447	16858	0.00113	0.00056	0.00074	0.00072	29	nan
Thermodesulfovibrio yellowstonii	28262	S	31509	31509	63018	0.00421	0.00210	0.00227	0.00221	34	nan
Acetomicrobium mobile	97477	S	22405	22405	44810	0.00299	0.00150	0.00133	0.00129	48	nan
Homo sapiens	9606	S	340	341	681	0.00005	0.00002	0.00000	0.00002	38	3.0
Bacillus phage J5a	2767195	S	372	429	801	0.00005	0.00003	0.00000	0.00003	36	5.0
Alphainfluenzavirus influenzae	2955291	S	250	250	500	0.00003	0.00002	0.00000	0.00001	44	4.0
