name	taxonomy_id	taxonomy_lvl	kraken_assigned_reads	added_reads	new_est_reads	fraction_total_reads	Bracken_estimate	GuaCAMOLE_estimate	GuaCAMOLE_est_eff	GC content	Taxon Removal Cycle
Pseudomonas sp. R4-39-08	1173288	S	241247	554919	796166	0.05221	0.03639	0.03347	0.03291	62	nan
Pseudomonas sp. NY5710	2662033	S	4319	5197	9516	0.00062	0.00034	0.00035	0.00032	63	nan
Pseudomonas sp. SWI36	2083052	S	1071	1795	2866	0.00019	0.00012	0.00012	0.00011	63	nan
Pseudomonas sp. NY11382	2939495	S	900	1605	2505	0.00016	0.00011	0.00010	0.00010	63	nan
Pseudomonas sp. NEEL19	2867409	S	587	924	1511	0.00010	0.00006	0.00006	0.00006	63	nan
Pseudomonas sp. R5-89-07	658644	S	500	582	1082	0.00007	0.00004	0.00004	0.00003	62	nan
Pseudomonas sp. BJP69	2597770	S	490	1052	1542	0.00010	0.00007	0.00007	0.00006	64	nan
Pseudomonas sp. R3-18-08	1173283	S	258	407	665	0.00004	0.00003	0.00002	0.00002	62	nan
Pseudomonas sp. CIP-10	2892442	S	243	769	1012	0.00007	0.00005	0.00005	0.00005	63	nan
Pseudomonas sp. R2-37-08W	1173273	S	218	432	650	0.00004	0.00003	0.00003	0.00003	62	nan
Pseudomonas sp. R4-34-07	658642	S	170	386	556	0.00004	0.00003	0.00002	0.00002	62	nan
Pseudomonas sp. A2	107445	S	168	272	440	0.00003	0.00002	0.00002	0.00002	64	nan
Pseudomonas sp. R3-52-08	1173284	S	165	380	545	0.00004	0.00002	0.00002	0.00002	62	nan
Pseudomonas sp. R4-35-07	658643	S	155	377	532	0.00003	0.00002	0.00002	0.00002	62	nan
Pseudomonas sp. FP597	2954096	S	152	157	309	0.00002	0.00001	0.00001	0.00001	62	nan
Pseudomonas sp. R1-43-08	1173270	S	150	342	492	0.00003	0.00002	0.00002	0.00002	62	nan
Pseudomonas sp. R2-60-08W	1173280	S	139	342	481	0.00003	0.00002	0.00002	0.00002	62	nan
Pseudomonas sp. R2-7-07	658641	S	135	419	554	0.00004	0.00003	0.00003	0.00002	62	nan
Pseudomonas sp. S09G 359	2054919	S	120	124	244	0.00002	0.00001	0.00001	0.00001	62	nan
Pseudomonas sp. LG1E9	2219057	S	117	122	239	0.00002	0.00001	0.00001	0.00001	62	nan
Pseudomonas sp. G11	528343	S	117	292	409	0.00003	0.00002	0.00002	0.00002	63	nan
Pseudomonas sp. HN11	1344094	S	115	119	234	0.00002	0.00001	0.00000	0.00001	61	5.0
Pseudomonas sp. R11-23-07	658632	S	115	347	462	0.00003	0.00002	0.00002	0.00002	62	nan
Pseudomonas sp. D3	517398	S	112	116	228	0.00001	0.00001	0.00001	0.00001	62	nan
Pseudomonas sp. KU43P	2487887	S	111	113	224	0.00001	0.00001	0.00000	0.00001	64	5.0
Pseudomonas sp. S35	1573719	S	107	111	218	0.00001	0.00001	0.00000	0.00001	62	5.0
Pseudomonas juntendi	2666183	S	44526	68740	113266	0.00743	0.00451	0.00434	0.00419	63	nan
Pseudomonas putida	303	S	1920	3372	5292	0.00035	0.00022	0.00023	0.00020	63	nan
Pseudomonas alloputida	1940621	S	251	1921	2172	0.00014	0.00013	0.00013	0.00012	63	nan
Pseudomonas monteilii	76759	S	239	977	1216	0.00008	0.00006	0.00007	0.00006	63	nan
Pseudomonas aeruginosa	287	S	491	3978	4469	0.00029	0.00026	0.00028	0.00025	64	nan
Pseudomonas fluorescens	294	S	155	222	377	0.00002	0.00001	0.00000	0.00001	62	5.0
Pseudomonas entomophila	312306	S	436	446	882	0.00006	0.00003	0.00000	0.00003	65	5.0
Pseudomonas asiatica	2219225	S	154	406	560	0.00004	0.00003	0.00003	0.00002	64	nan
Pseudomonas taiwanensis	470150	S	149	764	913	0.00006	0.00005	0.00005	0.00005	63	nan
Nissabacter sp. SGAir0207	2126321	S	287609	289172	576781	0.03782	0.01896	0.01756	0.01734	63	nan
Serratia symbiotica	138074	S	355	372	727	0.00005	0.00002	0.00000	0.00002	54	4.0
Candidatus Hamiltonella defensa	138072	S	178483	179227	357710	0.02346	0.01175	0.01092	0.01000	41	nan
Escherichia coli	562	S	287	729	1016	0.00007	0.00005	0.00000	0.00004	53	4.0
Edwardsiella piscicida	1263550	S	284	301	585	0.00004	0.00002	0.00002	0.00002	63	nan
Edwardsiella sp. LADL05-105	1650654	S	253	61471	61724	0.00405	0.00403	0.00374	0.00367	63	nan
Edwardsiella ictaluri	67780	S	229	238	467	0.00003	0.00002	0.00000	0.00001	61	4.0
Edwardsiella tarda	636	S	102	106	208	0.00001	0.00001	0.00000	0.00001	60	4.0
Arsenophonus nasoniae	638	S	304	332	636	0.00004	0.00002	0.00000	0.00002	40	4.0
Sodalis glossinidius	63612	S	346	354	700	0.00005	0.00002	0.00000	0.00002	56	4.0
Acinetobacter sp. TTH0-4	1646498	S	266389	276043	542432	0.03557	0.01810	0.01570	0.01541	40	nan
Acinetobacter sp. ESL0695	2983215	S	189167	189565	378732	0.02483	0.01243	0.01121	0.01102	37	nan
Legionella clemsonensis	1867846	S	365103	376121	741224	0.04860	0.02466	0.02100	0.02057	39	nan
Legionella pneumophila	446	S	183	226	409	0.00003	0.00001	0.00000	0.00001	39	4.0
Stenotrophomonas sp. SAU14A_NAIMI4_5	2072413	S	512	540	1052	0.00007	0.00004	0.00004	0.00004	68	nan
Stenotrophomonas sp. ESTM1D_MKCIP4_1	2072414	S	508	523	1031	0.00007	0.00003	0.00000	0.00004	67	5.0
Stenotrophomonas sp. ZAC14A_NAIMI4_1	2072412	S	454	572	1026	0.00007	0.00004	0.00004	0.00004	68	nan
Stenotrophomonas sp. ZAC14D1_NAIMI4_1	2072411	S	392	277671	278063	0.01823	0.01821	0.01969	0.01949	68	nan
Stenotrophomonas sp. ZAC14D2_NAIMI4_7	2072405	S	150	176	326	0.00002	0.00001	0.00000	0.00001	67	5.0
Stenotrophomonas maltophilia	40324	S	997	1121	2118	0.00014	0.00007	0.00008	0.00008	67	nan
Xanthomonas hyacinthi	56455	S	10098	10430	20528	0.00135	0.00068	0.00077	0.00076	69	nan
Marichromatium purpuratum	37487	S	133918	133970	267888	0.01757	0.00878	0.00986	0.00967	68	nan
Halomonas subglaciescola	29571	S	77394	77490	154884	0.01016	0.00508	0.00472	0.00463	63	nan
Wolbachia endosymbiont (group A) of Bombylius major	2953988	S	359157	768152	1127309	0.07392	0.05037	0.04607	0.04531	33	nan
Wolbachia endosymbiont (group A) of Sicus ferrugineus	2954056	S	35495	48435	83930	0.00550	0.00318	0.00292	0.00285	35	nan
Wolbachia endosymbiont (group B) of Watsonalla binaria	2954066	S	28237	597700	625937	0.04104	0.03919	0.03616	0.03553	33	nan
Wolbachia endosymbiont of Oedothorax gibbosus	931100	S	1484	1695	3179	0.00021	0.00011	0.00010	0.00010	34	nan
Wolbachia endosymbiont of Trichogramma pretiosum	125593	S	1277	1370	2647	0.00017	0.00009	0.00009	0.00008	33	nan
Wolbachia endosymbiont of Anopheles demeilloni	2748871	S	898	1174	2072	0.00014	0.00008	0.00007	0.00007	33	nan
Wolbachia endosymbiont of Folsomia candida	169402	S	721	721	1442	0.00009	0.00005	0.00005	0.00004	34	nan
Wolbachia endosymbiont of Diaphorina citri	116598	S	713	1165	1878	0.00012	0.00008	0.00007	0.00007	34	nan
Wolbachia endosymbiont of Cimex lectularius	246273	S	671	672	1343	0.00009	0.00004	0.00000	0.00004	37	5.0
Wolbachia endosymbiont of Ctenocephalides felis wCfeJ	2732594	S	647	649	1296	0.00008	0.00004	0.00004	0.00004	35	nan
Wolbachia endosymbiont (group A) of Anomoia purmunda	2953978	S	605	852	1457	0.00010	0.00006	0.00005	0.00005	35	nan
Wolbachia endosymbiont of Litomosoides sigmodontis	80850	S	424	424	848	0.00006	0.00003	0.00000	0.00003	31	5.0
Wolbachia endosymbiont of Bemisia tabaci	215173	S	408	716	1124	0.00007	0.00005	0.00004	0.00004	34	nan
Wolbachia endosymbiont of Ctenocephalides felis wCfeT	2732593	S	385	385	770	0.00005	0.00003	0.00002	0.00002	36	nan
Wolbachia endosymbiont (group A) of Icerya purchasi	2954019	S	381	646	1027	0.00007	0.00004	0.00004	0.00004	35	nan
Wolbachia endosymbiont of Aedes albopictus	167957	S	346	451	797	0.00005	0.00003	0.00003	0.00003	35	nan
Wolbachia endosymbiont of Dirofilaria (Dirofilaria) immitis	1812115	S	337	337	674	0.00004	0.00002	0.00000	0.00002	33	5.0
Wolbachia endosymbiont of Frankliniella intonsa	2902422	S	301	493	794	0.00005	0.00003	0.00003	0.00003	34	nan
Wolbachia endosymbiont (group B) of Camptogramma bilineatum	2953991	S	299	823	1122	0.00007	0.00005	0.00005	0.00005	33	nan
Wolbachia endosymbiont (group A) of Volucella inflata	2954065	S	276	582	858	0.00006	0.00004	0.00003	0.00003	35	nan
Wolbachia endosymbiont (group B) of Ischnura elegans	2954021	S	264	767	1031	0.00007	0.00005	0.00005	0.00005	34	nan
Wolbachia endosymbiont of Cruorifilaria tuberocauda	1812111	S	254	254	508	0.00003	0.00002	0.00000	0.00002	32	5.0
Wolbachia endosymbiont (group B) of Chorthippus parallelus	2953997	S	249	647	896	0.00006	0.00004	0.00004	0.00004	33	nan
Wolbachia endosymbiont (group A) of Bibio marci	2953987	S	242	493	735	0.00005	0.00003	0.00003	0.00003	34	nan
Wolbachia endosymbiont of Drosophila simulans	77038	S	237	2958	3195	0.00021	0.00019	0.00018	0.00018	33	nan
Wolbachia endosymbiont of Dipetalonema caudispina	1812112	S	234	234	468	0.00003	0.00002	0.00000	0.00002	29	4.0
Wolbachia endosymbiont of Psylliodes chrysocephala	2883236	S	233	428	661	0.00004	0.00003	0.00003	0.00003	34	nan
Wolbachia endosymbiont (group A) of Trypoxylon clavicerum	2954064	S	232	478	710	0.00005	0.00003	0.00003	0.00003	35	nan
Wolbachia endosymbiont (group A) of Rhinocyllus conicus	2954053	S	232	482	714	0.00005	0.00003	0.00003	0.00003	35	nan
Wolbachia endosymbiont (group B) of Euphydryas aurinia	2954014	S	232	796	1028	0.00007	0.00005	0.00005	0.00005	35	nan
Wolbachia endosymbiont (group A) of Apoderus coryli	2953980	S	226	529	755	0.00005	0.00003	0.00003	0.00003	35	nan
Wolbachia endosymbiont (group A) of Scambus nigricans	2954055	S	212	441	653	0.00004	0.00003	0.00003	0.00003	36	nan
Wolbachia endosymbiont of Drosophila pseudotakahashii	375919	S	200	549	749	0.00005	0.00004	0.00003	0.00003	35	nan
Wolbachia endosymbiont (group B) of Rhopobota naevana	2954054	S	193	1347	1540	0.00010	0.00009	0.00008	0.00008	33	nan
Wolbachia endosymbiont (group B) of Eucosma cana	2954012	S	185	508	693	0.00005	0.00003	0.00003	0.00003	34	nan
Wolbachia endosymbiont (group A) of Philonthus cognatus	2954046	S	183	710	893	0.00006	0.00005	0.00004	0.00004	34	nan
Wolbachia endosymbiont (group A) of Gymnosoma rotundatum	2954016	S	180	556	736	0.00005	0.00004	0.00003	0.00003	35	nan
Wolbachia endosymbiont (group B) of Melanostoma mellinum	2954030	S	177	582	759	0.00005	0.00004	0.00004	0.00003	33	nan
Wolbachia endosymbiont of Phyllotreta cruciferae	2886377	S	175	517	692	0.00005	0.00003	0.00003	0.00003	34	nan
Wolbachia endosymbiont (group A) of Epagoge grotiana	2954006	S	174	1098	1272	0.00008	0.00007	0.00007	0.00007	33	nan
Wolbachia endosymbiont (group A) of Epistrophe grossularia	2954008	S	164	627	791	0.00005	0.00004	0.00004	0.00004	35	nan
Wolbachia endosymbiont (group B) of Athalia cordata	2953986	S	142	582	724	0.00005	0.00004	0.00004	0.00003	33	nan
Wolbachia endosymbiont (group A) of Calamotropha paludella	2953989	S	140	1238	1378	0.00009	0.00008	0.00007	0.00007	33	nan
Wolbachia endosymbiont (group A) of Acrocera orbiculus	2953971	S	137	610	747	0.00005	0.00004	0.00004	0.00004	34	nan
Wolbachia endosymbiont of Oryzaephilus surinamensis	573241	S	135	930	1065	0.00007	0.00006	0.00006	0.00006	34	nan
Wolbachia endosymbiont (group B) of Episyrphus balteatus	2954009	S	134	602	736	0.00005	0.00004	0.00004	0.00004	33	nan
Wolbachia endosymbiont (group A) of Sphaerophoria taeniata	2954057	S	127	270	397	0.00003	0.00002	0.00002	0.00002	35	nan
Wolbachia endosymbiont (group A) of Sympetrum striolatum	2954061	S	127	363	490	0.00003	0.00002	0.00002	0.00002	35	nan
Wolbachia endosymbiont of Spodoptera picta	2769078	S	126	699	825	0.00005	0.00005	0.00004	0.00004	33	nan
Wolbachia endosymbiont (group A) of Lasioglossum morio	2954025	S	122	1227	1349	0.00009	0.00008	0.00007	0.00007	33	nan
Wolbachia endosymbiont of Culex quinquefasciatus	263437	S	117	795	912	0.00006	0.00005	0.00005	0.00005	33	nan
Wolbachia endosymbiont of Chrysomya megacephala	1335053	S	113	728	841	0.00006	0.00005	0.00004	0.00004	33	nan
Wolbachia endosymbiont (group B) of Endotricha flammealis	2954005	S	112	972	1084	0.00007	0.00006	0.00006	0.00006	33	nan
Wolbachia endosymbiont (group B) of Phalera bucephala	2954043	S	108	3729	3837	0.00025	0.00024	0.00023	0.00022	33	nan
Wolbachia endosymbiont (group B) of Pammene fasciana	2954037	S	104	665	769	0.00005	0.00004	0.00004	0.00004	33	nan
Wolbachia endosymbiont of Drosophila innubila	282263	S	102	327	429	0.00003	0.00002	0.00002	0.00002	34	nan
Wolbachia endosymbiont of Drosophila aff. chauvacae BK-2020	3080329	S	100	430	530	0.00003	0.00003	0.00003	0.00003	33	nan
Wolbachia pipientis	955	S	1407	4051	5458	0.00036	0.00027	0.00024	0.00024	34	nan
Candidatus Wolbachia massiliensis	1845000	S	474	485	959	0.00006	0.00003	0.00000	0.00003	35	5.0
Ehrlichia canis	944	S	39756	39777	79533	0.00522	0.00261	0.00285	0.00291	30	nan
Rickettsia helvetica	35789	S	35556	47481	83037	0.00545	0.00311	0.00311	0.00307	31	nan
Rickettsia endosymbiont of Ixodes scapularis	444612	S	27927	36170	64097	0.00420	0.00237	0.00239	0.00231	33	nan
Rickettsia monacensis	109232	S	1274	1602	2876	0.00019	0.00011	0.00011	0.00010	31	nan
Rickettsia tamurae	334545	S	225	2527	2752	0.00018	0.00017	0.00016	0.00016	33	nan
Caulobacter flavus	1679497	S	279405	281634	561039	0.03679	0.01847	0.02172	0.02139	70	nan
Caulobacter sp. FWC26	69665	S	4287	4371	8658	0.00057	0.00029	0.00000	0.00030	67	4.0
Caulobacter sp. NIBR2454	3015996	S	195	197	392	0.00003	0.00001	0.00000	0.00001	67	4.0
Caulobacter sp. NIBR1757	3016000	S	188	189	377	0.00002	0.00001	0.00000	0.00001	69	4.0
Caulobacter segnis	88688	S	704	709	1413	0.00009	0.00005	0.00000	0.00005	69	5.0
Caulobacter vibrioides	155892	S	271	273	544	0.00004	0.00002	0.00000	0.00002	68	4.0
Caulobacter rhizosphaerae	2010972	S	211	212	423	0.00003	0.00001	0.00000	0.00002	69	4.0
Caulobacter soli	2708539	S	149	150	299	0.00002	0.00001	0.00000	0.00001	69	5.0
Caulobacter henricii	69395	S	119	119	238	0.00002	0.00001	0.00000	0.00001	66	4.0
Caulobacter mirabilis	69666	S	109	109	218	0.00001	0.00001	0.00000	0.00001	70	4.0
Brevundimonas sp.	1871086	S	3088	4146	7234	0.00047	0.00027	0.00000	0.00029	68	5.0
Brevundimonas sp. M20	2591463	S	1846	1875	3721	0.00024	0.00012	0.00000	0.00013	68	4.0
Brevundimonas sp. MF30-B	2561924	S	1189	1212	2401	0.00016	0.00008	0.00000	0.00009	68	4.0
Brevundimonas sp. PAMC22021	2861285	S	1184	1270	2454	0.00016	0.00008	0.00000	0.00009	68	4.0
Brevundimonas sp. NIBR10	3015997	S	778	807	1585	0.00010	0.00005	0.00000	0.00006	67	5.0
Brevundimonas sp. NIBR11	3015999	S	771	785	1556	0.00010	0.00005	0.00000	0.00006	68	4.0
Brevundimonas sp. LM2	1938605	S	707	735	1442	0.00009	0.00005	0.00000	0.00005	69	4.0
Brevundimonas sp. SL130	2995143	S	675	717	1392	0.00009	0.00005	0.00000	0.00005	68	5.0
Brevundimonas sp. NCCP 15609	3021811	S	583	1458	2041	0.00013	0.00010	0.00000	0.00010	68	5.0
Brevundimonas sp. AJA228-03	2752515	S	508	538	1046	0.00007	0.00004	0.00000	0.00004	68	5.0
Brevundimonas sp. SGAir0440	2579977	S	465	813	1278	0.00008	0.00005	0.00000	0.00006	67	5.0
Brevundimonas sp. GW460-12-10-14-LB2	1827469	S	282	705	987	0.00006	0.00005	0.00000	0.00005	67	5.0
Brevundimonas sp. BT-123	2986928	S	270	504	774	0.00005	0.00003	0.00000	0.00003	67	5.0
Brevundimonas sp. DS20	1532555	S	235	921	1156	0.00008	0.00006	0.00000	0.00006	68	5.0
Brevundimonas sp. Bb-A	2560058	S	210	795	1005	0.00007	0.00005	0.00000	0.00006	68	5.0
Brevundimonas sp. 'scallop'	2562582	S	180	459	639	0.00004	0.00003	0.00000	0.00003	67	5.0
Brevundimonas sp. C43	3068314	S	164	377	541	0.00004	0.00002	0.00000	0.00003	67	5.0
Brevundimonas naejangsanensis	588932	S	3710	5700	9410	0.00062	0.00037	0.00000	0.00041	68	5.0
Brevundimonas pondensis	2774189	S	2279	2510	4789	0.00031	0.00016	0.00000	0.00017	67	5.0
Brevundimonas diminuta	293	S	1900	3792	5692	0.00037	0.00025	0.00000	0.00026	67	5.0
Brevundimonas nasdae	172043	S	1823	2501	4324	0.00028	0.00016	0.00000	0.00017	67	5.0
Brevundimonas goettingensis	2774190	S	1111	1141	2252	0.00015	0.00007	0.00000	0.00008	68	4.0
Brevundimonas vancanneytii	1325724	S	994	3059	4053	0.00027	0.00020	0.00000	0.00021	67	5.0
Brevundimonas subvibrioides	74313	S	990	1031	2021	0.00013	0.00007	0.00000	0.00007	69	4.0
Brevundimonas vitisensis	2800818	S	957	980	1937	0.00013	0.00006	0.00000	0.00007	67	4.0
Brevundimonas albigilva	1312364	S	934	1083	2017	0.00013	0.00007	0.00000	0.00008	70	5.0
Brevundimonas mediterranea	74329	S	649	777	1426	0.00009	0.00005	0.00000	0.00005	68	5.0
Brevundimonas vesicularis	41276	S	646	1221	1867	0.00012	0.00008	0.00000	0.00008	67	5.0
uncultured Brevundimonas sp.	213418	S	337	579	916	0.00006	0.00004	0.00000	0.00004	67	5.0
Brevundimonas fontaquae	2813778	S	275	487	762	0.00005	0.00003	0.00000	0.00003	67	5.0
Asticcacaulis sp. AND118	2840468	S	283	336	619	0.00004	0.00002	0.00000	0.00002	64	5.0
Asticcacaulis excentricus	78587	S	235	249	484	0.00003	0.00002	0.00000	0.00001	62	5.0
Phenylobacterium sp. NIBR 498073	3015177	S	152	162	314	0.00002	0.00001	0.00000	0.00001	69	4.0
Phenylobacterium zucineum	284016	S	130	137	267	0.00002	0.00001	0.00000	0.00001	70	4.0
Pelagerythrobacter marensis	543877	S	175598	176082	351680	0.02306	0.01155	0.01159	0.01137	66	nan
Sphingomonas paucimobilis	13689	S	83262	88642	171904	0.01127	0.00581	0.00594	0.00588	66	nan
Sphingomonas sp. LK11	1390395	S	1594	1777	3371	0.00022	0.00012	0.00000	0.00012	66	5.0
Sphingomonas sp. FARSPH	2219696	S	225	312	537	0.00004	0.00002	0.00000	0.00002	68	5.0
Sphingomonas sp. CV7422	3018036	S	222	274	496	0.00003	0.00002	0.00000	0.00002	69	4.0
Sphingomonas sp. IC081	304378	S	172	250	422	0.00003	0.00002	0.00000	0.00002	66	5.0
Sphingomonas sanguinis	33051	S	1175	1215	2390	0.00016	0.00008	0.00009	0.00008	66	nan
Sphingomonas melonis	152682	S	1090	1949	3039	0.00020	0.00013	0.00000	0.00013	67	5.0
Sphingomonas koreensis	93064	S	306	339	645	0.00004	0.00002	0.00000	0.00002	67	5.0
Sphingomonas aerolata	185951	S	269	271	540	0.00004	0.00002	0.00000	0.00002	67	4.0
Sphingomonas hankookensis	563996	S	215	235	450	0.00003	0.00002	0.00000	0.00002	68	5.0
Sphingomonas aliaeris	2759526	S	112	112	224	0.00001	0.00001	0.00000	0.00001	65	5.0
Sphingobium xenophagum	121428	S	1394	1612	3006	0.00020	0.00011	0.00000	0.00010	63	5.0
Sphingobium sp. Cam5-1	2789327	S	417	469	886	0.00006	0.00003	0.00000	0.00003	63	4.0
Sphingobium cloacae	120107	S	689	869	1558	0.00010	0.00006	0.00000	0.00006	65	5.0
Sphingobium yanoikuyae	13690	S	444	645	1089	0.00007	0.00004	0.00000	0.00004	65	5.0
Novosphingobium sp. EMRT-2	2571749	S	231	275	506	0.00003	0.00002	0.00000	0.00002	66	4.0
Gluconobacter albidus	318683	S	157389	161950	319339	0.02094	0.01062	0.00964	0.00947	61	nan
Agrobacterium sp. MA01	2664893	S	34798	48445	83243	0.00546	0.00318	0.00295	0.00286	62	nan
Bradyrhizobium guangdongense	1325090	S	19121	22639	41760	0.00274	0.00148	0.00000	0.00140	64	5.0
Bradyrhizobium elkanii	29448	S	388	574	962	0.00006	0.00004	0.00000	0.00004	64	5.0
Nitratireductor sp. GZWM139	2950541	S	120	146	266	0.00002	0.00001	0.00000	0.00001	61	5.0
Methylorubrum populi	223967	S	213	242	455	0.00003	0.00002	0.00000	0.00002	70	4.0
Brucella pseudintermedia	370111	S	120	146	266	0.00002	0.00001	0.00000	0.00001	59	4.0
Turicimonas muris	1796652	S	192966	193037	386003	0.02531	0.01266	0.01023	0.01022	45	nan
Diaphorobacter sp. HDW4B	2714925	S	119295	119678	238973	0.01567	0.00785	0.00737	0.00716	63	nan
Burkholderia multivorans	87883	S	147	240	387	0.00003	0.00002	0.00000	0.00002	68	4.0
Sterolibacterium denitrificans	157592	S	38808	39001	77809	0.00510	0.00256	0.00252	0.00244	65	nan
Mycolicibacterium rutilum	370526	S	395865	402512	798377	0.05235	0.02639	0.02968	0.02943	69	nan
Mycolicibacterium duvalii	39688	S	61074	61754	122828	0.00805	0.00405	0.00454	0.00448	68	nan
Mycobacterium tuberculosis	1773	S	6231	257239	263470	0.01728	0.01687	0.01745	0.01711	65	nan
Mycobacterium canettii	78331	S	1732	2491	4223	0.00028	0.00016	0.00017	0.00017	65	nan
Mycobacterium tuberculosis complex sp. N0072	2583590	S	139	68747	68886	0.00452	0.00451	0.00466	0.00457	65	nan
Mycolicibacter sp. MYC101	2872311	S	5578	12978	18556	0.00122	0.00085	0.00094	0.00093	69	nan
Corynebacterium testudinoris	136857	S	243410	246764	490174	0.03214	0.01618	0.01575	0.01538	64	nan
Corynebacterium gottingense	2041036	S	195617	224779	420396	0.02757	0.01474	0.01518	0.01501	67	nan
Corynebacterium flavescens	28028	S	35608	35852	71460	0.00469	0.00235	0.00217	0.00210	61	nan
Dietzia sp. B32	2915130	S	126131	127240	253371	0.01661	0.00834	0.01041	0.01017	71	nan
Dietzia kunjamensis	322509	S	58323	60151	118474	0.00777	0.00394	0.00459	0.00467	70	nan
Streptomyces ambofaciens	1889	S	249776	260930	510706	0.03349	0.01711	0.02290	0.02307	73	nan
Streptomyces sp. BHT-5-2	2866715	S	102350	104818	207168	0.01358	0.00687	0.00914	0.00908	72	nan
Streptomyces sp. Mut1	3033811	S	58292	59765	118057	0.00774	0.00392	0.00523	0.00516	72	nan
Streptomyces sp. ADI95-16	1522758	S	24292	26975	51267	0.00336	0.00177	0.00236	0.00237	73	nan
Streptomyces sp. WY228	2855836	S	3483	8383	11866	0.00078	0.00055	0.00075	0.00072	72	nan
Streptomyces sp. JUS-F4	2951988	S	3467	8300	11767	0.00077	0.00054	0.00073	0.00071	72	nan
Streptomyces sp. MMBL 11-1	3026420	S	949	1022	1971	0.00013	0.00007	0.00009	0.00009	72	nan
Streptomyces sp. S063	2005885	S	890	1032	1922	0.00013	0.00007	0.00010	0.00009	72	nan
Streptomyces sp. YPW6	2840373	S	812	865	1677	0.00011	0.00006	0.00008	0.00008	73	nan
Streptomyces sp. SH5	3041765	S	781	915	1696	0.00011	0.00006	0.00009	0.00008	72	nan
Streptomyces sp. ITFR-21	3075199	S	664	667	1331	0.00009	0.00004	0.00000	0.00006	72	5.0
Streptomyces sp. WA6-1-16	2879427	S	576	695	1271	0.00008	0.00005	0.00007	0.00006	73	nan
Streptomyces sp. SN-593	659352	S	483	485	968	0.00006	0.00003	0.00000	0.00005	74	5.0
Streptomyces sp. CB00271	2750025	S	456	578	1034	0.00007	0.00004	0.00000	0.00005	72	5.0
Streptomyces sp. Tue 6075	1661694	S	445	543	988	0.00006	0.00004	0.00005	0.00005	72	nan
Streptomyces sp. YIM 121038	2136401	S	333	339	672	0.00004	0.00002	0.00003	0.00003	73	nan
Streptomyces sp. SM18	1736046	S	268	273	541	0.00004	0.00002	0.00002	0.00002	72	nan
Streptomyces sp. M2	646637	S	223	418	641	0.00004	0.00003	0.00000	0.00004	72	5.0
Streptomyces sp. HNA39	2850561	S	213	254	467	0.00003	0.00002	0.00000	0.00002	72	5.0
Streptomyces sp. WAC00303	2933779	S	199	313	512	0.00003	0.00002	0.00000	0.00003	73	5.0
Streptomyces sp. So13.3	2136173	S	193	193	386	0.00003	0.00001	0.00000	0.00002	71	5.0
Streptomyces sp. ITFR-16	3075198	S	184	192	376	0.00002	0.00001	0.00002	0.00002	73	nan
Streptomyces sp. Alt3	3033808	S	178	187	365	0.00002	0.00001	0.00002	0.00002	71	nan
Streptomyces sp. S8	1837283	S	173	195	368	0.00002	0.00001	0.00000	0.00002	73	5.0
Streptomyces sp. AM8-1-1	3075825	S	173	175	348	0.00002	0.00001	0.00000	0.00001	70	5.0
Streptomyces sp. CFMR 7	1649184	S	167	224	391	0.00003	0.00001	0.00000	0.00002	72	5.0
Streptomyces sp. XC 2026	2782004	S	157	174	331	0.00002	0.00001	0.00000	0.00002	73	5.0
Streptomyces sp. CA-278952	2980556	S	157	491	648	0.00004	0.00003	0.00004	0.00004	72	nan
Streptomyces sp. R527F	1664033	S	148	337	485	0.00003	0.00002	0.00000	0.00003	72	5.0
Streptomyces sp. CB04723	2748873	S	148	190	338	0.00002	0.00001	0.00000	0.00002	73	5.0
Streptomyces sp. S465	2979468	S	148	218	366	0.00002	0.00001	0.00002	0.00002	72	nan
Streptomyces sp. CB09001	2083284	S	146	159	305	0.00002	0.00001	0.00000	0.00001	73	5.0
Streptomyces sp. AM 2-1-1	3028709	S	140	141	281	0.00002	0.00001	0.00000	0.00001	72	5.0
Streptomyces sp. FZ201	3057122	S	138	141	279	0.00002	0.00001	0.00000	0.00001	72	5.0
Streptomyces sp. C8S0	2585716	S	137	138	275	0.00002	0.00001	0.00000	0.00001	73	5.0
Streptomyces sp. AM 4-1-1	3028710	S	134	136	270	0.00002	0.00001	0.00001	0.00001	72	nan
Streptomyces sp. VB1	2986803	S	122	330	452	0.00003	0.00002	0.00003	0.00003	72	nan
Streptomyces sp. ITFR-6	3075197	S	120	123	243	0.00002	0.00001	0.00001	0.00001	71	nan
Streptomyces sp. KMM 9044	2744474	S	119	121	240	0.00002	0.00001	0.00000	0.00001	72	5.0
Streptomyces sp. SirexAA-E	862751	S	119	122	241	0.00002	0.00001	0.00001	0.00001	73	nan
Streptomyces sp. LRE541	2931983	S	111	112	223	0.00001	0.00001	0.00001	0.00001	71	nan
Streptomyces sp. Li-HN-5-11	3075432	S	110	112	222	0.00001	0.00001	0.00001	0.00001	72	nan
Streptomyces sp. AM2-3-1	3075824	S	108	109	217	0.00001	0.00001	0.00000	0.00001	71	4.0
Streptomyces sp. GMY02	1333528	S	107	107	214	0.00001	0.00001	0.00000	0.00001	71	4.0
Streptomyces sp. CdTB01	1725411	S	107	109	216	0.00001	0.00001	0.00000	0.00001	72	5.0
Streptomyces sp. S4.7	2705439	S	100	102	202	0.00001	0.00001	0.00000	0.00001	71	5.0
Streptomyces alfalfae	1642299	S	125655	127572	253227	0.01660	0.00837	0.01110	0.01120	73	nan
Streptomyces alboflavus	67267	S	5488	5620	11108	0.00073	0.00037	0.00046	0.00049	73	nan
Streptomyces flavofungini	68200	S	4022	4115	8137	0.00053	0.00027	0.00035	0.00036	73	nan
Streptomyces aureoverticillatus	66871	S	2071	2098	4169	0.00027	0.00014	0.00018	0.00018	72	nan
Streptomyces anulatus	1892	S	697	847	1544	0.00010	0.00006	0.00000	0.00007	72	5.0
Streptomyces griseus	1911	S	342	371	713	0.00005	0.00002	0.00000	0.00003	73	5.0
Streptomyces globisporus	1908	S	351	445	796	0.00005	0.00003	0.00000	0.00004	72	5.0
Streptomyces microflavus	1919	S	128	163	291	0.00002	0.00001	0.00000	0.00001	72	5.0
Streptomyces cyaneofuscatus	66883	S	122	139	261	0.00002	0.00001	0.00000	0.00001	72	5.0
Streptomyces parvus	66428	S	496	533	1029	0.00007	0.00004	0.00000	0.00005	72	5.0
Streptomyces spectabilis	68270	S	457	465	922	0.00006	0.00003	0.00000	0.00004	73	5.0
Streptomyces durocortorensis	2811104	S	407	418	825	0.00005	0.00003	0.00000	0.00004	72	5.0
Streptomyces venezuelae	54571	S	329	336	665	0.00004	0.00002	0.00000	0.00003	72	5.0
Streptomyces aurantiacus	47760	S	115	116	231	0.00002	0.00001	0.00000	0.00001	71	5.0
Streptomyces filamentosus	67294	S	237	281	518	0.00003	0.00002	0.00000	0.00002	72	5.0
Streptomyces finlayi	67296	S	195	196	391	0.00003	0.00001	0.00000	0.00002	70	5.0
Streptomyces niveus	193462	S	189	191	380	0.00002	0.00001	0.00000	0.00002	71	5.0
Streptomyces durmitorensis	319947	S	151	152	303	0.00002	0.00001	0.00000	0.00001	71	5.0
Streptomyces tsukubensis	83656	S	137	137	274	0.00002	0.00001	0.00000	0.00001	72	5.0
Streptomyces formicae	1616117	S	122	124	246	0.00002	0.00001	0.00000	0.00001	72	5.0
Streptomyces lunaelactis	1535768	S	118	118	236	0.00002	0.00001	0.00000	0.00001	71	4.0
Actinacidiphila bryophytorum	1436133	S	111846	112399	224245	0.01470	0.00737	0.00982	0.01012	73	nan
Cryobacterium soli	2220095	S	205415	208502	413917	0.02714	0.01367	0.01568	0.01528	69	nan
Microbacterium sp. PM5	2014534	S	122800	123181	245981	0.01613	0.00808	0.00966	0.00936	70	nan
Rathayibacter tanaceti	1671680	S	106327	106731	213058	0.01397	0.00700	0.00883	0.00864	71	nan
Leucobacter rhizosphaerae	2932245	S	91128	91689	182817	0.01199	0.00601	0.00714	0.00695	70	nan
Agromyces sp. LHK192	2498704	S	77263	77560	154823	0.01015	0.00509	0.00648	0.00642	72	nan
Cellulomonas taurus	2729175	S	55074	55216	110290	0.00723	0.00362	0.00483	0.00475	73	nan
Janibacter sp. CX7	2963431	S	44240	45055	89295	0.00586	0.00295	0.00388	0.00386	72	nan
Nocardioides sp. S-1144	2582905	S	223380	223860	447240	0.02933	0.01468	0.02172	0.02143	74	nan
Micromonospora sp. WMMD998	3016092	S	89995	93019	183014	0.01200	0.00610	0.00868	0.00865	74	nan
Natronosporangium hydrolyticum	2811111	S	54008	54017	108025	0.00708	0.00354	0.00432	0.00428	71	nan
Amycolatopsis japonica	208439	S	95582	99136	194718	0.01277	0.00650	0.00742	0.00735	70	nan
Actinomadura madurae	1993	S	22153	22209	44362	0.00291	0.00146	0.00198	0.00197	73	nan
Actinomyces oris	544580	S	111	115	226	0.00001	0.00001	0.00000	0.00001	70	nan
Baekduia soli	496014	S	158347	158405	316752	0.02077	0.01039	0.01367	0.01584	74	nan
Bacillus wiedmannii	1890302	S	10684	13748	24432	0.00160	0.00090	0.00000	0.00080	35	4.0
Bacillus mycoides	1405	S	2348	3304	5652	0.00037	0.00022	0.00000	0.00019	36	4.0
Bacillus thuringiensis	1428	S	2183	7570	9753	0.00064	0.00050	0.00000	0.00043	36	4.0
Bacillus cereus	1396	S	1981	7344	9325	0.00061	0.00048	0.00000	0.00042	36	5.0
Bacillus pseudomycoides	64104	S	640	650	1290	0.00008	0.00004	0.00000	0.00004	35	4.0
Bacillus tropicus	2026188	S	423	860	1283	0.00008	0.00006	0.00000	0.00005	36	4.0
Bacillus toyonensis	155322	S	401	740	1141	0.00007	0.00005	0.00000	0.00004	36	4.0
Bacillus nitratireducens	2026193	S	296	347	643	0.00004	0.00002	0.00000	0.00002	36	4.0
Bacillus luti	2026191	S	243	260	503	0.00003	0.00002	0.00000	0.00002	35	4.0
Bacillus anthracis	1392	S	196	1155	1351	0.00009	0.00008	0.00000	0.00007	36	4.0
Bacillus albus	2026189	S	185	377	562	0.00004	0.00002	0.00000	0.00002	37	5.0
Bacillus pacificus	2026187	S	175	288	463	0.00003	0.00002	0.00000	0.00002	36	4.0
Bacillus paranthracis	2026186	S	161	514	675	0.00004	0.00003	0.00000	0.00003	37	5.0
Bacillus sp. N5-665	2925318	S	24216	33988	58204	0.00382	0.00223	0.00000	0.00196	35	4.0
Bacillus sp. DM2	2267265	S	1503	65261	66764	0.00438	0.00428	0.00364	0.00353	44	nan
Bacillus sp. PGP15	2933563	S	143	361	504	0.00003	0.00002	0.00000	0.00002	37	5.0
Bacillus subtilis	1423	S	4291	143852	148143	0.00971	0.00943	0.00803	0.00778	44	nan
Bacillus vallismortis	72361	S	522	535	1057	0.00007	0.00004	0.00003	0.00003	45	nan
Bacillus inaquosorum	483913	S	413	443	856	0.00006	0.00003	0.00000	0.00002	45	5.0
Bacillus spizizenii	96241	S	355	386	741	0.00005	0.00003	0.00000	0.00002	45	5.0
Bacillus tequilensis	227866	S	268	277	545	0.00004	0.00002	0.00002	0.00001	45	nan
Bacillus velezensis	492670	S	142	928	1070	0.00007	0.00006	0.00005	0.00005	45	nan
Bacillus halotolerans	260554	S	141	237	378	0.00002	0.00002	0.00001	0.00001	45	nan
Bacillus atrophaeus	1452	S	151	152	303	0.00002	0.00001	0.00001	0.00001	45	nan
Bacillus stercoris	2054641	S	114	248	362	0.00002	0.00002	0.00001	0.00001	44	nan
Bacillus cabrialesii	2487276	S	225	234	459	0.00003	0.00002	0.00000	0.00001	46	5.0
Bacillus rugosus	2715209	S	211	224	435	0.00003	0.00001	0.00001	0.00001	44	nan
Salicibibacter kimchii	2099786	S	173775	173910	347685	0.02280	0.01140	0.00940	0.00925	47	nan
Priestia flexa	86664	S	40569	40785	81354	0.00533	0.00267	0.00232	0.00228	39	nan
Priestia megaterium	1404	S	335	376	711	0.00005	0.00002	0.00000	0.00002	38	4.0
Staphylococcus sp. NRL 22/194	3020908	S	12406	112412	124818	0.00818	0.00737	0.00725	0.00692	34	nan
Staphylococcus sp. AntiMn-1	1715860	S	11050	73102	84152	0.00552	0.00479	0.00445	0.00453	33	nan
Staphylococcus sp. IVB6233	2989769	S	1135	24756	25891	0.00170	0.00162	0.00157	0.00152	34	nan
Staphylococcus muscae	1294	S	120483	123060	243543	0.01597	0.00807	0.00713	0.00695	38	nan
Staphylococcus equorum	246432	S	438	860	1298	0.00009	0.00006	0.00005	0.00005	34	nan
Staphylococcus aureus	1280	S	187	1418	1605	0.00011	0.00009	0.00009	0.00009	33	nan
Staphylococcus agnetis	985762	S	146	151	297	0.00002	0.00001	0.00000	0.00001	36	5.0
Streptococcus gordonii	1302	S	220397	224681	445078	0.02919	0.01473	0.01246	0.01232	41	nan
Streptococcus sanguinis	1305	S	3762	3952	7714	0.00051	0.00026	0.00000	0.00021	46	5.0
Streptococcus intermedius	1338	S	1837	2121	3958	0.00026	0.00014	0.00012	0.00012	38	nan
Streptococcus constellatus	76860	S	381	554	935	0.00006	0.00004	0.00003	0.00003	38	nan
Streptococcus oralis	1303	S	1234	1363	2597	0.00017	0.00009	0.00000	0.00007	43	4.0
Streptococcus cristatus	45634	S	1081	1098	2179	0.00014	0.00007	0.00000	0.00006	44	4.0
Streptococcus sp. oral taxon 431	712633	S	501	531	1032	0.00007	0.00003	0.00000	0.00003	41	4.0
Streptococcus sp. DTU_2020_1000888_1_SI_GRL_NUU_041A	3077723	S	126	164	290	0.00002	0.00001	0.00000	0.00001	44	5.0
Streptococcus sp. oral taxon 061	712623	S	104	111	215	0.00001	0.00001	0.00000	0.00001	41	4.0
Streptococcus parasanguinis	1318	S	674	710	1384	0.00009	0.00005	0.00000	0.00004	43	4.0
Streptococcus australis	113107	S	491	640	1131	0.00007	0.00004	0.00000	0.00003	44	4.0
Streptococcus ilei	1156431	S	483	625	1108	0.00007	0.00004	0.00000	0.00003	43	5.0
Streptococcus mitis	28037	S	385	417	802	0.00005	0.00003	0.00000	0.00002	42	4.0
Streptococcus mutans	1309	S	122	125	247	0.00002	0.00001	0.00000	0.00001	38	4.0
Lactobacillus kullabergensis	1218493	S	76096	77177	153273	0.01005	0.00506	0.00466	0.00452	37	nan
Lactobacillus sp. IBH004	2879107	S	5671	5739	11410	0.00075	0.00038	0.00034	0.00033	37	nan
Lactobacillus sp. wkB8	1545702	S	1988	2390	4378	0.00029	0.00016	0.00000	0.00014	38	5.0
Lactobacillus sp. ESL0731	2983221	S	194	540	734	0.00005	0.00004	0.00000	0.00003	40	4.0
Lactobacillus sp. ESL0785	2983232	S	142	142	284	0.00002	0.00001	0.00000	0.00001	39	4.0
Lactobacillus sp. ESL0680	2983210	S	105	105	210	0.00001	0.00001	0.00000	0.00001	41	5.0
Lactobacillus helsingborgensis	1218494	S	6132	6731	12863	0.00084	0.00044	0.00040	0.00039	37	nan
Lactobacillus apis	303541	S	545	548	1093	0.00007	0.00004	0.00000	0.00003	37	5.0
Lactobacillus panisapium	2012495	S	407	408	815	0.00005	0.00003	0.00000	0.00002	38	4.0
Clostridium novyi	1542	S	68103	68424	136527	0.00895	0.00449	0.00540	0.00510	29	nan
Clostridium botulinum	1491	S	574	591	1165	0.00008	0.00004	0.00000	0.00005	29	5.0
Clostridium perfringens	1502	S	237	270	507	0.00003	0.00002	0.00000	0.00002	29	5.0
Enterocloster bolteae	208479	S	143	146	289	0.00002	0.00001	0.00000	0.00001	52	4.0
Thermoanaerobacter mathranii	583357	S	24231	33270	57501	0.00377	0.00218	0.00205	0.00202	34	nan
Miniphocaeibacter halophilus	2931922	S	57602	57611	115213	0.00755	0.00378	0.00419	0.00425	30	nan
Turicibacter sanguinis	154288	S	100	100	200	0.00001	0.00001	0.00000	0.00001	34	4.0
Williamsoniiplasma somnilux	215578	S	124049	124119	248168	0.01627	0.00814	0.00950	0.00961	29	nan
Mesoplasma lactucae	138853	S	54937	54951	109888	0.00721	0.00360	0.00388	0.00383	28	nan
Spiroplasma kunkelii	47834	S	15126	15619	30745	0.00202	0.00102	0.00134	0.00149	25	nan
Mycoplasmopsis synoviae	2109	S	170394	170862	341256	0.02238	0.01120	0.01379	0.01326	27	nan
Mesomycoplasma molare	171288	S	19130	19160	38290	0.00251	0.00126	0.00167	0.00186	24	nan
Synechococcus sp. Minos11	221341	S	44381	44400	88781	0.00582	0.00291	0.00271	0.00264	61	nan
Flavobacterium sp. PMR2A8	3075617	S	310	538277	538587	0.03532	0.03530	0.03492	0.03427	31	nan
Flavobacterium sp. N1994	2986827	S	147	147	294	0.00002	0.00001	0.00000	0.00001	35	4.0
Flavobacterium sp. IMCC34852	2732161	S	139	139	278	0.00002	0.00001	0.00000	0.00001	38	4.0
Flavobacterium okayamense	2830782	S	114	114	228	0.00001	0.00001	0.00000	0.00001	31	4.0
Mangrovimonas sp. YM274	3070660	S	309323	309541	618864	0.04058	0.02030	0.01747	0.01729	39	nan
Candidatus Arcticimaribacter forsetii	2820661	S	265811	265992	531803	0.03487	0.01744	0.01626	0.01601	34	nan
Polaribacter dokdonensis	326329	S	112846	114233	227079	0.01489	0.00749	0.00787	0.00778	30	nan
Polaribacter sp. BM10	1529069	S	106177	109446	215623	0.01414	0.00718	0.00770	0.00761	30	nan
Tenacibaculum singaporense	2358479	S	84748	86349	171097	0.01122	0.00566	0.00564	0.00553	31	nan
Algibacter luteus	1178825	S	141	141	282	0.00002	0.00001	0.00000	0.00001	34	4.0
Maribacter cobaltidurans	1178778	S	118	118	236	0.00002	0.00001	0.00000	0.00001	39	4.0
Lacinutrix neustonica	2980107	S	111	111	222	0.00001	0.00001	0.00000	0.00001	35	4.0
Chryseobacterium sp. PCH239	2825845	S	81375	148477	229852	0.01507	0.00974	0.00873	0.00859	37	nan
Chryseobacterium sp. MEBOG07	2879939	S	102	102	204	0.00001	0.00001	0.00001	0.00001	38	nan
Chryseobacterium faecale	2852098	S	35505	35534	71039	0.00466	0.00233	0.00196	0.00195	40	nan
Chryseobacterium paludis	2956784	S	105	105	210	0.00001	0.00001	0.00000	0.00001	35	4.0
Blattabacterium sp. (Mastotermes darwiniensis)	39768	S	33328	33351	66679	0.00437	0.00219	0.00255	0.00262	28	nan
Pedobacter aquae	2605747	S	583705	583836	1167541	0.07656	0.03828	0.03521	0.03452	34	nan
Parabacteroides faecis	1217282	S	135220	137489	272709	0.01788	0.00902	0.00735	0.00743	44	nan
Parabacteroides chongii	2685834	S	8465	8638	17103	0.00112	0.00057	0.00000	0.00047	45	5.0
Parabacteroides goldsteinii	328812	S	3784	3868	7652	0.00050	0.00025	0.00000	0.00021	45	5.0
Parabacteroides merdae	46503	S	372	392	764	0.00005	0.00003	0.00000	0.00002	47	4.0
Parabacteroides johnsonii	387661	S	274	281	555	0.00004	0.00002	0.00000	0.00002	47	4.0
Parabacteroides distasonis	823	S	265	440	705	0.00005	0.00003	0.00000	0.00002	46	5.0
Bacteroides fragilis	817	S	679	912	1591	0.00010	0.00006	0.00000	0.00005	45	4.0
Bacteroides salyersiae	291644	S	614	632	1246	0.00008	0.00004	0.00000	0.00003	43	4.0
Bacteroides thetaiotaomicron	818	S	172	268	440	0.00003	0.00002	0.00000	0.00001	45	4.0
Phocaeicola dorei	357276	S	1157	1281	2438	0.00016	0.00008	0.00000	0.00007	42	5.0
Helicobacter cholecystus	45498	S	1048288	1049885	2098173	0.13758	0.06884	0.06266	0.06141	36	nan
Helicobacter enhydrae	222136	S	1928	1930	3858	0.00025	0.00013	0.00000	0.00010	42	5.0
Helicobacter typhlonius	76936	S	939	957	1896	0.00012	0.00006	0.00000	0.00005	39	4.0
Helicobacter pylori	210	S	417	421	838	0.00005	0.00003	0.00000	0.00002	40	4.0
Helicobacter cinaedi	213	S	208	208	416	0.00003	0.00001	0.00000	0.00001	40	4.0
Helicobacter apodemus	135569	S	181	181	362	0.00002	0.00001	0.00000	0.00001	34	4.0
Helicobacter mustelae	217	S	174	174	348	0.00002	0.00001	0.00000	0.00001	43	4.0
Helicobacter winghamensis	157268	S	148	148	296	0.00002	0.00001	0.00000	0.00001	36	4.0
Helicobacter canis	29419	S	136	136	272	0.00002	0.00001	0.00000	0.00001	45	4.0
Helicobacter pullorum	35818	S	124	124	248	0.00002	0.00001	0.00000	0.00001	35	4.0
Helicobacter himalayensis	1591088	S	122	122	244	0.00002	0.00001	0.00000	0.00001	41	4.0
Arcobacter sp. FWKO B	2593672	S	152210	152364	304574	0.01997	0.00999	0.01054	0.01040	30	nan
Arcobacter venerupis	1054033	S	105638	106381	212019	0.01390	0.00698	0.00852	0.00849	27	nan
Arcobacter defluvii	873191	S	11738	16331	28069	0.00184	0.00107	0.00136	0.00138	27	nan
Malaciobacter halophilus	197482	S	31410	31622	63032	0.00413	0.00207	0.00254	0.00248	27	nan
Aliarcobacter trophiarum	708186	S	123	128	251	0.00002	0.00001	0.00000	0.00001	29	4.0
Campylobacter avium	522485	S	269529	269863	539392	0.03537	0.01770	0.01654	0.01635	34	nan
Campylobacter sp. RM10537	1032242	S	145	148	293	0.00002	0.00001	0.00000	0.00001	29	4.0
Campylobacter helveticus	28898	S	114	118	232	0.00002	0.00001	0.00000	0.00001	34	4.0
Candidatus Methylacidiphilum infernorum	511746	S	209243	209265	418508	0.02744	0.01372	0.01134	0.01112	45	nan
Cetobacterium somerae	188913	S	129251	129341	258592	0.01696	0.00848	0.01029	0.00971	29	nan
Fusobacterium ulcerans	861	S	178	273	451	0.00003	0.00002	0.00000	0.00002	32	5.0
Fusobacterium mortiferum	850	S	165	213	378	0.00002	0.00001	0.00000	0.00002	29	5.0
Leptotrichia sp. oral taxon 847	1785996	S	51990	52847	104837	0.00687	0.00347	0.00378	0.00384	32	nan
Leptotrichia sp. oral taxon 218	712361	S	116	119	235	0.00002	0.00001	0.00000	0.00001	30	5.0
Borrelia sp. HM	1882662	S	116747	116992	233739	0.01533	0.00767	0.00914	0.00911	26	nan
Citrifermentans bemidjiense	225194	S	63581	63702	127283	0.00835	0.00418	0.00385	0.00379	63	nan
Homo sapiens	9606	S	672	705	1377	0.00009	0.00005	0.00000	0.00004	38	4.0
