name	taxonomy_id	taxonomy_lvl	kraken_assigned_reads	added_reads	new_est_reads	fraction_total_reads	Bracken_estimate	GuaCAMOLE_estimate	GuaCAMOLE_est_eff	GC content	Taxon Removal Cycle
Kluyvera ascorbata	51288	S	33847	48406	82253	0.00565	0.00332	0.00298	0.00289	57	nan
Kluyvera genomosp. 3	2774055	S	28683	66991	95674	0.00657	0.00460	0.00417	0.00400	57	nan
Kluyvera sp. CRP	2873269	S	20074	44397	64471	0.00443	0.00305	0.00276	0.00265	57	nan
Kluyvera intermedia	61648	S	7983	8378	16361	0.00112	0.00058	0.00000	0.00050	55	4.0
Kluyvera cryocrescens	580	S	6995	7522	14517	0.00100	0.00052	0.00000	0.00045	55	5.0
Enterobacter sp. R4-368	1166130	S	16585	21808	38393	0.00264	0.00150	0.00145	0.00129	55	nan
Enterobacter sp. E20	1560339	S	6902	52795	59697	0.00410	0.00362	0.00327	0.00317	58	nan
Enterobacter sp. JBIWA003	2831890	S	4094	10382	14476	0.00099	0.00071	0.00065	0.00062	58	nan
Enterobacter sp. T2	2707174	S	3174	30690	33864	0.00233	0.00211	0.00189	0.00184	58	nan
Enterobacter sp. JUb54	2724468	S	321	327	648	0.00004	0.00002	0.00000	0.00002	59	5.0
Enterobacter sp. 638	399742	S	243	308	551	0.00004	0.00002	0.00000	0.00002	54	5.0
Enterobacter sp. RHBSTW-00994	2742676	S	144	148	292	0.00002	0.00001	0.00000	0.00001	53	4.0
Enterobacter sp. SA187	1914861	S	131	134	265	0.00002	0.00001	0.00001	0.00001	58	nan
Enterobacter sp. C2	2870346	S	102	104	206	0.00001	0.00001	0.00000	0.00001	59	4.0
Enterobacter mori	539813	S	21837	25193	47030	0.00323	0.00173	0.00155	0.00151	57	nan
Enterobacter hormaechei	158836	S	2541	25017	27558	0.00189	0.00172	0.00154	0.00150	57	nan
Enterobacter cloacae complex sp.	2027919	S	190	1766	1956	0.00013	0.00012	0.00011	0.00011	58	nan
Enterobacter cloacae	550	S	1116	1831	2947	0.00020	0.00013	0.00011	0.00011	57	nan
Enterobacter asburiae	61645	S	982	2877	3859	0.00026	0.00020	0.00018	0.00017	58	nan
Enterobacter roggenkampii	1812935	S	686	1183	1869	0.00013	0.00008	0.00007	0.00007	58	nan
Enterobacter kobei	208224	S	415	1948	2363	0.00016	0.00013	0.00012	0.00012	57	nan
Enterobacter ludwigii	299767	S	339	1474	1813	0.00012	0.00010	0.00009	0.00009	57	nan
Enterobacter cancerogenus	69218	S	302	324	626	0.00004	0.00002	0.00002	0.00002	58	nan
Enterobacter chuandaensis	2497875	S	158	203	361	0.00002	0.00001	0.00001	0.00001	58	nan
Enterobacter chengduensis	2494701	S	143	203	346	0.00002	0.00001	0.00001	0.00001	58	nan
Enterobacter sichuanensis	2071710	S	126	150	276	0.00002	0.00001	0.00001	0.00001	57	nan
Enterobacter bugandensis	881260	S	219	396	615	0.00004	0.00003	0.00002	0.00002	58	nan
Enterobacter huaxiensis	2494702	S	193	209	402	0.00003	0.00001	0.00001	0.00001	59	nan
Enterobacter oligotrophicus	2478464	S	148	156	304	0.00002	0.00001	0.00000	0.00001	56	5.0
Citrobacter sp. RHBSTW-00570	2742655	S	3350	69987	73337	0.00504	0.00481	0.00435	0.00415	54	nan
Citrobacter sp. S39	2660638	S	1337	42691	44028	0.00302	0.00293	0.00266	0.00253	54	nan
Citrobacter sp. RHB25-C09	2742624	S	205	212	417	0.00003	0.00001	0.00001	0.00001	55	nan
Citrobacter sp. S171	2971264	S	141	182	323	0.00002	0.00001	0.00000	0.00001	55	5.0
Citrobacter sp. R56	1573676	S	131	173	304	0.00002	0.00001	0.00000	0.00001	55	5.0
Citrobacter portucalensis	1639133	S	2172	4866	7038	0.00048	0.00033	0.00030	0.00029	54	nan
Citrobacter freundii	546	S	1809	7074	8883	0.00061	0.00049	0.00044	0.00042	54	nan
Citrobacter werkmanii	67827	S	754	2300	3054	0.00021	0.00016	0.00014	0.00014	54	nan
Citrobacter braakii	57706	S	691	6583	7274	0.00050	0.00045	0.00041	0.00039	54	nan
Citrobacter freundii complex sp. CFNIH2	2066049	S	100	200	300	0.00002	0.00001	0.00001	0.00001	55	nan
Citrobacter farmeri	67824	S	5510	6190	11700	0.00080	0.00043	0.00038	0.00037	55	nan
Citrobacter amalonaticus	35703	S	452	1933	2385	0.00016	0.00013	0.00012	0.00011	55	nan
Citrobacter arsenatis	2546350	S	329	399	728	0.00005	0.00003	0.00002	0.00002	55	nan
Citrobacter koseri	545	S	253	546	799	0.00005	0.00004	0.00003	0.00003	55	nan
Citrobacter cronae	1748967	S	248	2351	2599	0.00018	0.00016	0.00015	0.00014	54	nan
Citrobacter rodentium	67825	S	214	306	520	0.00004	0.00002	0.00000	0.00002	57	5.0
Citrobacter tructae	2562449	S	211	227	438	0.00003	0.00002	0.00001	0.00001	53	nan
Citrobacter pasteurii	1563222	S	158	319	477	0.00003	0.00002	0.00002	0.00002	54	nan
secondary endosymbiont of Ctenarytaina eucalypti	1199245	S	52325	52377	104702	0.00719	0.00360	0.00338	0.00327	46	nan
Blochmannia endosymbiont of Camponotus modoc	2945587	S	23714	24156	47870	0.00329	0.00166	0.00211	0.00214	31	nan
Blochmannia endosymbiont of Camponotus (Colobopsis) obliquus	1505597	S	7485	7488	14973	0.00103	0.00051	0.00065	0.00075	31	nan
Blochmannia endosymbiont of Camponotus sp. C-003	2945588	S	2013	7754	9767	0.00067	0.00053	0.00068	0.00068	31	nan
Blochmannia endosymbiont of Colobopsis nipponica	2681987	S	129	129	258	0.00002	0.00001	0.00000	0.00001	31	4.0
Candidatus Doolittlea endobia	1778262	S	13346	13363	26709	0.00183	0.00092	0.00085	0.00082	47	nan
Candidatus Purcelliella pentastirinorum	472834	S	104	104	208	0.00001	0.00001	0.00000	0.00002	23	4.0
Klebsiella africana	2489010	S	23729	27275	51004	0.00350	0.00187	0.00170	0.00166	59	nan
Klebsiella sp. A52	2834819	S	16098	23933	40031	0.00275	0.00164	0.00152	0.00144	57	nan
Klebsiella sp. WP8-S18-ESBL-06	2675726	S	427	2824	3251	0.00022	0.00019	0.00000	0.00017	57	5.0
Klebsiella sp. WP3-W18-ESBL-02	2675710	S	170	917	1087	0.00007	0.00006	0.00000	0.00006	57	5.0
Klebsiella pneumoniae	573	S	997	7012	8009	0.00055	0.00048	0.00050	0.00043	58	nan
Klebsiella aerogenes	548	S	775	850	1625	0.00011	0.00006	0.00000	0.00005	57	5.0
Klebsiella oxytoca	571	S	488	534	1022	0.00007	0.00004	0.00000	0.00003	57	5.0
Klebsiella michiganensis	1134687	S	485	835	1320	0.00009	0.00006	0.00006	0.00005	58	nan
Klebsiella huaxiensis	2153354	S	480	505	985	0.00007	0.00003	0.00000	0.00003	56	5.0
Klebsiella quasipneumoniae	1463165	S	434	937	1371	0.00009	0.00006	0.00000	0.00006	59	5.0
Klebsiella variicola	244366	S	273	786	1059	0.00007	0.00005	0.00000	0.00005	59	5.0
Klebsiella grimontii	2058152	S	112	365	477	0.00003	0.00003	0.00002	0.00002	58	nan
Raoultella ornithinolytica	54291	S	349	814	1163	0.00008	0.00006	0.00000	0.00005	57	5.0
Raoultella planticola	575	S	161	182	343	0.00002	0.00001	0.00000	0.00001	57	5.0
Raoultella terrigena	577	S	124	130	254	0.00002	0.00001	0.00000	0.00001	59	4.0
Salmonella enterica	28901	S	6292	68777	75069	0.00515	0.00472	0.00429	0.00410	54	nan
Salmonella bongori	54736	S	479	705	1184	0.00008	0.00005	0.00004	0.00004	53	nan
Lelliottia amnigena	61646	S	23997	25640	49637	0.00341	0.00176	0.00157	0.00151	55	nan
Escherichia coli	562	S	1781	8440	10221	0.00070	0.00058	0.00000	0.00050	54	5.0
Escherichia albertii	208962	S	277	299	576	0.00004	0.00002	0.00000	0.00002	52	5.0
Escherichia fergusonii	564	S	134	203	337	0.00002	0.00001	0.00000	0.00001	52	5.0
Escherichia marmotae	1499973	S	113	120	233	0.00002	0.00001	0.00000	0.00001	52	5.0
Kosakonia cowanii	208223	S	149	269	418	0.00003	0.00002	0.00000	0.00002	58	4.0
Kosakonia sacchari	1158459	S	136	192	328	0.00002	0.00001	0.00000	0.00001	56	4.0
Kosakonia arachidis	551989	S	126	146	272	0.00002	0.00001	0.00000	0.00001	55	4.0
Kosakonia pseudosacchari	1646340	S	108	157	265	0.00002	0.00001	0.00000	0.00001	56	4.0
Leclercia adecarboxylata	83655	S	235	496	731	0.00005	0.00003	0.00000	0.00003	58	4.0
Cronobacter sakazakii	28141	S	170	303	473	0.00003	0.00002	0.00000	0.00002	59	4.0
Cedecea neteri	158822	S	271	296	567	0.00004	0.00002	0.00000	0.00002	57	4.0
Buttiauxella agrestis	82977	S	104	234	338	0.00002	0.00002	0.00000	0.00001	52	4.0
[Enterobacter] lignolyticus	1334193	S	181	184	365	0.00003	0.00001	0.00000	0.00001	60	4.0
Pluralibacter gergoviae	61647	S	102	106	208	0.00001	0.00001	0.00000	0.00001	62	4.0
Atlantibacter hermannii	565	S	173	176	349	0.00002	0.00001	0.00000	0.00001	56	4.0
Pseudocitrobacter corydidari	2891570	S	244	249	493	0.00003	0.00002	0.00000	0.00001	56	5.0
Candidatus Profftia lariciata	1987921	S	106	109	215	0.00001	0.00001	0.00000	0.00002	12	3.0
Candidatus Ishikawaella capsulata	168169	S	154	154	308	0.00002	0.00001	0.00000	0.00001	29	4.0
Yokenella regensburgei	158877	S	133	137	270	0.00002	0.00001	0.00000	0.00001	57	5.0
Trabulsiella odontotermitis	379893	S	127	134	261	0.00002	0.00001	0.00000	0.00001	57	4.0
Yersinia massiliensis	419257	S	35813	72941	108754	0.00747	0.00501	0.00454	0.00436	50	nan
Yersinia sp. SCPM-O-B-9106 (C-191)	2992843	S	12776	23406	36182	0.00248	0.00161	0.00147	0.00140	50	nan
Yersinia sp. KBS0713	1179669	S	864	1996	2860	0.00020	0.00014	0.00013	0.00012	50	nan
Yersinia frederiksenii	29484	S	11256	15976	27232	0.00187	0.00110	0.00100	0.00096	49	nan
Yersinia enterocolitica	630	S	5674	6350	12024	0.00083	0.00044	0.00039	0.00038	49	nan
Yersinia mollaretii	33060	S	5328	5475	10803	0.00074	0.00038	0.00000	0.00033	51	5.0
Yersinia rochesterensis	1604335	S	5260	9099	14359	0.00099	0.00062	0.00058	0.00055	49	nan
Yersinia aleksiciae	263819	S	4851	5011	9862	0.00068	0.00034	0.00000	0.00030	51	5.0
Yersinia hibernica	2339259	S	3238	3342	6580	0.00045	0.00023	0.00021	0.00020	50	nan
Yersinia similis	367190	S	829	935	1764	0.00012	0.00006	0.00006	0.00006	49	nan
Yersinia pseudotuberculosis	633	S	442	1809	2251	0.00015	0.00012	0.00011	0.00011	49	nan
Yersinia canariae	2607663	S	2296	2386	4682	0.00032	0.00016	0.00015	0.00014	49	nan
Yersinia alsatica	2890317	S	2117	2199	4316	0.00030	0.00015	0.00014	0.00013	49	nan
Yersinia kristensenii	28152	S	1983	2103	4086	0.00028	0.00014	0.00013	0.00013	49	nan
Yersinia rohdei	29485	S	1875	1917	3792	0.00026	0.00013	0.00012	0.00012	49	nan
Yersinia aldovae	29483	S	1705	1758	3463	0.00024	0.00012	0.00011	0.00011	49	nan
Yersinia ruckeri	29486	S	1285	1307	2592	0.00018	0.00009	0.00000	0.00008	50	5.0
Yersinia intermedia	631	S	1195	2206	3401	0.00023	0.00015	0.00014	0.00013	50	nan
Yersinia entomophaga	935293	S	659	670	1329	0.00009	0.00005	0.00000	0.00004	50	5.0
Yersinia bercovieri	634	S	399	949	1348	0.00009	0.00007	0.00006	0.00006	50	nan
Serratia proteamaculans	28151	S	33135	36059	69194	0.00475	0.00248	0.00224	0.00215	57	nan
Serratia quinivorans	137545	S	20966	22186	43152	0.00296	0.00152	0.00137	0.00132	57	nan
Serratia grimesii	82995	S	2208	2267	4475	0.00031	0.00016	0.00000	0.00013	54	4.0
Serratia plymuthica	82996	S	1211	1362	2573	0.00018	0.00009	0.00000	0.00008	59	5.0
Serratia liquefaciens	614	S	994	1219	2213	0.00015	0.00008	0.00000	0.00007	58	5.0
Serratia marcescens	615	S	740	1426	2166	0.00015	0.00010	0.00000	0.00009	60	5.0
Serratia sp. UGAL515B_01	2986763	S	155	191	346	0.00002	0.00001	0.00000	0.00001	50	4.0
Serratia entomophila	42906	S	354	394	748	0.00005	0.00003	0.00000	0.00002	61	5.0
Serratia odorifera	618	S	319	323	642	0.00004	0.00002	0.00000	0.00002	58	4.0
Serratia fonticola	47917	S	175	208	383	0.00003	0.00001	0.00000	0.00001	56	5.0
Serratia inhibens	2338073	S	172	183	355	0.00002	0.00001	0.00000	0.00001	58	5.0
Serratia symbiotica	138074	S	151	151	302	0.00002	0.00001	0.00000	0.00001	54	4.0
Pectobacterium odoriferum	78398	S	41100	46267	87367	0.00600	0.00318	0.00292	0.00275	54	nan
Pectobacterium carotovorum	554	S	23660	30881	54541	0.00374	0.00212	0.00188	0.00183	54	nan
Pectobacterium versatile	2488639	S	8096	11736	19832	0.00136	0.00081	0.00073	0.00070	54	nan
Pectobacterium brasiliense	180957	S	3482	4191	7673	0.00053	0.00029	0.00027	0.00025	55	nan
Pectobacterium actinidiae	1507808	S	2785	2882	5667	0.00039	0.00020	0.00018	0.00017	54	nan
Pectobacterium sp. A5351	2914983	S	1642	1737	3379	0.00023	0.00012	0.00000	0.00010	54	4.0
Pectobacterium sp. PL64	2738983	S	858	948	1806	0.00012	0.00007	0.00006	0.00006	54	nan
Pectobacterium sp. F1-1	2949614	S	169	232	401	0.00003	0.00002	0.00001	0.00001	54	nan
Pectobacterium parvum	2778550	S	1941	2262	4203	0.00029	0.00016	0.00014	0.00013	54	nan
Pectobacterium polaris	2042057	S	1716	1896	3612	0.00025	0.00013	0.00012	0.00011	54	nan
Pectobacterium polonicum	2485124	S	1458	1517	2975	0.00020	0.00010	0.00010	0.00009	54	nan
Pectobacterium atrosepticum	29471	S	1408	1437	2845	0.00020	0.00010	0.00000	0.00009	54	5.0
Pectobacterium aquaticum	2204145	S	1014	1238	2252	0.00015	0.00009	0.00008	0.00007	54	nan
Pectobacterium quasiaquaticum	2774015	S	948	1093	2041	0.00014	0.00008	0.00007	0.00006	54	nan
Pectobacterium aroidearum	1201031	S	937	1351	2288	0.00016	0.00009	0.00009	0.00008	54	nan
Pectobacterium parmentieri	1905730	S	889	920	1809	0.00012	0.00006	0.00000	0.00005	54	5.0
Pectobacterium punjabense	2108399	S	522	542	1064	0.00007	0.00004	0.00003	0.00003	52	nan
Pectobacterium wasabiae	55208	S	411	424	835	0.00006	0.00003	0.00003	0.00003	53	nan
Pectobacterium cacticida	69221	S	390	392	782	0.00005	0.00003	0.00000	0.00002	51	5.0
Pectobacterium colocasium	2878098	S	372	496	868	0.00006	0.00003	0.00003	0.00003	54	nan
Dickeya fangzhongdai	1778540	S	17713	37076	54789	0.00376	0.00255	0.00238	0.00226	59	nan
Dickeya zeae	204042	S	212	243	455	0.00003	0.00002	0.00000	0.00001	56	4.0
Dickeya dadantii	204038	S	144	162	306	0.00002	0.00001	0.00001	0.00001	59	nan
Dickeya chrysanthemi	556	S	113	130	243	0.00002	0.00001	0.00000	0.00001	57	5.0
Dickeya dianthicola	204039	S	104	115	219	0.00002	0.00001	0.00001	0.00001	59	nan
Pantoea sp. X85	3037258	S	22170	35783	57953	0.00398	0.00246	0.00222	0.00213	57	nan
Pantoea sp. MT58	2768165	S	6905	12825	19730	0.00135	0.00088	0.00080	0.00076	56	nan
Pantoea sp. Nvir	2576760	S	1519	1519	3038	0.00021	0.00010	0.00000	0.00011	42	5.0
Pantoea sp. Lij88	3028622	S	386	405	791	0.00005	0.00003	0.00000	0.00002	57	5.0
Pantoea sp. Z09	2886821	S	180	185	365	0.00003	0.00001	0.00000	0.00001	62	4.0
Pantoea sp. SOD02	2970818	S	117	120	237	0.00002	0.00001	0.00000	0.00001	56	4.0
Pantoea eucalypti	470933	S	7664	13697	21361	0.00147	0.00094	0.00085	0.00081	56	nan
Pantoea agglomerans	549	S	1594	1712	3306	0.00023	0.00012	0.00000	0.00010	57	4.0
Candidatus Pantoea edessiphila	2044610	S	729	729	1458	0.00010	0.00005	0.00000	0.00007	31	5.0
Pantoea ananatis	553	S	431	442	873	0.00006	0.00003	0.00000	0.00003	55	4.0
Pantoea vagans	470934	S	380	459	839	0.00006	0.00003	0.00000	0.00003	56	5.0
Pantoea dispersa	59814	S	323	329	652	0.00004	0.00002	0.00000	0.00002	60	4.0
Pantoea piersonii	2364647	S	296	303	599	0.00004	0.00002	0.00000	0.00002	59	4.0
Candidatus Pantoea carbekii	1235990	S	256	256	512	0.00004	0.00002	0.00000	0.00002	34	4.0
Pantoea anthophila	470931	S	206	210	416	0.00003	0.00001	0.00000	0.00001	59	4.0
Pantoea deleyi	470932	S	153	156	309	0.00002	0.00001	0.00000	0.00001	60	4.0
Pantoea stewartii	66269	S	118	122	240	0.00002	0.00001	0.00000	0.00001	55	4.0
Pantoea eucrina	472693	S	116	120	236	0.00002	0.00001	0.00000	0.00001	58	4.0
Buchnera aphidicola	9	S	2800	2732	5532	0.00038	0.00019	0.00000	0.00031	26	5.0
Candidatus Erwinia haradaeae	1922217	S	595	598	1193	0.00008	0.00004	0.00000	0.00005	36	5.0
Erwinia tracheiphila	65700	S	103	251	354	0.00002	0.00002	0.00000	0.00002	51	4.0
Tatumella ptyseos	82987	S	151	155	306	0.00002	0.00001	0.00000	0.00001	50	4.0
Tatumella citrea	53336	S	119	123	242	0.00002	0.00001	0.00000	0.00001	50	4.0
Duffyella gerundensis	1619313	S	107	113	220	0.00002	0.00001	0.00000	0.00001	56	4.0
Jinshanibacter zhutongyuii	2498113	S	42119	42364	84483	0.00580	0.00291	0.00267	0.00257	48	nan
Providencia rustigianii	158850	S	21064	24246	45310	0.00311	0.00166	0.00164	0.00155	42	nan
Providencia alcalifaciens	126385	S	529	669	1198	0.00008	0.00005	0.00000	0.00004	44	5.0
Providencia rettgeri	587	S	433	11943	12376	0.00085	0.00082	0.00081	0.00077	42	nan
Providencia heimbachae	333962	S	231	283	514	0.00004	0.00002	0.00000	0.00002	43	5.0
Proteus vulgaris	585	S	211	422	633	0.00004	0.00003	0.00000	0.00003	40	4.0
Proteus mirabilis	584	S	195	225	420	0.00003	0.00002	0.00000	0.00001	41	4.0
Moellerella wisconsensis	158849	S	390	535	925	0.00006	0.00004	0.00000	0.00003	42	4.0
Candidatus Arsenophonus lipoptenae	634113	S	111	198	309	0.00002	0.00001	0.00000	0.00002	27	4.0
Morganella morganii	582	S	159	164	323	0.00002	0.00001	0.00000	0.00001	54	4.0
Edwardsiella tarda	636	S	265	299	564	0.00004	0.00002	0.00000	0.00002	60	4.0
Hafnia paralvei	546367	S	115	206	321	0.00002	0.00001	0.00000	0.00001	50	5.0
Pseudomonas sp. DR48	2871095	S	31435	33623	65058	0.00447	0.00231	0.00212	0.00205	60	nan
Pseudomonas sp. ADAK13	2730847	S	27720	29195	56915	0.00391	0.00200	0.00188	0.00182	63	nan
Pseudomonas sp. WJP1	2986947	S	21428	22231	43659	0.00300	0.00153	0.00141	0.00137	62	nan
Pseudomonas sp. B21-019	2895475	S	21384	28717	50101	0.00344	0.00197	0.00183	0.00177	61	nan
Pseudomonas sp. NyZ704	3076762	S	20994	21152	42146	0.00289	0.00145	0.00132	0.00126	59	nan
Pseudomonas sp. HTZ2	3075220	S	18479	50421	68900	0.00473	0.00346	0.00364	0.00328	64	nan
Pseudomonas sp. R3-18-08	1173283	S	18244	31754	49998	0.00343	0.00218	0.00202	0.00197	62	nan
Pseudomonas sp. SL4(2022)	2994661	S	17040	17193	34233	0.00235	0.00118	0.00110	0.00105	61	nan
Pseudomonas sp. R4-35-07	658643	S	11931	33916	45847	0.00315	0.00233	0.00216	0.00211	62	nan
Pseudomonas sp. MM227	3019968	S	11533	11707	23240	0.00160	0.00080	0.00078	0.00075	64	nan
Pseudomonas sp. LTJR-52	2479392	S	8785	9506	18291	0.00126	0.00065	0.00000	0.00056	56	4.0
Pseudomonas sp. TCU-HL1	1856685	S	4391	4439	8830	0.00061	0.00030	0.00029	0.00029	65	nan
Pseudomonas sp. Q1-7	3020843	S	3971	4087	8058	0.00055	0.00028	0.00033	0.00028	67	nan
Pseudomonas sp. GM17	1144323	S	3710	6134	9844	0.00068	0.00042	0.00044	0.00040	64	nan
Pseudomonas sp. DY-1	1755504	S	3289	3320	6609	0.00045	0.00023	0.00000	0.00021	64	5.0
Pseudomonas sp. PP3	2815936	S	2796	2993	5789	0.00040	0.00021	0.00000	0.00018	61	4.0
Pseudomonas sp. B21-040	2895486	S	2369	2444	4813	0.00033	0.00017	0.00000	0.00015	61	5.0
Pseudomonas sp. MPC6	2498848	S	2351	2441	4792	0.00033	0.00017	0.00000	0.00015	62	5.0
Pseudomonas sp. S34	1573718	S	2215	2311	4526	0.00031	0.00016	0.00000	0.00014	62	5.0
Pseudomonas sp. 31-12	2201356	S	1462	1545	3007	0.00021	0.00011	0.00000	0.00009	61	4.0
Pseudomonas sp. URMO17WK12:I11	1283291	S	1444	1862	3306	0.00023	0.00013	0.00000	0.00012	62	5.0
Pseudomonas sp. ACM7	2052956	S	933	1007	1940	0.00013	0.00007	0.00000	0.00006	60	4.0
Pseudomonas sp. N3-W	2975049	S	844	866	1710	0.00012	0.00006	0.00000	0.00005	61	5.0
Pseudomonas sp. MM213	2866807	S	757	875	1632	0.00011	0.00006	0.00000	0.00005	61	4.0
Pseudomonas sp. B21-015	2895473	S	649	690	1339	0.00009	0.00005	0.00000	0.00004	61	4.0
Pseudomonas sp. UW4	1207075	S	628	774	1402	0.00010	0.00005	0.00000	0.00005	61	5.0
Pseudomonas sp. BIOMIG1BAC	1758730	S	539	984	1523	0.00010	0.00007	0.00007	0.00006	64	nan
Pseudomonas sp. B21-053	2895493	S	526	569	1095	0.00008	0.00004	0.00000	0.00003	61	4.0
Pseudomonas sp. B21-048	2895490	S	487	518	1005	0.00007	0.00004	0.00000	0.00003	60	4.0
Pseudomonas sp. LFM046	1608357	S	476	476	952	0.00007	0.00003	0.00003	0.00003	64	nan
Pseudomonas sp. NIBR-H-19	2901380	S	475	495	970	0.00007	0.00003	0.00000	0.00003	60	4.0
Pseudomonas sp. RC3H12	2834406	S	474	666	1140	0.00008	0.00005	0.00000	0.00004	65	5.0
Pseudomonas sp. FP2196	2954086	S	458	478	936	0.00006	0.00003	0.00000	0.00003	61	4.0
Pseudomonas sp. FP1742	2954079	S	448	513	961	0.00007	0.00004	0.00000	0.00003	61	5.0
Pseudomonas sp. LS1212	2972478	S	438	442	880	0.00006	0.00003	0.00000	0.00003	62	5.0
Pseudomonas sp. Seg1	2678259	S	410	431	841	0.00006	0.00003	0.00000	0.00003	61	4.0
Pseudomonas sp. DTU12.3	2073078	S	399	421	820	0.00006	0.00003	0.00000	0.00003	61	4.0
Pseudomonas sp. CP-1	2902622	S	382	3791	4173	0.00029	0.00026	0.00026	0.00025	65	nan
Pseudomonas sp. B21-056	2895495	S	379	395	774	0.00005	0.00003	0.00000	0.00002	62	5.0
Pseudomonas sp. Ost2	2678260	S	330	335	665	0.00005	0.00002	0.00002	0.00002	64	nan
Pseudomonas sp. PIA16	2931382	S	305	307	612	0.00004	0.00002	0.00000	0.00002	64	5.0
Pseudomonas sp. Cab53	2678258	S	305	317	622	0.00004	0.00002	0.00002	0.00002	64	nan
Pseudomonas sp. SCB32	2653853	S	302	311	613	0.00004	0.00002	0.00000	0.00002	67	5.0
Pseudomonas sp. PSE14	3016341	S	299	309	608	0.00004	0.00002	0.00000	0.00002	67	4.0
Pseudomonas sp. FP198	2954084	S	295	303	598	0.00004	0.00002	0.00000	0.00002	62	5.0
Pseudomonas sp. BW7P1	2973088	S	292	305	597	0.00004	0.00002	0.00000	0.00002	62	4.0
Pseudomonas sp. 7SR1	1881017	S	281	286	567	0.00004	0.00002	0.00002	0.00002	63	nan
Pseudomonas sp. Tri1	2823875	S	273	289	562	0.00004	0.00002	0.00000	0.00002	62	5.0
Pseudomonas sp. LS44	1357074	S	267	268	535	0.00004	0.00002	0.00002	0.00002	64	nan
Pseudomonas sp. ADAK18	2730848	S	256	261	517	0.00004	0.00002	0.00000	0.00002	60	4.0
Pseudomonas sp. ZM23	2961893	S	255	267	522	0.00004	0.00002	0.00000	0.00002	65	4.0
Pseudomonas sp. SK3(2021)	2841064	S	252	296	548	0.00004	0.00002	0.00002	0.00002	64	nan
Pseudomonas sp. A34-9	3034675	S	246	264	510	0.00004	0.00002	0.00000	0.00002	61	4.0
Pseudomonas sp. SCA2728.1_7	2825975	S	231	267	498	0.00003	0.00002	0.00000	0.00002	61	4.0
Pseudomonas sp. G2-4	1506334	S	227	238	465	0.00003	0.00002	0.00000	0.00001	62	5.0
Pseudomonas sp. BSw22131	3002903	S	224	225	449	0.00003	0.00002	0.00000	0.00001	60	4.0
Pseudomonas sp. L5B5	2883205	S	217	222	439	0.00003	0.00002	0.00000	0.00001	65	5.0
Pseudomonas sp. SO81	2983246	S	212	215	427	0.00003	0.00001	0.00000	0.00001	67	5.0
Pseudomonas sp. AO-1	2855434	S	209	258	467	0.00003	0.00002	0.00000	0.00002	61	5.0
Pseudomonas sp. HLS-6	2049589	S	204	210	414	0.00003	0.00001	0.00000	0.00001	61	4.0
Pseudomonas sp. HS6	2850559	S	199	214	413	0.00003	0.00001	0.00000	0.00001	62	5.0
Pseudomonas sp. PMCC200344	3042028	S	195	411	606	0.00004	0.00003	0.00000	0.00003	61	5.0
Pseudomonas sp. B21-054	2895494	S	192	206	398	0.00003	0.00001	0.00000	0.00001	62	5.0
Pseudomonas sp. FP597	2954096	S	190	199	389	0.00003	0.00001	0.00000	0.00001	62	5.0
Pseudomonas sp. B21-051	2895491	S	188	212	400	0.00003	0.00001	0.00000	0.00001	62	4.0
Pseudomonas sp. CC6-YY-74	1930532	S	184	184	368	0.00003	0.00001	0.00001	0.00001	63	nan
Pseudomonas sp. TUM22785	3019098	S	184	214	398	0.00003	0.00001	0.00000	0.00001	68	5.0
Pseudomonas sp. T1-3-2	2908006	S	174	177	351	0.00002	0.00001	0.00000	0.00001	64	5.0
Pseudomonas sp. R84	1573712	S	173	195	368	0.00003	0.00001	0.00000	0.00001	61	4.0
Pseudomonas sp. PDNC002	2811422	S	173	180	353	0.00002	0.00001	0.00000	0.00001	66	4.0
Pseudomonas sp. B21-044	2895488	S	168	1042	1210	0.00008	0.00007	0.00007	0.00007	63	nan
Pseudomonas sp. FP215	2738126	S	167	325	492	0.00003	0.00002	0.00000	0.00002	62	5.0
Pseudomonas sp. J452	2898441	S	165	169	334	0.00002	0.00001	0.00001	0.00001	65	nan
Pseudomonas sp. DTU_2021_1001937_2_SI_NGA_ILE_001	3077589	S	164	165	329	0.00002	0.00001	0.00000	0.00001	65	5.0
Pseudomonas sp. Lz4W	1206777	S	163	166	329	0.00002	0.00001	0.00000	0.00001	60	4.0
Pseudomonas sp. FP1740	2954078	S	163	233	396	0.00003	0.00002	0.00000	0.00001	61	5.0
Pseudomonas sp. IzPS59	2774459	S	162	183	345	0.00002	0.00001	0.00000	0.00001	62	5.0
Pseudomonas sp. S09G 359	2054919	S	160	168	328	0.00002	0.00001	0.00000	0.00001	62	5.0
Pseudomonas sp. KU43P	2487887	S	159	163	322	0.00002	0.00001	0.00001	0.00001	64	nan
Pseudomonas sp. B21-028	2895480	S	159	169	328	0.00002	0.00001	0.00000	0.00001	63	5.0
Pseudomonas sp. PMCC200367	3042029	S	159	341	500	0.00003	0.00002	0.00000	0.00002	61	5.0
Pseudomonas sp. ATCC 13867	1294143	S	156	162	318	0.00002	0.00001	0.00000	0.00001	66	4.0
Pseudomonas sp. DG56-2	2320270	S	156	158	314	0.00002	0.00001	0.00000	0.00001	60	4.0
Pseudomonas sp. FP453	2954094	S	155	163	318	0.00002	0.00001	0.00000	0.00001	63	5.0
Pseudomonas sp. 273	75692	S	154	164	318	0.00002	0.00001	0.00000	0.00001	69	4.0
Pseudomonas sp. GCEP-101	2974552	S	149	154	303	0.00002	0.00001	0.00000	0.00001	67	4.0
Pseudomonas sp. D3	517398	S	149	156	305	0.00002	0.00001	0.00000	0.00001	62	5.0
Pseudomonas sp. R5-89-07	658644	S	148	157	305	0.00002	0.00001	0.00000	0.00001	62	5.0
Pseudomonas sp. CCOS 191	1649877	S	146	179	325	0.00002	0.00001	0.00000	0.00001	65	5.0
Pseudomonas sp. MIL9	2807620	S	143	148	291	0.00002	0.00001	0.00000	0.00001	61	4.0
Pseudomonas sp. FP2335	2954092	S	141	148	289	0.00002	0.00001	0.00000	0.00001	62	5.0
Pseudomonas sp. S35	1573719	S	140	147	287	0.00002	0.00001	0.00000	0.00001	62	5.0
Pseudomonas sp. FP2338	2954093	S	137	148	285	0.00002	0.00001	0.00000	0.00001	62	5.0
Pseudomonas sp. p1(2021b)	2874628	S	136	149	285	0.00002	0.00001	0.00001	0.00001	65	nan
Pseudomonas sp. B21-023	2895477	S	136	703	839	0.00006	0.00005	0.00005	0.00004	63	nan
Pseudomonas sp. LG1E9	2219057	S	134	142	276	0.00002	0.00001	0.00000	0.00001	62	5.0
Pseudomonas sp. MM211	2866808	S	134	134	268	0.00002	0.00001	0.00000	0.00001	63	5.0
Pseudomonas sp. B21-021	2895476	S	133	158	291	0.00002	0.00001	0.00000	0.00001	62	5.0
Pseudomonas sp. FP2309	2954091	S	132	137	269	0.00002	0.00001	0.00000	0.00001	62	5.0
Pseudomonas sp. M30-35	1981174	S	131	131	262	0.00002	0.00001	0.00000	0.00001	55	4.0
Pseudomonas sp. StFLB209	1028989	S	130	131	261	0.00002	0.00001	0.00000	0.00001	62	5.0
Pseudomonas sp. BT-42-2	2986927	S	128	129	257	0.00002	0.00001	0.00000	0.00001	63	5.0
Pseudomonas sp. FP1935	2954082	S	126	234	360	0.00002	0.00002	0.00000	0.00001	61	5.0
Pseudomonas sp. B11D7D	2735906	S	125	128	253	0.00002	0.00001	0.00000	0.00001	63	5.0
Pseudomonas sp. Leaf58	1736226	S	125	127	252	0.00002	0.00001	0.00000	0.00001	62	4.0
Pseudomonas sp. PSKL.D1	3029060	S	124	126	250	0.00002	0.00001	0.00000	0.00001	63	5.0
Pseudomonas sp. Z003-0.4C(8344-21)	1855380	S	124	149	273	0.00002	0.00001	0.00000	0.00001	61	4.0
Pseudomonas sp. KNUC1026	2893890	S	120	120	240	0.00002	0.00001	0.00000	0.00001	65	4.0
Pseudomonas sp. KU26590	2991051	S	120	121	241	0.00002	0.00001	0.00000	0.00001	62	5.0
Pseudomonas sp. St316	2678257	S	117	129	246	0.00002	0.00001	0.00000	0.00001	62	5.0
Pseudomonas sp. OE 28.3	2745519	S	116	125	241	0.00002	0.00001	0.00000	0.00001	61	4.0
Pseudomonas sp. HN11	1344094	S	115	120	235	0.00002	0.00001	0.00000	0.00001	61	4.0
Pseudomonas sp. FP1962	2954083	S	113	208	321	0.00002	0.00001	0.00000	0.00001	61	5.0
Pseudomonas sp. SG20056	3074146	S	112	113	225	0.00002	0.00001	0.00000	0.00001	61	4.0
Pseudomonas sp. SG20052	3074147	S	110	212	322	0.00002	0.00001	0.00000	0.00001	62	5.0
Pseudomonas sp. LPB0260	2614442	S	109	110	219	0.00002	0.00001	0.00000	0.00001	67	4.0
Pseudomonas sp. ABC1	2748080	S	107	107	214	0.00001	0.00001	0.00000	0.00001	64	5.0
Pseudomonas sp.	306	S	106	115	221	0.00002	0.00001	0.00000	0.00001	63	5.0
Pseudomonas sp. 3-2	2867408	S	105	146	251	0.00002	0.00001	0.00000	0.00001	62	5.0
Pseudomonas sp. B14-6	2738843	S	102	228	330	0.00002	0.00002	0.00000	0.00001	62	5.0
Pseudomonas sp. RtIB026	2749999	S	100	112	212	0.00001	0.00001	0.00000	0.00001	66	5.0
Pseudomonas fragi	296	S	26072	28835	54907	0.00377	0.00198	0.00000	0.00176	60	5.0
Pseudomonas lundensis	86185	S	14458	14633	29091	0.00200	0.00100	0.00092	0.00089	60	nan
Pseudomonas chlororaphis	587753	S	1279	1748	3027	0.00021	0.00012	0.00013	0.00011	65	nan
Pseudomonas protegens	380021	S	423	556	979	0.00007	0.00004	0.00004	0.00004	65	nan
Pseudomonas aeruginosa	287	S	24566	83414	107980	0.00741	0.00573	0.00690	0.00561	66	nan
Pseudomonas resinovorans	53412	S	3356	3492	6848	0.00047	0.00024	0.00000	0.00024	67	5.0
Pseudomonas furukawaii	1149133	S	2437	2490	4927	0.00034	0.00017	0.00000	0.00017	67	5.0
Pseudomonas alcaligenes	43263	S	265	276	541	0.00004	0.00002	0.00000	0.00002	67	5.0
Pseudomonas mendocina	300	S	237	253	490	0.00003	0.00002	0.00002	0.00002	64	nan
Pseudomonas citronellolis	53408	S	222	286	508	0.00003	0.00002	0.00000	0.00002	69	5.0
Pseudomonas palleroniana	191390	S	18554	19049	37603	0.00258	0.00131	0.00121	0.00118	62	nan
Pseudomonas umsongensis	198618	S	17785	18359	36144	0.00248	0.00126	0.00000	0.00112	61	5.0
Pseudomonas fluorescens	294	S	5001	5684	10685	0.00073	0.00039	0.00000	0.00035	62	5.0
Pseudomonas synxantha	47883	S	1540	1858	3398	0.00023	0.00013	0.00000	0.00011	61	5.0
Pseudomonas migulae	78543	S	382	444	826	0.00006	0.00003	0.00000	0.00003	61	4.0
Pseudomonas orientalis	76758	S	336	356	692	0.00005	0.00002	0.00000	0.00002	62	5.0
Pseudomonas mandelii	75612	S	286	530	816	0.00006	0.00004	0.00000	0.00003	62	5.0
Pseudomonas corrugata	47879	S	271	284	555	0.00004	0.00002	0.00000	0.00002	62	4.0
Pseudomonas rhodesiae	76760	S	231	245	476	0.00003	0.00002	0.00000	0.00002	62	5.0
Pseudomonas granadensis	1421430	S	220	246	466	0.00003	0.00002	0.00000	0.00002	62	4.0
Pseudomonas koreensis	198620	S	209	291	500	0.00003	0.00002	0.00000	0.00002	62	5.0
Pseudomonas mucidolens	46679	S	202	206	408	0.00003	0.00001	0.00000	0.00001	60	4.0
Pseudomonas trivialis	200450	S	186	203	389	0.00003	0.00001	0.00000	0.00001	62	5.0
Pseudomonas poae	200451	S	140	157	297	0.00002	0.00001	0.00000	0.00001	62	5.0
Pseudomonas tolaasii	29442	S	134	139	273	0.00002	0.00001	0.00000	0.00001	62	5.0
Pseudomonas mediterranea	183795	S	128	138	266	0.00002	0.00001	0.00000	0.00001	63	4.0
Pseudomonas cedrina	651740	S	127	136	263	0.00002	0.00001	0.00000	0.00001	62	5.0
Pseudomonas brenneri	129817	S	119	127	246	0.00002	0.00001	0.00000	0.00001	62	4.0
Pseudomonas moraviensis	321662	S	115	162	277	0.00002	0.00001	0.00000	0.00001	62	4.0
Pseudomonas azotoformans	47878	S	111	168	279	0.00002	0.00001	0.00000	0.00001	63	5.0
Pseudomonas lalkuanensis	2604832	S	5629	5717	11346	0.00078	0.00039	0.00040	0.00038	65	nan
Pseudomonas putida	303	S	3222	5130	8352	0.00057	0.00035	0.00035	0.00033	64	nan
Pseudomonas fulva	47880	S	146	207	353	0.00002	0.00001	0.00001	0.00001	64	nan
Pseudomonas mosselii	78327	S	121	132	253	0.00002	0.00001	0.00000	0.00001	66	5.0
Pseudomonas serboccidentalis	2964670	S	3277	3480	6757	0.00046	0.00024	0.00000	0.00022	62	5.0
Pseudomonas izuensis	2684212	S	2343	2409	4752	0.00033	0.00017	0.00000	0.00015	61	5.0
Pseudomonas silesiensis	1853130	S	1709	1769	3478	0.00024	0.00012	0.00000	0.00011	61	5.0
Pseudomonas syringae	317	S	362	873	1235	0.00008	0.00006	0.00000	0.00005	60	4.0
Pseudomonas viridiflava	33069	S	265	279	544	0.00004	0.00002	0.00000	0.00002	61	4.0
Pseudomonas frederiksbergensis	104087	S	1476	1629	3105	0.00021	0.00011	0.00000	0.00010	61	4.0
Pseudomonas reinekei	395598	S	1364	1445	2809	0.00019	0.00010	0.00000	0.00009	61	4.0
Pseudomonas hormoni	3093767	S	1337	1400	2737	0.00019	0.00010	0.00000	0.00009	61	4.0
Pseudomonas laurylsulfatiphila	2011015	S	1172	1265	2437	0.00017	0.00009	0.00000	0.00008	62	5.0
Pseudomonas vancouverensis	95300	S	1135	1160	2295	0.00016	0.00008	0.00000	0.00007	62	5.0
Pseudomonas otitidis	319939	S	858	874	1732	0.00012	0.00006	0.00000	0.00006	68	5.0
Pseudomonas azerbaijanorientalis	2842350	S	754	920	1674	0.00011	0.00006	0.00000	0.00006	62	5.0
Pseudomonas arsenicoxydans	702115	S	738	774	1512	0.00010	0.00005	0.00000	0.00005	60	4.0
Pseudomonas prosekii	1148509	S	464	475	939	0.00006	0.00003	0.00000	0.00003	61	4.0
Pseudomonas kielensis	2762577	S	373	387	760	0.00005	0.00003	0.00000	0.00002	63	5.0
Pseudomonas benzenivorans	556533	S	333	337	670	0.00005	0.00002	0.00000	0.00002	67	5.0
Pseudomonas atacamensis	2565368	S	330	440	770	0.00005	0.00003	0.00000	0.00003	62	4.0
Pseudomonas nunensis	2961896	S	323	346	669	0.00005	0.00002	0.00000	0.00002	61	4.0
Pseudomonas knackmussii	65741	S	314	335	649	0.00004	0.00002	0.00000	0.00002	66	5.0
Pseudomonas cavernae	2320867	S	292	294	586	0.00004	0.00002	0.00000	0.00002	65	5.0
Pseudomonas brassicacearum	930166	S	270	439	709	0.00005	0.00003	0.00000	0.00003	63	5.0
Pseudomonas hamedanensis	2745504	S	265	273	538	0.00004	0.00002	0.00000	0.00002	61	4.0
Pseudomonas lini	163011	S	248	265	513	0.00004	0.00002	0.00000	0.00002	60	4.0
Pseudomonas tohonis	2725477	S	243	285	528	0.00004	0.00002	0.00000	0.00002	68	5.0
Pseudomonas alkylphenolica	237609	S	237	242	479	0.00003	0.00002	0.00000	0.00002	63	5.0
Pseudomonas entomophila	312306	S	217	223	440	0.00003	0.00002	0.00000	0.00001	65	5.0
Pseudomonas extremaustralis	359110	S	175	183	358	0.00002	0.00001	0.00000	0.00001	63	5.0
Pseudomonas taetrolens	47884	S	162	163	325	0.00002	0.00001	0.00000	0.00001	59	4.0
Pseudomonas kribbensis	1628086	S	152	199	351	0.00002	0.00001	0.00000	0.00001	62	4.0
Pseudomonas vanderleydeniana	2745495	S	149	150	299	0.00002	0.00001	0.00000	0.00001	65	5.0
Pseudomonas psychrophila	122355	S	135	137	272	0.00002	0.00001	0.00000	0.00001	58	4.0
Pseudomonas allokribbensis	2774460	S	129	141	270	0.00002	0.00001	0.00000	0.00001	62	4.0
Pseudomonas viciae	2505979	S	128	135	263	0.00002	0.00001	0.00000	0.00001	62	4.0
Pseudomonas yamanorum	515393	S	125	135	260	0.00002	0.00001	0.00000	0.00001	62	4.0
Pseudomonas oryzae	1392877	S	123	124	247	0.00002	0.00001	0.00000	0.00001	69	4.0
Pseudomonas laurentiana	2364649	S	122	123	245	0.00002	0.00001	0.00000	0.00001	60	4.0
Pseudomonas parafulva	157782	S	120	126	246	0.00002	0.00001	0.00001	0.00001	64	nan
Pseudomonas agarici	46677	S	119	119	238	0.00002	0.00001	0.00000	0.00001	61	4.0
Pseudomonas thivervalensis	86265	S	118	124	242	0.00002	0.00001	0.00000	0.00001	63	5.0
Pseudomonas phytophila	2867264	S	114	114	228	0.00002	0.00001	0.00000	0.00001	59	4.0
Pseudomonas cremoricolorata	157783	S	113	114	227	0.00002	0.00001	0.00000	0.00001	64	5.0
Pseudomonas lurida	244566	S	113	118	231	0.00002	0.00001	0.00000	0.00001	62	5.0
Pseudomonas siliginis	2842346	S	111	215	326	0.00002	0.00001	0.00000	0.00001	62	4.0
Pseudomonas solani	2731552	S	109	127	236	0.00002	0.00001	0.00000	0.00001	67	4.0
Pseudomonas versuta	1788301	S	108	109	217	0.00001	0.00001	0.00000	0.00001	59	4.0
Pseudomonas campi	2731681	S	102	104	206	0.00001	0.00001	0.00000	0.00001	65	5.0
Pseudomonas glycinae	1785145	S	100	118	218	0.00001	0.00001	0.00000	0.00001	62	4.0
Stutzerimonas stutzeri	316	S	145	237	382	0.00003	0.00002	0.00000	0.00002	65	4.0
Marinobacter fonticola	2603215	S	14572	14655	29227	0.00201	0.00101	0.00092	0.00088	59	nan
Shewanella sp. MEBiC00475	2575361	S	70457	90811	161268	0.01107	0.00623	0.00610	0.00575	42	nan
Shewanella sp. DAU305	2991940	S	6502	14780	21282	0.00146	0.00101	0.00097	0.00090	45	nan
Shewanella loihica	359303	S	34691	41715	76406	0.00525	0.00286	0.00260	0.00249	57	nan
Shewanella litorisediminis	1173586	S	5123	5209	10332	0.00071	0.00036	0.00000	0.00031	55	5.0
Shewanella baltica	62322	S	207	272	479	0.00003	0.00002	0.00000	0.00002	47	5.0
Alteromonas sp. KC14	2795689	S	408	62708	63116	0.00433	0.00431	0.00396	0.00381	45	nan
Alteromonas sp. 009811495	3002962	S	166	199	365	0.00003	0.00001	0.00001	0.00001	45	nan
Alteromonas pelagimontana	1858656	S	39056	39253	78309	0.00538	0.00270	0.00243	0.00234	46	nan
Saliniradius amylolyticus	2183582	S	13833	13853	27686	0.00190	0.00095	0.00084	0.00081	53	nan
Moritella marina	90736	S	84576	85298	169874	0.01166	0.00586	0.00567	0.00543	42	nan
Thalassotalea sediminis	1759089	S	17160	17234	34394	0.00236	0.00118	0.00118	0.00113	39	nan
Photobacterium sp. TY1-4	2899122	S	140863	142073	282936	0.01943	0.00975	0.00883	0.00844	56	nan
Vibrio navarrensis	29495	S	71241	74538	145779	0.01001	0.00512	0.00456	0.00441	49	nan
Vibrio sp. SCSIO 43136	2819101	S	19387	19565	38952	0.00267	0.00134	0.00122	0.00117	47	nan
Vibrio sp. S234-5	1616781	S	1052	1071	2123	0.00015	0.00007	0.00000	0.00006	48	5.0
Vibrio cidicii	1763883	S	9551	10391	19942	0.00137	0.00071	0.00065	0.00062	50	nan
Vibrio bathopelagicus	2777577	S	6366	6850	13216	0.00091	0.00047	0.00044	0.00042	45	nan
Vibrio parahaemolyticus	670	S	2035	2240	4275	0.00029	0.00015	0.00000	0.00013	47	5.0
Vibrio diabolicus	50719	S	830	1580	2410	0.00017	0.00011	0.00000	0.00010	46	5.0
Vibrio campbellii	680	S	335	425	760	0.00005	0.00003	0.00000	0.00003	47	5.0
Vibrio natriegens	691	S	233	998	1231	0.00008	0.00007	0.00006	0.00006	47	nan
Vibrio alginolyticus	663	S	158	304	462	0.00003	0.00002	0.00000	0.00002	46	5.0
Vibrio vulnificus	672	S	3807	3924	7731	0.00053	0.00027	0.00000	0.00023	48	5.0
Vibrio anguillarum	55601	S	1811	2321	4132	0.00028	0.00016	0.00000	0.00014	46	5.0
Vibrio cholerae	666	S	1591	2117	3708	0.00025	0.00015	0.00000	0.00013	49	5.0
Vibrio fluvialis	676	S	492	590	1082	0.00007	0.00004	0.00000	0.00003	51	4.0
Vibrio furnissii	29494	S	335	351	686	0.00005	0.00002	0.00000	0.00002	52	4.0
Vibrio aestuarianus	28171	S	289	294	583	0.00004	0.00002	0.00000	0.00002	43	4.0
Vibrio qinghaiensis	2025808	S	245	281	526	0.00004	0.00002	0.00000	0.00002	46	5.0
Vibrio cincinnatiensis	675	S	229	232	461	0.00003	0.00002	0.00000	0.00001	44	5.0
Vibrio metoecus	1481663	S	227	245	472	0.00003	0.00002	0.00000	0.00001	48	5.0
Vibrio mimicus	674	S	215	224	439	0.00003	0.00002	0.00000	0.00001	47	5.0
Vibrio paracholerae	650003	S	208	361	569	0.00004	0.00002	0.00000	0.00002	48	5.0
Vibrio metschnikovii	28172	S	123	124	247	0.00002	0.00001	0.00000	0.00001	45	4.0
Vibrio ruber	184755	S	105	106	211	0.00001	0.00001	0.00000	0.00001	47	4.0
Grimontia kaedaensis	2872157	S	28719	28851	57570	0.00395	0.00198	0.00178	0.00170	50	nan
Candidatus Photodesmus blepharus	1179155	S	188	188	376	0.00003	0.00001	0.00000	0.00002	31	4.0
Abyssogena phaseoliformis symbiont	596095	S	278007	278855	556862	0.03823	0.01915	0.01973	0.01898	36	nan
Xanthomonas sacchari	56458	S	75405	78201	153606	0.01055	0.00537	0.00623	0.00602	70	nan
Xanthomonas vesicatoria	56460	S	18396	19853	38249	0.00263	0.00136	0.00132	0.00131	65	nan
Xanthomonas sp. DM-2023	3046274	S	1143	1253	2396	0.00016	0.00009	0.00000	0.00010	70	4.0
Xanthomonas sp. CFBP 8445	2971236	S	605	668	1273	0.00009	0.00005	0.00000	0.00005	70	4.0
Xanthomonas sp. A6251	3003247	S	517	579	1096	0.00008	0.00004	0.00000	0.00004	70	5.0
Xanthomonas translucens	343	S	234	255	489	0.00003	0.00002	0.00000	0.00002	69	5.0
Xanthomonas campestris	339	S	175	217	392	0.00003	0.00001	0.00000	0.00001	67	4.0
Xanthomonas citri	346	S	156	439	595	0.00004	0.00003	0.00003	0.00003	67	nan
Xanthomonas hortorum	56454	S	123	234	357	0.00002	0.00002	0.00000	0.00002	66	4.0
Xanthomonas oryzae	347	S	111	120	231	0.00002	0.00001	0.00000	0.00001	65	4.0
Xanthomonas arboricola	56448	S	101	114	215	0.00001	0.00001	0.00000	0.00001	66	4.0
Stenotrophomonas sp. SBJS02	2599307	S	20884	73468	94352	0.00648	0.00504	0.00541	0.00506	67	nan
Stenotrophomonas sp. BIO128-Bstrain	3027225	S	10189	12320	22509	0.00155	0.00085	0.00089	0.00086	68	nan
Stenotrophomonas maltophilia	40324	S	1245	1809	3054	0.00021	0.00012	0.00014	0.00013	67	nan
Thermomonas aquatica	2202149	S	1971	1984	3955	0.00027	0.00014	0.00015	0.00015	69	nan
Lysobacter capsici	435897	S	189	319	508	0.00003	0.00002	0.00000	0.00002	68	4.0
Dyella sp. BiH032	3075430	S	43635	43749	87384	0.00600	0.00300	0.00315	0.00307	68	nan
Dyella telluris	2763498	S	6517	6539	13056	0.00090	0.00045	0.00046	0.00043	65	nan
Acinetobacter sp. XS-4	2923375	S	34810	38077	72887	0.00500	0.00261	0.00263	0.00253	40	nan
Acinetobacter sp. KCTC 92772	3045147	S	27085	29001	56086	0.00385	0.00199	0.00193	0.00185	43	nan
Acinetobacter sp. ACNIH1	1636603	S	3134	7408	10542	0.00072	0.00051	0.00049	0.00048	43	nan
Acinetobacter sp. FDAARGOS_724	2545797	S	1688	4860	6548	0.00045	0.00033	0.00032	0.00031	43	nan
Acinetobacter sp. LoGeW2-3	1808001	S	111	114	225	0.00002	0.00001	0.00000	0.00001	45	5.0
Acinetobacter pittii	48296	S	36100	51595	87695	0.00602	0.00354	0.00356	0.00340	40	nan
Acinetobacter baumannii	470	S	779	2810	3589	0.00025	0.00019	0.00020	0.00018	41	nan
Acinetobacter calcoaceticus	471	S	100	104	204	0.00001	0.00001	0.00000	0.00001	40	4.0
Acinetobacter variabilis	70346	S	18328	25131	43459	0.00298	0.00173	0.00168	0.00160	44	nan
Acinetobacter schindleri	108981	S	439	483	922	0.00006	0.00003	0.00000	0.00003	45	5.0
Acinetobacter indicus	756892	S	426	457	883	0.00006	0.00003	0.00000	0.00003	47	4.0
Acinetobacter lwoffii	28090	S	326	481	807	0.00006	0.00003	0.00000	0.00003	44	5.0
Acinetobacter johnsonii	40214	S	248	474	722	0.00005	0.00003	0.00003	0.00003	42	nan
Acinetobacter towneri	202956	S	205	305	510	0.00004	0.00002	0.00002	0.00002	42	nan
Aquirhabdus parva	2283318	S	51935	51977	103912	0.00713	0.00357	0.00326	0.00313	47	nan
Psychrobacter sp. P11F6	1699621	S	10007	10274	20281	0.00139	0.00071	0.00066	0.00064	45	nan
Haemophilus influenzae	727	S	111588	150017	261605	0.01796	0.01030	0.01049	0.00999	38	nan
Haemophilus aegyptius	197575	S	3146	8254	11400	0.00078	0.00057	0.00057	0.00055	39	nan
Haemophilus haemolyticus	726	S	3006	3100	6106	0.00042	0.00021	0.00022	0.00020	39	nan
Haemophilus parainfluenzae	729	S	791	798	1589	0.00011	0.00005	0.00005	0.00005	40	nan
Haemophilus sp. oral taxon 036	712310	S	300	314	614	0.00004	0.00002	0.00000	0.00002	39	5.0
Aggregatibacter sp. 2125159857	2820817	S	30074	30547	60621	0.00416	0.00210	0.00197	0.00190	44	nan
Actinobacillus lignieresii	720	S	7583	9628	17211	0.00118	0.00066	0.00063	0.00061	43	nan
Thalassolituus sp. C2-1	2597518	S	116321	117188	233509	0.01603	0.00805	0.00717	0.00686	54	nan
Amphritea atlantica	355243	S	943	973	1916	0.00013	0.00007	0.00000	0.00006	53	5.0
Amphritea japonica	452627	S	433	452	885	0.00006	0.00003	0.00003	0.00003	49	nan
Halomonas sp. DN3	2953657	S	15763	16186	31949	0.00219	0.00111	0.00112	0.00107	66	nan
Kushneria phosphatilytica	657387	S	14569	14580	29149	0.00200	0.00100	0.00093	0.00088	60	nan
Allochromatium vinosum	1049	S	34591	35208	69799	0.00479	0.00242	0.00247	0.00234	66	nan
Allochromatium tepidum	553982	S	321	329	650	0.00004	0.00002	0.00000	0.00002	66	4.0
Marichromatium purpuratum	37487	S	22899	23199	46098	0.00317	0.00159	0.00179	0.00171	68	nan
Chromatium okenii	61644	S	7469	7469	14938	0.00103	0.00051	0.00051	0.00046	42	nan
Thiocystis violascens	73141	S	2121	2140	4261	0.00029	0.00015	0.00000	0.00014	64	4.0
Thiocapsa sp.	2024551	S	256	316	572	0.00004	0.00002	0.00000	0.00002	65	4.0
Thiocapsa bogorovii	521689	S	222	280	502	0.00003	0.00002	0.00000	0.00002	65	4.0
Thermochromatium tepidum	1050	S	336	340	676	0.00005	0.00002	0.00000	0.00002	64	4.0
Candidatus Thiodictyon syntrophicum	1166950	S	178	178	356	0.00002	0.00001	0.00000	0.00001	68	4.0
Thioflavicoccus mobilis	80679	S	102	102	204	0.00001	0.00001	0.00000	0.00001	66	4.0
Granulosicoccus antarcticus	437505	S	66569	66591	133160	0.00914	0.00457	0.00405	0.00387	54	nan
Zobellella denitrificans	347534	S	98828	99141	197969	0.01359	0.00681	0.00701	0.00668	66	nan
Aeromonas veronii	654	S	336	523	859	0.00006	0.00004	0.00000	0.00003	61	4.0
Microbulbifer sp. MLAF003	3032582	S	45395	45721	91116	0.00626	0.00314	0.00283	0.00273	51	nan
Microbulbifer agarilyticus	260552	S	33808	33885	67693	0.00465	0.00233	0.00209	0.00200	56	nan
Cellvibrio sp. PSBB023	1945512	S	130	176	306	0.00002	0.00001	0.00000	0.00001	51	4.0
Sedimenticola thiotaurini	1543721	S	59710	59744	119454	0.00820	0.00410	0.00376	0.00360	59	nan
Candidatus Baumannia cicadellinicola	186490	S	234	235	469	0.00003	0.00002	0.00000	0.00002	37	4.0
Methylomonas sp. EFPC1	2812647	S	35628	40273	75901	0.00521	0.00277	0.00247	0.00237	54	nan
Francisella uliginis	573570	S	31229	31508	62737	0.00431	0.00216	0.00262	0.00250	32	nan
Thiothrix subterranea	2735563	S	123	185	308	0.00002	0.00001	0.00000	0.00001	53	5.0
Thiothrix winogradskyi	96472	S	113	197	310	0.00002	0.00001	0.00000	0.00001	53	4.0
Beggiatoa leptomitoformis	288004	S	137	137	274	0.00002	0.00001	0.00000	0.00001	41	4.0
Gilliamella sp. ESL0405	2704653	S	18283	18445	36728	0.00252	0.00127	0.00130	0.00126	38	nan
Agrobacterium vitis	373	S	231212	237022	468234	0.03215	0.01627	0.01473	0.01418	59	nan
Agrobacterium tumefaciens	358	S	42319	44244	86563	0.00594	0.00304	0.00276	0.00268	60	nan
Agrobacterium fabacearum	1183401	S	798	1136	1934	0.00013	0.00008	0.00000	0.00007	59	5.0
Agrobacterium fabrum	1176649	S	487	623	1110	0.00008	0.00004	0.00000	0.00004	60	5.0
Agrobacterium tomkonis	1183410	S	141	477	618	0.00004	0.00003	0.00003	0.00003	60	nan
Agrobacterium pusense	648995	S	3255	4123	7378	0.00051	0.00028	0.00000	0.00025	60	5.0
Agrobacterium larrymoorei	160699	S	590	597	1187	0.00008	0.00004	0.00000	0.00004	58	4.0
Agrobacterium vaccinii	2735528	S	362	365	727	0.00005	0.00003	0.00000	0.00002	58	5.0
Agrobacterium sp. S7/73	2820002	S	206	641	847	0.00006	0.00004	0.00000	0.00004	59	5.0
Agrobacterium cucumeris	2862866	S	267	281	548	0.00004	0.00002	0.00000	0.00002	60	5.0
Agrobacterium leguminum	2792015	S	245	283	528	0.00004	0.00002	0.00000	0.00002	60	4.0
Agrobacterium salinitolerans	1183413	S	111	118	229	0.00002	0.00001	0.00000	0.00001	60	4.0
Agrobacterium rosae	1972867	S	109	152	261	0.00002	0.00001	0.00000	0.00001	59	5.0
Rhizobium sp. TAL182	2020313	S	25574	46519	72093	0.00495	0.00319	0.00296	0.00289	62	nan
Rhizobium sp. WL3	2603277	S	145	146	291	0.00002	0.00001	0.00000	0.00001	62	4.0
Rhizobium sp. X9	2815360	S	120	151	271	0.00002	0.00001	0.00000	0.00001	60	5.0
Rhizobium sp. 32-5/1	3019602	S	110	110	220	0.00002	0.00001	0.00000	0.00001	60	4.0
Rhizobium sp. L51/94	2819999	S	101	299	400	0.00003	0.00002	0.00002	0.00002	62	nan
Rhizobium rhododendri	2506430	S	4750	14631	19381	0.00133	0.00100	0.00093	0.00090	62	nan
Rhizobium flavescens	2607407	S	1959	1959	3918	0.00027	0.00013	0.00000	0.00012	50	4.0
Rhizobium oryzihabitans	2267833	S	483	621	1104	0.00008	0.00004	0.00000	0.00004	60	5.0
Rhizobium leguminosarum	384	S	436	700	1136	0.00008	0.00005	0.00004	0.00004	62	nan
Rhizobium ruizarguesonis	2081791	S	234	277	511	0.00004	0.00002	0.00002	0.00002	61	nan
Rhizobium tumorigenes	2041385	S	200	217	417	0.00003	0.00001	0.00001	0.00001	61	nan
Rhizobium rhizoryzae	451876	S	151	151	302	0.00002	0.00001	0.00000	0.00001	58	4.0
Rhizobium phaseoli	396	S	106	121	227	0.00002	0.00001	0.00001	0.00001	62	nan
Allorhizobium ampelinum	3025782	S	2938	2974	5912	0.00041	0.00020	0.00000	0.00018	59	5.0
Neorhizobium galegae	399	S	154	157	311	0.00002	0.00001	0.00000	0.00001	62	4.0
Candidatus Liberibacter americanus	309868	S	26352	26401	52753	0.00362	0.00181	0.00228	0.00219	32	nan
Shinella zoogloeoides	352475	S	1202	1349	2551	0.00018	0.00009	0.00000	0.00009	65	5.0
Sinorhizobium fredii	380	S	374	410	784	0.00005	0.00003	0.00000	0.00003	63	4.0
Sinorhizobium meliloti	382	S	105	165	270	0.00002	0.00001	0.00000	0.00001	63	4.0
Ensifer adhaerens	106592	S	119	134	253	0.00002	0.00001	0.00000	0.00001	63	3.0
Bradyrhizobium paxllaeri	190148	S	59246	60358	119604	0.00821	0.00414	0.00400	0.00385	63	nan
Bradyrhizobium sp. 6(2017)	1197460	S	32519	36566	69085	0.00474	0.00251	0.00247	0.00237	65	nan
Bradyrhizobium sp. 186	2782654	S	411	450	861	0.00006	0.00003	0.00000	0.00003	64	5.0
Bradyrhizobium sp. 1(2017)	1404888	S	409	437	846	0.00006	0.00003	0.00000	0.00003	65	5.0
Bradyrhizobium sp.	376	S	373	892	1265	0.00009	0.00006	0.00000	0.00006	64	5.0
Bradyrhizobium sp. CIAT3101	439387	S	336	350	686	0.00005	0.00002	0.00002	0.00002	64	nan
Bradyrhizobium sp. CB2312	3039155	S	297	329	626	0.00004	0.00002	0.00002	0.00002	65	nan
Bradyrhizobium sp. CB1717	3039154	S	287	363	650	0.00004	0.00002	0.00003	0.00002	65	nan
Bradyrhizobium sp. LCT2	2493093	S	281	588	869	0.00006	0.00004	0.00000	0.00004	65	5.0
Bradyrhizobium sp. CB3035	2976824	S	266	338	604	0.00004	0.00002	0.00002	0.00002	65	nan
Bradyrhizobium sp. 195	2782662	S	245	274	519	0.00004	0.00002	0.00002	0.00002	64	nan
Bradyrhizobium sp. CB1650	3039153	S	231	247	478	0.00003	0.00002	0.00002	0.00002	64	nan
Bradyrhizobium sp. CB82	3039159	S	211	218	429	0.00003	0.00001	0.00000	0.00001	64	4.0
Bradyrhizobium sp. CCBAU 53340	1325112	S	211	252	463	0.00003	0.00002	0.00002	0.00002	64	nan
Bradyrhizobium sp. NDS-1	3080014	S	197	212	409	0.00003	0.00001	0.00000	0.00001	66	5.0
Bradyrhizobium sp. CCBAU 53421	1325120	S	164	175	339	0.00002	0.00001	0.00000	0.00001	65	5.0
Bradyrhizobium sp. CB1015	2976822	S	151	174	325	0.00002	0.00001	0.00000	0.00001	65	5.0
Bradyrhizobium sp. CCGE-LA001	1223566	S	146	158	304	0.00002	0.00001	0.00000	0.00001	65	5.0
Bradyrhizobium sp. 191	2782659	S	135	198	333	0.00002	0.00001	0.00001	0.00001	65	nan
Bradyrhizobium sp. CB1024	2976823	S	132	145	277	0.00002	0.00001	0.00000	0.00001	65	5.0
Bradyrhizobium sp. I71	2590772	S	119	180	299	0.00002	0.00001	0.00001	0.00001	65	nan
Bradyrhizobium sp. CCBAU 51765	1325102	S	114	162	276	0.00002	0.00001	0.00001	0.00001	65	nan
Bradyrhizobium sp. 62B	2898442	S	112	181	293	0.00002	0.00001	0.00001	0.00001	65	nan
Bradyrhizobium sp. Ash2021	2954771	S	104	105	209	0.00001	0.00001	0.00000	0.00001	62	5.0
Bradyrhizobium japonicum	375	S	21933	29758	51691	0.00355	0.00204	0.00201	0.00193	64	nan
Bradyrhizobium barranii	2992140	S	14767	26236	41003	0.00282	0.00180	0.00185	0.00169	64	nan
Bradyrhizobium diazoefficiens	1355477	S	1820	2989	4809	0.00033	0.00021	0.00000	0.00020	65	5.0
Bradyrhizobium arachidis	858423	S	459	684	1143	0.00008	0.00005	0.00000	0.00004	64	5.0
Bradyrhizobium xenonodulans	2736875	S	388	401	789	0.00005	0.00003	0.00003	0.00003	65	nan
Bradyrhizobium cosmicum	1404864	S	377	392	769	0.00005	0.00003	0.00000	0.00003	65	5.0
Bradyrhizobium ottawaense	931866	S	361	856	1217	0.00008	0.00006	0.00000	0.00006	64	5.0
Bradyrhizobium commune	83627	S	247	252	499	0.00003	0.00002	0.00000	0.00002	64	5.0
Bradyrhizobium betae	244734	S	217	364	581	0.00004	0.00003	0.00000	0.00002	65	5.0
Bradyrhizobium elkanii	29448	S	207	392	599	0.00004	0.00003	0.00000	0.00003	64	5.0
Bradyrhizobium guangdongense	1325090	S	184	220	404	0.00003	0.00002	0.00001	0.00001	64	nan
Bradyrhizobium guangzhouense	1325095	S	168	199	367	0.00003	0.00001	0.00001	0.00001	64	nan
Bradyrhizobium guangxiense	1325115	S	168	200	368	0.00003	0.00001	0.00000	0.00001	65	5.0
Bradyrhizobium daqingense	993502	S	160	180	340	0.00002	0.00001	0.00000	0.00001	65	5.0
Bradyrhizobium amphicarpaeae	1404768	S	157	166	323	0.00002	0.00001	0.00000	0.00001	66	4.0
Bradyrhizobium vignae	1549949	S	151	155	306	0.00002	0.00001	0.00001	0.00001	64	nan
Bradyrhizobium erythrophlei	1437360	S	146	146	292	0.00002	0.00001	0.00000	0.00001	62	4.0
Bradyrhizobium symbiodeficiens	1404367	S	137	190	327	0.00002	0.00001	0.00000	0.00001	65	5.0
Rhodopseudomonas sp. BAL398	3034676	S	13239	13425	26664	0.00183	0.00092	0.00092	0.00089	65	nan
Pseudochrobactrum sp. Wa41.01b-1	2864102	S	33514	35793	69307	0.00476	0.00246	0.00220	0.00210	54	nan
Brucella sp. bbatCR03	2942452	S	6935	24974	31909	0.00219	0.00171	0.00155	0.00149	58	nan
Brucella sp. 2716	2975052	S	231	432	663	0.00005	0.00003	0.00003	0.00003	58	nan
Brucella pseudogrignonensis	419475	S	216	242	458	0.00003	0.00002	0.00000	0.00001	55	4.0
Brucella anthropi	529	S	147	274	421	0.00003	0.00002	0.00002	0.00002	58	nan
Brucella pseudintermedia	370111	S	121	126	247	0.00002	0.00001	0.00001	0.00001	59	nan
Hartmannibacter diazotrophicus	1482074	S	26691	26822	53513	0.00367	0.00184	0.00182	0.00176	65	nan
Methylobacterium sp. FF17	2984843	S	1520	1559	3079	0.00021	0.00011	0.00000	0.00012	70	5.0
Methylobacterium sp. WL1	2603276	S	663	708	1371	0.00009	0.00005	0.00000	0.00006	70	5.0
Methylobacterium sp. NMS14P	2894310	S	251	404	655	0.00004	0.00003	0.00003	0.00003	72	nan
Methylobacterium sp. 17Sr1-1	2202826	S	246	293	539	0.00004	0.00002	0.00000	0.00002	72	5.0
Methylobacterium sp. AMS5	925818	S	210	256	466	0.00003	0.00002	0.00000	0.00002	70	4.0
Methylobacterium organophilum	410	S	2484	2931	5415	0.00037	0.00020	0.00024	0.00023	70	nan
Methylobacterium durans	2202825	S	2473	2505	4978	0.00034	0.00017	0.00000	0.00019	70	5.0
Methylobacterium radiodurans	2202828	S	1998	2052	4050	0.00028	0.00014	0.00000	0.00017	71	5.0
Methylobacterium aquaticum	270351	S	668	814	1482	0.00010	0.00006	0.00007	0.00007	72	nan
Methylobacterium brachiatum	269660	S	567	665	1232	0.00008	0.00005	0.00000	0.00005	71	5.0
Methylobacterium mesophilicum	39956	S	528	574	1102	0.00008	0.00004	0.00000	0.00005	70	4.0
Methylobacterium nodulans	114616	S	516	2156	2672	0.00018	0.00015	0.00000	0.00018	71	5.0
Methylobacterium tardum	374432	S	460	585	1045	0.00007	0.00004	0.00000	0.00005	70	5.0
Methylobacterium oryzae	334852	S	343	1260	1603	0.00011	0.00009	0.00011	0.00011	72	nan
Methylobacterium indicum	1775910	S	280	341	621	0.00004	0.00002	0.00003	0.00003	71	nan
Methylobacterium terrae	2202827	S	269	313	582	0.00004	0.00002	0.00003	0.00003	72	nan
Methylobacterium currus	2051553	S	267	309	576	0.00004	0.00002	0.00000	0.00003	71	5.0
Methylobacterium radiotolerans	31998	S	106	653	759	0.00005	0.00004	0.00000	0.00006	72	5.0
Methylorubrum populi	223967	S	1653	1842	3495	0.00024	0.00013	0.00000	0.00014	70	5.0
Methylorubrum extorquens	408	S	625	1117	1742	0.00012	0.00008	0.00000	0.00008	69	4.0
Methylorubrum sp. B1-46	2897334	S	393	443	836	0.00006	0.00003	0.00000	0.00003	69	4.0
Nitratireductor sp.	1872084	S	5371	5665	11036	0.00076	0.00039	0.00000	0.00035	60	5.0
Nitratireductor sp. OM-1	1756988	S	3359	3655	7014	0.00048	0.00025	0.00023	0.00023	62	nan
Nitratireductor sp. GZWM139	2950541	S	231	306	537	0.00004	0.00002	0.00000	0.00002	62	4.0
Nitratireductor kimnyeongensis	430679	S	3267	3452	6719	0.00046	0.00024	0.00000	0.00021	60	4.0
Nitratireductor rhodophyticola	2854036	S	1801	1910	3711	0.00025	0.00013	0.00013	0.00012	62	nan
Aquibium oceanicum	1670800	S	169	177	346	0.00002	0.00001	0.00000	0.00001	66	4.0
Chelativorans sp. AA-79	3028735	S	217	222	439	0.00003	0.00002	0.00000	0.00001	64	5.0
Labrenzia sp. THAF35	2587854	S	8758	14550	23308	0.00160	0.00100	0.00091	0.00088	60	nan
Pannonibacter phragmitetus	121719	S	282	294	576	0.00004	0.00002	0.00000	0.00002	64	5.0
Bartonella sp. HY406	2979331	S	10224	12673	22897	0.00157	0.00087	0.00085	0.00082	42	nan
Neoasaia chiangmaiensis	320497	S	192021	193568	385589	0.02647	0.01329	0.01275	0.01223	62	nan
Roseomonas sp. FDAARGOS_362	2018065	S	1320	18370	19690	0.00135	0.00126	0.00142	0.00148	71	nan
Roseomonas gilardii	257708	S	107	110	217	0.00001	0.00001	0.00001	0.00001	71	nan
Pararhodospirillum photometricum	1084	S	138882	138963	277845	0.01908	0.00954	0.00994	0.00950	66	nan
Hypericibacter terrae	2602015	S	24543	24565	49108	0.00337	0.00169	0.00177	0.00170	66	nan
Skermanella sp. TT6	2775420	S	5844	6277	12121	0.00083	0.00043	0.00045	0.00046	69	nan
Aurantiacibacter atlanticus	1648404	S	40174	41358	81532	0.00560	0.00284	0.00262	0.00248	59	nan
Altererythrobacter sp. CAU 1644	3032592	S	14708	14929	29637	0.00203	0.00103	0.00099	0.00095	63	nan
Erythrobacter sp. THAF29	2587851	S	10858	11078	21936	0.00151	0.00076	0.00071	0.00069	61	nan
Aquisediminimonas profunda	1550733	S	64174	64268	128442	0.00882	0.00441	0.00402	0.00385	59	nan
Polymorphobacter sp. PAMC 29334	2862331	S	32179	35452	67631	0.00464	0.00243	0.00235	0.00240	66	nan
Wolbachia endosymbiont of Dipetalonema caudispina	1812112	S	12324	12339	24663	0.00169	0.00085	0.00116	0.00115	29	nan
Wolbachia endosymbiont (group A) of Philonthus cognatus	2954046	S	4073	29780	33853	0.00232	0.00204	0.00225	0.00214	34	nan
Wolbachia endosymbiont (group B) of Polyommatus icarus	2954049	S	555	30309	30864	0.00212	0.00208	0.00234	0.00219	34	nan
Wolbachia endosymbiont of Chrysomya megacephala	1335053	S	324	4578	4902	0.00034	0.00031	0.00035	0.00033	34	nan
Wolbachia endosymbiont of Oedothorax gibbosus	931100	S	106	136	242	0.00002	0.00001	0.00001	0.00001	34	nan
Wolbachia pipientis	955	S	130	801	931	0.00006	0.00006	0.00006	0.00006	34	nan
Rickettsia australis	787	S	19083	19691	38774	0.00266	0.00135	0.00160	0.00153	33	nan
Rickettsia rickettsii	783	S	8014	16722	24736	0.00170	0.00115	0.00134	0.00130	31	nan
Rickettsia monacensis	109232	S	3776	4427	8203	0.00056	0.00030	0.00035	0.00034	31	nan
Sulfitobacter sp. W074	2867026	S	2765	4890	7655	0.00053	0.00034	0.00032	0.00030	62	nan
Sulfitobacter sp. D7	1968541	S	404	846	1250	0.00009	0.00006	0.00005	0.00005	62	nan
Sulfitobacter sp. LC.270.F.C4	3079556	S	271	545	816	0.00006	0.00004	0.00003	0.00003	62	nan
Sulfitobacter sp. W002	2867024	S	213	244	457	0.00003	0.00002	0.00002	0.00002	61	nan
Sulfitobacter sp. W027	2867025	S	130	134	264	0.00002	0.00001	0.00000	0.00001	60	4.0
Sulfitobacter indolifex	225422	S	104	110	214	0.00001	0.00001	0.00000	0.00001	59	4.0
Loktanella salsilacus	195913	S	3940	3955	7895	0.00054	0.00027	0.00025	0.00024	61	nan
Paracoccus albus	3017784	S	6010	6146	12156	0.00083	0.00042	0.00040	0.00038	61	nan
Paracoccus yeei	147645	S	408	462	870	0.00006	0.00003	0.00000	0.00003	67	4.0
Parvularcula sp. LCG005	3078805	S	17080	17093	34173	0.00235	0.00117	0.00108	0.00104	60	nan
Candidatus Pelagibacter sp. FZCC0015	2268451	S	14678	14715	29393	0.00202	0.00101	0.00137	0.00130	29	nan
Candidatus Nucleicultrix amoebiphila	1509244	S	11582	11587	23169	0.00159	0.00080	0.00078	0.00075	40	nan
Hydrogenophaga sp. SL48	2806347	S	181997	182999	364996	0.02506	0.01256	0.01377	0.01298	68	nan
Candidatus Symbiobacter mobilis	1436290	S	20852	20863	41715	0.00286	0.00143	0.00136	0.00128	62	nan
Diaphorobacter sp. ED-3	3016636	S	9898	21658	31556	0.00217	0.00149	0.00166	0.00153	67	nan
Serpentinimonas raichei	1458425	S	10027	10320	20347	0.00140	0.00071	0.00073	0.00072	67	nan
Serpentinimonas maccroryi	1458426	S	967	1014	1981	0.00014	0.00007	0.00007	0.00007	67	nan
Variovorax paradoxus	34073	S	105	130	235	0.00002	0.00001	0.00000	0.00001	68	4.0
Polynucleobacter sp. TSB-Sco08W16	1758374	S	52562	52921	105483	0.00724	0.00363	0.00329	0.00317	47	nan
Polynucleobacter sp. MWH-S4W17	1855910	S	25797	26344	52141	0.00358	0.00181	0.00165	0.00158	45	nan
Polynucleobacter sp. AP-Titi-500A-B4	2576923	S	22870	23100	45970	0.00316	0.00159	0.00143	0.00138	45	nan
Polynucleobacter necessarius	576610	S	142	142	284	0.00002	0.00001	0.00000	0.00001	46	4.0
Pandoraea sp. XJJ-1	3002643	S	16149	34886	51035	0.00350	0.00240	0.00239	0.00228	64	nan
Cupriavidus sp. USMAHM13	1389192	S	12581	30977	43558	0.00299	0.00213	0.00244	0.00236	70	nan
Cupriavidus cauae	2608999	S	177	188	365	0.00003	0.00001	0.00000	0.00001	68	4.0
Pigmentiphaga aceris	1940612	S	46306	46445	92751	0.00637	0.00319	0.00305	0.00290	62	nan
Bordetella holmesii	35814	S	17317	18362	35679	0.00245	0.00126	0.00121	0.00117	63	nan
Alcaligenes faecalis	511	S	1379	2100	3479	0.00024	0.00014	0.00000	0.00012	58	4.0
Alcaligenes aquatilis	323284	S	805	2058	2863	0.00020	0.00014	0.00000	0.00012	57	4.0
Alcaligenes sp. SORT26	2813780	S	323	350	673	0.00005	0.00002	0.00000	0.00002	58	4.0
Paenalcaligenes hominis	643674	S	708	798	1506	0.00010	0.00005	0.00000	0.00005	49	5.0
Paenalcaligenes faecalis	2980099	S	663	802	1465	0.00010	0.00006	0.00000	0.00005	46	4.0
Paenalcaligenes suwonensis	1202713	S	158	393	551	0.00004	0.00003	0.00000	0.00003	57	4.0
Advenella mimigardefordensis	302406	S	170	188	358	0.00002	0.00001	0.00000	0.00001	56	4.0
Advenella alkanexedens	1481665	S	125	131	256	0.00002	0.00001	0.00000	0.00001	51	5.0
Advenella kashmirensis	310575	S	106	117	223	0.00002	0.00001	0.00000	0.00001	57	4.0
Pusillimonas sp. T7-7	1007105	S	207	214	421	0.00003	0.00001	0.00000	0.00001	57	4.0
Pusillimonas sp. DMV24BSW_D	2716226	S	175	183	358	0.00002	0.00001	0.00000	0.00001	54	4.0
Neopusillimonas aromaticivorans	2979868	S	258	283	541	0.00004	0.00002	0.00000	0.00002	58	4.0
Oligella urethralis	90245	S	130	134	264	0.00002	0.00001	0.00000	0.00001	48	4.0
Janthinobacterium sp. PAMC25594	2861284	S	8377	8878	17255	0.00118	0.00061	0.00060	0.00058	64	nan
Herbaspirillum sp. WKF16	3028312	S	8663	8796	17459	0.00120	0.00060	0.00064	0.00061	66	nan
Sphaerotilus sp. FB-5	2914710	S	179	191	370	0.00003	0.00001	0.00000	0.00001	70	4.0
Sulfuricystis thermophila	2496847	S	35296	36179	71475	0.00491	0.00248	0.00248	0.00236	64	nan
Candidatus Methylopumilus universalis	2588536	S	11151	11245	22396	0.00154	0.00077	0.00079	0.00076	37	nan
Sulfuricella denitrificans	649841	S	119	122	241	0.00002	0.00001	0.00000	0.00001	58	4.0
Neisseria subflava	28449	S	9589	11154	20743	0.00142	0.00077	0.00069	0.00067	52	nan
Neisseria sp. RH3002v2g	1871109	S	3170	4246	7416	0.00051	0.00029	0.00027	0.00025	51	nan
Neisseria sp. DTU_2021_1001991_1_SI_NGA_ILE_055	3077590	S	2992	3907	6899	0.00047	0.00027	0.00024	0.00023	53	nan
Neisseria sp. Marseille-Q5346	2972775	S	948	1155	2103	0.00014	0.00008	0.00007	0.00007	53	nan
Neisseria sp. oral taxon 014	641148	S	106	110	216	0.00001	0.00001	0.00000	0.00001	54	4.0
Neisseria mucosa	488	S	3401	4151	7552	0.00052	0.00029	0.00000	0.00025	53	5.0
Neisseria perflava	33053	S	717	2465	3182	0.00022	0.00017	0.00015	0.00015	52	nan
Neisseria flavescens	484	S	516	585	1101	0.00008	0.00004	0.00004	0.00004	52	nan
Neisseria meningitidis	487	S	442	718	1160	0.00008	0.00005	0.00005	0.00004	54	nan
Neisseria elongata	495	S	169	173	342	0.00002	0.00001	0.00000	0.00001	57	4.0
Neisseria sicca	490	S	160	252	412	0.00003	0.00002	0.00002	0.00002	53	nan
Neisseria wadsworthii	607711	S	114	116	230	0.00002	0.00001	0.00000	0.00001	50	3.0
Neisseria lactamica	486	S	105	122	227	0.00002	0.00001	0.00000	0.00001	54	5.0
Deefgea piscis	2739061	S	100	107	207	0.00001	0.00001	0.00000	0.00001	49	4.0
Azoarcus sp. CIB	198107	S	10279	11265	21544	0.00148	0.00077	0.00078	0.00078	66	nan
Azoarcus sp. DN11	356837	S	888	972	1860	0.00013	0.00007	0.00007	0.00007	68	nan
Azoarcus sp. KH32C	748247	S	823	828	1651	0.00011	0.00006	0.00000	0.00006	66	5.0
Aromatoleum petrolei	76116	S	1443	1486	2929	0.00020	0.00010	0.00000	0.00010	67	5.0
Aromatoleum toluolicum	90060	S	137	1296	1433	0.00010	0.00009	0.00000	0.00008	63	4.0
Aromatoleum bremense	76115	S	117	140	257	0.00002	0.00001	0.00000	0.00001	66	4.0
Bacillus tropicus	2026188	S	112877	233349	346226	0.02377	0.01602	0.02052	0.01623	35	nan
Bacillus cereus	1396	S	6844	26948	33792	0.00232	0.00185	0.00000	0.00186	35	5.0
Bacillus thuringiensis	1428	S	3934	24293	28227	0.00194	0.00167	0.00000	0.00167	36	5.0
Bacillus wiedmannii	1890302	S	3515	4446	7961	0.00055	0.00031	0.00000	0.00031	35	4.0
Bacillus mycoides	1405	S	2913	4365	7278	0.00050	0.00030	0.00000	0.00031	35	4.0
Bacillus paranthracis	2026186	S	1886	6501	8387	0.00058	0.00045	0.00000	0.00045	36	5.0
Bacillus pacificus	2026187	S	902	1480	2382	0.00016	0.00010	0.00000	0.00010	36	4.0
Bacillus luti	2026191	S	894	954	1848	0.00013	0.00007	0.00000	0.00007	35	4.0
Bacillus anthracis	1392	S	835	23629	24464	0.00168	0.00162	0.00000	0.00162	36	5.0
Bacillus sp. ABP14	1892404	S	662	1437	2099	0.00014	0.00010	0.00000	0.00010	36	5.0
Bacillus albus	2026189	S	737	1618	2355	0.00016	0.00011	0.00000	0.00011	36	5.0
Bacillus toyonensis	155322	S	721	1373	2094	0.00014	0.00009	0.00000	0.00010	35	5.0
Bacillus pseudomycoides	64104	S	617	625	1242	0.00009	0.00004	0.00000	0.00004	35	5.0
Bacillus nitratireducens	2026193	S	394	490	884	0.00006	0.00003	0.00000	0.00003	36	4.0
Bacillus cytotoxicus	580165	S	259	261	520	0.00004	0.00002	0.00000	0.00002	36	5.0
Bacillus sp. BD59S	2499213	S	23147	36928	60075	0.00412	0.00254	0.00000	0.00259	35	5.0
Bacillus sp. DX3.1	3052091	S	11090	11289	22379	0.00154	0.00078	0.00086	0.00079	36	nan
Bacillus sp. WP8	756828	S	1052	1790	2842	0.00020	0.00012	0.00012	0.00012	42	nan
Bacillus sp. ZJS3	2928154	S	900	1362	2262	0.00016	0.00009	0.00000	0.00010	35	4.0
Bacillus sp. CRB-7	2874284	S	365	1881	2246	0.00015	0.00013	0.00000	0.00013	36	5.0
Bacillus sp. N5-665	2925318	S	263	405	668	0.00005	0.00003	0.00000	0.00003	35	4.0
Bacillus sp. PGP15	2933563	S	247	741	988	0.00007	0.00005	0.00000	0.00005	35	5.0
Bacillus sp. SYJ	2529386	S	215	1083	1298	0.00009	0.00007	0.00000	0.00007	36	5.0
Bacillus sp. HNR-4	2796141	S	137	398	535	0.00004	0.00003	0.00000	0.00003	35	5.0
Bacillus sp. SI2	3077323	S	123	420	543	0.00004	0.00003	0.00000	0.00003	36	5.0
Bacillus dafuensis	1742359	S	14640	14694	29334	0.00201	0.00101	0.00106	0.00101	36	nan
Bacillus licheniformis	1402	S	8508	69729	78237	0.00537	0.00479	0.00494	0.00463	36	nan
Bacillus velezensis	492670	S	829	6804	7633	0.00052	0.00047	0.00048	0.00045	36	nan
Bacillus amyloliquefaciens	1390	S	119	1178	1297	0.00009	0.00008	0.00008	0.00008	36	nan
Bacillus paralicheniformis	1648923	S	898	2484	3382	0.00023	0.00017	0.00000	0.00016	46	5.0
Bacillus sonorensis	119858	S	151	1391	1542	0.00011	0.00010	0.00010	0.00009	36	nan
Bacillus altitudinis	293387	S	11243	13768	25011	0.00172	0.00095	0.00000	0.00088	42	5.0
Bacillus safensis	561879	S	3155	4849	8004	0.00055	0.00033	0.00000	0.00031	41	5.0
Bacillus pumilus	1408	S	691	712	1403	0.00010	0.00005	0.00000	0.00004	42	4.0
Bacillus glycinifermentans	1664069	S	288	301	589	0.00004	0.00002	0.00000	0.00002	48	4.0
Bacillus arachidis	2819290	S	256	260	516	0.00004	0.00002	0.00000	0.00002	36	4.0
Lysinibacillus sp. JK80	2749809	S	30976	83162	114138	0.00784	0.00571	0.00584	0.00560	38	nan
Lysinibacillus sp. OF-1	2972483	S	116	118	234	0.00002	0.00001	0.00001	0.00001	37	nan
Lysinibacillus fusiformis	28031	S	214	219	433	0.00003	0.00002	0.00002	0.00001	38	nan
Lysinibacillus capsici	2115968	S	147	310	457	0.00003	0.00002	0.00002	0.00002	38	nan
Peribacillus sp. R9-11	3073271	S	70592	77123	147715	0.01014	0.00530	0.00544	0.00519	38	nan
Anoxybacillus gonensis	198467	S	39045	39519	78564	0.00539	0.00271	0.00266	0.00249	42	nan
Anoxybacillus flavithermus	33934	S	1854	1875	3729	0.00026	0.00013	0.00012	0.00012	42	nan
Caldalkalibacillus thermarum	296745	S	35689	35820	71509	0.00491	0.00246	0.00221	0.00214	48	nan
Neobacillus sp. PS2-9	3070676	S	8947	8992	17939	0.00123	0.00062	0.00062	0.00059	39	nan
Neobacillus mesonae	1193713	S	4390	4403	8793	0.00060	0.00030	0.00030	0.00028	41	nan
Geobacillus sp. 47C-IIb	1963026	S	816	8068	8884	0.00061	0.00055	0.00050	0.00048	51	nan
Geobacillus sp. JS12	1813182	S	538	1146	1684	0.00012	0.00008	0.00000	0.00007	53	5.0
Heyndrickxia coagulans	1398	S	147	219	366	0.00003	0.00002	0.00000	0.00001	48	4.0
Parageobacillus thermoglucosidasius	1426	S	140	152	292	0.00002	0.00001	0.00000	0.00001	44	4.0
Staphylococcus sp. 11-B-312	2799680	S	48616	76094	124710	0.00856	0.00522	0.00605	0.00579	33	nan
Staphylococcus sp. AntiMn-1	1715860	S	3352	21565	24917	0.00171	0.00148	0.00168	0.00163	33	nan
Staphylococcus simulans	1286	S	44903	45509	90412	0.00621	0.00312	0.00338	0.00318	36	nan
Staphylococcus condimenti	70255	S	18219	18770	36989	0.00254	0.00129	0.00139	0.00136	35	nan
Staphylococcus kloosii	29384	S	15287	15525	30812	0.00212	0.00107	0.00123	0.00117	33	nan
Staphylococcus pseudoxylosus	2282419	S	11508	12166	23674	0.00163	0.00084	0.00094	0.00092	34	nan
Staphylococcus aureus	1280	S	1546	22412	23958	0.00164	0.00154	0.00177	0.00170	33	nan
Staphylococcus equorum	246432	S	140	270	410	0.00003	0.00002	0.00002	0.00002	33	nan
Staphylococcus cohnii	29382	S	122	130	252	0.00002	0.00001	0.00001	0.00001	33	nan
Staphylococcus epidermidis	1282	S	110	114	224	0.00002	0.00001	0.00001	0.00001	33	nan
Macrococcus epidermidis	1902580	S	45199	46255	91454	0.00628	0.00318	0.00369	0.00341	36	nan
Macrococcus bohemicus	1903056	S	3987	5746	9733	0.00067	0.00039	0.00042	0.00042	35	nan
Macrococcus canis	1855823	S	3362	3419	6781	0.00047	0.00023	0.00000	0.00024	38	4.0
Macrococcus armenti	2875764	S	941	958	1899	0.00013	0.00007	0.00000	0.00007	36	4.0
Macrococcus sp. IME1552	1898474	S	721	1366	2087	0.00014	0.00009	0.00010	0.00010	34	nan
Macrococcus caseolyticus	69966	S	211	271	482	0.00003	0.00002	0.00000	0.00002	37	4.0
Paenibacillus sp. DR312	2871175	S	8342	39023	47365	0.00325	0.00268	0.00245	0.00235	48	nan
Paenibacillus sp. RC334	3045840	S	2627	39490	42117	0.00289	0.00271	0.00248	0.00238	48	nan
Paenibacillus sp. IHB B 3084	867076	S	104	108	212	0.00001	0.00001	0.00001	0.00001	49	nan
Paenibacillus sp. PK1-4R	3049075	S	102	107	209	0.00001	0.00001	0.00001	0.00001	47	nan
Paenibacillus woosongensis	307580	S	44006	44146	88152	0.00605	0.00303	0.00275	0.00264	52	nan
Paenibacillus kribbensis	172713	S	26479	26653	53132	0.00365	0.00183	0.00166	0.00161	48	nan
Paenibacillus dendritiformis	130049	S	15214	15325	30539	0.00210	0.00105	0.00096	0.00093	57	nan
Paenibacillus lentus	1338368	S	2097	2100	4197	0.00029	0.00014	0.00000	0.00013	47	5.0
Paenibacillus thiaminolyticus	49283	S	558	562	1120	0.00008	0.00004	0.00000	0.00003	57	4.0
Paenibacillus lutimineralis	2707005	S	106	106	212	0.00001	0.00001	0.00000	0.00001	49	4.0
Brevibacillus sp. JNUCC-41	2778370	S	15422	16180	31602	0.00217	0.00111	0.00108	0.00104	40	nan
Planococcus halotolerans	2233542	S	92076	92540	184616	0.01268	0.00635	0.00588	0.00565	46	nan
Planococcus antarcticus	161360	S	7227	7279	14506	0.00100	0.00050	0.00047	0.00045	44	nan
Gemella haemolysans	1379	S	2278	2295	4573	0.00031	0.00016	0.00019	0.00019	31	nan
Ligilactobacillus faecis	762833	S	103134	103427	206561	0.01418	0.00710	0.00697	0.00673	40	nan
Ligilactobacillus murinus	1622	S	76311	77457	153768	0.01056	0.00532	0.00524	0.00500	41	nan
Lactobacillus kullabergensis	1218493	S	74877	76215	151092	0.01037	0.00523	0.00573	0.00537	37	nan
Lactobacillus panisapium	2012495	S	59619	59785	119404	0.00820	0.00410	0.00422	0.00404	38	nan
Lactobacillus sp. IBH004	2879107	S	18311	18912	37223	0.00256	0.00130	0.00137	0.00131	37	nan
Lactobacillus sp. wkB8	1545702	S	1540	2004	3544	0.00024	0.00014	0.00014	0.00014	38	nan
Lactobacillus sp. ESL0785	2983232	S	277	298	575	0.00004	0.00002	0.00000	0.00002	39	4.0
Lactobacillus sp. Kim32-2	2976676	S	247	248	495	0.00003	0.00002	0.00000	0.00002	45	3.0
Lactobacillus sp. ESL0680	2983210	S	246	280	526	0.00004	0.00002	0.00000	0.00002	40	4.0
Lactobacillus helsingborgensis	1218494	S	8350	9425	17775	0.00122	0.00065	0.00066	0.00066	37	nan
Lactobacillus apis	303541	S	1179	1183	2362	0.00016	0.00008	0.00000	0.00008	37	5.0
Lactobacillus kimbladii	1218506	S	643	820	1463	0.00010	0.00006	0.00000	0.00006	35	5.0
Lactobacillus melliventris	1218507	S	251	922	1173	0.00008	0.00006	0.00000	0.00007	35	5.0
Lactobacillus acetotolerans	1600	S	119	120	239	0.00002	0.00001	0.00000	0.00001	37	5.0
Companilactobacillus crustorum	392416	S	29306	30009	59315	0.00407	0.00206	0.00220	0.00213	36	nan
Fructilactobacillus sanfranciscensis	1625	S	12738	12869	25607	0.00176	0.00088	0.00098	0.00092	35	nan
Fructilactobacillus lindneri	53444	S	109	110	219	0.00002	0.00001	0.00000	0.00001	33	4.0
Loigolactobacillus coryniformis	1610	S	10291	10764	21055	0.00145	0.00074	0.00069	0.00067	43	nan
Secundilactobacillus paracollinoides	240427	S	9662	9890	19552	0.00134	0.00068	0.00063	0.00060	48	nan
Limosilactobacillus vaginalis	1633	S	4619	4735	9354	0.00064	0.00033	0.00032	0.00030	41	nan
Lactiplantibacillus plantarum	1590	S	101	177	278	0.00002	0.00001	0.00000	0.00001	46	3.0
Streptococcus intermedius	1338	S	58651	65431	124082	0.00852	0.00449	0.00466	0.00442	38	nan
Streptococcus anginosus	1328	S	1127	1502	2629	0.00018	0.00010	0.00000	0.00010	39	5.0
Streptococcus constellatus	76860	S	553	1174	1727	0.00012	0.00008	0.00008	0.00008	38	nan
Streptococcus equi	1336	S	27371	28312	55683	0.00382	0.00194	0.00188	0.00180	43	nan
Streptococcus dysgalactiae	1334	S	238	554	792	0.00005	0.00004	0.00000	0.00004	39	5.0
Streptococcus ruminicola	2686210	S	17788	22945	40733	0.00280	0.00158	0.00161	0.00154	39	nan
Streptococcus sp. NSJ-72	2763068	S	2852	5643	8495	0.00058	0.00039	0.00038	0.00038	39	nan
Streptococcus pneumoniae	1313	S	939	1813	2752	0.00019	0.00012	0.00000	0.00012	40	5.0
Streptococcus pyogenes	1314	S	516	702	1218	0.00008	0.00005	0.00000	0.00005	40	5.0
Streptococcus mutans	1309	S	303	316	619	0.00004	0.00002	0.00002	0.00002	37	nan
Streptococcus oralis	1303	S	286	316	602	0.00004	0.00002	0.00000	0.00002	43	4.0
Streptococcus gordonii	1302	S	170	172	342	0.00002	0.00001	0.00000	0.00001	41	4.0
Streptococcus agalactiae	1311	S	161	472	633	0.00004	0.00003	0.00003	0.00003	37	nan
Streptococcus mitis	28037	S	118	127	245	0.00002	0.00001	0.00000	0.00001	41	4.0
Lactococcus lactis	1358	S	23747	28774	52521	0.00361	0.00198	0.00212	0.00205	36	nan
Lactococcus sp. LG592	2816911	S	923	7248	8171	0.00056	0.00050	0.00050	0.00049	37	nan
Enterococcus faecalis	1351	S	144	209	353	0.00002	0.00001	0.00000	0.00001	38	3.0
Facklamia hominis	178214	S	282	287	569	0.00004	0.00002	0.00000	0.00002	40	4.0
Granulicatella elegans	137732	S	135	141	276	0.00002	0.00001	0.00000	0.00001	33	4.0
Clostridium sp. JN-1	2483110	S	147511	147812	295323	0.02028	0.01015	0.01262	0.01220	31	nan
Clostridium cadaveris	1529	S	39717	39869	79586	0.00546	0.00274	0.00347	0.00318	32	nan
Clostridium pasteurianum	1501	S	28010	28028	56038	0.00385	0.00192	0.00242	0.00234	31	nan
Clostridium carboxidivorans	217159	S	20822	21528	42350	0.00291	0.00148	0.00191	0.00183	31	nan
Clostridium formicaceticum	1497	S	18574	18622	37196	0.00255	0.00128	0.00139	0.00132	36	nan
Crassaminicella thermophila	2599308	S	128616	128883	257499	0.01768	0.00885	0.01104	0.01056	30	nan
Faecalibacterium sp. I4-1-79	2929494	S	31338	35411	66749	0.00458	0.00243	0.00223	0.00216	59	nan
uncultured Caproiciproducens sp.	1738647	S	22790	22804	45594	0.00313	0.00157	0.00145	0.00139	46	nan
Acetivibrio saccincola	1677857	S	11214	11418	22632	0.00155	0.00078	0.00086	0.00083	35	nan
Ruminococcus albus	1264	S	314	336	650	0.00004	0.00002	0.00000	0.00002	47	4.0
Amygdalobacter indicium	3029272	S	145	146	291	0.00002	0.00001	0.00000	0.00001	43	4.0
Carboxydocella thermautotrophica	178899	S	22474	22482	44956	0.00309	0.00154	0.00140	0.00135	52	nan
Fenollaria massiliensis	938288	S	120	127	247	0.00002	0.00001	0.00000	0.00001	35	3.0
Fenollaria sporofastidiosus	2811778	S	113	120	233	0.00002	0.00001	0.00000	0.00001	37	3.0
Tepidibacter hydrothermalis	3036126	S	3166	3199	6365	0.00044	0.00022	0.00030	0.00028	28	nan
Natranaerobius thermophilus	375929	S	8672	8674	17346	0.00119	0.00060	0.00063	0.00060	37	nan
Thermoanaerobacter sp. RKWS2	2983842	S	3088	5945	9033	0.00062	0.00041	0.00044	0.00043	34	nan
Helcococcus kunzii	40091	S	92602	93359	185961	0.01277	0.00641	0.00825	0.00807	29	nan
Anaerococcus obesiensis	1287640	S	26577	30072	56649	0.00389	0.00206	0.00280	0.00266	28	nan
Anaerococcus vaginalis	33037	S	24588	28035	52623	0.00361	0.00192	0.00265	0.00248	30	nan
Anaerococcus mediterraneensis	1870984	S	2573	2698	5271	0.00036	0.00019	0.00021	0.00020	36	nan
Anaerococcus prevotii	33034	S	581	595	1176	0.00008	0.00004	0.00000	0.00004	36	4.0
Anaerococcus sp. Marseille-Q7828	3036300	S	286	291	577	0.00004	0.00002	0.00000	0.00002	34	4.0
Miniphocaeibacter halophilus	2931922	S	15847	15855	31702	0.00218	0.00109	0.00148	0.00141	30	nan
Finegoldia magna	1260	S	3126	3231	6357	0.00044	0.00022	0.00025	0.00025	32	nan
Peptoniphilus harei	54005	S	908	968	1876	0.00013	0.00007	0.00000	0.00007	36	4.0
Peptoniphilus sp. SAHP1	2948573	S	787	856	1643	0.00011	0.00006	0.00000	0.00006	35	5.0
Peptoniphilus equinus	3016343	S	447	448	895	0.00006	0.00003	0.00000	0.00003	49	4.0
Caloranaerobacter azorensis	116090	S	12654	12680	25334	0.00174	0.00087	0.00119	0.00108	30	nan
Ezakiella coagulans	46507	S	290	314	604	0.00004	0.00002	0.00000	0.00002	36	3.0
Ezakiella massiliensis	1852374	S	226	239	465	0.00003	0.00002	0.00000	0.00002	35	3.0
Veillonella dispar	39778	S	19674	21078	40752	0.00280	0.00145	0.00145	0.00139	40	nan
Veillonella nakazawae	2682456	S	8820	10069	18889	0.00130	0.00069	0.00069	0.00067	39	nan
Veillonella sp. S12025-13	2682455	S	6405	7183	13588	0.00093	0.00049	0.00050	0.00048	40	nan
Veillonella rogosae	423477	S	4704	4825	9529	0.00065	0.00033	0.00034	0.00032	41	nan
Veillonella parvula	29466	S	1674	1689	3363	0.00023	0.00012	0.00012	0.00011	40	nan
Veillonella atypica	39777	S	573	577	1150	0.00008	0.00004	0.00000	0.00004	40	5.0
Megasphaera hexanoica	1675036	S	17272	17375	34647	0.00238	0.00119	0.00107	0.00104	51	nan
Megasphaera elsdenii	907	S	228	229	457	0.00003	0.00002	0.00000	0.00001	57	4.0
Acidaminococcus intestini	187327	S	347	355	702	0.00005	0.00002	0.00000	0.00002	51	4.0
Limnochorda pilosa	1555112	S	24434	24435	48869	0.00336	0.00168	0.00205	0.00193	70	nan
Streptomyces cyaneochromogenes	2496836	S	291085	299632	590717	0.04056	0.02057	0.02592	0.02454	71	nan
Streptomyces sp. WAC 01438	2203204	S	56038	57877	113915	0.00782	0.00397	0.00529	0.00510	73	nan
Streptomyces sp. WMMC500	3015154	S	25461	25860	51321	0.00352	0.00178	0.00215	0.00250	74	nan
Streptomyces sp. M92	2944250	S	21400	22504	43904	0.00301	0.00155	0.00208	0.00198	72	nan
Streptomyces sp. HU2014	2939414	S	16518	30398	46916	0.00322	0.00209	0.00298	0.00274	73	nan
Streptomyces sp. ID38640	1265399	S	14072	34201	48273	0.00331	0.00235	0.00306	0.00289	72	nan
Streptomyces sp. XD-27	3062779	S	13865	14053	27918	0.00192	0.00096	0.00128	0.00125	73	nan
Streptomyces sp. HUAS 5	3031124	S	12401	12689	25090	0.00172	0.00087	0.00114	0.00108	72	nan
Streptomyces sp. Je 1-369	2966192	S	10341	10845	21186	0.00145	0.00074	0.00094	0.00091	72	nan
Streptomyces sp. CB09001	2083284	S	9473	10381	19854	0.00136	0.00071	0.00096	0.00091	72	nan
Streptomyces sp. HM190	2695266	S	7163	7355	14518	0.00100	0.00050	0.00067	0.00065	73	nan
Streptomyces sp. AMCC400023	2056258	S	6845	7988	14833	0.00102	0.00055	0.00071	0.00068	72	nan
Streptomyces sp. 135	2838850	S	6239	6463	12702	0.00087	0.00044	0.00058	0.00055	72	nan
Streptomyces sp. HP-A2021	2927875	S	6007	6554	12561	0.00086	0.00045	0.00058	0.00055	72	nan
Streptomyces sp. 11x1	3038642	S	452	473	925	0.00006	0.00003	0.00004	0.00004	71	nan
Streptomyces sp. WAC 01529	2203205	S	450	466	916	0.00006	0.00003	0.00004	0.00004	72	nan
Streptomyces sp. SS52	2563602	S	349	887	1236	0.00008	0.00006	0.00009	0.00008	72	nan
Streptomyces sp. A144	2871487	S	344	883	1227	0.00008	0.00006	0.00009	0.00008	72	nan
Streptomyces sp. SGAir0924	2109593	S	213	666	879	0.00006	0.00005	0.00007	0.00006	73	nan
Streptomyces sp. CA-210063	2801029	S	161	168	329	0.00002	0.00001	0.00001	0.00001	71	nan
Streptomyces sp. DSM 40750	2801030	S	141	147	288	0.00002	0.00001	0.00000	0.00001	71	5.0
Streptomyces sp. VNUA24	3031131	S	126	138	264	0.00002	0.00001	0.00001	0.00001	72	nan
Streptomyces bathyalis	2710756	S	41256	41381	82637	0.00567	0.00284	0.00349	0.00332	70	nan
Streptomyces rimosus	1927	S	20531	20987	41518	0.00285	0.00144	0.00196	0.00184	73	nan
Streptomyces caniscabiei	2746961	S	4737	5507	10244	0.00070	0.00038	0.00047	0.00047	72	nan
Streptomyces tuirus	68278	S	1920	2052	3972	0.00027	0.00014	0.00019	0.00018	72	nan
Streptomyces deccanensis	424188	S	1578	1682	3260	0.00022	0.00012	0.00015	0.00014	72	nan
Streptomyces venezuelae	54571	S	1194	1252	2446	0.00017	0.00009	0.00013	0.00011	73	nan
Streptomyces rochei	1928	S	473	1061	1534	0.00011	0.00007	0.00000	0.00009	73	5.0
Streptomyces vinaceusdrappus	67376	S	386	1094	1480	0.00010	0.00008	0.00000	0.00010	73	5.0
Streptomyces formicae	1616117	S	595	615	1210	0.00008	0.00004	0.00005	0.00005	72	nan
Streptomyces kanamyceticus	1967	S	585	605	1190	0.00008	0.00004	0.00005	0.00005	72	nan
Streptomyces akebiae	2865673	S	550	578	1128	0.00008	0.00004	0.00005	0.00005	71	nan
Streptomyces alboniger	132473	S	358	371	729	0.00005	0.00003	0.00003	0.00003	71	nan
Streptomyces alfalfae	1642299	S	464	474	938	0.00006	0.00003	0.00000	0.00004	73	5.0
Streptomyces durmitorensis	319947	S	259	262	521	0.00004	0.00002	0.00002	0.00002	71	nan
Streptomyces phaeolivaceus	2653200	S	239	246	485	0.00003	0.00002	0.00002	0.00002	72	nan
Streptomyces graminofaciens	68212	S	113	118	231	0.00002	0.00001	0.00000	0.00001	71	5.0
Streptomyces spectabilis	68270	S	137	140	277	0.00002	0.00001	0.00000	0.00001	73	5.0
Streptomyces aureoverticillatus	66871	S	136	138	274	0.00002	0.00001	0.00000	0.00001	72	5.0
Kitasatospora aureofaciens	1894	S	33227	33903	67130	0.00461	0.00233	0.00307	0.00310	73	nan
Kitasatospora sp. HUAS 3-15	3004092	S	924	945	1869	0.00013	0.00006	0.00000	0.00009	74	5.0
Streptacidiphilus sp. PB12-B1b	2705012	S	8331	8385	16716	0.00115	0.00058	0.00078	0.00078	73	nan
Corynebacterium glyciniphilum	1404244	S	46814	46962	93776	0.00644	0.00322	0.00000	0.00312	65	5.0
Corynebacterium caspium	234828	S	44004	44120	88124	0.00605	0.00303	0.00270	0.00259	49	nan
Corynebacterium aurimucosum	169292	S	38420	40443	78863	0.00541	0.00278	0.00000	0.00250	62	5.0
Corynebacterium argentoratense	42817	S	37202	37422	74624	0.00512	0.00257	0.00235	0.00225	59	nan
Corynebacterium tuberculostearicum	38304	S	23022	25064	48086	0.00330	0.00172	0.00159	0.00154	60	nan
Corynebacterium auriscanis	99807	S	5494	5541	11035	0.00076	0.00038	0.00034	0.00033	59	nan
Corynebacterium minutissimum	38301	S	2799	3087	5886	0.00040	0.00021	0.00000	0.00019	61	5.0
Corynebacterium singulare	161899	S	1615	1688	3303	0.00023	0.00012	0.00000	0.00010	60	5.0
Corynebacterium sp. FDAARGOS 1242	2778078	S	1365	1890	3255	0.00022	0.00013	0.00000	0.00012	61	5.0
Corynebacterium striatum	43770	S	1460	1557	3017	0.00021	0.00011	0.00000	0.00010	60	5.0
Corynebacterium variabile	1727	S	764	781	1545	0.00011	0.00005	0.00000	0.00006	68	5.0
Corynebacterium nuruki	1032851	S	712	715	1427	0.00010	0.00005	0.00000	0.00006	70	5.0
Corynebacterium terpenotabidum	89154	S	364	367	731	0.00005	0.00003	0.00000	0.00003	67	5.0
Corynebacterium provencense	1737425	S	338	339	677	0.00005	0.00002	0.00000	0.00002	67	4.0
Corynebacterium accolens	38284	S	295	447	742	0.00005	0.00003	0.00000	0.00003	61	5.0
Corynebacterium simulans	146827	S	251	270	521	0.00004	0.00002	0.00000	0.00002	60	5.0
Corynebacterium riegelii	156976	S	244	249	493	0.00003	0.00002	0.00000	0.00002	62	4.0
Corynebacterium bovis	36808	S	196	196	392	0.00003	0.00001	0.00000	0.00002	73	4.0
Corynebacterium jeikeium	38289	S	194	209	403	0.00003	0.00001	0.00000	0.00001	63	5.0
Corynebacterium urealyticum	43771	S	161	171	332	0.00002	0.00001	0.00000	0.00001	65	4.0
Corynebacterium camporealensis	161896	S	155	157	312	0.00002	0.00001	0.00000	0.00001	60	5.0
Corynebacterium incognita	2754725	S	145	146	291	0.00002	0.00001	0.00000	0.00001	63	4.0
Corynebacterium resistens	258224	S	141	148	289	0.00002	0.00001	0.00000	0.00001	58	4.0
Corynebacterium freneyi	134034	S	124	127	251	0.00002	0.00001	0.00000	0.00001	70	4.0
Corynebacterium confusum	71254	S	122	125	247	0.00002	0.00001	0.00000	0.00001	67	4.0
Corynebacterium flavescens	28028	S	119	120	239	0.00002	0.00001	0.00000	0.00001	61	4.0
Corynebacterium coyleae	53374	S	110	112	222	0.00002	0.00001	0.00000	0.00001	62	5.0
Corynebacterium hadale	2026255	S	108	147	255	0.00002	0.00001	0.00000	0.00001	66	5.0
Rhodococcus globerulus	33008	S	73027	73536	146563	0.01006	0.00505	0.00475	0.00459	62	nan
Rhodococcus aetherivorans	191292	S	12823	55266	68089	0.00467	0.00379	0.00432	0.00440	71	nan
Rhodococcus sp. DMU1	2722825	S	4757	11156	15913	0.00109	0.00077	0.00086	0.00088	70	nan
Rhodococcus sp. AD45	103808	S	4287	4299	8586	0.00059	0.00030	0.00028	0.00027	59	nan
Rhodococcus qingshengii	334542	S	759	2482	3241	0.00022	0.00017	0.00000	0.00018	68	4.0
Rhodococcus erythropolis	1833	S	570	1284	1854	0.00013	0.00009	0.00000	0.00009	65	4.0
Gordonia pseudamarae	2831662	S	15296	15406	30702	0.00211	0.00106	0.00114	0.00109	67	nan
Gordonia sp. SMJS1	3039400	S	2792	6980	9772	0.00067	0.00048	0.00053	0.00051	68	nan
Mycobacterium paraseoulense	590652	S	9755	9912	19667	0.00135	0.00068	0.00078	0.00073	68	nan
Mycolicibacterium phocaicum	319706	S	5422	5819	11241	0.00077	0.00040	0.00043	0.00041	68	nan
Mycobacteroides salmoniphilum	404941	S	1691	1722	3413	0.00023	0.00012	0.00012	0.00011	65	nan
Mycobacteroides chelonae	1774	S	221	245	466	0.00003	0.00002	0.00000	0.00002	65	5.0
Mycobacteroides abscessus	36809	S	112	124	236	0.00002	0.00001	0.00000	0.00001	65	5.0
[Mycobacterium] stephanolepidis	1520670	S	103	117	220	0.00002	0.00001	0.00000	0.00001	64	4.0
Arthrobacter sp. StoSoilB5	2830992	S	28827	29180	58007	0.00398	0.00200	0.00192	0.00183	62	nan
Arthrobacter sp. zg-Y1110	2886932	S	19582	20212	39794	0.00273	0.00139	0.00142	0.00138	66	nan
Arthrobacter sp. zg-Y1171	2964610	S	13927	14485	28412	0.00195	0.00099	0.00104	0.00100	67	nan
Arthrobacter sp. FW306-07-I	2879622	S	1734	3362	5096	0.00035	0.00023	0.00025	0.00023	66	nan
Glutamicibacter mishrai	1775880	S	38833	39454	78287	0.00538	0.00271	0.00252	0.00241	60	nan
Micrococcus luteus	1270	S	14012	25280	39292	0.00270	0.00174	0.00232	0.00239	73	nan
Micrococcus yunnanensis	566027	S	1340	6759	8099	0.00056	0.00046	0.00064	0.00064	74	nan
Micrococcus porci	2856555	S	537	570	1107	0.00008	0.00004	0.00000	0.00005	74	5.0
Micrococcus sp. KBS0714	1179670	S	227	1224	1451	0.00010	0.00008	0.00011	0.00012	73	nan
Micrococcus sp. SL257	2995171	S	207	1959	2166	0.00015	0.00013	0.00018	0.00018	74	nan
Microbacterium protaetiae	2509458	S	43984	44306	88290	0.00606	0.00304	0.00333	0.00329	69	nan
Microbacterium sp. F6_8S_P_2B	3041512	S	9493	12649	22142	0.00152	0.00087	0.00105	0.00100	71	nan
Microbacterium lemovicicum	1072463	S	5897	5947	11844	0.00081	0.00041	0.00052	0.00049	71	nan
Microterricola viridarii	412690	S	24175	24463	48638	0.00334	0.00168	0.00192	0.00189	69	nan
Agromyces sp. LHK192	2498704	S	11082	11263	22345	0.00153	0.00077	0.00100	0.00094	72	nan
Leifsonia sp. 21MFCrub1.1	1798223	S	3512	6103	9615	0.00066	0.00042	0.00052	0.00049	71	nan
Leifsonia sp. ZF2019	2781978	S	1175	1258	2433	0.00017	0.00009	0.00010	0.00010	70	nan
Leifsonia sp. PS1209	2724914	S	1037	1113	2150	0.00015	0.00008	0.00009	0.00009	69	nan
Leifsonia shinshuensis	150026	S	822	882	1704	0.00012	0.00006	0.00000	0.00007	71	5.0
Leifsonia xyli	1575	S	247	250	497	0.00003	0.00002	0.00000	0.00002	69	4.0
Tropheryma whipplei	2039	S	44563	44573	89136	0.00612	0.00306	0.00276	0.00265	46	nan
Luteipulveratus mongoliensis	571913	S	41577	41635	83212	0.00571	0.00286	0.00320	0.00305	69	nan
Cellulomonas taurus	2729175	S	9132	9177	18309	0.00126	0.00063	0.00084	0.00080	73	nan
Cellulomonas sp. C5510	2871170	S	7000	7214	14214	0.00098	0.00050	0.00062	0.00078	76	nan
Isoptericola dokdonensis	372663	S	14709	14787	29496	0.00203	0.00102	0.00147	0.00146	75	nan
Phycicoccus sp. HDW14	2714941	S	11820	11870	23690	0.00163	0.00082	0.00117	0.00115	74	nan
Brachybacterium halotolerans	2795215	S	6602	6703	13305	0.00091	0.00046	0.00061	0.00058	73	nan
Actinomyces weissii	675090	S	108214	108416	216630	0.01487	0.00744	0.00938	0.00885	72	nan
Actinomyces procaprae	2560010	S	18054	18209	36263	0.00249	0.00125	0.00151	0.00142	70	nan
Trueperella pyogenes	1661	S	88765	89391	178156	0.01223	0.00614	0.00577	0.00549	61	nan
Actinotignum timonense	1870995	S	137	137	274	0.00002	0.00001	0.00000	0.00001	63	4.0
Cutibacterium modestum	2559073	S	174546	178473	353019	0.02424	0.01225	0.01143	0.01087	61	nan
Cutibacterium acnes	1747	S	557	790	1347	0.00009	0.00005	0.00000	0.00005	60	4.0
Microlunatus sp. Gsoil 973	2672569	S	5366	5368	10734	0.00074	0.00037	0.00040	0.00038	67	nan
Nocardioides sp. Arc9.136	2996826	S	1340	1374	2714	0.00019	0.00009	0.00013	0.00013	74	nan
Verrucosispora sp. NA02020	2742132	S	48427	48863	97290	0.00668	0.00335	0.00442	0.00421	72	nan
Micromonospora sp. WMMA1947	3015163	S	35861	38469	74330	0.00510	0.00264	0.00348	0.00357	74	nan
Micromonospora sp. WMMC415	2675222	S	6064	6108	12172	0.00084	0.00042	0.00059	0.00057	73	nan
Phytohabitans suffuscus	624315	S	35961	36024	71985	0.00494	0.00247	0.00327	0.00321	73	nan
Actinoalloteichus fjordicus	1612552	S	18221	89003	107224	0.00736	0.00611	0.00746	0.00710	71	nan
Actinoalloteichus hymeniacidonis	340345	S	7639	7651	15290	0.00105	0.00053	0.00058	0.00056	69	nan
Actinoalloteichus hoggarensis	1470176	S	166	166	332	0.00002	0.00001	0.00000	0.00001	71	5.0
Candidatus Planktophila limnetica	573600	S	30592	30612	61204	0.00420	0.00210	0.00191	0.00184	45	nan
Nonomuraea phyllanthi	2219224	S	12117	12141	24258	0.00167	0.00083	0.00108	0.00103	72	nan
Egibacter rhizosphaerae	1670831	S	38741	38742	77483	0.00532	0.00266	0.00350	0.00331	72	nan
Mesomycoplasma conjunctivae	45361	S	67191	67278	134469	0.00923	0.00462	0.00652	0.00613	29	nan
Mesomycoplasma molare	171288	S	44836	44900	89736	0.00616	0.00308	0.00490	0.00514	24	nan
Mycoplasmopsis gallinacea	29556	S	44697	45146	89843	0.00617	0.00310	0.00422	0.00403	28	nan
Mycoplasmopsis edwardii	53558	S	15358	15490	30848	0.00212	0.00106	0.00158	0.00145	27	nan
Mycoplasmopsis meleagridis	29561	S	13181	13201	26382	0.00181	0.00091	0.00149	0.00137	24	nan
Mycoplasmopsis fermentans	2115	S	10533	10608	21141	0.00145	0.00073	0.00110	0.00105	26	nan
Mycoplasmopsis bovis	28903	S	9733	9794	19527	0.00134	0.00067	0.00094	0.00085	29	nan
Malacoplasma penetrans	28227	S	12141	12143	24284	0.00167	0.00083	0.00113	0.00129	26	nan
Mycoplasma sp. Pen4	640330	S	13378	13404	26782	0.00184	0.00092	0.00125	0.00119	26	nan
Mycoplasma sp. SG1	2810348	S	13183	13183	26366	0.00181	0.00091	0.00134	0.00141	25	nan
Mycoplasma sp. 97/66	2963127	S	12080	19326	31406	0.00216	0.00133	0.00187	0.00175	26	nan
Mycoplasma sp. NEAQ87857	2683967	S	6292	6304	12596	0.00086	0.00043	0.00065	0.00068	24	nan
Mycoplasma putrefaciens	2123	S	8715	8746	17461	0.00120	0.00060	0.00088	0.00086	26	nan
Mariniplasma anaerobium	2735436	S	33226	33229	66455	0.00456	0.00228	0.00294	0.00277	29	nan
Spiroplasma litorale	216942	S	21172	21313	42485	0.00292	0.00146	0.00225	0.00242	23	nan
Synechococcus sp. CBW1108	1353147	S	63702	63897	127599	0.00876	0.00439	0.00457	0.00428	66	nan
Synechococcus sp. KORDI-49	585423	S	20818	21624	42442	0.00291	0.00148	0.00150	0.00139	64	nan
Synechococcus sp. PROS-9-1	1968775	S	16786	16896	33682	0.00231	0.00116	0.00105	0.00100	57	nan
Synechococcus sp. PCC 7336	195250	S	10308	10308	20616	0.00142	0.00071	0.00064	0.00061	55	nan
Synechococcus sp. CBW1006	1353138	S	7548	11919	19467	0.00134	0.00082	0.00088	0.00081	68	nan
Anabaenopsis elenkinii	156213	S	66644	66681	133325	0.00915	0.00458	0.00433	0.00418	43	nan
Tolypothrix sp. PCC 7910	2099387	S	38994	39051	78045	0.00536	0.00268	0.00259	0.00250	42	nan
Thermosynechococcus sp. HN-54	2933959	S	58651	58718	117369	0.00806	0.00403	0.00358	0.00342	54	nan
Trichocoleus desertorum	1481672	S	40552	40563	81115	0.00557	0.00279	0.00248	0.00238	50	nan
Deinococcus irradiatisoli	2202254	S	15357	15365	30722	0.00211	0.00105	0.00119	0.00111	68	nan
Deinococcus sp. AJ005	2652443	S	8168	8171	16339	0.00112	0.00056	0.00056	0.00054	66	nan
Thermus sp. CCB_US3_UF1	1111069	S	8062	8154	16216	0.00111	0.00056	0.00065	0.00061	70	nan
Antarcticibacterium flavum	2058175	S	253510	254903	508413	0.03491	0.01750	0.01685	0.01627	42	nan
Flavobacterium sp. K5-23	2746225	S	53697	54020	107717	0.00740	0.00371	0.00417	0.00401	34	nan
Flavobacterium sp. IMCC34518	3003623	S	16725	22467	39192	0.00269	0.00154	0.00000	0.00174	32	5.0
Flavobacterium sp. N501239	2986836	S	284	121796	122080	0.00838	0.00836	0.01080	0.01044	29	nan
Flavobacterium sangjuense	2518177	S	12619	12641	25260	0.00173	0.00087	0.00091	0.00088	37	nan
Flavobacterium collinsii	1114861	S	4463	4553	9016	0.00062	0.00031	0.00000	0.00032	36	4.0
Sediminicola sp. YIK13	1453352	S	162440	162547	324987	0.02231	0.01116	0.01101	0.01059	40	nan
Hwangdonia sp. SCSIO 19198	3075823	S	137522	138104	275626	0.01892	0.00948	0.01000	0.00969	37	nan
Myroides odoratus	256	S	50246	50758	101004	0.00693	0.00349	0.00373	0.00355	37	nan
Dokdonia donghaensis	326320	S	7339	7469	14808	0.00102	0.00051	0.00051	0.00050	39	nan
Psychroflexus sp. ALD_RP9	2777186	S	3611	3614	7225	0.00050	0.00025	0.00028	0.00027	33	nan
Cellulophaga sp. HaHaR_3_176	1942464	S	2972	2988	5960	0.00041	0.00021	0.00024	0.00024	32	nan
Oceanihabitans sp. IOP_32	2529032	S	2767	2784	5551	0.00038	0.00019	0.00000	0.00020	36	5.0
Croceimicrobium hydrocarbonivorans	2761580	S	25158	25210	50368	0.00346	0.00173	0.00160	0.00154	44	nan
Blattabacterium sp. (Mastotermes darwiniensis)	39768	S	9907	9918	19825	0.00136	0.00068	0.00099	0.00094	28	nan
Sediminibacterium sp. TEGAF015	575378	S	169351	169522	338873	0.02327	0.01164	0.01158	0.01115	38	nan
Arachidicoccus ginsenosidivorans	496057	S	110728	110801	221529	0.01521	0.00761	0.00731	0.00707	42	nan
Longitalea sp. SCSIO 12813	3069118	S	41663	41665	83328	0.00572	0.00286	0.00258	0.00247	46	nan
Bacteroides sp. M10	2763022	S	19758	27573	47331	0.00325	0.00189	0.00190	0.00174	42	nan
Bacteroides sp. D2	556259	S	9372	15964	25336	0.00174	0.00110	0.00000	0.00100	43	5.0
Bacteroides sp. HF-162	2785531	S	2997	14797	17794	0.00122	0.00102	0.00097	0.00092	45	nan
Bacteroides sp. DH3716P	2847299	S	374	1918	2292	0.00016	0.00013	0.00000	0.00012	44	5.0
Bacteroides sp. A1C1	2528203	S	261	987	1248	0.00009	0.00007	0.00006	0.00006	45	nan
Bacteroides ovatus	28116	S	12910	26546	39456	0.00271	0.00182	0.00186	0.00167	43	nan
Bacteroides luhongzhouii	2650158	S	6452	6935	13387	0.00092	0.00048	0.00046	0.00044	42	nan
Bacteroides xylanisolvens	371601	S	5567	8779	14346	0.00098	0.00060	0.00000	0.00055	44	5.0
Bacteroides zhangwenhongii	2650157	S	2927	3187	6114	0.00042	0.00022	0.00021	0.00020	44	nan
Bacteroides thetaiotaomicron	818	S	2645	2867	5512	0.00038	0.00020	0.00019	0.00018	45	nan
Bacteroides faecium	2715212	S	2024	2049	4073	0.00028	0.00014	0.00013	0.00013	45	nan
Bacteroides caccae	47678	S	1554	1646	3200	0.00022	0.00011	0.00011	0.00010	44	nan
Bacteroides caecimuris	1796613	S	1509	1674	3183	0.00022	0.00011	0.00011	0.00010	44	nan
Bacteroides uniformis	820	S	1205	1665	2870	0.00020	0.00011	0.00011	0.00010	48	nan
Bacteroides faecis	674529	S	843	937	1780	0.00012	0.00006	0.00000	0.00006	44	5.0
Bacteroides fragilis	817	S	626	777	1403	0.00010	0.00005	0.00005	0.00005	45	nan
Bacteroides salyersiae	291644	S	334	345	679	0.00005	0.00002	0.00000	0.00002	43	5.0
Bacteroides humanifaecis	2792859	S	254	1050	1304	0.00009	0.00007	0.00007	0.00007	45	nan
Bacteroides stercoris	46506	S	182	194	376	0.00003	0.00001	0.00001	0.00001	47	nan
Bacteroides nordii	291645	S	174	177	351	0.00002	0.00001	0.00000	0.00001	42	4.0
Bacteroides eggerthii	28111	S	124	135	259	0.00002	0.00001	0.00001	0.00001	46	nan
Bacteroides cellulosilyticus	246787	S	116	142	258	0.00002	0.00001	0.00000	0.00001	44	5.0
Bacteroides intestinalis	329854	S	107	110	217	0.00001	0.00001	0.00000	0.00001	44	4.0
Phocaeicola vulgatus	821	S	183	216	399	0.00003	0.00001	0.00000	0.00001	43	4.0
Phocaeicola dorei	357276	S	111	133	244	0.00002	0.00001	0.00000	0.00001	42	4.0
Parabacteroides distasonis	823	S	18998	26643	45641	0.00313	0.00183	0.00170	0.00163	47	nan
Paraprevotella clara	454154	S	1074	1104	2178	0.00015	0.00008	0.00000	0.00007	51	4.0
Alkaliflexus sp. Ai-910	2949635	S	55338	55543	110881	0.00761	0.00381	0.00360	0.00345	44	nan
Hymenobacter radiodurans	2496028	S	47124	48955	96079	0.00660	0.00336	0.00310	0.00292	55	nan
Rufibacter radiotolerans	1379910	S	26282	26295	52577	0.00361	0.00181	0.00164	0.00156	54	nan
Rhodocytophaga rosea	2704465	S	7704	7704	15408	0.00106	0.00053	0.00051	0.00049	42	nan
Flammeovirga yaeyamensis	367791	S	6743	7055	13798	0.00095	0.00048	0.00053	0.00051	36	nan
Mucilaginibacter mali	2740462	S	17402	17417	34819	0.00239	0.00120	0.00109	0.00105	48	nan
Pedobacter mucosus	2895286	S	2266	2269	4535	0.00031	0.00016	0.00017	0.00016	35	nan
Prosthecochloris sp. HL-130-GSB	1974213	S	48022	48077	96099	0.00660	0.00330	0.00293	0.00281	53	nan
Chlorobaculum tepidum	1097	S	16491	16506	32997	0.00227	0.00113	0.00104	0.00099	59	nan
Pelodictyon phaeoclathratiforme	34090	S	16392	16412	32804	0.00225	0.00113	0.00102	0.00098	50	nan
Campylobacter sp. RM16704	1500960	S	214308	218050	432358	0.02969	0.01497	0.02117	0.01981	28	nan
Campylobacter sp. RM6137	1660073	S	401	404	805	0.00006	0.00003	0.00000	0.00003	34	4.0
Campylobacter sputorum	206	S	17359	17401	34760	0.00239	0.00119	0.00158	0.00150	30	nan
Campylobacter lanienae	75658	S	11675	11821	23496	0.00161	0.00081	0.00095	0.00087	34	nan
Campylobacter rectus	203	S	7347	7374	14721	0.00101	0.00051	0.00048	0.00046	47	nan
Campylobacter showae	204	S	1229	1234	2463	0.00017	0.00008	0.00000	0.00008	48	5.0
Campylobacter hyointestinalis	198	S	167	168	335	0.00002	0.00001	0.00000	0.00001	34	4.0
Campylobacter upsaliensis	28080	S	131	133	264	0.00002	0.00001	0.00000	0.00001	35	5.0
Campylobacter concisus	199	S	113	113	226	0.00002	0.00001	0.00000	0.00001	40	4.0
Helicobacter sp. NHP21005	3040201	S	191905	193149	385054	0.02644	0.01326	0.01206	0.01162	48	nan
Helicobacter bilis	37372	S	24160	24218	48378	0.00332	0.00166	0.00185	0.00174	34	nan
Helicobacter cinaedi	213	S	814	815	1629	0.00011	0.00006	0.00000	0.00005	40	5.0
Malaciobacter marinus	505249	S	17597	17889	35486	0.00244	0.00123	0.00180	0.00173	26	nan
Poseidonibacter parvus	1850254	S	5070	8251	13321	0.00091	0.00057	0.00083	0.00078	26	nan
Halarcobacter ebronensis	1462615	S	4089	4097	8186	0.00056	0.00028	0.00038	0.00036	29	nan
Blastopirellula sp. J2-11	2943192	S	77017	77022	154039	0.01058	0.00529	0.00473	0.00453	57	nan
Rubripirellula lacrimiformis	1930273	S	8147	8151	16298	0.00112	0.00056	0.00050	0.00048	57	nan
Thalassoglobus polymorphus	2527994	S	47255	47264	94519	0.00649	0.00325	0.00286	0.00275	51	nan
Calycomorphotria hydatis	2528027	S	31024	31024	62048	0.00426	0.00213	0.00189	0.00181	55	nan
Candidatus Methylacidiphilum fumarolicum	591154	S	12084	12095	24179	0.00166	0.00083	0.00080	0.00077	41	nan
Puniceicoccus sp. CR14	3080537	S	11308	11308	22616	0.00155	0.00078	0.00070	0.00067	48	nan
Chlamydia serpentis	1967782	S	10690	10706	21396	0.00147	0.00074	0.00076	0.00072	37	nan
Borrelia sp. BU AG58	2887345	S	110497	110637	221134	0.01518	0.00760	0.00854	0.00807	32	nan
Borrelia sp. HM	1882662	S	5153	5161	10314	0.00071	0.00035	0.00051	0.00048	26	nan
Oceanispirochaeta crateris	2518645	S	54768	54769	109537	0.00752	0.00376	0.00353	0.00339	44	nan
Thiospirochaeta perfilievii	252967	S	3307	3307	6614	0.00045	0.00023	0.00027	0.00025	32	nan
Sphaerochaeta associata	1129264	S	6467	6744	13211	0.00091	0.00046	0.00042	0.00040	52	nan
Sphaerochaeta globosa	1131703	S	2254	2336	4590	0.00032	0.00016	0.00000	0.00014	51	4.0
uncultured Sphaerochaeta sp.	886478	S	321	323	644	0.00004	0.00002	0.00000	0.00002	48	4.0
Brachyspira hyodysenteriae	159	S	11082	11137	22219	0.00153	0.00076	0.00106	0.00112	27	nan
Caldisericum exile	693075	S	105125	105125	210250	0.01444	0.00722	0.00775	0.00740	36	nan
Acetomicrobium mobile	97477	S	58431	58431	116862	0.00802	0.00401	0.00361	0.00347	48	nan
Flexistipes sinusarabici	2352	S	34741	34742	69483	0.00477	0.00239	0.00240	0.00231	39	nan
Leptotrichia trevisanii	109328	S	25363	25748	51111	0.00351	0.00177	0.00224	0.00218	31	nan
Fusobacterium pseudoperiodonticum	2663009	S	5464	5653	11117	0.00076	0.00039	0.00057	0.00052	28	nan
Trichlorobacter ammonificans	2916410	S	22277	22292	44569	0.00306	0.00153	0.00150	0.00141	64	nan
Cupidesulfovibrio liaohensis	2604158	S	8386	8409	16795	0.00115	0.00058	0.00061	0.00059	68	nan
Desulfovibrio vulgaris	881	S	148	176	324	0.00002	0.00001	0.00000	0.00001	65	4.0
Thermosulfidibacter takaii	412593	S	24079	24080	48159	0.00331	0.00165	0.00154	0.00148	43	nan
Marinitoga sp. BP5-C20A	2809031	S	22223	22223	44446	0.00305	0.00153	0.00225	0.00216	27	nan
Endomicrobium proavitum	1408281	S	19083	19105	38188	0.00262	0.00131	0.00130	0.00125	40	nan
Candidatus Nanosynbacter featherlites	2572088	S	10944	11016	21960	0.00151	0.00076	0.00068	0.00065	50	nan
Corallococcus coralloides	184914	S	10392	10548	20940	0.00144	0.00072	0.00090	0.00085	71	nan
Geothrix sp.	1962974	S	4770	4778	9548	0.00066	0.00033	0.00037	0.00035	69	nan
Homo sapiens	9606	S	419	420	839	0.00006	0.00003	0.00000	0.00003	38	3.0
Christensenvirus IME542	2734000	S	153	153	306	0.00002	0.00001	0.00000	0.00001	44	4.0
