name	taxonomy_id	taxonomy_lvl	kraken_assigned_reads	added_reads	new_est_reads	fraction_total_reads	Bracken_estimate	GuaCAMOLE_estimate	GuaCAMOLE_est_eff	GC content	Taxon Removal Cycle
Vibrio japonicus	1824638	S	7900510	7986612	15887122	0.87014	0.43743	nan	nan	46	nan
Vibrio parahaemolyticus	670	S	1127	3028	4155	0.00023	0.00017	nan	nan	46	5.0
Vibrio harveyi	669	S	293	413	706	0.00004	0.00002	nan	nan	46	5.0
Vibrio alginolyticus	663	S	286	526	812	0.00004	0.00003	nan	nan	46	5.0
Vibrio campbellii	680	S	255	315	570	0.00003	0.00002	nan	nan	47	5.0
Vibrio cholerae	666	S	258	1881	2139	0.00012	0.00010	nan	nan	46	5.0
Vibrio vulnificus	672	S	173	214	387	0.00002	0.00001	nan	nan	48	5.0
Vibrio taketomensis	2572923	S	102	102	204	0.00001	0.00001	nan	nan	45	4.0
Photobacterium leiognathi	553611	S	147	161	308	0.00002	0.00001	nan	nan	43	5.0
Halomonas sp. SH5A2	2749040	S	1923316	1932505	3855821	0.21118	0.10584	nan	nan	59	4.0
Escherichia coli	562	S	402	1219	1621	0.00009	0.00007	nan	nan	52	4.0
Klebsiella pneumoniae	573	S	194	732	926	0.00005	0.00004	nan	nan	58	5.0
Salmonella enterica	28901	S	234	1426	1660	0.00009	0.00008	nan	nan	48	5.0
Shewanella sp. MEBiC00475	2575361	S	175	307	482	0.00003	0.00002	nan	nan	42	4.0
Ruegeria sp. THAF33	2587853	S	4051274	4230072	8281346	0.45357	0.23168	nan	nan	59	4.0
Ruegeria sp. SCSIO 43209	2793010	S	3860	3970	7830	0.00043	0.00022	nan	nan	57	4.0
Ruegeria sp. B32	2867020	S	3263	3283	6546	0.00036	0.00018	nan	nan	61	nan
Ruegeria sp. AD91A	2293862	S	3038	3066	6104	0.00033	0.00017	nan	nan	58	4.0
Ruegeria sp. YS9	2966453	S	2144	2194	4338	0.00024	0.00012	nan	nan	59	5.0
Ruegeria sp. TM1040	292414	S	1317	1333	2650	0.00015	0.00007	nan	nan	61	5.0
Ruegeria pomeroyi	89184	S	5511	5548	11059	0.00061	0.00030	nan	nan	65	5.0
Ruegeria conchae	981384	S	5349	5389	10738	0.00059	0.00030	nan	nan	56	4.0
Sulfitobacter sp. SK012	1389005	S	3103	3109	6212	0.00034	0.00017	nan	nan	55	5.0
Sulfitobacter sp. JL08	2070369	S	2440	2451	4891	0.00027	0.00013	nan	nan	57	4.0
Sulfitobacter sp. SK011	1389004	S	1914	1923	3837	0.00021	0.00011	nan	nan	57	5.0
Sulfitobacter sp. S223	2867023	S	1757	1763	3520	0.00019	0.00010	nan	nan	56	5.0
Sulfitobacter sp. BSw21498	664426	S	1606	1662	3268	0.00018	0.00009	nan	nan	59	4.0
Sulfitobacter sp. S190	2867022	S	1371	1379	2750	0.00015	0.00008	nan	nan	62	5.0
Sulfitobacter sp. THAF37	2587855	S	1129	1379	2508	0.00014	0.00008	nan	nan	63	nan
Sulfitobacter sp. W027	2867025	S	658	823	1481	0.00008	0.00005	nan	nan	60	nan
Sulfitobacter sp. M368	2867021	S	563	1462	2025	0.00011	0.00008	nan	nan	59	nan
Sulfitobacter sp. DSM 110093	2883127	S	528	667	1195	0.00007	0.00004	nan	nan	59	5.0
Sulfitobacter sp. SK025	1389011	S	338	883	1221	0.00007	0.00005	nan	nan	60	5.0
Sulfitobacter sp. W002	2867024	S	297	553	850	0.00005	0.00003	nan	nan	61	nan
Sulfitobacter sp. B30-2	2785912	S	173	544	717	0.00004	0.00003	nan	nan	61	nan
Sulfitobacter sp. CB2047	1525218	S	137	550	687	0.00004	0.00003	nan	nan	60	nan
Sulfitobacter sp. D7	1968541	S	119	776	895	0.00005	0.00004	nan	nan	62	nan
Sulfitobacter sp. LC.270.F.C4	3079556	S	100	569	669	0.00004	0.00003	nan	nan	61	5.0
Sulfitobacter mediterraneus	83219	S	3864	5407	9271	0.00051	0.00030	nan	nan	59	nan
Sulfitobacter faviae	1775881	S	1256	1539	2795	0.00015	0.00008	nan	nan	62	nan
Sulfitobacter albidus	2829501	S	1092	1096	2188	0.00012	0.00006	nan	nan	64	5.0
Sulfitobacter indolifex	225422	S	871	998	1869	0.00010	0.00005	nan	nan	59	5.0
Sulfitobacter alexandrii	1917485	S	675	792	1467	0.00008	0.00004	nan	nan	64	nan
Sulfitobacter pontiacus	60137	S	538	1445	1983	0.00011	0.00008	nan	nan	60	nan
Sulfitobacter dubius	218673	S	448	644	1092	0.00006	0.00004	nan	nan	60	5.0
Phaeobacter inhibens	221822	S	5282	7115	12397	0.00068	0.00039	nan	nan	60	5.0
Phaeobacter gallaeciensis	60890	S	4906	5778	10684	0.00059	0.00032	nan	nan	60	nan
Phaeobacter porticola	1844006	S	2004	2412	4416	0.00024	0.00013	nan	nan	59	5.0
Phaeobacter piscinae	1580596	S	1911	2780	4691	0.00026	0.00015	nan	nan	61	nan
Phaeobacter sp. LSS9	681157	S	213	431	644	0.00004	0.00002	nan	nan	61	nan
Leisingera sp. S132	2867016	S	1728	1968	3696	0.00020	0.00011	nan	nan	64	nan
Leisingera sp. M527	2867014	S	607	1479	2086	0.00011	0.00008	nan	nan	63	nan
Leisingera sp. NJS201	2508306	S	434	1147	1581	0.00009	0.00006	nan	nan	63	nan
Leisingera sp. M658	2867015	S	376	973	1349	0.00007	0.00005	nan	nan	62	nan
Leisingera sp. M523	2867013	S	332	979	1311	0.00007	0.00005	nan	nan	63	nan
Leisingera sp. NJS204	2508307	S	270	694	964	0.00005	0.00004	nan	nan	62	nan
Leisingera caerulea	506591	S	2226	2819	5045	0.00028	0.00015	nan	nan	65	nan
Leisingera aquaemixtae	1396826	S	1559	2080	3639	0.00020	0.00011	nan	nan	65	nan
Leisingera methylohalidivorans	133924	S	1496	1668	3164	0.00017	0.00009	nan	nan	63	nan
Leisingera thetidis	2930199	S	1241	1511	2752	0.00015	0.00008	nan	nan	65	nan
Roseovarius sp. THAF9	2587847	S	521	565	1086	0.00006	0.00003	nan	nan	64	5.0
Roseovarius sp. SCSIO 43702	2823043	S	418	419	837	0.00005	0.00002	nan	nan	67	5.0
Roseovarius sp. THAF27	2587850	S	215	354	569	0.00003	0.00002	nan	nan	66	nan
Roseovarius sp. TM1035	391613	S	142	449	591	0.00003	0.00002	nan	nan	61	nan
Roseovarius sp. THAF8	2587846	S	130	208	338	0.00002	0.00001	nan	nan	65	nan
Roseovarius faecimaris	2494550	S	1081	1083	2164	0.00012	0.00006	nan	nan	63	5.0
Roseovarius tolerans	74031	S	765	767	1532	0.00008	0.00004	nan	nan	64	5.0
Roseovarius indicus	540747	S	555	587	1142	0.00006	0.00003	nan	nan	65	nan
Roseovarius mucosus	215743	S	198	611	809	0.00004	0.00003	nan	nan	61	5.0
Roseovarius pelagicus	2980108	S	184	256	440	0.00002	0.00001	nan	nan	59	4.0
Pseudosulfitobacter pseudonitzschiae	1402135	S	3257	3656	6913	0.00038	0.00020	nan	nan	62	nan
Pseudosulfitobacter sp. DSM 107133	2883100	S	1446	1687	3133	0.00017	0.00009	nan	nan	62	5.0
Octadecabacter temperatus	1458307	S	1356	1366	2722	0.00015	0.00007	nan	nan	55	4.0
Octadecabacter sp. SW4	2602067	S	1250	1288	2538	0.00014	0.00007	nan	nan	60	5.0
Octadecabacter arcticus	53946	S	1242	1365	2607	0.00014	0.00007	nan	nan	56	4.0
Octadecabacter antarcticus	1217908	S	878	949	1827	0.00010	0.00005	nan	nan	55	4.0
Celeribacter baekdonensis	875171	S	1251	1297	2548	0.00014	0.00007	nan	nan	58	4.0
uncultured Celeribacter sp.	1303376	S	1203	1209	2412	0.00013	0.00007	nan	nan	61	5.0
Celeribacter marinus	1397108	S	1002	1004	2006	0.00011	0.00006	nan	nan	57	4.0
Celeribacter ethanolicus	1758178	S	464	494	958	0.00005	0.00003	nan	nan	62	5.0
Celeribacter indicus	1208324	S	222	245	467	0.00003	0.00001	nan	nan	66	nan
Roseobacter litoralis	42443	S	1319	1421	2740	0.00015	0.00008	nan	nan	58	4.0
Roseobacter denitrificans	2434	S	1149	1255	2404	0.00013	0.00007	nan	nan	59	5.0
Roseobacter ponti	1891787	S	979	990	1969	0.00011	0.00005	nan	nan	61	nan
Thalassovita gelatinovora	53501	S	1268	1274	2542	0.00014	0.00007	nan	nan	59	5.0
Thalassovita sp.	1979401	S	974	992	1966	0.00011	0.00005	nan	nan	62	nan
Thalassococcus sp. S3	2017482	S	1445	1446	2891	0.00016	0.00008	nan	nan	61	nan
Jannaschia sp. CCS1	290400	S	570	571	1141	0.00006	0.00003	nan	nan	62	5.0
Jannaschia sp. M317	2867011	S	478	511	989	0.00005	0.00003	nan	nan	65	5.0
Tropicibacter oceani	3058420	S	1149	1153	2302	0.00013	0.00006	nan	nan	64	5.0
Lentibacter algarum	576131	S	1071	1073	2144	0.00012	0.00006	nan	nan	57	4.0
Tateyamaria omphalii	299262	S	1060	1062	2122	0.00012	0.00006	nan	nan	63	5.0
Thalassobacter stenotrophicus	266809	S	1031	1032	2063	0.00011	0.00006	nan	nan	59	5.0
Antarctobacter heliothermus	74033	S	963	965	1928	0.00011	0.00005	nan	nan	62	5.0
Loktanella salsilacus	195913	S	962	965	1927	0.00011	0.00005	nan	nan	61	5.0
Falsihalocynthiibacter arcticus	1579316	S	946	947	1893	0.00010	0.00005	nan	nan	54	4.0
Salipiger sp. CCB-MM3	1792508	S	359	362	721	0.00004	0.00002	nan	nan	65	nan
Salipiger profundus	1229727	S	264	284	548	0.00003	0.00002	nan	nan	68	nan
Salipiger abyssi	1250539	S	235	254	489	0.00003	0.00001	nan	nan	66	nan
Roseivivax sp. THAF30	2587852	S	227	551	778	0.00004	0.00003	nan	nan	65	nan
Roseivivax marinus	1379903	S	102	103	205	0.00001	0.00001	nan	nan	68	5.0
Mameliella alba	561184	S	601	613	1214	0.00007	0.00003	nan	nan	65	nan
Maribius sp. THAF1	2587842	S	536	537	1073	0.00006	0.00003	nan	nan	64	5.0
Ketogulonicigenium vulgare	92945	S	321	328	649	0.00004	0.00002	nan	nan	62	5.0
Ketogulonicigenium robustum	92947	S	211	212	423	0.00002	0.00001	nan	nan	63	5.0
Oceanicola sp. D3	2587163	S	519	519	1038	0.00006	0.00003	nan	nan	65	5.0
Ponticoccus alexandrii	1943633	S	428	431	859	0.00005	0.00002	nan	nan	67	5.0
Roseibacterium elongatum	159346	S	389	390	779	0.00004	0.00002	nan	nan	66	5.0
Actibacterium sp. EMB200-NS6	1609966	S	368	394	762	0.00004	0.00002	nan	nan	64	nan
Dinoroseobacter shibae	215813	S	290	306	596	0.00003	0.00002	nan	nan	66	nan
Alloyangia pacifica	311180	S	256	257	513	0.00003	0.00001	nan	nan	68	5.0
Parasedimentitalea marina	2483033	S	3742	4020	7762	0.00043	0.00022	nan	nan	57	4.0
Parasedimentitalea psychrophila	2997337	S	3118	3507	6625	0.00036	0.00019	nan	nan	59	5.0
Paracoccus sp. AK26	2589076	S	143	410	553	0.00003	0.00002	nan	nan	66	5.0
Paracoccus sp. SCSIO 75233	3017782	S	107	172	279	0.00002	0.00001	nan	nan	63	5.0
Paracoccus sp. MC1862	2760307	S	101	111	212	0.00001	0.00001	nan	nan	67	5.0
Paracoccus jeotgali	2065379	S	717	804	1521	0.00008	0.00004	nan	nan	66	5.0
Paracoccus seriniphilus	184748	S	352	371	723	0.00004	0.00002	nan	nan	61	5.0
Paracoccus fistulariae	658446	S	308	385	693	0.00004	0.00002	nan	nan	64	nan
Paracoccus aerodenitrificans	3017781	S	249	520	769	0.00004	0.00003	nan	nan	61	nan
Paracoccus zhejiangensis	1077935	S	208	251	459	0.00003	0.00001	nan	nan	66	nan
Paracoccus aminophilus	34003	S	207	259	466	0.00003	0.00001	nan	nan	63	nan
Paracoccus albus	3017784	S	205	269	474	0.00003	0.00001	nan	nan	61	5.0
Paracoccus tegillarcae	1529068	S	198	210	408	0.00002	0.00001	nan	nan	63	5.0
Paracoccus denitrificans	266	S	161	242	403	0.00002	0.00001	nan	nan	67	5.0
Paracoccus methylovorus	2812658	S	141	185	326	0.00002	0.00001	nan	nan	64	5.0
Paracoccus kondratievae	135740	S	140	177	317	0.00002	0.00001	nan	nan	63	nan
Paracoccus alcaliphilus	34002	S	128	152	280	0.00002	0.00001	nan	nan	65	nan
Paracoccus sediminicola	3017783	S	124	167	291	0.00002	0.00001	nan	nan	64	nan
Paracoccus stylophorae	659350	S	120	168	288	0.00002	0.00001	nan	nan	66	nan
Paracoccus marcusii	59779	S	117	243	360	0.00002	0.00001	nan	nan	67	nan
Aliiroseovarius crassostreae	154981	S	2799	2862	5661	0.00031	0.00016	nan	nan	60	nan
Aliiroseovarius sp. M344	2867010	S	1145	1388	2533	0.00014	0.00008	nan	nan	58	5.0
Tritonibacter mobilis	379347	S	1371	1840	3211	0.00018	0.00010	nan	nan	59	5.0
Tritonibacter scottomollicae	483013	S	1362	1428	2790	0.00015	0.00008	nan	nan	62	nan
Tritonibacter sp. AK171	3048493	S	281	676	957	0.00005	0.00004	nan	nan	59	nan
Cognatishimia activa	1715691	S	3021	3043	6064	0.00033	0.00017	nan	nan	56	4.0
Marivivens sp. JLT3646	1920883	S	1287	1695	2982	0.00016	0.00009	nan	nan	57	4.0
Marivivens sp. LCG002	3051171	S	649	679	1328	0.00007	0.00004	nan	nan	59	5.0
Pseudooceanicola atlanticus	1461694	S	510	545	1055	0.00006	0.00003	nan	nan	65	5.0
Pseudooceanicola nitratireducens	517719	S	456	489	945	0.00005	0.00003	nan	nan	65	5.0
Pseudooceanicola algae	1537215	S	308	324	632	0.00003	0.00002	nan	nan	64	5.0
Rhodophyticola sp. CSW1921	2978973	S	750	768	1518	0.00008	0.00004	nan	nan	60	nan
Rhodophyticola sp. CCM32	2916397	S	480	494	974	0.00005	0.00003	nan	nan	61	5.0
Amylibacter sp. IMCC11727	3039851	S	1034	1043	2077	0.00011	0.00006	nan	nan	55	4.0
Pukyongiella litopenaei	2605946	S	948	1209	2157	0.00012	0.00007	nan	nan	65	nan
Abyssibius alkaniclasticus	2881234	S	882	973	1855	0.00010	0.00005	nan	nan	62	4.0
Profundibacter amoris	2171755	S	762	771	1533	0.00008	0.00004	nan	nan	59	5.0
Pseudopuniceibacterium antarcticum	2613965	S	760	790	1550	0.00008	0.00004	nan	nan	63	5.0
Pseudorhodobacter turbinis	2500533	S	691	716	1407	0.00008	0.00004	nan	nan	59	5.0
Pikeienuella piscinae	2748098	S	642	678	1320	0.00007	0.00004	nan	nan	66	5.0
Gemmobacter fulvus	2840474	S	427	635	1062	0.00006	0.00003	nan	nan	64	nan
Gemmobacter aquarius	2169400	S	137	171	308	0.00002	0.00001	nan	nan	64	nan
Pacificitalea manganoxidans	1411902	S	493	637	1130	0.00006	0.00003	nan	nan	64	nan
Yoonia vestfoldensis	245188	S	451	486	937	0.00005	0.00003	nan	nan	61	nan
Rhodovulum sp. P5	1564506	S	258	274	532	0.00003	0.00002	nan	nan	65	5.0
Rhodovulum sp. MB263	308754	S	117	139	256	0.00001	0.00001	nan	nan	68	nan
Qingshengfaniella alkalisoli	2599296	S	453	474	927	0.00005	0.00003	nan	nan	59	5.0
Roseicitreum antarcticum	564137	S	431	441	872	0.00005	0.00002	nan	nan	63	5.0
Rhodobacter sp. LPB0142	1850250	S	120	174	294	0.00002	0.00001	nan	nan	66	nan
Rhodobacter capsulatus	1061	S	210	248	458	0.00003	0.00001	nan	nan	66	5.0
Fuscovulum blasticum	1075	S	210	231	441	0.00002	0.00001	nan	nan	67	5.0
Fuscovulum sp. YMD61	3042299	S	198	221	419	0.00002	0.00001	nan	nan	63	5.0
Rhodobaca barguzinensis	441209	S	395	424	819	0.00004	0.00002	nan	nan	60	5.0
Thioclava nitratireducens	1915078	S	200	260	460	0.00003	0.00001	nan	nan	64	nan
Thioclava electrotropha	1549850	S	145	165	310	0.00002	0.00001	nan	nan	64	nan
Sinirhodobacter sp. HNIBRBA609	3015995	S	339	402	741	0.00004	0.00002	nan	nan	65	nan
Silicimonas algicola	1826607	S	293	299	592	0.00003	0.00002	nan	nan	66	5.0
Roseinatronobacter sp. S2	3035471	S	287	303	590	0.00003	0.00002	nan	nan	60	5.0
Pontibrevibacter nitratireducens	2758038	S	277	337	614	0.00003	0.00002	nan	nan	63	nan
Brevirhabdus pacifica	1267768	S	254	340	594	0.00003	0.00002	nan	nan	65	nan
Tabrizicola piscis	2494374	S	225	268	493	0.00003	0.00001	nan	nan	64	5.0
Algicella marina	2683284	S	204	207	411	0.00002	0.00001	nan	nan	61	5.0
Neotabrizicola shimadae	2807096	S	187	233	420	0.00002	0.00001	nan	nan	66	5.0
Frigidibacter mobilis	1335048	S	186	230	416	0.00002	0.00001	nan	nan	66	nan
Cereibacter azotoformans	43057	S	102	125	227	0.00001	0.00001	nan	nan	69	5.0
Gymnodinialimonas ceratoperidinii	2856823	S	148	151	299	0.00002	0.00001	nan	nan	65	5.0
Haematobacter massiliensis	195105	S	141	220	361	0.00002	0.00001	nan	nan	64	nan
Pelagovum pacificum	2588711	S	136	152	288	0.00002	0.00001	nan	nan	67	5.0
Pseudohalocynthiibacter aestuariivivens	1591409	S	135	236	371	0.00002	0.00001	nan	nan	60	4.0
Falsirhodobacter algicola	2692330	S	116	133	249	0.00001	0.00001	nan	nan	67	5.0
Pararhizobium sp. IMCC3301	3067904	S	102	105	207	0.00001	0.00001	nan	nan	56	2.0
Mesorhizobium terrae	2725666	S	107	572	679	0.00004	0.00003	nan	nan	63	nan
Roseibium sp. Sym1	3016006	S	134	660	794	0.00004	0.00004	nan	nan	63	nan
uncultured Roseibium sp.	1936171	S	117	133	250	0.00001	0.00001	nan	nan	61	5.0
Roseibium alexandrii	388408	S	111	167	278	0.00002	0.00001	nan	nan	58	5.0
Labrenzia sp. VG12	2021862	S	168	217	385	0.00002	0.00001	nan	nan	61	5.0
Labrenzia sp. PHM005	2590016	S	125	145	270	0.00001	0.00001	nan	nan	57	4.0
Maritalea myrionectae	454601	S	117	129	246	0.00001	0.00001	nan	nan	53	4.0
uncultured Cohaesibacter sp.	1002546	S	235	325	560	0.00003	0.00002	nan	nan	58	5.0
Desulforamulus ferrireducens	1833852	S	3875663	3920347	7796010	0.42699	0.21472	nan	nan	46	5.0
