name	taxonomy_id	taxonomy_lvl	kraken_assigned_reads	added_reads	new_est_reads	fraction_total_reads	Bracken_estimate	GuaCAMOLE_estimate	GuaCAMOLE_est_eff	GC content	Taxon Removal Cycle
Providencia sp. PROV114	2949825	S	166489	1837134	2003623	0.11537	0.10578	0.11449	0.10796	43	nan
Providencia sp. PROV099	2949815	S	1636	41615	43251	0.00249	0.00240	0.00260	0.00245	43	nan
Providencia sp. PROV252	2936799	S	1340	1423	2763	0.00016	0.00008	0.00009	0.00008	44	nan
Providencia sp. R33	2828763	S	1319	1349	2668	0.00015	0.00008	0.00008	0.00008	44	nan
Providencia sp. PROV101	2936786	S	451	179030	179481	0.01033	0.01031	0.01125	0.01051	43	nan
Providencia sp. PROV040	2949771	S	305	1208	1513	0.00009	0.00007	0.00008	0.00007	43	nan
Providencia sp. PROV188	2939731	S	213	230	443	0.00003	0.00001	0.00000	0.00001	45	5.0
Providencia sp. PROV175	2949878	S	209	1303	1512	0.00009	0.00008	0.00008	0.00008	43	nan
Providencia sp. 1701091	2603245	S	123	25806	25929	0.00149	0.00149	0.00161	0.00152	43	nan
Providencia sp. 1701011	2603244	S	115	266762	266877	0.01537	0.01536	0.01666	0.01567	43	nan
Providencia sp. PROV046	2949776	S	108	958	1066	0.00006	0.00006	0.00006	0.00006	42	nan
Providencia rettgeri	587	S	11330	43406	54736	0.00315	0.00250	0.00272	0.00255	42	nan
Providencia huaxiensis	2027290	S	3874	4379	8253	0.00048	0.00025	0.00028	0.00026	43	nan
Providencia alcalifaciens	126385	S	1287	1330	2617	0.00015	0.00008	0.00009	0.00008	44	nan
Providencia heimbachae	333962	S	1219	1273	2492	0.00014	0.00007	0.00000	0.00007	43	5.0
Providencia rustigianii	158850	S	654	668	1322	0.00008	0.00004	0.00004	0.00004	42	nan
Providencia sneebia	516075	S	571	576	1147	0.00007	0.00003	0.00000	0.00004	40	4.0
Providencia stuartii	588	S	251	1114	1365	0.00008	0.00006	0.00007	0.00007	43	nan
Providencia hangzhouensis	3031799	S	107	1082	1189	0.00007	0.00006	0.00007	0.00006	43	nan
Proteus mirabilis	584	S	210	261	471	0.00003	0.00002	0.00000	0.00002	40	4.0
Morganella morganii	582	S	202	204	406	0.00002	0.00001	0.00000	0.00001	54	4.0
Enterobacter hormaechei	158836	S	62035	1269697	1331732	0.07668	0.07311	0.07186	0.07106	57	nan
Enterobacter asburiae	61645	S	13006	63655	76661	0.00441	0.00367	0.00362	0.00357	57	nan
Enterobacter cloacae	550	S	4724	15999	20723	0.00119	0.00092	0.00090	0.00090	57	nan
Enterobacter cloacae complex sp.	2027919	S	1982	2941	4923	0.00028	0.00017	0.00000	0.00017	57	5.0
Enterobacter sp. BIDMC100	1686399	S	429	20512	20941	0.00121	0.00118	0.00116	0.00115	57	nan
Enterobacter sp. BIDMC 29	1329841	S	113	1256	1369	0.00008	0.00007	0.00007	0.00007	57	nan
Enterobacter roggenkampii	1812935	S	2201	4636	6837	0.00039	0.00027	0.00027	0.00026	58	nan
Enterobacter cancerogenus	69218	S	1311	1409	2720	0.00016	0.00008	0.00008	0.00008	58	nan
Enterobacter kobei	208224	S	1035	9176	10211	0.00059	0.00053	0.00052	0.00051	57	nan
Enterobacter ludwigii	299767	S	699	5691	6390	0.00037	0.00033	0.00032	0.00032	57	nan
Enterobacter chuandaensis	2497875	S	606	914	1520	0.00009	0.00005	0.00005	0.00005	58	nan
Enterobacter sichuanensis	2071710	S	449	556	1005	0.00006	0.00003	0.00003	0.00003	57	nan
Enterobacter chengduensis	2494701	S	400	585	985	0.00006	0.00003	0.00003	0.00003	58	nan
Enterobacter sp. RHBSTW-00994	2742676	S	510	531	1041	0.00006	0.00003	0.00000	0.00003	53	4.0
Enterobacter sp. DTU_2021_1002640_1_SI_PRY_ASU_LCPMC_013	3077940	S	357	3697	4054	0.00023	0.00021	0.00021	0.00021	57	nan
Enterobacter sp. CP102	2976431	S	257	371	628	0.00004	0.00002	0.00000	0.00002	56	5.0
Enterobacter sp. JUb54	2724468	S	199	202	401	0.00002	0.00001	0.00001	0.00001	59	nan
Enterobacter sp. CRENT-193	2051905	S	194	125058	125252	0.00721	0.00720	0.00708	0.00700	57	nan
Enterobacter sp. SA187	1914861	S	182	194	376	0.00002	0.00001	0.00001	0.00001	58	nan
Enterobacter sp. C2	2870346	S	153	156	309	0.00002	0.00001	0.00000	0.00001	59	5.0
Enterobacter sp. SGAir0187	2836161	S	143	502	645	0.00004	0.00003	0.00003	0.00003	58	nan
Enterobacter sp. AN-K1	2894203	S	111	4174	4285	0.00025	0.00024	0.00024	0.00023	57	nan
Enterobacter sp. 18A13	2565914	S	103	911	1014	0.00006	0.00005	0.00005	0.00005	58	nan
Enterobacter mori	539813	S	2428	3389	5817	0.00033	0.00020	0.00019	0.00019	57	nan
Enterobacter bugandensis	881260	S	1006	3431	4437	0.00026	0.00020	0.00020	0.00019	58	nan
Enterobacter oligotrophicus	2478464	S	853	972	1825	0.00011	0.00006	0.00000	0.00005	57	5.0
Enterobacter huaxiensis	2494702	S	766	945	1711	0.00010	0.00005	0.00006	0.00005	58	nan
Enterobacter soli	885040	S	283	396	679	0.00004	0.00002	0.00000	0.00002	56	5.0
Enterobacter pseudoroggenkampii	2996112	S	171	904	1075	0.00006	0.00005	0.00005	0.00005	58	nan
Salmonella enterica	28901	S	11966	172628	184594	0.01063	0.00994	0.00994	0.00963	55	nan
Salmonella sp. SSDFZ54	2500542	S	3196	89348	92544	0.00533	0.00514	0.00514	0.00499	55	nan
Salmonella bongori	54736	S	504	1006	1510	0.00009	0.00006	0.00006	0.00006	54	nan
Kluyvera ascorbata	51288	S	117010	200959	317969	0.01831	0.01157	0.01119	0.01122	57	nan
Kluyvera intermedia	61648	S	208	214	422	0.00002	0.00001	0.00000	0.00001	55	5.0
Kluyvera cryocrescens	580	S	180	187	367	0.00002	0.00001	0.00000	0.00001	55	5.0
Kluyvera sp. CRP	2873269	S	127	392	519	0.00003	0.00002	0.00002	0.00002	57	nan
Kluyvera genomosp. 3	2774055	S	112	371	483	0.00003	0.00002	0.00002	0.00002	57	nan
Citrobacter freundii	546	S	10973	18061	29034	0.00167	0.00104	0.00115	0.00100	54	nan
Citrobacter portucalensis	1639133	S	6551	8122	14673	0.00084	0.00047	0.00052	0.00045	54	nan
Citrobacter braakii	57706	S	6402	13838	20240	0.00117	0.00080	0.00092	0.00077	54	nan
Citrobacter werkmanii	67827	S	2558	4059	6617	0.00038	0.00023	0.00028	0.00023	54	nan
Citrobacter youngae	133448	S	754	1461	2215	0.00013	0.00008	0.00010	0.00008	54	nan
Citrobacter pasteurii	1563222	S	9304	10752	20056	0.00115	0.00062	0.00062	0.00060	54	nan
Citrobacter arsenatis	2546350	S	6027	6252	12279	0.00071	0.00036	0.00038	0.00035	55	nan
Citrobacter sp. On28M	2678565	S	1473	1499	2972	0.00017	0.00009	0.00000	0.00009	53	5.0
Citrobacter sp. FDAARGOS_156	1702170	S	453	1177	1630	0.00009	0.00007	0.00008	0.00007	53	nan
Citrobacter sp. Colony219	2861802	S	345	987	1332	0.00008	0.00006	0.00000	0.00005	53	5.0
Citrobacter sp. R56	1573676	S	291	381	672	0.00004	0.00002	0.00000	0.00002	55	5.0
Citrobacter sp. RHB25-C09	2742624	S	282	287	569	0.00003	0.00002	0.00000	0.00002	55	5.0
Citrobacter sp. S171	2971264	S	196	252	448	0.00003	0.00001	0.00000	0.00001	55	5.0
Citrobacter sp. RHB36-C18	2742627	S	112	353	465	0.00003	0.00002	0.00002	0.00002	54	nan
Citrobacter sp. CRE-46	1703250	S	107	214	321	0.00002	0.00001	0.00001	0.00001	54	nan
Citrobacter sp. RHBSTW-01013	2742677	S	101	284	385	0.00002	0.00002	0.00002	0.00002	54	nan
Citrobacter tructae	2562449	S	2149	2202	4351	0.00025	0.00013	0.00014	0.00012	53	nan
Citrobacter cronae	1748967	S	578	1233	1811	0.00010	0.00007	0.00008	0.00007	54	nan
Citrobacter farmeri	67824	S	343	355	698	0.00004	0.00002	0.00000	0.00002	55	5.0
Citrobacter amalonaticus	35703	S	255	346	601	0.00003	0.00002	0.00000	0.00002	55	5.0
Citrobacter rodentium	67825	S	241	61	302	0.00002	0.00000	0.00000	0.00000	53	nan
Citrobacter koseri	545	S	228	509	737	0.00004	0.00003	0.00000	0.00003	55	5.0
Klebsiella pneumoniae	573	S	1229	38687	39916	0.00230	0.00223	0.00246	0.00220	59	nan
Klebsiella quasipneumoniae	1463165	S	390	2555	2945	0.00017	0.00015	0.00016	0.00015	59	nan
Klebsiella michiganensis	1134687	S	367	2956	3323	0.00019	0.00017	0.00018	0.00017	59	nan
Klebsiella oxytoca	571	S	325	437	762	0.00004	0.00003	0.00003	0.00002	57	nan
Klebsiella variicola	244366	S	241	2900	3141	0.00018	0.00017	0.00018	0.00016	59	nan
Klebsiella grimontii	2058152	S	169	2733	2902	0.00017	0.00016	0.00017	0.00016	59	nan
Klebsiella huaxiensis	2153354	S	142	154	296	0.00002	0.00001	0.00001	0.00001	56	nan
Raoultella ornithinolytica	54291	S	368	572	940	0.00005	0.00003	0.00000	0.00003	57	5.0
Raoultella terrigena	577	S	152	157	309	0.00002	0.00001	0.00000	0.00001	59	4.0
Shigella flexneri	623	S	13989	111058	125047	0.00720	0.00639	0.00701	0.00618	53	nan
Shigella dysenteriae	622	S	168	437	605	0.00003	0.00003	0.00003	0.00002	53	nan
Shigella boydii	621	S	133	850	983	0.00006	0.00005	0.00005	0.00005	53	nan
Escherichia coli	562	S	5328	24881	30209	0.00174	0.00143	0.00157	0.00139	53	nan
Escherichia albertii	208962	S	282	291	573	0.00003	0.00002	0.00002	0.00002	52	nan
Escherichia fergusonii	564	S	200	279	479	0.00003	0.00002	0.00002	0.00002	52	nan
Escherichia marmotae	1499973	S	154	160	314	0.00002	0.00001	0.00001	0.00001	52	nan
Escherichia sp. E4742	2044467	S	103	122	225	0.00001	0.00001	0.00001	0.00001	53	nan
Kosakonia cowanii	208223	S	120	178	298	0.00002	0.00001	0.00000	0.00001	58	4.0
Serratia entomophila	42906	S	197741	202777	400518	0.02306	0.01168	0.00000	0.01166	62	5.0
Serratia marcescens	615	S	6711	8017	14728	0.00085	0.00046	0.00000	0.00046	63	5.0
Serratia plymuthica	82996	S	1652	1720	3372	0.00019	0.00010	0.00000	0.00010	58	5.0
Serratia sp. 1D1416	2447890	S	438	542	980	0.00006	0.00003	0.00000	0.00003	64	5.0
Serratia sp. FS14	1327989	S	163	226	389	0.00002	0.00001	0.00000	0.00001	63	5.0
Serratia sp. FDAARGOS_506	2420306	S	143	152	295	0.00002	0.00001	0.00000	0.00001	62	4.0
Serratia ureilytica	300181	S	941	1469	2410	0.00014	0.00008	0.00000	0.00009	63	5.0
Serratia liquefaciens	614	S	826	866	1692	0.00010	0.00005	0.00000	0.00005	58	5.0
Serratia proteamaculans	28151	S	820	838	1658	0.00010	0.00005	0.00000	0.00005	57	5.0
Serratia fonticola	47917	S	495	514	1009	0.00006	0.00003	0.00000	0.00003	56	5.0
Serratia nevei	2703794	S	403	709	1112	0.00006	0.00004	0.00000	0.00004	62	5.0
Serratia ficaria	61651	S	381	478	859	0.00005	0.00003	0.00000	0.00003	63	5.0
Serratia odorifera	618	S	230	231	461	0.00003	0.00001	0.00000	0.00001	58	4.0
Serratia quinivorans	137545	S	226	228	454	0.00003	0.00001	0.00000	0.00001	57	4.0
Serratia symbiotica	138074	S	184	184	368	0.00002	0.00001	0.00000	0.00001	54	4.0
Serratia inhibens	2338073	S	143	145	288	0.00002	0.00001	0.00000	0.00001	58	4.0
Serratia grimesii	82995	S	141	141	282	0.00002	0.00001	0.00000	0.00001	54	4.0
Serratia rubidaea	61652	S	111	113	224	0.00001	0.00001	0.00000	0.00001	63	4.0
Yersinia canariae	2607663	S	110341	112315	222656	0.01282	0.00647	0.00660	0.00628	49	nan
Yersinia intermedia	631	S	2978	4165	7143	0.00041	0.00024	0.00000	0.00023	49	5.0
Yersinia enterocolitica	630	S	1646	1744	3390	0.00020	0.00010	0.00000	0.00010	49	5.0
Yersinia ruckeri	29486	S	1015	1022	2037	0.00012	0.00006	0.00000	0.00006	50	4.0
Yersinia pseudotuberculosis	633	S	491	609	1100	0.00006	0.00004	0.00000	0.00003	49	4.0
Yersinia alsatica	2890317	S	572	582	1154	0.00007	0.00003	0.00000	0.00003	49	5.0
Yersinia frederiksenii	29484	S	566	678	1244	0.00007	0.00004	0.00000	0.00004	49	5.0
Yersinia kristensenii	28152	S	511	525	1036	0.00006	0.00003	0.00000	0.00003	49	4.0
Yersinia hibernica	2339259	S	453	459	912	0.00005	0.00003	0.00000	0.00003	50	5.0
Yersinia rohdei	29485	S	326	329	655	0.00004	0.00002	0.00000	0.00002	49	5.0
Yersinia aleksiciae	263819	S	320	324	644	0.00004	0.00002	0.00000	0.00002	51	4.0
Yersinia massiliensis	419257	S	246	366	612	0.00004	0.00002	0.00002	0.00002	49	nan
Yersinia rochesterensis	1604335	S	137	184	321	0.00002	0.00001	0.00001	0.00001	49	nan
Chania multitudinisentens	1639108	S	227	227	454	0.00003	0.00001	0.00000	0.00001	53	4.0
Pectobacterium sp. PL64	2738983	S	68790	77040	145830	0.00840	0.00444	0.00448	0.00429	54	nan
Pectobacterium atrosepticum	29471	S	257	272	529	0.00003	0.00002	0.00000	0.00002	53	5.0
Dickeya solani	1089444	S	216	258	474	0.00003	0.00001	0.00000	0.00001	59	4.0
Dickeya dianthicola	204039	S	109	158	267	0.00002	0.00001	0.00000	0.00001	58	4.0
Pragia fontium	82985	S	41208	41310	82518	0.00475	0.00238	0.00243	0.00233	47	nan
Pantoea rwandensis	1076550	S	104	140	244	0.00001	0.00001	0.00000	0.00001	56	4.0
Buchnera aphidicola	9	S	104	104	208	0.00001	0.00001	0.00000	0.00001	25	4.0
Acinetobacter bereziniae	106648	S	453983	683066	1137049	0.06547	0.03933	0.04647	0.04116	39	nan
Acinetobacter sp. Tol 5	710648	S	38845	122716	161561	0.00930	0.00707	0.00804	0.00738	39	nan
Acinetobacter sp. MYb10	1827285	S	14508	25026	39534	0.00228	0.00144	0.00161	0.00150	40	nan
Acinetobacter sp. Marseille-Q1620	2714110	S	13850	13908	27758	0.00160	0.00080	0.00000	0.00085	39	5.0
Acinetobacter sp. NyZ410	2929509	S	12939	27222	40161	0.00231	0.00157	0.00175	0.00163	40	nan
Acinetobacter sp. TAC-1	3027470	S	11209	23722	34931	0.00201	0.00137	0.00152	0.00142	40	nan
Acinetobacter sp. TGL-Y2	1407071	S	9879	9945	19824	0.00114	0.00057	0.00066	0.00059	41	nan
Acinetobacter sp. TTH0-4	1646498	S	9646	10263	19909	0.00115	0.00059	0.00066	0.00061	40	nan
Acinetobacter sp. WCHAc010034	1879049	S	9074	9672	18746	0.00108	0.00056	0.00000	0.00055	54	5.0
Acinetobacter sp. Z1	2953738	S	8392	8891	17283	0.00100	0.00051	0.00000	0.00054	40	5.0
Acinetobacter sp. CS-2	2798861	S	6971	8118	15089	0.00087	0.00047	0.00000	0.00048	42	5.0
Acinetobacter sp. KCTC 92772	3045147	S	6374	7035	13409	0.00077	0.00041	0.00000	0.00041	43	5.0
Acinetobacter sp. NCu2D-2	1608473	S	5716	6021	11737	0.00068	0.00035	0.00037	0.00035	41	nan
Acinetobacter sp. C32I	2950074	S	5584	5974	11558	0.00067	0.00034	0.00000	0.00035	42	5.0
Acinetobacter sp. GSS19	3020716	S	5352	5425	10777	0.00062	0.00031	0.00000	0.00031	47	4.0
Acinetobacter sp. 10FS3-1	2563897	S	4840	6243	11083	0.00064	0.00036	0.00000	0.00036	41	5.0
Acinetobacter sp. LoGeW2-3	1808001	S	4015	4210	8225	0.00047	0.00024	0.00000	0.00024	45	5.0
Acinetobacter sp. WCHA55	2004646	S	3954	4965	8919	0.00051	0.00029	0.00000	0.00029	41	5.0
Acinetobacter sp. ESL0695	2983215	S	3525	3540	7065	0.00041	0.00020	0.00000	0.00022	37	4.0
Acinetobacter sp. WCHA45	2004644	S	3184	4333	7517	0.00043	0.00025	0.00028	0.00026	40	nan
Acinetobacter sp. SCLZS86	2908637	S	3146	4502	7648	0.00044	0.00026	0.00028	0.00026	41	nan
Acinetobacter sp. ACNIH2	1758189	S	3030	6606	9636	0.00055	0.00038	0.00041	0.00039	41	nan
Acinetobacter sp. C16S1	2609668	S	2846	3371	6217	0.00036	0.00019	0.00021	0.00020	40	nan
Acinetobacter sp. ASP199	2773709	S	2594	2807	5401	0.00031	0.00016	0.00000	0.00016	45	5.0
Acinetobacter sp. XS-4	2923375	S	2182	2525	4707	0.00027	0.00015	0.00016	0.00015	40	nan
Acinetobacter sp. WCHAc010052	2004647	S	2090	3242	5332	0.00031	0.00019	0.00000	0.00019	43	5.0
Acinetobacter sp. PK01	2930198	S	2058	4433	6491	0.00037	0.00026	0.00028	0.00026	41	nan
Acinetobacter sp. YH16040_T	2929512	S	1800	4601	6401	0.00037	0.00026	0.00029	0.00027	41	nan
Acinetobacter sp. YH12138	2601122	S	1648	4155	5803	0.00033	0.00024	0.00026	0.00025	41	nan
Acinetobacter sp. YH16056_T	2929514	S	1618	3965	5583	0.00032	0.00023	0.00025	0.00023	41	nan
Acinetobacter sp. SH20PTE14	2905879	S	1427	3592	5019	0.00029	0.00021	0.00023	0.00021	41	nan
Acinetobacter sp. TR11	3003393	S	1399	4131	5530	0.00032	0.00024	0.00027	0.00025	40	nan
Acinetobacter sp. YH12068_T	2929515	S	1360	3882	5242	0.00030	0.00022	0.00024	0.00023	41	nan
Acinetobacter sp. AS23	2871688	S	1251	2098	3349	0.00019	0.00012	0.00013	0.00013	40	nan
Acinetobacter sp. NEB 394	2743575	S	1156	2491	3647	0.00021	0.00014	0.00016	0.00015	41	nan
Acinetobacter sp. TR3	3003392	S	1101	3335	4436	0.00026	0.00019	0.00022	0.00020	40	nan
Acinetobacter sp. AHP123	2913495	S	1042	1628	2670	0.00015	0.00009	0.00010	0.00010	40	nan
Acinetobacter sp. SWBY1	2079596	S	858	2106	2964	0.00017	0.00012	0.00013	0.00012	41	nan
Acinetobacter sp. F9	2853158	S	833	1636	2469	0.00014	0.00009	0.00000	0.00010	42	5.0
Acinetobacter sp. ANC 7201	3035288	S	806	1824	2630	0.00015	0.00011	0.00000	0.00011	39	5.0
Acinetobacter sp. Colony158	2810070	S	638	1277	1915	0.00011	0.00007	0.00008	0.00008	41	nan
Acinetobacter sp. WY4	2708348	S	614	1297	1911	0.00011	0.00007	0.00000	0.00008	42	5.0
Acinetobacter sp. ACNIH1	1636603	S	548	1700	2248	0.00013	0.00010	0.00011	0.00010	41	nan
Acinetobacter sp. UGAL515B_02	2986764	S	479	950	1429	0.00008	0.00005	0.00000	0.00006	42	5.0
Acinetobacter sp. NEB149	2725684	S	345	1257	1602	0.00009	0.00007	0.00008	0.00007	41	nan
Acinetobacter sp. FDAARGOS_724	2545797	S	286	1154	1440	0.00008	0.00007	0.00007	0.00007	41	nan
Acinetobacter sp. Res13-Abat-PEC07-P2-02	2777947	S	281	1027	1308	0.00008	0.00006	0.00007	0.00006	40	nan
Acinetobacter sp. BHS4	2836181	S	280	650	930	0.00005	0.00004	0.00004	0.00004	41	nan
Acinetobacter sp. LUNF3	2925837	S	255	1003	1258	0.00007	0.00006	0.00006	0.00006	41	nan
Acinetobacter wuhouensis	1879050	S	71862	79208	151070	0.00870	0.00456	0.00551	0.00478	40	nan
Acinetobacter baumannii	470	S	25223	94089	119312	0.00687	0.00542	0.00604	0.00564	40	nan
Acinetobacter pittii	48296	S	9773	16375	26148	0.00151	0.00094	0.00105	0.00098	40	nan
Acinetobacter seifertii	1530123	S	9568	11642	21210	0.00122	0.00067	0.00077	0.00070	40	nan
Acinetobacter calcoaceticus	471	S	8854	9444	18298	0.00105	0.00054	0.00063	0.00057	40	nan
Acinetobacter nosocomialis	106654	S	5556	7697	13253	0.00076	0.00044	0.00049	0.00046	40	nan
Acinetobacter lactucae	1785128	S	345	708	1053	0.00006	0.00004	0.00004	0.00004	40	nan
Acinetobacter guillouiae	106649	S	36981	51387	88368	0.00509	0.00296	0.00334	0.00310	40	nan
Acinetobacter defluvii	1871111	S	30723	35279	66002	0.00380	0.00203	0.00000	0.00214	40	5.0
Acinetobacter johnsonii	40214	S	21967	28702	50669	0.00292	0.00165	0.00000	0.00168	42	5.0
Acinetobacter piscicola	2006115	S	20408	22486	42894	0.00247	0.00129	0.00157	0.00136	39	nan
Acinetobacter indicus	756892	S	9528	10363	19891	0.00115	0.00060	0.00000	0.00059	47	5.0
Acinetobacter shaoyimingii	2715164	S	9426	9508	18934	0.00109	0.00055	0.00000	0.00057	40	5.0
Acinetobacter haemolyticus	29430	S	8483	9829	18312	0.00105	0.00057	0.00060	0.00058	40	nan
Acinetobacter lanii	2715163	S	8148	8270	16418	0.00095	0.00048	0.00000	0.00048	43	5.0
Acinetobacter colistiniresistens	280145	S	7507	7829	15336	0.00088	0.00045	0.00000	0.00045	43	5.0
Acinetobacter schindleri	108981	S	7462	8432	15894	0.00092	0.00049	0.00000	0.00049	44	5.0
Acinetobacter equi	1324350	S	7193	7255	14448	0.00083	0.00042	0.00000	0.00047	36	4.0
Acinetobacter vivianii	1776742	S	7168	7325	14493	0.00083	0.00042	0.00000	0.00042	44	5.0
Acinetobacter bouvetii	202951	S	6723	7215	13938	0.00080	0.00042	0.00000	0.00041	46	4.0
Acinetobacter cumulans	2136182	S	6599	6909	13508	0.00078	0.00040	0.00042	0.00041	41	nan
Acinetobacter larvae	1789224	S	6437	6458	12895	0.00074	0.00037	0.00042	0.00037	43	nan
Acinetobacter baylyi	202950	S	6254	6419	12673	0.00073	0.00037	0.00040	0.00038	42	nan
Acinetobacter radioresistens	40216	S	6157	6423	12580	0.00072	0.00037	0.00000	0.00038	44	5.0
Acinetobacter chinensis	2004650	S	5938	7457	13395	0.00077	0.00043	0.00000	0.00043	43	5.0
Acinetobacter ursingii	108980	S	5585	9874	15459	0.00089	0.00057	0.00062	0.00059	41	nan
Acinetobacter venetianus	52133	S	5555	6140	11695	0.00067	0.00035	0.00038	0.00036	40	nan
Acinetobacter dispersus	70348	S	5514	5750	11264	0.00065	0.00033	0.00000	0.00033	41	5.0
Acinetobacter proteolyticus	1776741	S	5116	5922	11038	0.00064	0.00034	0.00000	0.00035	42	5.0
Acinetobacter tibetensis	2943497	S	4922	5068	9990	0.00058	0.00029	0.00032	0.00030	41	nan
Acinetobacter lwoffii	28090	S	4905	8365	13270	0.00076	0.00048	0.00000	0.00049	42	5.0
Acinetobacter towneri	202956	S	4471	7656	12127	0.00070	0.00044	0.00000	0.00045	41	5.0
Acinetobacter wanghuae	2662362	S	4331	4404	8735	0.00050	0.00025	0.00000	0.00026	43	5.0
Acinetobacter junii	40215	S	4252	8381	12633	0.00073	0.00048	0.00055	0.00050	40	nan
Acinetobacter variabilis	70346	S	4191	6473	10664	0.00061	0.00037	0.00000	0.00038	43	5.0
Acinetobacter soli	487316	S	2438	3477	5915	0.00034	0.00020	0.00000	0.00020	42	5.0
Acinetobacter pseudolwoffii	2053287	S	1438	2308	3746	0.00022	0.00013	0.00000	0.00013	43	5.0
Acinetobacter portensis	1839785	S	829	2105	2934	0.00017	0.00012	0.00015	0.00013	39	nan
Acinetobacter oleivorans	1148157	S	754	1114	1868	0.00011	0.00006	0.00007	0.00007	40	nan
Acinetobacter septicus	465797	S	583	1474	2057	0.00012	0.00008	0.00009	0.00009	41	nan
Acinetobacter gerneri	202952	S	276	883	1159	0.00007	0.00005	0.00006	0.00005	39	nan
Acinetobacter terrestris	2529843	S	195	242	437	0.00003	0.00001	0.00002	0.00001	41	nan
Moraxella sp. ZY210820	2904123	S	131	204	335	0.00002	0.00001	0.00000	0.00001	37	4.0
Vibrio furnissii	29494	S	326268	337465	663733	0.03822	0.01943	0.01938	0.01869	52	nan
Vibrio sp. SCSIO 43137	3021011	S	132269	132643	264912	0.01525	0.00764	0.00773	0.00743	47	nan
Kangiella geojedonensis	914150	S	402637	402904	805541	0.04638	0.02320	0.02368	0.02264	44	nan
Pseudoalteromonas lipolytica	570156	S	52252	131865	184117	0.01060	0.00759	0.00793	0.00755	43	nan
Pseudoalteromonas rubra	43658	S	117	117	234	0.00001	0.00001	0.00000	0.00001	49	4.0
Pseudoalteromonas tunicata	314281	S	104	104	208	0.00001	0.00001	0.00000	0.00001	40	4.0
Shewanella chilikensis	558541	S	62681	73891	136572	0.00786	0.00425	0.00428	0.00410	55	nan
Shewanella algae	38313	S	17562	18524	36086	0.00208	0.00107	0.00000	0.00102	55	5.0
Shewanella indica	768528	S	3932	4451	8383	0.00048	0.00026	0.00026	0.00025	55	nan
Shewanella carassii	1987584	S	1156	1276	2432	0.00014	0.00007	0.00007	0.00007	54	nan
Shewanella xiamenensis	332186	S	433	592	1025	0.00006	0.00003	0.00000	0.00003	48	4.0
Shewanella baltica	62322	S	161	375	536	0.00003	0.00002	0.00000	0.00002	51	4.0
Paraglaciecola mesophila	197222	S	91247	91492	182739	0.01052	0.00527	0.00538	0.00513	45	nan
Pseudomonas cedrina	651740	S	123051	124834	247885	0.01427	0.00719	0.00766	0.00719	62	nan
Pseudomonas azotoformans	47878	S	88980	99483	188463	0.01085	0.00573	0.00600	0.00572	62	nan
Pseudomonas sp. 273	75692	S	186	320	506	0.00003	0.00002	0.00000	0.00002	69	4.0
Pseudomonas aeruginosa	287	S	178	355	533	0.00003	0.00002	0.00000	0.00002	65	5.0
Marinobacter sp. LQ44	1749259	S	29512	32499	62011	0.00357	0.00187	0.00195	0.00181	58	nan
Candidatus Thiothrix anitrata	2823902	S	164249	165900	330149	0.01901	0.00955	0.00963	0.00916	51	nan
Thiothrix subterranea	2735563	S	47760	47973	95733	0.00551	0.00276	0.00278	0.00266	53	nan
Thiothrix winogradskyi	96472	S	223	224	447	0.00003	0.00001	0.00000	0.00001	53	5.0
Cycloclasticus zancles	1329899	S	4748	8282	13030	0.00075	0.00048	0.00049	0.00047	42	nan
Halomonas sp. BDJS001	2992143	S	115564	116829	232393	0.01338	0.00673	0.00695	0.00649	57	nan
Legionella micdadei	451	S	65659	65693	131352	0.00756	0.00378	0.00401	0.00381	41	nan
Methylomarinovum caldicuralii	438856	S	39016	39080	78096	0.00450	0.00225	0.00260	0.00240	66	nan
Methylomonas sp. DH-1	1727196	S	18696	24380	43076	0.00248	0.00140	0.00143	0.00137	58	nan
Avibacterium volantium	762	S	24932	25475	50407	0.00290	0.00147	0.00154	0.00147	42	nan
Agrobacterium fabacearum	1183401	S	180963	239988	420951	0.02424	0.01382	0.01404	0.01346	59	nan
Agrobacterium tumefaciens	358	S	518	537	1055	0.00006	0.00003	0.00003	0.00003	60	nan
Rhizobium sp. L51/94	2819999	S	51865	196485	248350	0.01430	0.01131	0.01141	0.01117	61	nan
Rhizobium tumorigenes	2041385	S	723	809	1532	0.00009	0.00005	0.00000	0.00005	61	5.0
Rhizobium leguminosarum	384	S	130	226	356	0.00002	0.00001	0.00001	0.00001	61	nan
Rhizobium gallicum	56730	S	101	157	258	0.00001	0.00001	0.00000	0.00001	61	5.0
uncultured Martelella sp.	392331	S	124846	125408	250254	0.01441	0.00722	0.00772	0.00716	61	nan
Brucella sp. 458	2821140	S	24033	56013	80046	0.00461	0.00323	0.00337	0.00313	59	nan
Brucella pseudogrignonensis	419475	S	104	112	216	0.00001	0.00001	0.00000	0.00001	55	4.0
Microvirga roseola	2883126	S	9800	10034	19834	0.00114	0.00058	0.00063	0.00059	64	nan
Microvirga sp. VF16	2807101	S	2561	2844	5405	0.00031	0.00016	0.00000	0.00017	62	4.0
Microvirga sp. 17 mud 1-3	2082949	S	1198	1364	2562	0.00015	0.00008	0.00000	0.00008	66	5.0
Microvirga ossetica	1882682	S	2859	3188	6047	0.00035	0.00018	0.00000	0.00019	64	5.0
Microvirga terrae	2740529	S	2156	2448	4604	0.00027	0.00014	0.00000	0.00015	64	5.0
Microvirga thermotolerans	2651334	S	1437	1643	3080	0.00018	0.00009	0.00000	0.00011	69	5.0
Ruegeria sp. YS9	2966453	S	580273	587819	1168092	0.06726	0.03385	0.03468	0.03294	59	nan
Sphingobium phenoxybenzoativorans	1592790	S	185464	200305	385769	0.02221	0.01153	0.01202	0.01182	63	nan
Sphingobium yanoikuyae	13690	S	5241	6507	11748	0.00068	0.00037	0.00045	0.00039	64	nan
Sphingobium sp. YC-XJ3	3024245	S	1231	3036	4267	0.00025	0.00017	0.00020	0.00018	64	nan
Sphingobium sp. EP60837	1855519	S	683	710	1393	0.00008	0.00004	0.00000	0.00004	62	4.0
Sphingobium sp. TKS	1315974	S	362	428	790	0.00005	0.00002	0.00002	0.00003	64	nan
Sphingobium sp. YG1	2082188	S	321	360	681	0.00004	0.00002	0.00000	0.00002	63	5.0
Sphingobium sp. AntQ-1	2930091	S	309	326	635	0.00004	0.00002	0.00000	0.00002	64	5.0
Sphingobium sp. RAC03	1843368	S	266	274	540	0.00003	0.00002	0.00000	0.00002	63	5.0
Sphingobium sp. Cam5-1	2789327	S	236	253	489	0.00003	0.00001	0.00000	0.00001	63	5.0
Sphingobium sp. SCG-1	2072936	S	235	235	470	0.00003	0.00001	0.00000	0.00001	62	4.0
Sphingobium sp. JS3065	2970925	S	233	259	492	0.00003	0.00001	0.00002	0.00002	64	nan
Sphingobium sp. CFD-2	2878542	S	210	394	604	0.00003	0.00002	0.00002	0.00002	64	nan
Sphingobium sp. V4	3038927	S	155	158	313	0.00002	0.00001	0.00000	0.00001	64	5.0
Sphingobium sp. KCTC 72723	2733867	S	146	147	293	0.00002	0.00001	0.00000	0.00001	63	5.0
Sphingobium sp. CAP-1	2676077	S	144	163	307	0.00002	0.00001	0.00001	0.00001	64	nan
Sphingobium xenophagum	121428	S	330	382	712	0.00004	0.00002	0.00002	0.00002	63	nan
Sphingobium indicum	332055	S	318	349	667	0.00004	0.00002	0.00000	0.00002	66	5.0
Sphingobium amiense	135719	S	129	167	296	0.00002	0.00001	0.00001	0.00001	64	nan
Sphingobium chlorophenolicum	46429	S	109	117	226	0.00001	0.00001	0.00001	0.00001	65	nan
Sphingobium cloacae	120107	S	104	137	241	0.00001	0.00001	0.00001	0.00001	65	nan
Sphingomonas sp. 7/4-4	3018446	S	1828	2095	3923	0.00023	0.00012	0.00014	0.00013	66	nan
Sphingomonas sp. LM7	1938607	S	1325	1498	2823	0.00016	0.00009	0.00010	0.00009	67	nan
Sphingomonas sp. JE1	1628059	S	445	449	894	0.00005	0.00003	0.00000	0.00003	63	4.0
Sphingomonas sp. NIBR02145	3014784	S	436	475	911	0.00005	0.00003	0.00000	0.00003	68	5.0
Sphingomonas sp. C3-2	3062169	S	415	428	843	0.00005	0.00002	0.00000	0.00003	65	4.0
Sphingomonas sp. S6-11	2991075	S	358	384	742	0.00004	0.00002	0.00000	0.00002	66	4.0
Sphingomonas sp. S2-65	2903960	S	294	319	613	0.00004	0.00002	0.00000	0.00002	66	5.0
Sphingomonas sp. R1	399176	S	213	242	455	0.00003	0.00001	0.00000	0.00002	67	5.0
Sphingomonas sp.	28214	S	173	388	561	0.00003	0.00002	0.00000	0.00002	66	5.0
Sphingomonas sp. AP4-R1	2735134	S	122	127	249	0.00001	0.00001	0.00000	0.00001	67	4.0
Sphingomonas sp. So64.6b	2997354	S	108	117	225	0.00001	0.00001	0.00000	0.00001	64	3.0
Sphingomonas psychrotolerans	1327635	S	2055	2209	4264	0.00025	0.00013	0.00000	0.00014	66	5.0
Sphingomonas sanxanigenens	397260	S	382	495	877	0.00005	0.00003	0.00000	0.00003	67	5.0
Sphingomonas panacis	1560345	S	273	289	562	0.00003	0.00002	0.00000	0.00002	65	5.0
Sphingomonas hengshuiensis	1609977	S	260	274	534	0.00003	0.00002	0.00000	0.00002	67	5.0
Sphingomonas bisphenolicum	296544	S	232	276	508	0.00003	0.00002	0.00002	0.00002	64	nan
Sphingomonas cannabina	2899123	S	222	244	466	0.00003	0.00001	0.00000	0.00002	69	4.0
Sphingomonas naphthae	1813468	S	193	432	625	0.00004	0.00002	0.00000	0.00003	67	5.0
Sphingomonas nostoxanthinifaciens	2872652	S	166	176	342	0.00002	0.00001	0.00000	0.00001	68	4.0
Sphingomonas paucimobilis	13689	S	139	241	380	0.00002	0.00001	0.00002	0.00002	66	nan
Sphingopyxis fribergensis	1515612	S	361	395	756	0.00004	0.00002	0.00002	0.00002	65	nan
Sphingopyxis granuli	267128	S	337	512	849	0.00005	0.00003	0.00000	0.00003	67	5.0
Sphingopyxis indica	436663	S	100	111	211	0.00001	0.00001	0.00000	0.00001	65	5.0
Novosphingobium kaempferiae	2896849	S	522	534	1056	0.00006	0.00003	0.00000	0.00003	67	5.0
Novosphingobium sp. THN1	1016987	S	131	135	266	0.00002	0.00001	0.00000	0.00001	64	5.0
Novosphingobium resinovorum	158500	S	139	152	291	0.00002	0.00001	0.00000	0.00001	66	5.0
Zymomonas mobilis	542	S	74364	74544	148908	0.00857	0.00429	0.00442	0.00427	46	nan
Altererythrobacter sp. B11	2060312	S	1804	1891	3695	0.00021	0.00011	0.00000	0.00012	66	5.0
Caenibius tardaugens	169176	S	144	169	313	0.00002	0.00001	0.00000	0.00001	62	4.0
Parvularcula sp. LCG005	3078805	S	257770	258283	516053	0.02971	0.01487	0.01567	0.01462	60	nan
Wolbachia endosymbiont (group A) of Bombylius major	2953988	S	50814	100434	151248	0.00871	0.00578	0.00652	0.00632	33	nan
Wolbachia endosymbiont of Oedothorax gibbosus	931100	S	188	211	399	0.00002	0.00001	0.00001	0.00001	34	nan
Acetobacter sp. JWB	2259883	S	854	40928	41782	0.00241	0.00236	0.00239	0.00227	53	nan
Acetobacter pasteurianus	438	S	148	931	1079	0.00006	0.00005	0.00005	0.00005	54	nan
Acetobacter ascendens	481146	S	124	134	258	0.00001	0.00001	0.00001	0.00001	54	nan
Roseomonas mucosa	207340	S	1246	1392	2638	0.00015	0.00008	0.00000	0.00010	71	5.0
Massilia sp. NR 4-1	1678028	S	71481	100392	171873	0.00990	0.00578	0.00661	0.00616	66	nan
Massilia sp. erpn	2738142	S	163	167	330	0.00002	0.00001	0.00001	0.00001	65	nan
Oxalobacter formigenes	847	S	83982	84297	168279	0.00969	0.00485	0.00485	0.00468	52	nan
Ralstonia pseudosolanacearum	1310165	S	341	432	773	0.00004	0.00002	0.00000	0.00003	68	5.0
Alicycliphilus denitrificans	179636	S	204	266	470	0.00003	0.00002	0.00000	0.00002	69	5.0
Neisseria sp. RH3002v2g	1871109	S	72576	87185	159761	0.00920	0.00502	0.00505	0.00487	51	nan
Neisseria subflava	28449	S	187	209	396	0.00002	0.00001	0.00001	0.00001	52	nan
Uruburuella testudinis	1282863	S	399	399	798	0.00005	0.00002	0.00000	0.00002	56	4.0
Paenibacillus sp. Cedars	1980674	S	98340	136506	234846	0.01352	0.00786	0.00790	0.00760	50	nan
Paenibacillus sp. R14(2021)	2859228	S	83567	83829	167396	0.00964	0.00483	0.00494	0.00468	55	nan
Paenibacillus sp. BIHB 4019	1870819	S	48242	48298	96540	0.00556	0.00278	0.00281	0.00269	50	nan
Paenibacillus sp. C31	3050112	S	42255	42368	84623	0.00487	0.00244	0.00254	0.00243	43	nan
Paenibacillus sp. JZ16	1906272	S	2698	2727	5425	0.00031	0.00016	0.00017	0.00015	51	nan
Paenibacillus sp. BR1-192	3032287	S	812	1681	2493	0.00014	0.00010	0.00000	0.00009	53	5.0
Paenibacillus sp. JNUCC-32	2777984	S	433	909	1342	0.00008	0.00005	0.00000	0.00005	53	5.0
Paenibacillus sp. Y412MC10	481743	S	362	482	844	0.00005	0.00003	0.00000	0.00003	53	5.0
Paenibacillus sp. B01	2660554	S	336	343	679	0.00004	0.00002	0.00000	0.00002	65	4.0
Paenibacillus sp. N3/727	2925845	S	228	240	468	0.00003	0.00001	0.00000	0.00001	46	4.0
Paenibacillus sp. CAA11	1532905	S	121	121	242	0.00001	0.00001	0.00000	0.00001	50	5.0
Paenibacillus sp. IHBB 10380	1566358	S	109	109	218	0.00001	0.00001	0.00000	0.00001	42	4.0
Paenibacillus sp. PSB04	2866810	S	100	104	204	0.00001	0.00001	0.00000	0.00001	56	5.0
Paenibacillus beijingensis	1126833	S	193127	193428	386555	0.02226	0.01114	0.01142	0.01084	54	nan
Paenibacillus azoreducens	116718	S	189344	189761	379105	0.02183	0.01093	0.01109	0.01060	50	nan
Paenibacillus macerans	44252	S	126464	126616	253080	0.01457	0.00729	0.00748	0.00714	55	nan
Paenibacillus agaridevorans	171404	S	115662	120882	236544	0.01362	0.00696	0.00707	0.00673	53	nan
Paenibacillus glucanolyticus	59843	S	113681	155230	268911	0.01548	0.00894	0.00907	0.00863	50	nan
Paenibacillus lautus	1401	S	1551	1693	3244	0.00019	0.00010	0.00000	0.00009	53	5.0
Paenibacillus ihbetae	1870820	S	650	652	1302	0.00007	0.00004	0.00000	0.00004	54	5.0
Paenibacillus uliginis	683737	S	315	330	645	0.00004	0.00002	0.00000	0.00002	47	4.0
Paenibacillus urinalis	521520	S	231	232	463	0.00003	0.00001	0.00000	0.00001	47	4.0
Paenibacillus woosongensis	307580	S	195	195	390	0.00002	0.00001	0.00000	0.00001	52	5.0
Paenibacillus polymyxa	1406	S	164	197	361	0.00002	0.00001	0.00000	0.00001	47	4.0
Paenibacillus yonginensis	1462996	S	141	143	284	0.00002	0.00001	0.00000	0.00001	52	5.0
Paenibacillus kribbensis	172713	S	116	117	233	0.00001	0.00001	0.00000	0.00001	48	5.0
Paenibacillus algicola	2565926	S	112	112	224	0.00001	0.00001	0.00000	0.00001	53	4.0
Paenibacillus konkukensis	2020716	S	106	106	212	0.00001	0.00001	0.00000	0.00001	54	5.0
Paenibacillus donghaensis	414771	S	104	104	208	0.00001	0.00001	0.00000	0.00001	53	4.0
Paenibacillus naphthalenovorans	162209	S	103	103	206	0.00001	0.00001	0.00000	0.00001	52	5.0
Paenibacillus alvei	44250	S	101	101	202	0.00001	0.00001	0.00000	0.00001	47	4.0
Thermobacillus composti	377615	S	163600	163900	327500	0.01886	0.00944	0.00998	0.00960	62	nan
Brevibacillus agri	51101	S	762	826	1588	0.00009	0.00005	0.00000	0.00005	56	5.0
Brevibacillus composti	2796470	S	181	181	362	0.00002	0.00001	0.00000	0.00001	57	4.0
Brevibacillus sp. BB3-R1	2950604	S	144	144	288	0.00002	0.00001	0.00000	0.00001	51	4.0
Bacillus sp. FJAT-42376	2014076	S	132035	132289	264324	0.01522	0.00762	0.00779	0.00744	46	nan
Bacillus sp. ms-22	2683680	S	29318	62716	92034	0.00530	0.00361	0.00000	0.00356	44	5.0
Bacillus sp. A1(2020)	2789210	S	2678	111628	114306	0.00658	0.00643	0.00660	0.00629	47	nan
Bacillus velezensis	492670	S	2531	22031	24562	0.00141	0.00127	0.00131	0.00124	47	nan
Bacillus amyloliquefaciens	1390	S	544	13775	14319	0.00082	0.00079	0.00082	0.00078	47	nan
Bacillus siamensis	659243	S	162	290	452	0.00003	0.00002	0.00002	0.00002	47	nan
Bacillus subtilis	1423	S	130	2063	2193	0.00013	0.00012	0.00012	0.00012	47	nan
Bacillus pumilus	1408	S	348	359	707	0.00004	0.00002	0.00000	0.00002	42	4.0
Bacillus altitudinis	293387	S	227	281	508	0.00003	0.00002	0.00000	0.00002	42	4.0
Bacillus safensis	561879	S	136	214	350	0.00002	0.00001	0.00000	0.00001	43	5.0
Geobacillus thermocatenulatus	33938	S	223734	259650	483384	0.02783	0.01495	0.01522	0.01451	54	nan
Geobacillus stearothermophilus	1422	S	155	216	371	0.00002	0.00001	0.00001	0.00001	55	nan
Priestia megaterium	1404	S	6498	18784	25282	0.00146	0.00108	0.00124	0.00114	38	nan
Priestia aryabhattai	412384	S	2802	16528	19330	0.00111	0.00095	0.00110	0.00100	39	nan
Priestia sp. J2	2886505	S	1540	14905	16445	0.00095	0.00086	0.00099	0.00090	39	nan
Priestia flexa	86664	S	118	120	238	0.00001	0.00001	0.00001	0.00001	39	nan
Sutcliffiella cohnii	33932	S	180	181	361	0.00002	0.00001	0.00000	0.00001	36	4.0
Kyrpidia spormannii	2055160	S	56480	57453	113933	0.00656	0.00331	0.00349	0.00327	60	nan
Effusibacillus dendaii	2743772	S	158	158	316	0.00002	0.00001	0.00000	0.00001	49	3.0
Exiguobacterium sp. AT1b	360911	S	29652	36556	66208	0.00381	0.00210	0.00213	0.00203	49	nan
Exiguobacterium sp. PFWT01	2829816	S	7984	9693	17677	0.00102	0.00056	0.00056	0.00054	50	nan
Exiguobacterium sp. JLM-2	1647415	S	261	261	522	0.00003	0.00002	0.00000	0.00001	54	4.0
Exiguobacterium profundum	307643	S	3912	4202	8114	0.00047	0.00024	0.00024	0.00023	50	nan
Exiguobacterium marinum	273528	S	451	454	905	0.00005	0.00003	0.00000	0.00003	48	4.0
Ligilactobacillus murinus	1622	S	153297	158601	311898	0.01796	0.00913	0.00000	0.00928	41	5.0
Streptococcus vestibularis	1343	S	61846	64260	126106	0.00726	0.00370	0.00397	0.00377	42	nan
Streptococcus salivarius	1304	S	11815	12468	24283	0.00140	0.00072	0.00000	0.00073	41	5.0
Streptococcus pneumoniae	1313	S	6870	7353	14223	0.00082	0.00042	0.00048	0.00043	42	nan
Streptococcus thermophilus	1308	S	4391	4599	8990	0.00052	0.00026	0.00029	0.00027	41	nan
Streptococcus anginosus	1328	S	459	514	973	0.00006	0.00003	0.00000	0.00003	40	4.0
Streptococcus lutetiensis	150055	S	379	410	789	0.00005	0.00002	0.00000	0.00002	38	5.0
Streptococcus sp. FDAARGOS_192	1839799	S	137	191	328	0.00002	0.00001	0.00001	0.00001	40	nan
Streptococcus mitis	28037	S	187	196	383	0.00002	0.00001	0.00000	0.00001	42	5.0
Streptococcus lactarius	684066	S	138	139	277	0.00002	0.00001	0.00000	0.00001	43	4.0
Streptococcus parasanguinis	1318	S	113	116	229	0.00001	0.00001	0.00000	0.00001	43	5.0
Lactococcus garvieae	1363	S	26307	30626	56933	0.00328	0.00176	0.00200	0.00184	40	nan
Lactococcus allomyrinae	2419773	S	11199	11422	22621	0.00130	0.00066	0.00074	0.00070	38	nan
Lactococcus lactis	1358	S	117	223	340	0.00002	0.00001	0.00000	0.00001	36	5.0
Enterococcus rotai	118060	S	79035	79104	158139	0.00911	0.00455	0.00513	0.00490	36	nan
Pusillibacter faecalis	2714358	S	292627	295451	588078	0.03386	0.01701	0.01688	0.01660	56	nan
Anaerotruncus colihominis	169435	S	94172	96933	191105	0.01100	0.00558	0.00561	0.00545	54	nan
Faecalibacterium prausnitzii	853	S	989	1035	2024	0.00012	0.00006	0.00000	0.00006	61	4.0
Faecalibacterium sp. IP-1-18	2929488	S	358	687	1045	0.00006	0.00004	0.00000	0.00004	59	4.0
Faecalibacterium sp. IP-3-29	2929489	S	107	170	277	0.00002	0.00001	0.00000	0.00001	61	4.0
Flavonifractor plautii	292800	S	1985	2001	3986	0.00023	0.00012	0.00000	0.00012	64	5.0
Ruthenibacterium lactatiformans	1550024	S	574	577	1151	0.00007	0.00003	0.00000	0.00003	59	4.0
Dysosmobacter welbionis	2093857	S	480	498	978	0.00006	0.00003	0.00000	0.00003	63	4.0
Solibaculum mannosilyticum	2780922	S	473	483	956	0.00006	0.00003	0.00000	0.00003	53	4.0
Lawsonibacter asaccharolyticus	2108523	S	363	367	730	0.00004	0.00002	0.00000	0.00002	63	4.0
Oscillibacter hominis	2763056	S	263	265	528	0.00003	0.00002	0.00000	0.00002	61	4.0
Vescimonas fastidiosa	2714353	S	112	121	233	0.00001	0.00001	0.00000	0.00001	61	4.0
Ruminococcus bicirculans (ex Wegman et al. 2014)	1160721	S	135	135	270	0.00002	0.00001	0.00000	0.00001	45	4.0
Desulfitobacterium hafniense	49338	S	58895	58922	117817	0.00678	0.00339	0.00343	0.00329	48	nan
Aminipila luticellarii	2507160	S	28270	28296	56566	0.00326	0.00163	0.00170	0.00163	44	nan
Intestinimonas butyriciproducens	1297617	S	1152	1154	2306	0.00013	0.00007	0.00000	0.00007	62	5.0
Flintibacter sp. KGMB00164	2610895	S	150	150	300	0.00002	0.00001	0.00000	0.00001	61	4.0
[Clostridium] scindens	29347	S	1010	1052	2062	0.00012	0.00006	0.00000	0.00006	49	5.0
Roseburia intestinalis	166486	S	288	442	730	0.00004	0.00003	0.00000	0.00003	43	4.0
Roseburia hominis	301301	S	236	261	497	0.00003	0.00002	0.00000	0.00001	51	4.0
Enterocloster asparagiformis	333367	S	437	438	875	0.00005	0.00003	0.00000	0.00002	58	4.0
Blautia wexlerae	418240	S	157	213	370	0.00002	0.00001	0.00000	0.00001	43	3.0
Coprococcus sp. ART55/1	751585	S	159	169	328	0.00002	0.00001	0.00000	0.00001	46	3.0
[Ruminococcus] torques	33039	S	164	184	348	0.00002	0.00001	0.00000	0.00001	42	3.0
Anaerostipes hadrus	649756	S	117	123	240	0.00001	0.00001	0.00000	0.00001	38	4.0
Clostridium cadaveris	1529	S	185	229	414	0.00002	0.00001	0.00000	0.00002	32	4.0
Intestinibacillus sp. NTUH-41-i26	3079303	S	241	242	483	0.00003	0.00001	0.00000	0.00001	60	4.0
Clostridioides difficile	1496	S	114	115	229	0.00001	0.00001	0.00000	0.00001	29	4.0
Thermoanaerobacterium thermosaccharolyticum	1517	S	35647	36738	72385	0.00417	0.00212	0.00248	0.00240	35	nan
Acidaminococcus intestini	187327	S	58119	58248	116367	0.00670	0.00335	0.00336	0.00323	51	nan
Megasphaera elsdenii	907	S	32904	33045	65949	0.00380	0.00190	0.00196	0.00185	56	nan
Corynebacterium freiburgense	556548	S	404723	405232	809955	0.04664	0.02333	0.02339	0.02232	50	nan
Mycobacterium tuberculosis	1773	S	2619	104924	107543	0.00619	0.00604	0.00706	0.00654	66	nan
Mycobacterium canettii	78331	S	725	993	1718	0.00010	0.00006	0.00007	0.00006	65	nan
Mycobacterium tuberculosis complex sp. N0145	2583631	S	412	28822	29234	0.00168	0.00166	0.00194	0.00180	66	nan
Nocardia seriolae	37332	S	64819	64980	129799	0.00747	0.00374	0.00485	0.00435	69	nan
Streptomyces sp. WA1-19	2884220	S	5157	19982	25139	0.00145	0.00115	0.00176	0.00172	74	nan
Streptomyces sp. BI87	2987521	S	2971	20352	23323	0.00134	0.00117	0.00180	0.00175	74	nan
Streptomyces sp. WAC00276	2933778	S	1235	1270	2505	0.00014	0.00007	0.00010	0.00010	72	nan
Streptomyces sp. OUCMDZ-3434	1535304	S	186	1261	1447	0.00008	0.00007	0.00009	0.00011	74	nan
Streptomyces sp. FR-008	206662	S	118	508	626	0.00004	0.00003	0.00004	0.00004	74	nan
Streptomyces albidoflavus	1886	S	4679	19799	24478	0.00141	0.00114	0.00176	0.00171	74	nan
Streptomyces koyangensis	188770	S	1000	1209	2209	0.00013	0.00007	0.00010	0.00010	74	nan
Streptomyces rutgersensis	53451	S	286	301	587	0.00003	0.00002	0.00002	0.00003	74	nan
Glutamicibacter arilaitensis	256701	S	38120	38594	76714	0.00442	0.00222	0.00237	0.00219	59	nan
Picosynechococcus sp. PCC 7117	195498	S	87560	109153	196713	0.01133	0.00629	0.00628	0.00607	50	nan
Picosynechococcus sp. PCC 7003	374981	S	105	106	211	0.00001	0.00001	0.00000	0.00001	51	5.0
Kovacikia minuta	2931930	S	65903	65921	131824	0.00759	0.00380	0.00379	0.00364	51	nan
Prochlorococcus marinus	1219	S	32479	32507	64986	0.00374	0.00187	0.00191	0.00181	54	nan
Spirosoma oryzicola	2898794	S	637260	637378	1274638	0.07339	0.03670	0.03666	0.03534	51	nan
Spirosoma montaniterrae	1178516	S	53437	53439	106876	0.00615	0.00308	0.00312	0.00296	54	nan
Tannerella serpentiformis	712710	S	204747	205105	409852	0.02360	0.01181	0.01239	0.01160	61	nan
Prevotella denticola	28129	S	71428	74904	146332	0.00843	0.00431	0.00439	0.00419	54	nan
Lutimonas sp. YSD2104	3060215	S	139119	139184	278303	0.01602	0.00801	0.00869	0.00832	39	nan
Lutibacter sp. A64	2918526	S	34396	34795	69191	0.00398	0.00200	0.00216	0.00260	29	nan
Saprospira grandis	1008	S	95112	95174	190286	0.01096	0.00548	0.00557	0.00535	46	nan
Prosthecochloris sp. CIB 2401	1868325	S	84688	84800	169488	0.00976	0.00488	0.00494	0.00467	54	nan
Campylobacter sp. RM12175	1660076	S	378066	399940	778006	0.04480	0.02303	0.02681	0.02746	32	nan
Campylobacter sp. RM8964	1660074	S	108	113	221	0.00001	0.00001	0.00000	0.00001	33	5.0
uncultured Desulfosarcina sp.	218289	S	365059	367255	732314	0.04217	0.02115	0.02254	0.02063	58	nan
Thermotoga sp. RQ2	126740	S	34132	110477	144609	0.00833	0.00636	0.00640	0.00613	47	nan
Thermotoga sp. 2812B	1157948	S	174	259	433	0.00002	0.00001	0.00001	0.00001	47	nan
Thermotoga petrophila	93929	S	122	250	372	0.00002	0.00001	0.00001	0.00001	47	nan
Candidatus Koribacter versatilis	658062	S	109982	109982	219964	0.01267	0.00633	0.00656	0.00615	59	nan
Treponema pallidum	160	S	70683	90567	161250	0.00928	0.00521	0.00523	0.00500	53	nan
Geovibrio thiophilus	139438	S	59884	59885	119769	0.00690	0.00345	0.00348	0.00333	50	nan
Candidatus Fervidibacter sacchari	1448929	S	46431	46431	92862	0.00535	0.00267	0.00271	0.00254	52	nan
Homo sapiens	9606	S	995	1003	1998	0.00012	0.00006	0.00000	0.00006	38	4.0
Yersinia phage PY54	172667	S	175	175	350	0.00002	0.00001	0.00000	0.00001	46	4.0
