name	taxonomy_id	taxonomy_lvl	kraken_assigned_reads	added_reads	new_est_reads	fraction_total_reads	Bracken_estimate	GuaCAMOLE_estimate	GuaCAMOLE_est_eff	GC content	Taxon Removal Cycle
Citrobacter sp. RHBSTW-01013	2742677	S	29506	144401	173907	0.01000	0.00831	0.00834	0.00805	54	nan
Citrobacter sp. Colony219	2861802	S	6580	27347	33927	0.00195	0.00157	0.00157	0.00152	54	nan
Citrobacter sp. RHB36-C18	2742627	S	5297	33758	39055	0.00225	0.00194	0.00194	0.00188	54	nan
Citrobacter sp. CF971	2566012	S	2544	18453	20997	0.00121	0.00106	0.00107	0.00103	54	nan
Citrobacter sp. RHBSTW-00599	2742657	S	1120	13890	15010	0.00086	0.00080	0.00080	0.00077	54	nan
Citrobacter sp. RHBSTW-00944	2742671	S	287	8459	8746	0.00050	0.00049	0.00049	0.00047	54	nan
Citrobacter sp. RHBSTW-00017	2742629	S	216	20408	20624	0.00119	0.00117	0.00117	0.00114	54	nan
Citrobacter sp. RHB25-C09	2742624	S	123	125	248	0.00001	0.00001	0.00000	0.00001	55	5.0
Citrobacter sp. S171	2971264	S	102	113	215	0.00001	0.00001	0.00001	0.00001	55	nan
Citrobacter braakii	57706	S	1191	6163	7354	0.00042	0.00035	0.00035	0.00034	54	nan
Citrobacter freundii	546	S	1022	2724	3746	0.00022	0.00016	0.00016	0.00015	54	nan
Citrobacter portucalensis	1639133	S	663	1107	1770	0.00010	0.00006	0.00006	0.00006	54	nan
Citrobacter werkmanii	67827	S	210	487	697	0.00004	0.00003	0.00003	0.00003	54	nan
Citrobacter arsenatis	2546350	S	339	376	715	0.00004	0.00002	0.00002	0.00002	55	nan
Citrobacter pasteurii	1563222	S	207	312	519	0.00003	0.00002	0.00002	0.00002	54	nan
Citrobacter tructae	2562449	S	206	215	421	0.00002	0.00001	0.00001	0.00001	53	nan
Citrobacter amalonaticus	35703	S	178	471	649	0.00004	0.00003	0.00003	0.00003	55	nan
Citrobacter koseri	545	S	155	1034	1189	0.00007	0.00006	0.00006	0.00006	54	nan
Citrobacter farmeri	67824	S	117	129	246	0.00001	0.00001	0.00000	0.00001	55	5.0
Citrobacter rodentium	67825	S	111	151	262	0.00002	0.00001	0.00000	0.00001	55	5.0
Enterobacter ludwigii	299767	S	33016	83381	116397	0.00669	0.00480	0.00482	0.00468	57	nan
Enterobacter asburiae	61645	S	1219	2550	3769	0.00022	0.00015	0.00016	0.00014	57	nan
Enterobacter hormaechei	158836	S	913	4703	5616	0.00032	0.00027	0.00028	0.00026	57	nan
Enterobacter cloacae	550	S	589	791	1380	0.00008	0.00005	0.00000	0.00004	57	5.0
Enterobacter roggenkampii	1812935	S	513	710	1223	0.00007	0.00004	0.00000	0.00004	58	5.0
Enterobacter cloacae complex sp. ECL78	2850492	S	126	5813	5939	0.00034	0.00033	0.00034	0.00033	57	nan
Enterobacter kobei	208224	S	217	597	814	0.00005	0.00003	0.00004	0.00003	57	nan
Enterobacter cancerogenus	69218	S	151	157	308	0.00002	0.00001	0.00000	0.00001	58	5.0
Enterobacter sichuanensis	2071710	S	106	116	222	0.00001	0.00001	0.00000	0.00001	57	5.0
Enterobacter sp. DNB-S2	2720029	S	21215	76264	97479	0.00561	0.00439	0.00456	0.00430	57	nan
Enterobacter mori	539813	S	309	334	643	0.00004	0.00002	0.00000	0.00002	57	5.0
Enterobacter bugandensis	881260	S	109	152	261	0.00002	0.00001	0.00001	0.00001	58	nan
Shigella sonnei	624	S	48883	184297	233180	0.01341	0.01060	0.01078	0.01027	53	nan
Shigella dysenteriae	622	S	15426	42822	58248	0.00335	0.00246	0.00251	0.00238	53	nan
Shigella flexneri	623	S	5078	60979	66057	0.00380	0.00351	0.00356	0.00340	53	nan
Shigella boydii	621	S	343	2469	2812	0.00016	0.00014	0.00014	0.00014	53	nan
Phytobacter sp. SCO41	1756993	S	12802	29944	42746	0.00246	0.00172	0.00184	0.00167	55	nan
Phytobacter sp. MRY16-398	2487150	S	1451	38199	39650	0.00228	0.00220	0.00229	0.00213	55	nan
Lelliottia sp. WB101	2153385	S	51779	57688	109467	0.00630	0.00332	0.00336	0.00324	58	nan
Salmonella enterica	28901	S	1714	30052	31766	0.00183	0.00173	0.00180	0.00168	54	nan
Salmonella bongori	54736	S	108	313	421	0.00002	0.00002	0.00002	0.00002	53	nan
Klebsiella aerogenes	548	S	4750	5254	10004	0.00058	0.00030	0.00000	0.00030	57	5.0
Klebsiella sp. BDA134-6	2787706	S	2263	8659	10922	0.00063	0.00050	0.00059	0.00049	58	nan
Klebsiella pneumoniae	573	S	1097	8430	9527	0.00055	0.00048	0.00000	0.00048	58	5.0
Klebsiella michiganensis	1134687	S	227	488	715	0.00004	0.00003	0.00000	0.00003	58	5.0
Klebsiella quasipneumoniae	1463165	S	163	368	531	0.00003	0.00002	0.00000	0.00002	59	5.0
Klebsiella oxytoca	571	S	142	154	296	0.00002	0.00001	0.00000	0.00001	57	5.0
Buttiauxella sp. WJP83	2986951	S	21015	21595	42610	0.00245	0.00124	0.00124	0.00120	52	nan
Cronobacter sp. JZ38	1906275	S	13627	19838	33465	0.00192	0.00114	0.00123	0.00113	59	nan
Escherichia coli	562	S	15807	75383	91190	0.00524	0.00434	0.00441	0.00420	53	nan
Escherichia albertii	208962	S	776	830	1606	0.00009	0.00005	0.00005	0.00005	52	nan
Escherichia fergusonii	564	S	462	598	1060	0.00006	0.00003	0.00003	0.00003	52	nan
Escherichia marmotae	1499973	S	445	468	913	0.00005	0.00003	0.00003	0.00003	52	nan
Escherichia sp. E4742	2044467	S	246	314	560	0.00003	0.00002	0.00002	0.00002	53	nan
Candidatus Profftia tarda	1177216	S	11362	11366	22728	0.00131	0.00065	0.00072	0.00086	38	nan
Kosakonia sp. MUSA4	2067958	S	2924	3097	6021	0.00035	0.00018	0.00020	0.00017	57	nan
Providencia sp. R33	2828763	S	180	229	409	0.00002	0.00001	0.00001	0.00001	44	nan
Providencia sp. PROV252	2936799	S	177	233	410	0.00002	0.00001	0.00001	0.00001	44	nan
Providencia sp. PROV109	2936789	S	102	259222	259324	0.01491	0.01491	0.01618	0.01543	42	nan
Providencia rettgeri	587	S	1416	9542	10958	0.00063	0.00055	0.00059	0.00057	42	nan
Providencia huaxiensis	2027290	S	528	660	1188	0.00007	0.00004	0.00004	0.00004	43	nan
Providencia alcalifaciens	126385	S	193	204	397	0.00002	0.00001	0.00000	0.00001	44	5.0
Providencia heimbachae	333962	S	172	180	352	0.00002	0.00001	0.00001	0.00001	43	nan
Proteus mirabilis	584	S	2920	3163	6083	0.00035	0.00018	0.00000	0.00019	41	5.0
Lonsdalea britannica	1082704	S	122535	123199	245734	0.01413	0.00709	0.00730	0.00695	57	nan
Lonsdalea populi	1172565	S	38665	38896	77561	0.00446	0.00224	0.00229	0.00220	58	nan
Dickeya sp. Secpp 1600	2037915	S	7276	28304	35580	0.00205	0.00163	0.00170	0.00162	60	nan
Dickeya fangzhongdai	1778540	S	149	318	467	0.00003	0.00002	0.00002	0.00002	60	nan
Dickeya dadantii	204038	S	127	137	264	0.00002	0.00001	0.00001	0.00001	59	nan
Prodigiosinella sp. LS101	3057057	S	11893	12696	24589	0.00141	0.00073	0.00074	0.00071	51	nan
Erwinia rhapontici	55212	S	52571	52913	105484	0.00607	0.00304	0.00311	0.00296	56	nan
Erwinia pyrifoliae	79967	S	49653	57595	107248	0.00617	0.00331	0.00339	0.00324	56	nan
Erwinia persicina	55211	S	130	130	260	0.00001	0.00001	0.00000	0.00001	57	4.0
Pantoea sp. SS70	3024247	S	29078	45817	74895	0.00431	0.00264	0.00267	0.00258	57	nan
Pantoea eucalypti	470933	S	4689	7692	12381	0.00071	0.00044	0.00044	0.00043	56	nan
Buchnera aphidicola	9	S	147	147	294	0.00002	0.00001	0.00000	0.00002	26	4.0
Yersinia hibernica	2339259	S	47802	48564	96366	0.00554	0.00279	0.00285	0.00272	50	nan
Yersinia enterocolitica	630	S	8068	8305	16373	0.00094	0.00048	0.00049	0.00047	49	nan
Yersinia pseudotuberculosis	633	S	175	207	382	0.00002	0.00001	0.00000	0.00001	49	5.0
Yersinia ruckeri	29486	S	118	119	237	0.00001	0.00001	0.00000	0.00001	50	4.0
Serratia sp. JUb9	2724469	S	3680	15404	19084	0.00110	0.00089	0.00087	0.00089	62	nan
Serratia sp. K-M0706	3020826	S	231	8377	8608	0.00050	0.00048	0.00050	0.00049	62	nan
Serratia marcescens	615	S	6457	25433	31890	0.00183	0.00146	0.00153	0.00149	62	nan
Rouxiella badensis	1646377	S	14178	14277	28455	0.00164	0.00082	0.00083	0.00080	56	nan
Pragia fontium	82985	S	26437	26516	52953	0.00305	0.00153	0.00156	0.00150	47	nan
Jinshanibacter zhutongyuii	2498113	S	8184	8221	16405	0.00094	0.00047	0.00048	0.00046	48	nan
Sodalis praecaptivus	1239307	S	5774	5873	11647	0.00067	0.00034	0.00035	0.00034	59	nan
Pseudomonas sp. MM211	2866808	S	102319	102996	205315	0.01181	0.00592	0.00634	0.00603	63	nan
Pseudomonas sp. GXZC	3003351	S	53665	64496	118161	0.00680	0.00371	0.00385	0.00373	62	nan
Pseudomonas sp. R84	1573712	S	41970	47584	89554	0.00515	0.00274	0.00279	0.00272	61	nan
Pseudomonas sp. B21-056	2895495	S	39621	41504	81125	0.00467	0.00239	0.00257	0.00242	62	nan
Pseudomonas sp. gcc21	2726989	S	31273	31931	63204	0.00364	0.00184	0.00191	0.00181	59	nan
Pseudomonas sp. LRP2-20	2944234	S	24783	26085	50868	0.00293	0.00150	0.00190	0.00156	65	nan
Pseudomonas sp. B21-019	2895475	S	23548	31878	55426	0.00319	0.00183	0.00188	0.00183	61	nan
Pseudomonas sp. MM213	2866807	S	22365	26216	48581	0.00279	0.00151	0.00154	0.00150	61	nan
Pseudomonas sp. S34	1573718	S	13719	14361	28080	0.00161	0.00083	0.00086	0.00083	62	nan
Pseudomonas sp. SC3(2021)	2871493	S	12122	16858	28980	0.00167	0.00097	0.00105	0.00097	62	nan
Pseudomonas sp. P105	3049542	S	11132	21138	32270	0.00186	0.00122	0.00128	0.00122	62	nan
Pseudomonas sp. FP1762	2954080	S	7730	19622	27352	0.00157	0.00113	0.00123	0.00113	62	nan
Pseudomonas sp. XWY-1	2069256	S	7136	12595	19731	0.00113	0.00072	0.00085	0.00074	63	nan
Pseudomonas sp. REST10	2512235	S	5904	8730	14634	0.00084	0.00050	0.00000	0.00053	65	5.0
Pseudomonas sp. R76	1573711	S	5839	6728	12567	0.00072	0.00039	0.00041	0.00039	62	nan
Pseudomonas sp. S150	2559074	S	4304	229448	233752	0.01344	0.01320	0.01474	0.01330	62	nan
Pseudomonas sp. NIBR-H-19	2901380	S	4027	4212	8239	0.00047	0.00024	0.00000	0.00024	60	5.0
Pseudomonas sp. C27(2019)	2604941	S	3860	3881	7741	0.00045	0.00022	0.00023	0.00021	50	nan
Pseudomonas sp. B21-051	2895491	S	364	415	779	0.00004	0.00002	0.00003	0.00002	62	nan
Pseudomonas sp. AO-1	2855434	S	252	312	564	0.00003	0.00002	0.00002	0.00002	61	nan
Pseudomonas sp. FP2196	2954086	S	238	249	487	0.00003	0.00001	0.00000	0.00001	61	5.0
Pseudomonas sp. Seg1	2678259	S	198	208	406	0.00002	0.00001	0.00001	0.00001	61	nan
Pseudomonas sp. DTU12.3	2073078	S	175	185	360	0.00002	0.00001	0.00001	0.00001	61	nan
Pseudomonas sp. Y5-11	2749808	S	156	265	421	0.00002	0.00002	0.00002	0.00002	62	nan
Pseudomonas sp. A34-9	3034675	S	138	148	286	0.00002	0.00001	0.00001	0.00001	61	nan
Pseudomonas sp. AN-B15	2697023	S	129	214	343	0.00002	0.00001	0.00001	0.00001	62	nan
Pseudomonas sp. BW7P1	2973088	S	113	118	231	0.00001	0.00001	0.00001	0.00001	62	nan
Pseudomonas sp. SGAir0191	2217867	S	122772	146207	268979	0.01547	0.00841	0.00935	0.00855	63	nan
Pseudomonas putida	303	S	841	1677	2518	0.00014	0.00010	0.00011	0.00010	62	nan
Pseudomonas hygromyciniae	2812000	S	52889	60642	113531	0.00653	0.00349	0.00353	0.00350	62	nan
Pseudomonas syringae	317	S	1738	3467	5205	0.00030	0.00020	0.00019	0.00020	61	nan
Pseudomonas amygdali	47877	S	471	1717	2188	0.00013	0.00010	0.00000	0.00010	60	5.0
Pseudomonas savastanoi	29438	S	130	619	749	0.00004	0.00004	0.00003	0.00004	60	nan
Pseudomonas ficuserectae	53410	S	100	191	291	0.00002	0.00001	0.00000	0.00001	60	5.0
Pseudomonas cannabina	86840	S	783	32020	32803	0.00189	0.00184	0.00177	0.00182	60	nan
Pseudomonas viridiflava	33069	S	422	428	850	0.00005	0.00002	0.00003	0.00002	61	nan
Pseudomonas syringae group genomosp. 3	251701	S	269	7224	7493	0.00043	0.00042	0.00040	0.00041	60	nan
Pseudomonas syringae group genomosp. 7	251699	S	199	211	410	0.00002	0.00001	0.00000	0.00001	59	5.0
Pseudomonas tremae	200454	S	182	468	650	0.00004	0.00003	0.00000	0.00003	60	5.0
Pseudomonas coronafaciens	53409	S	124	368	492	0.00003	0.00002	0.00000	0.00002	60	5.0
Pseudomonas avellanae	46257	S	105	218	323	0.00002	0.00001	0.00001	0.00001	60	nan
Pseudomonas fluorescens	294	S	1410	1680	3090	0.00018	0.00010	0.00011	0.00010	62	nan
Pseudomonas koreensis	198620	S	376	561	937	0.00005	0.00003	0.00004	0.00003	62	nan
Pseudomonas moraviensis	321662	S	159	234	393	0.00002	0.00001	0.00001	0.00001	62	nan
Pseudomonas granadensis	1421430	S	154	178	332	0.00002	0.00001	0.00001	0.00001	62	nan
Pseudomonas proteolytica	219574	S	137	180	317	0.00002	0.00001	0.00001	0.00001	62	nan
Pseudomonas synxantha	47883	S	107	165	272	0.00002	0.00001	0.00001	0.00001	62	nan
Pseudomonas orientalis	76758	S	100	111	211	0.00001	0.00001	0.00001	0.00001	62	nan
Pseudomonas chlororaphis	587753	S	350	483	833	0.00005	0.00003	0.00000	0.00003	64	5.0
Pseudomonas fragi	296	S	129	144	273	0.00002	0.00001	0.00000	0.00001	60	5.0
Pseudomonas protegens	380021	S	120	11317	11437	0.00066	0.00065	0.00073	0.00066	62	nan
Pseudomonas aeruginosa	287	S	402	2231	2633	0.00015	0.00013	0.00016	0.00013	62	nan
Pseudomonas serboccidentalis	2964670	S	248	265	513	0.00003	0.00002	0.00002	0.00002	62	nan
Pseudomonas atacamensis	2565368	S	188	258	446	0.00003	0.00001	0.00002	0.00001	62	nan
Pseudomonas siliginis	2842346	S	140	235	375	0.00002	0.00001	0.00001	0.00001	62	nan
Pseudomonas hamedanensis	2745504	S	137	141	278	0.00002	0.00001	0.00001	0.00001	61	nan
Pseudomonas frederiksbergensis	104087	S	127	141	268	0.00002	0.00001	0.00000	0.00001	61	5.0
Pseudomonas zeae	2745510	S	118	138	256	0.00001	0.00001	0.00001	0.00001	61	nan
Pseudomonas brassicacearum	930166	S	110	191	301	0.00002	0.00001	0.00001	0.00001	62	nan
Halopseudomonas aestusnigri	857252	S	7000	17543	24543	0.00141	0.00101	0.00108	0.00102	62	nan
Halopseudomonas maritima	2918528	S	500	502	1002	0.00006	0.00003	0.00000	0.00003	62	5.0
Halopseudomonas sabulinigri	472181	S	168	168	336	0.00002	0.00001	0.00000	0.00001	60	4.0
Denitrificimonas caeni	521720	S	2826	2852	5678	0.00033	0.00016	0.00000	0.00016	51	5.0
Stutzerimonas stutzeri	316	S	544	658	1202	0.00007	0.00004	0.00000	0.00004	64	4.0
Stutzerimonas xanthomarina	271420	S	614	654	1268	0.00007	0.00004	0.00000	0.00004	61	5.0
[Pseudomonas] zhaodongensis	1176257	S	346	460	806	0.00005	0.00003	0.00000	0.00003	61	4.0
Thiopseudomonas alkaliphila	1697053	S	440	442	882	0.00005	0.00003	0.00003	0.00002	48	nan
Shewanella psychrotolerans	2864206	S	160114	161285	321399	0.01848	0.00928	0.00948	0.00911	45	nan
Shewanella baltica	62322	S	107244	122429	229673	0.01321	0.00704	0.00712	0.00685	48	nan
Shewanella sp. WE21	2029986	S	67187	73818	141005	0.00811	0.00425	0.00432	0.00416	47	nan
Shewanella sp. NFH-SH190041	2950245	S	11861	11901	23762	0.00137	0.00068	0.00069	0.00067	49	nan
Shewanella avicenniae	2814294	S	44361	44562	88923	0.00511	0.00256	0.00257	0.00247	49	nan
Shewanella halotolerans	2864204	S	23198	24329	47527	0.00273	0.00140	0.00141	0.00136	56	nan
Shewanella algae	38313	S	9730	10171	19901	0.00114	0.00058	0.00060	0.00056	55	nan
Shewanella psychropiezotolerans	2593655	S	3530	3554	7084	0.00041	0.00020	0.00021	0.00020	47	nan
Shewanella putrefaciens	24	S	111	147	258	0.00001	0.00001	0.00000	0.00001	46	5.0
Pseudoalteromonas sp. PS1M3	87791	S	104656	171009	275665	0.01585	0.00984	0.01060	0.01017	40	nan
Pseudoalteromonas sp. MM1	3036714	S	29047	30007	59054	0.00340	0.00173	0.00183	0.00177	41	nan
Pseudoalteromonas sp. HL-AS1	3071081	S	12962	16817	29779	0.00171	0.00097	0.00107	0.00101	40	nan
Pseudoalteromonas sp. JSTW	2752475	S	5992	15374	21366	0.00123	0.00088	0.00093	0.00090	41	nan
Pseudoalteromonas sp. 1_2015MBL_MicDiv	1720343	S	589	878	1467	0.00008	0.00005	0.00006	0.00005	40	nan
Pseudoalteromonas sp. LC2018020214	2799564	S	589	936	1525	0.00009	0.00005	0.00006	0.00006	40	nan
Pseudoalteromonas sp. Bsw20308	283699	S	507	756	1263	0.00007	0.00004	0.00005	0.00005	40	nan
Pseudoalteromonas sp. A25	116092	S	138	138	276	0.00002	0.00001	0.00000	0.00001	42	5.0
Pseudoalteromonas sp. APM04	2699396	S	120	201	321	0.00002	0.00001	0.00001	0.00001	40	nan
Pseudoalteromonas spongiae	298657	S	26365	26578	52943	0.00304	0.00153	0.00162	0.00156	41	nan
Pseudoalteromonas arctica	394751	S	14126	15336	29462	0.00169	0.00088	0.00097	0.00092	40	nan
Pseudoalteromonas distincta	77608	S	1105	1575	2680	0.00015	0.00009	0.00011	0.00009	40	nan
Pseudoalteromonas aliena	247523	S	813	830	1643	0.00009	0.00005	0.00000	0.00005	40	5.0
Pseudoalteromonas nigrifaciens	28109	S	219	372	591	0.00003	0.00002	0.00002	0.00002	41	nan
Pseudoalteromonas carrageenovora	227	S	205	210	415	0.00002	0.00001	0.00000	0.00001	40	5.0
Pseudoalteromonas luteoviolacea	43657	S	162	162	324	0.00002	0.00001	0.00000	0.00001	42	5.0
Pseudoalteromonas espejiana	28107	S	162	165	327	0.00002	0.00001	0.00001	0.00001	41	nan
Pseudoalteromonas piscicida	43662	S	128	154	282	0.00002	0.00001	0.00000	0.00001	43	4.0
Pseudoalteromonas rubra	43658	S	128	128	256	0.00001	0.00001	0.00000	0.00001	49	4.0
Pseudoalteromonas xiamenensis	882626	S	126	126	252	0.00001	0.00001	0.00000	0.00001	44	5.0
Pseudoalteromonas marina	267375	S	122	167	289	0.00002	0.00001	0.00001	0.00001	41	nan
Pseudoalteromonas ulvae	107327	S	119	119	238	0.00001	0.00001	0.00000	0.00001	42	4.0
Pseudoalteromonas phenolica	161398	S	112	113	225	0.00001	0.00001	0.00000	0.00001	41	5.0
Pseudoalteromonas translucida	166935	S	108	129	237	0.00001	0.00001	0.00001	0.00001	41	nan
Pseudoalteromonas piratica	1348114	S	100	100	200	0.00001	0.00001	0.00000	0.00001	41	5.0
Flocculibacter collagenilyticus	2744479	S	137	137	274	0.00002	0.00001	0.00000	0.00001	40	4.0
Gayadomonas joobiniege	1234606	S	33739	33739	67478	0.00388	0.00194	0.00204	0.00197	42	nan
Lacimicrobium alkaliphilum	1526571	S	24691	25062	49753	0.00286	0.00144	0.00153	0.00138	51	nan
Catenovulum sediminis	1740262	S	2952	3119	6071	0.00035	0.00018	0.00000	0.00018	41	5.0
Catenovulum sp. TS8	2984846	S	1354	1471	2825	0.00016	0.00008	0.00000	0.00009	39	4.0
Alteromonas sp. RKMC-009	2267264	S	128	242	370	0.00002	0.00001	0.00000	0.00001	50	4.0
Alteromonas macleodii	28108	S	390	645	1035	0.00006	0.00004	0.00000	0.00004	45	5.0
Alteromonas mediterranea	314275	S	113	176	289	0.00002	0.00001	0.00000	0.00001	45	4.0
Salinimonas lutimaris	914153	S	221	237	458	0.00003	0.00001	0.00000	0.00001	51	4.0
Salinimonas marina	2785918	S	132	138	270	0.00002	0.00001	0.00000	0.00001	50	4.0
Salinimonas sediminis	2303538	S	108	130	238	0.00001	0.00001	0.00000	0.00001	49	4.0
Paraglaciecola sp. L3A3	2686358	S	158	161	319	0.00002	0.00001	0.00000	0.00001	39	4.0
Paraglaciecola sp. L1A13	2686359	S	140	147	287	0.00002	0.00001	0.00000	0.00001	44	5.0
Paraglaciecola mesophila	197222	S	144	156	300	0.00002	0.00001	0.00000	0.00001	45	4.0
Saccharobesus litoralis	2172099	S	403	403	806	0.00005	0.00002	0.00000	0.00002	42	5.0
Saliniradius amylolyticus	2183582	S	234	236	470	0.00003	0.00001	0.00000	0.00001	53	4.0
Aliiglaciecola sp. LCG003	3053655	S	184	188	372	0.00002	0.00001	0.00000	0.00001	43	5.0
Paraneptunicella aestuarii	2831148	S	122	122	244	0.00001	0.00001	0.00000	0.00001	44	4.0
Psychromonas ingrahamii	357794	S	60185	60277	120462	0.00693	0.00347	0.00373	0.00360	39	nan
Moritella sp. 36	2746233	S	18999	41503	60502	0.00348	0.00239	0.00258	0.00247	41	nan
Moritella sp. 24	2746230	S	101	102	203	0.00001	0.00001	0.00000	0.00001	40	4.0
Ferrimonas lipolytica	2724191	S	21845	21891	43736	0.00252	0.00126	0.00125	0.00121	51	nan
Colwellia sp. PAMC 20917	1816218	S	118	153	271	0.00002	0.00001	0.00000	0.00001	39	4.0
Colwellia sp. Arc7-635	2497879	S	105	203	308	0.00002	0.00001	0.00000	0.00001	39	4.0
Colwellia sp. 20A7	2689569	S	104	138	242	0.00001	0.00001	0.00000	0.00001	37	4.0
Idiomarina loihiensis	135577	S	145	173	318	0.00002	0.00001	0.00000	0.00001	48	4.0
Legionella spiritensis	452	S	58020	58843	116863	0.00672	0.00338	0.00347	0.00333	47	nan
Legionella clemsonensis	1867846	S	56864	58158	115022	0.00662	0.00334	0.00361	0.00348	39	nan
Legionella micdadei	451	S	28340	28419	56759	0.00326	0.00163	0.00175	0.00168	41	nan
Legionella sp. MW5194	2662448	S	14928	15550	30478	0.00175	0.00089	0.00092	0.00087	48	nan
Legionella pneumophila	446	S	1038	1074	2112	0.00012	0.00006	0.00000	0.00007	39	5.0
Candidatus Coxiella mudrowiae	2054173	S	102355	102388	204743	0.01178	0.00589	0.00666	0.00634	39	nan
Marinomonas sp. GJ51-6	2992802	S	120717	121400	242117	0.01392	0.00698	0.00724	0.00697	43	nan
Marinomonas algicola	2773454	S	107	107	214	0.00001	0.00001	0.00000	0.00001	42	4.0
Bacterioplanoides sp. SCSIO 12839	2829569	S	35994	36101	72095	0.00415	0.00208	0.00207	0.00200	49	nan
Amphritea atlantica	355243	S	3089	3197	6286	0.00036	0.00018	0.00000	0.00018	53	5.0
Amphritea japonica	452627	S	1278	1343	2621	0.00015	0.00008	0.00008	0.00007	49	nan
Aliamphritea ceti	1524258	S	196	208	404	0.00002	0.00001	0.00000	0.00001	48	5.0
Aliamphritea spongicola	707589	S	141	164	305	0.00002	0.00001	0.00000	0.00001	53	4.0
Aliamphritea hakodatensis	2895352	S	134	156	290	0.00002	0.00001	0.00000	0.00001	54	4.0
Neptunomonas phycophila	1572645	S	124	124	248	0.00001	0.00001	0.00000	0.00001	46	4.0
Neptunomonas japonica	417574	S	122	122	244	0.00001	0.00001	0.00000	0.00001	45	4.0
Neptuniibacter halophilus	651666	S	164	164	328	0.00002	0.00001	0.00000	0.00001	55	4.0
Nitrincola iocasae	2614693	S	100	101	201	0.00001	0.00001	0.00000	0.00001	51	5.0
Cobetia sp. 4B	2758724	S	39530	50054	89584	0.00515	0.00288	0.00303	0.00299	65	nan
Halomonas alkaliantarctica	232346	S	21105	21521	42626	0.00245	0.00124	0.00125	0.00120	55	nan
Endozoicomonas sp. GU-1	3009078	S	25163	25221	50384	0.00290	0.00145	0.00146	0.00140	51	nan
Vibrio algicola	2662262	S	46244	46785	93029	0.00535	0.00269	0.00281	0.00270	44	nan
Vibrio quintilis	1117707	S	35051	35400	70451	0.00405	0.00204	0.00208	0.00200	47	nan
Vibrio celticus	446372	S	31489	53735	85224	0.00490	0.00309	0.00315	0.00303	46	nan
Vibrio panuliri	1381081	S	19949	20551	40500	0.00233	0.00118	0.00119	0.00115	46	nan
uncultured Vibrio sp.	114054	S	17799	27745	45544	0.00262	0.00160	0.00162	0.00156	46	nan
Vibrio sp. SCSIO 43137	3021011	S	12389	12529	24918	0.00143	0.00072	0.00073	0.00070	47	nan
Vibrio parahaemolyticus	670	S	194	1159	1353	0.00008	0.00007	0.00007	0.00007	46	nan
Vibrio coralliilyticus	190893	S	178	314	492	0.00003	0.00002	0.00002	0.00002	46	nan
Vibrio vulnificus	672	S	142	153	295	0.00002	0.00001	0.00000	0.00001	48	5.0
Vibrio cholerae	666	S	122	815	937	0.00005	0.00005	0.00005	0.00005	46	nan
Vibrio furnissii	29494	S	119	135	254	0.00001	0.00001	0.00000	0.00001	52	4.0
Vibrio anguillarum	55601	S	117	271	388	0.00002	0.00002	0.00002	0.00002	46	nan
Grimontia kaedaensis	2872157	S	21210	21325	42535	0.00245	0.00123	0.00123	0.00118	50	nan
Photobacterium damselae	38293	S	179	248	427	0.00002	0.00001	0.00000	0.00001	42	4.0
Aeromonas sp. CU5	2033033	S	53093	56251	109344	0.00629	0.00324	0.00340	0.00323	61	nan
Aeromonas sp. FDAARGOS 1411	2778060	S	46167	99942	146109	0.00840	0.00575	0.00606	0.00576	62	nan
Aeromonas sp. FDAARGOS 1405	2778054	S	33915	52144	86059	0.00495	0.00300	0.00316	0.00300	62	nan
Aeromonas veronii	654	S	1948	2666	4614	0.00027	0.00015	0.00017	0.00015	62	nan
Aeromonas hydrophila	644	S	259	358	617	0.00004	0.00002	0.00000	0.00002	63	5.0
Aeromonas salmonicida	645	S	211	255	466	0.00003	0.00001	0.00002	0.00001	61	nan
Aeromonas allosaccharophila	656	S	191	259	450	0.00003	0.00001	0.00002	0.00001	62	nan
Aeromonas jandaei	650	S	146	174	320	0.00002	0.00001	0.00001	0.00001	62	nan
Aeromonas dhakensis	196024	S	138	207	345	0.00002	0.00001	0.00000	0.00001	63	5.0
Aeromonas caviae	648	S	106	247	353	0.00002	0.00001	0.00002	0.00001	62	nan
Aeromonas media	651	S	101	118	219	0.00001	0.00001	0.00000	0.00001	63	5.0
Pasteurella multocida	747	S	171351	204670	376021	0.02163	0.01177	0.01275	0.01212	41	nan
Haemophilus parainfluenzae	729	S	115	161	276	0.00002	0.00001	0.00000	0.00001	40	4.0
Kangiella sediminilitoris	1144748	S	156314	156440	312754	0.01799	0.00900	0.00927	0.00890	44	nan
Microbulbifer sp. ALW1	1516059	S	49801	49987	99788	0.00574	0.00287	0.00293	0.00282	58	nan
Microbulbifer sp. A4B17	359370	S	26820	27182	54002	0.00311	0.00156	0.00159	0.00152	50	nan
Microbulbifer sp. VAAF005	3034230	S	14025	14225	28250	0.00162	0.00082	0.00083	0.00080	50	nan
Candidatus Paraluminiphilus aquimaris	2518994	S	35404	35437	70841	0.00407	0.00204	0.00201	0.00194	53	nan
Cellvibrio sp. KY-YJ-3	454662	S	13462	15455	28917	0.00166	0.00089	0.00089	0.00086	50	nan
Teredinibacter sp. KSP-S5-2	3034506	S	12881	12922	25803	0.00148	0.00074	0.00076	0.00073	45	nan
Stenotrophomonas sp. DR822	2871174	S	33319	55230	88549	0.00509	0.00318	0.00362	0.00350	67	nan
Stenotrophomonas sp. 169	2770322	S	8057	8102	16159	0.00093	0.00047	0.00056	0.00050	66	nan
Stenotrophomonas maltophilia	40324	S	171	233	404	0.00002	0.00001	0.00000	0.00001	67	5.0
Xanthomonas hydrangeae	2775159	S	51276	54304	105580	0.00607	0.00312	0.00357	0.00330	65	nan
Methylomonas sp. LW13	107637	S	80408	89908	170316	0.00980	0.00517	0.00521	0.00499	53	nan
Acinetobacter towneri	202956	S	10383	15545	25928	0.00149	0.00089	0.00098	0.00091	43	nan
Acinetobacter lwoffii	28090	S	8013	11936	19949	0.00115	0.00069	0.00075	0.00070	44	nan
Acinetobacter sp. SCLZS86	2908637	S	1241	1711	2952	0.00017	0.00010	0.00000	0.00010	42	5.0
Acinetobacter sp. SWBY1	2079596	S	618	1302	1920	0.00011	0.00007	0.00008	0.00008	43	nan
Acinetobacter indicus	756892	S	614	694	1308	0.00008	0.00004	0.00000	0.00004	47	5.0
Acinetobacter baumannii	470	S	333	1518	1851	0.00011	0.00009	0.00000	0.00009	42	5.0
Acinetobacter johnsonii	40214	S	224	339	563	0.00003	0.00002	0.00000	0.00002	43	5.0
Acinetobacter schindleri	108981	S	132	145	277	0.00002	0.00001	0.00000	0.00001	45	5.0
Psychrobacter sp. P11F6	1699621	S	2999	3170	6169	0.00035	0.00018	0.00000	0.00018	45	4.0
Psychrobacter sp. van23A	3064892	S	2953	3313	6266	0.00036	0.00019	0.00000	0.00019	47	4.0
Psychrobacter sp. WB2	3043330	S	2497	2715	5212	0.00030	0.00016	0.00000	0.00016	45	4.0
Psychrobacter sp. KCTC 72983	2733866	S	1528	2637	4165	0.00024	0.00015	0.00000	0.00015	45	5.0
Psychrobacter sp. DAB_AL43B	1028416	S	1429	1455	2884	0.00017	0.00008	0.00000	0.00008	45	4.0
Psychrobacter sp. P11G3	1699623	S	913	989	1902	0.00011	0.00006	0.00000	0.00006	46	4.0
Psychrobacter sp. M13	3067275	S	888	897	1785	0.00010	0.00005	0.00000	0.00005	45	4.0
Psychrobacter sp. 28M-43	2772254	S	887	958	1845	0.00011	0.00006	0.00000	0.00006	45	4.0
Psychrobacter sp. AntiMn-1	1720344	S	770	2517	3287	0.00019	0.00014	0.00000	0.00014	46	5.0
Psychrobacter sp. P2G3	1699622	S	586	946	1532	0.00009	0.00005	0.00000	0.00005	45	4.0
Psychrobacter sp. P11G5	1699624	S	580	952	1532	0.00009	0.00005	0.00000	0.00006	44	4.0
Psychrobacter sp. G	571800	S	573	1146	1719	0.00010	0.00007	0.00000	0.00007	45	4.0
Psychrobacter sp. KH172YL61	2517899	S	439	1169	1608	0.00009	0.00007	0.00000	0.00007	46	5.0
Psychrobacter sp. SC65A.3	2983299	S	339	655	994	0.00006	0.00004	0.00000	0.00004	45	4.0
Psychrobacter sp. L7	1982756	S	290	376	666	0.00004	0.00002	0.00000	0.00002	40	4.0
Psychrobacter arcticus	334543	S	666	690	1356	0.00008	0.00004	0.00000	0.00004	45	4.0
Psychrobacter urativorans	45610	S	424	433	857	0.00005	0.00002	0.00000	0.00003	45	4.0
Psychrobacter arenosus	256326	S	279	280	559	0.00003	0.00002	0.00000	0.00002	47	5.0
Psychrobacter cryohalolentis	330922	S	182	389	571	0.00003	0.00002	0.00000	0.00002	44	4.0
Psychrobacter sanguinis	861445	S	121	130	251	0.00001	0.00001	0.00000	0.00001	44	4.0
Moraxella bovoculi	386891	S	8029	8323	16352	0.00094	0.00048	0.00049	0.00047	48	nan
Moraxella osloensis	34062	S	143	147	290	0.00002	0.00001	0.00000	0.00001	45	4.0
Candidatus Thiothrix anitrata	2823902	S	31416	31752	63168	0.00363	0.00183	0.00183	0.00175	51	nan
Gallaecimonas mangrovi	2291597	S	15834	15856	31690	0.00182	0.00091	0.00091	0.00088	54	nan
Agrobacterium sp. S7/73	2820002	S	16606	123889	140495	0.00808	0.00713	0.00699	0.00701	59	nan
Agrobacterium tumefaciens	358	S	2514	2864	5378	0.00031	0.00016	0.00020	0.00016	60	nan
Agrobacterium fabacearum	1183401	S	869	1984	2853	0.00016	0.00011	0.00011	0.00011	59	nan
Agrobacterium fabrum	1176649	S	258	461	719	0.00004	0.00003	0.00003	0.00003	60	nan
Agrobacterium larrymoorei	160699	S	616	635	1251	0.00007	0.00004	0.00004	0.00004	58	nan
Agrobacterium vaccinii	2735528	S	561	572	1133	0.00007	0.00003	0.00003	0.00003	58	nan
Agrobacterium rubi	28099	S	283	308	591	0.00003	0.00002	0.00002	0.00002	58	nan
Agrobacterium pusense	648995	S	280	473	753	0.00004	0.00003	0.00003	0.00003	60	nan
Agrobacterium salinitolerans	1183413	S	155	186	341	0.00002	0.00001	0.00001	0.00001	60	nan
Agrobacterium cucumeris	2862866	S	140	163	303	0.00002	0.00001	0.00001	0.00001	60	nan
Agrobacterium vitis	373	S	120	129	249	0.00001	0.00001	0.00001	0.00001	59	nan
Agrobacterium leguminum	2792015	S	104	149	253	0.00001	0.00001	0.00001	0.00001	60	nan
Rhizobium sp. Pop5	1223565	S	14720	16382	31102	0.00179	0.00094	0.00096	0.00095	62	nan
Rhizobium sp. NXC24	2048897	S	9868	23216	33084	0.00190	0.00134	0.00133	0.00133	61	nan
Rhizobium sp. 007	2785056	S	9241	17314	26555	0.00153	0.00100	0.00100	0.00099	61	nan
Rhizobium sp. L51/94	2819999	S	5963	23556	29519	0.00170	0.00135	0.00135	0.00135	61	nan
Rhizobium sp. CC-CFT758	2926709	S	110	110	220	0.00001	0.00001	0.00000	0.00001	62	4.0
Rhizobium sp. SL42	2806346	S	106	106	212	0.00001	0.00001	0.00000	0.00001	61	4.0
Rhizobium leguminosarum	384	S	248	420	668	0.00004	0.00002	0.00002	0.00002	61	nan
Rhizobium tumorigenes	2041385	S	130	147	277	0.00002	0.00001	0.00001	0.00001	61	nan
Rhizobium rhizogenes	359	S	120	142	262	0.00002	0.00001	0.00000	0.00001	61	5.0
Rhizobium rhizoryzae	451876	S	119	120	239	0.00001	0.00001	0.00000	0.00001	58	4.0
Neorhizobium galegae	399	S	131	133	264	0.00002	0.00001	0.00000	0.00001	62	4.0
uncultured Gellertiella sp.	2040489	S	20418	20535	40953	0.00236	0.00118	0.00128	0.00121	63	nan
Ensifer adhaerens	106592	S	117	160	277	0.00002	0.00001	0.00000	0.00001	63	4.0
Nitratireductor sp.	1872084	S	66109	66312	132421	0.00762	0.00381	0.00399	0.00381	60	nan
Mesorhizobium sp. C374B	2956830	S	163	27546	27709	0.00159	0.00158	0.00172	0.00163	63	nan
Roseibium sp. KMA01	2866279	S	68191	83440	151631	0.00872	0.00480	0.00480	0.00462	55	nan
Cohaesibacter marisflavi	655353	S	36495	36847	73342	0.00422	0.00212	0.00212	0.00204	55	nan
Cohaesibacter sp. ES.047	1798205	S	26283	26323	52606	0.00303	0.00151	0.00152	0.00147	56	nan
Nordella sp. HKS 07	2712222	S	62029	62062	124091	0.00714	0.00357	0.00388	0.00366	63	nan
Brucella intermedia	94625	S	9064	9291	18355	0.00106	0.00053	0.00053	0.00052	59	nan
Cognatishimia activa	1715691	S	248630	248949	497579	0.02862	0.01432	0.00000	0.01380	56	5.0
Pontibrevibacter nitratireducens	2758038	S	8018	8123	16141	0.00093	0.00047	0.00048	0.00048	63	nan
Sulfitobacter sp. W002	2867024	S	69003	73455	142458	0.00819	0.00422	0.00442	0.00430	61	nan
Wolbachia endosymbiont (group A) of Rhinocyllus conicus	2954053	S	24444	59184	83628	0.00481	0.00340	0.00413	0.00386	35	nan
Wolbachia endosymbiont (group B) of Catoptria pinella	2953993	S	1080	30983	32063	0.00184	0.00178	0.00219	0.00204	33	nan
Wolbachia endosymbiont of Oedothorax gibbosus	931100	S	121	140	261	0.00002	0.00001	0.00001	0.00001	34	nan
Wolbachia pipientis	955	S	133	438	571	0.00003	0.00003	0.00003	0.00003	34	nan
Neorickettsia risticii	950	S	62853	62947	125800	0.00724	0.00362	0.00382	0.00366	41	nan
Novosphingobium pentaromativorans	205844	S	41221	44808	86029	0.00495	0.00258	0.00270	0.00267	64	nan
Sphingomonas sp. PAMC26645	2565555	S	20823	21328	42151	0.00242	0.00123	0.00134	0.00132	66	nan
Sphingomonas sp. H160509	2955313	S	6140	6263	12403	0.00071	0.00036	0.00040	0.00036	62	nan
Sphingomonas sp. HMP9	1517554	S	2123	2194	4317	0.00025	0.00013	0.00014	0.00014	66	nan
Sphingomonas aerolata	185951	S	580	592	1172	0.00007	0.00003	0.00000	0.00004	67	5.0
Parasphingorhabdus halotolerans	2725558	S	25777	25791	51568	0.00297	0.00148	0.00147	0.00142	54	nan
Sphingobium sp. AntQ-1	2930091	S	17280	17960	35240	0.00203	0.00103	0.00114	0.00108	64	nan
Candidatus Puniceispirillum marinum	767892	S	42259	42291	84550	0.00486	0.00243	0.00243	0.00235	49	nan
Hyphococcus flavus	1866326	S	17823	17825	35648	0.00205	0.00103	0.00103	0.00099	54	nan
Aestuariispira ectoiniformans	2775080	S	11441	11446	22887	0.00132	0.00066	0.00068	0.00064	58	nan
Mycoavidus sp. HKI	2840467	S	65208	67056	132264	0.00761	0.00386	0.00389	0.00373	50	nan
Mycoavidus sp. B2-EB	2651972	S	62742	62928	125670	0.00723	0.00362	0.00363	0.00350	50	nan
Mycoavidus cysteinexigens	1553431	S	24407	24459	48866	0.00281	0.00141	0.00142	0.00136	50	nan
Polynucleobacter asymbioticus	576611	S	81379	81922	163301	0.00939	0.00471	0.00000	0.00459	45	5.0
Polynucleobacter sp. HIN5	3047864	S	30805	31675	62480	0.00359	0.00182	0.00182	0.00176	48	nan
Polynucleobacter sp. MG-5-Ahmo-C2	2081051	S	3070	4251	7321	0.00042	0.00024	0.00025	0.00024	46	nan
Caballeronia sp. Sq4a	2878152	S	29365	30349	59714	0.00343	0.00175	0.00195	0.00184	65	nan
Herminiimonas arsenitoxidans	1809410	S	102083	102681	204764	0.01178	0.00591	0.00587	0.00565	52	nan
Orrella daihaiensis	2782176	S	21796	21857	43653	0.00251	0.00126	0.00125	0.00120	54	nan
Basilea psittacipulmonis	1472345	S	7200	7220	14420	0.00083	0.00042	0.00044	0.00043	41	nan
Rhodoferax saidenbachensis	1484693	S	3868	4207	8075	0.00046	0.00024	0.00000	0.00025	62	5.0
Rhodoferax sp. AJA081-3	2752316	S	1250	1323	2573	0.00015	0.00008	0.00000	0.00008	62	5.0
Rhodoferax sp. TBRC 17307	3068341	S	1089	1885	2974	0.00017	0.00011	0.00000	0.00011	61	5.0
Rhodoferax sp. PAMC 29310	2822760	S	273	303	576	0.00003	0.00002	0.00000	0.00002	59	4.0
Rhodoferax sp. BAB1	2741720	S	222	261	483	0.00003	0.00002	0.00000	0.00002	67	5.0
Rhodoferax aquaticus	2527691	S	566	626	1192	0.00007	0.00004	0.00000	0.00004	59	4.0
Rhodoferax ferrireducens	192843	S	305	327	632	0.00004	0.00002	0.00000	0.00002	61	4.0
Rhodoferax antarcticus	81479	S	200	213	413	0.00002	0.00001	0.00000	0.00001	61	4.0
Rhodoferax koreense	1842727	S	176	199	375	0.00002	0.00001	0.00000	0.00001	68	5.0
Rhodoferax sediminis	2509614	S	172	181	353	0.00002	0.00001	0.00000	0.00001	66	5.0
Limnohabitans sp. MORI2	1751150	S	7477	7696	15173	0.00087	0.00044	0.00045	0.00043	56	nan
Limnohabitans sp. 63ED37-2	1678128	S	141	151	292	0.00002	0.00001	0.00000	0.00001	62	4.0
Acidovorax sp. 1608163	2478662	S	200	229	429	0.00002	0.00001	0.00000	0.00001	65	4.0
Acidovorax sp. JMULE5	2518343	S	198	240	438	0.00003	0.00001	0.00000	0.00001	66	5.0
Acidovorax sp. KKS102	358220	S	189	271	460	0.00003	0.00002	0.00000	0.00002	66	5.0
Acidovorax sp. RAC01	1842533	S	128	165	293	0.00002	0.00001	0.00000	0.00001	66	5.0
Acidovorax carolinensis	553814	S	183	358	541	0.00003	0.00002	0.00002	0.00002	65	nan
Acidovorax radicis	758826	S	148	166	314	0.00002	0.00001	0.00000	0.00001	65	5.0
Acidovorax temperans	80878	S	142	270	412	0.00002	0.00002	0.00002	0.00002	64	nan
Hydrogenophaga sp. SL48	2806347	S	244	315	559	0.00003	0.00002	0.00000	0.00002	68	5.0
Hydrogenophaga sp. PAMC20947	2565558	S	118	127	245	0.00001	0.00001	0.00000	0.00001	63	4.0
Hydrogenophaga sp. PBL-H3	434010	S	116	214	330	0.00002	0.00001	0.00000	0.00001	66	5.0
Hydrogenophaga sp. RAC07	1842537	S	107	151	258	0.00001	0.00001	0.00000	0.00001	66	4.0
Hydrogenophaga taeniospiralis	65656	S	113	199	312	0.00002	0.00001	0.00000	0.00001	66	5.0
Hydrogenophaga crassostreae	1763535	S	112	119	231	0.00001	0.00001	0.00000	0.00001	63	4.0
Comamonas aquatica	225991	S	127	359	486	0.00003	0.00002	0.00000	0.00002	67	5.0
Variovorax paradoxus	34073	S	351	542	893	0.00005	0.00003	0.00000	0.00003	68	5.0
Curvibacter sp. AEP1-3	1844971	S	898	1387	2285	0.00013	0.00008	0.00000	0.00008	61	4.0
Polaromonas sp. JS666	296591	S	230	464	694	0.00004	0.00003	0.00000	0.00003	63	4.0
Polaromonas naphthalenivorans	216465	S	137	149	286	0.00002	0.00001	0.00000	0.00001	64	5.0
Paracidovorax avenae	80867	S	118	662	780	0.00004	0.00004	0.00000	0.00004	64	5.0
Ramlibacter tataouinensis	94132	S	174	187	361	0.00002	0.00001	0.00000	0.00001	70	4.0
Simplicispira suum	2109915	S	100	121	221	0.00001	0.00001	0.00001	0.00001	63	nan
Thiomonas sp. X19	1050370	S	4707	4846	9553	0.00055	0.00028	0.00034	0.00030	65	nan
Uruburuella testudinis	1282863	S	193123	193790	386913	0.02225	0.01115	0.01135	0.01090	56	nan
Vitreoscilla filiformis	63	S	86683	87006	173689	0.00999	0.00500	0.00562	0.00526	65	nan
Paralysiella testudinis	2809020	S	61374	61524	122898	0.00707	0.00354	0.00363	0.00347	57	nan
Neisseria yangbaofengii	2709396	S	22820	22915	45735	0.00263	0.00132	0.00134	0.00129	52	nan
Neisseria gonorrhoeae	485	S	14457	15508	29965	0.00172	0.00089	0.00089	0.00087	55	nan
Neisseria lisongii	2912188	S	7436	7462	14898	0.00086	0.00043	0.00043	0.00042	55	nan
Snodgrassella communis	2946699	S	28508	28581	57089	0.00328	0.00164	0.00174	0.00167	46	nan
Snodgrassella alvi	1196083	S	186	186	372	0.00002	0.00001	0.00000	0.00001	44	4.0
Alysiella crassa	153491	S	9006	9093	18099	0.00104	0.00052	0.00054	0.00052	48	nan
Aquitalea aquatilis	1537400	S	40571	40829	81400	0.00468	0.00235	0.00249	0.00237	62	nan
Nitrosospira sp. NRS527	155925	S	120530	121751	242281	0.01393	0.00700	0.00701	0.00675	54	nan
Nitrosomonas europaea	915	S	10906	15105	26011	0.00150	0.00087	0.00087	0.00083	51	nan
Nitrosomonas sp.	42353	S	207	214	421	0.00002	0.00001	0.00000	0.00001	52	4.0
Nitrosomonas sp. sh817	3070658	S	134	134	268	0.00002	0.00001	0.00000	0.00001	50	5.0
Nitrosomonas ureae	44577	S	265	265	530	0.00003	0.00002	0.00000	0.00002	45	4.0
Candidatus Nitrotoga sp. AM1P	2559597	S	46650	46738	93388	0.00537	0.00269	0.00270	0.00260	50	nan
Sulfuriferula nivalis	2675298	S	18074	18094	36168	0.00208	0.00104	0.00105	0.00101	48	nan
Bacillus anthracis	1392	S	3386	26602	29988	0.00172	0.00153	0.00000	0.00164	36	5.0
Bacillus toyonensis	155322	S	874	1784	2658	0.00015	0.00010	0.00000	0.00011	36	5.0
Bacillus cereus	1396	S	544	9508	10052	0.00058	0.00055	0.00000	0.00058	36	5.0
Bacillus thuringiensis	1428	S	440	12500	12940	0.00074	0.00072	0.00000	0.00075	37	5.0
Bacillus mycoides	1405	S	262	429	691	0.00004	0.00002	0.00000	0.00003	36	5.0
Bacillus wiedmannii	1890302	S	105	149	254	0.00001	0.00001	0.00000	0.00001	35	4.0
Bacillus velezensis	492670	S	6872	61326	68198	0.00392	0.00353	0.00364	0.00349	48	nan
Bacillus amyloliquefaciens	1390	S	1282	12836	14118	0.00081	0.00074	0.00076	0.00073	48	nan
Bacillus siamensis	659243	S	410	756	1166	0.00007	0.00004	0.00004	0.00004	48	nan
Bacillus licheniformis	1402	S	8635	75414	84049	0.00483	0.00434	0.00447	0.00429	48	nan
Bacillus subtilis	1423	S	1551	39234	40785	0.00235	0.00226	0.00232	0.00224	48	nan
Bacillus paralicheniformis	1648923	S	950	2180	3130	0.00018	0.00013	0.00013	0.00012	48	nan
Bacillus atrophaeus	1452	S	241	259	500	0.00003	0.00001	0.00000	0.00001	45	5.0
Bacillus vallismortis	72361	S	235	241	476	0.00003	0.00001	0.00001	0.00001	45	nan
Bacillus inaquosorum	483913	S	191	205	396	0.00002	0.00001	0.00001	0.00001	45	nan
Bacillus sonorensis	119858	S	159	1573	1732	0.00010	0.00009	0.00009	0.00009	48	nan
Bacillus spizizenii	96241	S	138	650	788	0.00005	0.00004	0.00004	0.00004	47	nan
Bacillus tequilensis	227866	S	103	106	209	0.00001	0.00001	0.00000	0.00001	45	5.0
Bacillus sp. JNUCC-22	2842457	S	1769	12204	13973	0.00080	0.00070	0.00072	0.00069	48	nan
Bacillus sp. ZY-1-1	2093834	S	1678	37164	38842	0.00223	0.00214	0.00220	0.00212	48	nan
Bacillus sp. YP1	1574141	S	225	18579	18804	0.00108	0.00107	0.00110	0.00106	48	nan
Bacillus sp. KICET-1	2998081	S	221	226011	226232	0.01301	0.01300	0.01341	0.01288	48	nan
Bacillus safensis	561879	S	436	690	1126	0.00006	0.00004	0.00000	0.00004	43	5.0
Bacillus pumilus	1408	S	430	444	874	0.00005	0.00003	0.00000	0.00003	42	4.0
Bacillus glycinifermentans	1664069	S	313	330	643	0.00004	0.00002	0.00000	0.00002	48	5.0
Bacillus altitudinis	293387	S	111	137	248	0.00001	0.00001	0.00000	0.00001	42	4.0
Bacillus cabrialesii	2487276	S	107	112	219	0.00001	0.00001	0.00001	0.00001	46	nan
Salisediminibacterium beveridgei	632773	S	84332	84535	168867	0.00971	0.00486	0.00494	0.00476	46	nan
Salisediminibacterium selenitireducens	85683	S	26756	26830	53586	0.00308	0.00154	0.00155	0.00150	49	nan
Neobacillus sp. OS1-32	3070682	S	65489	65728	131217	0.00755	0.00378	0.00402	0.00388	42	nan
Lentibacillus sp. CBA3610	2518176	S	24466	24503	48969	0.00282	0.00141	0.00149	0.00143	43	nan
Salicibibacter halophilus	2502791	S	19163	19660	38823	0.00223	0.00113	0.00115	0.00111	46	nan
Virgibacillus phasianinus	2017483	S	19059	19105	38164	0.00219	0.00110	0.00120	0.00115	39	nan
Evansella cellulosilytica	1413	S	13276	13306	26582	0.00153	0.00077	0.00090	0.00084	37	nan
Geobacillus stearothermophilus	1422	S	9948	12908	22856	0.00131	0.00074	0.00074	0.00073	55	nan
Paenibacillus sp. JDR-2	324057	S	177026	177320	354346	0.02038	0.01020	0.01024	0.00984	52	nan
Paenibacillus sp. FSL R5-0912	1536771	S	59585	61572	121157	0.00697	0.00354	0.00357	0.00344	53	nan
Paenibacillus sp. E222	2748863	S	45322	46525	91847	0.00528	0.00268	0.00275	0.00261	48	nan
Paenibacillus sp. JNUCC-31	2777983	S	41514	41993	83507	0.00480	0.00242	0.00245	0.00236	47	nan
Paenibacillus sp. PSB04	2866810	S	10658	10997	21655	0.00125	0.00063	0.00064	0.00062	56	nan
Paenibacillus sp. D2_2	3073092	S	8250	8276	16526	0.00095	0.00048	0.00049	0.00047	46	nan
Paenibacillus sp. YPG26	2878915	S	6842	6865	13707	0.00079	0.00039	0.00040	0.00038	51	nan
Paenibacillus sp. BIC5C1	3078263	S	5263	5391	10654	0.00061	0.00031	0.00032	0.00030	48	nan
Paenibacillus sp. FSL R7-0273	1536772	S	5036	5068	10104	0.00058	0.00029	0.00030	0.00028	53	nan
Paenibacillus sp. FSL R7-0331	1536773	S	3403	3425	6828	0.00039	0.00020	0.00020	0.00019	53	nan
Paenibacillus sp. RC334	3045840	S	3181	40988	44169	0.00254	0.00236	0.00241	0.00231	48	nan
Paenibacillus sp. PK3_47	2072642	S	542	543	1085	0.00006	0.00003	0.00000	0.00003	52	5.0
Paenibacillus sp. PK1-4R	3049075	S	330	350	680	0.00004	0.00002	0.00000	0.00002	47	5.0
Paenibacillus sp. FSL H7-0357	1536774	S	296	297	593	0.00003	0.00002	0.00000	0.00002	50	4.0
Paenibacillus sp. MMS20-IR301	2895946	S	257	257	514	0.00003	0.00001	0.00000	0.00001	54	5.0
Paenibacillus sp. IHB B 3084	867076	S	124	129	253	0.00001	0.00001	0.00001	0.00001	49	nan
Paenibacillus sp. FSL P4-0081	1536769	S	113	117	230	0.00001	0.00001	0.00000	0.00001	54	4.0
Paenibacillus sp. DCT19	2211212	S	102	102	204	0.00001	0.00001	0.00000	0.00001	46	4.0
Paenibacillus baekrokdamisoli	1712516	S	113783	113954	227737	0.01310	0.00655	0.00668	0.00643	46	nan
Paenibacillus durus	44251	S	65535	65786	131321	0.00755	0.00378	0.00388	0.00371	53	nan
Paenibacillus ihbetae	1870820	S	34367	34467	68834	0.00396	0.00198	0.00200	0.00192	54	nan
Paenibacillus borealis	160799	S	21530	21730	43260	0.00249	0.00125	0.00126	0.00121	52	nan
Paenibacillus marchantiae	3026433	S	7612	7796	15408	0.00089	0.00045	0.00047	0.00044	48	nan
Paenibacillus pabuli	1472	S	1797	1819	3616	0.00021	0.00010	0.00000	0.00010	47	5.0
Paenibacillus tianjinensis	2810347	S	529	543	1072	0.00006	0.00003	0.00000	0.00003	52	4.0
Paenibacillus amylolyticus	1451	S	439	457	896	0.00005	0.00003	0.00000	0.00003	47	5.0
Paenibacillus typhae	1174501	S	275	281	556	0.00003	0.00002	0.00000	0.00002	52	5.0
Paenibacillus xylanexedens	528191	S	237	256	493	0.00003	0.00001	0.00000	0.00001	48	5.0
Paenibacillus tritici	1873425	S	124	124	248	0.00001	0.00001	0.00000	0.00001	54	5.0
Cohnella cholangitidis	2598458	S	68915	69085	138000	0.00794	0.00397	0.00400	0.00383	53	nan
Exiguobacterium sp. MH3	1399115	S	186649	206735	393384	0.02262	0.01189	0.01200	0.01153	48	nan
Exiguobacterium acetylicum	41170	S	213	246	459	0.00003	0.00001	0.00001	0.00001	48	nan
Tumebacillus algifaecis	1214604	S	26390	26597	52987	0.00305	0.00153	0.00154	0.00148	55	nan
Alicyclobacillus sp. ALC3	2796143	S	20019	20043	40062	0.00230	0.00115	0.00117	0.00112	56	nan
Staphylococcus muscae	1294	S	22439	22847	45286	0.00260	0.00131	0.00150	0.00142	39	nan
Listeria monocytogenes	1639	S	268	275	543	0.00003	0.00002	0.00000	0.00002	38	5.0
Weissella cibaria	137591	S	105027	106526	211553	0.01217	0.00613	0.00626	0.00600	46	nan
Weissella viridescens	1629	S	11018	11063	22081	0.00127	0.00064	0.00067	0.00065	42	nan
Weissella confusa	1583	S	7585	7700	15285	0.00088	0.00044	0.00046	0.00043	46	nan
Lactiplantibacillus paraplantarum	60520	S	54418	57206	111624	0.00642	0.00329	0.00343	0.00327	45	nan
Lactiplantibacillus plantarum	1590	S	107	337	444	0.00003	0.00002	0.00000	0.00002	45	4.0
Leuconostoc falkenbergense	2766470	S	29965	32171	62136	0.00357	0.00185	0.00204	0.00193	40	nan
Leuconostoc pseudomesenteroides	33968	S	6705	6981	13686	0.00079	0.00040	0.00043	0.00042	40	nan
Leuconostoc mesenteroides	1245	S	2496	2922	5418	0.00031	0.00017	0.00018	0.00018	38	nan
Leuconostoc sp. MTCC 10508	2698683	S	1802	11584	13386	0.00077	0.00067	0.00073	0.00072	38	nan
Leuconostoc citreum	33964	S	801	1848	2649	0.00015	0.00011	0.00011	0.00011	39	nan
Leuconostoc gasicomitatum	115778	S	265	275	540	0.00003	0.00002	0.00000	0.00002	37	5.0
Leuconostoc lactis	1246	S	294	338	632	0.00004	0.00002	0.00000	0.00002	44	4.0
Leuconostoc kimchii	136609	S	199	859	1058	0.00006	0.00005	0.00005	0.00005	38	nan
Leuconostoc carnosum	1252	S	149	172	321	0.00002	0.00001	0.00001	0.00001	38	nan
Lacticaseibacillus sp. NCIMB 15475	3068308	S	291	44044	44335	0.00255	0.00253	0.00255	0.00244	49	nan
Lacticaseibacillus casei	1582	S	630	8052	8682	0.00050	0.00046	0.00047	0.00045	49	nan
Lacticaseibacillus paracasei	1597	S	148	179	327	0.00002	0.00001	0.00000	0.00001	47	5.0
Lacticaseibacillus chiayiensis	2100821	S	119	123	242	0.00001	0.00001	0.00001	0.00001	47	nan
Fructilactobacillus cliffordii	2940299	S	24700	25071	49771	0.00286	0.00144	0.00151	0.00144	45	nan
Fructilactobacillus carniphilus	2940297	S	2497	2546	5043	0.00029	0.00015	0.00000	0.00015	46	5.0
Limosilactobacillus fermentum	1613	S	23246	23632	46878	0.00270	0.00136	0.00135	0.00132	54	nan
Bombilactobacillus bombi	1303590	S	1759	1780	3539	0.00020	0.00010	0.00000	0.00012	35	5.0
Bombilactobacillus folatiphilus	2923362	S	201	218	419	0.00002	0.00001	0.00000	0.00001	38	4.0
Bombilactobacillus thymidiniphilus	2923363	S	201	221	422	0.00002	0.00001	0.00000	0.00001	36	5.0
Latilactobacillus sakei	1599	S	226	238	464	0.00003	0.00001	0.00000	0.00001	42	4.0
Streptococcus ilei	1156431	S	69254	91331	160585	0.00924	0.00525	0.00566	0.00532	44	nan
Streptococcus koreensis	2382163	S	35752	49744	85496	0.00492	0.00286	0.00301	0.00290	44	nan
Streptococcus sobrinus	1310	S	33679	33785	67464	0.00388	0.00194	0.00200	0.00194	46	nan
Streptococcus pseudopneumoniae	257758	S	32457	36940	69397	0.00399	0.00212	0.00227	0.00221	43	nan
Streptococcus rubneri	1234680	S	22814	27686	50500	0.00290	0.00159	0.00171	0.00162	43	nan
Streptococcus pneumoniae	1313	S	22244	30451	52695	0.00303	0.00175	0.00195	0.00182	43	nan
Streptococcus sp. A12	1759399	S	6970	7635	14605	0.00084	0.00044	0.00045	0.00044	44	nan
Streptococcus sp. LPB0220	2610896	S	1867	2105	3972	0.00023	0.00012	0.00013	0.00012	44	nan
Streptococcus sp. 116-D4	2598453	S	1125	1196	2321	0.00013	0.00007	0.00008	0.00007	41	nan
Streptococcus sp. DTU_2020_1001019_1_SI_AUS_MUR_006	3077584	S	678	769	1447	0.00008	0.00004	0.00000	0.00005	42	5.0
Streptococcus sp. Marseille-Q6470	2972784	S	643	758	1401	0.00008	0.00004	0.00000	0.00005	42	5.0
Streptococcus sp. Marseille-Q3533	2759692	S	558	608	1166	0.00007	0.00004	0.00000	0.00004	40	5.0
Streptococcus sp. oral taxon 431	712633	S	454	524	978	0.00006	0.00003	0.00000	0.00003	41	5.0
Streptococcus sp. oral taxon 061	712623	S	430	508	938	0.00005	0.00003	0.00000	0.00003	41	5.0
Streptococcus sp. NPS 308	1902136	S	382	446	828	0.00005	0.00003	0.00003	0.00003	43	nan
Streptococcus mitis	28037	S	10860	11820	22680	0.00130	0.00068	0.00080	0.00070	42	nan
Streptococcus uberis	1349	S	6321	6466	12787	0.00074	0.00037	0.00000	0.00041	37	5.0
Streptococcus australis	113107	S	5658	7520	13178	0.00076	0.00043	0.00045	0.00044	44	nan
Streptococcus parasanguinis	1318	S	4898	5178	10076	0.00058	0.00030	0.00031	0.00030	43	nan
Streptococcus oralis	1303	S	3439	4622	8061	0.00046	0.00027	0.00028	0.00027	44	nan
Streptococcus toyakuensis	2819619	S	1235	1480	2715	0.00016	0.00009	0.00010	0.00009	43	nan
Streptococcus salivarius	1304	S	1208	1426	2634	0.00015	0.00008	0.00000	0.00009	41	5.0
Streptococcus lactarius	684066	S	1158	1181	2339	0.00013	0.00007	0.00007	0.00007	43	nan
Streptococcus gwangjuense	1433513	S	900	1011	1911	0.00011	0.00006	0.00007	0.00006	42	nan
Streptococcus gordonii	1302	S	704	716	1420	0.00008	0.00004	0.00004	0.00004	41	nan
Streptococcus anginosus	1328	S	500	646	1146	0.00007	0.00004	0.00000	0.00004	40	5.0
Streptococcus infantis	68892	S	542	567	1109	0.00006	0.00003	0.00000	0.00003	41	5.0
Streptococcus suis	1307	S	368	408	776	0.00004	0.00002	0.00003	0.00002	42	nan
Streptococcus thermophilus	1308	S	281	291	572	0.00003	0.00002	0.00000	0.00002	41	5.0
Streptococcus cristatus	45634	S	260	269	529	0.00003	0.00002	0.00000	0.00002	45	5.0
Streptococcus sanguinis	1305	S	247	260	507	0.00003	0.00001	0.00000	0.00002	46	5.0
Streptococcus equi	1336	S	126	129	255	0.00001	0.00001	0.00001	0.00001	43	nan
Streptococcus pluranimalium	82348	S	118	120	238	0.00001	0.00001	0.00000	0.00001	40	4.0
Enterococcus faecalis	1351	S	16167	20439	36606	0.00211	0.00118	0.00137	0.00126	38	nan
Enterococcus casseliflavus	37734	S	14753	22834	37587	0.00216	0.00131	0.00142	0.00133	43	nan
Enterococcus innesii	2839759	S	4364	6755	11119	0.00064	0.00039	0.00042	0.00039	43	nan
Enterococcus sp. FDAARGOS_375	2060307	S	2857	5923	8780	0.00050	0.00034	0.00037	0.00035	43	nan
Enterococcus sp. FZMF	3050383	S	591	1414	2005	0.00012	0.00008	0.00009	0.00008	44	nan
Enterococcus sp. CR-Ec1	2057791	S	143	336	479	0.00003	0.00002	0.00002	0.00002	42	nan
Enterococcus gallinarum	1353	S	320	870	1190	0.00007	0.00005	0.00006	0.00005	42	nan
Enterococcus faecium	1352	S	174	247	421	0.00002	0.00001	0.00000	0.00002	39	5.0
Vagococcus intermedius	2991418	S	40781	41000	81781	0.00470	0.00236	0.00289	0.00267	36	nan
Vagococcus luciliae	2920380	S	15275	15642	30917	0.00178	0.00090	0.00111	0.00107	34	nan
Facklamia hominis	178214	S	168	170	338	0.00002	0.00001	0.00000	0.00001	40	3.0
Blautia hansenii	1322	S	132682	141669	274351	0.01578	0.00815	0.00891	0.00860	39	nan
Blautia pseudococcoides	1796616	S	41270	41559	82829	0.00476	0.00239	0.00245	0.00236	47	nan
Blautia obeum	40520	S	126	134	260	0.00001	0.00001	0.00000	0.00001	43	4.0
[Ruminococcus] lactaris	46228	S	44350	45331	89681	0.00516	0.00261	0.00272	0.00262	44	nan
[Ruminococcus] torques	33039	S	13442	13842	27284	0.00157	0.00080	0.00086	0.00081	42	nan
[Ruminococcus] gnavus	33038	S	180	366	546	0.00003	0.00002	0.00000	0.00002	43	5.0
Sellimonas intestinalis	1653434	S	19184	19423	38607	0.00222	0.00112	0.00115	0.00111	47	nan
Simiaoa sunii	2763672	S	18217	18888	37105	0.00213	0.00109	0.00111	0.00107	48	nan
Lachnoclostridium phocaeense	1871021	S	12119	12476	24595	0.00141	0.00072	0.00073	0.00070	53	nan
[Clostridium] scindens	29347	S	294	298	592	0.00003	0.00002	0.00000	0.00002	49	4.0
Coprococcus comes	410072	S	4250	7156	11406	0.00066	0.00041	0.00045	0.00042	42	nan
Dorea longicatena	88431	S	230	246	476	0.00003	0.00001	0.00000	0.00001	43	5.0
Dorea formicigenerans	39486	S	103	112	215	0.00001	0.00001	0.00000	0.00001	42	5.0
Butyrivibrio fibrisolvens	831	S	102	115	217	0.00001	0.00001	0.00000	0.00001	41	4.0
Lachnospira eligens	39485	S	162	163	325	0.00002	0.00001	0.00000	0.00001	38	4.0
Agathobacter rectalis	39491	S	119	124	243	0.00001	0.00001	0.00000	0.00001	43	5.0
Vescimonas coprocola	2714355	S	19818	21627	41445	0.00238	0.00124	0.00125	0.00126	63	nan
Vescimonas fastidiosa	2714353	S	10443	11271	21714	0.00125	0.00065	0.00065	0.00065	61	nan
Ruminococcus albus	1264	S	1944	1955	3899	0.00022	0.00011	0.00000	0.00011	47	5.0
Ruminococcus bicirculans (ex Wegman et al. 2014)	1160721	S	766	840	1606	0.00009	0.00005	0.00000	0.00005	45	4.0
Ruminococcus champanellensis	1161942	S	409	449	858	0.00005	0.00003	0.00000	0.00003	56	4.0
Ruminococcus bovis	2564099	S	100	100	200	0.00001	0.00001	0.00000	0.00001	35	4.0
Faecalibacterium prausnitzii	853	S	136	253	389	0.00002	0.00001	0.00000	0.00001	60	4.0
Aristaeella hokkaidonensis	3046382	S	31945	31980	63925	0.00368	0.00184	0.00187	0.00179	54	nan
Clostridium acetobutylicum	1488	S	24861	24928	49789	0.00286	0.00143	0.00174	0.00185	30	nan
Dehalobacter sp. DCA	1147129	S	635	9260	9895	0.00057	0.00053	0.00055	0.00053	46	nan
Carboxydocella thermautotrophica	178899	S	8142	8149	16291	0.00094	0.00047	0.00048	0.00046	52	nan
Thermanaeromonas toyohensis	161154	S	46935	46959	93894	0.00540	0.00270	0.00271	0.00261	48	nan
Natranaerobius thermophilus	375929	S	28396	28418	56814	0.00327	0.00163	0.00193	0.00181	37	nan
Selenomonas sputigena	69823	S	171128	171218	342346	0.01969	0.00985	0.01037	0.00978	60	nan
Selenomonas ruminantium	971	S	7240	7245	14485	0.00083	0.00042	0.00000	0.00041	52	5.0
uncultured Anaeromusa sp.	673273	S	40980	40993	81973	0.00471	0.00236	0.00238	0.00229	52	nan
Phascolarctobacterium succinatutens	626940	S	75276	76471	151747	0.00873	0.00440	0.00462	0.00434	51	nan
Phascolarctobacterium sp. Marseille-Q4147	2823317	S	12029	12108	24137	0.00139	0.00070	0.00072	0.00069	51	nan
Acidaminococcus intestini	187327	S	27306	27447	54753	0.00315	0.00158	0.00157	0.00152	51	nan
Acidaminococcus fermentans	905	S	225	225	450	0.00003	0.00001	0.00000	0.00001	59	4.0
Megasphaera stantonii	2144175	S	50550	50770	101320	0.00583	0.00292	0.00293	0.00288	55	nan
Veillonella parvula	29466	S	107	115	222	0.00001	0.00001	0.00000	0.00001	40	4.0
Peptoniphilus ivorii	54006	S	100928	101648	202576	0.01165	0.00585	0.00595	0.00571	56	nan
Peptoniphilus harei	54005	S	647	780	1427	0.00008	0.00004	0.00000	0.00005	36	3.0
Anaerococcus prevotii	33034	S	210	433	643	0.00004	0.00002	0.00000	0.00003	36	4.0
Ezakiella coagulans	46507	S	180	246	426	0.00002	0.00001	0.00000	0.00002	36	4.0
Intestinibaculum porci	2487118	S	7061	7075	14136	0.00081	0.00041	0.00047	0.00043	38	nan
Thermosynechococcus sp. TA-1	2813673	S	8792	171366	180158	0.01036	0.00986	0.00986	0.00946	55	nan
Thermosynechococcus sp. PP22	3074082	S	6845	176369	183214	0.01054	0.01014	0.01015	0.00973	55	nan
Thermosynechococcus sp. HN-54	2933959	S	917	923	1840	0.00011	0.00005	0.00005	0.00005	54	nan
Thermosynechococcus sp. NK55a	1394889	S	469	485	954	0.00005	0.00003	0.00003	0.00003	54	nan
Thermosynechococcus sp.	2814275	S	409	422	831	0.00005	0.00002	0.00002	0.00002	55	nan
Thermosynechococcus sp. B0	2937284	S	203	3699	3902	0.00022	0.00021	0.00021	0.00020	55	nan
Thermosynechococcus sp. QS41	3074101	S	128	713	841	0.00005	0.00004	0.00004	0.00004	55	nan
Thermosynechococcus vestitus	146786	S	29246	29283	58529	0.00337	0.00168	0.00169	0.00162	55	nan
Acaryochloris marina	155978	S	41606	41658	83264	0.00479	0.00240	0.00243	0.00233	49	nan
Nostoc sp. 'Lobaria pulmonaria (5183) cyanobiont'	1618022	S	116107	116521	232628	0.01338	0.00670	0.00705	0.00682	44	nan
Nostoc flagelliforme	1306274	S	9313	9347	18660	0.00107	0.00054	0.00057	0.00055	44	nan
Nostoc sphaeroides	446679	S	3016	3026	6042	0.00035	0.00017	0.00019	0.00018	42	nan
Cylindrospermopsis raciborskii	77022	S	47773	51759	99532	0.00572	0.00298	0.00325	0.00306	40	nan
Picosynechococcus sp. PCC 8807	195248	S	42504	58132	100636	0.00579	0.00334	0.00333	0.00323	51	nan
Picosynechococcus sp. PCC 7003	374981	S	28207	28397	56604	0.00326	0.00163	0.00164	0.00158	51	nan
Picosynechococcus sp. PCC 11901	2579791	S	8496	10819	19315	0.00111	0.00062	0.00062	0.00060	50	nan
Oxynema aestuarii	2874213	S	50380	50385	100765	0.00580	0.00290	0.00294	0.00282	54	nan
Limnospira fusiformis	54297	S	2585	16714	19299	0.00111	0.00096	0.00099	0.00095	45	nan
Pleurocapsa sp. PCC 7327	118163	S	125206	125221	250427	0.01440	0.00720	0.00734	0.00710	47	nan
Gloeobacter morelensis	2907343	S	96553	96656	193209	0.01111	0.00556	0.00609	0.00573	64	nan
Leptolyngbya boryana	1184	S	29014	29017	58031	0.00334	0.00167	0.00000	0.00160	47	5.0
Leptolyngbya sp. BL0902	1115757	S	24116	24118	48234	0.00277	0.00139	0.00143	0.00137	59	nan
Synechococcus sp. SynAce01	1916956	S	29471	29493	58964	0.00339	0.00170	0.00205	0.00181	66	nan
Synechococcus sp. MIT S9220	166309	S	19076	19118	38194	0.00220	0.00110	0.00116	0.00108	59	nan
Synechococcus sp. A15-62	1050657	S	3619	3734	7353	0.00042	0.00021	0.00025	0.00022	63	nan
Thermocoleostomius sinensis	3065396	S	43191	43199	86390	0.00497	0.00248	0.00249	0.00239	50	nan
Thermoleptolyngbya sichuanensis	2885951	S	368	1792	2160	0.00012	0.00010	0.00011	0.00010	58	nan
Pseudanabaena sp. PCC 7367	82654	S	29975	29976	59951	0.00345	0.00172	0.00175	0.00169	49	nan
Nodosilinea sp. E11	3037479	S	24744	24748	49492	0.00285	0.00142	0.00144	0.00140	59	nan
Corynebacterium anserum	2684406	S	68543	68666	137209	0.00789	0.00395	0.00394	0.00380	56	nan
Corynebacterium pseudotuberculosis	1719	S	55615	56219	111834	0.00643	0.00323	0.00323	0.00309	53	nan
Corynebacterium macginleyi	38290	S	38818	39011	77829	0.00448	0.00224	0.00227	0.00220	58	nan
Corynebacterium pseudodiphtheriticum	37637	S	15088	15337	30425	0.00175	0.00088	0.00089	0.00085	55	nan
Corynebacterium pelargi	1471400	S	14674	14794	29468	0.00169	0.00085	0.00087	0.00083	59	nan
Corynebacterium freiburgense	556548	S	4412	4419	8831	0.00051	0.00025	0.00025	0.00024	50	nan
Corynebacterium propinquum	43769	S	1028	1045	2073	0.00012	0.00006	0.00000	0.00006	58	5.0
Corynebacterium accolens	38284	S	199	218	417	0.00002	0.00001	0.00000	0.00001	60	4.0
Nocardia huaxiensis	2755382	S	152907	153763	306670	0.01764	0.00884	0.01074	0.01005	69	nan
Rhodococcus sp. SG20037	3074148	S	2601	14319	16920	0.00097	0.00082	0.00087	0.00084	63	nan
Rhodococcus fascians	1828	S	126	127	253	0.00001	0.00001	0.00000	0.00001	65	5.0
Mycolicibacter sp. MYC017	2875777	S	21353	26193	47546	0.00273	0.00151	0.00180	0.00172	68	nan
Mycobacterium tuberculosis	1773	S	335	17648	17983	0.00103	0.00102	0.00116	0.00111	65	nan
Mycolicibacterium sediminis	1286180	S	9709	9965	19674	0.00113	0.00057	0.00069	0.00067	70	nan
Gordonia sp. SL306	2995145	S	161	203	364	0.00002	0.00001	0.00000	0.00001	68	4.0
Gordonia insulae	2420509	S	148	299	447	0.00003	0.00002	0.00000	0.00002	68	4.0
Gordonia bronchialis	2054	S	119	333	452	0.00003	0.00002	0.00000	0.00002	68	4.0
Gordonia terrae	2055	S	111	394	505	0.00003	0.00002	0.00000	0.00003	68	4.0
Gordonia mangrovi	2665643	S	105	121	226	0.00001	0.00001	0.00000	0.00001	67	4.0
Arcanobacterium buesumense	2722751	S	274285	278295	552580	0.03178	0.01601	0.01590	0.01531	49	nan
Gleimia europaea	66228	S	18776	19094	37870	0.00218	0.00110	0.00111	0.00106	57	nan
Actinobaculum sp. 313	2495645	S	18060	18072	36132	0.00208	0.00104	0.00110	0.00104	61	nan
Bifidobacterium longum	216816	S	95351	107582	202933	0.01167	0.00619	0.00648	0.00623	61	nan
Bifidobacterium imperatoris	2020965	S	25875	27511	53386	0.00307	0.00158	0.00164	0.00155	57	nan
Bifidobacterium sp. ESL0798	2983235	S	11635	13290	24925	0.00143	0.00076	0.00082	0.00076	60	nan
Bifidobacterium breve	1685	S	975	1037	2012	0.00012	0.00006	0.00000	0.00006	60	4.0
Bifidobacterium catenulatum	1686	S	102	114	216	0.00001	0.00001	0.00000	0.00001	58	4.0
Rothia terrae	396015	S	31188	31927	63115	0.00363	0.00184	0.00185	0.00177	53	nan
Rothia amarae	169480	S	118	122	240	0.00001	0.00001	0.00000	0.00001	54	3.0
Psychromicrobium lacuslunae	1618207	S	20027	20153	40180	0.00231	0.00116	0.00121	0.00115	60	nan
Pseudarthrobacter sp. BIM B-2242	2772401	S	1457	1587	3044	0.00018	0.00009	0.00010	0.00010	66	nan
Pseudarthrobacter sp. NBSH8	2596911	S	232	304	536	0.00003	0.00002	0.00000	0.00002	65	5.0
Pseudarthrobacter sp. NIBRBAC000502772	2590775	S	165	354	519	0.00003	0.00002	0.00000	0.00002	66	5.0
Pseudarthrobacter sp. SSS035	2931399	S	123	325	448	0.00003	0.00002	0.00000	0.00002	65	5.0
Pseudarthrobacter sp. L1SW	2851598	S	109	134	243	0.00001	0.00001	0.00000	0.00001	67	5.0
Pseudarthrobacter sp. NS4	2973976	S	109	119	228	0.00001	0.00001	0.00000	0.00001	65	3.0
Pseudarthrobacter psychrotolerans	2697569	S	312	412	724	0.00004	0.00002	0.00000	0.00003	65	5.0
Arthrobacter sp. CDRTa11	2651199	S	169	232	401	0.00002	0.00001	0.00000	0.00001	64	4.0
Arthrobacter sp. PAMC25564	2565366	S	141	288	429	0.00002	0.00002	0.00002	0.00002	66	nan
Arthrobacter sp. 24S4-2	2575374	S	113	217	330	0.00002	0.00001	0.00000	0.00001	66	5.0
Arthrobacter sp. FB24	290399	S	101	289	390	0.00002	0.00002	0.00000	0.00002	66	5.0
Salinibacterium sp. ZJ450	2708338	S	35621	35697	71318	0.00410	0.00205	0.00241	0.00228	68	nan
Leucobacter muris	1935379	S	9197	9338	18535	0.00107	0.00054	0.00061	0.00066	71	nan
Aquiluna sp. KACHI24	2968831	S	7365	7374	14739	0.00085	0.00042	0.00043	0.00040	54	nan
Brevibacterium siliguriense	1136497	S	4286	4339	8625	0.00050	0.00025	0.00028	0.00026	65	nan
Nocardioides sp. B-3	2895565	S	80074	80192	160266	0.00922	0.00461	0.00537	0.00550	70	nan
Solicola gregarius	2908642	S	20012	20032	40044	0.00230	0.00115	0.00136	0.00132	69	nan
Candidatus Planktophila lacus	1884913	S	38441	38486	76927	0.00442	0.00221	0.00219	0.00212	48	nan
Streptomyces calvus	67282	S	25322	26386	51708	0.00297	0.00152	0.00151	0.00205	73	nan
Streptomyces sp. SM17	565560	S	683	3973	4656	0.00027	0.00023	0.00000	0.00032	74	5.0
Ktedonosporobacter rubrisoli	2509675	S	45069	45069	90138	0.00518	0.00259	0.00259	0.00249	54	nan
Phototrophicus methaneseepsis	2710758	S	30022	30022	60044	0.00345	0.00173	0.00173	0.00166	54	nan
Spiroplasma alleghenense	216931	S	21209	21360	42569	0.00245	0.00123	0.00151	0.00167	29	nan
Prevotella denticola	28129	S	92664	96538	189202	0.01088	0.00555	0.00562	0.00543	54	nan
Prevotella sp. E2-28	2913620	S	71093	71339	142432	0.00819	0.00410	0.00418	0.00403	48	nan
Prevotella melaninogenica	28132	S	1615	1656	3271	0.00019	0.00010	0.00000	0.00010	43	4.0
Prevotella intermedia	28131	S	1266	1314	2580	0.00015	0.00008	0.00000	0.00008	46	5.0
Prevotella multiformis	282402	S	443	462	905	0.00005	0.00003	0.00000	0.00003	55	4.0
Prevotella nigrescens	28133	S	322	338	660	0.00004	0.00002	0.00000	0.00002	46	5.0
Prevotella jejuni	1177574	S	195	203	398	0.00002	0.00001	0.00000	0.00001	43	4.0
Prevotella scopos	589437	S	133	139	272	0.00002	0.00001	0.00000	0.00001	42	3.0
Prevotella fusca	589436	S	112	114	226	0.00001	0.00001	0.00000	0.00001	47	4.0
Bacteroides sp. CACC 737	2755405	S	16633	61328	77961	0.00448	0.00353	0.00366	0.00352	46	nan
Bacteroides sp. DH3716P	2847299	S	8399	53349	61748	0.00355	0.00307	0.00330	0.00308	45	nan
Bacteroides sp. A1C1	2528203	S	7096	32141	39237	0.00226	0.00185	0.00192	0.00184	46	nan
Bacteroides sp. ZJ-18	2709390	S	4888	22305	27193	0.00156	0.00128	0.00137	0.00129	46	nan
Bacteroides fragilis	817	S	747	1180	1927	0.00011	0.00007	0.00007	0.00007	45	nan
Bacteroides thetaiotaomicron	818	S	441	521	962	0.00006	0.00003	0.00000	0.00003	45	5.0
Bacteroides uniformis	820	S	292	424	716	0.00004	0.00002	0.00003	0.00002	48	nan
Bacteroides ovatus	28116	S	161	593	754	0.00004	0.00003	0.00004	0.00003	44	nan
Bacteroides xylanisolvens	371601	S	131	214	345	0.00002	0.00001	0.00000	0.00001	44	5.0
Sodaliphilus pleomorphus	2606626	S	65848	66271	132119	0.00760	0.00381	0.00395	0.00379	59	nan
Paramuribaculum intestinale	2094151	S	41684	42181	83865	0.00482	0.00243	0.00000	0.00238	57	5.0
Muribaculum gordoncarteri	2530390	S	35877	37163	73040	0.00420	0.00214	0.00215	0.00209	53	nan
Porphyromonas gingivalis	837	S	124830	126993	251823	0.01448	0.00730	0.00735	0.00708	50	nan
Alistipes communis	2585118	S	39523	40567	80090	0.00461	0.00233	0.00232	0.00237	62	nan
Alistipes megaguti	2364787	S	10284	10445	20729	0.00119	0.00060	0.00000	0.00061	63	5.0
Alistipes dispar	2585119	S	265	269	534	0.00003	0.00002	0.00000	0.00002	64	4.0
Alistipes finegoldii	214856	S	208	233	441	0.00003	0.00001	0.00000	0.00001	61	4.0
uncultured Alistipes sp.	538949	S	140	140	280	0.00002	0.00001	0.00000	0.00001	66	4.0
Parabacteroides distasonis	823	S	114	139	253	0.00001	0.00001	0.00000	0.00001	47	4.0
Myroides sp. mNGS23_01	3047542	S	62861	63758	126619	0.00728	0.00367	0.00430	0.00408	36	nan
Salegentibacter sp. T436	1729720	S	39702	41238	80940	0.00466	0.00237	0.00273	0.00259	37	nan
Capnocytophaga sp. FDAARGOS_737	2545799	S	10629	11171	21800	0.00125	0.00064	0.00072	0.00067	42	nan
Capnocytophaga sp. oral taxon 878	1316596	S	212	216	428	0.00002	0.00001	0.00000	0.00001	39	4.0
Capnocytophaga leadbetteri	327575	S	10768	11291	22059	0.00127	0.00065	0.00072	0.00068	41	nan
Capnocytophaga stomatis	1848904	S	6758	6828	13586	0.00078	0.00039	0.00045	0.00044	38	nan
Capnocytophaga sputigena	1019	S	365	372	737	0.00004	0.00002	0.00000	0.00002	40	4.0
Capnocytophaga ochracea	1018	S	343	421	764	0.00004	0.00002	0.00000	0.00003	41	5.0
Capnocytophaga canimorsus	28188	S	203	206	409	0.00002	0.00001	0.00000	0.00001	37	4.0
Capnocytophaga endodontalis	2708117	S	190	199	389	0.00002	0.00001	0.00000	0.00001	41	5.0
Allomuricauda aurantiaca	1383885	S	23636	23652	47288	0.00272	0.00136	0.00151	0.00146	38	nan
Polaribacter sp. ALD11	2058137	S	19870	20017	39887	0.00229	0.00115	0.00141	0.00148	31	nan
Tenacibaculum sp. SZ-18	754423	S	11748	11776	23524	0.00135	0.00068	0.00091	0.00085	31	nan
Flavobacterium sp. B183	907046	S	9919	10213	20132	0.00116	0.00059	0.00070	0.00066	36	nan
Chryseobacterium daecheongense	192389	S	39251	40037	79288	0.00456	0.00230	0.00276	0.00257	37	nan
Chryseobacterium sp.	1871047	S	25362	25903	51265	0.00295	0.00149	0.00000	0.00161	37	5.0
Chryseobacterium sp. Y16C	2920939	S	284	300	584	0.00003	0.00002	0.00000	0.00002	36	5.0
Chryseobacterium sp. WX	3031803	S	143	340	483	0.00003	0.00002	0.00000	0.00002	38	5.0
Chryseobacterium gleum	250	S	175	195	370	0.00002	0.00001	0.00000	0.00001	38	5.0
Chryseobacterium indologenes	253	S	156	161	317	0.00002	0.00001	0.00000	0.00001	38	4.0
Mucilaginibacter ginsenosidivorans	398053	S	79883	79921	159804	0.00919	0.00460	0.00469	0.00452	47	nan
Sphingobacterium sp. CZ-2	2557994	S	65082	66853	131935	0.00759	0.00384	0.00412	0.00397	41	nan
Pedobacter endophyticus	2789740	S	21990	22013	44003	0.00253	0.00127	0.00135	0.00129	41	nan
Pedobacter schmidteae	2201271	S	16379	16399	32778	0.00189	0.00094	0.00099	0.00096	42	nan
Chitinophaga sp. HK235	2952571	S	52846	52892	105738	0.00608	0.00304	0.00307	0.00296	48	nan
Chitinophaga pendula	2849666	S	1420	63160	64580	0.00371	0.00363	0.00365	0.00353	48	nan
Paraflavitalea soli	2315862	S	51072	51094	102166	0.00588	0.00294	0.00294	0.00284	48	nan
Spirosoma sp. KUDC1026	2745947	S	56230	56691	112921	0.00649	0.00326	0.00327	0.00314	54	nan
Spirosoma sp. KCTC 42546	2520506	S	216	218	434	0.00002	0.00001	0.00000	0.00001	48	4.0
Spirosoma rigui	564064	S	25185	25357	50542	0.00291	0.00146	0.00147	0.00142	55	nan
Spirosoma taeanense	2735870	S	576	594	1170	0.00007	0.00003	0.00000	0.00003	54	5.0
Spirosoma rhododendri	2728024	S	425	431	856	0.00005	0.00002	0.00000	0.00002	56	5.0
Spirosoma montaniterrae	1178516	S	348	353	701	0.00004	0.00002	0.00000	0.00002	54	5.0
Spirosoma foliorum	2710596	S	297	299	596	0.00003	0.00002	0.00000	0.00002	48	4.0
Spirosoma radiotolerans	1379870	S	270	272	542	0.00003	0.00002	0.00000	0.00002	51	4.0
Spirosoma oryzicola	2898794	S	268	269	537	0.00003	0.00002	0.00000	0.00001	51	4.0
Spirosoma aerolatum	1211326	S	263	264	527	0.00003	0.00002	0.00000	0.00001	49	4.0
Spirosoma pollinicola	2057025	S	220	221	441	0.00003	0.00001	0.00000	0.00001	50	4.0
Spirosoma endbachense	2666025	S	194	213	407	0.00002	0.00001	0.00000	0.00001	48	4.0
Spirosoma aureum	2692134	S	170	191	361	0.00002	0.00001	0.00000	0.00001	49	4.0
Tellurirhabdus rosea	2674997	S	248	283	531	0.00003	0.00002	0.00000	0.00002	59	5.0
Reichenbachiella sp. Wsw4-B4	2979869	S	48652	48794	97446	0.00560	0.00281	0.00294	0.00283	43	nan
Dyadobacter pollutisoli	2910158	S	9004	9063	18067	0.00104	0.00052	0.00053	0.00051	46	nan
Fibrisoma limi	663275	S	1007	1007	2014	0.00012	0.00006	0.00000	0.00006	50	5.0
Fibrella aestuarina	651143	S	283	286	569	0.00003	0.00002	0.00000	0.00002	58	4.0
Fibrella sp. ES10-3-2-2	1834519	S	137	139	276	0.00002	0.00001	0.00000	0.00001	54	4.0
Larkinella insperata	332158	S	247	249	496	0.00003	0.00001	0.00000	0.00001	55	5.0
Prosthecochloris sp. CIB 2401	1868325	S	61562	61658	123220	0.00709	0.00355	0.00354	0.00340	54	nan
Prosthecochloris sp. SCSIO W1101	2992242	S	13728	14432	28160	0.00162	0.00083	0.00084	0.00080	48	nan
Cyclonatronum proteinivorum	1457365	S	70767	70776	141543	0.00814	0.00407	0.00411	0.00396	54	nan
Brucepastera parasyntrophica	2880008	S	470347	470365	940712	0.05410	0.02705	0.02772	0.02669	48	nan
Treponema sp. OMZ 803	120682	S	170369	270227	440596	0.02534	0.01554	0.01618	0.01555	45	nan
Treponema sp. OMZ 906	2563662	S	77503	124175	201678	0.01160	0.00714	0.00745	0.00714	45	nan
Treponema sp. OMZ 857	1643513	S	163	235	398	0.00002	0.00001	0.00001	0.00001	45	nan
Treponema ruminis	744515	S	868	868	1736	0.00010	0.00005	0.00005	0.00005	45	nan
Treponema vincentii	69710	S	372	413	785	0.00005	0.00002	0.00003	0.00002	47	nan
Treponema succinifaciens	167	S	293	294	587	0.00003	0.00002	0.00000	0.00002	40	5.0
Treponema medium	58231	S	286	301	587	0.00003	0.00002	0.00002	0.00002	46	nan
Treponema peruense	2787628	S	134	134	268	0.00002	0.00001	0.00000	0.00001	43	4.0
Parasphaerochaeta coccoides	273376	S	24684	24684	49368	0.00284	0.00142	0.00142	0.00137	53	nan
Borrelia sp. RT5S	2898581	S	14774	18446	33220	0.00191	0.00106	0.00127	0.00124	33	nan
Sediminispirochaeta smaragdinae	55206	S	5861	5861	11722	0.00067	0.00034	0.00034	0.00033	51	nan
Leptospira weilii	28184	S	115909	115969	231878	0.01334	0.00667	0.00710	0.00685	41	nan
Leptospira tipperaryensis	2564040	S	51216	51219	102435	0.00589	0.00295	0.00307	0.00295	43	nan
Leptospira mayottensis	1137606	S	518	518	1036	0.00006	0.00003	0.00000	0.00003	40	5.0
Leptospira borgpetersenii	174	S	385	388	773	0.00004	0.00002	0.00000	0.00002	40	5.0
Leptospira interrogans	173	S	240	281	521	0.00003	0.00002	0.00000	0.00002	36	5.0
Leptospira sp. mild_001	2838238	S	167	309	476	0.00003	0.00002	0.00000	0.00002	37	4.0
Leptospira santarosai	28183	S	155	155	310	0.00002	0.00001	0.00000	0.00001	43	3.0
Pseudodesulfovibrio sediminis	2810563	S	60018	60070	120088	0.00691	0.00345	0.00348	0.00335	56	nan
uncultured Pseudodesulfovibrio sp.	2035858	S	31754	31817	63571	0.00366	0.00183	0.00000	0.00180	56	5.0
Desulfovibrio desulfuricans	876	S	5709	5751	11460	0.00066	0.00033	0.00035	0.00033	59	nan
Desulfobacca acetoxidans	60893	S	60715	60721	121436	0.00698	0.00349	0.00355	0.00340	55	nan
Desulfobacter postgatei	2293	S	57683	57806	115489	0.00664	0.00332	0.00337	0.00326	49	nan
Nitrospira sp. KM1	1936990	S	149372	149380	298752	0.01718	0.00859	0.00868	0.00831	56	nan
Candidatus Nitrospira neomarina	3020899	S	26219	26233	52452	0.00302	0.00151	0.00151	0.00145	51	nan
Leptospirillum ferriphilum	178606	S	6605	9112	15717	0.00090	0.00052	0.00054	0.00051	55	nan
Candidatus Velamenicoccus archaeovorus	1930593	S	49405	49405	98810	0.00568	0.00284	0.00288	0.00275	55	nan
Roseimicrobium sp. ORNL1	2711231	S	28534	28534	57068	0.00328	0.00164	0.00172	0.00163	60	nan
Candidatus Rhabdochlamydia porcellionis	225148	S	9847	9858	19705	0.00113	0.00057	0.00067	0.00064	36	nan
Pirellula staleyi	125	S	9403	9405	18808	0.00108	0.00054	0.00055	0.00053	58	nan
Aminobacterium sp. MB27-C1	3070661	S	41202	41209	82411	0.00474	0.00237	0.00251	0.00240	41	nan
Aminithiophilus ramosus	3029084	S	13503	13503	27006	0.00155	0.00078	0.00092	0.00083	66	nan
Candidatus Fervidibacter sacchari	1448929	S	53065	53065	106130	0.00610	0.00305	0.00302	0.00289	52	nan
Desulfurispirillum indicum	936456	S	44908	44959	89867	0.00517	0.00259	0.00263	0.00252	57	nan
Pajaroellobacter abortibovis	1882918	S	31005	31005	62010	0.00357	0.00178	0.00179	0.00172	48	nan
Bdellovibrio sp. 22V	3044166	S	4876	5059	9935	0.00057	0.00029	0.00000	0.00028	47	5.0
Bdellovibrio sp. NC01	2220073	S	1652	1790	3442	0.00020	0.00010	0.00011	0.00010	44	nan
Bdellovibrio sp. SKB1291214	1732569	S	765	890	1655	0.00010	0.00005	0.00000	0.00005	44	5.0
Bdellovibrio sp. ZAP7	2231053	S	567	872	1439	0.00008	0.00005	0.00005	0.00005	45	nan
Bdellovibrio sp. KM01	2748865	S	501	754	1255	0.00007	0.00004	0.00005	0.00004	45	nan
Bdellovibrio bacteriovorus	959	S	4366	4591	8957	0.00052	0.00026	0.00000	0.00025	50	4.0
Bdellovibrio reynosensis	2835041	S	2069	2282	4351	0.00025	0.00013	0.00000	0.00013	43	5.0
Aliarcobacter cryaerophilus	28198	S	10211	10327	20538	0.00118	0.00059	0.00000	0.00089	27	5.0
Helicobacter pullorum	35818	S	3974	4011	7985	0.00046	0.00023	0.00028	0.00027	35	nan
Hydrogenobacter thermophilus	940	S	9910	9910	19820	0.00114	0.00057	0.00058	0.00056	44	nan
Homo sapiens	9606	S	252	252	504	0.00003	0.00001	0.00000	0.00002	38	5.0
