name	taxonomy_id	taxonomy_lvl	kraken_assigned_reads	added_reads	new_est_reads	fraction_total_reads	Bracken_estimate	GuaCAMOLE_estimate	GuaCAMOLE_est_eff	GC content	Taxon Removal Cycle
Runella rosea	2259595	S	6605052	6606885	13211937	0.82737	0.41374	0.44167	0.41179	45	nan
Lutibacter profundi	1622118	S	1271013	1272152	2543165	0.15926	0.07967	0.10177	0.10617	29	nan
Corynebacterium heidelbergense	2055947	S	2395950	2398355	4794305	0.30023	0.15019	0.14784	0.13019	66	nan
Corynebacterium pyruviciproducens	598660	S	3295	3375	6670	0.00042	0.00021	0.00000	0.00018	62	4.0
Lawsonella clevelandensis	1528099	S	849	850	1699	0.00011	0.00005	0.00000	0.00004	58	4.0
Mobiluncus curtisii	2051	S	1755238	1768893	3524131	0.22069	0.11077	0.11108	0.09294	57	nan
Mobiluncus sp. Marseille-Q7826	3036302	S	7862	7886	15748	0.00099	0.00049	0.00000	0.00041	59	4.0
Varibaculum prostatecancerukia	2811781	S	7219	7239	14458	0.00091	0.00045	0.00040	0.00039	54	nan
Actinotignum urinale	190146	S	2089	2098	4187	0.00026	0.00013	0.00000	0.00012	51	5.0
Schaalia turicensis	131111	S	694	697	1391	0.00009	0.00004	0.00000	0.00004	58	4.0
Arcanobacterium haemolyticum	28264	S	282	300	582	0.00004	0.00002	0.00000	0.00002	54	4.0
Trueperella pyogenes	1661	S	183	183	366	0.00002	0.00001	0.00000	0.00001	61	4.0
Trueperella abortisuis	445930	S	114	114	228	0.00001	0.00001	0.00000	0.00001	66	4.0
Streptomyces lienomycini	284035	S	239109	250379	489488	0.03065	0.01568	0.01476	0.01724	72	nan
Vaginimicrobium propionicum	1871034	S	2483	2494	4977	0.00031	0.00016	0.00000	0.00014	50	4.0
Cutibacterium avidum	33010	S	169	170	339	0.00002	0.00001	0.00000	0.00001	64	3.0
Propionibacterium freudenreichii	1744	S	159	162	321	0.00002	0.00001	0.00000	0.00001	68	3.0
Gardnerella vaginalis	2702	S	2288	2300	4588	0.00029	0.00014	0.00000	0.00015	41	4.0
Bifidobacterium longum	216816	S	174	194	368	0.00002	0.00001	0.00000	0.00001	61	4.0
Curtobacterium sp. MCSS17_016	2175644	S	138	139	277	0.00002	0.00001	0.00000	0.00001	71	3.0
Staphylococcus devriesei	586733	S	633441	640401	1273842	0.07977	0.04010	0.04884	0.04761	34	nan
Staphylococcus haemolyticus	1283	S	12464	13905	26369	0.00165	0.00087	0.00110	0.00104	33	nan
Staphylococcus hominis	1290	S	2072	2149	4221	0.00026	0.00013	0.00000	0.00017	32	5.0
Staphylococcus sp. NRL 16/872	2930131	S	995	1404	2399	0.00015	0.00009	0.00000	0.00010	34	5.0
Staphylococcus epidermidis	1282	S	1198	1237	2435	0.00015	0.00008	0.00000	0.00010	33	5.0
Staphylococcus equorum	246432	S	823	1320	2143	0.00013	0.00008	0.00000	0.00010	34	5.0
Staphylococcus warneri	1292	S	603	684	1287	0.00008	0.00004	0.00000	0.00005	33	5.0
Staphylococcus lugdunensis	28035	S	555	561	1116	0.00007	0.00004	0.00000	0.00004	34	4.0
Staphylococcus chromogenes	46126	S	445	454	899	0.00006	0.00003	0.00000	0.00003	36	4.0
Staphylococcus saprophyticus	29385	S	405	415	820	0.00005	0.00003	0.00000	0.00003	33	4.0
Staphylococcus aureus	1280	S	368	1023	1391	0.00009	0.00006	0.00000	0.00008	34	5.0
Staphylococcus pasteuri	45972	S	356	378	734	0.00005	0.00002	0.00000	0.00003	31	4.0
Staphylococcus simulans	1286	S	276	278	554	0.00003	0.00002	0.00000	0.00002	36	4.0
Staphylococcus coagulans	74706	S	231	238	469	0.00003	0.00001	0.00000	0.00002	36	5.0
Staphylococcus pseudintermedius	283734	S	178	181	359	0.00002	0.00001	0.00000	0.00001	38	4.0
Staphylococcus agnetis	985762	S	216	221	437	0.00003	0.00001	0.00000	0.00002	36	4.0
Staphylococcus capitis	29388	S	204	219	423	0.00003	0.00001	0.00000	0.00002	34	5.0
Staphylococcus carnosus	1281	S	176	179	355	0.00002	0.00001	0.00000	0.00001	35	4.0
Staphylococcus condimenti	70255	S	138	140	278	0.00002	0.00001	0.00000	0.00001	35	4.0
Staphylococcus xylosus	1288	S	101	103	204	0.00001	0.00001	0.00000	0.00001	33	4.0
Paenibacillus sp. FSL P4-0081	1536769	S	122	173	295	0.00002	0.00001	0.00000	0.00001	54	4.0
Acaryochloris marina	155978	S	319706	324019	643725	0.04031	0.02029	0.02043	0.01951	48	nan
Acaryochloris sp. CCMEE 5410	310037	S	105139	106826	211965	0.01327	0.00669	0.00697	0.00644	49	nan
Acaryochloris sp. 'Moss Beach'	2740837	S	7457	8448	15905	0.00100	0.00053	0.00054	0.00051	48	nan
Acinetobacter bereziniae	106648	S	435657	660264	1095921	0.06863	0.04135	0.00000	0.04515	39	5.0
Acinetobacter sp. Tol 5	710648	S	41049	132233	173282	0.01085	0.00828	0.00983	0.00903	39	nan
Acinetobacter sp. Marseille-Q1620	2714110	S	15217	15276	30493	0.00191	0.00096	0.00000	0.00106	39	5.0
Acinetobacter sp. TAC-1	3027470	S	13607	27970	41577	0.00260	0.00175	0.00205	0.00191	40	nan
Acinetobacter sp. MYb10	1827285	S	12502	21380	33882	0.00212	0.00134	0.00158	0.00146	40	nan
Acinetobacter sp. TTH0-4	1646498	S	10533	11210	21743	0.00136	0.00070	0.00083	0.00076	40	nan
Acinetobacter sp. TGL-Y2	1407071	S	10124	10190	20314	0.00127	0.00064	0.00000	0.00069	41	5.0
Acinetobacter sp. Res13-Abat-PEC07-P2-02	2777947	S	9994	35577	45571	0.00285	0.00223	0.00264	0.00244	39	nan
Acinetobacter sp. NyZ410	2929509	S	9312	19000	28312	0.00177	0.00119	0.00140	0.00130	40	nan
Acinetobacter sp. CS-2	2798861	S	7867	9168	17035	0.00107	0.00057	0.00000	0.00061	42	5.0
Acinetobacter sp. KCTC 92772	3045147	S	6755	7460	14215	0.00089	0.00047	0.00000	0.00049	43	5.0
Acinetobacter sp. Z1	2953738	S	5961	6313	12274	0.00077	0.00040	0.00000	0.00043	40	5.0
Acinetobacter sp. NCu2D-2	1608473	S	5925	6239	12164	0.00076	0.00039	0.00045	0.00042	41	nan
Acinetobacter sp. C32I	2950074	S	5790	6188	11978	0.00075	0.00039	0.00000	0.00041	42	5.0
Acinetobacter sp. GSS19	3020716	S	5616	5690	11306	0.00071	0.00036	0.00000	0.00036	47	5.0
Acinetobacter sp. 10FS3-1	2563897	S	4948	6420	11368	0.00071	0.00040	0.00000	0.00042	41	5.0
Acinetobacter sp. ESL0695	2983215	S	4040	4055	8095	0.00051	0.00025	0.00000	0.00029	37	4.0
Acinetobacter sp. WCHA55	2004646	S	4025	5047	9072	0.00057	0.00032	0.00039	0.00033	41	nan
Acinetobacter sp. LoGeW2-3	1808001	S	3932	4117	8049	0.00050	0.00026	0.00000	0.00027	45	5.0
Acinetobacter sp. C16S1	2609668	S	3668	4362	8030	0.00050	0.00027	0.00031	0.00029	40	nan
Acinetobacter sp. WCHAc010034	1879049	S	3600	3820	7420	0.00046	0.00024	0.00000	0.00022	54	5.0
Acinetobacter sp. SH20PTE14	2905879	S	3325	7900	11225	0.00070	0.00049	0.00057	0.00053	41	nan
Acinetobacter sp. SCLZS86	2908637	S	2903	4155	7058	0.00044	0.00026	0.00031	0.00028	41	nan
Acinetobacter sp. ACNIH2	1758189	S	2692	5604	8296	0.00052	0.00035	0.00040	0.00038	41	nan
Acinetobacter sp. ASP199	2773709	S	2643	2858	5501	0.00034	0.00018	0.00000	0.00019	45	5.0
Acinetobacter sp. WCHA45	2004644	S	2564	3449	6013	0.00038	0.00022	0.00025	0.00023	40	nan
Acinetobacter sp. XS-4	2923375	S	2354	2718	5072	0.00032	0.00017	0.00020	0.00019	40	nan
Acinetobacter sp. WCHAc010052	2004647	S	2323	3625	5948	0.00037	0.00023	0.00000	0.00024	43	5.0
Acinetobacter sp. PK01	2930198	S	2028	4153	6181	0.00039	0.00026	0.00030	0.00028	41	nan
Acinetobacter sp. YH16056_T	2929514	S	1868	4336	6204	0.00039	0.00027	0.00031	0.00029	41	nan
Acinetobacter sp. YH16040_T	2929512	S	1645	3978	5623	0.00035	0.00025	0.00029	0.00027	41	nan
Acinetobacter sp. YH12068_T	2929515	S	1447	3887	5334	0.00033	0.00024	0.00028	0.00026	41	nan
Acinetobacter sp. YH12138	2601122	S	1351	3225	4576	0.00029	0.00020	0.00023	0.00022	41	nan
Acinetobacter sp. TR11	3003393	S	1335	3697	5032	0.00032	0.00023	0.00027	0.00025	40	nan
Acinetobacter sp. TR3	3003392	S	1223	3474	4697	0.00029	0.00022	0.00026	0.00024	40	nan
Acinetobacter sp. AS23	2871688	S	1112	1845	2957	0.00019	0.00012	0.00013	0.00013	40	nan
Acinetobacter sp. F9	2853158	S	880	1752	2632	0.00016	0.00011	0.00000	0.00012	42	5.0
Acinetobacter sp. SWBY1	2079596	S	813	2017	2830	0.00018	0.00013	0.00015	0.00014	41	nan
Acinetobacter sp. WY4	2708348	S	798	1704	2502	0.00016	0.00011	0.00013	0.00011	42	nan
Acinetobacter sp. AHP123	2913495	S	794	1226	2020	0.00013	0.00008	0.00009	0.00008	40	nan
Acinetobacter sp. ACNIH1	1636603	S	702	2171	2873	0.00018	0.00014	0.00016	0.00015	41	nan
Acinetobacter sp. ANC 7201	3035288	S	624	1434	2058	0.00013	0.00009	0.00000	0.00010	39	5.0
Acinetobacter sp. Colony158	2810070	S	616	1251	1867	0.00012	0.00008	0.00009	0.00008	41	nan
Acinetobacter sp. NEB 394	2743575	S	513	1115	1628	0.00010	0.00007	0.00008	0.00008	41	nan
Acinetobacter sp. BHS4	2836181	S	471	1109	1580	0.00010	0.00007	0.00008	0.00008	41	nan
Acinetobacter sp. UGAL515B_02	2986764	S	465	936	1401	0.00009	0.00006	0.00000	0.00006	42	5.0
Acinetobacter sp. NEB149	2725684	S	358	1327	1685	0.00011	0.00008	0.00010	0.00009	41	nan
Acinetobacter sp. LUNF3	2925837	S	354	1418	1772	0.00011	0.00009	0.00010	0.00010	41	nan
Acinetobacter sp. FDAARGOS_724	2545797	S	330	1343	1673	0.00010	0.00008	0.00010	0.00009	41	nan
Acinetobacter seifertii	1530123	S	22836	26727	49563	0.00310	0.00167	0.00197	0.00183	40	nan
Acinetobacter baumannii	470	S	17017	103695	120712	0.00756	0.00649	0.00762	0.00706	40	nan
Acinetobacter pittii	48296	S	12101	19433	31534	0.00197	0.00122	0.00143	0.00132	40	nan
Acinetobacter calcoaceticus	471	S	9557	10124	19681	0.00123	0.00063	0.00000	0.00069	40	5.0
Acinetobacter nosocomialis	106654	S	4733	6083	10816	0.00068	0.00038	0.00045	0.00041	40	nan
Acinetobacter lactucae	1785128	S	583	1005	1588	0.00010	0.00006	0.00007	0.00007	40	nan
Acinetobacter wuhouensis	1879050	S	70799	77941	148740	0.00931	0.00488	0.00000	0.00533	40	5.0
Acinetobacter guillouiae	106649	S	31430	44038	75468	0.00473	0.00276	0.00327	0.00302	40	nan
Acinetobacter piscicola	2006115	S	22318	24616	46934	0.00294	0.00154	0.00000	0.00168	39	5.0
Acinetobacter johnsonii	40214	S	21594	28392	49986	0.00313	0.00178	0.00224	0.00188	42	nan
Acinetobacter defluvii	1871111	S	19773	22730	42503	0.00266	0.00142	0.00000	0.00156	40	5.0
Acinetobacter indicus	756892	S	13594	14802	28396	0.00178	0.00093	0.00000	0.00091	47	5.0
Acinetobacter shaoyimingii	2715164	S	10444	10536	20980	0.00131	0.00066	0.00000	0.00072	40	5.0
Acinetobacter towneri	202956	S	9880	17101	26981	0.00169	0.00107	0.00129	0.00114	41	nan
Acinetobacter haemolyticus	29430	S	8987	10440	19427	0.00122	0.00065	0.00076	0.00070	40	nan
Acinetobacter lanii	2715163	S	8107	8231	16338	0.00102	0.00052	0.00000	0.00054	43	5.0
Acinetobacter colistiniresistens	280145	S	7599	7929	15528	0.00097	0.00050	0.00000	0.00052	43	5.0
Acinetobacter radioresistens	40216	S	7369	7779	15148	0.00095	0.00049	0.00000	0.00051	43	5.0
Acinetobacter equi	1324350	S	7288	7351	14639	0.00092	0.00046	0.00000	0.00054	36	4.0
Acinetobacter schindleri	108981	S	7106	8043	15149	0.00095	0.00050	0.00000	0.00052	44	5.0
Acinetobacter vivianii	1776742	S	7097	7254	14351	0.00090	0.00045	0.00000	0.00048	44	5.0
Acinetobacter baylyi	202950	S	6865	7051	13916	0.00087	0.00044	0.00052	0.00047	42	nan
Acinetobacter cumulans	2136182	S	6609	6895	13504	0.00085	0.00043	0.00051	0.00046	41	nan
Acinetobacter ursingii	108980	S	6587	11772	18359	0.00115	0.00074	0.00085	0.00079	41	nan
Acinetobacter larvae	1789224	S	6403	6424	12827	0.00080	0.00040	0.00000	0.00042	43	5.0
Acinetobacter junii	40215	S	6130	12245	18375	0.00115	0.00077	0.00091	0.00083	40	nan
Acinetobacter venetianus	52133	S	5786	6412	12198	0.00076	0.00040	0.00046	0.00043	40	nan
Acinetobacter tibetensis	2943497	S	5588	5757	11345	0.00071	0.00036	0.00043	0.00038	41	nan
Acinetobacter chinensis	2004650	S	5558	6999	12557	0.00079	0.00044	0.00000	0.00046	43	5.0
Acinetobacter dispersus	70348	S	5518	5760	11278	0.00071	0.00036	0.00000	0.00038	41	5.0
Acinetobacter proteolyticus	1776741	S	5427	6301	11728	0.00073	0.00039	0.00048	0.00042	42	nan
Acinetobacter wanghuae	2662362	S	5063	5151	10214	0.00064	0.00032	0.00038	0.00034	43	nan
Acinetobacter variabilis	70346	S	4733	7377	12110	0.00076	0.00046	0.00000	0.00049	43	5.0
Acinetobacter lwoffii	28090	S	4713	8120	12833	0.00080	0.00051	0.00000	0.00054	42	5.0
Acinetobacter bouvetii	202951	S	2279	2450	4729	0.00030	0.00015	0.00000	0.00015	46	5.0
Acinetobacter soli	487316	S	2069	2973	5042	0.00032	0.00019	0.00000	0.00020	42	5.0
Acinetobacter pseudolwoffii	2053287	S	1182	1917	3099	0.00019	0.00012	0.00000	0.00013	43	5.0
Acinetobacter portensis	1839785	S	1114	2870	3984	0.00025	0.00018	0.00000	0.00020	39	5.0
Acinetobacter oleivorans	1148157	S	699	1042	1741	0.00011	0.00007	0.00008	0.00007	40	nan
Acinetobacter septicus	465797	S	428	1099	1527	0.00010	0.00007	0.00008	0.00007	41	nan
Acinetobacter terrestris	2529843	S	151	188	339	0.00002	0.00001	0.00001	0.00001	41	nan
Moraxella sp. ZY210820	2904123	S	147	153	300	0.00002	0.00001	0.00000	0.00001	37	4.0
Moraxella sp. FZFQ2102	2953752	S	121	163	284	0.00002	0.00001	0.00000	0.00001	50	4.0
Enterobacter cloacae complex sp.	2027919	S	225	281	506	0.00003	0.00002	0.00001	0.00002	58	nan
Enterobacter sp. MGH 14	1329823	S	170	187277	187447	0.01174	0.01173	0.01051	0.01013	56	nan
Enterobacter hormaechei	158836	S	3246	25019	28265	0.00177	0.00157	0.00141	0.00135	57	nan
Enterobacter cloacae	550	S	583	1591	2174	0.00014	0.00010	0.00009	0.00009	57	nan
Enterobacter asburiae	61645	S	276	717	993	0.00006	0.00004	0.00004	0.00004	58	nan
Enterobacter roggenkampii	1812935	S	230	372	602	0.00004	0.00002	0.00000	0.00002	58	5.0
Enterobacter cancerogenus	69218	S	136	140	276	0.00002	0.00001	0.00000	0.00001	58	5.0
Enterobacter kobei	208224	S	112	308	420	0.00003	0.00002	0.00002	0.00002	57	nan
Enterobacter mori	539813	S	247	268	515	0.00003	0.00002	0.00001	0.00001	57	nan
Enterobacter oligotrophicus	2478464	S	143	147	290	0.00002	0.00001	0.00000	0.00001	56	5.0
Enterobacter bugandensis	881260	S	121	177	298	0.00002	0.00001	0.00000	0.00001	58	5.0
Escherichia coli	562	S	522	2636	3158	0.00020	0.00017	0.00000	0.00014	55	5.0
Klebsiella pneumoniae	573	S	184	697	881	0.00006	0.00004	0.00000	0.00004	58	5.0
Proteus mirabilis	584	S	106	206	312	0.00002	0.00001	0.00000	0.00001	41	4.0
Vibrio plantisponsor	664643	S	102	189	291	0.00002	0.00001	0.00000	0.00001	45	4.0
Paracoccus contaminans	1945662	S	652687	664560	1317247	0.08249	0.04162	0.04435	0.03994	68	nan
Caulobacter mirabilis	69666	S	127	127	254	0.00002	0.00001	0.00000	0.00001	70	3.0
Homo sapiens	9606	S	341	349	690	0.00004	0.00002	0.00000	0.00002	38	4.0
Phietavirus EW	320841	S	242	243	485	0.00003	0.00002	0.00000	0.00002	36	4.0
Staphylococcus phage StB12	1147042	S	123	124	247	0.00002	0.00001	0.00000	0.00001	35	4.0
Staphylococcus phage IME-SA4	1610872	S	159	167	326	0.00002	0.00001	0.00000	0.00001	33	4.0
