name	taxonomy_id	taxonomy_lvl	kraken_assigned_reads	added_reads	new_est_reads	fraction_total_reads	Bracken_estimate	GuaCAMOLE_estimate	GuaCAMOLE_est_eff	GC content	Taxon Removal Cycle
Enterobacter cloacae	550	S	68366	79050	147416	0.00862	0.00462	0.00459	0.00450	57	nan
Enterobacter chuandaensis	2497875	S	36083	39684	75767	0.00443	0.00232	0.00241	0.00229	58	nan
Enterobacter hormaechei	158836	S	3159	16354	19513	0.00114	0.00096	0.00107	0.00093	57	nan
Enterobacter asburiae	61645	S	2048	3478	5526	0.00032	0.00020	0.00024	0.00020	58	nan
Enterobacter roggenkampii	1812935	S	1522	1845	3367	0.00020	0.00011	0.00000	0.00011	58	5.0
Enterobacter cloacae complex sp.	2027919	S	298	385	683	0.00004	0.00002	0.00000	0.00002	56	5.0
Enterobacter ludwigii	299767	S	515	1070	1585	0.00009	0.00006	0.00007	0.00006	57	nan
Enterobacter kobei	208224	S	487	1115	1602	0.00009	0.00007	0.00007	0.00006	57	nan
Enterobacter cancerogenus	69218	S	378	388	766	0.00004	0.00002	0.00000	0.00002	58	5.0
Enterobacter chengduensis	2494701	S	230	268	498	0.00003	0.00002	0.00000	0.00002	58	5.0
Enterobacter sichuanensis	2071710	S	171	183	354	0.00002	0.00001	0.00000	0.00001	57	5.0
Enterobacter mori	539813	S	99748	106459	206207	0.01206	0.00623	0.00704	0.00608	57	nan
Enterobacter sp. S-33	3026145	S	26203	65996	92199	0.00539	0.00386	0.00399	0.00379	58	nan
Enterobacter sp. E76	2596949	S	7631	9967	17598	0.00103	0.00058	0.00070	0.00057	57	nan
Enterobacter sp. 18A13	2565914	S	7134	15954	23088	0.00135	0.00093	0.00098	0.00092	58	nan
Enterobacter sp. Colony194	2866201	S	3399	4118	7517	0.00044	0.00024	0.00000	0.00024	57	5.0
Enterobacter sp. RHBSTW-00593	2742656	S	636	5053	5689	0.00033	0.00030	0.00032	0.00029	57	nan
Enterobacter sp. RHBSTW-00901	2742669	S	334	2980	3314	0.00019	0.00017	0.00018	0.00017	52	nan
Enterobacter sp. RHBSTW-00175	2742639	S	331	554	885	0.00005	0.00003	0.00003	0.00003	55	nan
Enterobacter sp. SGAir0187	2836161	S	156	209	365	0.00002	0.00001	0.00001	0.00001	58	nan
Enterobacter sp. RHBSTW-00994	2742676	S	141	143	284	0.00002	0.00001	0.00000	0.00001	53	5.0
Enterobacter bugandensis	881260	S	1437	1925	3362	0.00020	0.00011	0.00014	0.00011	58	nan
Enterobacter huaxiensis	2494702	S	222	230	452	0.00003	0.00001	0.00000	0.00001	59	5.0
Enterobacter oligotrophicus	2478464	S	186	191	377	0.00002	0.00001	0.00000	0.00001	56	5.0
Enterobacter pseudoroggenkampii	2996112	S	138	214	352	0.00002	0.00001	0.00001	0.00001	58	nan
Enterobacter soli	885040	S	104	109	213	0.00001	0.00001	0.00001	0.00001	55	nan
Escherichia sp. HH091_1A	2509662	S	23243	115366	138609	0.00811	0.00675	0.00683	0.00648	52	nan
Escherichia sp. E4742	2044467	S	235	257	492	0.00003	0.00002	0.00001	0.00001	53	nan
Escherichia marmotae	1499973	S	36382	39163	75545	0.00442	0.00229	0.00230	0.00219	52	nan
Escherichia coli	562	S	11615	45614	57229	0.00335	0.00267	0.00275	0.00256	53	nan
Escherichia albertii	208962	S	740	798	1538	0.00009	0.00005	0.00005	0.00004	52	nan
Escherichia fergusonii	564	S	454	910	1364	0.00008	0.00005	0.00005	0.00005	52	nan
Citrobacter arsenatis	2546350	S	31028	35482	66510	0.00389	0.00208	0.00207	0.00199	55	nan
Citrobacter rodentium	67825	S	26985	33445	60430	0.00354	0.00196	0.00223	0.00192	57	nan
Citrobacter sp. Colony322	2861801	S	2571	23064	25635	0.00150	0.00135	0.00137	0.00129	54	nan
Citrobacter sp. 21OH12SH02A-Citro	3015952	S	692	14418	15110	0.00088	0.00084	0.00086	0.00081	54	nan
Citrobacter freundii	546	S	714	2157	2871	0.00017	0.00013	0.00013	0.00012	54	nan
Citrobacter portucalensis	1639133	S	365	671	1036	0.00006	0.00004	0.00004	0.00004	54	nan
Citrobacter braakii	57706	S	243	1654	1897	0.00011	0.00010	0.00010	0.00009	54	nan
Citrobacter koseri	545	S	230	410	640	0.00004	0.00002	0.00003	0.00002	55	nan
Citrobacter amalonaticus	35703	S	160	656	816	0.00005	0.00004	0.00004	0.00004	55	nan
Citrobacter pasteurii	1563222	S	108	182	290	0.00002	0.00001	0.00001	0.00001	54	nan
Shigella flexneri	623	S	18532	129471	148003	0.00866	0.00757	0.00781	0.00727	53	nan
Shigella dysenteriae	622	S	4246	9470	13716	0.00080	0.00055	0.00057	0.00053	53	nan
Shigella boydii	621	S	234	1332	1566	0.00009	0.00008	0.00008	0.00007	53	nan
Shigella sonnei	624	S	113	461	574	0.00003	0.00003	0.00003	0.00003	53	nan
Pluralibacter gergoviae	61647	S	47672	48783	96455	0.00564	0.00285	0.00295	0.00293	62	nan
Klebsiella sp. WP4-W18-ESBL-05	2675713	S	4657	14193	18850	0.00110	0.00083	0.00090	0.00081	57	nan
Klebsiella sp. WP8-S18-ESBL-06	2675726	S	4359	13672	18031	0.00105	0.00080	0.00087	0.00078	57	nan
Klebsiella sp. BDA134-6	2787706	S	2660	9661	12321	0.00072	0.00057	0.00063	0.00056	58	nan
Klebsiella pneumoniae	573	S	1283	8946	10229	0.00060	0.00052	0.00000	0.00052	58	5.0
Klebsiella michiganensis	1134687	S	551	1100	1651	0.00010	0.00006	0.00000	0.00006	58	5.0
Klebsiella aerogenes	548	S	349	378	727	0.00004	0.00002	0.00000	0.00002	57	5.0
Klebsiella quasipneumoniae	1463165	S	217	407	624	0.00004	0.00002	0.00000	0.00002	59	5.0
Klebsiella oxytoca	571	S	213	229	442	0.00003	0.00001	0.00000	0.00001	57	5.0
Klebsiella variicola	244366	S	211	641	852	0.00005	0.00004	0.00000	0.00004	58	5.0
Klebsiella grimontii	2058152	S	125	416	541	0.00003	0.00002	0.00003	0.00002	58	nan
Raoultella ornithinolytica	54291	S	132	254	386	0.00002	0.00001	0.00000	0.00001	57	5.0
Jejubacter calystegiae	2579935	S	14328	14370	28698	0.00168	0.00084	0.00089	0.00083	58	nan
Scandinavium goeteborgense	1851514	S	8465	8507	16972	0.00099	0.00050	0.00051	0.00048	57	nan
Atlantibacter subterranea	255519	S	6374	7522	13896	0.00081	0.00044	0.00000	0.00043	57	5.0
Atlantibacter hermannii	565	S	430	433	863	0.00005	0.00003	0.00000	0.00002	56	4.0
Salmonella enterica	28901	S	1404	3406	4810	0.00028	0.00020	0.00022	0.00019	54	nan
Leclercia adecarboxylata	83655	S	210	296	506	0.00003	0.00002	0.00000	0.00002	58	5.0
Cronobacter sakazakii	28141	S	148	208	356	0.00002	0.00001	0.00000	0.00001	59	5.0
Lelliottia amnigena	61646	S	122	133	255	0.00001	0.00001	0.00000	0.00001	55	5.0
Cedecea neteri	158822	S	141	157	298	0.00002	0.00001	0.00000	0.00001	57	5.0
Serratia sp. ATCC 39006	104623	S	114106	143112	257218	0.01505	0.00837	0.00852	0.00802	51	nan
Serratia sp. 1D1416	2447890	S	4815	17065	21880	0.00128	0.00100	0.00105	0.00103	63	nan
Serratia symbiotica	138074	S	48985	49222	98207	0.00574	0.00288	0.00287	0.00277	54	nan
Serratia marcescens	615	S	10864	33733	44597	0.00261	0.00197	0.00209	0.00203	63	nan
Serratia proteamaculans	28151	S	5935	7099	13034	0.00076	0.00042	0.00000	0.00041	57	4.0
Serratia ficaria	61651	S	5320	22091	27411	0.00160	0.00129	0.00137	0.00133	63	nan
Serratia quinivorans	137545	S	3582	4073	7655	0.00045	0.00024	0.00000	0.00023	57	4.0
Serratia liquefaciens	614	S	571	906	1477	0.00009	0.00005	0.00000	0.00005	59	4.0
Serratia entomophila	42906	S	562	718	1280	0.00007	0.00004	0.00000	0.00004	62	5.0
Serratia grimesii	82995	S	379	403	782	0.00005	0.00002	0.00000	0.00002	54	3.0
Serratia plymuthica	82996	S	339	434	773	0.00005	0.00003	0.00000	0.00003	59	4.0
Serratia fonticola	47917	S	159	232	391	0.00002	0.00001	0.00000	0.00001	57	3.0
Serratia ureilytica	300181	S	130	1035	1165	0.00007	0.00006	0.00006	0.00006	63	nan
Serratia odorifera	618	S	120	122	242	0.00001	0.00001	0.00000	0.00001	58	4.0
Serratia inhibens	2338073	S	110	126	236	0.00001	0.00001	0.00000	0.00001	59	3.0
Serratia rubidaea	61652	S	100	130	230	0.00001	0.00001	0.00001	0.00001	63	nan
Rouxiella chamberiensis	1513468	S	82136	82455	164591	0.00963	0.00482	0.00492	0.00468	56	nan
Rahnella bonaserana	2816248	S	37833	38471	76304	0.00446	0.00225	0.00228	0.00216	54	nan
Rahnella aceris	2703885	S	10553	10724	21277	0.00124	0.00063	0.00063	0.00060	54	nan
Rahnella aquatilis	34038	S	111	113	224	0.00001	0.00001	0.00000	0.00001	54	5.0
Dickeya chrysanthemi	556	S	126336	129134	255470	0.01494	0.00755	0.00783	0.00740	57	nan
Lonsdalea britannica	1082704	S	40896	41131	82027	0.00480	0.00241	0.00253	0.00236	57	nan
Brenneria rubrifaciens	55213	S	17950	18083	36033	0.00211	0.00106	0.00108	0.00102	55	nan
Prodigiosinella sp. LS101	3057057	S	210	226	436	0.00003	0.00001	0.00001	0.00001	51	nan
Erwinia persicina	55211	S	32325	32558	64883	0.00380	0.00190	0.00196	0.00186	57	nan
Erwinia pyrifoliae	79967	S	11539	13522	25061	0.00147	0.00079	0.00083	0.00077	56	nan
Erwinia sp. Ejp617	215689	S	194	227	421	0.00002	0.00001	0.00001	0.00001	56	nan
Erwinia amylovora	552	S	201	202	403	0.00002	0.00001	0.00000	0.00001	56	5.0
Erwinia tracheiphila	65700	S	141	141	282	0.00002	0.00001	0.00000	0.00001	51	4.0
Pantoea sp. CCBC3-3-1	2490851	S	24598	24914	49512	0.00290	0.00146	0.00148	0.00140	54	nan
Pantoea alhagi	1891675	S	11249	11363	22612	0.00132	0.00066	0.00068	0.00064	55	nan
Pantoea agglomerans	549	S	235	249	484	0.00003	0.00001	0.00000	0.00001	57	4.0
Pantoea ananatis	553	S	131	133	264	0.00002	0.00001	0.00000	0.00001	55	4.0
Arsenophonus apicola	2879119	S	38481	39118	77599	0.00454	0.00229	0.00255	0.00246	39	nan
Providencia rettgeri	587	S	144	307	451	0.00003	0.00002	0.00000	0.00002	42	4.0
Sodalis ligni	2697027	S	27511	27541	55052	0.00322	0.00161	0.00170	0.00160	59	nan
Shewanella sp. KX20019	2803864	S	37432	37629	75061	0.00439	0.00220	0.00226	0.00213	45	nan
Shewanella sp. NFH-SH190041	2950245	S	20612	20678	41290	0.00242	0.00121	0.00122	0.00116	49	nan
Shewanella sp. FDAARGOS_354	1930557	S	13155	51005	64160	0.00375	0.00298	0.00310	0.00287	46	nan
Shewanella sp. WE21	2029986	S	8614	10131	18745	0.00110	0.00059	0.00060	0.00057	46	nan
Shewanella sp. MTB7	2746932	S	1126	1129	2255	0.00013	0.00007	0.00000	0.00006	43	5.0
Shewanella sp. Pdp11	2059264	S	858	997	1855	0.00011	0.00006	0.00000	0.00006	48	5.0
Shewanella sp. GutDb-MelDb	2058316	S	543	573	1116	0.00007	0.00003	0.00000	0.00003	47	4.0
Shewanella sp. Scap07	2589987	S	453	454	907	0.00005	0.00003	0.00000	0.00003	46	5.0
Shewanella sp. DAU312	3050637	S	358	366	724	0.00004	0.00002	0.00000	0.00002	41	4.0
Shewanella sp. SNU WT4	2590015	S	295	297	592	0.00003	0.00002	0.00002	0.00002	46	nan
Shewanella sp. YLB-09	2601269	S	293	119164	119457	0.00699	0.00697	0.00718	0.00674	45	nan
Shewanella sp. OMA3-2	2908650	S	249	251	500	0.00003	0.00001	0.00000	0.00001	42	4.0
Shewanella sp. Arc9-LZ	2698686	S	162	167	329	0.00002	0.00001	0.00000	0.00001	42	4.0
Shewanella sp. W3-18-1	351745	S	151	424	575	0.00003	0.00002	0.00002	0.00002	46	nan
Shewanella sp. GutCb	2058315	S	123	123	246	0.00001	0.00001	0.00000	0.00001	38	4.0
Shewanella sp. DAU305	2991940	S	114	251	365	0.00002	0.00001	0.00001	0.00001	47	nan
Shewanella indica	768528	S	60788	70460	131248	0.00768	0.00412	0.00000	0.00394	54	5.0
Shewanella alkalitolerans	2864209	S	29629	34798	64427	0.00377	0.00204	0.00000	0.00197	56	5.0
Shewanella yunxiaonensis	2829809	S	26738	26874	53612	0.00314	0.00157	0.00158	0.00149	50	nan
Shewanella zhangzhouensis	2864213	S	17231	19913	37144	0.00217	0.00116	0.00000	0.00112	56	5.0
Shewanella algae	38313	S	15900	16956	32856	0.00192	0.00099	0.00000	0.00095	55	5.0
Shewanella mangrovisoli	2864211	S	14705	17030	31735	0.00186	0.00100	0.00000	0.00095	49	5.0
Shewanella oncorhynchi	2726434	S	8533	10092	18625	0.00109	0.00059	0.00060	0.00057	47	nan
Shewanella chilikensis	558541	S	8462	10305	18767	0.00110	0.00060	0.00000	0.00058	54	4.0
Shewanella piezotolerans	404011	S	7478	7515	14993	0.00088	0.00044	0.00045	0.00043	44	nan
Shewanella carassii	1987584	S	5595	6296	11891	0.00070	0.00037	0.00000	0.00035	54	4.0
Shewanella baltica	62322	S	3420	4096	7516	0.00044	0.00024	0.00000	0.00023	47	5.0
Shewanella sediminis	271097	S	2180	2190	4370	0.00026	0.00013	0.00000	0.00012	47	5.0
Shewanella halifaxensis	271098	S	1718	1728	3446	0.00020	0.00010	0.00010	0.00010	45	nan
Shewanella pealeana	70864	S	1456	1466	2922	0.00017	0.00009	0.00009	0.00008	46	nan
Shewanella putrefaciens	24	S	1029	1628	2657	0.00016	0.00010	0.00010	0.00009	45	nan
Shewanella psychrophila	225848	S	891	898	1789	0.00010	0.00005	0.00005	0.00005	45	nan
Shewanella psychromarinicola	2487742	S	886	892	1778	0.00010	0.00005	0.00000	0.00005	43	5.0
Shewanella donghaensis	238836	S	674	676	1350	0.00008	0.00004	0.00000	0.00004	41	4.0
Shewanella psychropiezotolerans	2593655	S	628	634	1262	0.00007	0.00004	0.00004	0.00004	47	nan
Shewanella benthica	43661	S	592	596	1188	0.00007	0.00003	0.00000	0.00003	48	5.0
Shewanella woodyi	60961	S	588	590	1178	0.00007	0.00003	0.00004	0.00003	45	nan
Shewanella violacea	60217	S	448	451	899	0.00005	0.00003	0.00003	0.00003	46	nan
Shewanella xiamenensis	332186	S	407	589	996	0.00006	0.00003	0.00004	0.00003	46	nan
Shewanella mesophila	2864208	S	393	396	789	0.00005	0.00002	0.00002	0.00002	46	nan
Shewanella psychrotolerans	2864206	S	388	392	780	0.00005	0.00002	0.00002	0.00002	45	nan
Shewanella marisflavi	260364	S	328	331	659	0.00004	0.00002	0.00000	0.00002	51	4.0
Shewanella glacialimarina	2590884	S	282	283	565	0.00003	0.00002	0.00000	0.00002	42	4.0
Shewanella oneidensis	70863	S	282	288	570	0.00003	0.00002	0.00000	0.00002	47	5.0
Shewanella vesiculosa	518738	S	256	259	515	0.00003	0.00002	0.00000	0.00002	42	4.0
Shewanella aestuarii	1028752	S	256	258	514	0.00003	0.00002	0.00000	0.00002	41	4.0
Shewanella maritima	2520507	S	244	244	488	0.00003	0.00001	0.00001	0.00001	45	nan
Shewanella livingstonensis	150120	S	238	241	479	0.00003	0.00001	0.00000	0.00001	43	4.0
Shewanella inventionis	1738770	S	232	236	468	0.00003	0.00001	0.00000	0.00001	43	5.0
Shewanella acanthi	2864212	S	212	213	425	0.00002	0.00001	0.00000	0.00001	49	5.0
Shewanella denitrificans	192073	S	202	202	404	0.00002	0.00001	0.00001	0.00001	46	nan
Shewanella seohaensis	755175	S	186	210	396	0.00002	0.00001	0.00000	0.00001	49	4.0
Shewanella frigidimarina	56812	S	174	180	354	0.00002	0.00001	0.00000	0.00001	42	4.0
Shewanella decolorationis	256839	S	150	166	316	0.00002	0.00001	0.00000	0.00001	48	5.0
Shewanella avicenniae	2814294	S	108	108	216	0.00001	0.00001	0.00000	0.00001	49	4.0
Shewanella dokdonensis	712036	S	107	107	214	0.00001	0.00001	0.00000	0.00001	50	4.0
Pseudoalteromonas ruthenica	151081	S	56227	64081	120308	0.00704	0.00375	0.00377	0.00357	48	nan
Pseudoalteromonas sp. SCSIO 43095	2894202	S	20462	24703	45165	0.00264	0.00145	0.00156	0.00145	42	nan
Pseudoalteromonas sp. DL-6	1390185	S	15194	16963	32157	0.00188	0.00099	0.00107	0.00100	41	nan
Pseudoalteromonas sp. Xi13	2490635	S	5043	6762	11805	0.00069	0.00040	0.00043	0.00039	43	nan
Pseudoalteromonas sp. MM1	3036714	S	1146	1188	2334	0.00014	0.00007	0.00000	0.00007	41	5.0
Pseudoalteromonas sp. HL-AS1	3071081	S	287	384	671	0.00004	0.00002	0.00000	0.00002	40	5.0
Pseudoalteromonas sp. KG3	2951137	S	123	155	278	0.00002	0.00001	0.00001	0.00001	42	nan
Pseudoalteromonas sp. APM04	2699396	S	110	188	298	0.00002	0.00001	0.00000	0.00001	41	5.0
Pseudoalteromonas sp. HL-AS2	3071082	S	106	226	332	0.00002	0.00001	0.00001	0.00001	42	nan
Pseudoalteromonas sp. PS1M3	87791	S	101	167	268	0.00002	0.00001	0.00000	0.00001	41	5.0
Pseudoalteromonas lipolytica	570156	S	33050	77494	110544	0.00647	0.00453	0.00473	0.00448	43	nan
Pseudoalteromonas agarivorans	176102	S	10101	13599	23700	0.00139	0.00080	0.00087	0.00079	42	nan
Pseudoalteromonas atlantica	288	S	2512	3924	6436	0.00038	0.00023	0.00025	0.00023	43	nan
Pseudoalteromonas espejiana	28107	S	474	526	1000	0.00006	0.00003	0.00000	0.00003	41	5.0
Pseudoalteromonas carrageenovora	227	S	471	490	961	0.00006	0.00003	0.00000	0.00003	40	5.0
Pseudoalteromonas arctica	394751	S	227	250	477	0.00003	0.00001	0.00000	0.00001	40	5.0
Pseudoalteromonas marina	267375	S	109	160	269	0.00002	0.00001	0.00000	0.00001	41	5.0
Alteromonas sp. CI.11.F.A3	3079555	S	88246	90282	178528	0.01044	0.00528	0.00539	0.00510	45	nan
Alteromonas sp. RKMC-009	2267264	S	71713	71988	143701	0.00841	0.00421	0.00422	0.00399	50	nan
Alkalimarinus sediminis	1632866	S	23588	23707	47295	0.00277	0.00139	0.00141	0.00133	44	nan
Thalassotalea sediminis	1759089	S	20940	20986	41926	0.00245	0.00123	0.00133	0.00126	39	nan
Colwellia psychrerythraea	28229	S	105	110	215	0.00001	0.00001	0.00000	0.00001	38	4.0
Idiomarina sp.	1874361	S	202	256	458	0.00003	0.00002	0.00000	0.00001	49	4.0
Idiomarina sp. OT37-5b	2100422	S	149	206	355	0.00002	0.00001	0.00000	0.00001	52	4.0
Idiomarina loihiensis	135577	S	268	314	582	0.00003	0.00002	0.00000	0.00002	48	5.0
Vibrio sp. SCSIO 43136	2819101	S	58282	58561	116843	0.00684	0.00343	0.00347	0.00326	47	nan
Vibrio sp. B1FLJ16	2751178	S	46920	47853	94773	0.00554	0.00280	0.00285	0.00269	46	nan
Vibrio sp. EJY3	1116375	S	17160	33671	50831	0.00297	0.00197	0.00199	0.00189	46	nan
Vibrio sp. S234-5	1616781	S	1085	1106	2191	0.00013	0.00006	0.00000	0.00006	48	5.0
Vibrio sp. THAF191d	2661922	S	150	76658	76808	0.00449	0.00448	0.00454	0.00429	47	nan
Vibrio natriegens	691	S	74428	102293	176721	0.01034	0.00598	0.00607	0.00574	46	nan
Vibrio parahaemolyticus	670	S	2293	2866	5159	0.00030	0.00017	0.00017	0.00016	46	nan
Vibrio diabolicus	50719	S	855	1680	2535	0.00015	0.00010	0.00010	0.00009	46	nan
Vibrio campbellii	680	S	404	537	941	0.00006	0.00003	0.00003	0.00003	47	nan
Vibrio alginolyticus	663	S	204	440	644	0.00004	0.00003	0.00003	0.00002	46	nan
Vibrio harveyi	669	S	125	193	318	0.00002	0.00001	0.00001	0.00001	46	nan
Vibrio navarrensis	29495	S	72435	76834	149269	0.00873	0.00449	0.00450	0.00428	49	nan
Vibrio syngnathi	3034029	S	50238	62184	112422	0.00658	0.00364	0.00371	0.00351	45	nan
Vibrio gigantis	296199	S	30558	32980	63538	0.00372	0.00193	0.00197	0.00186	46	nan
Vibrio metoecus	1481663	S	16052	17819	33871	0.00198	0.00104	0.00106	0.00099	48	nan
Vibrio cidicii	1763883	S	14769	16532	31301	0.00183	0.00097	0.00101	0.00092	49	nan
Vibrio ziniensis	2711221	S	10897	11012	21909	0.00128	0.00064	0.00067	0.00063	44	nan
Vibrio vulnificus	672	S	3972	4091	8063	0.00047	0.00024	0.00025	0.00023	48	nan
Vibrio neptunius	170651	S	3111	3171	6282	0.00037	0.00019	0.00019	0.00018	46	nan
Vibrio anguillarum	55601	S	1857	2596	4453	0.00026	0.00015	0.00015	0.00015	46	nan
Vibrio cholerae	666	S	1708	2166	3874	0.00023	0.00013	0.00000	0.00012	48	5.0
Vibrio coralliilyticus	190893	S	749	917	1666	0.00010	0.00005	0.00005	0.00005	47	nan
Vibrio fluvialis	676	S	530	673	1203	0.00007	0.00004	0.00000	0.00004	50	5.0
Vibrio furnissii	29494	S	406	424	830	0.00005	0.00002	0.00000	0.00002	52	5.0
Vibrio aestuarianus	28171	S	270	276	546	0.00003	0.00002	0.00000	0.00002	43	4.0
Vibrio cincinnatiensis	675	S	265	268	533	0.00003	0.00002	0.00000	0.00002	44	5.0
Vibrio qinghaiensis	2025808	S	248	299	547	0.00003	0.00002	0.00002	0.00002	46	nan
uncultured Vibrio sp.	114054	S	219	255	474	0.00003	0.00001	0.00001	0.00001	46	nan
Vibrio mimicus	674	S	212	223	435	0.00003	0.00001	0.00000	0.00001	47	5.0
Vibrio paracholerae	650003	S	208	422	630	0.00004	0.00002	0.00003	0.00002	47	nan
Vibrio scophthalmi	45658	S	144	145	289	0.00002	0.00001	0.00000	0.00001	45	5.0
Vibrio aquimaris	2587862	S	105	105	210	0.00001	0.00001	0.00000	0.00001	43	4.0
Salinivibrio costicola	51367	S	59067	79779	138846	0.00812	0.00467	0.00466	0.00441	51	nan
Salinivibrio kushneri	1908198	S	50865	51277	102142	0.00598	0.00300	0.00300	0.00283	51	nan
Salinivibrio proteolyticus	334715	S	405	501	906	0.00005	0.00003	0.00003	0.00003	51	nan
Salinivibrio sp. YCSC6	2003370	S	246	337	583	0.00003	0.00002	0.00002	0.00002	51	nan
Photobacterium swingsii	680026	S	9063	9133	18196	0.00106	0.00053	0.00055	0.00052	45	nan
Pseudomonas sp. M30-35	1981174	S	57063	57190	114253	0.00668	0.00335	0.00338	0.00319	55	nan
Pseudomonas sp. ADAK22	2730851	S	54949	90600	145549	0.00851	0.00530	0.00581	0.00543	62	nan
Pseudomonas sp. Seg1	2678259	S	40921	42573	83494	0.00488	0.00249	0.00261	0.00250	61	nan
Pseudomonas sp. URMO17WK12:I11	1283291	S	10974	13186	24160	0.00141	0.00077	0.00095	0.00079	62	nan
Pseudomonas sp. JBR1	3020907	S	8062	8968	17030	0.00100	0.00052	0.00069	0.00057	66	nan
Pseudomonas sp. NyZ480	3035289	S	6600	38074	44674	0.00261	0.00223	0.00263	0.00229	62	nan
Pseudomonas sp. PMCC200344	3042028	S	5513	11585	17098	0.00100	0.00068	0.00000	0.00069	62	5.0
Pseudomonas sp. RU47	2005388	S	3902	8974	12876	0.00075	0.00052	0.00055	0.00053	62	nan
Pseudomonas sp. B21-040	2895486	S	1689	1731	3420	0.00020	0.00010	0.00000	0.00010	61	5.0
Pseudomonas sp. 31-12	2201356	S	365	380	745	0.00004	0.00002	0.00000	0.00002	61	5.0
Pseudomonas sp. ACM7	2052956	S	292	311	603	0.00004	0.00002	0.00000	0.00002	60	4.0
Pseudomonas sp. DR48	2871095	S	243	255	498	0.00003	0.00001	0.00000	0.00001	60	5.0
Pseudomonas sp. MPC6	2498848	S	145	149	294	0.00002	0.00001	0.00001	0.00001	62	nan
Pseudomonas sp. N3-W	2975049	S	144	146	290	0.00002	0.00001	0.00001	0.00001	61	nan
Pseudomonas sp. B21-048	2895490	S	140	147	287	0.00002	0.00001	0.00000	0.00001	60	4.0
Pseudomonas sp. WJP1	2986947	S	123	126	249	0.00001	0.00001	0.00001	0.00001	62	nan
Pseudomonas sp. B21-053	2895493	S	122	129	251	0.00001	0.00001	0.00001	0.00001	61	nan
Pseudomonas sp. S34	1573718	S	121	124	245	0.00001	0.00001	0.00001	0.00001	62	nan
Pseudomonas sp. B21-015	2895473	S	118	124	242	0.00001	0.00001	0.00000	0.00001	61	4.0
Pseudomonas hamedanensis	2745504	S	85827	87590	173417	0.01014	0.00512	0.00548	0.00519	61	nan
Pseudomonas versuta	1788301	S	51848	52397	104245	0.00610	0.00307	0.00319	0.00304	59	nan
Pseudomonas mucidolens	46679	S	36289	36764	73053	0.00427	0.00215	0.00227	0.00215	60	nan
Pseudomonas fluorescens	294	S	498	541	1039	0.00006	0.00003	0.00000	0.00003	62	5.0
Pseudomonas tensinigenes	2745511	S	30145	32737	62882	0.00368	0.00192	0.00204	0.00192	60	nan
Pseudomonas protegens	380021	S	1918	5277	7195	0.00042	0.00031	0.00000	0.00032	63	5.0
Pseudomonas fragi	296	S	1061	1130	2191	0.00013	0.00007	0.00000	0.00007	60	5.0
Pseudomonas chlororaphis	587753	S	135	170	305	0.00002	0.00001	0.00000	0.00001	64	4.0
Pseudomonas arsenicoxydans	702115	S	410	422	832	0.00005	0.00002	0.00000	0.00002	60	5.0
Pseudomonas aeruginosa	287	S	224	441	665	0.00004	0.00003	0.00000	0.00003	66	4.0
Pseudomonas putida	303	S	168	240	408	0.00002	0.00001	0.00000	0.00001	63	5.0
Pseudomonas hormoni	3093767	S	159	163	322	0.00002	0.00001	0.00000	0.00001	61	5.0
Pseudomonas frederiksbergensis	104087	S	134	142	276	0.00002	0.00001	0.00000	0.00001	61	5.0
Thiopseudomonas alkaliphila	1697053	S	30386	30535	60921	0.00356	0.00179	0.00180	0.00169	48	nan
Halopseudomonas phragmitis	1931241	S	7529	7558	15087	0.00088	0.00044	0.00048	0.00045	61	nan
Marinobacter sp. LV10R510-11A	1415568	S	655	2478	3133	0.00018	0.00014	0.00000	0.00014	57	5.0
Marinobacter sp. NP-4(2019)	2488665	S	180	6851	7031	0.00041	0.00040	0.00000	0.00039	58	5.0
Marinobacter sp. Arc7-DN-1	2304594	S	172	4890	5062	0.00030	0.00029	0.00000	0.00028	58	5.0
Marinobacter sp. JH2	2547598	S	166	3084	3250	0.00019	0.00018	0.00000	0.00018	58	5.0
Marinobacter sp. AN1	2886046	S	123	3694	3817	0.00022	0.00022	0.00000	0.00021	58	5.0
Marinobacter sp. LPB0319	2769486	S	117	271	388	0.00002	0.00002	0.00000	0.00002	59	5.0
Marinobacter nauticus	2743	S	210	360	570	0.00003	0.00002	0.00000	0.00002	58	4.0
Marinobacter salarius	1420917	S	173	270	443	0.00003	0.00002	0.00000	0.00002	58	5.0
Marinobacter salinus	1874317	S	117	130	247	0.00001	0.00001	0.00000	0.00001	57	5.0
Halomonas sp. HL-93	1666906	S	34834	71497	106331	0.00622	0.00418	0.00434	0.00408	57	nan
Halomonas sp. ZZQ-149	2937790	S	19233	30832	50065	0.00293	0.00180	0.00181	0.00171	52	nan
Halomonas sp. M1	3035470	S	8213	9529	17742	0.00104	0.00056	0.00056	0.00054	55	nan
Halomonas meridiana	29570	S	118	123	241	0.00001	0.00001	0.00000	0.00001	58	4.0
Cobetia sp. ICG0124	2053669	S	12302	61640	73942	0.00433	0.00361	0.00408	0.00382	64	nan
Kushneria konosiri	698828	S	7516	7706	15222	0.00089	0.00045	0.00048	0.00045	60	nan
Reinekea forsetii	1336806	S	80824	80852	161676	0.00946	0.00473	0.00481	0.00454	54	nan
Nitrincola iocasae	2614693	S	59158	59688	118846	0.00695	0.00349	0.00350	0.00331	51	nan
Aliamphritea spongicola	707589	S	14527	14560	29087	0.00170	0.00085	0.00086	0.00081	53	nan
Endozoicomonas euniceicola	1234143	S	50158	50228	100386	0.00587	0.00294	0.00296	0.00280	49	nan
Endozoicomonas sp. SCSIO W0465	2918516	S	21604	21639	43243	0.00253	0.00127	0.00127	0.00120	49	nan
Spartinivicinus ruber	2683272	S	52812	52834	105646	0.00618	0.00309	0.00330	0.00313	41	nan
Xanthomonas sacchari	56458	S	224342	232414	456756	0.02672	0.01360	0.01706	0.01653	70	nan
Xanthomonas euvesicatoria	456327	S	10291	20324	30615	0.00179	0.00119	0.00132	0.00132	66	nan
Xanthomonas sp. DM-2023	3046274	S	3539	3828	7367	0.00043	0.00022	0.00000	0.00027	70	5.0
Xanthomonas sp. CFBP 8445	2971236	S	1872	2041	3913	0.00023	0.00012	0.00000	0.00015	70	5.0
Xanthomonas sp. A6251	3003247	S	1514	1672	3186	0.00019	0.00010	0.00000	0.00012	70	5.0
Xanthomonas sp. CFBP 8443	2971235	S	140	152	292	0.00002	0.00001	0.00000	0.00001	70	5.0
Xanthomonas sp. AM6	2982531	S	120	130	250	0.00001	0.00001	0.00000	0.00001	71	5.0
Xanthomonas sp. SI	2724123	S	100	201	301	0.00002	0.00001	0.00000	0.00001	70	5.0
Xanthomonas campestris	339	S	820	989	1809	0.00011	0.00006	0.00007	0.00006	66	nan
Xanthomonas translucens	343	S	681	748	1429	0.00008	0.00004	0.00000	0.00005	69	5.0
Xanthomonas citri	346	S	576	4756	5332	0.00031	0.00028	0.00033	0.00031	66	nan
Xanthomonas oryzae	347	S	384	402	786	0.00005	0.00002	0.00000	0.00003	65	4.0
Xanthomonas hortorum	56454	S	278	520	798	0.00005	0.00003	0.00000	0.00003	65	5.0
Xanthomonas cassavae	56450	S	218	226	444	0.00003	0.00001	0.00000	0.00001	66	5.0
Xanthomonas albilineans	29447	S	178	178	356	0.00002	0.00001	0.00000	0.00001	64	4.0
Xanthomonas arboricola	56448	S	161	184	345	0.00002	0.00001	0.00001	0.00001	66	nan
Xanthomonas hyacinthi	56455	S	111	115	226	0.00001	0.00001	0.00000	0.00001	69	5.0
Xanthomonas theicola	56464	S	104	105	209	0.00001	0.00001	0.00000	0.00001	70	4.0
Xylella taiwanensis	1444770	S	22940	22953	45893	0.00268	0.00134	0.00137	0.00129	55	nan
Stenotrophomonas acidaminiphila	128780	S	2883	4995	7878	0.00046	0.00029	0.00033	0.00035	70	nan
Stenotrophomonas sp. 610A2	3055080	S	229	238	467	0.00003	0.00001	0.00000	0.00001	64	3.0
Stenotrophomonas sp. 17(2023)	3051123	S	199	562	761	0.00004	0.00003	0.00004	0.00004	70	nan
Stenotrophomonas maltophilia	40324	S	482	731	1213	0.00007	0.00004	0.00000	0.00005	68	4.0
Stenotrophomonas rhizophila	216778	S	226	230	456	0.00003	0.00001	0.00000	0.00002	69	4.0
Luteibacter rhizovicinus	242606	S	31452	31467	62919	0.00368	0.00184	0.00219	0.00201	65	nan
Dokdonella koreensis	323415	S	9462	9467	18929	0.00111	0.00055	0.00075	0.00070	71	nan
Dyella sp. M7H15-1	2501295	S	5670	5675	11345	0.00066	0.00033	0.00036	0.00033	60	nan
Acinetobacter sp. YH12068_T	2929515	S	19409	37801	57210	0.00335	0.00221	0.00237	0.00224	41	nan
Acinetobacter sp. Tol 5	710648	S	5654	16163	21817	0.00128	0.00095	0.00106	0.00098	39	nan
Acinetobacter sp. 16	3081771	S	3392	20827	24219	0.00142	0.00122	0.00135	0.00125	40	nan
Acinetobacter sp. PK01	2930198	S	2980	4686	7666	0.00045	0.00027	0.00030	0.00028	42	nan
Acinetobacter sp. ACNIH2	1758189	S	2945	4796	7741	0.00045	0.00028	0.00031	0.00029	41	nan
Acinetobacter sp. A7.4	2919921	S	911	911	1822	0.00011	0.00005	0.00000	0.00006	41	4.0
Acinetobacter sp. WCHA55	2004646	S	828	1013	1841	0.00011	0.00006	0.00000	0.00006	41	5.0
Acinetobacter sp. CS-2	2798861	S	791	903	1694	0.00010	0.00005	0.00000	0.00005	42	5.0
Acinetobacter sp. TTH0-4	1646498	S	717	756	1473	0.00009	0.00004	0.00000	0.00005	40	5.0
Acinetobacter sp. Ac-14	2781976	S	662	20903	21565	0.00126	0.00122	0.00133	0.00125	40	nan
Acinetobacter sp. WCHAc010034	1879049	S	563	595	1158	0.00007	0.00003	0.00000	0.00003	54	4.0
Acinetobacter sp. TGL-Y2	1407071	S	501	503	1004	0.00006	0.00003	0.00000	0.00003	41	5.0
Acinetobacter sp. NCu2D-2	1608473	S	500	521	1021	0.00006	0.00003	0.00003	0.00003	41	nan
Acinetobacter sp. GSS19	3020716	S	493	498	991	0.00006	0.00003	0.00000	0.00003	47	4.0
Acinetobacter sp. KCTC 92772	3045147	S	461	501	962	0.00006	0.00003	0.00000	0.00003	43	5.0
Acinetobacter sp. Marseille-Q1620	2714110	S	432	433	865	0.00005	0.00003	0.00000	0.00003	39	5.0
Acinetobacter sp. 10FS3-1	2563897	S	374	468	842	0.00005	0.00003	0.00000	0.00003	44	5.0
Acinetobacter sp. LoGeW2-3	1808001	S	368	380	748	0.00004	0.00002	0.00000	0.00002	45	5.0
Acinetobacter sp. Z1	2953738	S	363	379	742	0.00004	0.00002	0.00000	0.00002	40	5.0
Acinetobacter sp. C32I	2950074	S	335	352	687	0.00004	0.00002	0.00000	0.00002	42	5.0
Acinetobacter sp. SCLZS86	2908637	S	302	410	712	0.00004	0.00002	0.00003	0.00002	41	nan
Acinetobacter sp. BEC1-S18-ESBL-01	2675741	S	271	5042	5313	0.00031	0.00029	0.00032	0.00030	40	nan
Acinetobacter sp. ASP199	2773709	S	271	288	559	0.00003	0.00002	0.00000	0.00002	45	4.0
Acinetobacter sp. WCHA45	2004644	S	202	251	453	0.00003	0.00001	0.00002	0.00002	40	nan
Acinetobacter sp. SWBY1	2079596	S	198	439	637	0.00004	0.00003	0.00003	0.00003	42	nan
Acinetobacter sp. C16S1	2609668	S	133	153	286	0.00002	0.00001	0.00001	0.00001	40	nan
Acinetobacter sp. SH20PTE14	2905879	S	133	232	365	0.00002	0.00001	0.00001	0.00001	42	nan
Acinetobacter sp. ESL0695	2983215	S	126	126	252	0.00001	0.00001	0.00000	0.00001	37	4.0
Acinetobacter sp. XS-4	2923375	S	125	139	264	0.00002	0.00001	0.00001	0.00001	40	nan
Acinetobacter sp. YH16040_T	2929512	S	118	211	329	0.00002	0.00001	0.00001	0.00001	42	nan
Acinetobacter sp. YH16056_T	2929514	S	114	197	311	0.00002	0.00001	0.00001	0.00001	42	nan
Acinetobacter sp. ANC 7201	3035288	S	112	233	345	0.00002	0.00001	0.00002	0.00001	39	nan
Acinetobacter indicus	756892	S	70590	76339	146929	0.00860	0.00447	0.00475	0.00436	47	nan
Acinetobacter piscicola	2006115	S	12706	13885	26591	0.00156	0.00081	0.00093	0.00085	39	nan
Acinetobacter tibetensis	2943497	S	8088	8299	16387	0.00096	0.00049	0.00053	0.00049	41	nan
Acinetobacter pittii	48296	S	2108	3499	5607	0.00033	0.00020	0.00023	0.00021	40	nan
Acinetobacter baumannii	470	S	1151	5019	6170	0.00036	0.00029	0.00032	0.00030	40	nan
Acinetobacter calcoaceticus	471	S	494	526	1020	0.00006	0.00003	0.00000	0.00003	40	5.0
Acinetobacter seifertii	1530123	S	478	589	1067	0.00006	0.00003	0.00004	0.00004	40	nan
Acinetobacter nosocomialis	106654	S	301	433	734	0.00004	0.00003	0.00003	0.00003	40	nan
Acinetobacter johnsonii	40214	S	2334	2977	5311	0.00031	0.00017	0.00000	0.00018	43	5.0
Acinetobacter wuhouensis	1879050	S	466	509	975	0.00006	0.00003	0.00000	0.00003	40	5.0
Acinetobacter cumulans	2136182	S	400	418	818	0.00005	0.00002	0.00003	0.00002	41	nan
Acinetobacter schindleri	108981	S	379	423	802	0.00005	0.00002	0.00000	0.00002	44	5.0
Acinetobacter haemolyticus	29430	S	378	430	808	0.00005	0.00003	0.00003	0.00003	40	nan
Acinetobacter towneri	202956	S	358	582	940	0.00005	0.00003	0.00000	0.00003	42	5.0
Acinetobacter venetianus	52133	S	337	368	705	0.00004	0.00002	0.00002	0.00002	40	nan
Acinetobacter shaoyimingii	2715164	S	334	336	670	0.00004	0.00002	0.00000	0.00002	40	4.0
Acinetobacter junii	40215	S	297	547	844	0.00005	0.00003	0.00004	0.00003	40	nan
Acinetobacter vivianii	1776742	S	294	299	593	0.00003	0.00002	0.00000	0.00002	44	5.0
Acinetobacter defluvii	1871111	S	290	328	618	0.00004	0.00002	0.00000	0.00002	40	5.0
Acinetobacter wanghuae	2662362	S	288	292	580	0.00003	0.00002	0.00002	0.00002	43	nan
Acinetobacter lwoffii	28090	S	283	457	740	0.00004	0.00003	0.00000	0.00003	42	5.0
Acinetobacter equi	1324350	S	283	285	568	0.00003	0.00002	0.00000	0.00002	36	4.0
Acinetobacter lanii	2715163	S	282	285	567	0.00003	0.00002	0.00000	0.00002	43	5.0
Acinetobacter radioresistens	40216	S	249	259	508	0.00003	0.00002	0.00000	0.00002	44	5.0
Acinetobacter variabilis	70346	S	248	366	614	0.00004	0.00002	0.00000	0.00002	43	5.0
Acinetobacter colistiniresistens	280145	S	244	253	497	0.00003	0.00001	0.00000	0.00001	43	5.0
Acinetobacter baylyi	202950	S	219	224	443	0.00003	0.00001	0.00001	0.00001	42	nan
Acinetobacter ursingii	108980	S	216	360	576	0.00003	0.00002	0.00002	0.00002	41	nan
Acinetobacter dispersus	70348	S	200	207	407	0.00002	0.00001	0.00000	0.00001	41	5.0
Acinetobacter soli	487316	S	197	270	467	0.00003	0.00002	0.00000	0.00002	43	5.0
Acinetobacter larvae	1789224	S	161	161	322	0.00002	0.00001	0.00000	0.00001	43	4.0
Acinetobacter bouvetii	202951	S	146	155	301	0.00002	0.00001	0.00000	0.00001	46	4.0
Acinetobacter chinensis	2004650	S	143	175	318	0.00002	0.00001	0.00000	0.00001	43	5.0
Acinetobacter proteolyticus	1776741	S	142	161	303	0.00002	0.00001	0.00000	0.00001	42	5.0
Acinetobacter bereziniae	106648	S	129	185	314	0.00002	0.00001	0.00001	0.00001	40	nan
Acinetobacter guillouiae	106649	S	107	143	250	0.00001	0.00001	0.00001	0.00001	40	nan
Moraxella bovoculi	386891	S	33316	34216	67532	0.00395	0.00200	0.00205	0.00195	48	nan
Psychrobacter sp. P11F6	1699621	S	787	2007	2794	0.00016	0.00012	0.00012	0.00012	45	nan
Psychrobacter sp. P11G3	1699623	S	550	1166	1716	0.00010	0.00007	0.00007	0.00007	45	nan
Psychrobacter sp. 28M-43	2772254	S	494	995	1489	0.00009	0.00006	0.00006	0.00006	45	nan
Psychrobacter sp. DAB_AL43B	1028416	S	426	686	1112	0.00007	0.00004	0.00004	0.00004	45	nan
Psychrobacter sp. WB2	3043330	S	425	861	1286	0.00008	0.00005	0.00005	0.00005	45	nan
Psychrobacter sp. van23A	3064892	S	410	1096	1506	0.00009	0.00006	0.00007	0.00006	45	nan
Psychrobacter sp. KCTC 72983	2733866	S	396	1542	1938	0.00011	0.00009	0.00009	0.00009	45	nan
Psychrobacter sp. M13	3067275	S	248	329	577	0.00003	0.00002	0.00002	0.00002	45	nan
Psychrobacter sp. KH172YL61	2517899	S	236	924	1160	0.00007	0.00005	0.00006	0.00005	46	nan
Psychrobacter sp. P11G5	1699624	S	164	630	794	0.00005	0.00004	0.00004	0.00004	45	nan
Psychrobacter sp. P2G3	1699622	S	134	394	528	0.00003	0.00002	0.00002	0.00002	45	nan
Psychrobacter sp. AntiMn-1	1720344	S	114	606	720	0.00004	0.00004	0.00004	0.00003	46	nan
Psychrobacter arcticus	334543	S	214	519	733	0.00004	0.00003	0.00003	0.00003	45	nan
Psychrobacter urativorans	45610	S	135	245	380	0.00002	0.00001	0.00002	0.00001	45	nan
Psychrobacter arenosus	256326	S	101	125	226	0.00001	0.00001	0.00000	0.00001	47	5.0
Cellvibrio sp. QJXJ	2964606	S	47361	54264	101625	0.00594	0.00317	0.00320	0.00303	49	nan
Saccharophagus degradans	86304	S	35377	35390	70767	0.00414	0.00207	0.00209	0.00198	46	nan
Microbulbifer sp. THAF38	2587856	S	73722	74587	148309	0.00868	0.00436	0.00442	0.00421	54	nan
Francisella persica	954	S	80744	80992	161736	0.00946	0.00474	0.00660	0.00579	32	nan
Candidatus Thiothrix anitrata	2823902	S	19785	20189	39974	0.00234	0.00118	0.00119	0.00112	51	nan
Thiothrix subterranea	2735563	S	1219	1230	2449	0.00014	0.00007	0.00000	0.00007	53	5.0
Thiothrix fructosivorans	111770	S	1096	1103	2199	0.00013	0.00006	0.00000	0.00006	54	5.0
Thiothrix winogradskyi	96472	S	450	456	906	0.00005	0.00003	0.00003	0.00003	53	nan
Thiothrix lacustris	525917	S	287	304	591	0.00003	0.00002	0.00000	0.00002	53	5.0
Thiothrix unzii	111769	S	221	224	445	0.00003	0.00001	0.00000	0.00001	53	4.0
Thiothrix litoralis	2891210	S	193	213	406	0.00002	0.00001	0.00000	0.00001	54	5.0
Piscirickettsia salmonis	1238	S	13596	13612	27208	0.00159	0.00080	0.00088	0.00082	40	nan
Actinobacillus arthritidis	157339	S	24810	26593	51403	0.00301	0.00156	0.00167	0.00159	40	nan
Glaesserella parasuis	738	S	20373	20729	41102	0.00240	0.00121	0.00133	0.00124	41	nan
Methylobacter sp. S3L5C	2839024	S	29857	29871	59728	0.00349	0.00175	0.00180	0.00171	44	nan
Rheinheimera mangrovi	2498451	S	6682	6708	13390	0.00078	0.00039	0.00039	0.00037	47	nan
Agrobacterium vitis	373	S	51890	55063	106953	0.00626	0.00322	0.00329	0.00317	59	nan
Agrobacterium sp. 13-2099-1-2	1841651	S	18675	146749	165424	0.00968	0.00858	0.00863	0.00850	59	nan
Agrobacterium sp. T29	2580515	S	2935	4783	7718	0.00045	0.00028	0.00030	0.00028	61	nan
Agrobacterium tumefaciens	358	S	1432	1633	3065	0.00018	0.00010	0.00010	0.00010	60	nan
Agrobacterium fabacearum	1183401	S	1096	2409	3505	0.00021	0.00014	0.00014	0.00014	59	nan
Agrobacterium fabrum	1176649	S	336	1956	2292	0.00013	0.00011	0.00012	0.00011	60	nan
Agrobacterium pusense	648995	S	223	358	581	0.00003	0.00002	0.00002	0.00002	60	nan
Agrobacterium leguminum	2792015	S	145	199	344	0.00002	0.00001	0.00001	0.00001	60	nan
Agrobacterium salinitolerans	1183413	S	135	157	292	0.00002	0.00001	0.00001	0.00001	60	nan
Agrobacterium vaccinii	2735528	S	121	123	244	0.00001	0.00001	0.00000	0.00001	58	4.0
Agrobacterium larrymoorei	160699	S	102	104	206	0.00001	0.00001	0.00000	0.00001	58	4.0
Rhizobium sp. CB3090	3039156	S	26630	27190	53820	0.00315	0.00159	0.00163	0.00159	59	nan
Rhizobium sp. B230/85	2819994	S	11528	46834	58362	0.00341	0.00274	0.00000	0.00277	62	5.0
Rhizobium gei	1395951	S	258	258	516	0.00003	0.00002	0.00000	0.00002	60	4.0
Rhizobium leguminosarum	384	S	257	354	611	0.00004	0.00002	0.00002	0.00002	62	nan
Pararhizobium sp. IMCC21322	3067903	S	24925	24960	49885	0.00292	0.00146	0.00147	0.00138	54	nan
Pararhizobium sp. IMCC3301	3067904	S	19953	19974	39927	0.00234	0.00117	0.00120	0.00113	56	nan
Allorhizobium ampelinum	3025782	S	3268	3370	6638	0.00039	0.00020	0.00020	0.00019	59	nan
Sinorhizobium sp. M14	430451	S	127	244	371	0.00002	0.00001	0.00000	0.00001	60	5.0
Ensifer canadensis	555315	S	149	164	313	0.00002	0.00001	0.00000	0.00001	62	4.0
Shinella zoogloeoides	352475	S	116	126	242	0.00001	0.00001	0.00000	0.00001	65	4.0
Nordella sp. HKS 07	2712222	S	141685	141775	283460	0.01658	0.00829	0.00930	0.00864	63	nan
Bartonella ancashensis	1318743	S	78013	78317	156330	0.00915	0.00458	0.00497	0.00475	40	nan
Bartonella sp. 11B	1933908	S	229	22869	23098	0.00135	0.00134	0.00154	0.00146	37	nan
Mesorhizobium sp. WSM1497	278153	S	38784	79204	117988	0.00690	0.00463	0.00510	0.00484	63	nan
Mesorhizobium sp. M7A.F.Ce.TU.012.03.2.1	2493681	S	115	122	237	0.00001	0.00001	0.00001	0.00001	64	nan
Mesorhizobium sp. M7D.F.Ca.US.005.01.1.1	2493678	S	105	112	217	0.00001	0.00001	0.00001	0.00001	63	nan
Mesorhizobium ciceri	39645	S	143	240	383	0.00002	0.00001	0.00000	0.00001	63	5.0
Hartmannibacter diazotrophicus	1482074	S	81255	81573	162828	0.00953	0.00477	0.00549	0.00515	65	nan
Labrenzia sp. CP4	1674922	S	17305	28317	45622	0.00267	0.00166	0.00173	0.00165	60	nan
Roseibium aggregatum	187304	S	329	457	786	0.00005	0.00003	0.00003	0.00003	60	nan
Breoghania sp. L-A4	2304600	S	15884	15925	31809	0.00186	0.00093	0.00111	0.00102	66	nan
Devosia beringensis	2657486	S	14353	14389	28742	0.00168	0.00084	0.00098	0.00090	64	nan
Bradyrhizobium erythrophlei	1437360	S	13208	13522	26730	0.00156	0.00079	0.00086	0.00082	62	nan
Brucella pseudintermedia	370111	S	10817	11435	22252	0.00130	0.00067	0.00070	0.00066	59	nan
Martelella mediterranea	293089	S	2786	2936	5722	0.00033	0.00017	0.00020	0.00018	63	nan
Martelella lutilitoris	2583532	S	119	130	249	0.00001	0.00001	0.00000	0.00001	63	5.0
uncultured Cohaesibacter sp.	1002546	S	170	193	363	0.00002	0.00001	0.00000	0.00001	58	4.0
uncultured Celeribacter sp.	1303376	S	121805	125239	247044	0.01445	0.00733	0.00790	0.00740	61	nan
Celeribacter baekdonensis	875171	S	1811	2361	4172	0.00024	0.00014	0.00000	0.00014	59	4.0
Celeribacter ethanolicus	1758178	S	608	939	1547	0.00009	0.00005	0.00000	0.00006	62	5.0
Celeribacter marinus	1397108	S	234	238	472	0.00003	0.00001	0.00000	0.00001	57	4.0
Celeribacter indicus	1208324	S	155	266	421	0.00002	0.00002	0.00000	0.00002	65	5.0
Ruegeria sp. AD91A	2293862	S	73788	75435	149223	0.00873	0.00441	0.00453	0.00430	58	nan
Ruegeria sp. SCSIO 43209	2793010	S	567	675	1242	0.00007	0.00004	0.00000	0.00004	58	4.0
Ruegeria sp. B32	2867020	S	438	451	889	0.00005	0.00003	0.00000	0.00003	61	5.0
Ruegeria sp. YS9	2966453	S	293	308	601	0.00004	0.00002	0.00000	0.00002	59	5.0
Ruegeria sp. TM1040	292414	S	244	262	506	0.00003	0.00002	0.00002	0.00002	61	nan
Ruegeria sp. THAF33	2587853	S	238	308	546	0.00003	0.00002	0.00000	0.00002	59	5.0
Ruegeria pomeroyi	89184	S	739	761	1500	0.00009	0.00004	0.00000	0.00005	65	4.0
Ruegeria conchae	981384	S	437	445	882	0.00005	0.00003	0.00000	0.00003	56	4.0
Roseobacter denitrificans	2434	S	75965	76897	152862	0.00894	0.00450	0.00472	0.00448	60	nan
Roseobacter ponti	1891787	S	308	310	618	0.00004	0.00002	0.00000	0.00002	61	5.0
Roseobacter litoralis	42443	S	277	292	569	0.00003	0.00002	0.00000	0.00002	58	4.0
Sulfitobacter sp. THAF37	2587855	S	666	1138	1804	0.00011	0.00007	0.00000	0.00007	63	5.0
Sulfitobacter sp. JL08	2070369	S	481	484	965	0.00006	0.00003	0.00000	0.00003	57	4.0
Sulfitobacter sp. BSw21498	664426	S	426	551	977	0.00006	0.00003	0.00000	0.00003	59	5.0
Sulfitobacter sp. S223	2867023	S	405	409	814	0.00005	0.00002	0.00000	0.00002	56	4.0
Sulfitobacter sp. SK011	1389004	S	404	408	812	0.00005	0.00002	0.00000	0.00002	57	4.0
Sulfitobacter sp. S190	2867022	S	379	398	777	0.00005	0.00002	0.00000	0.00002	62	5.0
Sulfitobacter sp. SK012	1389005	S	325	329	654	0.00004	0.00002	0.00000	0.00002	55	4.0
Sulfitobacter sp. W027	2867025	S	170	217	387	0.00002	0.00001	0.00001	0.00001	60	nan
Sulfitobacter sp. DSM 110093	2883127	S	120	155	275	0.00002	0.00001	0.00000	0.00001	59	5.0
Sulfitobacter sp. W002	2867024	S	111	190	301	0.00002	0.00001	0.00000	0.00001	61	5.0
Sulfitobacter sp. LC.270.F.C4	3079556	S	101	613	714	0.00004	0.00004	0.00004	0.00004	61	nan
Sulfitobacter mediterraneus	83219	S	1291	1996	3287	0.00019	0.00012	0.00013	0.00012	59	nan
Sulfitobacter faviae	1775881	S	835	1387	2222	0.00013	0.00008	0.00000	0.00008	62	5.0
Sulfitobacter alexandrii	1917485	S	451	874	1325	0.00008	0.00005	0.00000	0.00005	64	5.0
Sulfitobacter albidus	2829501	S	384	389	773	0.00005	0.00002	0.00000	0.00002	64	5.0
Sulfitobacter indolifex	225422	S	301	420	721	0.00004	0.00002	0.00003	0.00002	59	nan
Sulfitobacter pontiacus	60137	S	161	523	684	0.00004	0.00003	0.00003	0.00003	61	nan
Sulfitobacter dubius	218673	S	146	255	401	0.00002	0.00001	0.00002	0.00002	60	nan
Thalassovita sp.	1979401	S	7334	7499	14833	0.00087	0.00044	0.00000	0.00046	62	5.0
Thalassovita gelatinovora	53501	S	1922	1955	3877	0.00023	0.00011	0.00000	0.00011	59	5.0
Phaeobacter inhibens	221822	S	4542	6266	10808	0.00063	0.00037	0.00000	0.00037	60	5.0
Phaeobacter gallaeciensis	60890	S	844	1356	2200	0.00013	0.00008	0.00009	0.00008	60	nan
Phaeobacter piscinae	1580596	S	526	988	1514	0.00009	0.00006	0.00007	0.00006	61	nan
Phaeobacter porticola	1844006	S	225	313	538	0.00003	0.00002	0.00000	0.00002	59	5.0
Roseovarius sp. THAF9	2587847	S	336	518	854	0.00005	0.00003	0.00000	0.00003	64	5.0
Roseovarius sp. SCSIO 43702	2823043	S	237	240	477	0.00003	0.00001	0.00000	0.00002	67	4.0
Roseovarius sp. THAF27	2587850	S	141	521	662	0.00004	0.00003	0.00000	0.00003	64	5.0
Roseovarius sp. TM1035	391613	S	118	369	487	0.00003	0.00002	0.00003	0.00002	61	nan
Roseovarius indicus	540747	S	641	918	1559	0.00009	0.00005	0.00000	0.00006	65	5.0
Roseovarius faecimaris	2494550	S	518	523	1041	0.00006	0.00003	0.00000	0.00003	63	5.0
Roseovarius tolerans	74031	S	436	441	877	0.00005	0.00003	0.00000	0.00003	64	5.0
Roseovarius mucosus	215743	S	104	335	439	0.00003	0.00002	0.00002	0.00002	61	nan
Roseovarius pelagicus	2980108	S	102	414	516	0.00003	0.00002	0.00003	0.00002	59	nan
Leisingera sp. S132	2867016	S	307	363	670	0.00004	0.00002	0.00000	0.00002	64	5.0
Leisingera sp. M658	2867015	S	115	396	511	0.00003	0.00002	0.00000	0.00002	62	5.0
Leisingera sp. M523	2867013	S	110	438	548	0.00003	0.00003	0.00000	0.00003	63	5.0
Leisingera caerulea	506591	S	530	662	1192	0.00007	0.00004	0.00000	0.00004	65	4.0
Leisingera aquaemixtae	1396826	S	486	641	1127	0.00007	0.00004	0.00000	0.00004	65	5.0
Leisingera methylohalidivorans	133924	S	394	441	835	0.00005	0.00003	0.00000	0.00003	63	5.0
Leisingera thetidis	2930199	S	355	441	796	0.00005	0.00003	0.00000	0.00003	65	5.0
Pseudosulfitobacter pseudonitzschiae	1402135	S	1479	2264	3743	0.00022	0.00013	0.00000	0.00014	62	5.0
Pseudosulfitobacter sp. DSM 107133	2883100	S	1092	1814	2906	0.00017	0.00011	0.00013	0.00011	62	nan
Salipiger profundus	1229727	S	755	1128	1883	0.00011	0.00007	0.00000	0.00007	66	5.0
Salipiger abyssi	1250539	S	331	443	774	0.00005	0.00003	0.00000	0.00003	66	5.0
Salipiger sp. CCB-MM3	1792508	S	294	307	601	0.00004	0.00002	0.00000	0.00002	65	5.0
Octadecabacter sp. SW4	2602067	S	508	617	1125	0.00007	0.00004	0.00004	0.00004	60	nan
Octadecabacter arcticus	53946	S	334	352	686	0.00004	0.00002	0.00000	0.00002	56	4.0
Octadecabacter antarcticus	1217908	S	227	237	464	0.00003	0.00001	0.00000	0.00001	55	4.0
Octadecabacter temperatus	1458307	S	176	177	353	0.00002	0.00001	0.00000	0.00001	55	4.0
Tropicibacter oceani	3058420	S	851	872	1723	0.00010	0.00005	0.00000	0.00005	64	5.0
Roseivivax sp. THAF30	2587852	S	196	453	649	0.00004	0.00003	0.00000	0.00003	65	5.0
Roseivivax marinus	1379903	S	169	188	357	0.00002	0.00001	0.00000	0.00001	68	5.0
Sagittula sp. MA-2	3048007	S	244	498	742	0.00004	0.00003	0.00000	0.00003	67	5.0
Sagittula sp. P11	2009329	S	124	345	469	0.00003	0.00002	0.00000	0.00002	66	5.0
Ketogulonicigenium vulgare	92945	S	340	365	705	0.00004	0.00002	0.00000	0.00002	62	5.0
Ketogulonicigenium robustum	92947	S	191	204	395	0.00002	0.00001	0.00000	0.00001	63	5.0
Jannaschia sp. M317	2867011	S	271	281	552	0.00003	0.00002	0.00000	0.00002	65	4.0
Jannaschia sp. CCS1	290400	S	151	151	302	0.00002	0.00001	0.00000	0.00001	62	4.0
Actibacterium sp. EMB200-NS6	1609966	S	548	937	1485	0.00009	0.00005	0.00000	0.00006	62	5.0
Antarctobacter heliothermus	74033	S	505	514	1019	0.00006	0.00003	0.00000	0.00003	62	5.0
Loktanella salsilacus	195913	S	443	452	895	0.00005	0.00003	0.00000	0.00003	61	5.0
Mameliella alba	561184	S	429	521	950	0.00006	0.00003	0.00000	0.00003	65	5.0
Tateyamaria omphalii	299262	S	391	399	790	0.00005	0.00002	0.00000	0.00002	63	5.0
Ponticoccus alexandrii	1943633	S	344	366	710	0.00004	0.00002	0.00000	0.00002	66	5.0
Roseibacterium elongatum	159346	S	342	348	690	0.00004	0.00002	0.00000	0.00002	66	4.0
Thalassococcus sp. S3	2017482	S	310	311	621	0.00004	0.00002	0.00000	0.00002	61	5.0
Oceanicola sp. D3	2587163	S	295	298	593	0.00003	0.00002	0.00000	0.00002	64	4.0
Thalassobacter stenotrophicus	266809	S	273	275	548	0.00003	0.00002	0.00000	0.00002	59	5.0
Alloyangia pacifica	311180	S	269	283	552	0.00003	0.00002	0.00000	0.00002	68	4.0
Lentibacter algarum	576131	S	207	210	417	0.00002	0.00001	0.00000	0.00001	57	4.0
Falsihalocynthiibacter arcticus	1579316	S	175	176	351	0.00002	0.00001	0.00000	0.00001	54	4.0
Dinoroseobacter shibae	215813	S	174	289	463	0.00003	0.00002	0.00000	0.00002	65	5.0
Maribius sp. THAF1	2587842	S	168	169	337	0.00002	0.00001	0.00000	0.00001	64	5.0
Marivivens sp. JLT3646	1920883	S	49657	53886	103543	0.00606	0.00315	0.00326	0.00306	56	nan
Marivivens sp. LCG002	3051171	S	238	242	480	0.00003	0.00001	0.00000	0.00001	59	4.0
Paracoccus aminophilus	34003	S	7580	7997	15577	0.00091	0.00047	0.00000	0.00050	63	5.0
Paracoccus sp. TOH	1263728	S	441	753	1194	0.00007	0.00004	0.00000	0.00005	68	5.0
Paracoccus sp. SCSIO 75233	3017782	S	401	830	1231	0.00007	0.00005	0.00006	0.00005	61	nan
Paracoccus sp. S3-43	3030011	S	313	464	777	0.00005	0.00003	0.00000	0.00003	68	5.0
Paracoccus sp. AK26	2589076	S	295	475	770	0.00005	0.00003	0.00000	0.00003	67	5.0
Paracoccus sp. MA	2895796	S	255	623	878	0.00005	0.00004	0.00000	0.00004	67	5.0
Paracoccus sp. MC1862	2760307	S	213	223	436	0.00003	0.00001	0.00000	0.00002	67	4.0
Paracoccus sp. M09	3064531	S	165	341	506	0.00003	0.00002	0.00000	0.00002	66	5.0
Paracoccus sp. Arc7-R13	2500532	S	120	405	525	0.00003	0.00002	0.00000	0.00003	67	5.0
Paracoccus kondratievae	135740	S	1108	1387	2495	0.00015	0.00008	0.00000	0.00009	63	5.0
Paracoccus methylovorus	2812658	S	860	1088	1948	0.00011	0.00006	0.00000	0.00007	64	5.0
Paracoccus tegillarcae	1529068	S	724	765	1489	0.00009	0.00004	0.00000	0.00005	63	5.0
Paracoccus alcaliphilus	34002	S	702	802	1504	0.00009	0.00005	0.00000	0.00005	65	5.0
Paracoccus fistulariae	658446	S	675	787	1462	0.00009	0.00005	0.00000	0.00005	64	5.0
Paracoccus yeei	147645	S	667	1717	2384	0.00014	0.00010	0.00000	0.00011	67	5.0
Paracoccus seriniphilus	184748	S	578	589	1167	0.00007	0.00003	0.00000	0.00004	61	5.0
Paracoccus aerodenitrificans	3017781	S	510	854	1364	0.00008	0.00005	0.00000	0.00005	61	5.0
Paracoccus zhejiangensis	1077935	S	493	586	1079	0.00006	0.00003	0.00000	0.00004	66	5.0
Paracoccus aminovorans	34004	S	449	512	961	0.00006	0.00003	0.00000	0.00003	69	5.0
Paracoccus sediminicola	3017783	S	418	563	981	0.00006	0.00003	0.00000	0.00004	64	5.0
Paracoccus albus	3017784	S	415	492	907	0.00005	0.00003	0.00003	0.00003	61	nan
Paracoccus versutus	34007	S	413	580	993	0.00006	0.00003	0.00000	0.00004	67	5.0
Paracoccus saliphilus	405559	S	407	414	821	0.00005	0.00002	0.00000	0.00002	62	5.0
Paracoccus denitrificans	266	S	391	597	988	0.00006	0.00003	0.00000	0.00004	67	5.0
Paracoccus stylophorae	659350	S	367	460	827	0.00005	0.00003	0.00000	0.00003	67	4.0
Paracoccus jeotgali	2065379	S	362	395	757	0.00004	0.00002	0.00000	0.00003	66	4.0
Paracoccus aestuarii	453842	S	357	378	735	0.00004	0.00002	0.00000	0.00003	69	5.0
Paracoccus contaminans	1945662	S	351	411	762	0.00004	0.00002	0.00000	0.00003	68	4.0
Paracoccus suum	2259340	S	319	358	677	0.00004	0.00002	0.00000	0.00002	67	4.0
Paracoccus pantotrophus	82367	S	251	443	694	0.00004	0.00003	0.00000	0.00003	67	5.0
Paracoccus sanguinis	1545044	S	245	286	531	0.00003	0.00002	0.00000	0.00002	70	4.0
Paracoccus liaowanqingii	2560053	S	225	232	457	0.00003	0.00001	0.00000	0.00002	68	4.0
Paracoccus marcusii	59779	S	199	441	640	0.00004	0.00003	0.00000	0.00003	67	5.0
Qingshengfaniella alkalisoli	2599296	S	22526	22869	45395	0.00266	0.00134	0.00140	0.00133	59	nan
Roseinatronobacter sp. S2	3035471	S	4263	4306	8569	0.00050	0.00025	0.00027	0.00025	60	nan
Pseudooceanicola nitratireducens	517719	S	620	648	1268	0.00007	0.00004	0.00000	0.00004	65	5.0
Pseudooceanicola atlanticus	1461694	S	463	484	947	0.00006	0.00003	0.00000	0.00003	65	5.0
Pseudooceanicola algae	1537215	S	280	286	566	0.00003	0.00002	0.00000	0.00002	65	5.0
Aliiroseovarius crassostreae	154981	S	969	983	1952	0.00011	0.00006	0.00000	0.00006	60	5.0
Aliiroseovarius sp. M344	2867010	S	323	334	657	0.00004	0.00002	0.00000	0.00002	58	4.0
Haematobacter massiliensis	195105	S	897	1034	1931	0.00011	0.00006	0.00000	0.00007	65	5.0
Rhodobacter capsulatus	1061	S	465	484	949	0.00006	0.00003	0.00000	0.00003	66	5.0
Rhodobacter sp. LPB0142	1850250	S	238	282	520	0.00003	0.00002	0.00000	0.00002	66	5.0
Rhodobacter sp. CZR27	2033869	S	148	157	305	0.00002	0.00001	0.00000	0.00001	69	4.0
Tritonibacter mobilis	379347	S	310	535	845	0.00005	0.00003	0.00003	0.00003	59	nan
Tritonibacter scottomollicae	483013	S	254	278	532	0.00003	0.00002	0.00000	0.00002	62	5.0
Parasedimentitalea psychrophila	2997337	S	395	413	808	0.00005	0.00002	0.00000	0.00002	59	5.0
Parasedimentitalea marina	2483033	S	323	332	655	0.00004	0.00002	0.00000	0.00002	57	4.0
Rhodovulum sp. P5	1564506	S	263	273	536	0.00003	0.00002	0.00000	0.00002	65	4.0
Rhodovulum sp. MB263	308754	S	130	148	278	0.00002	0.00001	0.00000	0.00001	68	4.0
Rhodovulum sulfidophilum	35806	S	202	267	469	0.00003	0.00002	0.00000	0.00002	68	5.0
Gemmobacter fulvus	2840474	S	379	407	786	0.00005	0.00002	0.00000	0.00003	64	5.0
Gemmobacter aquarius	2169400	S	227	237	464	0.00003	0.00001	0.00000	0.00001	64	4.0
Cognatishimia activa	1715691	S	561	567	1128	0.00007	0.00003	0.00000	0.00003	56	4.0
Frigidibacter mobilis	1335048	S	552	612	1164	0.00007	0.00004	0.00000	0.00004	66	5.0
Profundibacter amoris	2171755	S	447	449	896	0.00005	0.00003	0.00000	0.00003	59	5.0
Cereibacter sphaeroides	1063	S	278	294	572	0.00003	0.00002	0.00000	0.00002	69	4.0
Cereibacter azotoformans	43057	S	145	154	299	0.00002	0.00001	0.00000	0.00001	69	4.0
Pseudopuniceibacterium antarcticum	2613965	S	432	438	870	0.00005	0.00003	0.00000	0.00003	63	4.0
Thioclava nitratireducens	1915078	S	211	270	481	0.00003	0.00002	0.00000	0.00002	64	5.0
Thioclava electrotropha	1549850	S	170	197	367	0.00002	0.00001	0.00000	0.00001	64	4.0
Pukyongiella litopenaei	2605946	S	424	505	929	0.00005	0.00003	0.00000	0.00003	65	5.0
Rhodophyticola sp. CCM32	2916397	S	242	242	484	0.00003	0.00001	0.00000	0.00001	61	4.0
Rhodophyticola sp. CSW1921	2978973	S	171	171	342	0.00002	0.00001	0.00001	0.00001	60	nan
Fuscovulum blasticum	1075	S	206	211	417	0.00002	0.00001	0.00000	0.00001	67	4.0
Fuscovulum sp. YMD61	3042299	S	171	175	346	0.00002	0.00001	0.00000	0.00001	63	4.0
Pontibrevibacter nitratireducens	2758038	S	359	413	772	0.00005	0.00002	0.00000	0.00003	63	5.0
Sinirhodobacter sp. HNIBRBA609	3015995	S	326	336	662	0.00004	0.00002	0.00000	0.00002	65	5.0
Pseudorhodobacter turbinis	2500533	S	304	308	612	0.00004	0.00002	0.00000	0.00002	59	4.0
Yoonia vestfoldensis	245188	S	298	363	661	0.00004	0.00002	0.00003	0.00002	61	nan
Pacificitalea manganoxidans	1411902	S	256	294	550	0.00003	0.00002	0.00000	0.00002	64	5.0
Falsirhodobacter algicola	2692330	S	235	241	476	0.00003	0.00001	0.00000	0.00002	67	4.0
Brevirhabdus pacifica	1267768	S	220	313	533	0.00003	0.00002	0.00000	0.00002	65	5.0
Abyssibius alkaniclasticus	2881234	S	212	217	429	0.00003	0.00001	0.00000	0.00001	62	5.0
Neotabrizicola shimadae	2807096	S	203	210	413	0.00002	0.00001	0.00000	0.00001	66	4.0
Roseicitreum antarcticum	564137	S	202	203	405	0.00002	0.00001	0.00000	0.00001	63	5.0
Tabrizicola piscis	2494374	S	195	200	395	0.00002	0.00001	0.00000	0.00001	64	4.0
Rhodobaca barguzinensis	441209	S	158	160	318	0.00002	0.00001	0.00000	0.00001	59	4.0
Gymnodinialimonas ceratoperidinii	2856823	S	146	148	294	0.00002	0.00001	0.00000	0.00001	65	4.0
Pelagovum pacificum	2588711	S	117	120	237	0.00001	0.00001	0.00000	0.00001	67	4.0
Amylibacter sp. IMCC11727	3039851	S	108	108	216	0.00001	0.00001	0.00000	0.00001	55	3.0
Silicimonas algicola	1826607	S	100	100	200	0.00001	0.00001	0.00000	0.00001	66	4.0
Candidatus Kirkpatrickella diaphorinae	2984322	S	215452	215961	431413	0.02524	0.01263	0.01310	0.01239	57	nan
Neokomagataea tanensis	661191	S	37287	37504	74791	0.00438	0.00219	0.00221	0.00210	53	nan
Acetobacter vaccinii	2592655	S	33412	33801	67213	0.00393	0.00198	0.00210	0.00201	61	nan
Commensalibacter melissae	2070537	S	26557	26601	53158	0.00311	0.00156	0.00178	0.00167	39	nan
Commensalibacter papalotli (ex Servin-Garciduenas et al. 2014)	1208583	S	134	134	268	0.00002	0.00001	0.00000	0.00001	27	4.0
Neoasaia chiangmaiensis	320497	S	10715	10783	21498	0.00126	0.00063	0.00070	0.00066	62	nan
Komagataeibacter rhaeticus	215221	S	5455	5726	11181	0.00065	0.00033	0.00000	0.00036	65	5.0
Komagataeibacter saccharivorans	265959	S	241	248	489	0.00003	0.00001	0.00000	0.00002	63	5.0
Komagataeibacter nataicola	265960	S	217	230	447	0.00003	0.00001	0.00000	0.00001	65	5.0
Thalassospira marina	2048283	S	29593	29712	59305	0.00347	0.00174	0.00175	0.00166	55	nan
Porphyrobacter sp. LM 6	1896196	S	83700	85451	169151	0.00990	0.00500	0.00588	0.00546	66	nan
Erythrobacter sp. THAF29	2587851	S	12158	12443	24601	0.00144	0.00073	0.00080	0.00075	61	nan
Sphingobium sp. YG1	2082188	S	38495	42651	81146	0.00475	0.00250	0.00281	0.00264	63	nan
Sphingopyxis terrae	33052	S	5651	8692	14343	0.00084	0.00051	0.00000	0.00056	65	5.0
Sphingopyxis sp. GC21	2933562	S	1255	2458	3713	0.00022	0.00014	0.00016	0.00016	65	nan
Sphingopyxis sp. BSN-002	2911495	S	362	374	736	0.00004	0.00002	0.00000	0.00002	66	5.0
Sphingopyxis sp. DBS4	2968500	S	326	377	703	0.00004	0.00002	0.00003	0.00002	65	nan
Sphingopyxis sp. FD7	1914525	S	248	270	518	0.00003	0.00002	0.00000	0.00002	65	5.0
Sphingopyxis sp. YF1	2482763	S	247	292	539	0.00003	0.00002	0.00000	0.00002	67	5.0
Sphingopyxis sp. USTB-05	2830667	S	244	292	536	0.00003	0.00002	0.00000	0.00002	65	5.0
Sphingopyxis sp. EG6	1874061	S	197	212	409	0.00002	0.00001	0.00001	0.00001	65	nan
Sphingopyxis sp. PAMC25046	2565556	S	187	202	389	0.00002	0.00001	0.00001	0.00001	66	nan
Sphingopyxis sp. QXT-31	1357916	S	174	187	361	0.00002	0.00001	0.00000	0.00001	67	5.0
Sphingopyxis sp. PET50	2976533	S	173	177	350	0.00002	0.00001	0.00000	0.00001	67	5.0
Sphingopyxis sp. 113P3	292913	S	167	182	349	0.00002	0.00001	0.00001	0.00001	65	nan
Sphingopyxis sp. OPL5	2486273	S	159	166	325	0.00002	0.00001	0.00000	0.00001	67	4.0
Sphingopyxis macrogoltabida	33050	S	552	582	1134	0.00007	0.00003	0.00000	0.00004	65	5.0
Sphingopyxis lindanitolerans	2054227	S	271	291	562	0.00003	0.00002	0.00000	0.00002	66	5.0
Sphingopyxis indica	436663	S	251	267	518	0.00003	0.00002	0.00000	0.00002	65	5.0
Sphingopyxis granuli	267128	S	201	271	472	0.00003	0.00002	0.00000	0.00002	67	5.0
Sphingopyxis alaskensis	117207	S	195	198	393	0.00002	0.00001	0.00000	0.00001	66	5.0
Sphingopyxis fribergensis	1515612	S	168	177	345	0.00002	0.00001	0.00000	0.00001	65	5.0
uncultured Sphingopyxis sp.	310581	S	166	167	333	0.00002	0.00001	0.00000	0.00001	66	5.0
Sphingorhabdus sp. M41	1806885	S	5177	5190	10367	0.00061	0.00030	0.00031	0.00030	57	nan
Wolbachia endosymbiont (group B) of Protocalliphora azurea	2954051	S	9788	82186	91974	0.00538	0.00481	0.00580	0.00542	35	nan
Wolbachia endosymbiont of Trichogramma pretiosum	125593	S	136	145	281	0.00002	0.00001	0.00001	0.00001	33	nan
Wolbachia pipientis	955	S	139	1186	1325	0.00008	0.00007	0.00008	0.00008	34	nan
Neorickettsia findlayensis	2686014	S	10794	10807	21601	0.00126	0.00063	0.00067	0.00063	42	nan
Parvularcula sp. IMCC14364	3067902	S	32190	32199	64389	0.00377	0.00188	0.00190	0.00180	55	nan
Brevundimonas sp. GW460-12-10-14-LB2	1827469	S	5627	7948	13575	0.00079	0.00046	0.00059	0.00052	67	nan
Brevundimonas sp. 'scallop'	2562582	S	2556	3648	6204	0.00036	0.00021	0.00026	0.00024	67	nan
Brevundimonas sp. SGAir0440	2579977	S	1669	2021	3690	0.00022	0.00012	0.00014	0.00013	67	nan
Brevundimonas sp. BT-123	2986928	S	1290	1620	2910	0.00017	0.00009	0.00011	0.00011	67	nan
Brevundimonas sp. C43	3068314	S	1107	1557	2664	0.00016	0.00009	0.00012	0.00010	67	nan
Brevundimonas sp. SL130	2995143	S	174	177	351	0.00002	0.00001	0.00000	0.00001	68	5.0
Brevundimonas sp.	1871086	S	153	165	318	0.00002	0.00001	0.00000	0.00001	68	5.0
Brevundimonas sp. Bb-A	2560058	S	134	267	401	0.00002	0.00002	0.00002	0.00002	67	nan
Brevundimonas vesicularis	41276	S	5556	6894	12450	0.00073	0.00040	0.00049	0.00045	66	nan
Brevundimonas nasdae	172043	S	1951	2151	4102	0.00024	0.00013	0.00000	0.00014	67	5.0
Brevundimonas fontaquae	2813778	S	1080	1277	2357	0.00014	0.00007	0.00009	0.00008	66	nan
Brevundimonas diminuta	293	S	944	1175	2119	0.00012	0.00007	0.00000	0.00008	67	5.0
uncultured Brevundimonas sp.	213418	S	168	198	366	0.00002	0.00001	0.00000	0.00001	67	5.0
Brevundimonas subvibrioides	74313	S	160	161	321	0.00002	0.00001	0.00000	0.00001	69	4.0
Brevundimonas albigilva	1312364	S	109	114	223	0.00001	0.00001	0.00000	0.00001	70	4.0
Candidatus Puniceispirillum marinum	767892	S	3051	3056	6107	0.00036	0.00018	0.00018	0.00017	49	nan
Mycoavidus sp. HKI	2840467	S	61035	62762	123797	0.00724	0.00367	0.00372	0.00351	50	nan
Mycoavidus sp. B2-EB	2651972	S	17320	17347	34667	0.00203	0.00101	0.00102	0.00097	50	nan
Mycoavidus cysteinexigens	1553431	S	49765	49829	99594	0.00583	0.00291	0.00295	0.00279	50	nan
Polynucleobacter acidiphobus	556053	S	28287	28511	56798	0.00332	0.00167	0.00165	0.00158	49	nan
Polynucleobacter tropicus	1743174	S	22826	22947	45773	0.00268	0.00134	0.00135	0.00128	45	nan
Polynucleobacter sp. AP-Ainpum-60-G11	2576926	S	15862	16020	31882	0.00187	0.00094	0.00094	0.00089	47	nan
Polynucleobacter ibericus	1819725	S	9428	9490	18918	0.00111	0.00056	0.00056	0.00053	45	nan
Cupriavidus pinatubonensis	248026	S	31844	32048	63892	0.00374	0.00187	0.00206	0.00202	65	nan
Cupriavidus neocaledonicus	1040979	S	30669	36069	66738	0.00390	0.00211	0.00000	0.00244	69	5.0
Cupriavidus cauae	2608999	S	612	638	1250	0.00007	0.00004	0.00000	0.00004	68	4.0
Burkholderia stabilis	95485	S	23288	25902	49190	0.00288	0.00152	0.00176	0.00173	67	nan
Burkholderia contaminans	488447	S	190	210	400	0.00002	0.00001	0.00000	0.00001	67	5.0
Burkholderia cenocepacia	95486	S	167	381	548	0.00003	0.00002	0.00000	0.00003	68	5.0
Burkholderia multivorans	87883	S	136	152	288	0.00002	0.00001	0.00000	0.00001	68	4.0
Burkholderia cepacia	292	S	133	146	279	0.00002	0.00001	0.00000	0.00001	68	5.0
Burkholderia pyrrocinia	60550	S	116	130	246	0.00001	0.00001	0.00000	0.00001	67	5.0
Ralstonia pickettii	329	S	11729	12142	23871	0.00140	0.00071	0.00078	0.00076	65	nan
Ralstonia insidiosa	190721	S	646	664	1310	0.00008	0.00004	0.00000	0.00004	64	4.0
Ralstonia mannitolilytica	105219	S	258	267	525	0.00003	0.00002	0.00000	0.00002	66	5.0
Ralstonia wenshanensis	2842456	S	244	247	491	0.00003	0.00001	0.00000	0.00002	65	5.0
Ralstonia solanacearum	305	S	114	145	259	0.00002	0.00001	0.00000	0.00001	67	4.0
Paraburkholderia aromaticivorans	2026199	S	357	402	759	0.00004	0.00002	0.00000	0.00002	63	4.0
Comamonas sp. C11	2966554	S	26515	79509	106024	0.00620	0.00465	0.00487	0.00480	63	nan
Comamonas testosteroni	285	S	376	502	878	0.00005	0.00003	0.00003	0.00003	63	nan
Comamonas thiooxydans	363952	S	288	349	637	0.00004	0.00002	0.00002	0.00002	63	nan
Pseudoduganella lutea	321985	S	10390	10477	20867	0.00122	0.00061	0.00072	0.00068	66	nan
Janthinobacterium sp. 1_2014MBL_MicDiv	1644131	S	10371	10543	20914	0.00122	0.00062	0.00071	0.00067	65	nan
Achromobacter sp. R39	3047478	S	12008	12137	24145	0.00141	0.00071	0.00078	0.00073	62	nan
Achromobacter xylosoxidans	85698	S	168	200	368	0.00002	0.00001	0.00000	0.00001	68	4.0
Roseateles amylovorans	2978473	S	109	131	240	0.00001	0.00001	0.00000	0.00001	67	4.0
Dechloromonas sp. HYN0024	2231055	S	165497	166100	331597	0.01940	0.00972	0.01034	0.00977	61	nan
Dechloromonas denitrificans	281362	S	6616	6663	13279	0.00078	0.00039	0.00000	0.00040	61	5.0
Fluviibacter phosphoraccumulans	1751046	S	62142	62388	124530	0.00728	0.00365	0.00370	0.00350	56	nan
Neisseria sp. oral taxon 014	641148	S	30036	31052	61088	0.00357	0.00182	0.00187	0.00178	54	nan
Neisseria sp. RH3002v2g	1871109	S	9281	12346	21627	0.00127	0.00072	0.00075	0.00070	52	nan
Neisseria sp. DTU_2021_1001991_1_SI_NGA_ILE_055	3077590	S	8852	11468	20320	0.00119	0.00067	0.00068	0.00065	53	nan
Neisseria sp. Marseille-Q5346	2972775	S	2918	3527	6445	0.00038	0.00021	0.00021	0.00020	53	nan
Neisseria sp. Marseille-Q6792	2937985	S	158	186	344	0.00002	0.00001	0.00001	0.00001	54	nan
Neisseria weaveri	28091	S	30591	31308	61899	0.00362	0.00183	0.00187	0.00177	52	nan
Neisseria subflava	28449	S	27788	32005	59793	0.00350	0.00187	0.00188	0.00181	52	nan
Neisseria mucosa	488	S	9611	11477	21088	0.00123	0.00067	0.00072	0.00065	53	nan
Neisseria perflava	33053	S	2000	6596	8596	0.00050	0.00039	0.00039	0.00037	52	nan
Neisseria flavescens	484	S	1338	1505	2843	0.00017	0.00009	0.00009	0.00009	52	nan
Neisseria meningitidis	487	S	1258	1754	3012	0.00018	0.00010	0.00011	0.00010	54	nan
Neisseria elongata	495	S	505	515	1020	0.00006	0.00003	0.00000	0.00003	57	4.0
Neisseria sicca	490	S	421	744	1165	0.00007	0.00004	0.00005	0.00004	53	nan
Neisseria wadsworthii	607711	S	260	264	524	0.00003	0.00002	0.00000	0.00002	50	4.0
Neisseria lactamica	486	S	253	293	546	0.00003	0.00002	0.00000	0.00002	54	5.0
Neisseria gonorrhoeae	485	S	244	349	593	0.00003	0.00002	0.00000	0.00002	54	5.0
Neisseria macacae	496	S	227	258	485	0.00003	0.00002	0.00002	0.00001	55	nan
Neisseria cinerea	483	S	224	240	464	0.00003	0.00001	0.00000	0.00001	53	5.0
Neisseria animalis	492	S	124	124	248	0.00001	0.00001	0.00000	0.00001	54	5.0
Neisseria yangbaofengii	2709396	S	111	111	222	0.00001	0.00001	0.00000	0.00001	52	4.0
Neisseria chenwenguii	1853278	S	108	108	216	0.00001	0.00001	0.00000	0.00001	57	4.0
Vitreoscilla massiliensis	1689272	S	8470	8492	16962	0.00099	0.00050	0.00050	0.00047	51	nan
Kingella negevensis	1522312	S	5477	5674	11151	0.00065	0.00033	0.00034	0.00032	48	nan
Aquitalea magnusonii	332411	S	14479	14673	29152	0.00171	0.00086	0.00092	0.00087	61	nan
Denitratisoma oestradiolicum	311182	S	39729	39862	79591	0.00466	0.00233	0.00269	0.00245	63	nan
Nitrosomonas ureae	44577	S	12066	12073	24139	0.00141	0.00071	0.00075	0.00069	45	nan
Nitrosomonas sp. H1_AOB3	2741553	S	8686	10853	19539	0.00114	0.00063	0.00065	0.00061	52	nan
Nitrosomonas sp. sh817	3070658	S	203	203	406	0.00002	0.00001	0.00000	0.00001	50	4.0
Nitrosomonas sp.	42353	S	171	171	342	0.00002	0.00001	0.00000	0.00001	52	4.0
Sideroxydans sp. CL21	2600596	S	14392	14417	28809	0.00169	0.00084	0.00087	0.00082	57	nan
Methylophilus sp. TWE2	1662285	S	3161	3172	6333	0.00037	0.00019	0.00019	0.00018	51	nan
Mariprofundus ferrinatatus	1921087	S	148149	148236	296385	0.01734	0.00867	0.00875	0.00827	55	nan
Listeria newyorkensis	1497681	S	800641	804523	1605164	0.09390	0.04706	0.04892	0.04623	43	nan
Listeria welshimeri	1643	S	14528	15069	29597	0.00173	0.00088	0.00101	0.00095	36	nan
Listeria monocytogenes	1639	S	453	742	1195	0.00007	0.00004	0.00000	0.00004	40	4.0
Paenibacillus lentus	1338368	S	236628	237600	474228	0.02774	0.01390	0.01415	0.01343	47	nan
Paenibacillus sp. 19GGS1-52	2758563	S	129422	129936	259358	0.01517	0.00760	0.00775	0.00735	48	nan
Paenibacillus sp. FSL P4-0081	1536769	S	26896	28399	55295	0.00323	0.00166	0.00169	0.00160	54	nan
Paenibacillus sp. FSL H7-0357	1536774	S	14628	14723	29351	0.00172	0.00086	0.00088	0.00083	50	nan
Paenibacillus sp. PAMC21692	2762320	S	4431	4611	9042	0.00053	0.00027	0.00027	0.00026	54	nan
Paenibacillus sp. Y412MC10	481743	S	2741	3624	6365	0.00037	0.00021	0.00021	0.00020	53	nan
Paenibacillus sp. BR1-192	3032287	S	2257	4579	6836	0.00040	0.00027	0.00027	0.00026	53	nan
Paenibacillus sp. CC-CFT742	2926710	S	2089	2408	4497	0.00026	0.00014	0.00000	0.00013	48	5.0
Paenibacillus sp. JZ16	1906272	S	1897	1921	3818	0.00022	0.00011	0.00000	0.00011	51	4.0
Paenibacillus sp. JNUCC-31	2777983	S	1569	1598	3167	0.00019	0.00009	0.00000	0.00009	47	5.0
Paenibacillus sp. JNUCC-32	2777984	S	1346	2762	4108	0.00024	0.00016	0.00016	0.00016	53	nan
Paenibacillus sp. DCT19	2211212	S	816	821	1637	0.00010	0.00005	0.00000	0.00005	46	4.0
Paenibacillus sp. E222	2748863	S	677	705	1382	0.00008	0.00004	0.00000	0.00004	48	5.0
Paenibacillus sp. BIC5C1	3078263	S	557	578	1135	0.00007	0.00003	0.00000	0.00003	48	4.0
Paenibacillus sp. D2_2	3073092	S	415	417	832	0.00005	0.00002	0.00000	0.00002	46	4.0
Paenibacillus sp. PK1-4R	3049075	S	403	441	844	0.00005	0.00003	0.00000	0.00002	47	4.0
Paenibacillus sp. CAA11	1532905	S	396	398	794	0.00005	0.00002	0.00000	0.00002	50	4.0
Paenibacillus sp. YPG26	2878915	S	327	329	656	0.00004	0.00002	0.00000	0.00002	51	4.0
Paenibacillus sp. PK3_47	2072642	S	293	294	587	0.00003	0.00002	0.00000	0.00002	52	5.0
Paenibacillus sp. MMS20-IR301	2895946	S	250	251	501	0.00003	0.00001	0.00000	0.00001	54	5.0
Paenibacillus sp. JDR-2	324057	S	243	243	486	0.00003	0.00001	0.00000	0.00001	52	4.0
Paenibacillus sp. 32O-W	1695218	S	234	234	468	0.00003	0.00001	0.00000	0.00001	57	5.0
Paenibacillus sp. FSL R7-0273	1536772	S	219	221	440	0.00003	0.00001	0.00000	0.00001	53	5.0
Paenibacillus sp. PSB04	2866810	S	218	228	446	0.00003	0.00001	0.00000	0.00001	56	5.0
Paenibacillus sp. RUD330	2023772	S	199	199	398	0.00002	0.00001	0.00000	0.00001	62	4.0
Paenibacillus sp. FSL R7-0331	1536773	S	187	189	376	0.00002	0.00001	0.00000	0.00001	53	4.0
Paenibacillus sp. URB8-2	2741301	S	182	183	365	0.00002	0.00001	0.00000	0.00001	54	4.0
Paenibacillus sp. BIHB 4019	1870819	S	166	166	332	0.00002	0.00001	0.00000	0.00001	50	4.0
Paenibacillus sp. B01	2660554	S	157	160	317	0.00002	0.00001	0.00000	0.00001	65	4.0
Paenibacillus sp. H1-7	2282849	S	143	143	286	0.00002	0.00001	0.00000	0.00001	52	4.0
Paenibacillus sp. FSL R5-0912	1536771	S	130	136	266	0.00002	0.00001	0.00000	0.00001	53	5.0
Paenibacillus sp. YPD9-1	2908839	S	130	130	260	0.00002	0.00001	0.00000	0.00001	49	4.0
Paenibacillus sp. C31	3050112	S	129	129	258	0.00002	0.00001	0.00000	0.00001	43	4.0
Paenibacillus sp. N3/727	2925845	S	124	131	255	0.00001	0.00001	0.00000	0.00001	46	4.0
Paenibacillus sp. SYP-B4298	2996034	S	112	112	224	0.00001	0.00001	0.00000	0.00001	56	4.0
Paenibacillus sp. R14(2021)	2859228	S	109	109	218	0.00001	0.00001	0.00000	0.00001	55	4.0
Paenibacillus sp. FSL R5-0345	1536770	S	107	110	217	0.00001	0.00001	0.00000	0.00001	44	4.0
Paenibacillus sp. sptzw28	715179	S	106	106	212	0.00001	0.00001	0.00000	0.00001	51	4.0
Paenibacillus lautus	1401	S	57259	63216	120475	0.00705	0.00370	0.00000	0.00356	53	5.0
Paenibacillus guangzhouensis	1473112	S	40978	41127	82105	0.00480	0.00241	0.00243	0.00231	48	nan
Paenibacillus graminis	189425	S	40345	41230	81575	0.00477	0.00241	0.00245	0.00232	52	nan
Paenibacillus kribbensis	172713	S	14712	14924	29636	0.00173	0.00087	0.00089	0.00084	48	nan
Paenibacillus polymyxa	1406	S	12867	15234	28101	0.00164	0.00089	0.00092	0.00086	47	nan
Paenibacillus agaridevorans	171404	S	7943	8416	16359	0.00096	0.00049	0.00000	0.00047	53	5.0
Paenibacillus macerans	44252	S	6833	6848	13681	0.00080	0.00040	0.00045	0.00039	55	nan
Paenibacillus xylanilyticus	248903	S	2207	2545	4752	0.00028	0.00015	0.00000	0.00014	48	5.0
Paenibacillus azoreducens	116718	S	933	936	1869	0.00011	0.00005	0.00000	0.00005	50	5.0
Paenibacillus amylolyticus	1451	S	857	912	1769	0.00010	0.00005	0.00000	0.00005	47	4.0
Paenibacillus woosongensis	307580	S	830	836	1666	0.00010	0.00005	0.00000	0.00005	52	5.0
Paenibacillus pabuli	1472	S	805	821	1626	0.00010	0.00005	0.00000	0.00005	48	5.0
Paenibacillus physcomitrellae	1619311	S	553	562	1115	0.00007	0.00003	0.00000	0.00003	52	4.0
Paenibacillus barcinonensis	198119	S	538	541	1079	0.00006	0.00003	0.00000	0.00003	48	5.0
Paenibacillus lutimineralis	2707005	S	485	487	972	0.00006	0.00003	0.00000	0.00003	49	4.0
Paenibacillus yonginensis	1462996	S	459	469	928	0.00005	0.00003	0.00000	0.00003	52	5.0
Paenibacillus ihbetae	1870820	S	422	424	846	0.00005	0.00002	0.00000	0.00002	54	5.0
Paenibacillus marchantiae	3026433	S	411	426	837	0.00005	0.00002	0.00000	0.00002	48	4.0
Paenibacillus urinalis	521520	S	410	416	826	0.00005	0.00002	0.00000	0.00002	47	4.0
Paenibacillus konkukensis	2020716	S	383	384	767	0.00004	0.00002	0.00000	0.00002	54	4.0
Paenibacillus stellifer	169760	S	321	323	644	0.00004	0.00002	0.00000	0.00002	56	5.0
Paenibacillus donghaensis	414771	S	283	284	567	0.00003	0.00002	0.00000	0.00002	53	4.0
Paenibacillus mucilaginosus	61624	S	272	272	544	0.00003	0.00002	0.00000	0.00002	61	4.0
Paenibacillus dendritiformis	130049	S	253	258	511	0.00003	0.00002	0.00000	0.00001	57	5.0
Paenibacillus riograndensis	483937	S	110	186	296	0.00002	0.00001	0.00000	0.00001	53	5.0
Paenibacillus protaetiae	2509456	S	238	238	476	0.00003	0.00001	0.00000	0.00001	52	4.0
Paenibacillus tritici	1873425	S	218	219	437	0.00003	0.00001	0.00000	0.00001	54	4.0
Paenibacillus elgii	189691	S	215	215	430	0.00003	0.00001	0.00000	0.00001	57	5.0
Paenibacillus durus	44251	S	212	213	425	0.00002	0.00001	0.00000	0.00001	53	5.0
Paenibacillus lycopersici	2704462	S	199	199	398	0.00002	0.00001	0.00000	0.00001	60	4.0
Paenibacillus xylanexedens	528191	S	192	216	408	0.00002	0.00001	0.00000	0.00001	48	4.0
Paenibacillus rhizovicinus	2704463	S	187	187	374	0.00002	0.00001	0.00000	0.00001	57	4.0
Paenibacillus sabinae	365617	S	186	187	373	0.00002	0.00001	0.00000	0.00001	54	5.0
Paenibacillus montanisoli	2081970	S	184	184	368	0.00002	0.00001	0.00000	0.00001	56	5.0
Paenibacillus odorifer	189426	S	182	183	365	0.00002	0.00001	0.00000	0.00001	45	4.0
Paenibacillus spongiae	2909671	S	180	180	360	0.00002	0.00001	0.00000	0.00001	53	4.0
Paenibacillus glucanolyticus	59843	S	176	249	425	0.00002	0.00001	0.00000	0.00001	50	5.0
Paenibacillus chitinolyticus	79263	S	165	165	330	0.00002	0.00001	0.00000	0.00001	54	4.0
Paenibacillus cellulositrophicus	562959	S	165	172	337	0.00002	0.00001	0.00000	0.00001	54	5.0
Paenibacillus algicola	2565926	S	162	162	324	0.00002	0.00001	0.00000	0.00001	53	4.0
Paenibacillus beijingensis	1126833	S	147	147	294	0.00002	0.00001	0.00000	0.00001	54	4.0
Paenibacillus aurantius	2918900	S	146	146	292	0.00002	0.00001	0.00000	0.00001	58	4.0
Paenibacillus sophorae	1333845	S	146	147	293	0.00002	0.00001	0.00000	0.00001	53	5.0
Paenibacillus thiaminolyticus	49283	S	140	142	282	0.00002	0.00001	0.00000	0.00001	57	5.0
Paenibacillus bovis	1616788	S	133	133	266	0.00002	0.00001	0.00000	0.00001	50	4.0
Paenibacillus typhae	1174501	S	131	136	267	0.00002	0.00001	0.00000	0.00001	52	5.0
Paenibacillus cellulosilyticus	375489	S	131	131	262	0.00002	0.00001	0.00000	0.00001	52	4.0
Paenibacillus brasilensis	128574	S	130	132	262	0.00002	0.00001	0.00000	0.00001	48	4.0
Paenibacillus peoriae	59893	S	123	174	297	0.00002	0.00001	0.00000	0.00001	47	4.0
Paenibacillus alvei	44250	S	120	120	240	0.00001	0.00001	0.00000	0.00001	49	4.0
Paenibacillus borealis	160799	S	118	119	237	0.00001	0.00001	0.00000	0.00001	52	5.0
Paenibacillus crassostreae	1763538	S	111	111	222	0.00001	0.00001	0.00000	0.00001	39	4.0
Paenibacillus albus	2495582	S	109	109	218	0.00001	0.00001	0.00000	0.00001	51	4.0
Paenibacillus jilunlii	682956	S	108	111	219	0.00001	0.00001	0.00000	0.00001	52	5.0
Paenibacillus albicereus	2726185	S	108	109	217	0.00001	0.00001	0.00000	0.00001	66	4.0
Brevibacillus laterosporus	1465	S	22408	23878	46286	0.00271	0.00140	0.00146	0.00140	42	nan
Brevibacillus sp. 7WMA2	2683193	S	10997	16878	27875	0.00163	0.00099	0.00104	0.00098	42	nan
Brevibacillus brevis	1393	S	128	130	258	0.00002	0.00001	0.00000	0.00001	48	4.0
Cohnella candidum	2674991	S	183	185	368	0.00002	0.00001	0.00000	0.00001	58	4.0
Cohnella sp. LGH	1619153	S	116	120	236	0.00001	0.00001	0.00000	0.00001	55	4.0
Cohnella cholangitidis	2598458	S	105	110	215	0.00001	0.00001	0.00000	0.00001	53	3.0
Saccharibacillus brassicae	2583377	S	203	203	406	0.00002	0.00001	0.00000	0.00001	61	4.0
Thermobacillus composti	377615	S	109	109	218	0.00001	0.00001	0.00000	0.00001	62	4.0
Bacillus sp. N1-1	2682541	S	18306	18775	37081	0.00217	0.00110	0.00117	0.00110	41	nan
Bacillus sp. SG20001	3074204	S	5251	42132	47383	0.00277	0.00246	0.00258	0.00242	44	nan
Bacillus sp. AM1(2019)	2665175	S	4542	44659	49201	0.00288	0.00261	0.00268	0.00256	45	nan
Bacillus sp. FJAT-22090	1581038	S	3648	3670	7318	0.00043	0.00021	0.00000	0.00023	35	5.0
Bacillus sp. JNUCC-24	2842458	S	725	8070	8795	0.00051	0.00047	0.00049	0.00046	44	nan
Bacillus sp. FDAARGOS_527	2576356	S	339	3893	4232	0.00025	0.00023	0.00024	0.00023	45	nan
Bacillus sp. OxB-1	98228	S	224	225	449	0.00003	0.00001	0.00000	0.00001	50	4.0
Bacillus sp. N3536	2666127	S	143	157	300	0.00002	0.00001	0.00001	0.00001	37	nan
Bacillus sp. DTU_2020_1000418_1_SI_GHA_SEK_038	3077585	S	108	108	216	0.00001	0.00001	0.00000	0.00001	39	4.0
Bacillus velezensis	492670	S	2734	27748	30482	0.00178	0.00162	0.00166	0.00159	45	nan
Bacillus amyloliquefaciens	1390	S	553	19302	19855	0.00116	0.00113	0.00116	0.00110	45	nan
Bacillus paralicheniformis	1648923	S	271	389	660	0.00004	0.00002	0.00002	0.00002	47	nan
Bacillus licheniformis	1402	S	152	12155	12307	0.00072	0.00071	0.00073	0.00070	45	nan
Bacillus subtilis	1423	S	114	7067	7181	0.00042	0.00041	0.00043	0.00040	45	nan
Bacillus cereus	1396	S	375	3709	4084	0.00024	0.00022	0.00000	0.00022	41	5.0
Bacillus mycoides	1405	S	184	370	554	0.00003	0.00002	0.00000	0.00002	36	4.0
Bacillus thuringiensis	1428	S	177	758	935	0.00005	0.00004	0.00000	0.00005	37	5.0
Bacillus pseudomycoides	64104	S	101	102	203	0.00001	0.00001	0.00000	0.00001	35	4.0
Bacillus safensis	561879	S	610	1105	1715	0.00010	0.00006	0.00000	0.00006	43	5.0
Bacillus pumilus	1408	S	585	612	1197	0.00007	0.00004	0.00000	0.00004	42	4.0
Bacillus dafuensis	1742359	S	221	222	443	0.00003	0.00001	0.00000	0.00001	36	4.0
Bacillus altitudinis	293387	S	161	215	376	0.00002	0.00001	0.00000	0.00001	42	4.0
Bacillus glycinifermentans	1664069	S	114	125	239	0.00001	0.00001	0.00000	0.00001	48	5.0
Cytobacillus oceanisediminis	665099	S	52782	101127	153909	0.00900	0.00592	0.00648	0.00595	42	nan
Cytobacillus pseudoceanisediminis	3051614	S	10832	33002	43834	0.00256	0.00193	0.00215	0.00194	42	nan
Cytobacillus firmus	1399	S	4283	4378	8661	0.00051	0.00026	0.00000	0.00026	42	5.0
Cytobacillus solani	1637975	S	133	133	266	0.00002	0.00001	0.00000	0.00001	37	5.0
Oceanobacillus zhaokaii	2052660	S	88170	88401	176571	0.01033	0.00517	0.00579	0.00550	37	nan
Halobacillus naozhouensis	554880	S	33298	33373	66671	0.00390	0.00195	0.00205	0.00194	42	nan
Halobacillus amylolyticus	2932259	S	31488	31652	63140	0.00369	0.00185	0.00198	0.00186	40	nan
Peribacillus muralis	264697	S	54139	54807	108946	0.00637	0.00321	0.00338	0.00319	44	nan
Peribacillus asahii	228899	S	214	216	430	0.00003	0.00001	0.00000	0.00001	38	5.0
Peribacillus frigoritolerans	450367	S	185	196	381	0.00002	0.00001	0.00000	0.00001	41	4.0
Parageobacillus sp. KH3-4	2916802	S	33551	34007	67558	0.00395	0.00199	0.00207	0.00196	43	nan
Anoxybacillus sp. PDR2	1636720	S	18110	22301	40411	0.00236	0.00130	0.00137	0.00129	42	nan
Geobacillus thermodenitrificans	33940	S	4642	10723	15365	0.00090	0.00063	0.00064	0.00060	50	nan
Geobacillus sp. 47C-IIb	1963026	S	211	1347	1558	0.00009	0.00008	0.00008	0.00008	50	nan
Geobacillus subterraneus	129338	S	150	163	313	0.00002	0.00001	0.00000	0.00001	54	5.0
Psychrobacillus sp. INOP01	2829187	S	3757	3888	7645	0.00045	0.00023	0.00027	0.00024	36	nan
Psychrobacillus sp. AK 1817	2303505	S	680	750	1430	0.00008	0.00004	0.00005	0.00005	38	nan
Psychrobacillus glaciei	2283160	S	4238	4400	8638	0.00051	0.00026	0.00000	0.00028	35	5.0
Lysinibacillus sp. OF-1	2972483	S	1448	1901	3349	0.00020	0.00011	0.00012	0.00012	37	nan
Lysinibacillus sp. SGAir0095	2070463	S	114	117	231	0.00001	0.00001	0.00000	0.00001	38	4.0
Lysinibacillus sp. 2017	2169540	S	114	116	230	0.00001	0.00001	0.00000	0.00001	37	4.0
Lysinibacillus sp. CD3-6	2892541	S	112	129	241	0.00001	0.00001	0.00000	0.00001	37	5.0
Lysinibacillus fusiformis	28031	S	266	397	663	0.00004	0.00002	0.00002	0.00002	38	nan
Lysinibacillus timonensis	2086577	S	189	197	386	0.00002	0.00001	0.00000	0.00001	36	5.0
Lysinibacillus pakistanensis	759811	S	154	173	327	0.00002	0.00001	0.00000	0.00001	37	5.0
Lysinibacillus irui	2998077	S	145	193	338	0.00002	0.00001	0.00000	0.00001	37	5.0
Lysinibacillus louembei	1470088	S	119	121	240	0.00001	0.00001	0.00000	0.00001	40	4.0
Lysinibacillus parviboronicapiens	436516	S	118	130	248	0.00001	0.00001	0.00000	0.00001	37	5.0
Lysinibacillus agricola	2590012	S	109	121	230	0.00001	0.00001	0.00000	0.00001	37	5.0
Neobacillus mesonae	1193713	S	123	152	275	0.00002	0.00001	0.00000	0.00001	41	3.0
Priestia megaterium	1404	S	155	260	415	0.00002	0.00002	0.00000	0.00002	38	5.0
Niallia sp. RD1	2962858	S	177	180	357	0.00002	0.00001	0.00000	0.00001	36	4.0
Niallia circulans	1397	S	123	124	247	0.00001	0.00001	0.00000	0.00001	36	4.0
Heyndrickxia oleronia	38875	S	168	219	387	0.00002	0.00001	0.00000	0.00001	35	4.0
Mesobacillus jeotgali	129985	S	128	162	290	0.00002	0.00001	0.00000	0.00001	44	4.0
Rossellomorea marisflavi	189381	S	148	177	325	0.00002	0.00001	0.00000	0.00001	50	4.0
Lederbergia lenta	1467	S	109	109	218	0.00001	0.00001	0.00000	0.00001	37	4.0
Nosocomiicoccus ampullae	489910	S	145341	146051	291392	0.01705	0.00854	0.01043	0.00963	34	nan
Mammaliicoccus stepanovicii	643214	S	26562	26815	53377	0.00312	0.00157	0.00196	0.00186	32	nan
Staphylococcus sp. IVB6181	2929481	S	23179	23744	46923	0.00274	0.00139	0.00160	0.00148	38	nan
Planococcus massiliensis	1499687	S	135882	137041	272923	0.01597	0.00802	0.00816	0.00771	48	nan
Planococcus plakortidis	1038856	S	23193	23713	46906	0.00274	0.00139	0.00139	0.00133	52	nan
Planococcus sp. MB-3u-03	2058136	S	10988	11734	22722	0.00133	0.00069	0.00071	0.00066	49	nan
Planococcus sp. Urea-3u-39	2058328	S	128	236	364	0.00002	0.00001	0.00000	0.00001	42	5.0
Planococcus maritimus	192421	S	142	143	285	0.00002	0.00001	0.00000	0.00001	49	4.0
Sporosarcina sp. P33	1930764	S	4646	7859	12505	0.00073	0.00046	0.00047	0.00045	46	nan
Sporosarcina sp. 0.2-SM1T-5	3056445	S	448	452	900	0.00005	0.00003	0.00000	0.00003	55	4.0
Sporosarcina sp. T2O-4	3056444	S	168	170	338	0.00002	0.00001	0.00000	0.00001	42	3.0
Sporosarcina sp. Marseille-Q4943	2942204	S	149	152	301	0.00002	0.00001	0.00000	0.00001	45	4.0
Sporosarcina ureae	1571	S	209	214	423	0.00002	0.00001	0.00000	0.00001	41	4.0
Sporosarcina thermotolerans	633404	S	119	121	240	0.00001	0.00001	0.00000	0.00001	42	3.0
Solibacillus sp. R5-41	2048654	S	110	119	229	0.00001	0.00001	0.00000	0.00001	37	4.0
Solibacillus silvestris	76853	S	100	104	204	0.00001	0.00001	0.00000	0.00001	40	4.0
Paenisporosarcina antarctica	417367	S	122	124	246	0.00001	0.00001	0.00000	0.00001	37	4.0
Viridibacillus sp. JNUCC-6	2779527	S	200	202	402	0.00002	0.00001	0.00000	0.00001	36	4.0
Exiguobacterium antarcticum	132920	S	32530	33945	66475	0.00389	0.00199	0.00199	0.00189	48	nan
Exiguobacterium sibiricum	332410	S	21364	23528	44892	0.00263	0.00138	0.00139	0.00131	49	nan
Exiguobacterium sp. Helios	2735868	S	15234	16661	31895	0.00187	0.00097	0.00099	0.00094	49	nan
Exiguobacterium acetylicum	41170	S	1210	2097	3307	0.00019	0.00012	0.00012	0.00012	49	nan
Alicyclobacillus acidoterrestris	1450	S	14016	14050	28066	0.00164	0.00082	0.00082	0.00078	53	nan
Novibacillus thermophilus	1471761	S	8240	8274	16514	0.00097	0.00048	0.00049	0.00046	52	nan
Leuconostoc gelidum	1244	S	63227	66205	129432	0.00757	0.00387	0.00447	0.00413	37	nan
Leuconostoc gasicomitatum	115778	S	9947	10705	20652	0.00121	0.00063	0.00071	0.00067	37	nan
Leuconostoc carnosum	1252	S	1767	1895	3662	0.00021	0.00011	0.00000	0.00012	38	4.0
Leuconostoc mesenteroides	1245	S	968	1108	2076	0.00012	0.00006	0.00000	0.00007	38	5.0
Leuconostoc citreum	33964	S	337	658	995	0.00006	0.00004	0.00000	0.00004	39	5.0
Leuconostoc pseudomesenteroides	33968	S	149	155	304	0.00002	0.00001	0.00000	0.00001	40	4.0
Periweissella cryptocerci	2506420	S	77598	77672	155270	0.00908	0.00454	0.00478	0.00454	42	nan
Lacticaseibacillus sp. NCIMB 15473	3068306	S	459	71603	72062	0.00422	0.00419	0.00420	0.00398	50	nan
Lacticaseibacillus sp. NCIMB 15471	3068305	S	103	143	246	0.00001	0.00001	0.00001	0.00001	49	nan
Lacticaseibacillus paracasei	1597	S	291	335	626	0.00004	0.00002	0.00000	0.00002	47	5.0
Lacticaseibacillus chiayiensis	2100821	S	196	199	395	0.00002	0.00001	0.00000	0.00001	47	5.0
Lacticaseibacillus zeae	57037	S	121	264	385	0.00002	0.00002	0.00002	0.00001	49	nan
Lacticaseibacillus casei	1582	S	109	680	789	0.00005	0.00004	0.00004	0.00004	50	nan
Levilactobacillus namurensis	380393	S	71403	72233	143636	0.00840	0.00423	0.00000	0.00409	54	5.0
Levilactobacillus brevis	1580	S	420	467	887	0.00005	0.00003	0.00000	0.00003	46	4.0
Levilactobacillus zymae	267363	S	150	151	301	0.00002	0.00001	0.00000	0.00001	57	4.0
Levilactobacillus suantsaii	2292255	S	129	131	260	0.00002	0.00001	0.00000	0.00001	53	5.0
Ligilactobacillus ruminis	1623	S	44054	44416	88470	0.00518	0.00260	0.00273	0.00255	45	nan
Limosilactobacillus fermentum	1613	S	37800	38688	76488	0.00447	0.00226	0.00227	0.00219	54	nan
Fructilactobacillus carniphilus	2940297	S	27343	27857	55200	0.00323	0.00163	0.00169	0.00160	46	nan
Lactiplantibacillus plantarum	1590	S	123	271	394	0.00002	0.00002	0.00000	0.00002	46	4.0
Streptococcus urinalis	149016	S	71874	75655	147529	0.00863	0.00443	0.00511	0.00499	34	nan
Streptococcus gordonii	1302	S	47961	49204	97165	0.00568	0.00288	0.00309	0.00292	41	nan
Streptococcus sp. KS 6	2598457	S	38561	50953	89514	0.00524	0.00298	0.00330	0.00309	39	nan
Streptococcus sp. FDAARGOS_522	2420310	S	260	5934	6194	0.00036	0.00035	0.00040	0.00037	38	nan
Streptococcus sp. oral taxon 431	712633	S	100	107	207	0.00001	0.00001	0.00000	0.00001	41	4.0
Streptococcus pyogenes	1314	S	9595	11244	20839	0.00122	0.00066	0.00072	0.00068	39	nan
Streptococcus pneumoniae	1313	S	2938	3427	6365	0.00037	0.00020	0.00020	0.00021	41	nan
Streptococcus sanguinis	1305	S	843	901	1744	0.00010	0.00005	0.00000	0.00005	46	5.0
Streptococcus intermedius	1338	S	406	499	905	0.00005	0.00003	0.00003	0.00003	38	nan
Streptococcus anginosus	1328	S	118	210	328	0.00002	0.00001	0.00001	0.00001	40	nan
Streptococcus oralis	1303	S	300	343	643	0.00004	0.00002	0.00000	0.00002	43	4.0
Streptococcus cristatus	45634	S	244	249	493	0.00003	0.00001	0.00000	0.00001	44	4.0
Streptococcus parasanguinis	1318	S	138	147	285	0.00002	0.00001	0.00000	0.00001	43	4.0
Streptococcus agalactiae	1311	S	122	450	572	0.00003	0.00003	0.00003	0.00003	37	nan
Streptococcus australis	113107	S	117	165	282	0.00002	0.00001	0.00000	0.00001	43	4.0
Streptococcus ilei	1156431	S	109	152	261	0.00002	0.00001	0.00000	0.00001	43	4.0
Streptococcus mitis	28037	S	107	118	225	0.00001	0.00001	0.00000	0.00001	42	4.0
Enterococcus gallinarum	1353	S	4081	22968	27049	0.00158	0.00134	0.00145	0.00136	42	nan
Enterococcus sp. FDAARGOS_553	2420313	S	173	2695	2868	0.00017	0.00016	0.00017	0.00016	42	nan
Enterococcus sp. M190262	2582830	S	132	771	903	0.00005	0.00005	0.00005	0.00005	41	nan
Enterococcus faecium	1352	S	331	633	964	0.00006	0.00004	0.00000	0.00004	40	5.0
Enterococcus casseliflavus	37734	S	215	526	741	0.00004	0.00003	0.00003	0.00003	42	nan
Enterococcus faecalis	1351	S	136	261	397	0.00002	0.00002	0.00000	0.00002	39	5.0
Vagococcus hydrophili	2714947	S	12414	12512	24926	0.00146	0.00073	0.00089	0.00082	35	nan
Stomatobaculum sp. F0698	3059030	S	161003	161364	322367	0.01886	0.00944	0.00972	0.00917	57	nan
Enterocloster asparagiformis	333367	S	94006	94442	188448	0.01102	0.00552	0.00559	0.00546	58	nan
Chordicoccus furentiruminis	2709410	S	70698	71108	141806	0.00830	0.00416	0.00435	0.00411	60	nan
[Clostridium] hylemonae	89153	S	40327	40879	81206	0.00475	0.00239	0.00244	0.00230	51	nan
Pseudobutyrivibrio xylanivorans	185007	S	18554	18600	37154	0.00217	0.00109	0.00118	0.00111	41	nan
Simiaoa sunii	2763672	S	11514	12131	23645	0.00138	0.00071	0.00073	0.00069	48	nan
Kineothrix sp. MB12-C1	3070215	S	10151	10169	20320	0.00119	0.00059	0.00063	0.00060	42	nan
Dorea longicatena	88431	S	264	287	551	0.00003	0.00002	0.00000	0.00002	43	5.0
Clostridium sp. SY8519	1042156	S	104174	105148	209322	0.01224	0.00615	0.00625	0.00591	52	nan
Clostridium perfringens	1502	S	4950	6252	11202	0.00066	0.00037	0.00043	0.00051	29	nan
Hungatella hathewayi	154046	S	364	375	739	0.00004	0.00002	0.00000	0.00002	51	4.0
Amygdalobacter indicium	3029272	S	25187	25504	50691	0.00297	0.00149	0.00157	0.00148	43	nan
Faecalibacterium duncaniae	411483	S	8588	12375	20963	0.00123	0.00072	0.00076	0.00072	60	nan
Anaerotruncus colihominis	169435	S	10931	11434	22365	0.00131	0.00067	0.00000	0.00065	54	5.0
Caproicibacter fermentans	2576756	S	4326	4347	8673	0.00051	0.00025	0.00026	0.00025	52	nan
Flavonifractor plautii	292800	S	1387	1409	2796	0.00016	0.00008	0.00000	0.00009	64	5.0
Acutalibacter muris	1796620	S	140	140	280	0.00002	0.00001	0.00000	0.00001	57	4.0
Desulforamulus ruminis	1564	S	38745	38769	77514	0.00453	0.00227	0.00232	0.00221	49	nan
Emergencia timonensis	1776384	S	1335	1396	2731	0.00016	0.00008	0.00000	0.00008	47	5.0
Aminipila butyrica	433296	S	119	147	266	0.00002	0.00001	0.00000	0.00001	47	4.0
Aminipila terrae	2697030	S	104	133	237	0.00001	0.00001	0.00000	0.00001	37	4.0
Intestinimonas butyriciproducens	1297617	S	130	132	262	0.00002	0.00001	0.00000	0.00001	62	4.0
Eubacterium limosum	1736	S	180	189	369	0.00002	0.00001	0.00000	0.00001	50	3.0
Caldicellulosiruptor bescii	31899	S	16907	18640	35547	0.00208	0.00109	0.00130	0.00121	35	nan
Koleobacter methoxysyntrophicus	2751313	S	12417	12433	24850	0.00145	0.00073	0.00078	0.00074	42	nan
Acetohalobium arabaticum	28187	S	8854	8854	17708	0.00104	0.00052	0.00060	0.00056	38	nan
uncultured Sporomusa sp.	307249	S	87974	88035	176009	0.01030	0.00515	0.00523	0.00496	48	nan
uncultured Anaeromusa sp.	673273	S	29786	29801	59587	0.00349	0.00174	0.00176	0.00167	52	nan
Selenomonas dianae	135079	S	5488	5513	11001	0.00064	0.00032	0.00034	0.00032	60	nan
Corynebacterium lujinxingii	2763010	S	117385	119316	236701	0.01385	0.00698	0.00801	0.00759	66	nan
Corynebacterium casei	160386	S	66680	69590	136270	0.00797	0.00407	0.00427	0.00394	57	nan
Corynebacterium stationis	1705	S	19802	20078	39880	0.00233	0.00117	0.00119	0.00113	55	nan
Corynebacterium anserum	2684406	S	15408	15450	30858	0.00181	0.00090	0.00092	0.00086	56	nan
Corynebacterium renale	1724	S	12097	12126	24223	0.00142	0.00071	0.00076	0.00071	60	nan
Mycobacterium sp. DL592	2675524	S	35255	35468	70723	0.00414	0.00207	0.00266	0.00240	67	nan
Mycolicibacterium brumae	85968	S	24616	25380	49996	0.00292	0.00148	0.00193	0.00181	70	nan
Gordonia iterans	1004901	S	5790	5936	11726	0.00069	0.00035	0.00046	0.00042	70	nan
Lawsonella clevelandensis	1528099	S	3295	3311	6606	0.00039	0.00019	0.00000	0.00019	58	4.0
Arcanobacterium pinnipediorum	1503041	S	89911	90587	180498	0.01056	0.00530	0.00529	0.00499	51	nan
Mobiluncus curtisii	2051	S	29099	29601	58700	0.00343	0.00173	0.00176	0.00168	57	nan
Mobiluncus sp. Marseille-Q7826	3036302	S	381	383	764	0.00004	0.00002	0.00000	0.00002	59	4.0
Actinomyces wuliandei	2057743	S	19052	19127	38179	0.00223	0.00112	0.00154	0.00137	71	nan
Streptomyces sp. BB1-1-1	3074430	S	57082	59793	116875	0.00684	0.00350	0.00397	0.00460	72	nan
Actinacidiphila bryophytorum	1436133	S	12249	12342	24591	0.00144	0.00072	0.00077	0.00100	73	nan
Bifidobacterium sp. ESL0732	2983222	S	45755	46043	91798	0.00537	0.00269	0.00278	0.00263	58	nan
Rothia dentocariosa	2047	S	25475	25840	51315	0.00300	0.00151	0.00155	0.00146	55	nan
Rothia aeria	172042	S	1117	1126	2243	0.00013	0.00007	0.00000	0.00007	59	5.0
Aurantimicrobium sp. INA4	2986279	S	17437	17782	35219	0.00206	0.00104	0.00105	0.00098	54	nan
Cutibacterium modestum	2559073	S	31670	32561	64231	0.00376	0.00190	0.00205	0.00192	61	nan
Cutibacterium acnes	1747	S	359	395	754	0.00004	0.00002	0.00000	0.00002	60	4.0
Micropruina glycogenica	75385	S	9425	9452	18877	0.00110	0.00055	0.00074	0.00065	69	nan
Candidatus Planktophila versatilis	1884905	S	41236	41296	82532	0.00483	0.00242	0.00240	0.00227	48	nan
Acidothermus cellulolyticus	28049	S	13894	13899	27793	0.00163	0.00081	0.00104	0.00093	67	nan
Cryptobacterium curtum	84163	S	13564	13577	27141	0.00159	0.00079	0.00079	0.00075	51	nan
Acaryochloris sp. 'Moss Beach'	2740837	S	166396	206830	373226	0.02183	0.01210	0.01223	0.01158	48	nan
Acaryochloris marina	155978	S	217	238	455	0.00003	0.00001	0.00001	0.00001	48	nan
Thermosynechococcus vestitus	146786	S	85192	85582	170774	0.00999	0.00501	0.00504	0.00477	55	nan
Synechococcus sp. MEDNS5	1442554	S	147699	148892	296591	0.01735	0.00871	0.00950	0.00882	61	nan
Synechococcus sp. PCC 7336	195250	S	40969	40979	81948	0.00479	0.00240	0.00246	0.00231	55	nan
Synechococcus sp. A15-60	1050655	S	18415	26611	45026	0.00263	0.00156	0.00173	0.00155	60	nan
Synechocystis sp. CACIAM 05	1933929	S	21157	22778	43935	0.00257	0.00133	0.00134	0.00127	50	nan
Nostoc edaphicum	264686	S	74375	75164	149539	0.00875	0.00440	0.00463	0.00438	43	nan
Brasilonema sennae	1397703	S	100	100	200	0.00001	0.00001	0.00000	0.00001	43	4.0
Leptolyngbya sp. Cla-17	2803751	S	20802	21042	41844	0.00245	0.00123	0.00123	0.00116	48	nan
Leptolyngbya boryana	1184	S	9895	9912	19807	0.00116	0.00058	0.00057	0.00055	47	nan
Leptodesmis sichuanensis	2906798	S	398	417	815	0.00005	0.00002	0.00000	0.00002	51	5.0
Kovacikia minuta	2931930	S	387	388	775	0.00005	0.00002	0.00000	0.00002	51	4.0
Leptothermofonsia sichuanensis	2917832	S	205	213	418	0.00002	0.00001	0.00000	0.00001	51	5.0
Trichocoleus desertorum	1481672	S	170	170	340	0.00002	0.00001	0.00000	0.00001	50	5.0
Planktothrix rubescens	59512	S	14909	30108	45017	0.00263	0.00176	0.00192	0.00181	38	nan
Planktothrix agardhii	1160	S	111	214	325	0.00002	0.00001	0.00001	0.00001	38	nan
Oscillatoria nigro-viridis	482564	S	178	178	356	0.00002	0.00001	0.00000	0.00001	45	4.0
Chroococcidiopsis sp. CCMEE 29	155894	S	113	157	270	0.00002	0.00001	0.00000	0.00001	47	4.0
Mycoplasmopsis bovirhinis	29553	S	95598	95943	191541	0.01120	0.00561	0.00000	0.00800	27	5.0
Thermobaculum terrenum	166501	S	36551	36620	73171	0.00428	0.00214	0.00227	0.00212	47	nan
Phototrophicus methaneseepsis	2710758	S	2573	2573	5146	0.00030	0.00015	0.00015	0.00014	54	nan
Spirosoma montaniterrae	1178516	S	213101	213139	426240	0.02493	0.01247	0.01261	0.01195	54	nan
Spirosoma rigui	564064	S	45521	45530	91051	0.00533	0.00266	0.00272	0.00257	55	nan
Spirosoma endbachense	2666025	S	27815	27845	55660	0.00326	0.00163	0.00164	0.00155	48	nan
Tellurirhabdus rosea	2674997	S	37943	37954	75897	0.00444	0.00222	0.00235	0.00221	59	nan
Dyadobacter sp. NIV53	2861765	S	120690	120733	241423	0.01412	0.00706	0.00749	0.00714	41	nan
Runella rosea	2259595	S	87916	87942	175858	0.01029	0.00514	0.00529	0.00501	45	nan
Larkinella sp. IE-0392	2907205	S	45045	45058	90103	0.00527	0.00264	0.00266	0.00251	49	nan
Fibrella sp. ES10-3-2-2	1834519	S	19699	19703	39402	0.00230	0.00115	0.00116	0.00110	54	nan
Hymenobacter nivis	1850093	S	39459	39491	78950	0.00462	0.00231	0.00267	0.00251	64	nan
Hymenobacter aerilatus	2932251	S	24205	24265	48470	0.00284	0.00142	0.00151	0.00141	59	nan
Hymenobacter tibetensis	497967	S	7116	7123	14239	0.00083	0.00042	0.00043	0.00041	57	nan
Cardinium endosymbiont of Encarsia pergandiella	249402	S	16995	16995	33990	0.00199	0.00099	0.00119	0.00109	35	nan
Chryseolinea soli	2321403	S	16097	16098	32195	0.00188	0.00094	0.00095	0.00090	52	nan
Muribaculum gordoncarteri	2530390	S	209559	211844	421403	0.02465	0.01239	0.01242	0.01195	53	nan
Muribaculum intestinale	1796646	S	2269	2281	4550	0.00027	0.00013	0.00000	0.00013	52	5.0
Duncaniella dubosii	2518971	S	8532	8693	17225	0.00101	0.00051	0.00052	0.00049	51	nan
Duncaniella freteri	2530391	S	182	247	429	0.00003	0.00001	0.00000	0.00001	48	4.0
Paramuribaculum intestinale	2094151	S	3579	3603	7182	0.00042	0.00021	0.00000	0.00021	57	5.0
Odoribacter splanchnicus	28118	S	59341	62150	121491	0.00711	0.00364	0.00378	0.00358	45	nan
Prevotella sp. E2-28	2913620	S	35794	35912	71706	0.00419	0.00210	0.00213	0.00203	48	nan
Prevotella sp. E13-17	2913616	S	4420	4428	8848	0.00052	0.00026	0.00026	0.00025	50	nan
Prevotella scopos	589437	S	6040	6302	12342	0.00072	0.00037	0.00039	0.00037	42	nan
Hoylesella buccalis	28127	S	3571	3947	7518	0.00044	0.00023	0.00024	0.00022	48	nan
Bacteroides uniformis	820	S	22999	32659	55658	0.00326	0.00191	0.00198	0.00186	49	nan
Bacteroides fragilis	817	S	700	864	1564	0.00009	0.00005	0.00000	0.00005	46	4.0
Bacteroides sp. CACC 737	2755405	S	243	740	983	0.00006	0.00004	0.00000	0.00004	49	5.0
Bacteroides sp. A1C1	2528203	S	132	475	607	0.00004	0.00003	0.00000	0.00003	49	5.0
Bacteroides caecimuris	1796613	S	476	536	1012	0.00006	0.00003	0.00000	0.00003	44	4.0
Bacteroides humanifaecis	2792859	S	331	1362	1693	0.00010	0.00008	0.00000	0.00008	49	5.0
Bacteroides cellulosilyticus	246787	S	317	388	705	0.00004	0.00002	0.00000	0.00002	45	4.0
Bacteroides xylanisolvens	371601	S	176	302	478	0.00003	0.00002	0.00000	0.00002	44	4.0
Bacteroides intestinalis	329854	S	156	160	316	0.00002	0.00001	0.00000	0.00001	45	4.0
Bacteroides eggerthii	28111	S	144	161	305	0.00002	0.00001	0.00000	0.00001	47	4.0
Phocaeicola dorei	357276	S	616	693	1309	0.00008	0.00004	0.00000	0.00004	43	4.0
Phocaeicola vulgatus	821	S	439	494	933	0.00005	0.00003	0.00000	0.00003	43	4.0
Phocaeicola salanitronis	376805	S	102	104	206	0.00001	0.00001	0.00000	0.00001	49	4.0
Parabacteroides merdae	46503	S	29745	32736	62481	0.00366	0.00192	0.00198	0.00187	47	nan
Parabacteroides distasonis	823	S	162	378	540	0.00003	0.00002	0.00000	0.00002	47	4.0
Porphyromonas endodontalis	28124	S	19743	20043	39786	0.00233	0.00117	0.00121	0.00111	48	nan
Alistipes dispar	2585119	S	121	124	245	0.00001	0.00001	0.00000	0.00001	64	4.0
Alistipes shahii	328814	S	116	122	238	0.00001	0.00001	0.00000	0.00001	62	4.0
Alistipes communis	2585118	S	114	118	232	0.00001	0.00001	0.00000	0.00001	62	5.0
Coprobacter secundus	1501392	S	108	113	221	0.00001	0.00001	0.00000	0.00001	37	4.0
Maribellus comscasis	2681766	S	24440	24448	48888	0.00286	0.00143	0.00157	0.00149	39	nan
Alkalitalea saponilacus	889453	S	9815	9818	19633	0.00115	0.00057	0.00063	0.00059	41	nan
Niabella ginsenosidivorans	1176587	S	127025	127096	254121	0.01487	0.00743	0.00759	0.00722	45	nan
Chitinophaga filiformis	104663	S	33581	34172	67753	0.00396	0.00200	0.00204	0.00191	48	nan
Chitinophaga pinensis	79329	S	1882	1942	3824	0.00022	0.00011	0.00000	0.00011	46	5.0
Chitinophaga agri	2703787	S	1128	1167	2295	0.00013	0.00007	0.00007	0.00007	47	nan
Chitinophaga sp. HK235	2952571	S	121	123	244	0.00001	0.00001	0.00000	0.00001	48	4.0
Chitinophaga oryzae	2725414	S	130	132	262	0.00002	0.00001	0.00000	0.00001	53	4.0
Flavobacterium sp. Sr18	935222	S	58778	59200	117978	0.00690	0.00346	0.00407	0.00391	36	nan
Flavobacterium magnum	2162713	S	45368	45460	90828	0.00531	0.00266	0.00271	0.00256	49	nan
Flavobacterium faecale	1355330	S	29078	29168	58246	0.00341	0.00171	0.00199	0.00188	36	nan
Flavobacterium covae	2906076	S	6720	7069	13789	0.00081	0.00041	0.00049	0.00052	31	nan
Chryseobacterium aureum	2497456	S	5806	5898	11704	0.00068	0.00035	0.00038	0.00037	39	nan
Mucilaginibacter paludis	423351	S	23106	23152	46258	0.00271	0.00135	0.00141	0.00134	44	nan
Pelodictyon phaeoclathratiforme	34090	S	146577	146768	293345	0.01716	0.00859	0.00869	0.00819	50	nan
Pelodictyon luteolum	1100	S	435	437	872	0.00005	0.00003	0.00000	0.00003	59	4.0
Chlorobium phaeovibrioides	1094	S	15430	15533	30963	0.00181	0.00091	0.00091	0.00086	53	nan
Chlorobium phaeobacteroides	1096	S	3914	3923	7837	0.00046	0.00023	0.00023	0.00022	50	nan
Chlorobaculum sp. MV4-Y	2976335	S	100457	100633	201090	0.01176	0.00589	0.00613	0.00581	59	nan
Prosthecochloris sp. SCSIO W1102	2992243	S	46573	77116	123689	0.00724	0.00451	0.00454	0.00429	48	nan
Prosthecochloris sp. SCSIO W1101	2992242	S	191	205	396	0.00002	0.00001	0.00001	0.00001	48	nan
Fibrobacter succinogenes	833	S	213852	213857	427709	0.02502	0.01251	0.01272	0.01207	52	nan
Gimesia maris	122	S	66886	68110	134996	0.00790	0.00398	0.00399	0.00377	51	nan
Gimesia algae	2527971	S	1028	1077	2105	0.00012	0.00006	0.00006	0.00006	51	nan
Gimesia chilikensis	2605989	S	667	742	1409	0.00008	0.00004	0.00000	0.00004	54	5.0
Gimesia benthica	2608982	S	476	631	1107	0.00006	0.00004	0.00000	0.00004	54	5.0
Gimesia panareensis	2527978	S	335	338	673	0.00004	0.00002	0.00000	0.00002	55	5.0
Planctopirus limnophila	120	S	9967	9993	19960	0.00117	0.00058	0.00059	0.00055	54	nan
Pirellula staleyi	125	S	54559	54561	109120	0.00638	0.00319	0.00332	0.00311	58	nan
Rubripirellula lacrimiformis	1930273	S	11277	11285	22562	0.00132	0.00066	0.00068	0.00064	57	nan
Lacipirellula limnantheis	2528024	S	3911	3911	7822	0.00046	0.00023	0.00025	0.00024	62	nan
Akkermansia biwaensis	2946555	S	289	51656	51945	0.00304	0.00302	0.00317	0.00301	59	nan
Akkermansia muciniphila	239935	S	127	129	256	0.00001	0.00001	0.00000	0.00001	58	4.0
Candidatus Methylacidiphilum infernorum	511746	S	27805	27811	55616	0.00325	0.00163	0.00166	0.00157	45	nan
Chlamydia pecorum	85991	S	54412	54424	108836	0.00637	0.00318	0.00341	0.00319	42	nan
Tichowtungia aerotolerans	2697043	S	23438	23438	46876	0.00274	0.00137	0.00139	0.00131	53	nan
Syntrophus aciditrophicus	316277	S	81391	81407	162798	0.00952	0.00476	0.00486	0.00459	53	nan
Desulfovibrio mangrovi	2976983	S	77437	77508	154945	0.00906	0.00453	0.00473	0.00444	58	nan
Desulfocapsa sulfexigens	65555	S	73428	73441	146869	0.00859	0.00430	0.00435	0.00412	47	nan
Geoalkalibacter halelectricus	2847045	S	31913	31920	63833	0.00373	0.00187	0.00209	0.00193	62	nan
Sphaerochaeta associata	1129264	S	71913	72090	144003	0.00842	0.00422	0.00425	0.00401	52	nan
Treponema sp. OMZ 803	120682	S	17801	28084	45885	0.00268	0.00164	0.00171	0.00161	45	nan
Borreliella garinii	29519	S	12912	14730	27642	0.00162	0.00086	0.00098	0.00120	28	nan
Leptospira santarosai	28183	S	51999	52117	104116	0.00609	0.00305	0.00321	0.00302	43	nan
Leptospira kmetyi	408139	S	23549	23564	47113	0.00276	0.00138	0.00141	0.00132	45	nan
Leptospira noguchii	28182	S	421	422	843	0.00005	0.00002	0.00000	0.00003	37	5.0
Thermospira aquatica	2828656	S	20137	20137	40274	0.00236	0.00118	0.00121	0.00115	44	nan
Campylobacter sp. RM16192	1660080	S	37842	38357	76199	0.00446	0.00224	0.00267	0.00249	36	nan
Campylobacter rectus	203	S	15808	15905	31713	0.00186	0.00093	0.00100	0.00092	47	nan
Campylobacter showae	204	S	3313	3338	6651	0.00039	0.00020	0.00000	0.00019	48	5.0
Campylobacter concisus	199	S	130	130	260	0.00002	0.00001	0.00000	0.00001	40	3.0
Sulfurovum indicum	2779528	S	36801	36837	73638	0.00431	0.00215	0.00225	0.00212	44	nan
Fluviispira sanaruensis	2493639	S	58061	58069	116130	0.00679	0.00340	0.00423	0.00399	34	nan
Bdellovibrio reynosensis	2835041	S	25714	25727	51441	0.00301	0.00151	0.00154	0.00146	43	nan
Bdellovibrio bacteriovorus	959	S	11100	11104	22204	0.00130	0.00065	0.00065	0.00061	51	nan
Leptospirillum ferriphilum	178606	S	22021	30419	52440	0.00307	0.00178	0.00182	0.00172	55	nan
Nitrospira japonica	1325564	S	28474	28481	56955	0.00333	0.00167	0.00177	0.00166	60	nan
Coprothermobacter proteolyticus	35786	S	25817	25840	51657	0.00302	0.00151	0.00152	0.00144	44	nan
Thermotoga neapolitana	2337	S	7743	18948	26691	0.00156	0.00111	0.00111	0.00105	47	nan
Thermotoga sp. 2812B	1157948	S	3959	6047	10006	0.00059	0.00035	0.00035	0.00034	47	nan
unidentified bacterial endosymbiont	2355	S	20301	20566	40867	0.00239	0.00120	0.00000	0.00116	55	5.0
Homo sapiens	9606	S	309	309	618	0.00004	0.00002	0.00000	0.00002	38	4.0
