name	taxonomy_id	taxonomy_lvl	kraken_assigned_reads	added_reads	new_est_reads	fraction_total_reads	Bracken_estimate	GuaCAMOLE_estimate	GuaCAMOLE_est_eff	GC content	Taxon Removal Cycle
Citrobacter sp. RHBSTW-00524	2742653	S	33471	227506	260977	0.01519	0.01324	0.01385	0.01263	54	nan
Citrobacter sp. RHB25-C09	2742624	S	230	240	470	0.00003	0.00001	0.00002	0.00001	55	nan
Citrobacter sp. TSA-1	184912	S	176	1096	1272	0.00007	0.00006	0.00007	0.00006	54	nan
Citrobacter sp. S171	2971264	S	106	171	277	0.00002	0.00001	0.00000	0.00001	55	5.0
Citrobacter freundii complex sp. CFNIH2	2066049	S	91233	138657	229890	0.01338	0.00807	0.00863	0.00770	55	nan
Citrobacter freundii	546	S	781	2190	2971	0.00017	0.00013	0.00014	0.00012	54	nan
Citrobacter braakii	57706	S	762	4090	4852	0.00028	0.00024	0.00025	0.00023	54	nan
Citrobacter portucalensis	1639133	S	459	792	1251	0.00007	0.00005	0.00005	0.00004	54	nan
Citrobacter werkmanii	67827	S	137	333	470	0.00003	0.00002	0.00002	0.00002	54	nan
Citrobacter koseri	545	S	532	862	1394	0.00008	0.00005	0.00006	0.00005	55	nan
Citrobacter amalonaticus	35703	S	288	757	1045	0.00006	0.00004	0.00005	0.00004	55	nan
Citrobacter farmeri	67824	S	274	339	613	0.00004	0.00002	0.00000	0.00002	55	5.0
Citrobacter arsenatis	2546350	S	262	295	557	0.00003	0.00002	0.00002	0.00002	55	nan
Citrobacter tructae	2562449	S	198	212	410	0.00002	0.00001	0.00001	0.00001	53	nan
Citrobacter rodentium	67825	S	141	108	249	0.00001	0.00001	0.00001	0.00001	53	nan
Citrobacter pasteurii	1563222	S	127	199	326	0.00002	0.00001	0.00001	0.00001	54	nan
Klebsiella huaxiensis	2153354	S	259673	272543	532216	0.03098	0.01586	0.01664	0.01515	55	nan
Klebsiella pneumoniae	573	S	1812	7880	9692	0.00056	0.00046	0.00000	0.00044	55	5.0
Klebsiella michiganensis	1134687	S	1714	2260	3974	0.00023	0.00013	0.00000	0.00013	57	5.0
Klebsiella oxytoca	571	S	1418	1525	2943	0.00017	0.00009	0.00000	0.00008	57	5.0
Klebsiella quasipneumoniae	1463165	S	919	1265	2184	0.00013	0.00007	0.00000	0.00007	59	5.0
Klebsiella grimontii	2058152	S	823	1586	2409	0.00014	0.00009	0.00000	0.00009	56	5.0
Klebsiella variicola	244366	S	270	444	714	0.00004	0.00003	0.00000	0.00002	58	5.0
Klebsiella pasteurii	2587529	S	232	389	621	0.00004	0.00002	0.00000	0.00002	57	5.0
Klebsiella aerogenes	548	S	193	212	405	0.00002	0.00001	0.00000	0.00001	57	5.0
Raoultella ornithinolytica	54291	S	986	1688	2674	0.00016	0.00010	0.00000	0.00009	56	5.0
Raoultella planticola	575	S	309	345	654	0.00004	0.00002	0.00000	0.00002	57	5.0
Cedecea lapagei	158823	S	264352	269249	533601	0.03106	0.01567	0.01677	0.01493	57	nan
Enterobacter oligotrophicus	2478464	S	39962	41400	81362	0.00474	0.00241	0.00270	0.00229	56	nan
Enterobacter roggenkampii	1812935	S	21655	27395	49050	0.00286	0.00159	0.00000	0.00152	58	5.0
Enterobacter hormaechei	158836	S	232	994	1226	0.00007	0.00006	0.00000	0.00006	57	5.0
Enterobacter cloacae	550	S	163	737	900	0.00005	0.00004	0.00000	0.00004	56	5.0
Enterobacter asburiae	61645	S	113	229	342	0.00002	0.00001	0.00000	0.00001	58	5.0
Enterobacter mori	539813	S	145	156	301	0.00002	0.00001	0.00000	0.00001	57	5.0
Escherichia coli	562	S	47268	387137	434405	0.02529	0.02253	0.02420	0.02155	53	nan
Escherichia albertii	208962	S	1086	1240	2326	0.00014	0.00007	0.00008	0.00007	52	nan
Escherichia marmotae	1499973	S	645	717	1362	0.00008	0.00004	0.00004	0.00004	52	nan
Escherichia fergusonii	564	S	637	936	1573	0.00009	0.00005	0.00006	0.00005	52	nan
Escherichia sp. E4742	2044467	S	416	529	945	0.00006	0.00003	0.00003	0.00003	53	nan
Shigella flexneri	623	S	523	14267	14790	0.00086	0.00083	0.00089	0.00079	53	nan
Shigella dysenteriae	622	S	498	2622	3120	0.00018	0.00015	0.00016	0.00015	53	nan
Shigella boydii	621	S	229	2602	2831	0.00016	0.00015	0.00016	0.00014	53	nan
Shigella sonnei	624	S	107	916	1023	0.00006	0.00005	0.00006	0.00005	53	nan
Salmonella enterica	28901	S	900	4178	5078	0.00030	0.00024	0.00027	0.00023	53	nan
Yersinia ruckeri	29486	S	225104	226740	451844	0.02630	0.01320	0.01414	0.01270	50	nan
Yersinia kristensenii	28152	S	76063	77962	154025	0.00897	0.00454	0.00488	0.00437	49	nan
Yersinia enterocolitica	630	S	2059	2116	4175	0.00024	0.00012	0.00000	0.00012	49	5.0
Yersinia rochesterensis	1604335	S	1478	1868	3346	0.00019	0.00011	0.00000	0.00010	49	5.0
Yersinia pseudotuberculosis	633	S	379	409	788	0.00005	0.00002	0.00003	0.00002	49	nan
Yersinia massiliensis	419257	S	329	452	781	0.00005	0.00003	0.00003	0.00003	49	nan
Yersinia canariae	2607663	S	318	323	641	0.00004	0.00002	0.00000	0.00002	49	5.0
Yersinia hibernica	2339259	S	269	272	541	0.00003	0.00002	0.00000	0.00002	50	3.0
Yersinia sp. SCPM-O-B-9106 (C-191)	2992843	S	180	234	414	0.00002	0.00001	0.00000	0.00001	50	5.0
Yersinia intermedia	631	S	223	291	514	0.00003	0.00002	0.00000	0.00002	50	5.0
Yersinia aleksiciae	263819	S	143	144	287	0.00002	0.00001	0.00000	0.00001	51	5.0
Serratia sp. JSRIV004	2831895	S	15446	84784	100230	0.00583	0.00493	0.00000	0.00474	59	5.0
Serratia sp. K-M0706	3020826	S	6634	179369	186003	0.01083	0.01044	0.01067	0.01007	61	nan
Serratia sp. FDAARGOS_506	2420306	S	274	395	669	0.00004	0.00002	0.00002	0.00002	62	nan
Serratia sp. ATCC 39006	104623	S	160	194	354	0.00002	0.00001	0.00001	0.00001	51	nan
Serratia marcescens	615	S	4388	14759	19147	0.00111	0.00086	0.00090	0.00083	62	nan
Serratia fonticola	47917	S	320	476	796	0.00005	0.00003	0.00000	0.00003	57	4.0
Serratia entomophila	42906	S	204	263	467	0.00003	0.00002	0.00002	0.00001	62	nan
Serratia ureilytica	300181	S	197	1642	1839	0.00011	0.00010	0.00010	0.00009	62	nan
Serratia plymuthica	82996	S	173	219	392	0.00002	0.00001	0.00000	0.00001	59	5.0
Serratia proteamaculans	28151	S	157	189	346	0.00002	0.00001	0.00000	0.00001	57	4.0
Serratia liquefaciens	614	S	130	206	336	0.00002	0.00001	0.00000	0.00001	58	4.0
Serratia symbiotica	138074	S	124	124	248	0.00001	0.00001	0.00000	0.00001	54	4.0
Serratia odorifera	618	S	116	118	234	0.00001	0.00001	0.00000	0.00001	58	4.0
Brenneria sp. K61	3076559	S	160819	196744	357563	0.02081	0.01145	0.01218	0.01096	51	nan
Brenneria sp. EniD312	598467	S	3033	218608	221641	0.01290	0.01272	0.01389	0.01221	58	nan
Brenneria izadpanahii	2722756	S	202	204	406	0.00002	0.00001	0.00000	0.00001	55	5.0
Brenneria goodwinii	1109412	S	184	186	370	0.00002	0.00001	0.00000	0.00001	55	5.0
Brenneria rubrifaciens	55213	S	165	166	331	0.00002	0.00001	0.00000	0.00001	55	4.0
Pectobacterium brasiliense	180957	S	96430	129838	226268	0.01317	0.00756	0.00791	0.00722	55	nan
Pectobacterium carotovorum	554	S	4729	9127	13856	0.00081	0.00053	0.00061	0.00051	54	nan
Pectobacterium sp. 21LCBS03	2935858	S	1634	3998	5632	0.00033	0.00023	0.00027	0.00022	55	nan
Pectobacterium sp. PL64	2738983	S	856	1005	1861	0.00011	0.00006	0.00007	0.00006	54	nan
Pectobacterium sp. A5351	2914983	S	351	382	733	0.00004	0.00002	0.00002	0.00002	54	nan
Pectobacterium polaris	2042057	S	1627	1914	3541	0.00021	0.00011	0.00012	0.00011	54	nan
Pectobacterium quasiaquaticum	2774015	S	1231	1550	2781	0.00016	0.00009	0.00010	0.00009	55	nan
Pectobacterium aroidearum	1201031	S	1150	2023	3173	0.00018	0.00012	0.00013	0.00011	54	nan
Pectobacterium parmentieri	1905730	S	802	843	1645	0.00010	0.00005	0.00005	0.00005	53	nan
Pectobacterium versatile	2488639	S	567	1001	1568	0.00009	0.00006	0.00007	0.00006	54	nan
Pectobacterium actinidiae	1507808	S	539	569	1108	0.00006	0.00003	0.00004	0.00003	54	nan
Pectobacterium atrosepticum	29471	S	449	461	910	0.00005	0.00003	0.00003	0.00003	54	nan
Pectobacterium parvum	2778550	S	405	518	923	0.00005	0.00003	0.00003	0.00003	54	nan
Pectobacterium punjabense	2108399	S	352	373	725	0.00004	0.00002	0.00002	0.00002	52	nan
Pectobacterium odoriferum	78398	S	342	414	756	0.00004	0.00002	0.00003	0.00002	54	nan
Pectobacterium aquaticum	2204145	S	332	455	787	0.00005	0.00003	0.00003	0.00003	54	nan
Pectobacterium polonicum	2485124	S	308	328	636	0.00004	0.00002	0.00002	0.00002	54	nan
Pectobacterium wasabiae	55208	S	259	272	531	0.00003	0.00002	0.00002	0.00002	53	nan
Pectobacterium cacticida	69221	S	159	160	319	0.00002	0.00001	0.00001	0.00001	51	nan
Prodigiosinella sp. LS101	3057057	S	200	217	417	0.00002	0.00001	0.00001	0.00001	51	nan
Providencia rettgeri	587	S	489	97504	97993	0.00570	0.00568	0.00640	0.00579	42	nan
Providencia huaxiensis	2027290	S	169	1342	1511	0.00009	0.00008	0.00009	0.00008	42	nan
Proteus mirabilis	584	S	142	291	433	0.00003	0.00002	0.00000	0.00002	41	4.0
Shewanella litorisediminis	1173586	S	469589	475038	944627	0.05498	0.02765	0.02951	0.02623	55	nan
Shewanella glacialimarina	2590884	S	62228	62508	124736	0.00726	0.00364	0.00403	0.00363	42	nan
Pseudoalteromonas sp. R3	1709477	S	111820	112524	224344	0.01306	0.00655	0.00695	0.00625	49	nan
Pseudoalteromonas sp. THAF3	2587843	S	73985	79570	153555	0.00894	0.00463	0.00490	0.00442	49	nan
Vibrio gigantis	296199	S	303414	318142	621556	0.03618	0.01852	0.02006	0.01792	46	nan
Vibrio fluvialis	676	S	98767	115416	214183	0.01247	0.00672	0.00707	0.00641	51	nan
Vibrio tasmaniensis	212663	S	63846	71832	135678	0.00790	0.00418	0.00453	0.00405	45	nan
Vibrio cholerae	666	S	41542	51307	92849	0.00540	0.00299	0.00321	0.00286	49	nan
Vibrio chagasii	170679	S	14486	14768	29254	0.00170	0.00086	0.00096	0.00083	45	nan
Vibrio sp. ED004	2785124	S	3945	4653	8598	0.00050	0.00027	0.00029	0.00026	46	nan
Vibrio sp. Scap24	2589990	S	3939	4672	8611	0.00050	0.00027	0.00030	0.00026	47	nan
Vibrio sp. SNU_ST1	3064001	S	1837	2007	3844	0.00022	0.00012	0.00000	0.00011	46	5.0
Vibrio sp. FE10	3035453	S	965	1053	2018	0.00012	0.00006	0.00000	0.00006	45	5.0
Vibrio sp. J383	2942997	S	350	443	793	0.00005	0.00003	0.00000	0.00002	46	5.0
Vibrio sp. THAF190c	2587865	S	298	303	601	0.00003	0.00002	0.00000	0.00002	46	5.0
Vibrio sp. LQ2	2883075	S	206	534	740	0.00004	0.00003	0.00000	0.00003	49	5.0
Vibrio sp. dhg	2163016	S	201	334	535	0.00003	0.00002	0.00002	0.00002	47	nan
Vibrio sp. B1FLJ16	2751178	S	190	192	382	0.00002	0.00001	0.00001	0.00001	46	nan
Vibrio sp. SCSIO 43137	3021011	S	105	105	210	0.00001	0.00001	0.00000	0.00001	47	4.0
Vibrio bathopelagicus	2777577	S	13369	14220	27589	0.00161	0.00083	0.00093	0.00080	45	nan
Vibrio parahaemolyticus	670	S	1880	2306	4186	0.00024	0.00013	0.00015	0.00013	46	nan
Vibrio harveyi	669	S	999	1366	2365	0.00014	0.00008	0.00009	0.00008	46	nan
Vibrio campbellii	680	S	474	582	1056	0.00006	0.00003	0.00004	0.00003	47	nan
Vibrio alginolyticus	663	S	304	543	847	0.00005	0.00003	0.00003	0.00003	46	nan
Vibrio diabolicus	50719	S	177	322	499	0.00003	0.00002	0.00002	0.00002	46	nan
Vibrio owensii	696485	S	125	150	275	0.00002	0.00001	0.00001	0.00001	47	nan
Vibrio furnissii	29494	S	4510	4655	9165	0.00053	0.00027	0.00000	0.00026	52	5.0
Vibrio paracholerae	650003	S	4145	6802	10947	0.00064	0.00040	0.00045	0.00038	48	nan
Vibrio cyclitrophicus	47951	S	3486	3901	7387	0.00043	0.00023	0.00000	0.00022	45	5.0
Vibrio pomeroyi	198832	S	3090	3396	6486	0.00038	0.00020	0.00022	0.00019	46	nan
Vibrio crassostreae	246167	S	3045	3332	6377	0.00037	0.00019	0.00022	0.00019	46	nan
Vibrio splendidus	29497	S	2860	3359	6219	0.00036	0.00020	0.00022	0.00019	46	nan
Vibrio lentus	136468	S	1265	1364	2629	0.00015	0.00008	0.00000	0.00008	46	5.0
Vibrio kanaloae	170673	S	930	993	1923	0.00011	0.00006	0.00000	0.00006	45	5.0
Vibrio tubiashii	29498	S	824	845	1669	0.00010	0.00005	0.00000	0.00005	46	4.0
Vibrio echinoideorum	2100116	S	784	827	1611	0.00009	0.00005	0.00000	0.00005	45	5.0
Vibrio coralliirubri	1516159	S	760	846	1606	0.00009	0.00005	0.00000	0.00005	46	5.0
Vibrio artabrorum	446374	S	676	690	1366	0.00008	0.00004	0.00004	0.00004	45	nan
Vibrio mimicus	674	S	668	691	1359	0.00008	0.00004	0.00004	0.00004	47	nan
Vibrio syngnathi	3034029	S	631	724	1355	0.00008	0.00004	0.00000	0.00004	45	5.0
Vibrio toranzoniae	1194427	S	591	638	1229	0.00007	0.00004	0.00000	0.00004	45	5.0
Vibrio celticus	446372	S	563	635	1198	0.00007	0.00004	0.00000	0.00004	46	5.0
Vibrio atlanticus	693153	S	514	580	1094	0.00006	0.00003	0.00000	0.00003	45	5.0
Vibrio metoecus	1481663	S	495	528	1023	0.00006	0.00003	0.00000	0.00003	48	5.0
Vibrio vulnificus	672	S	364	373	737	0.00004	0.00002	0.00000	0.00002	48	5.0
Vibrio pelagius	28169	S	358	364	722	0.00004	0.00002	0.00002	0.00002	45	nan
Vibrio anguillarum	55601	S	357	444	801	0.00005	0.00003	0.00003	0.00003	46	nan
Vibrio scophthalmi	45658	S	332	334	666	0.00004	0.00002	0.00000	0.00002	45	3.0
Vibrio cortegadensis	1328770	S	309	310	619	0.00004	0.00002	0.00000	0.00002	43	5.0
Vibrio tarriae	2014742	S	289	343	632	0.00004	0.00002	0.00000	0.00002	49	5.0
Vibrio gallaecicus	552386	S	256	258	514	0.00003	0.00002	0.00000	0.00001	42	4.0
Vibrio fortis	212667	S	237	240	477	0.00003	0.00001	0.00000	0.00001	46	5.0
Vibrio aestuarianus	28171	S	233	240	473	0.00003	0.00001	0.00000	0.00001	44	4.0
Vibrio navarrensis	29495	S	218	226	444	0.00003	0.00001	0.00000	0.00001	49	5.0
Vibrio mediterranei	689	S	203	230	433	0.00003	0.00001	0.00000	0.00001	45	5.0
Vibrio coralliilyticus	190893	S	170	193	363	0.00002	0.00001	0.00001	0.00001	47	nan
Vibrio metschnikovii	28172	S	115	115	230	0.00001	0.00001	0.00000	0.00001	45	5.0
uncultured Vibrio sp.	114054	S	101	111	212	0.00001	0.00001	0.00001	0.00001	46	nan
Vibrio plantisponsor	664643	S	100	100	200	0.00001	0.00001	0.00000	0.00001	45	4.0
Salinivibrio kushneri	1908198	S	205	205	410	0.00002	0.00001	0.00000	0.00001	51	4.0
Pseudomonas hormoni	3093767	S	145988	152797	298785	0.01739	0.00889	0.00984	0.00848	61	nan
Pseudomonas sp. KHPS1	2961531	S	62151	86261	148412	0.00864	0.00502	0.00556	0.00493	66	nan
Pseudomonas agarici	46677	S	17460	17545	35005	0.00204	0.00102	0.00110	0.00098	61	nan
Pseudomonas aeruginosa	287	S	195	1101	1296	0.00008	0.00006	0.00009	0.00006	65	nan
Marinobacter sp. BSs20148	490759	S	296	302	598	0.00003	0.00002	0.00002	0.00002	55	nan
Marinobacter sp. M1C	2917713	S	232	198839	199071	0.01159	0.01157	0.01232	0.01098	56	nan
Marinobacter sp. M3C	2917715	S	227	350	577	0.00003	0.00002	0.00002	0.00002	56	nan
Pseudohongiella spirulinae	1249552	S	39414	39423	78837	0.00459	0.00229	0.00244	0.00217	54	nan
Psychrobacter sp. 28M-43	2772254	S	147497	152284	299781	0.01745	0.00886	0.00976	0.00874	45	nan
Psychrobacter sp. P11G3	1699623	S	145897	150677	296574	0.01726	0.00877	0.00972	0.00867	46	nan
Psychrobacter sp. KCTC 72983	2733866	S	5490	7407	12897	0.00075	0.00043	0.00000	0.00042	45	5.0
Psychrobacter sp. 4Dc	888437	S	3542	7333	10875	0.00063	0.00043	0.00048	0.00042	45	nan
Psychrobacter sp. P11F6	1699621	S	3393	3448	6841	0.00040	0.00020	0.00022	0.00020	45	nan
Psychrobacter sp. AntiMn-1	1720344	S	3206	6811	10017	0.00058	0.00040	0.00045	0.00039	45	nan
Psychrobacter sp. van23A	3064892	S	2426	2552	4978	0.00029	0.00015	0.00000	0.00015	47	5.0
Psychrobacter sp. WB2	3043330	S	2367	2456	4823	0.00028	0.00014	0.00000	0.00014	45	5.0
Psychrobacter sp. P11G5	1699624	S	2310	3011	5321	0.00031	0.00018	0.00020	0.00017	44	nan
Psychrobacter sp. KH172YL61	2517899	S	2226	4066	6292	0.00037	0.00024	0.00027	0.00023	46	nan
Psychrobacter sp. M13	3067275	S	1469	1472	2941	0.00017	0.00009	0.00000	0.00009	45	5.0
Psychrobacter sp. P2G3	1699622	S	932	1208	2140	0.00012	0.00007	0.00008	0.00007	44	nan
Psychrobacter sp. SC65A.3	2983299	S	805	989	1794	0.00010	0.00006	0.00006	0.00006	45	nan
Psychrobacter sp. G	571800	S	799	985	1784	0.00010	0.00006	0.00006	0.00006	45	nan
Psychrobacter sp. DAB_AL43B	1028416	S	762	765	1527	0.00009	0.00004	0.00000	0.00004	44	5.0
Psychrobacter sp. MES7-P7E	2058322	S	506	642	1148	0.00007	0.00004	0.00000	0.00004	41	5.0
Psychrobacter sp.	56811	S	288	313	601	0.00003	0.00002	0.00000	0.00002	39	5.0
Psychrobacter sp. YP14	2203895	S	158	207	365	0.00002	0.00001	0.00000	0.00001	47	5.0
Psychrobacter sp. DAB_AL32B	1028414	S	127	127	254	0.00001	0.00001	0.00000	0.00001	39	4.0
Psychrobacter arcticus	334543	S	503	505	1008	0.00006	0.00003	0.00000	0.00003	45	4.0
Psychrobacter cryohalolentis	330922	S	354	411	765	0.00004	0.00002	0.00000	0.00002	44	5.0
Psychrobacter urativorans	45610	S	234	234	468	0.00003	0.00001	0.00000	0.00001	45	4.0
Psychrobacter sanguinis	861445	S	213	216	429	0.00002	0.00001	0.00000	0.00001	43	4.0
Psychrobacter arenosus	256326	S	111	111	222	0.00001	0.00001	0.00000	0.00001	47	4.0
Moraxella catarrhalis	480	S	68674	69139	137813	0.00802	0.00402	0.00442	0.00403	43	nan
Legionella longbeachae	450	S	81723	85087	166810	0.00971	0.00495	0.00578	0.00524	37	nan
Legionella micdadei	451	S	51218	51337	102555	0.00597	0.00299	0.00336	0.00301	41	nan
Legionella fallonii	96230	S	41245	41492	82737	0.00482	0.00242	0.00277	0.00250	38	nan
Dyella sp. M7H15-1	2501295	S	138033	138146	276179	0.01608	0.00804	0.00885	0.00767	60	nan
Oceanisphaera profunda	1416627	S	111127	112238	223365	0.01300	0.00653	0.00693	0.00621	51	nan
Methylomonas sp. LW13	107637	S	52961	59085	112046	0.00652	0.00344	0.00365	0.00327	53	nan
Spiribacter curvatus	1335757	S	35080	35085	70165	0.00408	0.00204	0.00231	0.00199	65	nan
[Haemophilus] ducreyi	730	S	495	513	1008	0.00006	0.00003	0.00000	0.00003	38	4.0
Mesorhizobium huakuii	28104	S	234723	248060	482783	0.02810	0.01444	0.01551	0.01394	63	nan
Mesorhizobium sp. 8	2584466	S	150	227	377	0.00002	0.00001	0.00000	0.00001	65	4.0
Mesorhizobium sp. Pch-S	2082387	S	143	170	313	0.00002	0.00001	0.00000	0.00001	63	5.0
Mesorhizobium sp. PAMC28654	2880934	S	128	436	564	0.00003	0.00003	0.00000	0.00002	63	5.0
Mesorhizobium sp. DCY119	2108445	S	118	163	281	0.00002	0.00001	0.00001	0.00001	63	nan
Rhizobium sp. 11515TR	2028343	S	22448	31074	53522	0.00312	0.00181	0.00000	0.00172	60	5.0
Rhizobium sp. AB2/73	2795216	S	21825	31701	53526	0.00312	0.00185	0.00000	0.00176	60	5.0
Rhizobium sp. CB3090	3039156	S	6207	8832	15039	0.00088	0.00051	0.00000	0.00049	60	5.0
Rhizobium sp. BG4	2613770	S	1898	1969	3867	0.00023	0.00011	0.00012	0.00011	63	nan
Rhizobium sp. WYJ-E13	2849093	S	1819	1886	3705	0.00022	0.00011	0.00000	0.00010	61	5.0
Rhizobium sp. CB3171	3039157	S	1318	5173	6491	0.00038	0.00030	0.00000	0.00029	60	5.0
Rhizobium sp. CSC1952	2978974	S	809	829	1638	0.00010	0.00005	0.00000	0.00005	64	5.0
Rhizobium sp. Pop5	1223565	S	719	1120	1839	0.00011	0.00007	0.00007	0.00006	61	nan
Rhizobium sp. ACO-34A	1571470	S	674	701	1375	0.00008	0.00004	0.00004	0.00004	62	nan
Rhizobium sp. CC-CFT758	2926709	S	654	669	1323	0.00008	0.00004	0.00000	0.00004	62	5.0
Rhizobium sp. SL42	2806346	S	625	642	1267	0.00007	0.00004	0.00000	0.00004	61	5.0
Rhizobium sp. TH2	2775403	S	601	606	1207	0.00007	0.00004	0.00000	0.00003	61	5.0
Rhizobium sp. SSA_523	2952477	S	522	535	1057	0.00006	0.00003	0.00004	0.00003	62	nan
Rhizobium sp. 32-5/1	3019602	S	518	536	1054	0.00006	0.00003	0.00000	0.00003	60	5.0
Rhizobium sp. CIAT894	2020312	S	516	1043	1559	0.00009	0.00006	0.00006	0.00006	61	nan
Rhizobium sp. NLR16a	2731112	S	458	842	1300	0.00008	0.00005	0.00005	0.00005	61	nan
Rhizobium sp. NZLR1	2731096	S	428	652	1080	0.00006	0.00004	0.00004	0.00004	61	nan
Rhizobium sp. NXC14	1981173	S	412	695	1107	0.00006	0.00004	0.00004	0.00004	62	nan
Rhizobium sp. WL3	2603277	S	381	418	799	0.00005	0.00002	0.00002	0.00002	62	nan
Rhizobium sp. C104	2917727	S	351	964	1315	0.00008	0.00006	0.00006	0.00005	61	nan
Rhizobium sp. BT03	3045156	S	334	1101	1435	0.00008	0.00006	0.00006	0.00006	61	nan
Rhizobium sp. SSM4.3	2919917	S	315	339	654	0.00004	0.00002	0.00002	0.00002	62	nan
Rhizobium sp. NXC24	2048897	S	243	1555	1798	0.00010	0.00009	0.00000	0.00009	61	5.0
Rhizobium sp. K102	2918527	S	237	688	925	0.00005	0.00004	0.00004	0.00004	61	nan
Rhizobium sp. X9	2815360	S	160	274	434	0.00003	0.00002	0.00000	0.00002	60	5.0
Rhizobium sp. Kim5	2020311	S	134	1980	2114	0.00012	0.00012	0.00000	0.00011	61	5.0
Rhizobium sp. BT04	3045157	S	127	2416	2543	0.00015	0.00014	0.00000	0.00013	61	5.0
Rhizobium sp. IE4771	1301032	S	125	1513	1638	0.00010	0.00009	0.00000	0.00008	61	5.0
Rhizobium tropici	398	S	11785	15568	27353	0.00159	0.00091	0.00000	0.00086	60	5.0
Rhizobium rhizogenes	359	S	4521	5084	9605	0.00056	0.00030	0.00000	0.00028	61	5.0
Rhizobium jaguaris	1312183	S	3158	3209	6367	0.00037	0.00019	0.00000	0.00018	60	5.0
Rhizobium lusitanum	293958	S	2790	2844	5634	0.00033	0.00017	0.00000	0.00016	60	5.0
Rhizobium leguminosarum	384	S	2506	5116	7622	0.00044	0.00030	0.00031	0.00028	61	nan
Rhizobium etli	29449	S	618	821	1439	0.00008	0.00005	0.00005	0.00005	61	nan
Rhizobium phaseoli	396	S	584	867	1451	0.00008	0.00005	0.00005	0.00005	62	nan
Rhizobium bangladeshense	1138189	S	558	610	1168	0.00007	0.00004	0.00004	0.00003	62	nan
Rhizobium ruizarguesonis	2081791	S	485	770	1255	0.00007	0.00004	0.00005	0.00004	61	nan
Rhizobium tumorigenes	2041385	S	476	604	1080	0.00006	0.00004	0.00003	0.00003	61	nan
Rhizobium sullae	50338	S	389	403	792	0.00005	0.00002	0.00000	0.00002	60	5.0
Rhizobium daejeonense	240521	S	342	394	736	0.00004	0.00002	0.00003	0.00002	61	nan
Rhizobium anhuiense	1184720	S	297	359	656	0.00004	0.00002	0.00002	0.00002	61	nan
Rhizobium hidalgonense	1538159	S	293	332	625	0.00004	0.00002	0.00002	0.00002	62	nan
Rhizobium binae	1138190	S	289	355	644	0.00004	0.00002	0.00002	0.00002	62	nan
Rhizobium lentis	1138194	S	269	314	583	0.00003	0.00002	0.00002	0.00002	62	nan
Rhizobium gallicum	56730	S	248	456	704	0.00004	0.00003	0.00000	0.00003	60	5.0
Rhizobium rhizoryzae	451876	S	242	246	488	0.00003	0.00001	0.00000	0.00001	58	4.0
Rhizobium gei	1395951	S	228	230	458	0.00003	0.00001	0.00000	0.00001	60	4.0
Rhizobium rosettiformans	1368430	S	161	171	332	0.00002	0.00001	0.00000	0.00001	62	5.0
Rhizobium grahamii	1120045	S	143	145	288	0.00002	0.00001	0.00000	0.00001	59	4.0
Rhizobium acidisoli	1538158	S	141	224	365	0.00002	0.00001	0.00001	0.00001	61	nan
Rhizobium indicum	2583231	S	110	182	292	0.00002	0.00001	0.00001	0.00001	61	nan
Rhizobium oryzihabitans	2267833	S	100	192	292	0.00002	0.00001	0.00000	0.00001	60	5.0
Agrobacterium tumefaciens	358	S	2147	2444	4591	0.00027	0.00014	0.00000	0.00014	60	5.0
Agrobacterium fabacearum	1183401	S	224	578	802	0.00005	0.00003	0.00000	0.00003	59	5.0
Agrobacterium fabrum	1176649	S	218	415	633	0.00004	0.00002	0.00000	0.00002	60	5.0
Agrobacterium pusense	648995	S	525	974	1499	0.00009	0.00006	0.00007	0.00005	60	nan
Agrobacterium larrymoorei	160699	S	498	514	1012	0.00006	0.00003	0.00000	0.00003	58	5.0
Agrobacterium vaccinii	2735528	S	365	374	739	0.00004	0.00002	0.00000	0.00002	58	5.0
Agrobacterium rubi	28099	S	211	226	437	0.00003	0.00001	0.00000	0.00001	58	5.0
Agrobacterium salinitolerans	1183413	S	181	224	405	0.00002	0.00001	0.00000	0.00001	60	5.0
Agrobacterium leguminum	2792015	S	176	269	445	0.00003	0.00002	0.00000	0.00001	60	5.0
Agrobacterium cucumeris	2862866	S	124	147	271	0.00002	0.00001	0.00000	0.00001	60	5.0
Agrobacterium vitis	373	S	101	109	210	0.00001	0.00001	0.00000	0.00001	59	5.0
Pararhizobium sp. YC-54	2986920	S	252	258	510	0.00003	0.00002	0.00000	0.00001	61	5.0
Pararhizobium sp. BT-229	2986923	S	223	226	449	0.00003	0.00001	0.00001	0.00001	62	nan
Pararhizobium sp. T808	3031126	S	208	211	419	0.00002	0.00001	0.00000	0.00001	61	5.0
Pararhizobium polonicum	1612624	S	182	196	378	0.00002	0.00001	0.00000	0.00001	59	5.0
Neorhizobium galegae	399	S	430	436	866	0.00005	0.00003	0.00000	0.00002	62	5.0
Neorhizobium petrolearium	515361	S	190	198	388	0.00002	0.00001	0.00000	0.00001	62	5.0
Neorhizobium sp. SOG26	2060726	S	105	106	211	0.00001	0.00001	0.00000	0.00001	62	4.0
Allorhizobium pseudoryzae	379684	S	124	126	250	0.00001	0.00001	0.00000	0.00001	63	4.0
Allorhizobium ampelinum	3025782	S	115	118	233	0.00001	0.00001	0.00000	0.00001	59	5.0
Sinorhizobium sp. RAC02	1842534	S	442	455	897	0.00005	0.00003	0.00000	0.00003	63	5.0
Sinorhizobium fredii	380	S	421	554	975	0.00006	0.00003	0.00000	0.00003	63	5.0
Sinorhizobium meliloti	382	S	225	473	698	0.00004	0.00003	0.00000	0.00003	62	5.0
Sinorhizobium alkalisoli	1752398	S	107	109	216	0.00001	0.00001	0.00000	0.00001	62	4.0
Sinorhizobium terangae	110322	S	105	107	212	0.00001	0.00001	0.00000	0.00001	62	4.0
Sinorhizobium medicae	110321	S	103	132	235	0.00001	0.00001	0.00000	0.00001	62	5.0
Ensifer adhaerens	106592	S	818	890	1708	0.00010	0.00005	0.00000	0.00005	63	5.0
Ensifer canadensis	555315	S	285	331	616	0.00004	0.00002	0.00002	0.00002	62	nan
Ensifer sp. PDNC004	2811423	S	218	257	475	0.00003	0.00002	0.00000	0.00001	63	4.0
Shinella zoogloeoides	352475	S	738	879	1617	0.00009	0.00005	0.00000	0.00005	65	5.0
Shinella sp. HZN7	879274	S	416	514	930	0.00005	0.00003	0.00000	0.00003	65	5.0
Shinella sp. PSBB067	2715959	S	146	175	321	0.00002	0.00001	0.00000	0.00001	66	4.0
Shinella oryzae	2871820	S	174	222	396	0.00002	0.00001	0.00000	0.00001	64	4.0
Lichenihabitans psoromatis	2528642	S	86015	87142	173157	0.01008	0.00507	0.00581	0.00491	64	nan
Lichenihabitans sp. PAMC28606	2880932	S	16727	16988	33715	0.00196	0.00099	0.00111	0.00096	64	nan
Labrys sp. KNU-23	2789216	S	126	134	260	0.00002	0.00001	0.00000	0.00001	65	4.0
Sphingorhabdus lutea	1913578	S	143299	143414	286713	0.01669	0.00835	0.00897	0.00806	48	nan
Sphingopyxis indica	436663	S	102002	107529	209531	0.01220	0.00626	0.00670	0.00628	65	nan
Sphingopyxis sp. EG6	1874061	S	926	997	1923	0.00011	0.00006	0.00000	0.00006	65	5.0
Sphingopyxis sp. 113P3	292913	S	775	843	1618	0.00009	0.00005	0.00000	0.00005	65	5.0
Sphingopyxis sp. QXT-31	1357916	S	376	415	791	0.00005	0.00002	0.00000	0.00002	67	5.0
Sphingopyxis sp. PAMC25046	2565556	S	216	237	453	0.00003	0.00001	0.00000	0.00001	66	4.0
Sphingopyxis sp. FD7	1914525	S	205	228	433	0.00003	0.00001	0.00000	0.00001	65	4.0
Sphingopyxis sp. YF1	2482763	S	186	234	420	0.00002	0.00001	0.00000	0.00001	67	5.0
Sphingopyxis sp. DBS4	2968500	S	157	184	341	0.00002	0.00001	0.00000	0.00001	65	5.0
Sphingopyxis sp. USTB-05	2830667	S	117	149	266	0.00002	0.00001	0.00000	0.00001	65	4.0
Sphingopyxis sp. PET50	2976533	S	117	121	238	0.00001	0.00001	0.00000	0.00001	67	4.0
Sphingopyxis sp. OPL5	2486273	S	115	122	237	0.00001	0.00001	0.00000	0.00001	67	4.0
Sphingopyxis alaskensis	117207	S	1498	1520	3018	0.00018	0.00009	0.00011	0.00009	66	nan
Sphingopyxis fribergensis	1515612	S	1242	1309	2551	0.00015	0.00008	0.00000	0.00007	65	5.0
Sphingopyxis macrogoltabida	33050	S	827	866	1693	0.00010	0.00005	0.00000	0.00005	65	5.0
Sphingopyxis granuli	267128	S	524	688	1212	0.00007	0.00004	0.00000	0.00004	67	5.0
uncultured Sphingopyxis sp.	310581	S	270	272	542	0.00003	0.00002	0.00000	0.00002	66	5.0
Sphingopyxis lindanitolerans	2054227	S	172	179	351	0.00002	0.00001	0.00000	0.00001	66	4.0
Sphingopyxis terrae	33052	S	156	218	374	0.00002	0.00001	0.00000	0.00001	65	5.0
Sphingomonas koreensis	93064	S	434	506	940	0.00005	0.00003	0.00000	0.00003	67	4.0
Novosphingobium pentaromativorans	205844	S	170	198	368	0.00002	0.00001	0.00000	0.00001	64	4.0
Hankyongella ginsenosidimutans	1763828	S	333	336	669	0.00004	0.00002	0.00000	0.00002	66	4.0
Croceicoccus naphthovorans	1348774	S	1134	1515	2649	0.00015	0.00009	0.00000	0.00009	63	5.0
Tsuneonella flava	2055955	S	1168	1289	2457	0.00014	0.00008	0.00009	0.00007	61	nan
Erythrobacter sp. SCSIO 43205	2779361	S	191	201	392	0.00002	0.00001	0.00000	0.00001	58	4.0
Erythrobacter litoralis	39960	S	147	184	331	0.00002	0.00001	0.00000	0.00001	64	4.0
Altererythrobacter epoxidivorans	361183	S	177	200	377	0.00002	0.00001	0.00000	0.00001	62	5.0
Zymomonas mobilis	542	S	198	201	399	0.00002	0.00001	0.00000	0.00001	47	4.0
Phaeobacter piscinae	1580596	S	125282	133740	259022	0.01508	0.00778	0.00824	0.00745	61	nan
Phaeobacter inhibens	221822	S	135	364	499	0.00003	0.00002	0.00000	0.00002	60	5.0
Ruegeria sp. YS9	2966453	S	38498	38948	77446	0.00451	0.00227	0.00242	0.00216	59	nan
Wolbachia endosymbiont (group A) of Scambus nigricans	2954055	S	22657	73218	95875	0.00558	0.00426	0.00498	0.00468	36	nan
Wolbachia endosymbiont (group B) of Phalera bucephala	2954043	S	179	12518	12697	0.00074	0.00073	0.00084	0.00080	36	nan
Wolbachia pipientis	955	S	126	580	706	0.00004	0.00003	0.00004	0.00004	36	nan
Anaplasma ovis	142058	S	27106	27157	54263	0.00316	0.00158	0.00166	0.00150	49	nan
Acetobacter tropicalis	104102	S	31455	35653	67108	0.00391	0.00208	0.00214	0.00198	58	nan
Acetobacter senegalensis	446692	S	27251	30903	58154	0.00338	0.00180	0.00000	0.00171	57	5.0
Acetobacter persici	1076596	S	1919	1928	3847	0.00022	0.00011	0.00000	0.00011	58	5.0
Acetobacter pasteurianus	438	S	1375	1742	3117	0.00018	0.00010	0.00000	0.00010	55	5.0
Acetobacter oryzoeni	2500548	S	1199	1467	2666	0.00016	0.00009	0.00000	0.00008	54	5.0
Acetobacter ascendens	481146	S	1131	1253	2384	0.00014	0.00007	0.00007	0.00007	54	nan
Acetobacter pomorum	65959	S	783	8605	9388	0.00055	0.00050	0.00000	0.00048	55	5.0
Acetobacter aceti	435	S	681	701	1382	0.00008	0.00004	0.00000	0.00004	59	4.0
Acetobacter ghanensis	431306	S	485	492	977	0.00006	0.00003	0.00003	0.00003	59	nan
Acetobacter oryzifermentans	1633874	S	429	1163	1592	0.00009	0.00007	0.00000	0.00006	54	5.0
Acetobacter vaccinii	2592655	S	363	367	730	0.00004	0.00002	0.00000	0.00002	61	4.0
Komagataeibacter saccharivorans	265959	S	223	246	469	0.00003	0.00001	0.00000	0.00001	63	4.0
Komagataeibacter oboediens	65958	S	129	165	294	0.00002	0.00001	0.00000	0.00001	63	4.0
Komagataeibacter nataicola	265960	S	126	155	281	0.00002	0.00001	0.00000	0.00001	64	4.0
Komagataeibacter xylinus	28448	S	122	156	278	0.00002	0.00001	0.00000	0.00001	64	4.0
Kozakia baliensis	153496	S	717	734	1451	0.00008	0.00004	0.00000	0.00004	59	5.0
Gluconobacter oxydans	442	S	155	168	323	0.00002	0.00001	0.00000	0.00001	62	4.0
Gluconobacter sphaericus	574987	S	129	151	280	0.00002	0.00001	0.00000	0.00001	60	4.0
Novacetimonas hansenii	436	S	311	325	636	0.00004	0.00002	0.00000	0.00002	62	4.0
Limnobacter sp. SAORIC-580	2732163	S	70224	70424	140648	0.00819	0.00410	0.00433	0.00388	53	nan
Polynucleobacter sp. SHI8	926418	S	142	47039	47181	0.00275	0.00274	0.00307	0.00275	41	nan
Kinneretia sp. XES5	2877940	S	275	338	613	0.00004	0.00002	0.00000	0.00002	66	5.0
Achromobacter sp. AONIH1	1758194	S	334	400	734	0.00004	0.00002	0.00000	0.00002	69	4.0
Sulfuriferula sp. AH1	1985873	S	108308	109206	217514	0.01266	0.00636	0.00687	0.00604	57	nan
Neisseria weaveri	28091	S	69034	70190	139224	0.00810	0.00409	0.00446	0.00395	52	nan
Neisseria animaloris	326522	S	819	832	1651	0.00010	0.00005	0.00000	0.00005	53	4.0
Neisseria sp. Dent CA1/247	2912675	S	756	791	1547	0.00009	0.00005	0.00000	0.00004	55	4.0
Neisseria zoodegmatis	326523	S	667	713	1380	0.00008	0.00004	0.00000	0.00004	54	4.0
Neisseria dumasiana	1931275	S	628	648	1276	0.00007	0.00004	0.00000	0.00004	53	4.0
Neisseria canis	493	S	279	284	563	0.00003	0.00002	0.00000	0.00002	53	4.0
Neisseria wadsworthii	607711	S	237	240	477	0.00003	0.00001	0.00000	0.00001	50	3.0
Paenibacillus terrae	159743	S	789076	804949	1594025	0.09278	0.04685	0.05029	0.04528	48	nan
Paenibacillus agaridevorans	171404	S	63474	65165	128639	0.00749	0.00379	0.00403	0.00362	53	nan
Paenibacillus sp. PAMC21692	2762320	S	35563	36445	72008	0.00419	0.00212	0.00224	0.00202	54	nan
Paenibacillus sp. S02	2823904	S	25353	35240	60593	0.00353	0.00205	0.00221	0.00199	47	nan
Paenibacillus sp. Y412MC10	481743	S	928	1147	2075	0.00012	0.00007	0.00000	0.00006	53	5.0
Paenibacillus cellulositrophicus	562959	S	28516	29314	57830	0.00337	0.00171	0.00183	0.00163	54	nan
Paenibacillus polymyxa	1406	S	396	465	861	0.00005	0.00003	0.00000	0.00003	47	5.0
Brevibacillus brevis	1393	S	309964	312850	622814	0.03625	0.01821	0.00000	0.01739	48	4.0
Cohnella sp. LGH	1619153	S	129	129	258	0.00002	0.00001	0.00000	0.00001	55	4.0
Bacillus sp. ms-22	2683680	S	59243	113815	173058	0.01007	0.00662	0.00727	0.00658	42	nan
Bacillus cabrialesii	2487276	S	57102	59641	116743	0.00680	0.00347	0.00385	0.00340	46	nan
Bacillus inaquosorum	483913	S	6918	8002	14920	0.00087	0.00047	0.00051	0.00046	45	nan
Bacillus tequilensis	227866	S	6737	7229	13966	0.00081	0.00042	0.00047	0.00041	45	nan
Bacillus vallismortis	72361	S	5618	5935	11553	0.00067	0.00035	0.00038	0.00034	45	nan
Bacillus subtilis	1423	S	4566	27459	32025	0.00186	0.00160	0.00181	0.00158	43	nan
Bacillus spizizenii	96241	S	3828	4575	8403	0.00049	0.00027	0.00030	0.00026	45	nan
Bacillus halotolerans	260554	S	799	1371	2170	0.00013	0.00008	0.00000	0.00008	44	5.0
Bacillus mojavensis	72360	S	442	514	956	0.00006	0.00003	0.00000	0.00003	44	5.0
Bacillus velezensis	492670	S	333	2050	2383	0.00014	0.00012	0.00000	0.00012	44	5.0
Bacillus atrophaeus	1452	S	594	603	1197	0.00007	0.00004	0.00000	0.00003	45	4.0
Bacillus stercoris	2054641	S	336	816	1152	0.00007	0.00005	0.00000	0.00005	44	5.0
Bacillus paralicheniformis	1648923	S	222	263	485	0.00003	0.00002	0.00000	0.00001	47	5.0
Bacillus altitudinis	293387	S	960	1145	2105	0.00012	0.00007	0.00007	0.00007	42	nan
Bacillus rugosus	2715209	S	905	964	1869	0.00011	0.00006	0.00000	0.00006	44	5.0
Bacillus pumilus	1408	S	895	917	1812	0.00011	0.00005	0.00006	0.00005	42	nan
Bacillus safensis	561879	S	405	593	998	0.00006	0.00003	0.00004	0.00003	42	nan
Virgibacillus dokdonensis	302167	S	83277	84845	168122	0.00979	0.00494	0.00584	0.00527	37	nan
Viridibacillus sp. JNUCC-6	2779527	S	131485	131877	263362	0.01533	0.00768	0.00944	0.00838	36	nan
Polycladomyces abyssicola	1125966	S	102309	102330	204639	0.01191	0.00596	0.00634	0.00566	54	nan
Lactobacillus delbrueckii	1584	S	736596	743001	1479597	0.08612	0.04325	0.04646	0.04167	53	nan
Leuconostoc garlicum	255248	S	100903	153350	254253	0.01480	0.00893	0.00978	0.00876	45	nan
Leuconostoc lactis	1246	S	693	766	1459	0.00008	0.00004	0.00005	0.00004	44	nan
Streptococcus sanguinis	1305	S	44306	46596	90902	0.00529	0.00271	0.00298	0.00268	46	nan
Enterococcus sp. DA9	2603296	S	6108	39358	45466	0.00265	0.00229	0.00274	0.00240	38	nan
Enterococcus faecium	1352	S	478	691	1169	0.00007	0.00004	0.00005	0.00004	38	nan
Aerococcus christensenii	87541	S	184	184	368	0.00002	0.00001	0.00000	0.00001	39	3.0
Peptoniphilus ivorii	54006	S	342170	342662	684832	0.03986	0.01995	0.02153	0.01909	56	nan
Syntrophobotulus glycolicus	51197	S	146861	146896	293757	0.01710	0.00855	0.00927	0.00833	48	nan
Aminipila terrae	2697030	S	63467	63580	127047	0.00739	0.00370	0.00444	0.00396	37	nan
Clostridium sp. CM028	2851575	S	10162	38318	48480	0.00282	0.00223	0.00253	0.00274	31	nan
Phascolarctobacterium sp. Marseille-Q4147	2823317	S	10738	11068	21806	0.00127	0.00064	0.00071	0.00063	51	nan
Phascolarctobacterium succinatutens	626940	S	10674	11077	21751	0.00127	0.00064	0.00072	0.00063	51	nan
Corynebacterium sp. Z-1	3074378	S	180698	274506	455204	0.02650	0.01598	0.01885	0.01584	67	nan
Corynebacterium anserum	2684406	S	40142	40219	80361	0.00468	0.00234	0.00248	0.00221	56	nan
Corynebacterium tuberculostearicum	38304	S	36997	38825	75822	0.00441	0.00226	0.00258	0.00217	60	nan
Corynebacterium kefirresidentii	1979527	S	30870	46677	77547	0.00451	0.00272	0.00000	0.00262	60	5.0
Corynebacterium accolens	38284	S	597	766	1363	0.00008	0.00004	0.00000	0.00004	61	4.0
Corynebacterium macginleyi	38290	S	272	274	546	0.00003	0.00002	0.00000	0.00002	58	4.0
Corynebacterium diphtheriae	1717	S	269	281	550	0.00003	0.00002	0.00000	0.00002	54	4.0
Corynebacterium simulans	146827	S	228	237	465	0.00003	0.00001	0.00000	0.00001	60	4.0
Corynebacterium striatum	43770	S	210	244	454	0.00003	0.00001	0.00000	0.00001	60	3.0
Corynebacterium aurimucosum	169292	S	134	136	270	0.00002	0.00001	0.00000	0.00001	62	4.0
Corynebacterium confusum	71254	S	128	130	258	0.00002	0.00001	0.00000	0.00001	67	5.0
Glutamicibacter mishrai	1775880	S	236318	239927	476245	0.02772	0.01397	0.01542	0.01334	60	nan
Microbacterium protaetiae	2509458	S	68755	69031	137786	0.00802	0.00402	0.00479	0.00419	69	nan
Microbacterium neungamense	2810535	S	4956	24369	29325	0.00171	0.00142	0.00139	0.00164	71	nan
Gardnerella vaginalis	2702	S	100747	102969	203716	0.01186	0.00599	0.00721	0.00603	41	nan
Gardnerella piotii	2792977	S	54220	58239	112459	0.00655	0.00339	0.00380	0.00338	43	nan
Gardnerella leopoldii	2792978	S	1541	1632	3173	0.00018	0.00010	0.00000	0.00009	44	5.0
Gardnerella swidsinskii	2792979	S	1382	1468	2850	0.00017	0.00009	0.00010	0.00009	43	nan
Mobiluncus curtisii	2051	S	129	131	260	0.00002	0.00001	0.00000	0.00001	57	4.0
Eggerthella sp. YY7918	502558	S	82776	84458	167234	0.00973	0.00492	0.00535	0.00469	57	nan
Anthocerotibacter panamensis	2857077	S	640316	640323	1280639	0.07454	0.03727	0.04029	0.03546	58	nan
Synechocystis sp. CACIAM 05	1933929	S	214554	229646	444200	0.02586	0.01337	0.01430	0.01282	50	nan
Thermomicrobium roseum	500	S	5397	5397	10794	0.00063	0.00031	0.00032	0.00031	65	nan
Thermomicrobium sp. 4228-Ro	2993937	S	810	810	1620	0.00009	0.00005	0.00000	0.00005	68	5.0
Sphaerobacter thermophilus	2057	S	238	266	504	0.00003	0.00002	0.00000	0.00002	68	4.0
Bacteroides sp. D2	556259	S	604945	1044483	1649428	0.09601	0.06080	0.06750	0.06063	43	nan
Bacteroides sp. M10	2763022	S	769	1052	1821	0.00011	0.00006	0.00007	0.00006	42	nan
Bacteroides sp. HF-162	2785531	S	139	723	862	0.00005	0.00004	0.00005	0.00004	45	nan
Bacteroides sp. A1C1	2528203	S	117	474	591	0.00003	0.00003	0.00003	0.00003	45	nan
Bacteroides faecis	674529	S	221703	241083	462786	0.02694	0.01403	0.01574	0.01396	44	nan
Bacteroides helcogenes	290053	S	69325	69551	138876	0.00808	0.00405	0.00443	0.00397	45	nan
Bacteroides thetaiotaomicron	818	S	2530	2720	5250	0.00031	0.00016	0.00018	0.00016	45	nan
Bacteroides fragilis	817	S	2345	2911	5256	0.00031	0.00017	0.00020	0.00017	45	nan
Bacteroides ovatus	28116	S	2207	5840	8047	0.00047	0.00034	0.00038	0.00034	43	nan
Bacteroides xylanisolvens	371601	S	1302	2072	3374	0.00020	0.00012	0.00014	0.00012	43	nan
Bacteroides caccae	47678	S	696	719	1415	0.00008	0.00004	0.00005	0.00004	44	nan
Bacteroides luhongzhouii	2650158	S	470	510	980	0.00006	0.00003	0.00003	0.00003	42	nan
Bacteroides faecium	2715212	S	430	436	866	0.00005	0.00003	0.00003	0.00003	45	nan
Bacteroides zhangwenhongii	2650157	S	398	422	820	0.00005	0.00002	0.00003	0.00002	44	nan
Bacteroides caecimuris	1796613	S	383	417	800	0.00005	0.00002	0.00003	0.00002	44	nan
Bacteroides salyersiae	291644	S	329	334	663	0.00004	0.00002	0.00002	0.00002	43	nan
Bacteroides uniformis	820	S	175	232	407	0.00002	0.00001	0.00000	0.00001	47	5.0
Bacteroides stercoris	46506	S	115	120	235	0.00001	0.00001	0.00000	0.00001	48	5.0
Bacteroides nordii	291645	S	110	111	221	0.00001	0.00001	0.00000	0.00001	42	5.0
Bacteroides humanifaecis	2792859	S	106	489	595	0.00003	0.00003	0.00003	0.00003	45	nan
Phocaeicola coprophilus	387090	S	963970	985194	1949164	0.11345	0.05734	0.06371	0.05594	46	nan
Phocaeicola dorei	357276	S	1657	2180	3837	0.00022	0.00013	0.00000	0.00013	43	4.0
Phocaeicola vulgatus	821	S	1478	1914	3392	0.00020	0.00011	0.00000	0.00011	43	5.0
Phocaeicola salanitronis	376805	S	225	226	451	0.00003	0.00001	0.00000	0.00001	49	4.0
Paraprevotella xylaniphila	454155	S	44522	45142	89664	0.00522	0.00263	0.00283	0.00253	50	nan
Prevotella jejuni	1177574	S	1777	1898	3675	0.00021	0.00011	0.00000	0.00011	43	4.0
Segatella copri	165179	S	103	103	206	0.00001	0.00001	0.00000	0.00001	48	3.0
Alistipes senegalensis	1288121	S	1822	2021	3843	0.00022	0.00012	0.00000	0.00011	61	4.0
Alistipes finegoldii	214856	S	130	137	267	0.00002	0.00001	0.00000	0.00001	61	4.0
Parabacteroides distasonis	823	S	982	1089	2071	0.00012	0.00006	0.00000	0.00006	47	5.0
Parabacteroides chongii	2685834	S	682	687	1369	0.00008	0.00004	0.00000	0.00004	45	4.0
Parabacteroides merdae	46503	S	102	104	206	0.00001	0.00001	0.00000	0.00001	47	4.0
Muribaculum intestinale	1796646	S	160	161	321	0.00002	0.00001	0.00000	0.00001	52	4.0
Chryseobacterium sp. JV274	1932669	S	45717	96546	142263	0.00828	0.00562	0.00684	0.00611	37	nan
Chryseobacterium sp. MA9	2966625	S	171	173	344	0.00002	0.00001	0.00001	0.00001	37	nan
Owenweeksia hongkongensis	253245	S	66703	66706	133409	0.00777	0.00388	0.00434	0.00390	40	nan
Pontibacter pudoricolor	2694930	S	33031	33041	66072	0.00385	0.00192	0.00207	0.00186	47	nan
Nitrospira sp. KM1	1936990	S	761512	761571	1523083	0.08865	0.04433	0.04730	0.04200	56	nan
Oceanotoga sp. DSM 15011	2984951	S	646716	646733	1293449	0.07529	0.03764	0.00000	0.06484	26	5.0
Desulfopila sp. IMCC35008	2653858	S	422582	422649	845231	0.04920	0.02460	0.02625	0.02359	48	nan
Desulfosarcina alkanivorans	571177	S	51482	51579	103061	0.00600	0.00300	0.00334	0.00288	60	nan
Cloacibacillus porcorum	1197717	S	255695	255800	511495	0.02977	0.01489	0.01539	0.01434	59	nan
Helicobacter sp. NHP19-012	2849642	S	152583	153434	306017	0.01781	0.00893	0.00960	0.00860	48	nan
Myxococcus landrumus	2813577	S	16931	17018	33949	0.00198	0.00099	0.00105	0.00103	69	nan
Nitrospina watsonii	1323948	S	16630	16630	33260	0.00194	0.00097	0.00106	0.00092	59	nan
Homo sapiens	9606	S	313	314	627	0.00004	0.00002	0.00000	0.00002	38	4.0
