name	taxonomy_id	taxonomy_lvl	kraken_assigned_reads	added_reads	new_est_reads	fraction_total_reads	Bracken_estimate	GuaCAMOLE_estimate	GuaCAMOLE_est_eff	GC content	Taxon Removal Cycle
Pararhizobium sp. IMCC3301	3067904	S	976093	980534	1956627	0.12979	0.06504	nan	nan	56	5.0
Pararhizobium sp. YC-54	2986920	S	144	148	292	0.00002	0.00001	nan	nan	61	3.0
Pararhizobium sp. BT-229	2986923	S	123	126	249	0.00002	0.00001	nan	nan	62	3.0
Rhizobium etli	29449	S	197337	211191	408528	0.02710	0.01401	nan	nan	60	5.0
Rhizobium sp. WYJ-E13	2849093	S	431	468	899	0.00006	0.00003	nan	nan	61	4.0
Rhizobium sp. TH2	2775403	S	396	405	801	0.00005	0.00003	nan	nan	61	4.0
Rhizobium sp. CSC1952	2978974	S	341	366	707	0.00005	0.00002	nan	nan	64	4.0
Rhizobium sp. WL3	2603277	S	276	338	614	0.00004	0.00002	nan	nan	62	4.0
Rhizobium sp. SSA_523	2952477	S	227	243	470	0.00003	0.00002	nan	nan	62	4.0
Rhizobium sp. SL42	2806346	S	211	226	437	0.00003	0.00002	nan	nan	61	4.0
Rhizobium sp. AB2/73	2795216	S	154	363	517	0.00003	0.00002	nan	nan	61	4.0
Rhizobium sp. CC-CFT758	2926709	S	130	138	268	0.00002	0.00001	nan	nan	62	4.0
Rhizobium sp. NXC14	1981173	S	123	327	450	0.00003	0.00002	nan	nan	62	4.0
Rhizobium sp. SSM4.3	2919917	S	114	137	251	0.00002	0.00001	nan	nan	62	4.0
Rhizobium sp. BG4	2613770	S	105	114	219	0.00001	0.00001	nan	nan	62	4.0
Rhizobium leguminosarum	384	S	679	986	1665	0.00011	0.00007	nan	nan	61	4.0
Rhizobium phaseoli	396	S	286	332	618	0.00004	0.00002	nan	nan	62	4.0
Rhizobium tumorigenes	2041385	S	284	321	605	0.00004	0.00002	nan	nan	61	5.0
Rhizobium rosettiformans	1368430	S	226	282	508	0.00003	0.00002	nan	nan	62	4.0
Rhizobium lentis	1138194	S	193	208	401	0.00003	0.00001	nan	nan	62	4.0
Rhizobium rhizogenes	359	S	172	289	461	0.00003	0.00002	nan	nan	61	4.0
Rhizobium gallicum	56730	S	171	225	396	0.00003	0.00001	nan	nan	60	5.0
Rhizobium gei	1395951	S	147	150	297	0.00002	0.00001	nan	nan	60	4.0
Rhizobium jaguaris	1312183	S	121	123	244	0.00002	0.00001	nan	nan	60	4.0
Rhizobium sullae	50338	S	111	114	225	0.00001	0.00001	nan	nan	60	3.0
Rhizobium tropici	398	S	110	124	234	0.00002	0.00001	nan	nan	60	5.0
Rhizobium ruizarguesonis	2081791	S	101	122	223	0.00001	0.00001	nan	nan	61	3.0
Agrobacterium tumefaciens	358	S	537	802	1339	0.00009	0.00005	nan	nan	60	4.0
Agrobacterium larrymoorei	160699	S	130	143	273	0.00002	0.00001	nan	nan	58	4.0
Agrobacterium pusense	648995	S	125	355	480	0.00003	0.00002	nan	nan	60	4.0
Neorhizobium galegae	399	S	795	847	1642	0.00011	0.00006	nan	nan	62	4.0
Neorhizobium petrolearium	515361	S	300	368	668	0.00004	0.00002	nan	nan	62	4.0
Neorhizobium sp. SOG26	2060726	S	240	255	495	0.00003	0.00002	nan	nan	62	4.0
Pseudorhizobium banfieldiae	1125847	S	174	242	416	0.00003	0.00002	nan	nan	63	4.0
Pseudorhizobium flavum	1335061	S	128	171	299	0.00002	0.00001	nan	nan	62	4.0
Allorhizobium pseudoryzae	379684	S	166	175	341	0.00002	0.00001	nan	nan	63	4.0
Sinorhizobium sp. BG8	2613773	S	393684	405147	798831	0.05299	0.02687	nan	nan	63	4.0
Sinorhizobium sp. RAC02	1842534	S	211	217	428	0.00003	0.00001	nan	nan	63	4.0
Sinorhizobium fredii	380	S	550	932	1482	0.00010	0.00006	nan	nan	63	4.0
Sinorhizobium medicae	110321	S	411	468	879	0.00006	0.00003	nan	nan	62	4.0
Sinorhizobium sojae	716925	S	233	307	540	0.00004	0.00002	nan	nan	63	4.0
Sinorhizobium alkalisoli	1752398	S	220	230	450	0.00003	0.00002	nan	nan	62	4.0
Sinorhizobium mexicanum	375549	S	189	196	385	0.00003	0.00001	nan	nan	62	4.0
Sinorhizobium terangae	110322	S	155	162	317	0.00002	0.00001	nan	nan	62	4.0
Sinorhizobium garamanticum	680247	S	152	166	318	0.00002	0.00001	nan	nan	62	4.0
Sinorhizobium numidicum	680248	S	142	154	296	0.00002	0.00001	nan	nan	61	4.0
Ensifer adhaerens	106592	S	659	867	1526	0.00010	0.00006	nan	nan	63	4.0
Ensifer canadensis	555315	S	184	202	386	0.00003	0.00001	nan	nan	62	4.0
Ensifer sp. PDNC004	2811423	S	117	213	330	0.00002	0.00001	nan	nan	63	4.0
Shinella sp. HZN7	879274	S	586	951	1537	0.00010	0.00006	nan	nan	65	4.0
Shinella sp. PSBB067	2715959	S	367	523	890	0.00006	0.00003	nan	nan	66	4.0
Shinella sp. H4-D48	2925841	S	170	310	480	0.00003	0.00002	nan	nan	63	4.0
Shinella zoogloeoides	352475	S	755	1253	2008	0.00013	0.00008	nan	nan	65	4.0
Georhizobium profundi	2341112	S	1585	1782	3367	0.00022	0.00012	nan	nan	63	4.0
Ciceribacter thiooxidans	1969821	S	280	287	567	0.00004	0.00002	nan	nan	63	4.0
Peteryoungia desertarenae	1813451	S	101	103	204	0.00001	0.00001	nan	nan	59	4.0
Bradyrhizobium sp. CB1650	3039153	S	48256	51922	100178	0.00665	0.00344	nan	nan	64	4.0
Bradyrhizobium sp. ORS 278	114615	S	326	345	671	0.00004	0.00002	nan	nan	66	4.0
Bradyrhizobium sp. BTAi1	288000	S	158	166	324	0.00002	0.00001	nan	nan	65	4.0
Bradyrhizobium sp. CCBAU 51753	1325100	S	143	152	295	0.00002	0.00001	nan	nan	66	4.0
Bradyrhizobium sp. NP1	3049772	S	141	145	286	0.00002	0.00001	nan	nan	65	4.0
Bradyrhizobium sp. BL16A	2854389	S	139	142	281	0.00002	0.00001	nan	nan	64	4.0
Bradyrhizobium sp. CB2312	3039155	S	137	164	301	0.00002	0.00001	nan	nan	65	4.0
Bradyrhizobium sp. 186	2782654	S	134	145	279	0.00002	0.00001	nan	nan	64	4.0
Bradyrhizobium sp. A19	2898149	S	117	122	239	0.00002	0.00001	nan	nan	65	4.0
Bradyrhizobium sp. CB82	3039159	S	103	108	211	0.00001	0.00001	nan	nan	64	4.0
Bradyrhizobium sp. CCBAU 53421	1325120	S	101	114	215	0.00001	0.00001	nan	nan	65	4.0
Bradyrhizobium sp. S12-14-2	3056648	S	100	104	204	0.00001	0.00001	nan	nan	64	4.0
Bradyrhizobium erythrophlei	1437360	S	232	237	469	0.00003	0.00002	nan	nan	62	4.0
Bradyrhizobium diazoefficiens	1355477	S	178	433	611	0.00004	0.00003	nan	nan	65	4.0
Bradyrhizobium arachidis	858423	S	167	426	593	0.00004	0.00003	nan	nan	64	4.0
Bradyrhizobium japonicum	375	S	147	294	441	0.00003	0.00002	nan	nan	64	4.0
Bradyrhizobium oligotrophicum	44255	S	139	146	285	0.00002	0.00001	nan	nan	66	4.0
Bradyrhizobium sediminis	2840469	S	124	131	255	0.00002	0.00001	nan	nan	64	4.0
Bradyrhizobium lablabi	722472	S	118	296	414	0.00003	0.00002	nan	nan	63	4.0
Bradyrhizobium quebecense	2748629	S	118	170	288	0.00002	0.00001	nan	nan	64	4.0
Bradyrhizobium canariense	255045	S	116	394	510	0.00003	0.00003	nan	nan	64	4.0
Bradyrhizobium guangzhouense	1325095	S	109	175	284	0.00002	0.00001	nan	nan	64	4.0
Rhodopseudomonas palustris	1076	S	860	941	1801	0.00012	0.00006	nan	nan	66	4.0
Rhodopseudomonas sp. P2A-2r	2991972	S	188	205	393	0.00003	0.00001	nan	nan	65	4.0
Rhodopseudomonas sp. BAL398	3034676	S	168	202	370	0.00002	0.00001	nan	nan	64	4.0
Variibacter gotjawalensis	1333996	S	124	125	249	0.00002	0.00001	nan	nan	63	4.0
Mesorhizobium sp. 8	2584466	S	315	334	649	0.00004	0.00002	nan	nan	66	4.0
Mesorhizobium sp. M4B.F.Ca.ET.058.02.1.1	2493675	S	310	480	790	0.00005	0.00003	nan	nan	64	4.0
Mesorhizobium sp. WR6	3074855	S	273	279	552	0.00004	0.00002	nan	nan	63	4.0
Mesorhizobium sp. B2-1-8	2589967	S	228	281	509	0.00003	0.00002	nan	nan	64	4.0
Mesorhizobium sp. Pch-S	2082387	S	227	236	463	0.00003	0.00002	nan	nan	63	4.0
Mesorhizobium sp. NBSH29	2654249	S	223	229	452	0.00003	0.00002	nan	nan	60	4.0
Mesorhizobium sp. M1D.F.Ca.ET.043.01.1.1	2493669	S	223	450	673	0.00004	0.00003	nan	nan	64	4.0
Mesorhizobium sp. J8	2777475	S	219	257	476	0.00003	0.00002	nan	nan	64	4.0
Mesorhizobium sp. M1B.F.Ca.ET.045.04.1.1	2493673	S	204	304	508	0.00003	0.00002	nan	nan	64	4.0
Mesorhizobium sp. M8A.F.Ca.ET.057.01.1.1	2493679	S	202	322	524	0.00003	0.00002	nan	nan	64	4.0
Mesorhizobium sp. M1E.F.Ca.ET.045.02.1.1	2493672	S	196	352	548	0.00004	0.00002	nan	nan	64	4.0
Mesorhizobium sp. L-2-11	2744521	S	195	562	757	0.00005	0.00004	nan	nan	63	4.0
Mesorhizobium sp. 131-2-1	2744518	S	163	378	541	0.00004	0.00003	nan	nan	64	4.0
Mesorhizobium sp. M3A.F.Ca.ET.080.04.2.1	2493676	S	147	215	362	0.00002	0.00001	nan	nan	64	4.0
Mesorhizobium sp. B1-1-8	2589976	S	146	162	308	0.00002	0.00001	nan	nan	64	4.0
Mesorhizobium sp. AR07	2865838	S	130	220	350	0.00002	0.00001	nan	nan	63	4.0
Mesorhizobium sp. M9A.F.Ca.ET.002.03.1.2	2493668	S	125	235	360	0.00002	0.00002	nan	nan	64	4.0
Mesorhizobium sp. DCY119	2108445	S	122	130	252	0.00002	0.00001	nan	nan	63	4.0
Mesorhizobium sp. AR10	2865839	S	120	168	288	0.00002	0.00001	nan	nan	63	4.0
Mesorhizobium sp. M7A.F.Ce.TU.012.03.2.1	2493681	S	109	185	294	0.00002	0.00001	nan	nan	64	4.0
Mesorhizobium sp. L-8-10	2744523	S	108	877	985	0.00007	0.00006	nan	nan	64	4.0
Mesorhizobium sp. 113-3-9	2744517	S	106	333	439	0.00003	0.00002	nan	nan	64	4.0
Mesorhizobium sp. 113-1-2	2744515	S	101	244	345	0.00002	0.00002	nan	nan	64	4.0
Mesorhizobium terrae	2725666	S	238	274	512	0.00003	0.00002	nan	nan	63	4.0
Mesorhizobium opportunistum	593909	S	204	343	547	0.00004	0.00002	nan	nan	63	4.0
Mesorhizobium amorphae	71433	S	182	217	399	0.00003	0.00001	nan	nan	63	4.0
Mesorhizobium ciceri	39645	S	117	881	998	0.00007	0.00006	nan	nan	63	4.0
Aquibium microcysteis	675281	S	1823	1992	3815	0.00025	0.00013	nan	nan	68	nan
Aquibium oceanicum	1670800	S	982	1074	2056	0.00014	0.00007	nan	nan	66	4.0
Nitratireductor mangrovi	2599600	S	1032	1098	2130	0.00014	0.00007	nan	nan	65	4.0
Nitratireductor sp. OM-1	1756988	S	210	259	469	0.00003	0.00002	nan	nan	62	4.0
Nitratireductor kimnyeongensis	430679	S	110	117	227	0.00002	0.00001	nan	nan	60	4.0
Roseitalea porphyridii	1852022	S	1047	1082	2129	0.00014	0.00007	nan	nan	67	nan
Aminobacter sp. MSH1	374606	S	192	909	1101	0.00007	0.00006	nan	nan	64	4.0
Chelativorans sp. AA-79	3028735	S	566	638	1204	0.00008	0.00004	nan	nan	64	4.0
Oricola thermophila	2742145	S	475	491	966	0.00006	0.00003	nan	nan	63	4.0
Hoeflea sp. IMCC20628	1620421	S	200	208	408	0.00003	0.00001	nan	nan	59	4.0
Hoeflea phototrophica	244596	S	113	119	232	0.00002	0.00001	nan	nan	60	4.0
Phyllobacterium sp. T1018	555316	S	137	139	276	0.00002	0.00001	nan	nan	59	4.0
Salaquimonas pukyongi	2712698	S	126	127	253	0.00002	0.00001	nan	nan	59	3.0
Methylobacterium sp. 17Sr1-1	2202826	S	201	334	535	0.00004	0.00002	nan	nan	72	4.0
Methylobacterium sp. WL1	2603276	S	174	200	374	0.00002	0.00001	nan	nan	70	5.0
Methylobacterium sp. NMS14P	2894310	S	142	368	510	0.00003	0.00002	nan	nan	71	5.0
Methylobacterium aquaticum	270351	S	420	773	1193	0.00008	0.00005	nan	nan	71	4.0
Methylobacterium tardum	374432	S	379	775	1154	0.00008	0.00005	nan	nan	71	5.0
Methylobacterium indicum	1775910	S	326	599	925	0.00006	0.00004	nan	nan	71	5.0
Methylobacterium mesophilicum	39956	S	281	377	658	0.00004	0.00003	nan	nan	70	5.0
Methylobacterium brachiatum	269660	S	266	444	710	0.00005	0.00003	nan	nan	71	5.0
Methylobacterium nodulans	114616	S	256	266	522	0.00003	0.00002	nan	nan	69	5.0
Methylobacterium durans	2202825	S	250	264	514	0.00003	0.00002	nan	nan	70	nan
Methylobacterium organophilum	410	S	232	373	605	0.00004	0.00002	nan	nan	70	5.0
Methylobacterium radiodurans	2202828	S	229	255	484	0.00003	0.00002	nan	nan	71	4.0
Methylobacterium currus	2051553	S	221	358	579	0.00004	0.00002	nan	nan	71	4.0
Methylobacterium terrae	2202827	S	133	218	351	0.00002	0.00001	nan	nan	72	4.0
Microvirga sp. 17 mud 1-3	2082949	S	336	363	699	0.00005	0.00002	nan	nan	66	4.0
Microvirga sp. VF16	2807101	S	279	298	577	0.00004	0.00002	nan	nan	62	4.0
Microvirga thermotolerans	2651334	S	191	209	400	0.00003	0.00001	nan	nan	69	nan
Microvirga ossetica	1882682	S	144	155	299	0.00002	0.00001	nan	nan	64	4.0
Microvirga terrae	2740529	S	109	119	228	0.00002	0.00001	nan	nan	64	4.0
Methylorubrum populi	223967	S	362	504	866	0.00006	0.00003	nan	nan	70	nan
Methylorubrum extorquens	408	S	229	421	650	0.00004	0.00003	nan	nan	69	nan
Methylorubrum sp. B1-46	2897334	S	135	184	319	0.00002	0.00001	nan	nan	69	nan
Martelella mediterranea	293089	S	1126	1887	3013	0.00020	0.00013	nan	nan	63	4.0
Martelella sp. AD-3	686597	S	160	1174	1334	0.00009	0.00008	nan	nan	63	4.0
Martelella endophytica	1486262	S	304	329	633	0.00004	0.00002	nan	nan	63	4.0
uncultured Martelella sp.	392331	S	154	163	317	0.00002	0.00001	nan	nan	61	4.0
Aureimonas sp. AU20	1349819	S	568	629	1197	0.00008	0.00004	nan	nan	67	5.0
Aureimonas sp. SA4125	2826993	S	405	426	831	0.00006	0.00003	nan	nan	66	4.0
Aureimonas populi	1701758	S	424	485	909	0.00006	0.00003	nan	nan	68	nan
Aurantimonas sp. HBX-1	2906072	S	929	985	1914	0.00013	0.00007	nan	nan	68	nan
Jiella pelagia	2986949	S	657	676	1333	0.00009	0.00004	nan	nan	66	4.0
Devosia sp. A16	1736675	S	622	639	1261	0.00008	0.00004	nan	nan	66	4.0
Devosia sp. 1566	2499144	S	340	360	700	0.00005	0.00002	nan	nan	63	4.0
Devosia sp. I507	2083786	S	329	397	726	0.00005	0.00003	nan	nan	63	4.0
Devosia sp.	1871048	S	314	336	650	0.00004	0.00002	nan	nan	63	4.0
Devosia sp. RR2S18	3049774	S	210	220	430	0.00003	0.00001	nan	nan	61	4.0
Devosia sp. SD17-2	2976459	S	193	263	456	0.00003	0.00002	nan	nan	63	4.0
Devosia sp. JXJ CY 41	2917991	S	176	190	366	0.00002	0.00001	nan	nan	63	4.0
Devosia sp. YIM 151766	3017325	S	171	208	379	0.00003	0.00001	nan	nan	63	4.0
Devosia sp. SL43	2806348	S	169	181	350	0.00002	0.00001	nan	nan	63	4.0
Devosia sp. J2-20	3026161	S	156	165	321	0.00002	0.00001	nan	nan	61	4.0
Devosia salina	2860336	S	426	614	1040	0.00007	0.00004	nan	nan	63	4.0
Devosia ginsengisoli	400770	S	422	452	874	0.00006	0.00003	nan	nan	64	4.0
Devosia beringensis	2657486	S	369	387	756	0.00005	0.00003	nan	nan	64	5.0
Devosia neptuniae	191302	S	286	296	582	0.00004	0.00002	nan	nan	62	4.0
Devosia oryziradicis	2801335	S	199	210	409	0.00003	0.00001	nan	nan	64	4.0
Devosia rhizoryzae	2774137	S	168	172	340	0.00002	0.00001	nan	nan	62	4.0
Pelagibacterium sp. YIM 151497	2984530	S	269	355	624	0.00004	0.00002	nan	nan	62	4.0
Pelagibacterium halotolerans	531813	S	172	183	355	0.00002	0.00001	nan	nan	62	4.0
Youhaiella tibetensis	1447062	S	225	238	463	0.00003	0.00002	nan	nan	65	4.0
Paradevosia shaoguanensis	1335043	S	187	227	414	0.00003	0.00002	nan	nan	64	4.0
Mariluticola halotolerans	2909283	S	122	124	246	0.00002	0.00001	nan	nan	58	3.0
Stappia indica	538381	S	908	1300	2208	0.00015	0.00009	nan	nan	66	5.0
Stappia sp. ES.058	1881061	S	156	159	315	0.00002	0.00001	nan	nan	65	4.0
Roseibium sp. Sym1	3016006	S	387	504	891	0.00006	0.00003	nan	nan	62	4.0
uncultured Roseibium sp.	1936171	S	291	296	587	0.00004	0.00002	nan	nan	61	4.0
Roseibium aggregatum	187304	S	270	633	903	0.00006	0.00004	nan	nan	60	4.0
Pannonibacter phragmitetus	121719	S	586	989	1575	0.00010	0.00007	nan	nan	64	4.0
Labrenzia sp. VG12	2021862	S	142	148	290	0.00002	0.00001	nan	nan	61	4.0
Labrenzia sp. PHM005	2590016	S	120	123	243	0.00002	0.00001	nan	nan	55	3.0
Ancylobacter sp. WKF20	3039801	S	168	219	387	0.00003	0.00001	nan	nan	68	nan
Ancylobacter sp. TS-1	1850374	S	142	177	319	0.00002	0.00001	nan	nan	68	nan
Ancylobacter pratisalsi	1745854	S	230	332	562	0.00004	0.00002	nan	nan	66	4.0
Ancylobacter polymorphus	223390	S	163	306	469	0.00003	0.00002	nan	nan	67	5.0
Xanthobacter dioxanivorans	2528964	S	309	459	768	0.00005	0.00003	nan	nan	68	5.0
Xanthobacter sp. YC-JY1	2419844	S	126	228	354	0.00002	0.00002	nan	nan	69	nan
Starkeya sp. ORNL1	2709380	S	222	230	452	0.00003	0.00002	nan	nan	67	4.0
Starkeya novella	921	S	185	201	386	0.00003	0.00001	nan	nan	68	nan
Pseudolabrys sp. FHR47	2562284	S	225	233	458	0.00003	0.00002	nan	nan	65	4.0
Pseudolabrys taiwanensis	331696	S	132	136	268	0.00002	0.00001	nan	nan	65	4.0
Azorhizobium caulinodans	7	S	253	268	521	0.00003	0.00002	nan	nan	68	5.0
Labrys sp. KNU-23	2789216	S	189	192	381	0.00003	0.00001	nan	nan	65	4.0
Aquabacter sp. L1I39	2820278	S	160	163	323	0.00002	0.00001	nan	nan	67	4.0
Bosea sp. NBC_00550	2969621	S	323	370	693	0.00005	0.00002	nan	nan	66	4.0
Bosea sp. PAMC 26642	1792307	S	246	273	519	0.00003	0.00002	nan	nan	66	4.0
Bosea sp. AS-1	2015316	S	238	271	509	0.00003	0.00002	nan	nan	67	4.0
Bosea sp. ANAM02	2020412	S	227	272	499	0.00003	0.00002	nan	nan	66	4.0
Bosea sp. REN20	3068632	S	212	251	463	0.00003	0.00002	nan	nan	66	4.0
Bosea sp. Tri-49	1867715	S	194	284	478	0.00003	0.00002	nan	nan	66	4.0
Bosea sp. RAC05	1842539	S	183	211	394	0.00003	0.00001	nan	nan	68	4.0
Bosea sp. F3-2	2599640	S	153	180	333	0.00002	0.00001	nan	nan	66	4.0
Bosea vaviloviae	1526658	S	143	315	458	0.00003	0.00002	nan	nan	66	5.0
Bosea vestrisii	151416	S	120	193	313	0.00002	0.00001	nan	nan	67	5.0
Acuticoccus sp. I52.16.1	2928472	S	1051	1145	2196	0.00015	0.00008	nan	nan	70	5.0
Acuticoccus sp. MNP-M23	3072793	S	396	429	825	0.00005	0.00003	nan	nan	67	4.0
Hyphomicrobium nitrativorans	1427356	S	165	174	339	0.00002	0.00001	nan	nan	65	4.0
Hyphomicrobium denitrificans	53399	S	132	141	273	0.00002	0.00001	nan	nan	61	4.0
Rhodoplanes sp. Z2-YC6860	674703	S	356	361	717	0.00005	0.00002	nan	nan	64	4.0
Rhodomicrobium lacus	2498452	S	106	134	240	0.00002	0.00001	nan	nan	64	4.0
Methyloceanibacter sp. wino2	2170729	S	101	156	257	0.00002	0.00001	nan	nan	64	4.0
Methylosinus trichosporium	426	S	248	259	507	0.00003	0.00002	nan	nan	66	4.0
Chenggangzhangella methanolivorans	1437009	S	275	281	556	0.00004	0.00002	nan	nan	69	5.0
uncultured Pleomorphomonas sp.	442121	S	410	480	890	0.00006	0.00003	nan	nan	68	5.0
Hartmannibacter diazotrophicus	1482074	S	371	386	757	0.00005	0.00003	nan	nan	65	4.0
Brucella intermedia	94625	S	208	320	528	0.00004	0.00002	nan	nan	59	4.0
Brucella pseudintermedia	370111	S	127	248	375	0.00002	0.00002	nan	nan	59	4.0
Nordella sp. HKS 07	2712222	S	247	248	495	0.00003	0.00002	nan	nan	63	4.0
Pseudorhodoplanes sinuspersici	1235591	S	247	250	497	0.00003	0.00002	nan	nan	61	4.0
Enhydrobacter sp.	1894999	S	101	102	203	0.00001	0.00001	nan	nan	67	4.0
Breoghania sp. L-A4	2304600	S	565	582	1147	0.00008	0.00004	nan	nan	66	4.0
Chelatococcus sp. CO-6	1702325	S	426	577	1003	0.00007	0.00004	nan	nan	69	nan
Kaustia mangrovi	2593653	S	426	433	859	0.00006	0.00003	nan	nan	68	5.0
Parvibaculum lavamentivorans	256618	S	124	168	292	0.00002	0.00001	nan	nan	63	4.0
Kaistia sp. 32K	2795690	S	578	612	1190	0.00008	0.00004	nan	nan	67	5.0
Phreatobacter cathodiphilus	1868589	S	247	282	529	0.00004	0.00002	nan	nan	70	4.0
Phreatobacter stygius	1940610	S	156	165	321	0.00002	0.00001	nan	nan	68	4.0
uncultured Cohaesibacter sp.	1002546	S	412	458	870	0.00006	0.00003	nan	nan	58	4.0
Methylocella silvestris	199596	S	114	115	229	0.00002	0.00001	nan	nan	63	4.0
Blastochloris tepida	2233851	S	170	182	352	0.00002	0.00001	nan	nan	69	nan
Wenxinia marina	390641	S	29691	29691	59382	0.00394	0.00197	nan	nan	71	4.0
Jannaschia sp. W003	2867012	S	11485	12116	23601	0.00157	0.00080	nan	nan	72	3.0
Jannaschia sp. GRR-S6-38	3038773	S	7420	7871	15291	0.00101	0.00052	nan	nan	69	5.0
Jannaschia sp. M317	2867011	S	2333	2475	4808	0.00032	0.00016	nan	nan	65	5.0
Jannaschia sp. CCS1	290400	S	1339	1354	2693	0.00018	0.00009	nan	nan	62	4.0
Roseovarius sp. SCSIO 43702	2823043	S	3579	3709	7288	0.00048	0.00025	nan	nan	67	5.0
Roseovarius sp. THAF9	2587847	S	2677	4250	6927	0.00046	0.00028	nan	nan	65	4.0
Roseovarius sp. THAF8	2587846	S	1347	3153	4500	0.00030	0.00021	nan	nan	65	4.0
Roseovarius sp. THAF27	2587850	S	1052	2768	3820	0.00025	0.00018	nan	nan	65	4.0
Roseovarius sp. TM1035	391613	S	308	1378	1686	0.00011	0.00009	nan	nan	62	4.0
Roseovarius indicus	540747	S	5476	9419	14895	0.00099	0.00062	nan	nan	65	5.0
Roseovarius tolerans	74031	S	1910	1958	3868	0.00026	0.00013	nan	nan	64	5.0
Roseovarius faecimaris	2494550	S	1682	1713	3395	0.00023	0.00011	nan	nan	63	4.0
Sulfitobacter sp. THAF37	2587855	S	2406	5083	7489	0.00050	0.00034	nan	nan	64	4.0
Sulfitobacter sp. S190	2867022	S	1271	1368	2639	0.00018	0.00009	nan	nan	62	4.0
Sulfitobacter sp. DSM 110093	2883127	S	492	692	1184	0.00008	0.00005	nan	nan	59	4.0
Sulfitobacter sp. JL08	2070369	S	433	439	872	0.00006	0.00003	nan	nan	57	4.0
Sulfitobacter sp. W027	2867025	S	422	581	1003	0.00007	0.00004	nan	nan	61	4.0
Sulfitobacter sp. SK025	1389011	S	350	1473	1823	0.00012	0.00010	nan	nan	62	4.0
Sulfitobacter sp. W002	2867024	S	335	830	1165	0.00008	0.00006	nan	nan	61	4.0
Sulfitobacter sp. SK011	1389004	S	298	303	601	0.00004	0.00002	nan	nan	57	4.0
Sulfitobacter sp. SK012	1389005	S	293	298	591	0.00004	0.00002	nan	nan	55	4.0
Sulfitobacter sp. BSw21498	664426	S	200	281	481	0.00003	0.00002	nan	nan	59	4.0
Sulfitobacter sp. S223	2867023	S	166	169	335	0.00002	0.00001	nan	nan	56	4.0
Sulfitobacter sp. CB2047	1525218	S	157	891	1048	0.00007	0.00006	nan	nan	62	4.0
Sulfitobacter alexandrii	1917485	S	4015	10119	14134	0.00094	0.00067	nan	nan	65	4.0
Sulfitobacter faviae	1775881	S	2010	4085	6095	0.00040	0.00027	nan	nan	63	4.0
Sulfitobacter albidus	2829501	S	1671	1718	3389	0.00022	0.00011	nan	nan	64	4.0
Sulfitobacter dubius	218673	S	656	1291	1947	0.00013	0.00009	nan	nan	62	4.0
Sulfitobacter mediterraneus	83219	S	632	1044	1676	0.00011	0.00007	nan	nan	60	4.0
Sulfitobacter indolifex	225422	S	343	520	863	0.00006	0.00003	nan	nan	60	4.0
Sulfitobacter pontiacus	60137	S	177	638	815	0.00005	0.00004	nan	nan	62	4.0
Roseivivax sp. THAF30	2587852	S	4736	6300	11036	0.00073	0.00042	nan	nan	65	4.0
Roseivivax sp. THAF40	2587858	S	141	2727	2868	0.00019	0.00018	nan	nan	65	4.0
Roseivivax sp. THAF197b	2588299	S	101	1322	1423	0.00009	0.00009	nan	nan	65	4.0
Roseivivax marinus	1379903	S	8203	10059	18262	0.00121	0.00067	nan	nan	68	nan
Salipiger profundus	1229727	S	6524	12255	18779	0.00125	0.00081	nan	nan	66	5.0
Salipiger abyssi	1250539	S	3927	6954	10881	0.00072	0.00046	nan	nan	66	4.0
Salipiger sp. CCB-MM3	1792508	S	2399	2601	5000	0.00033	0.00017	nan	nan	65	5.0
Leisingera sp. S132	2867016	S	989	1279	2268	0.00015	0.00008	nan	nan	64	4.0
Leisingera sp. M527	2867014	S	194	939	1133	0.00008	0.00006	nan	nan	63	4.0
Leisingera sp. NJS201	2508306	S	126	723	849	0.00006	0.00005	nan	nan	63	4.0
Leisingera aquaemixtae	1396826	S	2561	3872	6433	0.00043	0.00026	nan	nan	65	4.0
Leisingera caerulea	506591	S	1800	2528	4328	0.00029	0.00017	nan	nan	65	4.0
Leisingera thetidis	2930199	S	1269	1771	3040	0.00020	0.00012	nan	nan	65	4.0
Leisingera methylohalidivorans	133924	S	783	943	1726	0.00011	0.00006	nan	nan	63	4.0
Sagittula sp. P11	2009329	S	2426	9354	11780	0.00078	0.00062	nan	nan	66	4.0
Sagittula sp. MA-2	3048007	S	2317	6295	8612	0.00057	0.00042	nan	nan	67	4.0
Celeribacter indicus	1208324	S	4028	8724	12752	0.00085	0.00058	nan	nan	66	5.0
Celeribacter ethanolicus	1758178	S	919	1474	2393	0.00016	0.00010	nan	nan	63	4.0
Celeribacter baekdonensis	875171	S	680	908	1588	0.00011	0.00006	nan	nan	60	4.0
uncultured Celeribacter sp.	1303376	S	519	541	1060	0.00007	0.00004	nan	nan	61	4.0
Celeribacter marinus	1397108	S	240	246	486	0.00003	0.00002	nan	nan	57	4.0
Ruegeria sp. B32	2867020	S	1202	1339	2541	0.00017	0.00009	nan	nan	61	4.0
Ruegeria sp. SCSIO 43209	2793010	S	661	1041	1702	0.00011	0.00007	nan	nan	58	4.0
Ruegeria sp. TM1040	292414	S	433	498	931	0.00006	0.00003	nan	nan	61	4.0
Ruegeria sp. THAF33	2587853	S	286	515	801	0.00005	0.00003	nan	nan	59	4.0
Ruegeria sp. AD91A	2293862	S	271	325	596	0.00004	0.00002	nan	nan	58	4.0
Ruegeria sp. YS9	2966453	S	215	307	522	0.00003	0.00002	nan	nan	59	4.0
Ruegeria pomeroyi	89184	S	1770	1888	3658	0.00024	0.00013	nan	nan	65	4.0
Ruegeria conchae	981384	S	413	509	922	0.00006	0.00003	nan	nan	56	4.0
Ponticoccus alexandrii	1943633	S	5615	6232	11847	0.00079	0.00041	nan	nan	67	5.0
Mameliella alba	561184	S	4549	6022	10571	0.00070	0.00040	nan	nan	65	4.0
Palleronia sp. LCG004	3079304	S	4465	4548	9013	0.00060	0.00030	nan	nan	66	4.0
Alloyangia pacifica	311180	S	4445	4850	9295	0.00062	0.00032	nan	nan	68	5.0
Dinoroseobacter shibae	215813	S	3454	6808	10262	0.00068	0.00045	nan	nan	65	5.0
Oceanicola sp. D3	2587163	S	3403	3474	6877	0.00046	0.00023	nan	nan	65	5.0
Roseibacterium elongatum	159346	S	3190	3307	6497	0.00043	0.00022	nan	nan	66	5.0
Phaeobacter gallaeciensis	60890	S	1252	2399	3651	0.00024	0.00016	nan	nan	61	4.0
Phaeobacter inhibens	221822	S	628	952	1580	0.00010	0.00006	nan	nan	61	4.0
Phaeobacter piscinae	1580596	S	388	797	1185	0.00008	0.00005	nan	nan	61	4.0
Phaeobacter porticola	1844006	S	165	241	406	0.00003	0.00002	nan	nan	59	4.0
Pseudosulfitobacter pseudonitzschiae	1402135	S	2183	4128	6311	0.00042	0.00027	nan	nan	63	4.0
Pseudosulfitobacter sp. DSM 107133	2883100	S	560	1151	1711	0.00011	0.00008	nan	nan	63	4.0
Maribius sp. THAF1	2587842	S	2609	2667	5276	0.00035	0.00018	nan	nan	64	4.0
Ketogulonicigenium robustum	92947	S	1489	1669	3158	0.00021	0.00011	nan	nan	63	4.0
Ketogulonicigenium vulgare	92945	S	897	1087	1984	0.00013	0.00007	nan	nan	63	4.0
Actibacterium sp. EMB200-NS6	1609966	S	2520	5380	7900	0.00052	0.00036	nan	nan	65	4.0
Octadecabacter sp. SW4	2602067	S	1074	1492	2566	0.00017	0.00010	nan	nan	61	4.0
Octadecabacter arcticus	53946	S	509	586	1095	0.00007	0.00004	nan	nan	56	4.0
Octadecabacter antarcticus	1217908	S	390	440	830	0.00006	0.00003	nan	nan	55	4.0
Octadecabacter temperatus	1458307	S	156	158	314	0.00002	0.00001	nan	nan	55	nan
Loktanella salsilacus	195913	S	2061	2154	4215	0.00028	0.00014	nan	nan	61	4.0
Thalassovita sp.	1979401	S	1375	1459	2834	0.00019	0.00010	nan	nan	62	4.0
Thalassovita gelatinovora	53501	S	484	503	987	0.00007	0.00003	nan	nan	59	4.0
Antarctobacter heliothermus	74033	S	1801	1860	3661	0.00024	0.00012	nan	nan	62	4.0
Tropicibacter oceani	3058420	S	1654	1729	3383	0.00022	0.00011	nan	nan	64	4.0
Tateyamaria omphalii	299262	S	1411	1456	2867	0.00019	0.00010	nan	nan	63	4.0
Roseobacter ponti	1891787	S	693	707	1400	0.00009	0.00005	nan	nan	61	4.0
Roseobacter denitrificans	2434	S	392	426	818	0.00005	0.00003	nan	nan	59	4.0
Roseobacter litoralis	42443	S	173	197	370	0.00002	0.00001	nan	nan	58	4.0
Thalassococcus sp. S3	2017482	S	1276	1291	2567	0.00017	0.00009	nan	nan	61	4.0
Thalassobacter stenotrophicus	266809	S	356	363	719	0.00005	0.00002	nan	nan	59	4.0
Lentibacter algarum	576131	S	309	318	627	0.00004	0.00002	nan	nan	57	4.0
Falsihalocynthiibacter arcticus	1579316	S	208	212	420	0.00003	0.00001	nan	nan	54	4.0
Paracoccus sp. MC1862	2760307	S	3771	4041	7812	0.00052	0.00027	nan	nan	67	5.0
Paracoccus sp. S3-43	3030011	S	3040	5639	8679	0.00058	0.00037	nan	nan	68	nan
Paracoccus sp. MA	2895796	S	1535	3295	4830	0.00032	0.00022	nan	nan	68	nan
Paracoccus sp. AK26	2589076	S	1256	1690	2946	0.00020	0.00011	nan	nan	67	4.0
Paracoccus sp. SCSIO 75233	3017782	S	1214	3785	4999	0.00033	0.00025	nan	nan	65	4.0
Paracoccus sp. TOH	1263728	S	1165	2010	3175	0.00021	0.00013	nan	nan	68	nan
Paracoccus sp. Arc7-R13	2500532	S	593	2008	2601	0.00017	0.00013	nan	nan	67	nan
Paracoccus sp. M09	3064531	S	423	756	1179	0.00008	0.00005	nan	nan	66	4.0
Paracoccus sanguinis	1545044	S	5166	7233	12399	0.00082	0.00048	nan	nan	70	5.0
Paracoccus liaowanqingii	2560053	S	3945	4187	8132	0.00054	0.00028	nan	nan	68	nan
Paracoccus stylophorae	659350	S	3720	5762	9482	0.00063	0.00038	nan	nan	67	nan
Paracoccus suum	2259340	S	2750	3457	6207	0.00041	0.00023	nan	nan	67	5.0
Paracoccus contaminans	1945662	S	2594	3310	5904	0.00039	0.00022	nan	nan	68	5.0
Paracoccus zhejiangensis	1077935	S	2533	3484	6017	0.00040	0.00023	nan	nan	67	5.0
Paracoccus jeotgali	2065379	S	2325	2696	5021	0.00033	0.00018	nan	nan	66	5.0
Paracoccus aminovorans	34004	S	2006	2571	4577	0.00030	0.00017	nan	nan	68	nan
Paracoccus aestuarii	453842	S	1784	1968	3752	0.00025	0.00013	nan	nan	69	nan
Paracoccus denitrificans	266	S	1707	3246	4953	0.00033	0.00022	nan	nan	67	5.0
Paracoccus yeei	147645	S	1671	5537	7208	0.00048	0.00037	nan	nan	67	5.0
Paracoccus sediminicola	3017783	S	1662	2678	4340	0.00029	0.00018	nan	nan	64	4.0
Paracoccus alcaliphilus	34002	S	1337	1929	3266	0.00022	0.00013	nan	nan	65	4.0
Paracoccus tegillarcae	1529068	S	1194	1289	2483	0.00016	0.00009	nan	nan	63	4.0
Paracoccus pantotrophus	82367	S	1183	2340	3523	0.00023	0.00016	nan	nan	68	nan
Paracoccus saliphilus	405559	S	1177	1269	2446	0.00016	0.00008	nan	nan	62	4.0
Paracoccus versutus	34007	S	1172	2186	3358	0.00022	0.00015	nan	nan	67	5.0
Paracoccus kondratievae	135740	S	942	1366	2308	0.00015	0.00009	nan	nan	64	4.0
Paracoccus aminophilus	34003	S	870	1092	1962	0.00013	0.00007	nan	nan	65	4.0
Paracoccus marcusii	59779	S	813	1850	2663	0.00018	0.00012	nan	nan	67	nan
Paracoccus fistulariae	658446	S	786	1174	1960	0.00013	0.00008	nan	nan	64	4.0
Paracoccus seriniphilus	184748	S	760	811	1571	0.00010	0.00005	nan	nan	62	4.0
Paracoccus aerodenitrificans	3017781	S	696	2036	2732	0.00018	0.00014	nan	nan	64	4.0
Paracoccus methylovorus	2812658	S	492	688	1180	0.00008	0.00005	nan	nan	64	4.0
Paracoccus everestensis	2903900	S	484	954	1438	0.00010	0.00006	nan	nan	67	4.0
Paracoccus albicereus	2922394	S	378	380	758	0.00005	0.00003	nan	nan	65	4.0
Paracoccus albus	3017784	S	333	484	817	0.00005	0.00003	nan	nan	61	4.0
Paracoccus mutanolyticus	1499308	S	175	1285	1460	0.00010	0.00009	nan	nan	67	nan
Pelagovum pacificum	2588711	S	19665	23104	42769	0.00284	0.00153	nan	nan	67	5.0
Silicimonas algicola	1826607	S	13197	13607	26804	0.00178	0.00090	nan	nan	66	5.0
Cereibacter sphaeroides	1063	S	6479	8414	14893	0.00099	0.00056	nan	nan	69	nan
Cereibacter azotoformans	43057	S	4803	6356	11159	0.00074	0.00042	nan	nan	69	nan
Rhodobacter sp. CZR27	2033869	S	4635	6352	10987	0.00073	0.00042	nan	nan	69	nan
Rhodobacter sp. LPB0142	1850250	S	3041	5580	8621	0.00057	0.00037	nan	nan	66	5.0
Rhodobacter capsulatus	1061	S	2501	2961	5462	0.00036	0.00020	nan	nan	67	nan
Pseudooceanicola atlanticus	1461694	S	3661	4062	7723	0.00051	0.00027	nan	nan	65	4.0
Pseudooceanicola algae	1537215	S	2352	2520	4872	0.00032	0.00017	nan	nan	65	4.0
Pseudooceanicola nitratireducens	517719	S	2113	2290	4403	0.00029	0.00015	nan	nan	65	4.0
Rhodovulum sp. P5	1564506	S	2719	3100	5819	0.00039	0.00021	nan	nan	65	4.0
Rhodovulum sp. MB263	308754	S	1422	2091	3513	0.00023	0.00014	nan	nan	68	nan
Rhodovulum sulfidophilum	35806	S	2223	4106	6329	0.00042	0.00027	nan	nan	68	nan
Thioclava nitratireducens	1915078	S	2189	3762	5951	0.00039	0.00025	nan	nan	64	4.0
Thioclava electrotropha	1549850	S	1398	1797	3195	0.00021	0.00012	nan	nan	64	4.0
Brevirhabdus pacifica	1267768	S	4108	8254	12362	0.00082	0.00055	nan	nan	66	5.0
Pontivivens ytuae	2789856	S	3939	4116	8055	0.00053	0.00027	nan	nan	67	nan
Neotabrizicola shimadae	2807096	S	3885	4832	8717	0.00058	0.00032	nan	nan	66	nan
Frigidibacter mobilis	1335048	S	3855	5730	9585	0.00064	0.00038	nan	nan	66	5.0
Paroceanicella profunda	2579971	S	3664	5112	8776	0.00058	0.00034	nan	nan	70	5.0
Gymnodinialimonas ceratoperidinii	2856823	S	3473	3674	7147	0.00047	0.00024	nan	nan	65	4.0
Fuscovulum blasticum	1075	S	2333	2641	4974	0.00033	0.00018	nan	nan	67	4.0
Fuscovulum sp. YMD61	3042299	S	805	912	1717	0.00011	0.00006	nan	nan	63	4.0
Tabrizicola piscis	2494374	S	2739	3251	5990	0.00040	0.00022	nan	nan	65	4.0
Pseudopuniceibacterium antarcticum	2613965	S	2643	2802	5445	0.00036	0.00019	nan	nan	64	4.0
Gemmobacter aquarius	2169400	S	1380	1752	3132	0.00021	0.00012	nan	nan	64	4.0
Gemmobacter fulvus	2840474	S	1194	1733	2927	0.00019	0.00011	nan	nan	65	4.0
Falsirhodobacter algicola	2692330	S	2574	2969	5543	0.00037	0.00020	nan	nan	67	nan
Pukyongiella litopenaei	2605946	S	2554	3928	6482	0.00043	0.00026	nan	nan	67	4.0
Pacificitalea manganoxidans	1411902	S	2189	3277	5466	0.00036	0.00022	nan	nan	65	4.0
Marivivens sp. LCG002	3051171	S	1111	1197	2308	0.00015	0.00008	nan	nan	59	4.0
Marivivens sp. JLT3646	1920883	S	747	1021	1768	0.00012	0.00007	nan	nan	57	4.0
Pikeienuella piscinae	2748098	S	1635	1874	3509	0.00023	0.00012	nan	nan	66	5.0
Algicella marina	2683284	S	1560	1600	3160	0.00021	0.00011	nan	nan	61	4.0
Sinirhodobacter sp. HNIBRBA609	3015995	S	1512	1798	3310	0.00022	0.00012	nan	nan	65	4.0
Yoonia vestfoldensis	245188	S	1509	2179	3688	0.00024	0.00014	nan	nan	64	4.0
Haematobacter massiliensis	195105	S	1482	3023	4505	0.00030	0.00020	nan	nan	66	4.0
Qingshengfaniella alkalisoli	2599296	S	1280	1362	2642	0.00018	0.00009	nan	nan	59	4.0
Rhodophyticola sp. CSW1921	2978973	S	698	714	1412	0.00009	0.00005	nan	nan	60	4.0
Rhodophyticola sp. CCM32	2916397	S	550	563	1113	0.00007	0.00004	nan	nan	61	4.0
Tritonibacter scottomollicae	483013	S	500	589	1089	0.00007	0.00004	nan	nan	62	4.0
Tritonibacter mobilis	379347	S	420	816	1236	0.00008	0.00005	nan	nan	60	4.0
Roseicitreum antarcticum	564137	S	1151	1187	2338	0.00016	0.00008	nan	nan	63	4.0
Polymorphum gilvum	991904	S	1072	1432	2504	0.00017	0.00010	nan	nan	67	nan
Pontibrevibacter nitratireducens	2758038	S	1045	1487	2532	0.00017	0.00010	nan	nan	64	4.0
Aliiroseovarius crassostreae	154981	S	770	811	1581	0.00010	0.00005	nan	nan	60	4.0
Aliiroseovarius sp. M344	2867010	S	158	191	349	0.00002	0.00001	nan	nan	58	4.0
Abyssibius alkaniclasticus	2881234	S	791	899	1690	0.00011	0.00006	nan	nan	62	4.0
Limimaricola hongkongensis	278132	S	687	708	1395	0.00009	0.00005	nan	nan	71	4.0
Roseinatronobacter sp. S2	3035471	S	511	541	1052	0.00007	0.00004	nan	nan	60	4.0
Parasedimentitalea psychrophila	2997337	S	426	450	876	0.00006	0.00003	nan	nan	59	4.0
Profundibacter amoris	2171755	S	490	500	990	0.00007	0.00003	nan	nan	59	4.0
Pseudorhodobacter turbinis	2500533	S	382	403	785	0.00005	0.00003	nan	nan	59	4.0
Rhodobaca barguzinensis	441209	S	376	406	782	0.00005	0.00003	nan	nan	60	4.0
Cognatishimia activa	1715691	S	320	330	650	0.00004	0.00002	nan	nan	56	4.0
Amylibacter sp. IMCC11727	3039851	S	119	121	240	0.00002	0.00001	nan	nan	55	2.0
Wolbachia endosymbiont (group B) of Rhopobota naevana	2954054	S	7503	52406	59909	0.00397	0.00348	nan	nan	33	nan
Wolbachia endosymbiont (group B) of Thymelicus sylvestris	2954062	S	1712	282555	284267	0.01886	0.01874	nan	nan	33	nan
Wolbachia endosymbiont of Trichogramma pretiosum	125593	S	681	731	1412	0.00009	0.00005	nan	nan	33	nan
Wolbachia endosymbiont of Anopheles demeilloni	2748871	S	394	512	906	0.00006	0.00003	nan	nan	33	nan
Wolbachia endosymbiont of Diaphorina citri	116598	S	324	530	854	0.00006	0.00004	nan	nan	34	nan
Wolbachia endosymbiont of Oedothorax gibbosus	931100	S	261	298	559	0.00004	0.00002	nan	nan	34	nan
Wolbachia endosymbiont of Bemisia tabaci	215173	S	234	410	644	0.00004	0.00003	nan	nan	34	nan
Wolbachia endosymbiont of Ctenocephalides felis wCfeJ	2732594	S	215	216	431	0.00003	0.00001	nan	nan	35	4.0
Wolbachia endosymbiont of Cimex lectularius	246273	S	211	211	422	0.00003	0.00001	nan	nan	37	3.0
Wolbachia endosymbiont of Frankliniella intonsa	2902422	S	178	291	469	0.00003	0.00002	nan	nan	34	nan
Wolbachia endosymbiont of Folsomia candida	169402	S	145	145	290	0.00002	0.00001	nan	nan	34	3.0
Wolbachia endosymbiont of Litomosoides sigmodontis	80850	S	138	138	276	0.00002	0.00001	nan	nan	31	3.0
Wolbachia endosymbiont (group B) of Camptogramma bilineatum	2953991	S	120	330	450	0.00003	0.00002	nan	nan	33	nan
Wolbachia endosymbiont (group B) of Ischnura elegans	2954021	S	116	334	450	0.00003	0.00002	nan	nan	33	nan
Wolbachia endosymbiont (group B) of Euphydryas aurinia	2954014	S	115	392	507	0.00003	0.00003	nan	nan	33	nan
Wolbachia endosymbiont of Ctenocephalides felis wCfeT	2732593	S	108	108	216	0.00001	0.00001	nan	nan	36	3.0
Wolbachia endosymbiont (group B) of Chorthippus parallelus	2953997	S	106	274	380	0.00003	0.00002	nan	nan	33	nan
Wolbachia endosymbiont of Dirofilaria (Dirofilaria) immitis	1812115	S	106	106	212	0.00001	0.00001	nan	nan	33	3.0
Wolbachia endosymbiont (group B) of Eucosma cana	2954012	S	105	287	392	0.00003	0.00002	nan	nan	33	nan
Wolbachia pipientis	955	S	560	1537	2097	0.00014	0.00010	nan	nan	34	nan
Candidatus Wolbachia massiliensis	1845000	S	172	175	347	0.00002	0.00001	nan	nan	35	4.0
Komagataeibacter saccharivorans	265959	S	78799	82527	161326	0.01070	0.00547	nan	nan	63	4.0
Komagataeibacter nataicola	265960	S	787	822	1609	0.00011	0.00005	nan	nan	65	4.0
Komagataeibacter xylinus	28448	S	692	730	1422	0.00009	0.00005	nan	nan	64	5.0
Komagataeibacter rhaeticus	215221	S	381	394	775	0.00005	0.00003	nan	nan	65	3.0
Komagataeibacter oboediens	65958	S	351	380	731	0.00005	0.00003	nan	nan	63	4.0
Komagataeibacter medellinensis	1177712	S	315	386	701	0.00005	0.00003	nan	nan	63	4.0
Komagataeibacter intermedius	66229	S	178	303	481	0.00003	0.00002	nan	nan	63	4.0
Komagataeibacter europaeus	33995	S	174	182	356	0.00002	0.00001	nan	nan	64	4.0
Roseomonas sp. OT10	2897332	S	641	807	1448	0.00010	0.00005	nan	nan	73	4.0
Roseomonas fluvialis	1750527	S	293	296	589	0.00004	0.00002	nan	nan	71	4.0
Roseomonas haemaphysalidis	2768162	S	162	170	332	0.00002	0.00001	nan	nan	71	4.0
Roseomonas gilardii	257708	S	131	282	413	0.00003	0.00002	nan	nan	71	4.0
Roseomonas marmotae	2768161	S	102	110	212	0.00001	0.00001	nan	nan	69	4.0
Acetobacter aceti	435	S	480	530	1010	0.00007	0.00004	nan	nan	60	4.0
Acetobacter persici	1076596	S	183	184	367	0.00002	0.00001	nan	nan	58	4.0
Acetobacter oryzifermentans	1633874	S	173	354	527	0.00003	0.00002	nan	nan	54	4.0
Acetobacter tropicalis	104102	S	158	172	330	0.00002	0.00001	nan	nan	58	4.0
Gluconacetobacter diazotrophicus	33996	S	242	249	491	0.00003	0.00002	nan	nan	67	5.0
Gluconobacter sphaericus	574987	S	100	110	210	0.00001	0.00001	nan	nan	60	4.0
Sediminicoccus rosea	1225128	S	211	213	424	0.00003	0.00001	nan	nan	69	4.0
Rhodovastum atsumiense	504468	S	210	212	422	0.00003	0.00001	nan	nan	70	4.0
Pseudoroseomonas cervicalis	204525	S	205	211	416	0.00003	0.00001	nan	nan	72	4.0
Novacetimonas hansenii	436	S	168	173	341	0.00002	0.00001	nan	nan	62	4.0
Neoasaia chiangmaiensis	320497	S	126	129	255	0.00002	0.00001	nan	nan	62	4.0
Azospirillum thermophilum	2202148	S	485	557	1042	0.00007	0.00004	nan	nan	71	4.0
Azospirillum sp. B510	137722	S	186	260	446	0.00003	0.00002	nan	nan	69	4.0
Azospirillum brasilense	192	S	308	721	1029	0.00007	0.00005	nan	nan	70	nan
Azospirillum thiophilum	528244	S	239	300	539	0.00004	0.00002	nan	nan	69	nan
Azospirillum argentinense	2970906	S	122	346	468	0.00003	0.00002	nan	nan	70	nan
Azospirillum lipoferum	193	S	119	202	321	0.00002	0.00001	nan	nan	69	nan
Skermanella sp. TT6	2775420	S	173	481	654	0.00004	0.00003	nan	nan	68	nan
Skermanella pratensis	2233999	S	112	175	287	0.00002	0.00001	nan	nan	69	nan
Skermanella mucosa	1789672	S	102	187	289	0.00002	0.00001	nan	nan	69	nan
Nitrospirillum amazonense	28077	S	231	250	481	0.00003	0.00002	nan	nan	69	nan
Indioceanicola profundi	2220096	S	102	114	216	0.00001	0.00001	nan	nan	67	4.0
Magnetospirillum sp. ME-1	1639348	S	122	284	406	0.00003	0.00002	nan	nan	67	4.0
Hypericibacter adhaerens	2602016	S	210	221	431	0.00003	0.00001	nan	nan	68	4.0
Hypericibacter terrae	2602015	S	100	102	202	0.00001	0.00001	nan	nan	66	4.0
Rhodospirillum centenum	34018	S	227	262	489	0.00003	0.00002	nan	nan	71	4.0
Ferrovibrio terrae	2594003	S	138	141	279	0.00002	0.00001	nan	nan	64	4.0
Stella humosa	94	S	325	335	660	0.00004	0.00002	nan	nan	70	3.0
Tistrella mobilis	171437	S	210	254	464	0.00003	0.00002	nan	nan	68	4.0
Magnetospira sp. QH-2	1288970	S	119	119	238	0.00002	0.00001	nan	nan	60	4.0
Nisaea acidiphila	1862145	S	139	143	282	0.00002	0.00001	nan	nan	64	4.0
Elioraea tepida	2843330	S	125	127	252	0.00002	0.00001	nan	nan	70	3.0
Sphingomonas sp. MM-1	745310	S	182	619	801	0.00005	0.00004	nan	nan	66	4.0
Sphingomonas sp. AP4-R1	2735134	S	166	175	341	0.00002	0.00001	nan	nan	67	4.0
Sphingomonas sp. FARSPH	2219696	S	166	330	496	0.00003	0.00002	nan	nan	67	4.0
Sphingomonas sp. CL5.1	2653203	S	146	196	342	0.00002	0.00001	nan	nan	67	4.0
Sphingomonas sp. SUN019	2937788	S	123	128	251	0.00002	0.00001	nan	nan	67	4.0
Sphingomonas sp.	28214	S	115	223	338	0.00002	0.00001	nan	nan	66	4.0
Sphingomonas sp. KRR8	2942996	S	115	122	237	0.00002	0.00001	nan	nan	66	4.0
Sphingomonas sp. PAMB00755	3012344	S	110	119	229	0.00002	0.00001	nan	nan	67	4.0
Sphingomonas sp. LK11	1390395	S	107	181	288	0.00002	0.00001	nan	nan	66	3.0
Sphingomonas sp. QA11	2950605	S	105	267	372	0.00002	0.00002	nan	nan	66	4.0
Sphingomonas sp. S6-11	2991075	S	102	109	211	0.00001	0.00001	nan	nan	66	3.0
Sphingomonas naphthae	1813468	S	202	458	660	0.00004	0.00003	nan	nan	67	4.0
Sphingomonas hankookensis	563996	S	195	463	658	0.00004	0.00003	nan	nan	67	4.0
Sphingomonas profundi	2681549	S	185	197	382	0.00003	0.00001	nan	nan	69	nan
Sphingomonas cannabina	2899123	S	174	256	430	0.00003	0.00002	nan	nan	68	5.0
Sphingomonas rhizophila	2071607	S	166	202	368	0.00002	0.00001	nan	nan	66	4.0
Sphingomonas morindae	1541170	S	161	172	333	0.00002	0.00001	nan	nan	69	nan
Sphingomonas sabuli	2764186	S	133	140	273	0.00002	0.00001	nan	nan	66	4.0
Sphingomonas glaciei	2938948	S	124	130	254	0.00002	0.00001	nan	nan	67	4.0
Sphingomonas ginsengisoli An et al. 2013	363835	S	103	116	219	0.00001	0.00001	nan	nan	68	3.0
Sphingomonas sediminicola	386874	S	100	103	203	0.00001	0.00001	nan	nan	63	3.0
Novosphingobium sp. Gsoil 351	2675225	S	116	119	235	0.00002	0.00001	nan	nan	67	4.0
Novosphingobium sp. P6W	1609758	S	103	120	223	0.00001	0.00001	nan	nan	65	4.0
Novosphingobium resinovorum	158500	S	189	323	512	0.00003	0.00002	nan	nan	66	4.0
Novosphingobium kaempferiae	2896849	S	181	206	387	0.00003	0.00001	nan	nan	67	4.0
Sphingobium sp. V4	3038927	S	130	192	322	0.00002	0.00001	nan	nan	65	4.0
Sphingobium amiense	135719	S	139	590	729	0.00005	0.00004	nan	nan	65	4.0
Sphingobium chlorophenolicum	46429	S	119	223	342	0.00002	0.00001	nan	nan	65	4.0
Sphingopyxis sp. OPL5	2486273	S	110	205	315	0.00002	0.00001	nan	nan	67	4.0
Sphingopyxis macrogoltabida	33050	S	117	542	659	0.00004	0.00004	nan	nan	65	4.0
Sphingomicrobium aestuariivivum	1582356	S	102	108	210	0.00001	0.00001	nan	nan	67	4.0
Allosphingosinicella indica	941907	S	157	163	320	0.00002	0.00001	nan	nan	67	4.0
Novosphingopyxis iocasae	2762729	S	128	310	438	0.00003	0.00002	nan	nan	64	4.0
Parasphingopyxis algicola	2026624	S	103	104	207	0.00001	0.00001	nan	nan	64	4.0
Porphyrobacter sp. CACIAM 03H1	2003315	S	129	263	392	0.00003	0.00002	nan	nan	68	5.0
Qipengyuania spongiae	2909673	S	120	296	416	0.00003	0.00002	nan	nan	65	4.0
Croceicoccus marinus	450378	S	182	330	512	0.00003	0.00002	nan	nan	66	4.0
Aurantiacibacter sp. MUD11	3003265	S	172	187	359	0.00002	0.00001	nan	nan	66	4.0
Sphingosinicella microcystinivorans	335406	S	216	342	558	0.00004	0.00002	nan	nan	66	4.0
Polymorphobacter megasporae	2835787	S	124	151	275	0.00002	0.00001	nan	nan	66	4.0
Sandaracinobacteroides saxicola	2759707	S	101	102	203	0.00001	0.00001	nan	nan	68	4.0
Brevundimonas sp. MF30-B	2561924	S	137	243	380	0.00003	0.00002	nan	nan	69	nan
Brevundimonas sp. LM2	1938605	S	109	245	354	0.00002	0.00002	nan	nan	69	5.0
Brevundimonas subvibrioides	74313	S	253	283	536	0.00004	0.00002	nan	nan	69	5.0
Brevundimonas vancanneytii	1325724	S	130	636	766	0.00005	0.00004	nan	nan	67	4.0
Brevundimonas pondensis	2774189	S	101	132	233	0.00002	0.00001	nan	nan	67	4.0
Caulobacter sp. NIBR1757	3016000	S	234	271	505	0.00003	0.00002	nan	nan	69	nan
Caulobacter sp. S6	2823693	S	163	177	340	0.00002	0.00001	nan	nan	69	4.0
Caulobacter mirabilis	69666	S	268	321	589	0.00004	0.00002	nan	nan	69	4.0
Caulobacter rhizosphaerae	2010972	S	243	330	573	0.00004	0.00002	nan	nan	69	4.0
Caulobacter flavus	1679497	S	185	255	440	0.00003	0.00002	nan	nan	70	nan
Caulobacter segnis	88688	S	136	194	330	0.00002	0.00001	nan	nan	69	4.0
Caulobacter henricii	69395	S	121	147	268	0.00002	0.00001	nan	nan	67	4.0
Phenylobacterium zucineum	284016	S	235	292	527	0.00003	0.00002	nan	nan	70	4.0
Phenylobacterium sp. NIBR 498073	3015177	S	134	156	290	0.00002	0.00001	nan	nan	69	nan
Hyphobacterium sp. CCMP332	2749086	S	279	283	562	0.00004	0.00002	nan	nan	60	4.0
Marinicauda algicola	2029849	S	177	208	385	0.00003	0.00001	nan	nan	68	nan
Candidatus Viadribacter manganicus	1759059	S	126	127	253	0.00002	0.00001	nan	nan	62	4.0
Aquisalinus flavus	1526572	S	131	133	264	0.00002	0.00001	nan	nan	63	4.0
Enterobacter sp. HK169	1868135	S	119234	486727	605961	0.04020	0.03229	nan	nan	59	5.0
Enterobacter sp. RHBSTW-00994	2742676	S	162	166	328	0.00002	0.00001	nan	nan	53	2.0
Enterobacter sp. JBIWA005	2831891	S	132	288	420	0.00003	0.00002	nan	nan	59	4.0
Enterobacter sp. SGAir0187	2836161	S	127	185	312	0.00002	0.00001	nan	nan	59	4.0
Enterobacter asburiae	61645	S	4352	9550	13902	0.00092	0.00063	nan	nan	59	4.0
Enterobacter cloacae	550	S	1418	2193	3611	0.00024	0.00015	nan	nan	57	4.0
Enterobacter roggenkampii	1812935	S	1365	1965	3330	0.00022	0.00013	nan	nan	59	4.0
Enterobacter hormaechei	158836	S	883	5529	6412	0.00043	0.00037	nan	nan	59	4.0
Enterobacter kobei	208224	S	438	1304	1742	0.00012	0.00009	nan	nan	57	4.0
Enterobacter chengduensis	2494701	S	397	522	919	0.00006	0.00003	nan	nan	59	4.0
Enterobacter sichuanensis	2071710	S	375	422	797	0.00005	0.00003	nan	nan	57	4.0
Enterobacter cloacae complex sp.	2027919	S	122	185	307	0.00002	0.00001	nan	nan	58	4.0
Enterobacter chuandaensis	2497875	S	340	399	739	0.00005	0.00003	nan	nan	58	4.0
Enterobacter cancerogenus	69218	S	321	337	658	0.00004	0.00002	nan	nan	58	4.0
Enterobacter ludwigii	299767	S	250	628	878	0.00006	0.00004	nan	nan	57	4.0
Enterobacter mori	539813	S	961	1064	2025	0.00013	0.00007	nan	nan	57	4.0
Enterobacter bugandensis	881260	S	398	590	988	0.00007	0.00004	nan	nan	59	4.0
Enterobacter pseudoroggenkampii	2996112	S	235	408	643	0.00004	0.00003	nan	nan	59	4.0
Enterobacter huaxiensis	2494702	S	231	244	475	0.00003	0.00002	nan	nan	59	4.0
Enterobacter oligotrophicus	2478464	S	182	189	371	0.00002	0.00001	nan	nan	57	4.0
Klebsiella pneumoniae	573	S	107	805	912	0.00006	0.00005	nan	nan	59	4.0
Escherichia coli	562	S	167	2234	2401	0.00016	0.00015	nan	nan	57	4.0
Candidatus Arsenophonus lipoptenae	634113	S	62633	62649	125282	0.00831	0.00416	nan	nan	27	4.0
Serratia marcescens	615	S	102	241	343	0.00002	0.00002	nan	nan	63	4.0
Pseudomonas sp. Pc102	2678261	S	223791	294686	518477	0.03439	0.01955	nan	nan	69	4.0
Pseudomonas sp. DTU12.1	2654238	S	17100	43640	60740	0.00403	0.00289	nan	nan	62	4.0
Pseudomonas sp. LG1D9	2083054	S	14004	34587	48591	0.00322	0.00229	nan	nan	63	4.0
Pseudomonas sp. Y39-6	2749807	S	976	2744	3720	0.00025	0.00018	nan	nan	64	4.0
Pseudomonas sp. So3.2b	2864101	S	332	1215	1547	0.00010	0.00008	nan	nan	64	5.0
Pseudomonas sp. WCS374	1495331	S	215	4680	4895	0.00032	0.00031	nan	nan	62	4.0
Pseudomonas sp. FP215	2738126	S	194	545	739	0.00005	0.00004	nan	nan	62	5.0
Pseudomonas sp. ADAK18	2730848	S	187	192	379	0.00003	0.00001	nan	nan	60	4.0
Pseudomonas sp. Z003-0.4C(8344-21)	1855380	S	173	209	382	0.00003	0.00001	nan	nan	61	4.0
Pseudomonas sp. BIOMIG1BAC	1758730	S	169	339	508	0.00003	0.00002	nan	nan	64	4.0
Pseudomonas sp. S49	1573720	S	157	501	658	0.00004	0.00003	nan	nan	62	4.0
Pseudomonas sp. LS1212	2972478	S	153	155	308	0.00002	0.00001	nan	nan	62	5.0
Pseudomonas sp. SXM-1	2169583	S	143	349	492	0.00003	0.00002	nan	nan	63	5.0
Pseudomonas sp. S09G 359	2054919	S	125	133	258	0.00002	0.00001	nan	nan	62	5.0
Pseudomonas sp. FP818	2954099	S	120	421	541	0.00004	0.00003	nan	nan	63	5.0
Pseudomonas sp. TUM22785	3019098	S	107	125	232	0.00002	0.00001	nan	nan	68	3.0
Pseudomonas sp. G2-4	1506334	S	106	112	218	0.00001	0.00001	nan	nan	62	5.0
Pseudomonas sp. DTU_2021_1001937_2_SI_NGA_ILE_001	3077589	S	105	106	211	0.00001	0.00001	nan	nan	65	4.0
Pseudomonas sp. GXZC	3003351	S	100	130	230	0.00002	0.00001	nan	nan	62	4.0
Pseudomonas sp. OE 28.3	2745519	S	100	111	211	0.00001	0.00001	nan	nan	61	5.0
Pseudomonas sp. SGAir0191	2217867	S	119880	140685	260565	0.01728	0.00933	nan	nan	63	4.0
Pseudomonas putida	303	S	495	880	1375	0.00009	0.00006	nan	nan	64	nan
Pseudomonas proteolytica	219574	S	2494	3110	5604	0.00037	0.00021	nan	nan	62	5.0
Pseudomonas fluorescens	294	S	958	1157	2115	0.00014	0.00008	nan	nan	62	5.0
Pseudomonas brenneri	129817	S	893	1000	1893	0.00013	0.00007	nan	nan	62	4.0
Pseudomonas mandelii	75612	S	513	970	1483	0.00010	0.00006	nan	nan	62	5.0
Pseudomonas rhodesiae	76760	S	405	448	853	0.00006	0.00003	nan	nan	62	5.0
Pseudomonas veronii	76761	S	289	579	868	0.00006	0.00004	nan	nan	64	5.0
Pseudomonas synxantha	47883	S	286	374	660	0.00004	0.00002	nan	nan	61	4.0
Pseudomonas tolaasii	29442	S	128	134	262	0.00002	0.00001	nan	nan	62	4.0
Pseudomonas amygdali	47877	S	415	1367	1782	0.00012	0.00009	nan	nan	61	5.0
Pseudomonas syringae	317	S	146	173	319	0.00002	0.00001	nan	nan	61	4.0
Pseudomonas aeruginosa	287	S	417	2743	3160	0.00021	0.00018	nan	nan	67	4.0
Pseudomonas hygromyciniae	2812000	S	724	846	1570	0.00010	0.00006	nan	nan	62	4.0
Pseudomonas chlororaphis	587753	S	238	342	580	0.00004	0.00002	nan	nan	65	4.0
Pseudomonas fragi	296	S	142	158	300	0.00002	0.00001	nan	nan	60	4.0
Pseudomonas protegens	380021	S	140	183	323	0.00002	0.00001	nan	nan	65	4.0
Pseudomonas tohonis	2725477	S	394	465	859	0.00006	0.00003	nan	nan	69	3.0
Pseudomonas otitidis	319939	S	288	295	583	0.00004	0.00002	nan	nan	68	3.0
Pseudomonas alkylphenolica	237609	S	268	277	545	0.00004	0.00002	nan	nan	63	4.0
Pseudomonas baltica	2762576	S	257	259	516	0.00003	0.00002	nan	nan	63	3.0
Pseudomonas umsongensis	198618	S	173	179	352	0.00002	0.00001	nan	nan	61	4.0
Pseudomonas psychrophila	122355	S	172	175	347	0.00002	0.00001	nan	nan	58	4.0
Pseudomonas silesiensis	1853130	S	113	117	230	0.00002	0.00001	nan	nan	61	4.0
Pseudomonas extremaustralis	359110	S	111	119	230	0.00002	0.00001	nan	nan	63	4.0
Pseudomonas solani	2731552	S	103	120	223	0.00001	0.00001	nan	nan	67	3.0
Pseudomonas denitrificans (nom. rej.)	43306	S	112	129	241	0.00002	0.00001	nan	nan	66	4.0
Thioalkalivibrio paradoxus	108010	S	312543	314733	627276	0.04161	0.02088	nan	nan	67	4.0
Paraglaciecola sp. L3A3	2686358	S	283714	284063	567777	0.03766	0.01884	nan	nan	39	nan
Gallaecimonas kandeliae	3029055	S	162832	163447	326279	0.02164	0.01084	nan	nan	65	4.0
Lysobacter enzymogenes	69	S	158	542	700	0.00005	0.00004	nan	nan	70	3.0
Lysobacter antibioticus	84531	S	124	157	281	0.00002	0.00001	nan	nan	68	3.0
Stenotrophomonas maltophilia	40324	S	183	534	717	0.00005	0.00004	nan	nan	67	4.0
Halomonas sp. DN3	2953657	S	125	396	521	0.00003	0.00003	nan	nan	66	4.0
Halomonas sulfidivorans	2733488	S	102	344	446	0.00003	0.00002	nan	nan	65	3.0
Cupriavidus sp. P-10	2027911	S	1064645	1156402	2221047	0.14733	0.07671	nan	nan	65	4.0
Cupriavidus sp. MP-37	2884455	S	109	123	232	0.00002	0.00001	nan	nan	68	3.0
Cupriavidus sp. BIC8F	3079014	S	104	118	222	0.00001	0.00001	nan	nan	66	3.0
Cupriavidus taiwanensis	164546	S	333	414	747	0.00005	0.00003	nan	nan	68	3.0
Cupriavidus necator	106590	S	206	237	443	0.00003	0.00002	nan	nan	66	3.0
Cupriavidus pauculus	82633	S	202	220	422	0.00003	0.00001	nan	nan	66	3.0
Cupriavidus gilardii	82541	S	186	208	394	0.00003	0.00001	nan	nan	68	3.0
Cupriavidus oxalaticus	96344	S	119	125	244	0.00002	0.00001	nan	nan	67	3.0
Burkholderia ubonensis	101571	S	195	629	824	0.00005	0.00004	nan	nan	68	4.0
Burkholderia multivorans	87883	S	138	337	475	0.00003	0.00002	nan	nan	68	4.0
Burkholderia cepacia	292	S	118	530	648	0.00004	0.00004	nan	nan	68	4.0
Burkholderia gladioli	28095	S	160	245	405	0.00003	0.00002	nan	nan	69	4.0
Variovorax sp. HW608	1034889	S	103	244	347	0.00002	0.00002	nan	nan	68	4.0
Variovorax paradoxus	34073	S	409	544	953	0.00006	0.00004	nan	nan	68	4.0
Variovorax boronicumulans	436515	S	116	214	330	0.00002	0.00001	nan	nan	69	4.0
Acidovorax sp. 5MLIR	2949090	S	120	141	261	0.00002	0.00001	nan	nan	68	4.0
Acidovorax sp. GBBC 1281	2940492	S	112	383	495	0.00003	0.00003	nan	nan	69	4.0
Ramlibacter tataouinensis	94132	S	289	310	599	0.00004	0.00002	nan	nan	70	3.0
Serpentinimonas raichei	1458425	S	110	114	224	0.00001	0.00001	nan	nan	67	4.0
Achromobacter xylosoxidans	85698	S	209	500	709	0.00005	0.00003	nan	nan	68	4.0
Achromobacter denitrificans	32002	S	125	175	300	0.00002	0.00001	nan	nan	69	4.0
Achromobacter deleyi	1353891	S	106	198	304	0.00002	0.00001	nan	nan	68	4.0
Bordetella flabilis	463014	S	114	304	418	0.00003	0.00002	nan	nan	67	4.0
Pigmentiphaga sp. H8	2488560	S	138	148	286	0.00002	0.00001	nan	nan	69	4.0
Pseudoduganella plicata	321984	S	115	285	400	0.00003	0.00002	nan	nan	66	4.0
Caldimonas thermodepolymerans	215580	S	227	243	470	0.00003	0.00002	nan	nan	71	5.0
Caldimonas brevitalea	413882	S	120	121	241	0.00002	0.00001	nan	nan	68	3.0
Rubrivivax gelatinosus	28068	S	138	144	282	0.00002	0.00001	nan	nan	72	4.0
Piscinibacter sp. XHJ-5	3037797	S	132	133	265	0.00002	0.00001	nan	nan	69	4.0
Aquincola tertiaricarbonis	391953	S	118	127	245	0.00002	0.00001	nan	nan	70	5.0
Rhizobacter gummiphilus	946333	S	230	237	467	0.00003	0.00002	nan	nan	70	4.0
uncultured Paucibacter sp.	398562	S	107	108	215	0.00001	0.00001	nan	nan	68	3.0
Aquabacterium sp. J223	2898431	S	130	134	264	0.00002	0.00001	nan	nan	72	4.0
Eleftheria terrae	1597781	S	113	115	228	0.00002	0.00001	nan	nan	70	4.0
Candidatus Kinetoplastibacterium desouzaii	994692	S	199646	202734	402380	0.02669	0.01345	nan	nan	31	nan
Thauera sp. K11	2005884	S	109	158	267	0.00002	0.00001	nan	nan	69	3.0
Azoarcus olearius	418699	S	124	127	251	0.00002	0.00001	nan	nan	68	4.0
Pseudazoarcus pumilus	2067960	S	123	128	251	0.00002	0.00001	nan	nan	67	4.0
Chromobacterium paludis	2605945	S	107	204	311	0.00002	0.00001	nan	nan	66	4.0
Streptomyces akebiae	2865673	S	634481	673823	1308304	0.08678	0.04470	nan	nan	71	4.0
Streptomyces leeuwenhoekii	1437453	S	80190	88540	168730	0.01119	0.00587	nan	nan	73	4.0
Streptomyces sp. PLM4	2929798	S	14403	47958	62361	0.00414	0.00318	nan	nan	73	4.0
Streptomyces sp. MBT27	1488356	S	258	266	524	0.00003	0.00002	nan	nan	72	3.0
Streptomyces sp. TLI_053	1855352	S	237	243	480	0.00003	0.00002	nan	nan	74	4.0
Streptomyces sp. XD-27	3062779	S	208	214	422	0.00003	0.00001	nan	nan	73	4.0
Streptomyces sp. NHF165	2175864	S	208	210	418	0.00003	0.00001	nan	nan	74	4.0
Streptomyces sp. WMMC500	3015154	S	204	210	414	0.00003	0.00001	nan	nan	74	4.0
Streptomyces sp. ITFR-21	3075199	S	182	185	367	0.00002	0.00001	nan	nan	72	4.0
Streptomyces sp. T12	477697	S	181	191	372	0.00002	0.00001	nan	nan	71	4.0
Streptomyces sp. NA04227	2742136	S	177	181	358	0.00002	0.00001	nan	nan	72	4.0
Streptomyces sp. SN-593	659352	S	171	174	345	0.00002	0.00001	nan	nan	74	4.0
Streptomyces sp. NA02950	2742137	S	165	168	333	0.00002	0.00001	nan	nan	72	5.0
Streptomyces sp. SAT1	1849967	S	153	159	312	0.00002	0.00001	nan	nan	74	4.0
Streptomyces sp. HL-66	2964669	S	153	158	311	0.00002	0.00001	nan	nan	74	4.0
Streptomyces sp. DSM 40868	2721173	S	152	160	312	0.00002	0.00001	nan	nan	73	3.0
Streptomyces sp. LX-29	2900152	S	149	153	302	0.00002	0.00001	nan	nan	73	4.0
Streptomyces sp. 11x1	3038642	S	147	156	303	0.00002	0.00001	nan	nan	71	4.0
Streptomyces sp. N50	3081765	S	143	146	289	0.00002	0.00001	nan	nan	71	4.0
Streptomyces sp. NEAU-sy36	2751189	S	137	144	281	0.00002	0.00001	nan	nan	73	4.0
Streptomyces sp. RTd22	1841249	S	134	145	279	0.00002	0.00001	nan	nan	72	4.0
Streptomyces sp. SCUT-3	2684469	S	132	136	268	0.00002	0.00001	nan	nan	74	4.0
Streptomyces sp. HUAS CB01	3053466	S	132	136	268	0.00002	0.00001	nan	nan	73	4.0
Streptomyces sp. P3	2135430	S	129	133	262	0.00002	0.00001	nan	nan	72	4.0
Streptomyces sp. BPTC-684	3043734	S	125	130	255	0.00002	0.00001	nan	nan	72	4.0
Streptomyces sp. 891-h	2720714	S	121	122	243	0.00002	0.00001	nan	nan	71	4.0
Streptomyces sp. KMM 9044	2744474	S	120	125	245	0.00002	0.00001	nan	nan	72	4.0
Streptomyces sp. So13.3	2136173	S	118	119	237	0.00002	0.00001	nan	nan	71	4.0
Streptomyces sp. SCSIO ZS0520	2892996	S	113	116	229	0.00002	0.00001	nan	nan	74	4.0
Streptomyces sp. MA3_2.13	2867410	S	113	113	226	0.00001	0.00001	nan	nan	72	5.0
Streptomyces sp. Li-HN-5-11	3075432	S	108	112	220	0.00001	0.00001	nan	nan	72	4.0
Streptomyces sp. RerS4	2942449	S	108	112	220	0.00001	0.00001	nan	nan	73	4.0
Streptomyces sp. SYP-A7193	2662065	S	106	120	226	0.00001	0.00001	nan	nan	73	4.0
Streptomyces sp. TN58	234612	S	104	112	216	0.00001	0.00001	nan	nan	72	4.0
Streptomyces sp. W1SF4	2305220	S	104	108	212	0.00001	0.00001	nan	nan	73	4.0
Streptomyces sp. MST-110588	2833628	S	103	105	208	0.00001	0.00001	nan	nan	72	4.0
Streptomyces sp. CB01881	2078691	S	102	105	207	0.00001	0.00001	nan	nan	73	4.0
Streptomyces sp. Alt3	3033808	S	100	106	206	0.00001	0.00001	nan	nan	71	4.0
Streptomyces aurantiacus	47760	S	282	289	571	0.00004	0.00002	nan	nan	71	4.0
Streptomyces cadmiisoli	2184053	S	183	187	370	0.00002	0.00001	nan	nan	71	4.0
Streptomyces alboniger	132473	S	118	123	241	0.00002	0.00001	nan	nan	72	4.0
Streptomyces koyangensis	188770	S	116	134	250	0.00002	0.00001	nan	nan	74	3.0
Streptomyces venezuelae	54571	S	637	704	1341	0.00009	0.00005	nan	nan	73	4.0
Streptomyces rapamycinicus	1226757	S	156	187	343	0.00002	0.00001	nan	nan	71	4.0
Streptomyces griseus	1911	S	126	165	291	0.00002	0.00001	nan	nan	72	4.0
Streptomyces marincola	2878388	S	251	253	504	0.00003	0.00002	nan	nan	74	4.0
Streptomyces niveus	193462	S	232	238	470	0.00003	0.00002	nan	nan	71	4.0
Streptomyces halobius	2879846	S	218	221	439	0.00003	0.00001	nan	nan	70	3.0
Streptomyces seoulensis	73044	S	217	226	443	0.00003	0.00002	nan	nan	73	4.0
Streptomyces tsukubensis	83656	S	216	220	436	0.00003	0.00001	nan	nan	72	4.0
Streptomyces olivoreticuli	68246	S	215	221	436	0.00003	0.00001	nan	nan	72	4.0
Streptomyces paludis	2282738	S	214	218	432	0.00003	0.00001	nan	nan	72	3.0
Streptomyces collinus	42684	S	198	211	409	0.00003	0.00001	nan	nan	73	4.0
Streptomyces liangshanensis	2717324	S	181	184	365	0.00002	0.00001	nan	nan	73	4.0
Streptomyces noursei	1971	S	179	197	376	0.00002	0.00001	nan	nan	73	4.0
Streptomyces alboflavus	67267	S	178	185	363	0.00002	0.00001	nan	nan	73	4.0
Streptomyces spectabilis	68270	S	168	173	341	0.00002	0.00001	nan	nan	73	4.0
Streptomyces xanthii	2768069	S	160	164	324	0.00002	0.00001	nan	nan	73	4.0
Streptomyces alfalfae	1642299	S	155	160	315	0.00002	0.00001	nan	nan	73	4.0
Streptomyces griseoviridis	45398	S	152	156	308	0.00002	0.00001	nan	nan	73	4.0
Streptomyces luteoverticillatus	66425	S	150	154	304	0.00002	0.00001	nan	nan	73	4.0
Streptomyces nigra	1827580	S	149	156	305	0.00002	0.00001	nan	nan	72	4.0
Streptomyces qinzhouensis	2599401	S	147	150	297	0.00002	0.00001	nan	nan	71	4.0
Streptomyces formicae	1616117	S	145	151	296	0.00002	0.00001	nan	nan	72	4.0
Streptomyces griseocarneus	51201	S	145	149	294	0.00002	0.00001	nan	nan	73	4.0
Streptomyces genisteinicus	2768068	S	144	148	292	0.00002	0.00001	nan	nan	74	4.0
Streptomyces actuosus	1885	S	142	149	291	0.00002	0.00001	nan	nan	73	4.0
Streptomyces griseorubiginosus	67304	S	140	146	286	0.00002	0.00001	nan	nan	72	4.0
Streptomyces antibioticus	1890	S	137	143	280	0.00002	0.00001	nan	nan	73	4.0
Streptomyces buecherae	2763006	S	132	137	269	0.00002	0.00001	nan	nan	73	4.0
Streptomyces liliifuscus	2797636	S	131	135	266	0.00002	0.00001	nan	nan	71	4.0
Streptomyces coeruleorubidus	116188	S	131	141	272	0.00002	0.00001	nan	nan	72	4.0
Streptomyces roseirectus	2768066	S	131	134	265	0.00002	0.00001	nan	nan	73	4.0
Streptomyces xinghaiensis	1038928	S	128	131	259	0.00002	0.00001	nan	nan	73	4.0
Streptomyces longhuiensis	2880933	S	124	126	250	0.00002	0.00001	nan	nan	71	4.0
Streptomyces aquilus	2548456	S	123	128	251	0.00002	0.00001	nan	nan	71	4.0
Streptomyces laculatispora	887464	S	121	125	246	0.00002	0.00001	nan	nan	71	4.0
Streptomyces griseochromogenes	68214	S	121	125	246	0.00002	0.00001	nan	nan	71	4.0
Streptomyces glaucescens	1907	S	120	126	246	0.00002	0.00001	nan	nan	73	4.0
Streptomyces broussonetiae	2686304	S	120	125	245	0.00002	0.00001	nan	nan	72	4.0
Streptomyces vilmorinianum	3051092	S	119	123	242	0.00002	0.00001	nan	nan	72	4.0
Streptomyces calvus	67282	S	113	118	231	0.00002	0.00001	nan	nan	73	4.0
Streptomyces rutgersensis	53451	S	113	119	232	0.00002	0.00001	nan	nan	73	4.0
Streptomyces peucetius	1950	S	110	113	223	0.00001	0.00001	nan	nan	71	4.0
Streptomyces albus	1888	S	108	109	217	0.00001	0.00001	nan	nan	73	4.0
Streptomyces aureoverticillatus	66871	S	107	110	217	0.00001	0.00001	nan	nan	72	3.0
Streptomyces lunaelactis	1535768	S	107	109	216	0.00001	0.00001	nan	nan	71	4.0
Streptomyces armeniacus	83291	S	106	106	212	0.00001	0.00001	nan	nan	73	4.0
Streptomyces bathyalis	2710756	S	104	105	209	0.00001	0.00001	nan	nan	70	4.0
Streptomyces harbinensis	1176198	S	104	106	210	0.00001	0.00001	nan	nan	73	4.0
Streptomyces mobaraensis	35621	S	103	185	288	0.00002	0.00001	nan	nan	73	4.0
Streptomyces roseochromogenus	285450	S	102	106	208	0.00001	0.00001	nan	nan	71	4.0
Kitasatospora sp. CM 4170	3075627	S	201	214	415	0.00003	0.00001	nan	nan	74	4.0
Kitasatospora sp. MMS16-BH015	2018025	S	127	131	258	0.00002	0.00001	nan	nan	74	4.0
Kitasatospora sp. NA04385	2742135	S	108	141	249	0.00002	0.00001	nan	nan	75	4.0
Kitasatospora fiedleri	2991545	S	127	176	303	0.00002	0.00001	nan	nan	75	4.0
Kitasatospora setae	2066	S	115	147	262	0.00002	0.00001	nan	nan	75	4.0
Streptacidiphilus sp. PB12-B1b	2705012	S	184	189	373	0.00002	0.00001	nan	nan	73	4.0
Streptacidiphilus sp. P02-A3a	2704468	S	170	173	343	0.00002	0.00001	nan	nan	73	4.0
Yinghuangia sp. ASG 101	2896848	S	135	136	271	0.00002	0.00001	nan	nan	72	nan
Streptantibioticus cattleyicolor	29303	S	120	122	242	0.00002	0.00001	nan	nan	74	4.0
Actinacidiphila bryophytorum	1436133	S	114	116	230	0.00002	0.00001	nan	nan	73	4.0
Frondihabitans sp. PAMC 28766	1795630	S	311607	317940	629547	0.04176	0.02109	nan	nan	69	4.0
Frondihabitans sp. 762G35	1446794	S	253	262	515	0.00003	0.00002	nan	nan	71	4.0
Frondihabitans sucicola	1268041	S	125	127	252	0.00002	0.00001	nan	nan	69	4.0
Microbacterium sp. KUDC0406	2909588	S	7363	7730	15093	0.00100	0.00051	nan	nan	70	4.0
Microbacterium sp. SSW1-51	2851650	S	5941	6445	12386	0.00082	0.00043	nan	nan	71	4.0
Microbacterium sp. XT11	367477	S	5578	5898	11476	0.00076	0.00039	nan	nan	70	4.0
Microbacterium sp. A18JL241	2782166	S	5553	5936	11489	0.00076	0.00039	nan	nan	69	nan
Microbacterium sp. YJN-G	2763257	S	5135	5867	11002	0.00073	0.00039	nan	nan	70	5.0
Microbacterium sp. H1-D42	2925844	S	5013	5193	10206	0.00068	0.00034	nan	nan	69	5.0
Microbacterium sp. M28	2962064	S	4815	5078	9893	0.00066	0.00034	nan	nan	69	4.0
Microbacterium sp. SSW1-36	2851648	S	4754	5062	9816	0.00065	0.00034	nan	nan	70	4.0
Microbacterium sp. NIBRBAC000506063	2734618	S	4615	5383	9998	0.00066	0.00036	nan	nan	70	nan
Microbacterium sp. Y-01	2048898	S	4571	5486	10057	0.00067	0.00036	nan	nan	71	4.0
Microbacterium sp. 1S1	2606451	S	3893	5571	9464	0.00063	0.00037	nan	nan	70	4.0
Microbacterium sp. nov. GSS16	3019890	S	3847	4428	8275	0.00055	0.00029	nan	nan	70	4.0
Microbacterium sp. TPU 3598	1938334	S	3354	3814	7168	0.00048	0.00025	nan	nan	69	nan
Microbacterium sp. AB	2981139	S	2387	2465	4852	0.00032	0.00016	nan	nan	72	4.0
Microbacterium sp. JZ31	1906274	S	2178	2287	4465	0.00030	0.00015	nan	nan	71	4.0
Microbacterium sp. No. 7	1714373	S	2158	2444	4602	0.00031	0.00016	nan	nan	72	5.0
Microbacterium sp.	51671	S	2082	2153	4235	0.00028	0.00014	nan	nan	70	3.0
Microbacterium sp. 10M-3C3	2483401	S	1922	2160	4082	0.00027	0.00014	nan	nan	72	4.0
Microbacterium sp. zg-B185	3049070	S	1903	1960	3863	0.00026	0.00013	nan	nan	69	4.0
Microbacterium sp. 4R-513	2567934	S	1713	1786	3499	0.00023	0.00012	nan	nan	70	5.0
Microbacterium sp. KACC 23027	3028316	S	1680	1768	3448	0.00023	0.00012	nan	nan	69	4.0
Microbacterium sp. LKL04	912630	S	1601	1697	3298	0.00022	0.00011	nan	nan	70	4.0
Microbacterium sp. zg-B96	3049069	S	1510	1582	3092	0.00021	0.00011	nan	nan	70	5.0
Microbacterium sp. cx-55	2875948	S	1445	1486	2931	0.00019	0.00010	nan	nan	69	5.0
Microbacterium sp. ABRD28	2268461	S	1376	1453	2829	0.00019	0.00010	nan	nan	70	4.0
Microbacterium sp. PM5	2014534	S	1305	1358	2663	0.00018	0.00009	nan	nan	70	4.0
Microbacterium sp. Clip185	3025663	S	1300	1419	2719	0.00018	0.00009	nan	nan	70	4.0
Microbacterium sp. zg-Y625	3049071	S	1300	1482	2782	0.00018	0.00010	nan	nan	71	4.0
Microbacterium sp. ET2 (Ac-2212)	3050384	S	1243	1299	2542	0.00017	0.00009	nan	nan	69	5.0
Microbacterium sp. zg-Y1090	3049073	S	1231	1334	2565	0.00017	0.00009	nan	nan	71	4.0
Microbacterium sp. BH-3-3-3	1906742	S	1070	1136	2206	0.00015	0.00008	nan	nan	71	4.0
Microbacterium sp. zg-Y818	3049072	S	1026	1173	2199	0.00015	0.00008	nan	nan	70	4.0
Microbacterium sp. SL75	2995140	S	930	1093	2023	0.00013	0.00007	nan	nan	70	4.0
Microbacterium sp. J1-1	2992441	S	901	3162	4063	0.00027	0.00021	nan	nan	69	nan
Microbacterium sp. BDGP8	3035531	S	850	984	1834	0.00012	0.00007	nan	nan	70	4.0
Microbacterium sp. 1.5R	1916917	S	746	3861	4607	0.00031	0.00026	nan	nan	69	nan
Microbacterium sp. Nx66	2766784	S	640	3375	4015	0.00027	0.00022	nan	nan	70	nan
Microbacterium sp. CGR1	1696072	S	639	3380	4019	0.00027	0.00022	nan	nan	69	nan
Microbacterium sp. RG1	2489212	S	570	829	1399	0.00009	0.00006	nan	nan	70	4.0
Microbacterium sp. F6_8S_P_2B	3041512	S	568	2878	3446	0.00023	0.00019	nan	nan	70	nan
Microbacterium sp. CBA3102	2603598	S	423	3370	3793	0.00025	0.00022	nan	nan	69	nan
Microbacterium sp. PAMC22086	2861281	S	343	1184	1527	0.00010	0.00008	nan	nan	70	4.0
Microbacterium sp. A(2022)	2982533	S	270	2177	2447	0.00016	0.00014	nan	nan	70	4.0
Microbacterium sp. str. 'China'	2103230	S	257	1466	1723	0.00011	0.00010	nan	nan	70	4.0
Microbacterium sp. EF45047	2809708	S	251	3995	4246	0.00028	0.00027	nan	nan	70	4.0
Microbacterium sp. KSW4-10	2851642	S	221	1906	2127	0.00014	0.00013	nan	nan	69	nan
Microbacterium sp. SGAir0570	2070348	S	135	542	677	0.00004	0.00004	nan	nan	70	4.0
Microbacterium sp. PAMC 28756	1795053	S	127	2333	2460	0.00016	0.00015	nan	nan	70	4.0
Microbacterium resistens	156977	S	24528	25386	49914	0.00331	0.00168	nan	nan	71	4.0
Microbacterium azadirachtae	582680	S	15072	15865	30937	0.00205	0.00105	nan	nan	71	4.0
Microbacterium esteraromaticum	57043	S	9536	10067	19603	0.00130	0.00067	nan	nan	69	3.0
Microbacterium oxydans	82380	S	7795	13960	21755	0.00144	0.00093	nan	nan	70	4.0
Microbacterium foliorum	104336	S	5215	10042	15257	0.00101	0.00067	nan	nan	69	4.0
Microbacterium luteolum	69367	S	4696	4919	9615	0.00064	0.00033	nan	nan	70	nan
Microbacterium suwonense	683047	S	3469	3728	7197	0.00048	0.00025	nan	nan	69	nan
Microbacterium testaceum	2033	S	3023	3256	6279	0.00042	0.00022	nan	nan	71	4.0
Microbacterium hydrocarbonoxydans	273678	S	2619	2764	5383	0.00036	0.00018	nan	nan	69	4.0
Microbacterium oleivorans	273677	S	2418	2521	4939	0.00033	0.00017	nan	nan	70	4.0
Microbacterium protaetiae	2509458	S	2381	2472	4853	0.00032	0.00016	nan	nan	69	nan
Microbacterium hominis	162426	S	2293	8629	10922	0.00072	0.00057	nan	nan	70	4.0
Microbacterium lemovicicum	1072463	S	2119	2204	4323	0.00029	0.00015	nan	nan	71	4.0
Microbacterium aurum	36805	S	1962	2153	4115	0.00027	0.00014	nan	nan	71	4.0
Microbacterium elymi	2909587	S	1924	1969	3893	0.00026	0.00013	nan	nan	70	4.0
Microbacterium terricola	344163	S	1920	2007	3927	0.00026	0.00013	nan	nan	70	3.0
Microbacterium oryzae	743009	S	1850	1936	3786	0.00025	0.00013	nan	nan	72	4.0
Microbacterium atlanticum	2782168	S	1755	1824	3579	0.00024	0.00012	nan	nan	71	4.0
Microbacterium caowuchunii	2614638	S	1652	1713	3365	0.00022	0.00011	nan	nan	71	4.0
Microbacterium cremeum	2782169	S	1564	1626	3190	0.00021	0.00011	nan	nan	72	4.0
Microbacterium pygmaeum	370764	S	1517	1548	3065	0.00020	0.00010	nan	nan	69	5.0
Microbacterium chocolatum	84292	S	1406	1558	2964	0.00020	0.00010	nan	nan	70	4.0
Microbacterium proteolyticum	1572644	S	1387	1567	2954	0.00020	0.00010	nan	nan	71	4.0
Microbacterium luteum	2782167	S	1346	1549	2895	0.00019	0.00010	nan	nan	70	4.0
Microbacterium sediminis	904291	S	1317	1569	2886	0.00019	0.00010	nan	nan	72	4.0
Microbacterium lushaniae	2614639	S	1233	1301	2534	0.00017	0.00009	nan	nan	71	4.0
Microbacterium wangchenii	2541726	S	1121	1183	2304	0.00015	0.00008	nan	nan	72	4.0
Microbacterium liquefaciens	33918	S	1102	2456	3558	0.00024	0.00016	nan	nan	70	4.0
Microbacterium schleiferi	69362	S	890	1021	1911	0.00013	0.00007	nan	nan	68	5.0
Microbacterium arborescens	33883	S	753	811	1564	0.00010	0.00005	nan	nan	70	4.0
Microbacterium amylolyticum	936337	S	546	573	1119	0.00007	0.00004	nan	nan	65	4.0
Microbacterium paraoxydans	199592	S	488	3712	4200	0.00028	0.00025	nan	nan	70	4.0
Microbacterium binotii	462710	S	458	643	1101	0.00007	0.00004	nan	nan	70	4.0
Microbacterium chengjingii	2769067	S	344	347	691	0.00005	0.00002	nan	nan	62	4.0
Microbacterium endophyticum	1526412	S	319	324	643	0.00004	0.00002	nan	nan	62	4.0
Microbacterium neungamense	2810535	S	218	3513	3731	0.00025	0.00023	nan	nan	70	4.0
Microbacterium fandaimingii	2708079	S	117	119	236	0.00002	0.00001	nan	nan	64	4.0
Agromyces sp. H17E-10	2932244	S	964	1064	2028	0.00013	0.00007	nan	nan	71	4.0
Agromyces sp. LHK192	2498704	S	520	563	1083	0.00007	0.00004	nan	nan	72	4.0
Agromyces soli	659012	S	941	1035	1976	0.00013	0.00007	nan	nan	73	4.0
Agromyces protaetiae	2509455	S	694	737	1431	0.00009	0.00005	nan	nan	71	3.0
Agromyces archimandritae	2781962	S	487	516	1003	0.00007	0.00003	nan	nan	71	4.0
Agromyces larvae	2929802	S	451	617	1068	0.00007	0.00004	nan	nan	71	4.0
Agromyces aureus	453304	S	430	462	892	0.00006	0.00003	nan	nan	71	3.0
Agromyces marinus	1389020	S	367	402	769	0.00005	0.00003	nan	nan	72	4.0
Agromyces flavus	589382	S	306	332	638	0.00004	0.00002	nan	nan	71	4.0
Agromyces laixinhei	2585717	S	284	301	585	0.00004	0.00002	nan	nan	69	nan
Agromyces intestinalis	2592652	S	249	338	587	0.00004	0.00002	nan	nan	71	5.0
Agromyces badenianii	2080742	S	214	233	447	0.00003	0.00002	nan	nan	70	4.0
Agromyces mangrovi	1858653	S	160	173	333	0.00002	0.00001	nan	nan	72	4.0
Curtobacterium sp. BH-2-1-1	1905847	S	190	444	634	0.00004	0.00003	nan	nan	72	4.0
Curtobacterium sp. MCLR17_007	2175648	S	165	329	494	0.00003	0.00002	nan	nan	72	4.0
Curtobacterium sp. MCPF17_052	2175655	S	162	457	619	0.00004	0.00003	nan	nan	72	4.0
Curtobacterium sp. 458	3050069	S	150	391	541	0.00004	0.00003	nan	nan	72	4.0
Curtobacterium sp. 9128	1793722	S	141	270	411	0.00003	0.00002	nan	nan	71	4.0
Curtobacterium sp. MCPF17_002	2175645	S	114	234	348	0.00002	0.00002	nan	nan	72	4.0
Curtobacterium sp. DN_7.5	3049047	S	110	296	406	0.00003	0.00002	nan	nan	72	4.0
Curtobacterium flaccumfaciens	2035	S	205	779	984	0.00007	0.00005	nan	nan	72	4.0
Rathayibacter sp. VKM Ac-2760	2609253	S	201	286	487	0.00003	0.00002	nan	nan	73	3.0
Rathayibacter sp. VKM Ac-2801	2609255	S	172	392	564	0.00004	0.00003	nan	nan	73	4.0
Rathayibacter sp. VKM Ac-2804	2609257	S	161	300	461	0.00003	0.00002	nan	nan	73	3.0
Rathayibacter rathayi	33887	S	637	739	1376	0.00009	0.00005	nan	nan	71	3.0
Rathayibacter iranicus	59737	S	597	637	1234	0.00008	0.00004	nan	nan	69	3.0
Rathayibacter tritici	33888	S	228	281	509	0.00003	0.00002	nan	nan	71	3.0
Rathayibacter festucae	110937	S	190	382	572	0.00004	0.00003	nan	nan	73	3.0
Rathayibacter tanaceti	1671680	S	176	196	372	0.00002	0.00001	nan	nan	71	3.0
Leucobacter allii	2932247	S	412	449	861	0.00006	0.00003	nan	nan	72	4.0
Leucobacter rhizosphaerae	2932245	S	389	422	811	0.00005	0.00003	nan	nan	70	4.0
Leucobacter triazinivorans	1784719	S	330	367	697	0.00005	0.00002	nan	nan	70	nan
Leucobacter muris	1935379	S	314	380	694	0.00005	0.00003	nan	nan	71	4.0
Leucobacter sp. CX169	2813744	S	157	171	328	0.00002	0.00001	nan	nan	68	4.0
Leucobacter sp. Psy1	2875729	S	119	122	241	0.00002	0.00001	nan	nan	68	4.0
Leucobacter tenebrionis	2873270	S	179	194	373	0.00002	0.00001	nan	nan	70	4.0
Leucobacter luti	340320	S	172	177	349	0.00002	0.00001	nan	nan	65	4.0
Leucobacter viscericola	2714935	S	128	133	261	0.00002	0.00001	nan	nan	62	4.0
Leucobacter aridicollis	283878	S	118	131	249	0.00002	0.00001	nan	nan	66	4.0
Leifsonia sp. ZF2019	2781978	S	390	441	831	0.00006	0.00003	nan	nan	70	4.0
Leifsonia sp. PS1209	2724914	S	346	383	729	0.00005	0.00003	nan	nan	69	5.0
Leifsonia sp. 21MFCrub1.1	1798223	S	318	753	1071	0.00007	0.00005	nan	nan	71	4.0
Leifsonia shinshuensis	150026	S	655	711	1366	0.00009	0.00005	nan	nan	71	3.0
Leifsonia xyli	1575	S	309	316	625	0.00004	0.00002	nan	nan	69	5.0
Clavibacter michiganensis	28447	S	529	813	1342	0.00009	0.00005	nan	nan	74	4.0
Clavibacter phaseoli	1734031	S	227	356	583	0.00004	0.00002	nan	nan	74	4.0
Clavibacter zhangzhiyongii	2768071	S	133	172	305	0.00002	0.00001	nan	nan	73	4.0
Clavibacter capsici	1874630	S	132	173	305	0.00002	0.00001	nan	nan	74	4.0
Agrococcus sp. Marseille-Q4369	2810513	S	235	256	491	0.00003	0.00002	nan	nan	73	3.0
Agrococcus sp. SGAir0287	2070347	S	234	251	485	0.00003	0.00002	nan	nan	73	4.0
Agrococcus sp. SL85	2995141	S	224	245	469	0.00003	0.00002	nan	nan	74	4.0
Agrococcus sp. REN33	3068634	S	190	216	406	0.00003	0.00001	nan	nan	73	4.0
Agrococcus sp. SCSIO52902	2933290	S	134	153	287	0.00002	0.00001	nan	nan	73	4.0
Agrococcus carbonis	684552	S	235	268	503	0.00003	0.00002	nan	nan	73	4.0
Agrococcus jejuensis	399736	S	138	150	288	0.00002	0.00001	nan	nan	73	4.0
Cryobacterium sp. PAMC25264	2861288	S	173	269	442	0.00003	0.00002	nan	nan	69	4.0
Cryobacterium sp. SO1	1897061	S	116	135	251	0.00002	0.00001	nan	nan	68	4.0
Cryobacterium sp. LW097	1978566	S	111	129	240	0.00002	0.00001	nan	nan	69	4.0
Cryobacterium breve	1259258	S	265	273	538	0.00004	0.00002	nan	nan	69	4.0
Cryobacterium arcticum	670052	S	117	200	317	0.00002	0.00001	nan	nan	69	nan
Microcella flavibacter	1804990	S	136	267	403	0.00003	0.00002	nan	nan	73	4.0
Microcella daejeonensis	2994971	S	132	220	352	0.00002	0.00001	nan	nan	73	4.0
Microcella humidisoli	2963406	S	128	147	275	0.00002	0.00001	nan	nan	71	4.0
Plantibacter sp. M259	2583822	S	259	371	630	0.00004	0.00002	nan	nan	70	4.0
Plantibacter sp. PA-3-X8	2480625	S	109	155	264	0.00002	0.00001	nan	nan	70	3.0
Plantibacter flavus	150123	S	200	305	505	0.00003	0.00002	nan	nan	70	4.0
Microterricola viridarii	412690	S	751	784	1535	0.00010	0.00005	nan	nan	69	5.0
Protaetiibacter intestinalis	2419774	S	199	226	425	0.00003	0.00002	nan	nan	72	4.0
Protaetiibacter larvae	2592654	S	165	182	347	0.00002	0.00001	nan	nan	72	3.0
Protaetiibacter sp. SSC-01	2759943	S	121	136	257	0.00002	0.00001	nan	nan	72	4.0
Frigoribacterium sp. SL97	2994664	S	245	257	502	0.00003	0.00002	nan	nan	71	3.0
Frigoribacterium sp. NBH87	2596916	S	225	239	464	0.00003	0.00002	nan	nan	74	4.0
Salinibacterium hongtaonis	2079791	S	159	162	321	0.00002	0.00001	nan	nan	64	4.0
Humibacter ginsenosidimutans	2599293	S	387	413	800	0.00005	0.00003	nan	nan	69	5.0
Herbiconiux sp. SALV-R1	2735133	S	183	190	373	0.00002	0.00001	nan	nan	71	4.0
Herbiconiux sp. L3-i23	2905871	S	164	172	336	0.00002	0.00001	nan	nan	71	3.0
Mycetocola spongiae	2859226	S	119	122	241	0.00002	0.00001	nan	nan	67	4.0
Cnuibacter physcomitrellae	1619308	S	268	282	550	0.00004	0.00002	nan	nan	71	4.0
Gulosibacter molinativorax	256821	S	149	161	310	0.00002	0.00001	nan	nan	66	4.0
Gulosibacter sediminis	1729695	S	112	120	232	0.00002	0.00001	nan	nan	69	4.0
Homoserinibacter sp. YIM 151385	2985506	S	247	259	506	0.00003	0.00002	nan	nan	73	4.0
Subtercola endophyticus	2895559	S	150	151	301	0.00002	0.00001	nan	nan	66	4.0
Agreia sp. COWG	2773266	S	200	204	404	0.00003	0.00001	nan	nan	68	4.0
Glaciihabitans sp. INWT7	2596912	S	197	199	396	0.00003	0.00001	nan	nan	66	4.0
Gryllotalpicola protaetiae	2419771	S	175	180	355	0.00002	0.00001	nan	nan	70	4.0
Naasia aerilata	1162966	S	174	179	353	0.00002	0.00001	nan	nan	71	4.0
Marisediminicola antarctica	674079	S	173	176	349	0.00002	0.00001	nan	nan	68	4.0
Diaminobutyricimonas sp. LJ205	2683590	S	113	116	229	0.00002	0.00001	nan	nan	67	3.0
Arthrobacter sp. YN	2020486	S	178	833	1011	0.00007	0.00006	nan	nan	64	4.0
Arthrobacter sp. KBS0702	2578107	S	122	324	446	0.00003	0.00002	nan	nan	67	4.0
Arthrobacter sp. PM3	2017685	S	111	182	293	0.00002	0.00001	nan	nan	68	4.0
Arthrobacter sp. ERGS1:01	1704044	S	101	122	223	0.00001	0.00001	nan	nan	67	3.0
Arthrobacter agilis	37921	S	170	181	351	0.00002	0.00001	nan	nan	70	4.0
Arthrobacter alpinus	656366	S	113	404	517	0.00003	0.00003	nan	nan	62	4.0
Arthrobacter dokdonellae	2211210	S	102	107	209	0.00001	0.00001	nan	nan	67	3.0
Arthrobacter woluwensis	156980	S	101	134	235	0.00002	0.00001	nan	nan	68	4.0
Kocuria flava	446860	S	153	235	388	0.00003	0.00002	nan	nan	73	5.0
Kocuria rosea	1275	S	137	202	339	0.00002	0.00001	nan	nan	74	4.0
Zhihengliuella sp. ISTPL4	2058657	S	572	954	1526	0.00010	0.00006	nan	nan	71	5.0
Sinomonas atrocyanea	37927	S	171	188	359	0.00002	0.00001	nan	nan	72	nan
Sinomonas sp. R1AF57	2020377	S	160	175	335	0.00002	0.00001	nan	nan	71	4.0
Rothia kristinae	37923	S	114	158	272	0.00002	0.00001	nan	nan	72	5.0
Cellulomonas sp. Y8	2591145	S	212	244	456	0.00003	0.00002	nan	nan	76	4.0
Cellulomonas sp. S1-8	2904790	S	143	155	298	0.00002	0.00001	nan	nan	75	4.0
Cellulomonas sp. ES6	3039384	S	143	248	391	0.00003	0.00002	nan	nan	76	4.0
Cellulomonas sp. H30R-01	2704467	S	142	172	314	0.00002	0.00001	nan	nan	75	4.0
Cellulomonas sp. ATA003	3073064	S	120	126	246	0.00002	0.00001	nan	nan	74	4.0
Cellulomonas sp. NS3	2973977	S	102	109	211	0.00001	0.00001	nan	nan	76	4.0
Cellulomonas fimi	1708	S	223	279	502	0.00003	0.00002	nan	nan	75	4.0
Cellulomonas wangsupingiae	2968085	S	149	180	329	0.00002	0.00001	nan	nan	75	4.0
Cellulomonas iranensis	76862	S	129	144	273	0.00002	0.00001	nan	nan	76	4.0
Cellulomonas palmilytica	2608402	S	123	156	279	0.00002	0.00001	nan	nan	75	4.0
Cellulomonas fengjieae	2819978	S	118	125	243	0.00002	0.00001	nan	nan	74	4.0
Paraoerskovia sediminicola	1138587	S	121	130	251	0.00002	0.00001	nan	nan	73	4.0
Pseudactinotalea sp. HY158	2654547	S	104	106	210	0.00001	0.00001	nan	nan	72	4.0
Brachybacterium sp. P6-10-X1	1903186	S	161	168	329	0.00002	0.00001	nan	nan	71	4.0
Brachybacterium sp. NBEC-018	2996004	S	151	208	359	0.00002	0.00001	nan	nan	74	4.0
Brachybacterium sp. Z12	2759167	S	127	136	263	0.00002	0.00001	nan	nan	71	4.0
Brachybacterium ginsengisoli	1331682	S	182	205	387	0.00003	0.00001	nan	nan	72	4.0
Brachybacterium kimchii	2942909	S	155	256	411	0.00003	0.00002	nan	nan	72	4.0
Brachybacterium vulturis	2017484	S	140	165	305	0.00002	0.00001	nan	nan	71	3.0
Brachybacterium huguangmaarense	1652028	S	113	130	243	0.00002	0.00001	nan	nan	73	4.0
Brachybacterium avium	2017485	S	101	118	219	0.00001	0.00001	nan	nan	71	4.0
Cellulosimicrobium cellulans	1710	S	257	513	770	0.00005	0.00003	nan	nan	75	4.0
Cellulosimicrobium protaetiae	2587808	S	117	132	249	0.00002	0.00001	nan	nan	74	4.0
Isoptericola dokdonensis	372663	S	141	148	289	0.00002	0.00001	nan	nan	75	4.0
Isoptericola variabilis	139208	S	103	110	213	0.00001	0.00001	nan	nan	74	4.0
Xylanimonas protaetiae	2509457	S	135	153	288	0.00002	0.00001	nan	nan	73	4.0
Xylanimonas cellulosilytica	186189	S	101	107	208	0.00001	0.00001	nan	nan	73	3.0
Brevibacterium casei	33889	S	399	632	1031	0.00007	0.00004	nan	nan	69	4.0
Brevibacterium linens	1703	S	108	171	279	0.00002	0.00001	nan	nan	66	4.0
Ornithinimicrobium avium	2283195	S	128	180	308	0.00002	0.00001	nan	nan	74	4.0
Serinicoccus chungangensis	767452	S	100	137	237	0.00002	0.00001	nan	nan	74	4.0
Phycicoccus sp. HDW14	2714941	S	134	141	275	0.00002	0.00001	nan	nan	74	4.0
Intrasporangium calvum	53358	S	136	139	275	0.00002	0.00001	nan	nan	71	4.0
Georgenia wutianyii	2585135	S	175	180	355	0.00002	0.00001	nan	nan	74	4.0
Georgenia sp. TF02-10	2917725	S	114	121	235	0.00002	0.00001	nan	nan	74	4.0
Georgenia yuyongxinii	2589797	S	104	106	210	0.00001	0.00001	nan	nan	72	4.0
Sanguibacter sp. 4.1	3030830	S	251	268	519	0.00003	0.00002	nan	nan	72	4.0
Sanguibacter sp. HDW7	2714931	S	106	109	215	0.00001	0.00001	nan	nan	74	4.0
Sanguibacter keddieii	60920	S	107	115	222	0.00001	0.00001	nan	nan	73	4.0
Occultella kanbiaonis	2675754	S	190	192	382	0.00003	0.00001	nan	nan	72	4.0
Barrientosiimonas endolithica	1535208	S	133	154	287	0.00002	0.00001	nan	nan	73	4.0
Beutenbergia cavernae	84757	S	260	263	523	0.00003	0.00002	nan	nan	74	3.0
Miniimonas sp. S16	2171623	S	140	164	304	0.00002	0.00001	nan	nan	73	4.0
Luteimicrobium xylanilyticum	1133546	S	181	187	368	0.00002	0.00001	nan	nan	74	4.0
Pengzhenrongella sicca	2819238	S	150	153	303	0.00002	0.00001	nan	nan	73	4.0
Crossiella sp. CA-258035	2981138	S	333573	338367	671940	0.04457	0.02245	nan	nan	73	4.0
Pseudonocardia sp. AL041005-10	445576	S	127322	130180	257502	0.01708	0.00864	nan	nan	74	4.0
Pseudonocardia sp. HH130630-07	1690815	S	193	200	393	0.00003	0.00001	nan	nan	75	3.0
Pseudonocardia sp. DSM 110487	2865833	S	169	170	339	0.00002	0.00001	nan	nan	72	4.0
Pseudonocardia dioxanivorans	240495	S	296	308	604	0.00004	0.00002	nan	nan	74	4.0
Pseudonocardia autotrophica	2074	S	205	211	416	0.00003	0.00001	nan	nan	73	4.0
Pseudonocardia petroleophila	37331	S	134	137	271	0.00002	0.00001	nan	nan	75	3.0
Pseudonocardia broussonetiae	2736640	S	133	135	268	0.00002	0.00001	nan	nan	75	4.0
Pseudonocardia abyssalis	2792008	S	116	119	235	0.00002	0.00001	nan	nan	74	4.0
Amycolatopsis sp. 4-36	715475	S	221	277	498	0.00003	0.00002	nan	nan	72	5.0
Amycolatopsis sp. FDAARGOS 1241	2778070	S	191	203	394	0.00003	0.00001	nan	nan	71	4.0
Amycolatopsis sp. WQ 127309	2932773	S	164	186	350	0.00002	0.00001	nan	nan	73	5.0
Amycolatopsis sp. Hca4	2742131	S	160	209	369	0.00002	0.00001	nan	nan	72	nan
Amycolatopsis sp. QT-25	3034022	S	144	203	347	0.00002	0.00001	nan	nan	70	4.0
Amycolatopsis sp. YIM 10	2653857	S	144	166	310	0.00002	0.00001	nan	nan	71	4.0
Amycolatopsis sp. FBCC-B4732	3079339	S	140	174	314	0.00002	0.00001	nan	nan	73	4.0
Amycolatopsis sp. FU40	2914159	S	120	143	263	0.00002	0.00001	nan	nan	70	4.0
Amycolatopsis sp. 2-2	715472	S	119	151	270	0.00002	0.00001	nan	nan	72	nan
Amycolatopsis sp. 2-15	715471	S	116	145	261	0.00002	0.00001	nan	nan	71	3.0
Amycolatopsis sp. DG1A-15b	3052846	S	102	175	277	0.00002	0.00001	nan	nan	72	4.0
Amycolatopsis acidiphila	715473	S	159	168	327	0.00002	0.00001	nan	nan	71	4.0
Amycolatopsis orientalis	31958	S	156	222	378	0.00003	0.00001	nan	nan	70	4.0
Amycolatopsis aidingensis	2842453	S	148	149	297	0.00002	0.00001	nan	nan	71	4.0
Amycolatopsis mediterranei	33910	S	135	253	388	0.00003	0.00002	nan	nan	72	5.0
Amycolatopsis methanolica	1814	S	119	145	264	0.00002	0.00001	nan	nan	72	4.0
Saccharopolyspora erythraea	1836	S	212	303	515	0.00003	0.00002	nan	nan	72	5.0
Kutzneria sp. CA-103260	2802641	S	223	225	448	0.00003	0.00001	nan	nan	71	4.0
Kutzneria albida	43357	S	215	217	432	0.00003	0.00001	nan	nan	72	4.0
Saccharothrix espanaensis	103731	S	184	189	373	0.00002	0.00001	nan	nan	73	4.0
Saccharothrix sp. 6-C	2781735	S	149	154	303	0.00002	0.00001	nan	nan	73	4.0
Saccharothrix syringae	103733	S	129	132	261	0.00002	0.00001	nan	nan	75	4.0
Saccharomonospora marina	632569	S	111	132	243	0.00002	0.00001	nan	nan	70	3.0
Umezawaea sp. Da 62-37	3075927	S	224	226	450	0.00003	0.00001	nan	nan	71	3.0
Lentzea guizhouensis	1586287	S	123	157	280	0.00002	0.00001	nan	nan	70	5.0
Actinoalloteichus hoggarensis	1470176	S	122	183	305	0.00002	0.00001	nan	nan	71	4.0
Prauserella marina	530584	S	201	201	402	0.00003	0.00001	nan	nan	68	4.0
Actinokineospora sp. UTMC 2448	2268449	S	180	183	363	0.00002	0.00001	nan	nan	73	4.0
Kibdelosporangium phytohabitans	860235	S	131	131	262	0.00002	0.00001	nan	nan	69	3.0
Allokutzneria albata	211114	S	130	131	261	0.00002	0.00001	nan	nan	71	5.0
Corynebacterium timonense	441500	S	80733	84524	165257	0.01096	0.00561	nan	nan	69	4.0
Corynebacterium glyciniphilum	1404244	S	166	168	334	0.00002	0.00001	nan	nan	65	2.0
Corynebacterium variabile	1727	S	105	115	220	0.00001	0.00001	nan	nan	68	4.0
Corynebacterium cyclohexanicum	322009	S	102	105	207	0.00001	0.00001	nan	nan	71	4.0
Corynebacterium efficiens	152794	S	100	101	201	0.00001	0.00001	nan	nan	65	3.0
Mycolicibacterium litorale	758802	S	133	357	490	0.00003	0.00002	nan	nan	69	nan
Mycolicibacterium thermoresistibile	1797	S	111	246	357	0.00002	0.00002	nan	nan	69	nan
Mycolicibacterium hassiacum	46351	S	106	346	452	0.00003	0.00002	nan	nan	70	nan
Mycobacterium sp. SMC-8	2857060	S	107	617	724	0.00005	0.00004	nan	nan	68	4.0
Mycobacterium gordonae	1778	S	118	227	345	0.00002	0.00002	nan	nan	67	4.0
Rhodococcus sp. MTM3W5.2	1805827	S	154	203	357	0.00002	0.00001	nan	nan	69	4.0
Rhodococcus opacus	37919	S	157	1076	1233	0.00008	0.00007	nan	nan	68	4.0
Rhodococcus antarcticus	2987751	S	136	143	279	0.00002	0.00001	nan	nan	74	4.0
Nocardia asteroides	1824	S	368	450	818	0.00005	0.00003	nan	nan	71	4.0
Nocardia brasiliensis	37326	S	257	288	545	0.00004	0.00002	nan	nan	69	4.0
Nocardia tengchongensis	2055889	S	175	198	373	0.00002	0.00001	nan	nan	69	4.0
Nocardia arthritidis	228602	S	142	151	293	0.00002	0.00001	nan	nan	68	4.0
Nocardia nova	37330	S	121	130	251	0.00002	0.00001	nan	nan	68	3.0
Nocardia gipuzkoensis	2749991	S	112	147	259	0.00002	0.00001	nan	nan	69	4.0
Nocardia farcinica	37329	S	111	155	266	0.00002	0.00001	nan	nan	71	nan
Nocardia otitidiscaviarum	1823	S	106	117	223	0.00001	0.00001	nan	nan	70	4.0
Nocardia terpenica	455432	S	104	112	216	0.00001	0.00001	nan	nan	69	3.0
Prescottella equi	43767	S	119	183	302	0.00002	0.00001	nan	nan	69	4.0
Tsukamurella tyrosinosolvens	57704	S	112	169	281	0.00002	0.00001	nan	nan	72	nan
Actinomyces sp. Chiba101	1851395	S	69371	70262	139633	0.00926	0.00466	nan	nan	72	3.0
Nocardioides humi	449461	S	47008	48041	95049	0.00630	0.00319	nan	nan	73	4.0
Nocardioides sp. L-11A	3043848	S	225	242	467	0.00003	0.00002	nan	nan	73	3.0
Nocardioides sp. zg-1228	2763008	S	162	168	330	0.00002	0.00001	nan	nan	74	4.0
Nocardioides sp. QY071	3044187	S	162	170	332	0.00002	0.00001	nan	nan	73	4.0
Nocardioides sp. CF8	110319	S	161	171	332	0.00002	0.00001	nan	nan	71	3.0
Nocardioides sp. Arc9.136	2996826	S	159	166	325	0.00002	0.00001	nan	nan	74	4.0
Nocardioides sp. W7	2931390	S	156	160	316	0.00002	0.00001	nan	nan	72	4.0
Nocardioides sp. S-1144	2582905	S	148	152	300	0.00002	0.00001	nan	nan	74	4.0
Nocardioides sp. BP30	3036374	S	148	151	299	0.00002	0.00001	nan	nan	72	4.0
Nocardioides sp. TF02-7	2917724	S	145	149	294	0.00002	0.00001	nan	nan	74	4.0
Nocardioides sp. HDW12B	2714939	S	110	113	223	0.00001	0.00001	nan	nan	74	4.0
Nocardioides dokdonensis	450734	S	163	167	330	0.00002	0.00001	nan	nan	73	4.0
Nocardioides marmotae	2663857	S	123	127	250	0.00002	0.00001	nan	nan	74	4.0
Nocardioides rotundus	1774216	S	122	126	248	0.00002	0.00001	nan	nan	72	4.0
Nocardioides seonyuensis	2518371	S	118	119	237	0.00002	0.00001	nan	nan	71	4.0
Nocardioides pantholopis	2483798	S	112	115	227	0.00002	0.00001	nan	nan	73	4.0
Nocardioides marinisabuli	419476	S	109	112	221	0.00001	0.00001	nan	nan	74	4.0
Aeromicrobium sp. HA	3009077	S	168	212	380	0.00003	0.00001	nan	nan	72	5.0
Aeromicrobium choanae	1736691	S	155	191	346	0.00002	0.00001	nan	nan	71	4.0
Pimelobacter simplex	2045	S	312	323	635	0.00004	0.00002	nan	nan	73	5.0
Mumia sp. ZJ1417	2708082	S	165	166	331	0.00002	0.00001	nan	nan	71	5.0
Friedmanniella luteola	546871	S	127	129	256	0.00002	0.00001	nan	nan	74	4.0
Microlunatus sagamiharensis	546874	S	173	177	350	0.00002	0.00001	nan	nan	74	4.0
Microlunatus soli	630515	S	141	142	283	0.00002	0.00001	nan	nan	68	3.0
Microlunatus phosphovorus	29405	S	113	115	228	0.00002	0.00001	nan	nan	68	4.0
Microlunatus elymi	2596828	S	112	113	225	0.00001	0.00001	nan	nan	67	4.0
Tessaracoccus defluvii	1285901	S	132	169	301	0.00002	0.00001	nan	nan	70	4.0
Tessaracoccus flavescens	399497	S	116	164	280	0.00002	0.00001	nan	nan	69	3.0
Raineyella sp. W15-4	3081651	S	118	144	262	0.00002	0.00001	nan	nan	71	nan
Raineyella fluvialis	2662261	S	101	108	209	0.00001	0.00001	nan	nan	71	4.0
Acidipropionibacterium acidipropionici	1748	S	134	155	289	0.00002	0.00001	nan	nan	70	4.0
Acidipropionibacterium jensenii	1749	S	113	152	265	0.00002	0.00001	nan	nan	69	4.0
Auraticoccus monumenti	675864	S	171	174	345	0.00002	0.00001	nan	nan	74	4.0
Kribbella qitaiheensis	1544730	S	180	188	368	0.00002	0.00001	nan	nan	68	3.0
Kribbella flavida	182640	S	152	160	312	0.00002	0.00001	nan	nan	71	4.0
Micromonospora sp. WMMC415	2675222	S	169	336	505	0.00003	0.00002	nan	nan	73	5.0
Micromonospora sp. WMMD812	3015152	S	116	233	349	0.00002	0.00002	nan	nan	73	5.0
Verrucosispora sp. NA02020	2742132	S	113	255	368	0.00002	0.00002	nan	nan	73	4.0
Micromonospora sp. NBRC 110009	3061627	S	109	309	418	0.00003	0.00002	nan	nan	73	5.0
Micromonospora echinofusca	47858	S	141	230	371	0.00002	0.00002	nan	nan	74	5.0
Micromonospora viridifaciens	1881	S	129	228	357	0.00002	0.00002	nan	nan	72	5.0
Micromonospora terminaliae	1914461	S	115	264	379	0.00003	0.00002	nan	nan	74	4.0
Micromonospora auratinigra	261654	S	113	223	336	0.00002	0.00001	nan	nan	74	4.0
Actinoplanes sp. L3-i22	2836373	S	227	278	505	0.00003	0.00002	nan	nan	73	nan
Actinoplanes sp. NRRL 3884	3040509	S	165	238	403	0.00003	0.00002	nan	nan	73	4.0
Actinoplanes sichuanensis	512349	S	277	300	577	0.00004	0.00002	nan	nan	71	3.0
Actinoplanes ianthinogenes	122358	S	160	207	367	0.00002	0.00001	nan	nan	73	3.0
Actinoplanes friuliensis	196914	S	154	163	317	0.00002	0.00001	nan	nan	71	4.0
Actinoplanes missouriensis	1866	S	132	153	285	0.00002	0.00001	nan	nan	72	4.0
Actinoplanes derwentensis	113562	S	128	136	264	0.00002	0.00001	nan	nan	70	4.0
Dactylosporangium aurantiacum	35754	S	203	210	413	0.00003	0.00001	nan	nan	74	4.0
Dactylosporangium fulvum	53359	S	169	187	356	0.00002	0.00001	nan	nan	72	4.0
Dactylosporangium vinaceum	53362	S	159	404	563	0.00004	0.00003	nan	nan	73	nan
Phytohabitans suffuscus	624315	S	327	355	682	0.00005	0.00002	nan	nan	73	4.0
Phytohabitans flavus	1076124	S	153	162	315	0.00002	0.00001	nan	nan	71	4.0
Plantactinospora sp. KBS50	2024580	S	268	368	636	0.00004	0.00002	nan	nan	73	4.0
Actinocatenispora thailandica	227318	S	171	186	357	0.00002	0.00001	nan	nan	74	4.0
Actinocatenispora sera	390989	S	113	124	237	0.00002	0.00001	nan	nan	74	4.0
Couchioplanes caeruleus	56438	S	223	252	475	0.00003	0.00002	nan	nan	74	4.0
Polymorphospora rubra	338584	S	218	240	458	0.00003	0.00002	nan	nan	73	4.0
Catellatospora sp. IY07-71	2728827	S	166	175	341	0.00002	0.00001	nan	nan	73	5.0
Actinomadura sp. WMMB 499	1219491	S	214	233	447	0.00003	0.00002	nan	nan	74	5.0
Actinomadura sp. WMMA1423	2591108	S	157	184	341	0.00002	0.00001	nan	nan	74	4.0
Actinomadura sp. NAK00032	2742128	S	125	150	275	0.00002	0.00001	nan	nan	74	5.0
Actinomadura madurae	1993	S	148	181	329	0.00002	0.00001	nan	nan	73	nan
Actinomadura verrucosospora	46165	S	128	150	278	0.00002	0.00001	nan	nan	74	4.0
Thermomonospora amylolytica	1411117	S	200	213	413	0.00003	0.00001	nan	nan	74	3.0
Nocardiopsis dassonvillei	2014	S	134	362	496	0.00003	0.00002	nan	nan	73	4.0
Streptomonospora nanhaiensis	1323731	S	235	242	477	0.00003	0.00002	nan	nan	74	4.0
Streptomonospora litoralis	2498135	S	104	105	209	0.00001	0.00001	nan	nan	73	4.0
Nonomuraea sp. ATCC 55076	1909395	S	277	297	574	0.00004	0.00002	nan	nan	73	4.0
Nonomuraea phyllanthi	2219224	S	168	174	342	0.00002	0.00001	nan	nan	72	4.0
Nonomuraea coxensis	404386	S	119	126	245	0.00002	0.00001	nan	nan	74	5.0
Streptosporangium sp. 'caverna'	2202249	S	113	131	244	0.00002	0.00001	nan	nan	70	4.0
Streptosporangium roseum	2001	S	104	126	230	0.00002	0.00001	nan	nan	72	4.0
Thermobispora bispora	2006	S	101	104	205	0.00001	0.00001	nan	nan	73	4.0
Blastococcus saxobsidens	138336	S	152	156	308	0.00002	0.00001	nan	nan	73	4.0
Blastococcus sp. PRF04-17	2933797	S	129	133	262	0.00002	0.00001	nan	nan	74	4.0
Modestobacter sp. L9-4	2851567	S	124	128	252	0.00002	0.00001	nan	nan	75	4.0
Modestobacter marinus	477641	S	110	113	223	0.00001	0.00001	nan	nan	74	4.0
Geodermatophilus obscurus	1861	S	149	175	324	0.00002	0.00001	nan	nan	75	4.0
Jiangella sp. DSM 45060	1798224	S	352	366	718	0.00005	0.00002	nan	nan	73	4.0
Jiangella alkaliphila	419479	S	301	313	614	0.00004	0.00002	nan	nan	73	4.0
Nakamurella panacisegetis	1090615	S	145	150	295	0.00002	0.00001	nan	nan	70	nan
Catenulispora acidiphila	304895	S	196	197	393	0.00003	0.00001	nan	nan	70	4.0
Kineococcus radiotolerans	131568	S	132	134	266	0.00002	0.00001	nan	nan	74	4.0
Parolsenella massiliensis	1871022	S	179855	182510	362365	0.02404	0.01211	nan	nan	66	4.0
Baekduia alba	2997333	S	11682	11710	23392	0.00155	0.00078	nan	nan	74	4.0
Baekduia soli	496014	S	134	134	268	0.00002	0.00001	nan	nan	74	4.0
Conexibacter woesei	191495	S	177	177	354	0.00002	0.00001	nan	nan	73	5.0
Capillimicrobium parvum	2884022	S	142	142	284	0.00002	0.00001	nan	nan	73	4.0
Euzebya pacifica	1608957	S	177	177	354	0.00002	0.00001	nan	nan	71	4.0
Bacillus sp. FDAARGOS_527	2576356	S	27608	233487	261095	0.01732	0.01549	nan	nan	35	nan
Bacillus sp. CR71	2231056	S	906	1096092	1096998	0.07277	0.07271	nan	nan	35	nan
Bacillus sp. DX3.1	3052091	S	726	742	1468	0.00010	0.00005	nan	nan	36	nan
Bacillus sp. BD59S	2499213	S	511	771	1282	0.00009	0.00005	nan	nan	35	nan
Bacillus sp. ZJS3	2928154	S	448	658	1106	0.00007	0.00004	nan	nan	35	nan
Bacillus sp. N5-665	2925318	S	421	639	1060	0.00007	0.00004	nan	nan	35	nan
Bacillus sp. HNR-4	2796141	S	197	558	755	0.00005	0.00004	nan	nan	35	nan
Bacillus sp. COPE52	2233998	S	161	348	509	0.00003	0.00002	nan	nan	35	nan
Bacillus sp. PGP15	2933563	S	147	433	580	0.00004	0.00003	nan	nan	35	nan
Bacillus sp. SI2	3077323	S	118	394	512	0.00003	0.00003	nan	nan	35	nan
Bacillus sp. NP247	2846779	S	116	287	403	0.00003	0.00002	nan	nan	35	nan
Bacillus sp. B25(2016b)	1868655	S	112	618	730	0.00005	0.00004	nan	nan	35	nan
Bacillus carboniphilus	86663	S	98074	98377	196451	0.01303	0.00653	nan	nan	36	nan
Bacillus cereus	1396	S	11201	56842	68043	0.00451	0.00377	nan	nan	35	nan
Bacillus thuringiensis	1428	S	8809	361097	369906	0.02454	0.02395	nan	nan	35	nan
Bacillus mycoides	1405	S	4336	6029	10365	0.00069	0.00040	nan	nan	35	nan
Bacillus wiedmannii	1890302	S	3026	3658	6684	0.00044	0.00024	nan	nan	35	nan
Bacillus anthracis	1392	S	1762	60302	62064	0.00412	0.00400	nan	nan	35	nan
Bacillus luti	2026191	S	1512	1609	3121	0.00021	0.00011	nan	nan	35	nan
Bacillus paranthracis	2026186	S	1378	4733	6111	0.00041	0.00031	nan	nan	35	nan
Bacillus tropicus	2026188	S	1330	2629	3959	0.00026	0.00017	nan	nan	35	nan
Bacillus pseudomycoides	64104	S	1270	1291	2561	0.00017	0.00009	nan	nan	35	nan
Bacillus toyonensis	155322	S	1231	2395	3626	0.00024	0.00016	nan	nan	35	nan
Bacillus cytotoxicus	580165	S	798	810	1608	0.00011	0.00005	nan	nan	36	nan
Bacillus pacificus	2026187	S	789	1230	2019	0.00013	0.00008	nan	nan	35	nan
Bacillus nitratireducens	2026193	S	776	881	1657	0.00011	0.00006	nan	nan	36	nan
Bacillus sp. ABP14	1892404	S	216	468	684	0.00005	0.00003	nan	nan	35	nan
Bacillus sp. HBCD-sjtu	2053832	S	107	329	436	0.00003	0.00002	nan	nan	35	nan
Bacillus sp. JAS24-2	2217832	S	101	201	302	0.00002	0.00001	nan	nan	35	nan
Bacillus albus	2026189	S	284	630	914	0.00006	0.00004	nan	nan	35	nan
Bacillus bombysepticus	658666	S	115	395	510	0.00003	0.00003	nan	nan	35	nan
Bacillus arachidis	2819290	S	512	525	1037	0.00007	0.00003	nan	nan	36	nan
Clostridium sp. OS1-26	3070681	S	324476	325370	649846	0.04311	0.02158	nan	nan	32	nan
Planktothrix pseudagardhii	132604	S	191783	422781	614564	0.04077	0.02804	nan	nan	38	nan
Planktothrix agardhii	1160	S	248	399	647	0.00004	0.00003	nan	nan	38	nan
Planktothrix tepida	1678309	S	111	234	345	0.00002	0.00002	nan	nan	38	4.0
Mycoplasma ovis	171632	S	227105	227231	454336	0.03014	0.01507	nan	nan	31	nan
Mycoplasma sp. 97/66	2963127	S	36061	57687	93748	0.00622	0.00383	nan	nan	26	nan
Mycoplasma sp. SG1	2810348	S	27656	27656	55312	0.00367	0.00183	nan	nan	25	4.0
Deinococcus peraridilitoris	432329	S	154	207	361	0.00002	0.00001	nan	nan	64	3.0
Deinococcus aetherius	200252	S	114	162	276	0.00002	0.00001	nan	nan	70	4.0
Salinimicrobium tongyeongense	2809707	S	525692	526207	1051899	0.06978	0.03490	nan	nan	44	nan
Pseudalgibacter alginicilyticus	1736674	S	499942	500975	1000917	0.06639	0.03323	nan	nan	32	nan
Formosa sp. Hel1_31_208	1798225	S	123635	123753	247388	0.01641	0.00821	nan	nan	35	nan
Zunongwangia sp. HRR-M8	3015170	S	96565	99122	195687	0.01298	0.00658	nan	nan	35	nan
Chryseobacterium sp. IHB B 17019	1721091	S	79573	79934	159507	0.01058	0.00530	nan	nan	37	nan
Blattabacterium sp. DPU	2715232	S	59751	59899	119650	0.00794	0.00397	nan	nan	24	4.0
Bacteroides sp. M10	2763022	S	372761	496745	869506	0.05768	0.03295	nan	nan	42	nan
Bacteroides sp. D2	556259	S	110	177	287	0.00002	0.00001	nan	nan	43	nan
Bacteroides ovatus	28116	S	289	978	1267	0.00008	0.00006	nan	nan	43	nan
Bacteroides xylanisolvens	371601	S	212	330	542	0.00004	0.00002	nan	nan	43	nan
Bacteroides luhongzhouii	2650158	S	106	113	219	0.00001	0.00001	nan	nan	42	4.0
Bacteroides faecium	2715212	S	103	104	207	0.00001	0.00001	nan	nan	45	nan
Gemmatirosa kalamazoonensis	861299	S	124	124	248	0.00002	0.00001	nan	nan	73	3.0
Treponema sp. OMZ 857	1643513	S	774177	998988	1773165	0.11762	0.06627	nan	nan	45	5.0
Treponema sp. OMZ 838	1539298	S	301	520	821	0.00005	0.00003	nan	nan	45	nan
Treponema sp. OMZ 855	1643512	S	278	486	764	0.00005	0.00003	nan	nan	45	nan
Treponema sp. OMZ 803	120682	S	163	217	380	0.00003	0.00001	nan	nan	45	nan
Treponema sp. OMZ 305	1659192	S	159	190	349	0.00002	0.00001	nan	nan	45	nan
Treponema sp. OMZ 906	2563662	S	156	209	365	0.00002	0.00001	nan	nan	45	nan
Treponema vincentii	69710	S	102	107	209	0.00001	0.00001	nan	nan	47	4.0
Campylobacter canadensis	449520	S	106424	106842	213266	0.01415	0.00709	nan	nan	27	nan
Campylobacter jejuni	197	S	44448	234126	278574	0.01848	0.01553	nan	nan	30	nan
Campylobacter sp. CFSAN093246	2572050	S	24621	274237	298858	0.01982	0.01819	nan	nan	30	nan
Campylobacter sp. CFSAN093224	2572074	S	2428	35428	37856	0.00251	0.00235	nan	nan	30	nan
Campylobacter sp. RM10537	1032242	S	316	317	633	0.00004	0.00002	nan	nan	29	4.0
Campylobacter coli	195	S	2509	3052	5561	0.00037	0.00020	nan	nan	31	nan
Campylobacter hepaticus	1813019	S	691	711	1402	0.00009	0.00005	nan	nan	28	4.0
Campylobacter novaezeelandiae	2267891	S	342	347	689	0.00005	0.00002	nan	nan	27	4.0
Campylobacter lari	201	S	291	299	590	0.00004	0.00002	nan	nan	29	4.0
Campylobacter cuniculorum	374106	S	213	213	426	0.00003	0.00001	nan	nan	31	3.0
Campylobacter helveticus	28898	S	164	168	332	0.00002	0.00001	nan	nan	34	4.0
Campylobacter upsaliensis	28080	S	161	163	324	0.00002	0.00001	nan	nan	35	4.0
Campylobacter peloridis	488546	S	144	148	292	0.00002	0.00001	nan	nan	28	3.0
Campylobacter insulaenigrae	260714	S	109	109	218	0.00001	0.00001	nan	nan	27	3.0
Campylobacter volucris	1031542	S	106	107	213	0.00001	0.00001	nan	nan	28	3.0
Desulfarculus baarsii	453230	S	166459	167305	333764	0.02214	0.01110	nan	nan	66	4.0
Candidatus Babela massiliensis	673862	S	23887	23888	47775	0.00317	0.00158	nan	nan	28	nan
Sorangium cellulosum	56	S	484	604	1088	0.00007	0.00004	nan	nan	72	4.0
Polyangium aurulentum	2567896	S	141	142	283	0.00002	0.00001	nan	nan	70	3.0
Chondromyces crocatus	52	S	132	132	264	0.00002	0.00001	nan	nan	69	3.0
Sandaracinus amylolyticus	927083	S	250	250	500	0.00003	0.00002	nan	nan	72	4.0
Nannocystis poenicansa	2995304	S	284	284	568	0.00004	0.00002	nan	nan	72	4.0
Anaeromyxobacter dehalogenans	161493	S	179	249	428	0.00003	0.00002	nan	nan	75	3.0
Anaeromyxobacter paludicola	2918171	S	100	103	203	0.00001	0.00001	nan	nan	74	3.0
Archangium violaceum	83451	S	116	160	276	0.00002	0.00001	nan	nan	70	3.0
Aquisphaera giovannonii	406548	S	193	210	403	0.00003	0.00001	nan	nan	71	3.0
Tautonia plasticadhaerens	2527974	S	135	138	273	0.00002	0.00001	nan	nan	72	3.0
Luteitalea sp. TBR-22	2802971	S	120	121	241	0.00002	0.00001	nan	nan	71	3.0
Homo sapiens	9606	S	113	116	229	0.00002	0.00001	nan	nan	38	3.0
