name	taxonomy_id	taxonomy_lvl	kraken_assigned_reads	added_reads	new_est_reads	fraction_total_reads	Bracken_estimate	GuaCAMOLE_estimate	GuaCAMOLE_est_eff	GC content	Taxon Removal Cycle
Candidatus Pantoea carbekii	1235990	S	452200	452554	904754	0.06137	0.03070	0.03601	0.03856	34	nan
Pantoea rwandensis	1076550	S	36553	36981	73534	0.00499	0.00251	0.00227	0.00218	56	nan
Pantoea agglomerans	549	S	22376	23299	45675	0.00310	0.00158	0.00141	0.00139	57	nan
Pantoea sp. SOD02	2970818	S	572	631	1203	0.00008	0.00004	0.00000	0.00004	56	5.0
Pantoea sp. At-9b	592316	S	361	365	726	0.00005	0.00002	0.00000	0.00002	56	5.0
Pantoea sp. SS70	3024247	S	148	620	768	0.00005	0.00004	0.00000	0.00004	57	5.0
Pantoea vagans	470934	S	1946	2217	4163	0.00028	0.00015	0.00014	0.00013	56	nan
Pantoea dispersa	59814	S	1251	1265	2516	0.00017	0.00009	0.00000	0.00008	60	5.0
Candidatus Pantoea edessiphila	2044610	S	718	718	1436	0.00010	0.00005	0.00000	0.00007	31	5.0
Pantoea ananatis	553	S	374	379	753	0.00005	0.00003	0.00000	0.00002	55	4.0
Pantoea cypripedii	55209	S	275	276	551	0.00004	0.00002	0.00000	0.00002	55	4.0
Pantoea phytobeneficialis	2052056	S	178	179	357	0.00002	0.00001	0.00000	0.00001	56	4.0
Pantoea anthophila	470931	S	107	108	215	0.00001	0.00001	0.00000	0.00001	59	4.0
Erwinia sorbitola	2681984	S	95887	96548	192435	0.01305	0.00655	0.00586	0.00569	55	nan
Candidatus Erwinia haradaeae	1922217	S	290	290	580	0.00004	0.00002	0.00000	0.00002	36	4.0
Buchnera aphidicola	9	S	1987	1911	3898	0.00026	0.00013	0.00000	0.00022	26	5.0
Enterobacter roggenkampii	1812935	S	72456	91468	163924	0.01112	0.00620	0.00551	0.00551	58	nan
Enterobacter chengduensis	2494701	S	56743	67772	124515	0.00845	0.00460	0.00408	0.00408	58	nan
Enterobacter kobei	208224	S	11175	28419	39594	0.00269	0.00193	0.00174	0.00170	57	nan
Enterobacter sp. BIDMC 29	1329841	S	2125	6085	8210	0.00056	0.00041	0.00039	0.00036	58	nan
Enterobacter cloacae complex sp. FDA-CDC-AR_0132	2077137	S	1742	9874	11616	0.00079	0.00067	0.00062	0.00059	57	nan
Enterobacter cloacae complex sp.	2027919	S	149	196	345	0.00002	0.00001	0.00001	0.00001	57	nan
Enterobacter ludwigii	299767	S	2079	4825	6904	0.00047	0.00033	0.00030	0.00029	57	nan
Enterobacter hormaechei	158836	S	1983	10833	12816	0.00087	0.00073	0.00067	0.00065	57	nan
Enterobacter cloacae	550	S	1710	2220	3930	0.00027	0.00015	0.00015	0.00013	57	nan
Enterobacter asburiae	61645	S	1356	2449	3805	0.00026	0.00017	0.00016	0.00015	58	nan
Enterobacter chuandaensis	2497875	S	263	295	558	0.00004	0.00002	0.00000	0.00002	58	5.0
Enterobacter cancerogenus	69218	S	194	201	395	0.00003	0.00001	0.00000	0.00001	58	5.0
Enterobacter sichuanensis	2071710	S	123	134	257	0.00002	0.00001	0.00001	0.00001	57	nan
Enterobacter bugandensis	881260	S	18753	25578	44331	0.00301	0.00173	0.00157	0.00154	58	nan
Enterobacter sp. JBIWA003	2831890	S	7175	12469	19644	0.00133	0.00085	0.00079	0.00075	58	nan
Enterobacter sp. SGAir0187	2836161	S	130	180	310	0.00002	0.00001	0.00001	0.00001	58	nan
Enterobacter mori	539813	S	417	447	864	0.00006	0.00003	0.00003	0.00003	57	nan
Enterobacter pseudoroggenkampii	2996112	S	172	273	445	0.00003	0.00002	0.00002	0.00002	58	nan
Enterobacter quasiroggenkampii	2497436	S	107	179	286	0.00002	0.00001	0.00001	0.00001	59	nan
Citrobacter pasteurii	1563222	S	63180	75371	138551	0.00940	0.00511	0.00449	0.00441	54	nan
Citrobacter sp. RHBSTW-00271	2742642	S	793	4768	5561	0.00038	0.00032	0.00000	0.00028	54	5.0
Citrobacter sp. CRE-46	1703250	S	355	11884	12239	0.00083	0.00081	0.00000	0.00070	54	4.0
Citrobacter rodentium	67825	S	6957	9137	16094	0.00109	0.00062	0.00000	0.00055	57	5.0
Citrobacter freundii	546	S	2246	3925	6171	0.00042	0.00027	0.00026	0.00023	54	nan
Citrobacter portucalensis	1639133	S	493	634	1127	0.00008	0.00004	0.00000	0.00004	54	5.0
Citrobacter braakii	57706	S	414	1008	1422	0.00010	0.00007	0.00006	0.00006	54	nan
Citrobacter werkmanii	67827	S	251	405	656	0.00004	0.00003	0.00003	0.00002	54	nan
Citrobacter youngae	133448	S	157	341	498	0.00003	0.00002	0.00002	0.00002	54	nan
Citrobacter cronae	1748967	S	1241	2974	4215	0.00029	0.00020	0.00019	0.00017	54	nan
Citrobacter tructae	2562449	S	149	153	302	0.00002	0.00001	0.00000	0.00001	53	5.0
Citrobacter arsenatis	2546350	S	115	120	235	0.00002	0.00001	0.00001	0.00001	55	nan
Escherichia albertii	208962	S	28302	30869	59171	0.00401	0.00209	0.00185	0.00181	52	nan
Escherichia sp. 10290	2935450	S	259	14004	14263	0.00097	0.00095	0.00089	0.00082	53	nan
Escherichia coli	562	S	2318	13238	15556	0.00106	0.00090	0.00000	0.00078	54	5.0
Kosakonia sacchari	1158459	S	35696	38229	73925	0.00501	0.00259	0.00233	0.00226	56	nan
Kosakonia cowanii	208223	S	1865	1928	3793	0.00026	0.00013	0.00012	0.00012	58	nan
Salmonella enterica	28901	S	1346	18273	19619	0.00133	0.00124	0.00112	0.00108	54	nan
Klebsiella sp. P1CD1	2267618	S	1292	7598	8890	0.00060	0.00052	0.00048	0.00047	60	nan
Klebsiella sp. WP4-W18-ESBL-05	2675713	S	117	157	274	0.00002	0.00001	0.00000	0.00001	57	4.0
Klebsiella pneumoniae	573	S	1031	6875	7906	0.00054	0.00047	0.00045	0.00042	59	nan
Klebsiella michiganensis	1134687	S	182	323	505	0.00003	0.00002	0.00002	0.00002	58	nan
Klebsiella quasipneumoniae	1463165	S	182	390	572	0.00004	0.00003	0.00003	0.00002	60	nan
Klebsiella variicola	244366	S	152	446	598	0.00004	0.00003	0.00003	0.00003	60	nan
Candidatus Tachikawaea gelatinosa	1410383	S	126	146	272	0.00002	0.00001	0.00000	0.00002	26	4.0
Lelliottia amnigena	61646	S	132	138	270	0.00002	0.00001	0.00000	0.00001	55	4.0
Candidatus Ishikawaella capsulata	168169	S	122	122	244	0.00002	0.00001	0.00000	0.00001	29	4.0
Hafnia paralvei	546367	S	94792	98893	193685	0.01314	0.00671	0.00593	0.00576	50	nan
Hafnia alvei	569	S	2849	3241	6090	0.00041	0.00022	0.00021	0.00019	51	nan
Arsenophonus apicola	2879119	S	28087	28409	56496	0.00383	0.00193	0.00191	0.00188	39	nan
Xenorhabdus bovienii	40576	S	9990	10074	20064	0.00136	0.00068	0.00062	0.00061	47	nan
Xenorhabdus nematophila	628	S	208	209	417	0.00003	0.00001	0.00000	0.00001	45	4.0
Proteus mirabilis	584	S	101	149	250	0.00002	0.00001	0.00000	0.00001	41	4.0
Serratia sp. JUb9	2724469	S	2025	5721	7746	0.00053	0.00039	0.00038	0.00035	61	nan
Serratia plymuthica	82996	S	240	259	499	0.00003	0.00002	0.00000	0.00002	59	4.0
Serratia marcescens	615	S	200	316	516	0.00004	0.00002	0.00000	0.00002	62	4.0
Serratia odorifera	618	S	165	167	332	0.00002	0.00001	0.00000	0.00001	58	4.0
Acinetobacter sp. YH16056_T	2929514	S	356910	478932	835842	0.05669	0.03249	0.03084	0.02976	42	nan
Acinetobacter sp. MYb10	1827285	S	19030	24355	43385	0.00294	0.00165	0.00158	0.00156	40	nan
Acinetobacter sp. AHP123	2913495	S	5528	6648	12176	0.00083	0.00045	0.00046	0.00042	40	nan
Acinetobacter sp. AS23	2871688	S	4666	5849	10515	0.00071	0.00040	0.00000	0.00037	40	5.0
Acinetobacter sp. XS-4	2923375	S	2834	3013	5847	0.00040	0.00020	0.00020	0.00019	40	nan
Acinetobacter sp. F9	2853158	S	1708	2520	4228	0.00029	0.00017	0.00000	0.00015	44	5.0
Acinetobacter sp. YH12138	2601122	S	183	249	432	0.00003	0.00002	0.00002	0.00002	41	nan
Acinetobacter sp. SH20PTE14	2905879	S	178	239	417	0.00003	0.00002	0.00002	0.00001	42	nan
Acinetobacter sp. YH16040_T	2929512	S	171	234	405	0.00003	0.00002	0.00001	0.00001	42	nan
Acinetobacter sp. YH12068_T	2929515	S	149	215	364	0.00002	0.00001	0.00001	0.00001	42	nan
Acinetobacter sp. BHS4	2836181	S	148	243	391	0.00003	0.00002	0.00000	0.00002	41	5.0
Acinetobacter larvae	1789224	S	19330	19373	38703	0.00263	0.00131	0.00121	0.00118	43	nan
Acinetobacter pittii	48296	S	4369	6070	10439	0.00071	0.00041	0.00000	0.00039	40	5.0
Acinetobacter calcoaceticus	471	S	2981	3091	6072	0.00041	0.00021	0.00020	0.00020	40	nan
Acinetobacter seifertii	1530123	S	2709	3060	5769	0.00039	0.00021	0.00000	0.00020	40	5.0
Acinetobacter baumannii	470	S	1940	4849	6789	0.00046	0.00033	0.00000	0.00031	41	5.0
Acinetobacter lactucae	1785128	S	1036	1698	2734	0.00019	0.00012	0.00011	0.00011	40	nan
Acinetobacter nosocomialis	106654	S	749	942	1691	0.00011	0.00006	0.00000	0.00006	40	5.0
Acinetobacter pseudolwoffii	2053287	S	6921	9092	16013	0.00109	0.00062	0.00058	0.00055	44	nan
Acinetobacter oleivorans	1148157	S	3345	4145	7490	0.00051	0.00028	0.00026	0.00026	40	nan
Acinetobacter lwoffii	28090	S	768	1047	1815	0.00012	0.00007	0.00000	0.00006	44	5.0
Acinetobacter indicus	756892	S	299	356	655	0.00004	0.00002	0.00000	0.00002	48	4.0
Acinetobacter johnsonii	40214	S	212	254	466	0.00003	0.00002	0.00000	0.00002	43	5.0
Acinetobacter towneri	202956	S	103	141	244	0.00002	0.00001	0.00000	0.00001	42	5.0
Acinetobacter variabilis	70346	S	101	129	230	0.00002	0.00001	0.00000	0.00001	44	5.0
Psychrobacter sp. AntiMn-1	1720344	S	6749	14342	21091	0.00143	0.00097	0.00088	0.00085	46	nan
Shewanella frigidimarina	56812	S	183955	190471	374426	0.02540	0.01292	0.01193	0.01152	42	nan
Shewanella bicestrii	2018305	S	53029	65578	118607	0.00805	0.00445	0.00391	0.00382	49	nan
Shewanella psychromarinicola	2487742	S	33479	33690	67169	0.00456	0.00229	0.00208	0.00203	43	nan
Shewanella benthica	43661	S	28228	28431	56659	0.00384	0.00193	0.00171	0.00166	48	nan
Shewanella avicenniae	2814294	S	24133	24231	48364	0.00328	0.00164	0.00143	0.00140	49	nan
Pseudoalteromonas sp. LC2018020214	2799564	S	68343	112680	181023	0.01228	0.00764	0.00722	0.00702	41	nan
Pseudoalteromonas sp. THAF3	2587843	S	51261	57363	108624	0.00737	0.00389	0.00343	0.00333	47	nan
Pseudoalteromonas sp. A41-2	2785910	S	2482	9228	11710	0.00079	0.00063	0.00058	0.00057	41	nan
Pseudoalteromonas sp. SCSIO 43088	2822846	S	129	138	267	0.00002	0.00001	0.00000	0.00001	42	5.0
Pseudoalteromonas ruthenica	151081	S	18889	21219	40108	0.00272	0.00144	0.00000	0.00123	48	5.0
Pseudoalteromonas arctica	394751	S	131	153	284	0.00002	0.00001	0.00001	0.00001	40	nan
Pseudoalteromonas aliena	247523	S	120	122	242	0.00002	0.00001	0.00000	0.00001	40	5.0
Hydrocarboniclastica marina	2259620	S	16505	16551	33056	0.00224	0.00112	0.00102	0.00100	59	nan
Pseudomonas sp. FP1740	2954078	S	102696	143403	246099	0.01669	0.00973	0.00922	0.00888	61	nan
Pseudomonas sp. SG20052	3074147	S	37353	73626	110979	0.00753	0.00499	0.00476	0.00461	61	nan
Pseudomonas sp. 02C 26	2054914	S	13528	19597	33125	0.00225	0.00133	0.00132	0.00124	62	nan
Pseudomonas sp. D3	517398	S	12575	13203	25778	0.00175	0.00090	0.00085	0.00083	62	nan
Pseudomonas sp. T1-3-2	2908006	S	8904	9099	18003	0.00122	0.00062	0.00000	0.00058	64	5.0
Pseudomonas sp. B10	118613	S	7206	10360	17566	0.00119	0.00070	0.00067	0.00065	61	nan
Pseudomonas sp. CIP-10	2892442	S	6845	26321	33166	0.00225	0.00179	0.00178	0.00168	63	nan
Pseudomonas sp. HN2	2884805	S	4923	10125	15048	0.00102	0.00069	0.00066	0.00064	62	nan
Pseudomonas sp. WJP1	2986947	S	619	642	1261	0.00009	0.00004	0.00004	0.00004	62	nan
Pseudomonas sp. B21-040	2895486	S	528	544	1072	0.00007	0.00004	0.00000	0.00003	61	5.0
Pseudomonas sp. MTM4	2705472	S	456	475	931	0.00006	0.00003	0.00003	0.00003	61	nan
Pseudomonas sp. PP3	2815936	S	416	446	862	0.00006	0.00003	0.00000	0.00003	61	5.0
Pseudomonas sp. URMO17WK12:I11	1283291	S	375	488	863	0.00006	0.00003	0.00003	0.00003	62	nan
Pseudomonas sp. S34	1573718	S	360	375	735	0.00005	0.00003	0.00000	0.00002	62	5.0
Pseudomonas sp. 31-12	2201356	S	347	366	713	0.00005	0.00002	0.00000	0.00002	61	5.0
Pseudomonas sp. MPC6	2498848	S	299	310	609	0.00004	0.00002	0.00000	0.00002	62	5.0
Pseudomonas sp. N3-W	2975049	S	283	290	573	0.00004	0.00002	0.00000	0.00002	61	5.0
Pseudomonas sp. ACM7	2052956	S	266	285	551	0.00004	0.00002	0.00000	0.00002	60	5.0
Pseudomonas sp. DNDY-54	2870860	S	263	306	569	0.00004	0.00002	0.00000	0.00002	61	5.0
Pseudomonas sp. DR48	2871095	S	222	237	459	0.00003	0.00002	0.00000	0.00001	60	5.0
Pseudomonas sp. B21-015	2895473	S	210	222	432	0.00003	0.00002	0.00000	0.00001	61	5.0
Pseudomonas sp. B21-053	2895493	S	191	207	398	0.00003	0.00001	0.00000	0.00001	61	5.0
Pseudomonas sp. B21-048	2895490	S	183	194	377	0.00003	0.00001	0.00000	0.00001	60	4.0
Pseudomonas sp. FP1742	2954079	S	158	179	337	0.00002	0.00001	0.00000	0.00001	61	5.0
Pseudomonas sp. NIBR-H-19	2901380	S	155	161	316	0.00002	0.00001	0.00000	0.00001	60	4.0
Pseudomonas sp. FP2196	2954086	S	145	151	296	0.00002	0.00001	0.00000	0.00001	61	5.0
Pseudomonas sp. MM213	2866807	S	145	168	313	0.00002	0.00001	0.00000	0.00001	61	5.0
Pseudomonas sp. DTU12.3	2073078	S	129	136	265	0.00002	0.00001	0.00000	0.00001	61	5.0
Pseudomonas sp. Seg1	2678259	S	126	132	258	0.00002	0.00001	0.00000	0.00001	61	5.0
Pseudomonas sp. B21-019	2895475	S	116	218	334	0.00002	0.00001	0.00000	0.00001	61	5.0
Pseudomonas sp. LS1212	2972478	S	103	104	207	0.00001	0.00001	0.00001	0.00001	62	nan
Pseudomonas alcaliphila	101564	S	20788	27741	48529	0.00329	0.00188	0.00202	0.00179	64	nan
Pseudomonas koreensis	198620	S	15451	21697	37148	0.00252	0.00147	0.00140	0.00136	62	nan
Pseudomonas fluorescens	294	S	1005	1168	2173	0.00015	0.00008	0.00007	0.00007	62	nan
Pseudomonas mandelii	75612	S	150	285	435	0.00003	0.00002	0.00002	0.00002	61	nan
Pseudomonas orientalis	76758	S	109	114	223	0.00002	0.00001	0.00001	0.00001	62	nan
Pseudomonas aeruginosa	287	S	10221	42789	53010	0.00360	0.00290	0.00329	0.00281	64	nan
Pseudomonas plecoglossicida	70775	S	1849	2611	4460	0.00030	0.00018	0.00000	0.00017	64	5.0
Pseudomonas putida	303	S	1260	2402	3662	0.00025	0.00016	0.00017	0.00015	63	nan
Pseudomonas izuensis	2684212	S	676	696	1372	0.00009	0.00005	0.00000	0.00004	61	5.0
Pseudomonas syringae	317	S	191	403	594	0.00004	0.00003	0.00000	0.00002	60	5.0
Pseudomonas viridiflava	33069	S	100	103	203	0.00001	0.00001	0.00000	0.00001	61	5.0
Pseudomonas chlororaphis	587753	S	282	394	676	0.00005	0.00003	0.00000	0.00003	64	5.0
Pseudomonas fragi	296	S	120	134	254	0.00002	0.00001	0.00000	0.00001	60	4.0
Pseudomonas umsongensis	198618	S	488	504	992	0.00007	0.00003	0.00000	0.00003	61	5.0
Pseudomonas knackmussii	65741	S	321	343	664	0.00005	0.00002	0.00000	0.00002	65	5.0
Pseudomonas arsenicoxydans	702115	S	266	280	546	0.00004	0.00002	0.00000	0.00002	60	5.0
Pseudomonas frederiksbergensis	104087	S	265	294	559	0.00004	0.00002	0.00000	0.00002	61	4.0
Pseudomonas vancouverensis	95300	S	259	265	524	0.00004	0.00002	0.00002	0.00002	62	nan
Pseudomonas reinekei	395598	S	258	274	532	0.00004	0.00002	0.00000	0.00002	61	5.0
Pseudomonas hormoni	3093767	S	226	237	463	0.00003	0.00002	0.00000	0.00001	61	5.0
Pseudomonas laurylsulfatiphila	2011015	S	187	203	390	0.00003	0.00001	0.00001	0.00001	62	nan
Pseudomonas silesiensis	1853130	S	173	179	352	0.00002	0.00001	0.00000	0.00001	61	5.0
Pseudomonas saudiphocaensis	1499686	S	154	154	308	0.00002	0.00001	0.00001	0.00001	62	nan
Pseudomonas prosekii	1148509	S	144	147	291	0.00002	0.00001	0.00000	0.00001	61	5.0
Pseudomonas azerbaijanorientalis	2842350	S	137	169	306	0.00002	0.00001	0.00001	0.00001	62	nan
Pseudomonas nunensis	2961896	S	123	132	255	0.00002	0.00001	0.00000	0.00001	61	5.0
Halopseudomonas maritima	2918528	S	26452	26578	53030	0.00360	0.00180	0.00175	0.00168	62	nan
Stutzerimonas xanthomarina	271420	S	8371	8983	17354	0.00118	0.00061	0.00060	0.00056	61	nan
Stutzerimonas stutzeri	316	S	6098	7240	13338	0.00090	0.00049	0.00000	0.00047	64	5.0
Stutzerimonas balearica	74829	S	213	231	444	0.00003	0.00002	0.00000	0.00002	66	4.0
Stutzerimonas frequens	2968969	S	187	329	516	0.00004	0.00002	0.00000	0.00002	63	5.0
[Pseudomonas] zhaodongensis	1176257	S	4435	6063	10498	0.00071	0.00041	0.00040	0.00038	61	nan
Stutzerimonas decontaminans	3022791	S	105	131	236	0.00002	0.00001	0.00000	0.00001	63	4.0
Marinobacter sp. LV10R510-11A	1415568	S	10614	10657	21271	0.00144	0.00072	0.00064	0.00062	54	nan
Vibrio gallicus	190897	S	92881	95221	188102	0.01276	0.00646	0.00580	0.00561	44	nan
Vibrio sp. J383	2942997	S	22165	55172	77337	0.00525	0.00374	0.00334	0.00324	45	nan
Vibrio sp. SCSIO 43133	2802577	S	9378	31338	40716	0.00276	0.00213	0.00190	0.00184	45	nan
Vibrio sp. Scap24	2589990	S	603	967	1570	0.00011	0.00007	0.00006	0.00006	45	nan
Vibrio sp. ED004	2785124	S	567	918	1485	0.00010	0.00006	0.00005	0.00005	45	nan
Vibrio sp. CyArs1	2682577	S	396	430	826	0.00006	0.00003	0.00000	0.00003	43	4.0
Vibrio sp. FE10	3035453	S	260	373	633	0.00004	0.00003	0.00002	0.00002	45	nan
Vibrio sp. SNU_ST1	3064001	S	191	288	479	0.00003	0.00002	0.00002	0.00002	46	nan
Vibrio sp. THAF190c	2587865	S	116	127	243	0.00002	0.00001	0.00001	0.00001	46	nan
Vibrio sp. SCSIO 43140	2819100	S	109	136	245	0.00002	0.00001	0.00000	0.00001	47	5.0
Vibrio mediterranei	689	S	27643	50364	78007	0.00529	0.00342	0.00306	0.00296	45	nan
Vibrio rotiferianus	190895	S	11154	20747	31901	0.00216	0.00141	0.00124	0.00121	45	nan
Vibrio parahaemolyticus	670	S	628	762	1390	0.00009	0.00005	0.00005	0.00004	46	nan
Vibrio campbellii	680	S	201	424	625	0.00004	0.00003	0.00003	0.00002	46	nan
Vibrio harveyi	669	S	138	401	539	0.00004	0.00003	0.00002	0.00002	45	nan
Vibrio diabolicus	50719	S	115	407	522	0.00004	0.00003	0.00002	0.00002	45	nan
Vibrio alginolyticus	663	S	116	573	689	0.00005	0.00004	0.00003	0.00003	45	nan
Vibrio natriegens	691	S	115	256	371	0.00003	0.00002	0.00002	0.00002	46	nan
Vibrio navarrensis	29495	S	6415	7852	14267	0.00097	0.00053	0.00000	0.00046	49	5.0
Vibrio chagasii	170679	S	1096	1218	2314	0.00016	0.00008	0.00007	0.00007	45	nan
Vibrio cyclitrophicus	47951	S	978	1684	2662	0.00018	0.00011	0.00010	0.00010	45	nan
Vibrio cidicii	1763883	S	846	1223	2069	0.00014	0.00008	0.00000	0.00007	47	5.0
Vibrio gigantis	296199	S	739	951	1690	0.00011	0.00006	0.00006	0.00006	46	nan
Vibrio crassostreae	246167	S	684	1073	1757	0.00012	0.00007	0.00006	0.00006	46	nan
Vibrio splendidus	29497	S	665	1370	2035	0.00014	0.00009	0.00008	0.00008	45	nan
Vibrio artabrorum	446374	S	622	696	1318	0.00009	0.00005	0.00004	0.00004	45	nan
Vibrio vulnificus	672	S	587	652	1239	0.00008	0.00004	0.00000	0.00004	48	5.0
Vibrio pomeroyi	198832	S	523	836	1359	0.00009	0.00006	0.00005	0.00005	46	nan
Vibrio echinoideorum	2100116	S	428	570	998	0.00007	0.00004	0.00003	0.00003	45	nan
Vibrio celticus	446372	S	392	699	1091	0.00007	0.00005	0.00004	0.00004	46	nan
Vibrio kanaloae	170673	S	358	503	861	0.00006	0.00003	0.00003	0.00003	45	nan
Vibrio lentus	136468	S	350	516	866	0.00006	0.00004	0.00003	0.00003	45	nan
Vibrio tubiashii	29498	S	144	186	330	0.00002	0.00001	0.00001	0.00001	46	nan
Vibrio coralliilyticus	190893	S	287	530	817	0.00006	0.00004	0.00003	0.00003	46	nan
Vibrio gallaecicus	552386	S	285	301	586	0.00004	0.00002	0.00000	0.00002	42	4.0
Vibrio pelagius	28169	S	284	313	597	0.00004	0.00002	0.00002	0.00002	45	nan
Vibrio coralliirubri	1516159	S	281	475	756	0.00005	0.00003	0.00003	0.00003	46	nan
Vibrio atlanticus	693153	S	276	492	768	0.00005	0.00003	0.00003	0.00003	45	nan
Vibrio toranzoniae	1194427	S	269	397	666	0.00005	0.00003	0.00002	0.00002	45	nan
Vibrio cholerae	666	S	250	743	993	0.00007	0.00005	0.00005	0.00004	46	nan
Vibrio anguillarum	55601	S	240	588	828	0.00006	0.00004	0.00003	0.00003	45	nan
Vibrio bathopelagicus	2777577	S	198	273	471	0.00003	0.00002	0.00002	0.00002	45	nan
Vibrio syngnathi	3034029	S	174	329	503	0.00003	0.00002	0.00002	0.00002	45	nan
Vibrio tasmaniensis	212663	S	166	291	457	0.00003	0.00002	0.00002	0.00002	45	nan
Vibrio breoganii	553239	S	159	163	322	0.00002	0.00001	0.00001	0.00001	46	nan
Vibrio fortis	212667	S	152	166	318	0.00002	0.00001	0.00001	0.00001	46	nan
Vibrio aestuarianus	28171	S	123	133	256	0.00002	0.00001	0.00000	0.00001	44	5.0
Vibrio neptunius	170651	S	110	117	227	0.00002	0.00001	0.00001	0.00001	46	nan
Vibrio astriarenae	1481923	S	109	110	219	0.00001	0.00001	0.00001	0.00001	47	nan
Vibrio maritimus	990268	S	100	123	223	0.00002	0.00001	0.00001	0.00001	47	nan
Photobacterium phosphoreum	659	S	9697	9801	19498	0.00132	0.00066	0.00064	0.00061	42	nan
Photobacterium toruni	1935446	S	117	118	235	0.00002	0.00001	0.00000	0.00001	40	3.0
Amphritea atlantica	355243	S	56274	56333	112607	0.00764	0.00382	0.00337	0.00327	53	nan
Amphritea japonica	452627	S	12389	12433	24822	0.00168	0.00084	0.00074	0.00072	49	nan
Marinomonas mediterranea	119864	S	34105	34178	68283	0.00463	0.00232	0.00208	0.00201	45	nan
Marinomonas sp. A3A	2065312	S	5490	5508	10998	0.00075	0.00037	0.00034	0.00033	44	nan
Marinobacterium sediminicola	518898	S	23851	23877	47728	0.00324	0.00162	0.00146	0.00142	58	nan
Halomonas sp. SH5A2	2749040	S	33264	33443	66707	0.00452	0.00227	0.00207	0.00201	59	nan
Halomonas sp. MS1	507763	S	8835	17842	26677	0.00181	0.00121	0.00107	0.00104	54	nan
Halomonas sp. hl-4	1761789	S	7645	15458	23103	0.00157	0.00105	0.00096	0.00092	56	nan
Kushneria phosphatilytica	657387	S	27379	27383	54762	0.00371	0.00186	0.00176	0.00168	60	nan
Salinicola tamaricis	1771309	S	11197	11341	22538	0.00153	0.00077	0.00083	0.00079	67	nan
Stenotrophomonas sp. PAMC25021	2565559	S	45428	93965	139393	0.00945	0.00637	0.00685	0.00670	68	nan
Stenotrophomonas sp. 17(2023)	3051123	S	12369	25163	37532	0.00255	0.00171	0.00000	0.00191	69	5.0
Stenotrophomonas maltophilia	40324	S	545	751	1296	0.00009	0.00005	0.00000	0.00005	67	5.0
Stenotrophomonas acidaminiphila	128780	S	286	458	744	0.00005	0.00003	0.00000	0.00003	69	5.0
Stenotrophomonas rhizophila	216778	S	118	120	238	0.00002	0.00001	0.00000	0.00001	69	5.0
Pseudoxanthomonas winnipegensis	2480810	S	13210	13914	27124	0.00184	0.00094	0.00109	0.00109	70	nan
Pseudoxanthomonas suwonensis	314722	S	3848	3884	7732	0.00052	0.00026	0.00000	0.00032	71	5.0
Pseudoxanthomonas sp. X-1	2571115	S	1465	1568	3033	0.00021	0.00011	0.00013	0.00012	70	nan
Pseudoxanthomonas sp. SE1	1664560	S	173	179	352	0.00002	0.00001	0.00000	0.00001	68	4.0
Pseudoxanthomonas sp. JBR18	2969308	S	123	124	247	0.00002	0.00001	0.00000	0.00001	68	4.0
Pseudoxanthomonas daejeonensis	266062	S	999	1006	2005	0.00014	0.00007	0.00000	0.00008	69	4.0
Pseudoxanthomonas mexicana	128785	S	124	162	286	0.00002	0.00001	0.00000	0.00001	69	5.0
Luteimonas chenhongjianii	2006110	S	12248	12307	24555	0.00167	0.00083	0.00097	0.00092	69	nan
Xanthomonas sacchari	56458	S	175	277	452	0.00003	0.00002	0.00000	0.00002	69	5.0
Xanthomonas campestris	339	S	107	402	509	0.00003	0.00003	0.00000	0.00003	67	3.0
Methylomonas sp. MW1	3058963	S	57613	57758	115371	0.00783	0.00392	0.00348	0.00338	53	nan
Actinobacillus pleuropneumoniae	715	S	28602	32801	61403	0.00416	0.00222	0.00206	0.00201	43	nan
Avibacterium volantium	762	S	21401	21834	43235	0.00293	0.00148	0.00137	0.00133	42	nan
Celerinatantimonas diazotrophica	412034	S	43767	43797	87564	0.00594	0.00297	0.00267	0.00260	44	nan
Candidatus Baumannia cicadellinicola	186490	S	106	108	214	0.00001	0.00001	0.00000	0.00001	37	3.0
Microbulbifer sp. VAAF005	3034230	S	30969	31383	62352	0.00423	0.00213	0.00190	0.00184	50	nan
Aquicella siphonis	254247	S	13060	13061	26121	0.00177	0.00089	0.00078	0.00076	49	nan
Coxiella-like endosymbiont of Amblyomma americanum	1987500	S	1243	10721	11964	0.00081	0.00073	0.00076	0.00074	36	nan
Francisella philomiragia	28110	S	16867	17873	34740	0.00236	0.00121	0.00138	0.00132	33	nan
Francisella tularensis	263	S	520	557	1077	0.00007	0.00004	0.00000	0.00004	32	5.0
Francisella salina	573569	S	200	248	448	0.00003	0.00002	0.00000	0.00002	33	5.0
Francisella marina	2249302	S	137	189	326	0.00002	0.00001	0.00001	0.00001	34	nan
Francisella orientalis	299583	S	124	131	255	0.00002	0.00001	0.00000	0.00001	33	5.0
Francisella noatunensis	657445	S	121	130	251	0.00002	0.00001	0.00000	0.00001	33	5.0
Francisella salimarina	2599927	S	111	161	272	0.00002	0.00001	0.00001	0.00001	33	nan
Rhizobium sp. BG4	2613770	S	117093	117426	234519	0.01591	0.00796	0.00759	0.00743	63	nan
Rhizobium sp. CB3171	3039157	S	94013	117497	211510	0.01435	0.00797	0.00734	0.00719	60	nan
Rhizobium sp. NZLR1	2731096	S	7255	7581	14836	0.00101	0.00051	0.00048	0.00047	62	nan
Rhizobium sp. C104	2917727	S	589	653	1242	0.00008	0.00004	0.00004	0.00004	62	nan
Rhizobium sp. BT03	3045156	S	520	583	1103	0.00007	0.00004	0.00000	0.00004	63	5.0
Rhizobium sp. CCGE 510	1132836	S	499	525	1024	0.00007	0.00004	0.00003	0.00003	61	nan
Rhizobium sp. CIAT894	2020312	S	294	313	607	0.00004	0.00002	0.00002	0.00002	62	nan
Rhizobium sp. Pop5	1223565	S	183	193	376	0.00003	0.00001	0.00000	0.00001	62	5.0
Rhizobium leguminosarum	384	S	1631	2027	3658	0.00025	0.00014	0.00014	0.00013	61	nan
Rhizobium acidisoli	1538158	S	459	521	980	0.00007	0.00004	0.00004	0.00003	62	nan
Rhizobium ruizarguesonis	2081791	S	449	510	959	0.00007	0.00003	0.00003	0.00003	61	nan
Rhizobium hidalgonense	1538159	S	189	207	396	0.00003	0.00001	0.00001	0.00001	62	nan
Rhizobium phaseoli	396	S	185	204	389	0.00003	0.00001	0.00000	0.00001	62	5.0
Ensifer sp. PDNC004	2811423	S	89769	90589	180358	0.01223	0.00614	0.00603	0.00586	63	nan
Bradyrhizobium sp. A19	2898149	S	137711	144951	282662	0.01917	0.00983	0.01024	0.00984	65	nan
Phyllobacterium sp. T1018	555316	S	66821	66863	133684	0.00907	0.00454	0.00422	0.00409	59	nan
Mesorhizobium sp. WSM4904	3038545	S	24802	37463	62265	0.00422	0.00254	0.00250	0.00248	65	nan
Mesorhizobium sp. M2A.F.Ca.ET.043.02.1.1	2493670	S	10652	14199	24851	0.00169	0.00096	0.00097	0.00094	65	nan
Mesorhizobium sp. B2-8-5	2589903	S	8463	8559	17022	0.00115	0.00058	0.00059	0.00057	65	nan
Bartonella bovis	155194	S	65233	65376	130609	0.00886	0.00443	0.00441	0.00431	38	nan
Bartonella schoenbuchensis	165694	S	26922	27084	54006	0.00366	0.00184	0.00182	0.00177	38	nan
Brucella sp. 09RB8471	1149952	S	7850	15606	23456	0.00159	0.00106	0.00097	0.00094	58	nan
Brucella sp. bbatCR03	2942452	S	3790	9063	12853	0.00087	0.00061	0.00056	0.00055	58	nan
Brucella canis	36855	S	452	15864	16316	0.00111	0.00108	0.00098	0.00095	59	nan
Brucella abortus	235	S	112	4687	4799	0.00033	0.00032	0.00029	0.00028	59	nan
Brucella melitensis	29459	S	106	1703	1809	0.00012	0.00012	0.00011	0.00010	59	nan
Roseibium aggregatum	187304	S	28271	34718	62989	0.00427	0.00235	0.00218	0.00212	60	nan
Maritalea myrionectae	454601	S	19372	19375	38747	0.00263	0.00131	0.00115	0.00112	53	nan
Lichenihabitans psoromatis	2528642	S	2555	2576	5131	0.00035	0.00017	0.00018	0.00017	64	nan
Paracoccus albus	3017784	S	205068	207673	412741	0.02800	0.01409	0.01339	0.01287	61	nan
Paracoccus sp. SMMA_5_TC	2654280	S	150	57845	57995	0.00393	0.00392	0.00424	0.00405	66	nan
Silicimonas algicola	1826607	S	13145	13149	26294	0.00178	0.00089	0.00096	0.00090	66	nan
Thalassovita gelatinovora	53501	S	54695	54745	109440	0.00742	0.00371	0.00345	0.00334	59	nan
Salipiger profundus	1229727	S	34925	35771	70696	0.00480	0.00243	0.00000	0.00254	68	5.0
Salipiger abyssi	1250539	S	167	170	337	0.00002	0.00001	0.00000	0.00001	67	4.0
Leisingera sp. NJS201	2508306	S	13265	15862	29127	0.00198	0.00108	0.00104	0.00101	63	nan
Mameliella alba	561184	S	152	153	305	0.00002	0.00001	0.00000	0.00001	65	4.0
Wolbachia endosymbiont of Dipetalonema caudispina	1812112	S	5842	5845	11687	0.00079	0.00040	0.00052	0.00053	29	nan
Wolbachia endosymbiont (group A) of Ancistrocerus nigricornis	2953974	S	1484	9462	10946	0.00074	0.00064	0.00066	0.00065	34	nan
Wolbachia sp. wRi	66084	S	1299	78178	79477	0.00539	0.00530	0.00550	0.00534	34	nan
Wolbachia endosymbiont (group B) of Protocalliphora azurea	2954051	S	419	3316	3735	0.00025	0.00022	0.00023	0.00023	34	nan
Wolbachia endosymbiont of Oedothorax gibbosus	931100	S	182	206	388	0.00003	0.00001	0.00001	0.00001	34	nan
Rickettsia australis	787	S	50249	52033	102282	0.00694	0.00353	0.00398	0.00392	33	nan
Rickettsia asiatica	238800	S	4343	5527	9870	0.00067	0.00037	0.00043	0.00042	32	nan
Rickettsia prowazekii	782	S	3496	3506	7002	0.00047	0.00024	0.00030	0.00030	29	nan
Orientia tsutsugamushi	784	S	4823	4823	9646	0.00065	0.00033	0.00039	0.00038	30	nan
Candidatus Deianiraea vastatrix	2163644	S	25209	25209	50418	0.00342	0.00171	0.00191	0.00187	34	nan
Rickettsiales endosymbiont of Stachyamoeba lipophora	2486578	S	10549	10549	21098	0.00143	0.00072	0.00080	0.00077	33	nan
Parasphingorhabdus sp. SCSIO 66989	3071408	S	46756	46771	93527	0.00634	0.00317	0.00288	0.00280	58	nan
uncultured Sphingopyxis sp.	310581	S	21079	21175	42254	0.00287	0.00144	0.00154	0.00149	66	nan
Sphingomonas rhizophila	2071607	S	7733	7802	15535	0.00105	0.00053	0.00056	0.00053	66	nan
Erythrobacter litoralis	39960	S	9928	9942	19870	0.00135	0.00067	0.00071	0.00068	66	nan
Azospirillum oryzae	286727	S	44490	47072	91562	0.00621	0.00319	0.00347	0.00345	68	nan
Komagataeibacter medellinensis	1177712	S	21910	23593	45503	0.00309	0.00160	0.00147	0.00150	63	nan
Candidatus Pelagibacter ubique	198252	S	52489	52711	105200	0.00714	0.00358	0.00455	0.00441	31	nan
Candidatus Pelagibacter sp. IMCC9063	1002672	S	7213	7213	14426	0.00098	0.00049	0.00057	0.00055	32	nan
Paremcibacter congregatus	2043170	S	34982	34989	69971	0.00475	0.00237	0.00212	0.00206	53	nan
Phenylobacterium parvum	2201350	S	18451	18458	36909	0.00250	0.00125	0.00153	0.00148	71	nan
Brevundimonas sp. DS20	1532555	S	2358	3398	5756	0.00039	0.00023	0.00025	0.00025	68	nan
Candidatus Nesciobacter abundans	2601668	S	11564	11564	23128	0.00157	0.00078	0.00096	0.00096	30	nan
Neisseria dumasiana	1931275	S	89070	91867	180937	0.01227	0.00623	0.00565	0.00544	53	nan
Neisseria wadsworthii	607711	S	71616	72502	144118	0.00978	0.00492	0.00455	0.00430	50	nan
Neisseria weixii	1853276	S	62959	63257	126216	0.00856	0.00429	0.00390	0.00373	52	nan
Neisseria sp. Marseille-Q5346	2972775	S	56205	63091	119296	0.00809	0.00428	0.00383	0.00372	53	nan
Neisseria sp. Marseille-Q6792	2937985	S	3634	4061	7695	0.00052	0.00028	0.00027	0.00024	54	nan
Neisseria sp. Dent CA1/247	2912675	S	1711	1789	3500	0.00024	0.00012	0.00000	0.00011	55	5.0
Neisseria sp. oral taxon 014	641148	S	201	205	406	0.00003	0.00001	0.00000	0.00001	58	5.0
Neisseria brasiliensis	2666100	S	42318	42840	85158	0.00578	0.00291	0.00258	0.00252	52	nan
Neisseria meningitidis	487	S	20908	23537	44445	0.00301	0.00160	0.00143	0.00139	54	nan
Neisseria cinerea	483	S	11212	11789	23001	0.00156	0.00080	0.00074	0.00069	53	nan
Neisseria canis	493	S	8229	8372	16601	0.00113	0.00057	0.00000	0.00050	53	5.0
Neisseria yangbaofengii	2709396	S	2940	2950	5890	0.00040	0.00020	0.00000	0.00017	52	5.0
Neisseria lactamica	486	S	1930	2145	4075	0.00028	0.00015	0.00000	0.00013	54	5.0
Neisseria subflava	28449	S	870	959	1829	0.00012	0.00007	0.00000	0.00006	52	5.0
Neisseria weaveri	28091	S	745	757	1502	0.00010	0.00005	0.00000	0.00004	52	4.0
Neisseria zoodegmatis	326523	S	636	678	1314	0.00009	0.00005	0.00004	0.00004	54	nan
Neisseria gonorrhoeae	485	S	610	670	1280	0.00009	0.00005	0.00000	0.00004	55	5.0
Neisseria animaloris	326522	S	509	516	1025	0.00007	0.00004	0.00000	0.00003	53	4.0
Neisseria elongata	495	S	437	454	891	0.00006	0.00003	0.00000	0.00003	57	5.0
Neisseria chenwenguii	1853278	S	437	438	875	0.00006	0.00003	0.00000	0.00003	57	4.0
Neisseria sicca	490	S	368	726	1094	0.00007	0.00005	0.00004	0.00004	53	nan
Neisseria flavescens	484	S	300	325	625	0.00004	0.00002	0.00000	0.00002	52	5.0
Neisseria mucosa	488	S	293	339	632	0.00004	0.00002	0.00002	0.00002	53	nan
Neisseria dentiae	194197	S	264	264	528	0.00004	0.00002	0.00000	0.00002	58	4.0
Neisseria arctica	1470200	S	236	236	472	0.00003	0.00002	0.00000	0.00001	48	5.0
Neisseria musculi	1815583	S	210	210	420	0.00003	0.00001	0.00000	0.00001	55	4.0
Neisseria shayeganii	607712	S	179	179	358	0.00002	0.00001	0.00000	0.00001	60	5.0
Neisseria macacae	496	S	126	139	265	0.00002	0.00001	0.00001	0.00001	55	nan
Uruburuella suis	252130	S	61635	61743	123378	0.00837	0.00419	0.00379	0.00371	57	nan
Snodgrassella communis	2946699	S	767	770	1537	0.00010	0.00005	0.00005	0.00005	46	nan
Deefgea piscis	2739061	S	22808	22891	45699	0.00310	0.00155	0.00137	0.00133	49	nan
Jeongeupia sp. HS-3	1009682	S	10887	10900	21787	0.00148	0.00074	0.00072	0.00070	63	nan
Bordetella genomosp. 8	1416806	S	38281	38381	76662	0.00520	0.00260	0.00284	0.00271	68	nan
Bordetella parapertussis	519	S	21043	63823	84866	0.00576	0.00433	0.00504	0.00483	69	nan
Bordetella pertussis	520	S	350	1450	1800	0.00012	0.00010	0.00011	0.00011	69	nan
Bordetella bronchiseptica	518	S	176	400	576	0.00004	0.00003	0.00003	0.00003	69	nan
Alcaligenes sp. SMD-FA	2991054	S	17944	50769	68713	0.00466	0.00344	0.00311	0.00302	57	nan
Alcaligenes faecalis	511	S	357	454	811	0.00006	0.00003	0.00003	0.00003	58	nan
Alcaligenes aquatilis	323284	S	124	225	349	0.00002	0.00002	0.00001	0.00001	57	nan
Herbaspirillum frisingense	92645	S	61287	61730	123017	0.00834	0.00419	0.00415	0.00406	64	nan
Janthinobacterium agaricidamnosum	55508	S	40844	40885	81729	0.00554	0.00277	0.00273	0.00264	63	nan
Burkholderia stagnalis	1503054	S	23052	23967	47019	0.00319	0.00163	0.00178	0.00180	68	nan
Burkholderia diffusa	488732	S	7222	7956	15178	0.00103	0.00054	0.00057	0.00057	67	nan
Burkholderia territorii	1503055	S	883	965	1848	0.00013	0.00007	0.00000	0.00007	67	5.0
Burkholderia ubonensis	101571	S	596	650	1246	0.00008	0.00004	0.00000	0.00005	68	5.0
Burkholderia multivorans	87883	S	181	196	377	0.00003	0.00001	0.00000	0.00001	68	4.0
Burkholderia cenocepacia	95486	S	163	347	510	0.00003	0.00002	0.00000	0.00003	68	4.0
Burkholderia cepacia	292	S	159	178	337	0.00002	0.00001	0.00000	0.00001	68	5.0
Burkholderia pyrrocinia	60550	S	129	146	275	0.00002	0.00001	0.00000	0.00001	68	5.0
Burkholderia pseudomallei	28450	S	119	143	262	0.00002	0.00001	0.00000	0.00001	68	4.0
Burkholderia thailandensis	57975	S	116	197	313	0.00002	0.00001	0.00000	0.00001	68	4.0
Pandoraea thiooxydans	445709	S	19412	19435	38847	0.00263	0.00132	0.00133	0.00128	64	nan
Paraburkholderia phytofirmans	261302	S	9233	9356	18589	0.00126	0.00063	0.00061	0.00059	61	nan
Paraburkholderia pallida	2547399	S	6540	6567	13107	0.00089	0.00045	0.00045	0.00044	65	nan
Polynucleobacter sp. MWH-Braz-FAM2G	1855883	S	10241	10277	20518	0.00139	0.00070	0.00062	0.00060	45	nan
Polaromonas sp. SP1	2268087	S	176	25434	25610	0.00174	0.00173	0.00174	0.00168	64	nan
Acidovorax sp. GBBC 1281	2940492	S	14472	15075	29547	0.00200	0.00102	0.00118	0.00111	69	nan
Hydrogenophaga sp. RAC07	1842537	S	13402	13505	26907	0.00183	0.00092	0.00098	0.00093	66	nan
Melaminivora suipulveris	2109913	S	7508	7593	15101	0.00102	0.00052	0.00061	0.00058	69	nan
Sutterella wadsworthensis	40545	S	15470	15473	30943	0.00210	0.00105	0.00093	0.00092	56	nan
Nitrosomonas sp. sh817	3070658	S	145670	145740	291410	0.01977	0.00989	0.00882	0.00856	50	nan
Sulfuricella denitrificans	649841	S	5095	5097	10192	0.00069	0.00035	0.00032	0.00031	58	nan
Thauera sp. WB-2	2897772	S	40721	41166	81887	0.00555	0.00279	0.00300	0.00286	67	nan
Parazoarcus communis	41977	S	24193	24327	48520	0.00329	0.00165	0.00164	0.00158	64	nan
Quatrionicoccus australiensis	138118	S	4726	4743	9469	0.00064	0.00032	0.00032	0.00030	63	nan
Bacillus sp. 1NLA3E	666686	S	70989	71879	142868	0.00969	0.00488	0.00480	0.00465	37	nan
Bacillus sp. 275	1941347	S	933	58435	59368	0.00403	0.00396	0.00360	0.00348	48	nan
Bacillus sp. SB49	1071080	S	178	490	668	0.00005	0.00003	0.00000	0.00003	43	4.0
Bacillus sp. FJAT-42376	2014076	S	110	110	220	0.00001	0.00001	0.00000	0.00001	46	4.0
Bacillus sp. KH172YL63	2709784	S	100	101	201	0.00001	0.00001	0.00000	0.00001	46	4.0
Bacillus bombysepticus	658666	S	806	4889	5695	0.00039	0.00033	0.00000	0.00031	37	5.0
Bacillus cereus	1396	S	109	6141	6250	0.00042	0.00042	0.00000	0.00038	37	5.0
Bacillus velezensis	492670	S	1480	16173	17653	0.00120	0.00110	0.00099	0.00096	48	nan
Bacillus amyloliquefaciens	1390	S	304	4478	4782	0.00032	0.00030	0.00027	0.00027	47	nan
Bacillus pumilus	1408	S	134	139	273	0.00002	0.00001	0.00000	0.00001	42	4.0
Bacillus dafuensis	1742359	S	120	121	241	0.00002	0.00001	0.00000	0.00001	36	4.0
Bacillus badius	1455	S	100	101	201	0.00001	0.00001	0.00000	0.00001	44	4.0
Peribacillus sp. R9-11	3073271	S	108045	118964	227009	0.01540	0.00807	0.00800	0.00772	38	nan
Peribacillus asahii	228899	S	127	128	255	0.00002	0.00001	0.00000	0.00001	38	4.0
Peribacillus frigoritolerans	450367	S	115	118	233	0.00002	0.00001	0.00000	0.00001	41	4.0
Radiobacillus kanasensis	2844358	S	96154	96894	193048	0.01309	0.00657	0.00627	0.00609	40	nan
Cytobacillus solani	1637975	S	66932	67713	134645	0.00913	0.00459	0.00462	0.00443	37	nan
Cytobacillus oceanisediminis	665099	S	153	372	525	0.00004	0.00003	0.00000	0.00002	40	4.0
Cytobacillus firmus	1399	S	113	115	228	0.00002	0.00001	0.00000	0.00001	42	4.0
Evansella cellulosilytica	1413	S	65482	65829	131311	0.00891	0.00447	0.00450	0.00437	37	nan
Amphibacillus xylanus	1449	S	46541	46682	93223	0.00632	0.00317	0.00325	0.00315	35	nan
Salisediminibacterium selenitireducens	85683	S	43456	43692	87148	0.00591	0.00296	0.00263	0.00255	49	nan
Metabacillus litoralis	152268	S	32433	34340	66773	0.00453	0.00233	0.00238	0.00231	35	nan
Metabacillus sp. cB07	2806989	S	106	106	212	0.00001	0.00001	0.00000	0.00001	46	4.0
Lysinibacillus sp. YS11	2072025	S	5415	15470	20885	0.00142	0.00105	0.00102	0.00100	38	nan
Halobacillus litoralis	45668	S	7785	8263	16048	0.00109	0.00056	0.00000	0.00050	43	4.0
Halobacillus halophilus	1570	S	1569	1768	3337	0.00023	0.00012	0.00000	0.00011	42	4.0
Halobacillus mangrovi	402384	S	1446	1531	2977	0.00020	0.00010	0.00000	0.00009	42	4.0
Halobacillus salinarum	2932257	S	1153	1218	2371	0.00016	0.00008	0.00000	0.00007	43	4.0
Halobacillus naozhouensis	554880	S	454	518	972	0.00007	0.00004	0.00000	0.00003	42	4.0
Halobacillus amylolyticus	2932259	S	279	400	679	0.00005	0.00003	0.00000	0.00002	41	4.0
Halobacillus shinanisalinarum	2932258	S	169	225	394	0.00003	0.00002	0.00000	0.00001	41	4.0
Halobacillus sp. ACCC02827	3052090	S	100	285	385	0.00003	0.00002	0.00000	0.00002	42	4.0
Anoxybacillus sediminis	2613334	S	10715	24105	34820	0.00236	0.00164	0.00159	0.00146	59	nan
Parageobacillus thermoglucosidasius	1426	S	8465	9171	17636	0.00120	0.00062	0.00058	0.00055	44	nan
Heyndrickxia oleronia	38875	S	8082	8247	16329	0.00111	0.00056	0.00058	0.00057	35	nan
Salimicrobium jeotgali	1230341	S	563	565	1128	0.00008	0.00004	0.00000	0.00003	48	5.0
Mesobacillus jeotgali	129985	S	200	236	436	0.00003	0.00002	0.00000	0.00001	44	4.0
Mesobacillus foraminis	279826	S	100	100	200	0.00001	0.00001	0.00000	0.00001	45	4.0
Rossellomorea marisflavi	189381	S	204	317	521	0.00004	0.00002	0.00000	0.00002	50	5.0
Pontibacillus sp. ALD_SL1	2777185	S	159	185	344	0.00002	0.00001	0.00000	0.00001	41	4.0
Pontibacillus sp. HMF3514	2692425	S	100	110	210	0.00001	0.00001	0.00000	0.00001	39	4.0
Pontibacillus chungwhensis	265426	S	105	122	227	0.00002	0.00001	0.00000	0.00001	41	4.0
Priestia megaterium	1404	S	114	182	296	0.00002	0.00001	0.00000	0.00001	38	4.0
Sutcliffiella horikoshii	79883	S	107	117	224	0.00002	0.00001	0.00000	0.00001	40	4.0
Sediminibacillus dalangtanensis	2729421	S	110	110	220	0.00001	0.00001	0.00000	0.00001	44	4.0
Planococcus massiliensis	1499687	S	149838	150605	300443	0.02038	0.01022	0.00911	0.00883	48	nan
Planococcus sp. MB-3u-03	2058136	S	63835	67486	131321	0.00891	0.00458	0.00408	0.00398	49	nan
Planococcus sp. Urea-3u-39	2058328	S	207	392	599	0.00004	0.00003	0.00000	0.00002	42	5.0
Planococcus sp. MB-3u-09	2058317	S	101	351	452	0.00003	0.00002	0.00000	0.00002	49	5.0
Jeotgalibacillus malaysiensis	1508404	S	36562	36663	73225	0.00497	0.00249	0.00231	0.00222	42	nan
Kurthia sp. YJT4	3049086	S	10670	16877	27547	0.00187	0.00114	0.00116	0.00112	37	nan
Ureibacillus thermosphaericus	51173	S	13005	13421	26426	0.00179	0.00091	0.00091	0.00090	37	nan
Ureibacillus thermophilus	367743	S	329	334	663	0.00004	0.00002	0.00000	0.00002	38	5.0
Sporosarcina ureae	1571	S	12853	12916	25769	0.00175	0.00088	0.00081	0.00079	41	nan
Paenibacillus spongiae	2909671	S	46142	46478	92620	0.00628	0.00315	0.00281	0.00273	53	nan
Paenibacillus sp. YPG26	2878915	S	6814	6985	13799	0.00094	0.00047	0.00042	0.00041	51	nan
Staphylococcus sp. IVB6238	2989770	S	3220	24224	27444	0.00186	0.00164	0.00169	0.00162	36	nan
Staphylococcus caprae	29380	S	17377	17676	35053	0.00238	0.00120	0.00133	0.00127	34	nan
Staphylococcus aureus	1280	S	7118	11696	18814	0.00128	0.00079	0.00084	0.00085	33	nan
Staphylococcus epidermidis	1282	S	241	260	501	0.00003	0.00002	0.00000	0.00002	33	5.0
Staphylococcus capitis	29388	S	159	165	324	0.00002	0.00001	0.00000	0.00001	34	5.0
Gemella haemolysans	1379	S	160	162	322	0.00002	0.00001	0.00000	0.00001	31	4.0
Weissella jogaejeotgali	1631871	S	404757	414272	819029	0.05555	0.02810	0.02696	0.02623	39	nan
Companilactobacillus paralimentarius	83526	S	78509	80227	158736	0.01077	0.00544	0.00555	0.00544	36	nan
Latilactobacillus curvatus	28038	S	43740	45970	89710	0.00609	0.00312	0.00288	0.00278	43	nan
Latilactobacillus sakei	1599	S	181	237	418	0.00003	0.00002	0.00000	0.00001	42	4.0
Fructilactobacillus lindneri	53444	S	31975	32590	64565	0.00438	0.00221	0.00237	0.00230	33	nan
Limosilactobacillus reuteri	1598	S	7710	7951	15661	0.00106	0.00054	0.00052	0.00050	40	nan
Limosilactobacillus vaginalis	1633	S	6418	6593	13011	0.00088	0.00045	0.00042	0.00041	41	nan
Lacticaseibacillus paracasei	1597	S	695	1013	1708	0.00012	0.00007	0.00000	0.00006	47	5.0
Lactiplantibacillus plantarum	1590	S	572	656	1228	0.00008	0.00004	0.00000	0.00004	46	4.0
Lactobacillus gasseri	1596	S	277	340	617	0.00004	0.00002	0.00000	0.00002	36	4.0
Loigolactobacillus backii	375175	S	391	426	817	0.00006	0.00003	0.00000	0.00003	41	5.0
Levilactobacillus brevis	1580	S	116	165	281	0.00002	0.00001	0.00000	0.00001	47	4.0
Vagococcus teuberi	519472	S	366179	373164	739343	0.05015	0.02531	0.02707	0.02630	34	nan
Enterococcus avium	33945	S	1847	1957	3804	0.00026	0.00013	0.00014	0.00012	40	nan
Streptococcus sp. 1643	2576376	S	17746	23565	41311	0.00280	0.00160	0.00148	0.00144	43	nan
Streptococcus sp. A12	1759399	S	8135	8790	16925	0.00115	0.00060	0.00056	0.00053	44	nan
Streptococcus sp. LPB0220	2610896	S	266	296	562	0.00004	0.00002	0.00002	0.00002	44	nan
Streptococcus merionis	400065	S	4018	4024	8042	0.00055	0.00027	0.00026	0.00024	44	nan
Streptococcus australis	113107	S	2519	3292	5811	0.00039	0.00022	0.00021	0.00020	44	nan
Streptococcus mitis	28037	S	1178	1278	2456	0.00017	0.00009	0.00000	0.00008	42	4.0
Streptococcus parasanguinis	1318	S	1105	1166	2271	0.00015	0.00008	0.00007	0.00007	43	nan
Streptococcus ilei	1156431	S	1026	1330	2356	0.00016	0.00009	0.00008	0.00008	44	nan
Streptococcus rubneri	1234680	S	885	1062	1947	0.00013	0.00007	0.00007	0.00006	43	nan
Streptococcus oralis	1303	S	771	1626	2397	0.00016	0.00011	0.00010	0.00010	44	nan
Streptococcus koreensis	2382163	S	479	653	1132	0.00008	0.00004	0.00004	0.00004	44	nan
Streptococcus pneumoniae	1313	S	315	446	761	0.00005	0.00003	0.00003	0.00003	42	nan
Streptococcus anginosus	1328	S	156	208	364	0.00002	0.00001	0.00000	0.00001	40	5.0
Streptococcus gordonii	1302	S	194	197	391	0.00003	0.00001	0.00000	0.00001	41	5.0
Streptococcus salivarius	1304	S	161	188	349	0.00002	0.00001	0.00000	0.00001	41	5.0
Streptococcus sanguinis	1305	S	153	160	313	0.00002	0.00001	0.00000	0.00001	46	5.0
Streptococcus suis	1307	S	133	145	278	0.00002	0.00001	0.00001	0.00001	42	nan
Streptococcus lactarius	684066	S	125	127	252	0.00002	0.00001	0.00000	0.00001	43	4.0
Streptococcus toyakuensis	2819619	S	124	147	271	0.00002	0.00001	0.00001	0.00001	43	nan
Streptococcus cristatus	45634	S	110	111	221	0.00001	0.00001	0.00000	0.00001	44	4.0
Aerococcus sp. Group 1	2976812	S	20007	22477	42484	0.00288	0.00152	0.00143	0.00138	43	nan
Aerococcus mictus	2976810	S	7703	8852	16555	0.00112	0.00060	0.00059	0.00054	43	nan
Aerococcus tenax	3078812	S	4236	4734	8970	0.00061	0.00032	0.00000	0.00029	43	5.0
Aerococcus loyolae	2976809	S	2775	2865	5640	0.00038	0.00019	0.00018	0.00017	44	nan
Aerococcus urinae	1376	S	684	714	1398	0.00009	0.00005	0.00000	0.00004	44	5.0
Granulicatella elegans	137732	S	35685	36885	72570	0.00492	0.00250	0.00279	0.00262	33	nan
Granulicatella adiacens	46124	S	438	440	878	0.00006	0.00003	0.00000	0.00003	37	4.0
Vallitalea pronyensis	1348613	S	514776	514989	1029765	0.06985	0.03493	0.03528	0.03424	36	nan
Clostridium sp. OS1-26	3070681	S	43563	43700	87263	0.00592	0.00296	0.00349	0.00340	32	nan
Clostridium sp. DL-VIII	641107	S	14959	15124	30083	0.00204	0.00103	0.00129	0.00124	30	nan
Clostridium sp. MF28	1702238	S	1790	6270	8060	0.00055	0.00043	0.00053	0.00053	30	nan
Clostridium sp. 16K-1-R1	2681265	S	652	9106	9758	0.00066	0.00062	0.00080	0.00078	30	nan
Clostridium sp. M62/1	411486	S	274	286	560	0.00004	0.00002	0.00000	0.00002	53	5.0
Clostridium saccharobutylicum	169679	S	21440	21590	43030	0.00292	0.00146	0.00196	0.00190	29	nan
Clostridium felsineum	36839	S	20012	20067	40079	0.00272	0.00136	0.00168	0.00165	30	nan
Clostridium autoethanogenum	84023	S	2105	5957	8062	0.00055	0.00040	0.00047	0.00049	30	nan
Clostridium perfringens	1502	S	199	315	514	0.00003	0.00002	0.00003	0.00003	29	nan
Sarcina sp. JB2	2726954	S	32528	32601	65129	0.00442	0.00221	0.00322	0.00316	26	nan
Hathewaya histolytica	1498	S	24572	24604	49176	0.00334	0.00167	0.00211	0.00210	29	nan
Caproicibacterium sp. ZCY20-5	3030016	S	79273	80354	159627	0.01083	0.00545	0.00490	0.00474	54	nan
Ruthenibacterium lactatiformans	1550024	S	48593	49068	97661	0.00662	0.00333	0.00000	0.00301	59	5.0
Faecalibacterium sp. IP-1-18	2929488	S	11384	30992	42376	0.00287	0.00210	0.00194	0.00189	59	nan
Faecalibacterium sp. I4-3-84	2929495	S	176	228	404	0.00003	0.00002	0.00001	0.00001	60	nan
Faecalibacterium prausnitzii	853	S	614	725	1339	0.00009	0.00005	0.00005	0.00004	61	nan
Faecalibacterium duncaniae	411483	S	143	223	366	0.00002	0.00002	0.00001	0.00001	60	nan
Acetivibrio thermocellus	1515	S	12462	12687	25149	0.00171	0.00086	0.00083	0.00081	40	nan
Oscillibacter hominis	2763056	S	1119	1132	2251	0.00015	0.00008	0.00000	0.00007	61	4.0
Flavonifractor plautii	292800	S	977	988	1965	0.00013	0.00007	0.00000	0.00006	64	5.0
Vescimonas coprocola	2714355	S	198	261	459	0.00003	0.00002	0.00000	0.00002	63	4.0
Aminipila terrae	2697030	S	79995	80115	160110	0.01086	0.00543	0.00540	0.00529	37	nan
Aminipila luticellarii	2507160	S	25663	25706	51369	0.00348	0.00174	0.00160	0.00156	44	nan
Intestinimonas butyriciproducens	1297617	S	222	223	445	0.00003	0.00002	0.00000	0.00001	62	4.0
Terrisporobacter hibernicus	2813371	S	36107	37172	73279	0.00497	0.00252	0.00345	0.00325	29	nan
Terrisporobacter petrolearius	1460447	S	4369	4499	8868	0.00060	0.00031	0.00040	0.00039	29	nan
Terrisporobacter mayombei	1541	S	888	893	1781	0.00012	0.00006	0.00008	0.00008	29	nan
Clostridioides difficile	1496	S	227	229	456	0.00003	0.00002	0.00000	0.00002	29	4.0
Cellulosilyticum lentocellum	29360	S	23913	27667	51580	0.00350	0.00188	0.00198	0.00194	34	nan
Desulforamulus ferrireducens	1833852	S	20765	21045	41810	0.00284	0.00143	0.00128	0.00125	46	nan
Blautia sp. SC05B48	2479767	S	13432	16524	29956	0.00203	0.00112	0.00103	0.00099	46	nan
[Clostridium] scindens	29347	S	326	335	661	0.00004	0.00002	0.00000	0.00002	49	4.0
Enterocloster asparagiformis	333367	S	237	237	474	0.00003	0.00002	0.00000	0.00001	58	4.0
Roseburia intestinalis	166486	S	109	149	258	0.00002	0.00001	0.00000	0.00001	43	4.0
[Ruminococcus] torques	33039	S	131	148	279	0.00002	0.00001	0.00000	0.00001	43	4.0
Koleobacter methoxysyntrophicus	2751313	S	33819	33835	67654	0.00459	0.00230	0.00216	0.00212	42	nan
Caldicellulosiruptor changbaiensis	1222016	S	16869	19690	36559	0.00248	0.00134	0.00141	0.00136	35	nan
Moorella thermoacetica	1525	S	10183	10216	20399	0.00138	0.00069	0.00068	0.00062	59	nan
Sedimentibacter sp. zth1	2816908	S	51872	51891	103763	0.00704	0.00352	0.00462	0.00446	29	nan
Caloranaerobacter azorensis	116090	S	8252	8260	16512	0.00112	0.00056	0.00069	0.00068	30	nan
Allobaculum mucilyticum	2834459	S	12228	12400	24628	0.00167	0.00084	0.00073	0.00071	49	nan
Acidaminococcus intestini	187327	S	10659	10714	21373	0.00145	0.00073	0.00064	0.00062	51	nan
Selenomonas ruminantium	971	S	1258	1271	2529	0.00017	0.00009	0.00000	0.00007	52	5.0
Curtobacterium sp. MCSS17_015	2175666	S	29296	30019	59315	0.00402	0.00204	0.00265	0.00255	72	nan
Curtobacterium sp. MCPF17_050	2175664	S	12765	16848	29613	0.00201	0.00114	0.00149	0.00145	72	nan
Curtobacterium sp. MCPF17_021	2175639	S	5404	8685	14089	0.00096	0.00059	0.00076	0.00072	72	nan
Curtobacterium sp. 9128	1793722	S	3024	3058	6082	0.00041	0.00021	0.00025	0.00025	71	nan
Curtobacterium sp. MCLR17_007	2175648	S	1290	1305	2595	0.00018	0.00009	0.00012	0.00011	71	nan
Curtobacterium sp. MCLR17_054	2175632	S	1005	1580	2585	0.00018	0.00011	0.00014	0.00013	72	nan
Curtobacterium sp. 458	3050069	S	471	479	950	0.00006	0.00003	0.00000	0.00004	72	5.0
Curtobacterium sp. BH-2-1-1	1905847	S	422	429	851	0.00006	0.00003	0.00004	0.00004	72	nan
Curtobacterium sp. MCLR17_036	2175620	S	412	422	834	0.00006	0.00003	0.00004	0.00004	73	nan
Curtobacterium sp. MCPF17_002	2175645	S	405	410	815	0.00006	0.00003	0.00000	0.00003	73	5.0
Curtobacterium sp. DN_7.5	3049047	S	364	370	734	0.00005	0.00003	0.00003	0.00003	72	nan
Curtobacterium sp. MCPF17_052	2175655	S	319	325	644	0.00004	0.00002	0.00000	0.00003	72	5.0
Curtobacterium sp. L6-1	2841594	S	318	324	642	0.00004	0.00002	0.00000	0.00003	73	5.0
Curtobacterium sp. MCLR17_032	2175650	S	317	323	640	0.00004	0.00002	0.00000	0.00003	72	5.0
Curtobacterium sp. YC1	2795488	S	295	302	597	0.00004	0.00002	0.00003	0.00003	73	nan
Curtobacterium sp. MCSS17_007	2175646	S	238	244	482	0.00003	0.00002	0.00000	0.00002	73	5.0
Curtobacterium sp. MR_MD2014	1561023	S	237	244	481	0.00003	0.00002	0.00002	0.00002	73	nan
Curtobacterium sp. TXMA1	2876939	S	177	192	369	0.00003	0.00001	0.00000	0.00002	73	5.0
Curtobacterium sp. TC1	2862880	S	175	186	361	0.00002	0.00001	0.00001	0.00002	71	nan
Curtobacterium sp. SGAir0471	2070337	S	158	171	329	0.00002	0.00001	0.00000	0.00001	72	5.0
Curtobacterium sp. 24E2	2804758	S	135	149	284	0.00002	0.00001	0.00001	0.00001	71	nan
Curtobacterium flaccumfaciens	2035	S	146	182	328	0.00002	0.00001	0.00000	0.00002	72	5.0
Microbacterium sp. zg-Y1090	3049073	S	34582	34815	69397	0.00471	0.00236	0.00300	0.00290	71	nan
Microbacterium terricola	344163	S	29861	30004	59865	0.00406	0.00204	0.00256	0.00244	70	nan
Leifsonia shinshuensis	150026	S	30498	30689	61187	0.00415	0.00208	0.00259	0.00251	71	nan
Clavibacter sp. A6099	2860285	S	43673	46380	90053	0.00611	0.00315	0.00428	0.00435	73	nan
Agrococcus sp. SCSIO52902	2933290	S	42028	42385	84413	0.00573	0.00288	0.00413	0.00404	74	nan
Pontimonas salivibrio	1159327	S	32493	32509	65002	0.00441	0.00221	0.00203	0.00196	58	nan
Pseudoclavibacter sp. Marseille-Q3772	2866588	S	19819	19870	39689	0.00269	0.00135	0.00129	0.00124	61	nan
Microterricola viridarii	412690	S	8973	8999	17972	0.00122	0.00061	0.00077	0.00070	69	nan
Aurantimicrobium sp. INA4	2986279	S	8779	8922	17701	0.00120	0.00061	0.00053	0.00051	54	nan
Glutamicibacter halophytocola	1933880	S	64391	64731	129122	0.00876	0.00439	0.00417	0.00404	61	nan
Glutamicibacter mishrai	1775880	S	1453	1470	2923	0.00020	0.00010	0.00000	0.00009	60	5.0
Glutamicibacter sp. JL.03c	2984842	S	133	135	268	0.00002	0.00001	0.00000	0.00001	61	4.0
Glutamicibacter arilaitensis	256701	S	153	154	307	0.00002	0.00001	0.00000	0.00001	59	4.0
Glutamicibacter nicotianae	37929	S	129	164	293	0.00002	0.00001	0.00000	0.00001	63	4.0
Glutamicibacter protophormiae	37930	S	119	142	261	0.00002	0.00001	0.00000	0.00001	68	4.0
Arthrobacter sp. zg-Y919	2894187	S	37757	38053	75810	0.00514	0.00258	0.00274	0.00266	67	nan
Arthrobacter sp. Rue61a	1118963	S	6043	8521	14564	0.00099	0.00058	0.00057	0.00054	63	nan
Nesterenkonia sp. NBAIMH1	2600320	S	13185	14562	27747	0.00188	0.00099	0.00105	0.00102	67	nan
Pseudarthrobacter sp. SSS035	2931399	S	3613	3767	7380	0.00050	0.00026	0.00026	0.00026	65	nan
Ornithinimicrobium pratense	2593973	S	54820	54969	109789	0.00745	0.00373	0.00478	0.00455	72	nan
Georgenia wutianyii	2585135	S	30323	30411	60734	0.00412	0.00206	0.00298	0.00291	74	nan
Georgenia faecalis	2483799	S	9264	9282	18546	0.00126	0.00063	0.00082	0.00093	74	nan
Cellulomonas chengniuliangii	2968084	S	33803	33912	67715	0.00459	0.00230	0.00326	0.00316	74	nan
Corynebacterium callunae	1721	S	80014	80343	160357	0.01088	0.00545	0.00483	0.00466	53	nan
Corynebacterium genitalium	38288	S	68314	68483	136797	0.00928	0.00465	0.00462	0.00443	64	nan
Corynebacterium amycolatum	43765	S	32015	34624	66639	0.00452	0.00235	0.00215	0.00211	60	nan
Corynebacterium felinum	131318	S	26344	26360	52704	0.00357	0.00179	0.00158	0.00154	55	nan
Corynebacterium stationis	1705	S	24453	24522	48975	0.00332	0.00166	0.00149	0.00144	55	nan
Corynebacterium hindlerae	699041	S	22877	22893	45770	0.00310	0.00155	0.00145	0.00140	60	nan
Corynebacterium diphtheriae	1717	S	21680	21941	43621	0.00296	0.00149	0.00133	0.00128	54	nan
Corynebacterium marinum	349751	S	12271	12342	24613	0.00167	0.00084	0.00093	0.00091	69	nan
Corynebacterium glutamicum	1718	S	2177	3145	5322	0.00036	0.00021	0.00000	0.00019	55	5.0
Corynebacterium sp. LK31	2044576	S	1480	1519	2999	0.00020	0.00010	0.00000	0.00009	56	5.0
Corynebacterium deserti	1408191	S	380	381	761	0.00005	0.00003	0.00000	0.00002	57	5.0
Corynebacterium casei	160386	S	177	180	357	0.00002	0.00001	0.00000	0.00001	57	4.0
Corynebacterium suranareeae	2506452	S	138	138	276	0.00002	0.00001	0.00000	0.00001	51	4.0
Corynebacterium efficiens	152794	S	109	109	218	0.00001	0.00001	0.00000	0.00001	65	4.0
Mycolicibacterium arabiense	1286181	S	54144	54280	108424	0.00735	0.00368	0.00414	0.00404	69	nan
Mycolicibacter minnesotensis	1118379	S	5936	5955	11891	0.00081	0.00040	0.00044	0.00043	67	nan
Mycolicibacillus koreensis	1069220	S	4861	4940	9801	0.00066	0.00034	0.00040	0.00039	69	nan
Tomitella gaofuii	2760083	S	35440	35567	71007	0.00482	0.00241	0.00300	0.00300	72	nan
Tomitella fengzijianii	2597660	S	691	693	1384	0.00009	0.00005	0.00000	0.00006	71	5.0
Nocardia terpenica	455432	S	6357	6389	12746	0.00086	0.00043	0.00000	0.00049	70	5.0
Rhodococcus sp. AQ5-07	2054902	S	2313	6225	8538	0.00058	0.00042	0.00041	0.00040	63	nan
Streptomyces sp. fd1-xmd	1812480	S	23741	25175	48916	0.00332	0.00171	0.00226	0.00233	73	nan
Streptomyces sp. 891-h	2720714	S	16915	17003	33918	0.00230	0.00115	0.00151	0.00144	71	nan
Streptomyces sp. GQFP	2907545	S	16767	16962	33729	0.00229	0.00115	0.00142	0.00135	70	nan
Streptomyces sp. NA13	2996051	S	16357	36710	53067	0.00360	0.00249	0.00372	0.00349	74	nan
Streptomyces sp. XD-27	3062779	S	11416	11557	22973	0.00156	0.00078	0.00107	0.00104	73	nan
Streptomyces sp. TLI_053	1855352	S	11180	11272	22452	0.00152	0.00076	0.00103	0.00113	74	nan
Streptomyces sp. JUS-F4	2951988	S	10004	18676	28680	0.00195	0.00127	0.00173	0.00166	72	nan
Streptomyces sp. MST-110588	2833628	S	6402	6465	12867	0.00087	0.00044	0.00057	0.00056	72	nan
Streptomyces sp. EMB24	2835531	S	4593	6216	10809	0.00073	0.00042	0.00058	0.00057	73	nan
Streptomyces sp. VB1	2986803	S	3757	7705	11462	0.00078	0.00052	0.00070	0.00068	72	nan
Streptomyces sp. CNQ-509	444103	S	3433	3999	7432	0.00050	0.00027	0.00039	0.00038	74	nan
Streptomyces sp. W1SF4	2305220	S	1224	1254	2478	0.00017	0.00009	0.00013	0.00012	73	nan
Streptomyces sp. ITFR-6	3075197	S	719	738	1457	0.00010	0.00005	0.00006	0.00006	71	nan
Streptomyces sp. TN58	234612	S	343	361	704	0.00005	0.00002	0.00003	0.00003	72	nan
Streptomyces sp. RerS4	2942449	S	335	343	678	0.00005	0.00002	0.00003	0.00003	73	nan
Streptomyces sp. PCS3-D2	1460244	S	283	293	576	0.00004	0.00002	0.00003	0.00003	72	nan
Streptomyces sp. S063	2005885	S	272	310	582	0.00004	0.00002	0.00003	0.00003	73	nan
Streptomyces sp. INR7	2607753	S	269	289	558	0.00004	0.00002	0.00003	0.00003	73	nan
Streptomyces sp. ITFR-16	3075198	S	234	242	476	0.00003	0.00002	0.00002	0.00002	73	nan
Streptomyces sp. NBC_00162	2903629	S	233	239	472	0.00003	0.00002	0.00002	0.00002	71	nan
Streptomyces sp. YPW6	2840373	S	231	246	477	0.00003	0.00002	0.00002	0.00002	73	nan
Streptomyces sp. SH5	3041765	S	220	253	473	0.00003	0.00002	0.00002	0.00002	72	nan
Streptomyces sp. WA6-1-16	2879427	S	185	222	407	0.00003	0.00002	0.00002	0.00002	73	nan
Streptomyces sp. Tue 6075	1661694	S	158	193	351	0.00002	0.00001	0.00002	0.00002	73	nan
Streptomyces sp. AM8-1-1	3075825	S	129	130	259	0.00002	0.00001	0.00000	0.00001	70	4.0
Streptomyces sp. Mut1	3033811	S	115	117	232	0.00002	0.00001	0.00001	0.00001	72	nan
Streptomyces sp. SM18	1736046	S	109	111	220	0.00001	0.00001	0.00001	0.00001	72	nan
Streptomyces albus	1888	S	31910	32100	64010	0.00434	0.00218	0.00301	0.00298	73	nan
Streptomyces laculatispora	887464	S	30863	31613	62476	0.00424	0.00214	0.00253	0.00262	71	nan
Streptomyces liliifuscus	2797636	S	12421	12714	25135	0.00170	0.00086	0.00108	0.00103	71	nan
Streptomyces yatensis	155177	S	10351	11575	21926	0.00149	0.00079	0.00102	0.00101	72	nan
Streptomyces katrae	68223	S	9562	9782	19344	0.00131	0.00066	0.00077	0.00093	74	nan
Streptomyces coralus	66880	S	4550	4741	9291	0.00063	0.00032	0.00039	0.00040	72	nan
Streptomyces globisporus	1908	S	388	523	911	0.00006	0.00004	0.00004	0.00005	72	nan
Streptomyces anulatus	1892	S	152	199	351	0.00002	0.00001	0.00002	0.00002	73	nan
Streptomyces lincolnensis	1915	S	543	562	1105	0.00007	0.00004	0.00005	0.00005	72	nan
Streptomyces lavendulae	1914	S	510	522	1032	0.00007	0.00004	0.00005	0.00005	73	nan
Streptomyces venezuelae	54571	S	471	486	957	0.00006	0.00003	0.00004	0.00004	73	nan
Streptomyces parvus	66428	S	469	519	988	0.00007	0.00004	0.00004	0.00005	72	nan
Streptomyces finlayi	67296	S	338	342	680	0.00005	0.00002	0.00003	0.00003	70	nan
Streptomyces atratus	1893	S	250	253	503	0.00003	0.00002	0.00000	0.00002	70	5.0
Streptomyces xanthophaeus	67385	S	247	259	506	0.00003	0.00002	0.00002	0.00002	72	nan
Streptomyces yangpuensis	1648182	S	215	225	440	0.00003	0.00002	0.00002	0.00002	73	nan
Streptomyces filamentosus	67294	S	184	232	416	0.00003	0.00002	0.00002	0.00002	72	nan
Streptomyces subrutilus	36818	S	137	140	277	0.00002	0.00001	0.00000	0.00001	74	5.0
Streptomyces vinaceus	1960	S	122	125	247	0.00002	0.00001	0.00001	0.00001	73	nan
Streptomyces nojiriensis	66374	S	109	117	226	0.00002	0.00001	0.00001	0.00001	72	nan
Streptomyces globosus	68209	S	107	222	329	0.00002	0.00002	0.00002	0.00002	74	nan
Streptacidiphilus sp. P02-A3a	2704468	S	9646	9689	19335	0.00131	0.00066	0.00091	0.00088	73	nan
Schaalia sp. JY-X169	2758572	S	47959	47964	95923	0.00651	0.00325	0.00301	0.00292	59	nan
Schaalia sp. ZJ405	2709403	S	32460	32479	64939	0.00440	0.00220	0.00203	0.00195	59	nan
Actinomyces sp. oral taxon 897	2081702	S	25714	33873	59587	0.00404	0.00230	0.00311	0.00303	73	nan
Actinomyces naeslundii	1655	S	33751	34009	67760	0.00460	0.00231	0.00270	0.00254	69	nan
Actinomyces oris	544580	S	172	181	353	0.00002	0.00001	0.00000	0.00001	70	4.0
Pauljensenia hongkongensis	178339	S	7729	7757	15486	0.00105	0.00053	0.00068	0.00065	72	nan
Saccharopolyspora spinosa	60894	S	27791	28035	55826	0.00379	0.00190	0.00219	0.00208	69	nan
Saccharopolyspora sp. ASAGF58	2719023	S	21549	22170	43719	0.00297	0.00150	0.00172	0.00166	69	nan
Amycolatopsis sp. AA4	1896961	S	34161	34353	68514	0.00465	0.00233	0.00285	0.00273	70	nan
Amycolatopsis mediterranei	33910	S	12191	12344	24535	0.00166	0.00084	0.00109	0.00105	72	nan
Saccharomonospora glauca	40990	S	32889	33454	66343	0.00450	0.00227	0.00268	0.00258	70	nan
Bifidobacterium asteroides	1684	S	102540	102716	205256	0.01392	0.00697	0.00670	0.00645	63	nan
Bifidobacterium sp. ESL0790	2983233	S	21985	22000	43985	0.00298	0.00149	0.00147	0.00141	65	nan
Micromonospora sp. HUAS LYJ1	3061626	S	39226	40407	79633	0.00540	0.00274	0.00387	0.00375	73	nan
Micromonospora sp. WMMD812	3015152	S	21659	21800	43459	0.00295	0.00148	0.00208	0.00205	74	nan
Micromonospora endophytica	515350	S	37242	37427	74669	0.00506	0.00254	0.00328	0.00313	72	nan
Solwaraspora sp. WMMA2056	3015161	S	17809	18386	36195	0.00246	0.00125	0.00164	0.00159	72	nan
Candidatus Planktophila dulcis	1884914	S	77658	77825	155483	0.01055	0.00528	0.00458	0.00444	48	nan
Parolsenella massiliensis	1871022	S	9788	9881	19669	0.00133	0.00067	0.00074	0.00069	66	nan
Parolsenella catena	2003188	S	5660	5714	11374	0.00077	0.00039	0.00042	0.00040	66	nan
Olsenella sp. oral taxon 807	712411	S	5502	5504	11006	0.00075	0.00037	0.00037	0.00036	62	nan
Mycoplasma crocodyli	50052	S	112220	112349	224569	0.01523	0.00762	0.01066	0.01079	27	nan
Mycoplasma tauri	547987	S	83157	83259	166416	0.01129	0.00565	0.00798	0.00802	26	nan
Mycoplasma sp. OR1901	2742195	S	36718	36808	73526	0.00499	0.00250	0.00366	0.00366	24	nan
Mycoplasma sp. SG1	2810348	S	12418	12418	24836	0.00168	0.00084	0.00124	0.00130	25	nan
Mycoplasma phocoeninasale	2726117	S	25757	25885	51642	0.00350	0.00176	0.00240	0.00224	29	nan
Mycoplasma anserisalpingitidis	519450	S	221	221	442	0.00003	0.00002	0.00000	0.00002	25	3.0
Spiroplasma kunkelii	47834	S	21652	22253	43905	0.00298	0.00151	0.00240	0.00248	25	nan
Mesoplasma coleopterae	324078	S	11712	13039	24751	0.00168	0.00088	0.00121	0.00123	26	nan
Candidatus Phytoplasma solani	69896	S	5975	5975	11950	0.00081	0.00041	0.00052	0.00054	28	nan
Mycoplasmopsis edwardii	53558	S	91695	92427	184122	0.01249	0.00627	0.00894	0.00845	27	nan
Mycoplasmopsis canis	29555	S	23160	23746	46906	0.00318	0.00161	0.00238	0.00226	28	nan
Mycoplasmopsis anatis	171279	S	6408	6442	12850	0.00087	0.00044	0.00064	0.00063	25	nan
Mycoplasmopsis caviae	55603	S	4372	4377	8749	0.00059	0.00030	0.00041	0.00039	27	nan
Mycoplasmopsis synoviae	2109	S	3634	3649	7283	0.00049	0.00025	0.00034	0.00033	27	nan
Mycoplasmopsis arginini	2094	S	3306	3326	6632	0.00045	0.00023	0.00030	0.00033	26	nan
Mycoplasmopsis bovigenitalium	2112	S	252	252	504	0.00003	0.00002	0.00000	0.00002	29	5.0
Mesomycoplasma flocculare	2128	S	21793	22363	44156	0.00300	0.00152	0.00199	0.00195	29	nan
Planktothrix rubescens	59512	S	53518	107564	161082	0.01093	0.00730	0.00696	0.00680	38	nan
Planktothrix agardhii	1160	S	324	530	854	0.00006	0.00004	0.00003	0.00003	38	nan
Nostoc sp. TCL240-02	2572090	S	77631	78757	156388	0.01061	0.00534	0.00494	0.00482	43	nan
Halomicronema hongdechloris	1209493	S	29443	29445	58888	0.00399	0.00200	0.00181	0.00175	56	nan
Synechococcus sp. A15-127	1050624	S	16343	16545	32888	0.00223	0.00112	0.00112	0.00106	64	nan
Thermosynechococcus sp. HN-54	2933959	S	5978	5986	11964	0.00081	0.00041	0.00036	0.00035	54	nan
Deinococcus gobiensis	502394	S	51281	51310	102591	0.00696	0.00348	0.00398	0.00403	71	nan
Anaerolinea thermophila	167964	S	25478	25478	50956	0.00346	0.00173	0.00156	0.00151	54	nan
Lutibacter sp. A64	2918526	S	129692	131273	260965	0.01770	0.00890	0.01105	0.01080	29	nan
Lutibacter profundi	1622118	S	25230	25272	50502	0.00343	0.00171	0.00213	0.00208	29	nan
Flavobacterium magnum	2162713	S	48672	48846	97518	0.00661	0.00331	0.00296	0.00287	49	nan
Flavobacterium sp. N2038	2986829	S	8493	34163	42656	0.00289	0.00232	0.00000	0.00245	33	5.0
Flavobacterium sp. N1719	2885633	S	129	138	267	0.00002	0.00001	0.00000	0.00001	40	4.0
Flavobacterium sp. IMCC34852	2732161	S	101	359	460	0.00003	0.00002	0.00003	0.00003	34	nan
Flavobacterium commune	1306519	S	19497	19702	39199	0.00266	0.00134	0.00141	0.00138	35	nan
Flavobacterium gyeonganense	1310418	S	15600	16315	31915	0.00216	0.00111	0.00119	0.00115	35	nan
Flavobacterium cyclinae	2895947	S	6444	6575	13019	0.00088	0.00045	0.00052	0.00050	33	nan
Flavobacterium pallidum	2172098	S	271	271	542	0.00004	0.00002	0.00000	0.00002	45	4.0
Flavobacterium album	2175091	S	173	173	346	0.00002	0.00001	0.00000	0.00001	46	4.0
Tamlana sp. s12	1630406	S	118105	119051	237156	0.01609	0.00808	0.00839	0.00818	36	nan
Constantimarinum furrinae	2562285	S	65523	65656	131179	0.00890	0.00445	0.00416	0.00405	41	nan
Myroides sp. ZB35	1458492	S	8144	21311	29455	0.00200	0.00145	0.00153	0.00150	35	nan
Leeuwenhoekiella palythoae	573501	S	9402	9898	19300	0.00131	0.00067	0.00064	0.00061	40	nan
Leeuwenhoekiella sp. ZYFB001	2719912	S	9287	9692	18979	0.00129	0.00066	0.00062	0.00060	40	nan
Paenimyroides aestuarii	2968490	S	12198	13039	25237	0.00171	0.00088	0.00092	0.00090	35	nan
Lacinutrix sp. WUR7	2653681	S	10106	10141	20247	0.00137	0.00069	0.00077	0.00075	33	nan
Capnocytophaga ochracea	1018	S	1943	2456	4399	0.00030	0.00017	0.00016	0.00016	40	nan
Capnocytophaga sp. oral taxon 323	1705617	S	240	346	586	0.00004	0.00002	0.00000	0.00002	42	5.0
Capnocytophaga sp. oral taxon 864	1316593	S	176	246	422	0.00003	0.00002	0.00002	0.00002	41	nan
Capnocytophaga sp. oral taxon 902	2748316	S	171	303	474	0.00003	0.00002	0.00002	0.00002	41	nan
Capnocytophaga sputigena	1019	S	164	168	332	0.00002	0.00001	0.00000	0.00001	40	4.0
Capnocytophaga endodontalis	2708117	S	106	111	217	0.00001	0.00001	0.00000	0.00001	41	4.0
Cloacibacterium sp. TD35	2976818	S	68638	70249	138887	0.00942	0.00477	0.00528	0.00511	34	nan
Apibacter sp. ESL0404	2704651	S	8478	10102	18580	0.00126	0.00069	0.00082	0.00082	31	nan
Chryseobacterium daecheongense	192389	S	5073	5342	10415	0.00071	0.00036	0.00038	0.00036	37	nan
Hymenobacter baengnokdamensis	2615203	S	127442	128040	255482	0.01733	0.00868	0.00836	0.00811	61	nan
Hymenobacter sp. NBH84	2596915	S	66014	66217	132231	0.00897	0.00449	0.00420	0.00405	58	nan
Hymenobacter radiodurans	2496028	S	15106	15581	30687	0.00208	0.00106	0.00097	0.00093	55	nan
Cyclobacterium marinum	104	S	22232	22606	44838	0.00304	0.00153	0.00148	0.00145	39	nan
Algoriphagus sp. Y33	2772483	S	14263	14468	28731	0.00195	0.00098	0.00089	0.00087	43	nan
Echinicola vietnamensis	390884	S	7945	8374	16319	0.00111	0.00057	0.00051	0.00050	46	nan
Spirosoma foliorum	2710596	S	37355	37390	74745	0.00507	0.00254	0.00224	0.00218	48	nan
Spirosoma endbachense	2666025	S	5642	5664	11306	0.00077	0.00038	0.00034	0.00033	48	nan
Chryseolinea soli	2321403	S	28473	28491	56964	0.00386	0.00193	0.00170	0.00165	52	nan
Arcticibacterium luteifluviistationis	1784714	S	25948	26021	51969	0.00353	0.00177	0.00173	0.00169	38	nan
Reichenbachiella sp. BKB1-1	2979464	S	3398	3462	6860	0.00047	0.00023	0.00000	0.00021	42	4.0
Reichenbachiella sp. Wsw4-B4	2979869	S	2376	2414	4790	0.00032	0.00016	0.00015	0.00015	43	nan
Chondrinema litorale	2994555	S	313	318	631	0.00004	0.00002	0.00000	0.00002	35	4.0
Porphyromonas endodontalis	28124	S	69832	70343	140175	0.00951	0.00477	0.00424	0.00407	48	nan
Porphyromonas gingivalis	837	S	188	189	377	0.00003	0.00001	0.00000	0.00001	51	4.0
Muribaculum intestinale	1796646	S	38622	39309	77931	0.00529	0.00267	0.00235	0.00231	52	nan
Muribaculum gordoncarteri	2530390	S	373	392	765	0.00005	0.00003	0.00000	0.00002	53	4.0
Duncaniella dubosii	2518971	S	231	276	507	0.00003	0.00002	0.00000	0.00002	51	4.0
Paramuribaculum intestinale	2094151	S	127	129	256	0.00002	0.00001	0.00000	0.00001	57	4.0
Prevotella communis	2913614	S	26260	26368	52628	0.00357	0.00179	0.00156	0.00155	52	nan
Prevotella nigrescens	28133	S	127	138	265	0.00002	0.00001	0.00000	0.00001	47	4.0
Tannerella forsythia	28112	S	132	138	270	0.00002	0.00001	0.00000	0.00001	49	4.0
Labilibaculum antarcticum	1717717	S	27483	27509	54992	0.00373	0.00187	0.00189	0.00184	36	nan
Filimonas lacunae	477680	S	51427	51445	102872	0.00698	0.00349	0.00312	0.00304	44	nan
Ferruginibacter albus	2875540	S	6079	6079	12158	0.00082	0.00041	0.00041	0.00040	37	nan
Sphingobacterium sp. PCS056	2931400	S	1576	2762	4338	0.00029	0.00019	0.00019	0.00018	37	nan
Sphingobacterium sp. UDSM-2020	2795738	S	1176	1334	2510	0.00017	0.00009	0.00009	0.00009	37	nan
Sphingobacterium sp. ML3W	1538644	S	474	559	1033	0.00007	0.00004	0.00000	0.00004	39	4.0
Sphingobacterium sp. SRCM116780	2907623	S	269	275	544	0.00004	0.00002	0.00000	0.00002	36	5.0
Sphingobacterium faecium	34087	S	2892	4774	7666	0.00052	0.00032	0.00033	0.00032	37	nan
Sphingobacterium spiritivorum	258	S	127	138	265	0.00002	0.00001	0.00000	0.00001	41	4.0
Pedobacter steynii	430522	S	2313	2398	4711	0.00032	0.00016	0.00015	0.00015	41	nan
Pedobacter sp. PACM 27299	1727164	S	112	168	280	0.00002	0.00001	0.00000	0.00001	41	5.0
Pedobacter gandavensis	2679963	S	153	223	376	0.00003	0.00002	0.00000	0.00001	41	5.0
Prosthecochloris aestuarii	1102	S	7752	7766	15518	0.00105	0.00053	0.00047	0.00045	52	nan
Candidatus Cloacimonas acidaminovorans	456827	S	14266	14266	28532	0.00194	0.00097	0.00094	0.00091	38	nan
Campylobacter coli	195	S	76642	87963	164605	0.01117	0.00597	0.00723	0.00688	31	nan
Campylobacter sp. RM16187	1660063	S	37633	38032	75665	0.00513	0.00258	0.00267	0.00258	36	nan
Campylobacter sp. RM12175	1660076	S	2134	2259	4393	0.00030	0.00015	0.00017	0.00017	32	nan
Campylobacter cuniculorum	374106	S	30562	30597	61159	0.00415	0.00208	0.00246	0.00242	31	nan
Campylobacter jejuni	197	S	1062	2538	3600	0.00024	0.00017	0.00021	0.00020	31	nan
Helicobacter himalayensis	1591088	S	24795	24811	49606	0.00336	0.00168	0.00159	0.00154	41	nan
Arcobacter defluvii	873191	S	5821	7998	13819	0.00094	0.00054	0.00081	0.00079	27	nan
Nitratiruptor sp. YY08-14	2724899	S	455	125355	125810	0.00853	0.00850	0.00823	0.00796	39	nan
Nitratiruptor sp. SB155-2	387092	S	371	372	743	0.00005	0.00003	0.00002	0.00002	41	nan
Candidatus Borrelia fainii	2518322	S	42919	43531	86450	0.00586	0.00295	0.00398	0.00386	27	nan
Borrelia sp. HM	1882662	S	27949	27974	55923	0.00379	0.00190	0.00265	0.00256	26	nan
Borrelia turcica	229155	S	16572	16585	33157	0.00225	0.00112	0.00136	0.00136	30	nan
Borrelia miyamotoi	47466	S	5951	5954	11905	0.00081	0.00040	0.00054	0.00052	29	nan
Borreliella garinii	29519	S	3546	4081	7627	0.00052	0.00028	0.00038	0.00037	28	nan
Marispirochaeta sp.	2038653	S	18761	18818	37579	0.00255	0.00128	0.00113	0.00110	52	nan
Treponema sp. OMZ 792	2563667	S	162	14774	14936	0.00101	0.00100	0.00099	0.00097	38	nan
Leptospira sp. severe_002	2838237	S	13565	98409	111974	0.00760	0.00668	0.00745	0.00680	36	nan
Leptospira interrogans	173	S	901	11589	12490	0.00085	0.00079	0.00088	0.00080	36	nan
Leptospira noguchii	28182	S	425	428	853	0.00006	0.00003	0.00000	0.00003	37	5.0
Leptospira kirschneri	29507	S	392	415	807	0.00005	0.00003	0.00000	0.00003	37	5.0
Geomonas oryzisoli	2847992	S	84008	84482	168490	0.01143	0.00573	0.00563	0.00546	64	nan
Geoalkalibacter halelectricus	2847045	S	7423	7424	14847	0.00101	0.00050	0.00049	0.00047	62	nan
Fusobacterium pseudoperiodonticum	2663009	S	21717	22755	44472	0.00302	0.00154	0.00211	0.00205	28	nan
Fusobacterium sp. oral taxon 203	671211	S	10076	11262	21338	0.00145	0.00076	0.00108	0.00106	28	nan
Fusobacterium hwasookii	1583098	S	2687	3030	5717	0.00039	0.00021	0.00033	0.00029	27	nan
Fusobacterium nucleatum	851	S	1247	1717	2964	0.00020	0.00012	0.00016	0.00016	27	nan
Fusobacterium periodonticum	860	S	1034	1271	2305	0.00016	0.00009	0.00010	0.00011	27	nan
Fusobacterium polymorphum	76857	S	943	1244	2187	0.00015	0.00008	0.00012	0.00012	27	nan
Fusobacterium canifelinum	285729	S	597	630	1227	0.00008	0.00004	0.00007	0.00006	28	nan
Fusobacterium animalis	76859	S	509	671	1180	0.00008	0.00005	0.00006	0.00006	27	nan
Fusobacterium vincentii	155615	S	140	226	366	0.00002	0.00002	0.00002	0.00002	27	nan
Fusobacterium gastrosuis	1755100	S	110	110	220	0.00001	0.00001	0.00000	0.00001	29	4.0
Bdellovibrio sp. KM01	2748865	S	23013	23156	46169	0.00313	0.00157	0.00138	0.00134	46	nan
unidentified bacterial endosymbiont	2355	S	13543	13701	27244	0.00185	0.00093	0.00000	0.00081	55	5.0
Thermotoga sp. RQ2	126740	S	2735	8756	11491	0.00078	0.00059	0.00052	0.00051	47	nan
Sulfurihydrogenibium azorense	309806	S	7766	7766	15532	0.00105	0.00053	0.00060	0.00057	32	nan
Homo sapiens	9606	S	322	322	644	0.00004	0.00002	0.00000	0.00002	38	3.0
Alphainfluenzavirus influenzae	2955291	S	102	102	204	0.00001	0.00001	0.00000	0.00001	44	4.0
