name	taxonomy_id	taxonomy_lvl	kraken_assigned_reads	added_reads	new_est_reads	fraction_total_reads	Bracken_estimate	GuaCAMOLE_estimate	GuaCAMOLE_est_eff	GC content	Taxon Removal Cycle
Streptomyces sp. CB04723	2748873	S	125638	171688	297326	0.02024	0.01169	0.01393	0.01386	73	nan
Streptomyces sp. CB09030	2913412	S	87840	184700	272540	0.01855	0.01257	0.01559	0.01485	73	nan
Streptomyces sp. BJ20	2930049	S	40340	58316	98656	0.00671	0.00397	0.00479	0.00462	73	nan
Streptomyces sp. AMCC400023	2056258	S	39856	46359	86215	0.00587	0.00316	0.00349	0.00351	72	nan
Streptomyces sp. CMB-StM0423	2059884	S	30924	33259	64183	0.00437	0.00226	0.00290	0.00281	74	nan
Streptomyces sp. Z423-1	2730915	S	29369	30135	59504	0.00405	0.00205	0.00224	0.00220	72	nan
Streptomyces sp. NA03103	2742134	S	24106	77430	101536	0.00691	0.00527	0.00635	0.00605	73	nan
Streptomyces sp. W1SF4	2305220	S	17243	17686	34929	0.00238	0.00120	0.00156	0.00150	73	nan
Streptomyces sp. NEAU-S7GS2	2202000	S	5644	8159	13803	0.00094	0.00056	0.00060	0.00061	72	nan
Streptomyces sp. 2P-4	2931974	S	4370	9158	13528	0.00092	0.00062	0.00087	0.00077	74	nan
Streptomyces sp. BPTC-684	3043734	S	4137	4213	8350	0.00057	0.00029	0.00032	0.00032	72	nan
Streptomyces sp. Mg1	465541	S	1629	3810	5439	0.00037	0.00026	0.00032	0.00030	73	nan
Streptomyces sp. S1D4-20	2594462	S	1396	16019	17415	0.00119	0.00109	0.00128	0.00124	72	nan
Streptomyces sp. 11x1	3038642	S	723	757	1480	0.00010	0.00005	0.00005	0.00006	71	nan
Streptomyces sp. CA-210063	2801029	S	241	253	494	0.00003	0.00002	0.00000	0.00002	71	5.0
Streptomyces sp. DSM 40750	2801030	S	213	223	436	0.00003	0.00002	0.00000	0.00002	71	5.0
Streptomyces sp. HM190	2695266	S	187	191	378	0.00003	0.00001	0.00002	0.00002	73	nan
Streptomyces sp. VN1	1821625	S	179	230	409	0.00003	0.00002	0.00002	0.00002	74	nan
Streptomyces sp. VNUA24	3031131	S	166	182	348	0.00002	0.00001	0.00001	0.00001	72	nan
Streptomyces sp. SYP-A7193	2662065	S	164	180	344	0.00002	0.00001	0.00001	0.00001	73	nan
Streptomyces sp. ITFR-21	3075199	S	153	153	306	0.00002	0.00001	0.00001	0.00001	72	nan
Streptomyces sp. CCM_MD2014	1561022	S	151	178	329	0.00002	0.00001	0.00001	0.00001	73	nan
Streptomyces sp. CB09001	2083284	S	132	145	277	0.00002	0.00001	0.00001	0.00001	73	nan
Streptomyces sp. P3	2135430	S	119	121	240	0.00002	0.00001	0.00001	0.00001	72	nan
Streptomyces sp. SN-593	659352	S	115	115	230	0.00002	0.00001	0.00000	0.00001	74	5.0
Streptomyces sp. CdTB01	1725411	S	107	109	216	0.00001	0.00001	0.00001	0.00001	72	nan
Streptomyces sp. KMM 9044	2744474	S	106	108	214	0.00001	0.00001	0.00001	0.00001	72	nan
Streptomyces sp. BB1-1-1	3074430	S	103	108	211	0.00001	0.00001	0.00001	0.00001	72	nan
Streptomyces sp. FXY-T5	3064901	S	100	106	206	0.00001	0.00001	0.00001	0.00001	72	nan
Streptomyces nitrosporeus	28894	S	105523	107024	212547	0.01447	0.00728	0.00849	0.00853	72	nan
Streptomyces alboniger	132473	S	42169	43598	85767	0.00584	0.00297	0.00335	0.00326	72	nan
Streptomyces aurantiacus	47760	S	126	127	253	0.00002	0.00001	0.00000	0.00001	71	5.0
Streptomyces cadmiisoli	2184053	S	103	104	207	0.00001	0.00001	0.00000	0.00001	71	5.0
Streptomyces paludis	2282738	S	35927	36172	72099	0.00491	0.00246	0.00279	0.00272	72	nan
Streptomyces tanashiensis	67367	S	31450	32501	63951	0.00435	0.00221	0.00261	0.00258	73	nan
Streptomyces aureoverticillatus	66871	S	27702	28171	55873	0.00380	0.00192	0.00218	0.00214	72	nan
Streptomyces hawaiiensis	67305	S	19888	20951	40839	0.00278	0.00143	0.00155	0.00155	72	nan
Streptomyces coeruleorubidus	116188	S	16226	17148	33374	0.00227	0.00117	0.00126	0.00127	72	nan
Streptomyces tendae	1932	S	8812	9082	17894	0.00122	0.00062	0.00069	0.00071	72	nan
Streptomyces caniscabiei	2746961	S	7272	8382	15654	0.00107	0.00057	0.00061	0.00063	72	nan
Streptomyces gilvosporeus	553510	S	5183	5254	10437	0.00071	0.00036	0.00039	0.00039	71	nan
Streptomyces globisporus	1908	S	3775	9774	13549	0.00092	0.00067	0.00080	0.00077	72	nan
Streptomyces graminofaciens	68212	S	180	184	364	0.00002	0.00001	0.00000	0.00001	71	5.0
Streptomyces coelicolor	1902	S	3291	11124	14415	0.00098	0.00076	0.00095	0.00089	73	nan
Streptomyces deccanensis	424188	S	2266	2405	4671	0.00032	0.00016	0.00018	0.00018	72	nan
Streptomyces akebiae	2865673	S	802	840	1642	0.00011	0.00006	0.00006	0.00006	71	nan
Streptomyces phaeolivaceus	2653200	S	322	331	653	0.00004	0.00002	0.00002	0.00002	72	nan
Streptomyces capitiformicae	2014920	S	163	165	328	0.00002	0.00001	0.00000	0.00001	70	4.0
Streptomyces venezuelae	54571	S	159	204	363	0.00002	0.00001	0.00002	0.00002	73	nan
Streptomyces lusitanus	68232	S	135	144	279	0.00002	0.00001	0.00001	0.00001	73	nan
Streptomyces alfalfae	1642299	S	107	109	216	0.00001	0.00001	0.00001	0.00001	73	nan
Streptomyces ambofaciens	1889	S	102	106	208	0.00001	0.00001	0.00001	0.00001	73	nan
Streptomyces pactum	68249	S	100	103	203	0.00001	0.00001	0.00001	0.00001	73	nan
Yinghuangia sp. ASG 101	2896848	S	46483	46535	93018	0.00633	0.00317	0.00363	0.00365	72	nan
Kitasatospora sp. HUAS 3-15	3004092	S	19672	20015	39687	0.00270	0.00136	0.00162	0.00161	74	nan
Kitasatospora sp. YST-16	2998080	S	19630	20203	39833	0.00271	0.00138	0.00170	0.00180	75	nan
Actinacidiphila bryophytorum	1436133	S	20140	20232	40372	0.00275	0.00138	0.00160	0.00163	73	nan
Microbacterium sp. zg-Y625	3049071	S	69816	70858	140674	0.00957	0.00482	0.00523	0.00506	72	nan
Microbacterium sp. SSW1-51	2851650	S	34761	35059	69820	0.00475	0.00239	0.00265	0.00257	71	nan
Microbacterium sp. SGAir0570	2070348	S	23803	36628	60431	0.00411	0.00249	0.00254	0.00255	70	nan
Microbacterium sp. AISO3	2002831	S	8696	12814	21510	0.00146	0.00087	0.00086	0.00085	69	nan
Microbacterium sp. BDGP8	3035531	S	2552	2601	5153	0.00035	0.00018	0.00019	0.00018	70	nan
Microbacterium suwonense	683047	S	59296	59638	118934	0.00809	0.00406	0.00397	0.00385	69	nan
Microbacterium chengjingii	2769067	S	43658	43707	87365	0.00595	0.00297	0.00253	0.00243	62	nan
Microbacterium paludicola	300019	S	24000	37639	61639	0.00420	0.00256	0.00266	0.00263	70	nan
Microbacterium arborescens	33883	S	929	938	1867	0.00013	0.00006	0.00006	0.00006	70	nan
Microbacterium oleivorans	273677	S	375	376	751	0.00005	0.00003	0.00003	0.00003	70	nan
Microbacterium fandaimingii	2708079	S	320	320	640	0.00004	0.00002	0.00000	0.00002	64	4.0
Herbiconiux sp. SALV-R1	2735133	S	50205	50288	100493	0.00684	0.00342	0.00364	0.00357	71	nan
Curtobacterium sp. BH-2-1-1	1905847	S	23367	23645	47012	0.00320	0.00161	0.00181	0.00177	72	nan
Curtobacterium sp. MR_MD2014	1561023	S	13924	14231	28155	0.00192	0.00097	0.00113	0.00110	73	nan
Curtobacterium sp. YC1	2795488	S	6258	6385	12643	0.00086	0.00043	0.00049	0.00048	73	nan
Curtobacterium sp. MCSS17_015	2175666	S	2612	2653	5265	0.00036	0.00018	0.00020	0.00020	72	nan
Microcella daejeonensis	2994971	S	43415	43774	87189	0.00593	0.00298	0.00355	0.00347	73	nan
Plantibacter sp. PA-3-X8	2480625	S	17485	18374	35859	0.00244	0.00125	0.00127	0.00124	70	nan
Rathayibacter rathayi	33887	S	10325	10378	20703	0.00141	0.00071	0.00075	0.00071	70	nan
Agromyces sp. H17E-10	2932244	S	6150	6189	12339	0.00084	0.00042	0.00046	0.00045	71	nan
Brevibacterium sp. CS2	2575923	S	185187	186655	371842	0.02531	0.01270	0.01387	0.01350	71	nan
Arthrobacter sp. PAMC25564	2565366	S	52592	52879	105471	0.00718	0.00360	0.00341	0.00331	67	nan
Rothia mucilaginosa	43675	S	23830	23863	47693	0.00325	0.00162	0.00136	0.00132	61	nan
Pengzhenrongella sicca	2819238	S	61794	61905	123699	0.00842	0.00421	0.00513	0.00502	73	nan
Cellulomonas dongxiuzhuiae	2819979	S	9667	9746	19413	0.00132	0.00066	0.00083	0.00088	75	nan
Cellulomonas wangsupingiae	2968085	S	8299	8415	16714	0.00114	0.00057	0.00073	0.00077	76	nan
Tetrasphaera sp. HKS02	1813880	S	14411	14435	28846	0.00196	0.00098	0.00107	0.00103	72	nan
Georgenia faecalis	2483799	S	12030	12054	24084	0.00164	0.00082	0.00099	0.00107	74	nan
Nocardioides sp. dk884	2662361	S	102813	104180	206993	0.01409	0.00709	0.00864	0.00832	73	nan
Nocardioides sp. S5	2017486	S	102561	103223	205784	0.01401	0.00703	0.00792	0.00757	73	nan
Nocardioides sp. Kera G14	2884264	S	18070	18092	36162	0.00246	0.00123	0.00127	0.00123	70	nan
Nocardioides sp. HDW12B	2714939	S	6354	6367	12721	0.00087	0.00043	0.00053	0.00051	74	nan
Nocardioides humi	449461	S	66425	66691	133116	0.00906	0.00454	0.00544	0.00526	73	nan
Nocardioides aquaticus	160826	S	31494	31553	63047	0.00429	0.00215	0.00277	0.00265	73	nan
Aeromicrobium sp. A1-2	2107713	S	50666	50709	101375	0.00690	0.00345	0.00331	0.00322	68	nan
Aeromicrobium sp. HA	3009077	S	216	216	432	0.00003	0.00001	0.00000	0.00002	72	5.0
Aeromicrobium senzhongii	2663859	S	29303	29756	59059	0.00402	0.00203	0.00211	0.00210	71	nan
Aeromicrobium duanguangcaii	2968086	S	654	664	1318	0.00009	0.00005	0.00000	0.00005	71	5.0
Aeromicrobium choanae	1736691	S	121	121	242	0.00002	0.00001	0.00000	0.00001	71	5.0
Marmoricola scoriae	642780	S	4944	4956	9900	0.00067	0.00034	0.00043	0.00042	74	nan
Raineyella sp. W15-4	3081651	S	33222	33865	67087	0.00457	0.00230	0.00249	0.00242	71	nan
Propioniciclava coleopterorum	2714937	S	14772	15100	29872	0.00203	0.00103	0.00119	0.00119	73	nan
Cutibacterium acnes	1747	S	477	478	955	0.00006	0.00003	0.00000	0.00003	60	5.0
Rhodococcus rhodochrous	1829	S	97518	125903	223421	0.01521	0.00857	0.00813	0.00806	68	nan
Rhodococcus sp. MTM3W5.2	1805827	S	26452	26511	52963	0.00360	0.00180	0.00182	0.00178	70	nan
Rhodococcus sp. WAY2	2663121	S	6618	7750	14368	0.00098	0.00053	0.00000	0.00047	66	5.0
Rhodococcus sp. RDE2	2885078	S	4410	5757	10167	0.00069	0.00039	0.00000	0.00037	68	5.0
Rhodococcus sp. Z13	2962047	S	574	577	1151	0.00008	0.00004	0.00000	0.00004	70	5.0
Rhodococcus sp. USK13	2806442	S	534	587	1121	0.00008	0.00004	0.00000	0.00004	66	4.0
Rhodococcus sp. ZPP	2749906	S	296	467	763	0.00005	0.00003	0.00000	0.00003	67	4.0
Rhodococcus sp. p52	935199	S	218	562	780	0.00005	0.00004	0.00000	0.00004	68	5.0
Rhodococcus sp. GA1	2942275	S	210	840	1050	0.00007	0.00006	0.00000	0.00005	68	5.0
Rhodococcus sp. LW-XY12	2856851	S	142	489	631	0.00004	0.00003	0.00000	0.00003	68	5.0
Rhodococcus pyridinivorans	103816	S	5419	11442	16861	0.00115	0.00078	0.00074	0.00073	68	nan
Rhodococcus gordoniae	223392	S	854	900	1754	0.00012	0.00006	0.00006	0.00006	68	nan
Rhodococcus ruber	1830	S	315	921	1236	0.00008	0.00006	0.00006	0.00006	69	nan
Rhodococcus opacus	37919	S	213	275	488	0.00003	0.00002	0.00000	0.00002	68	5.0
Rhodococcus aetherivorans	191292	S	187	737	924	0.00006	0.00005	0.00005	0.00005	69	nan
Rhodococcus oxybenzonivorans	1990687	S	163	233	396	0.00003	0.00002	0.00000	0.00001	67	4.0
Mycobacterium tuberculosis	1773	S	529	21344	21873	0.00149	0.00145	0.00133	0.00129	66	nan
Mycobacterium tuberculosis complex sp. N0155	2583592	S	151	5576	5727	0.00039	0.00038	0.00035	0.00034	66	nan
Mycobacterium canettii	78331	S	133	179	312	0.00002	0.00001	0.00001	0.00001	65	nan
Candidatus Mycobacterium methanotrophicum	2943498	S	11595	11602	23197	0.00158	0.00079	0.00072	0.00070	67	nan
Mycobacterium stomatepiae	470076	S	5900	5909	11809	0.00080	0.00040	0.00037	0.00036	67	nan
Mycolicibacter sp. MYC098	2872309	S	21732	22027	43759	0.00298	0.00150	0.00147	0.00143	68	nan
Mycobacteroides immunogenum	83262	S	12346	12608	24954	0.00170	0.00086	0.00075	0.00074	65	nan
Mycolicibacterium aurum	1791	S	4392	4442	8834	0.00060	0.00030	0.00029	0.00028	68	nan
Corynebacterium sp. 21KM1197	2989734	S	3041	54837	57878	0.00394	0.00373	0.00337	0.00328	67	nan
Micromonospora sp. WMMA1998	3015167	S	32351	35502	67853	0.00462	0.00242	0.00281	0.00305	74	nan
Verrucosispora sp. WMMD573	3015149	S	26822	27306	54128	0.00368	0.00186	0.00206	0.00200	71	nan
Micromonospora sp. WMMD964	3016091	S	8756	10325	19081	0.00130	0.00070	0.00082	0.00079	72	nan
Micromonospora carbonacea	47853	S	9048	10267	19315	0.00131	0.00070	0.00088	0.00093	75	nan
Micromonospora sagamiensis	47875	S	8865	8932	17797	0.00121	0.00061	0.00072	0.00072	73	nan
Dactylosporangium vinaceum	53362	S	35604	38362	73966	0.00503	0.00261	0.00306	0.00306	73	nan
Dactylosporangium matsuzakiense	53360	S	24015	26179	50194	0.00342	0.00178	0.00209	0.00209	73	nan
Actinomadura graeca	2750812	S	33904	33953	67857	0.00462	0.00231	0.00282	0.00276	73	nan
Actinomadura madurae	1993	S	9624	9649	19273	0.00131	0.00066	0.00077	0.00077	73	nan
Nocardiopsis exhalans	163604	S	27651	27709	55360	0.00377	0.00189	0.00198	0.00193	70	nan
Gleimia hominis	595468	S	58073	59267	117340	0.00799	0.00403	0.00327	0.00318	58	nan
Actinomyces sp. Chiba101	1851395	S	11657	11711	23368	0.00159	0.00080	0.00092	0.00090	72	nan
Bifidobacterium longum	216816	S	22519	26557	49076	0.00334	0.00181	0.00152	0.00146	61	nan
Bifidobacterium breve	1685	S	944	1014	1958	0.00013	0.00007	0.00000	0.00006	60	5.0
Bifidobacterium bifidum	1681	S	107	224	331	0.00002	0.00002	0.00000	0.00001	63	5.0
Jatrophihabitans sp. GAS493	1907575	S	20742	20750	41492	0.00282	0.00141	0.00134	0.00130	67	nan
Geodermatophilus sp. DSM 44513	1528104	S	17237	17281	34518	0.00235	0.00118	0.00168	0.00171	76	nan
Actinoalloteichus fjordicus	1612552	S	2114	10253	12367	0.00084	0.00070	0.00074	0.00072	71	nan
Acidothermus cellulolyticus	28049	S	10200	10201	20401	0.00139	0.00069	0.00065	0.00064	67	nan
Kineococcus radiotolerans	131568	S	8297	8306	16603	0.00113	0.00057	0.00071	0.00075	74	nan
Parolsenella catena	2003188	S	36113	36485	72598	0.00494	0.00248	0.00230	0.00223	66	nan
Berryella wangjianweii	2734634	S	23126	23136	46262	0.00315	0.00157	0.00150	0.00145	67	nan
Iamia sp. SCSIO 61187	2722752	S	49026	49035	98061	0.00667	0.00334	0.00429	0.00423	73	nan
Bacillus luti	2026191	S	71564	75943	147507	0.01004	0.00517	0.00532	0.00504	35	nan
Bacillus cereus	1396	S	6393	21584	27977	0.00190	0.00147	0.00152	0.00145	35	nan
Bacillus toyonensis	155322	S	5916	11644	17560	0.00120	0.00079	0.00082	0.00078	35	nan
Bacillus thuringiensis	1428	S	4218	37878	42096	0.00287	0.00258	0.00268	0.00254	35	nan
Bacillus mycoides	1405	S	3896	5603	9499	0.00065	0.00038	0.00039	0.00038	35	nan
Bacillus wiedmannii	1890302	S	3003	3756	6759	0.00046	0.00026	0.00026	0.00025	35	nan
Bacillus tropicus	2026188	S	659	1369	2028	0.00014	0.00009	0.00010	0.00009	35	nan
Bacillus nitratireducens	2026193	S	656	736	1392	0.00009	0.00005	0.00005	0.00005	36	nan
Bacillus pseudomycoides	64104	S	487	493	980	0.00007	0.00003	0.00003	0.00003	35	nan
Bacillus pacificus	2026187	S	465	760	1225	0.00008	0.00005	0.00005	0.00005	36	nan
Bacillus paranthracis	2026186	S	433	1550	1983	0.00013	0.00011	0.00011	0.00010	35	nan
Bacillus sp. FDAARGOS_235	1839798	S	161	940	1101	0.00007	0.00006	0.00007	0.00006	35	nan
Bacillus albus	2026189	S	252	573	825	0.00006	0.00004	0.00004	0.00004	35	nan
Bacillus anthracis	1392	S	250	3019	3269	0.00022	0.00021	0.00021	0.00020	35	nan
Bacillus cytotoxicus	580165	S	168	169	337	0.00002	0.00001	0.00000	0.00001	36	5.0
Bacillus pumilus	1408	S	94588	97499	192087	0.01307	0.00664	0.00598	0.00575	42	nan
Bacillus carboniphilus	86663	S	14851	14869	29720	0.00202	0.00101	0.00102	0.00098	36	nan
Bacillus atrophaeus	1452	S	10892	10988	21880	0.00149	0.00075	0.00067	0.00063	45	nan
Bacillus halotolerans	260554	S	105	185	290	0.00002	0.00001	0.00000	0.00001	41	5.0
Bacillus sp. N5-665	2925318	S	207	1549	1756	0.00012	0.00011	0.00011	0.00010	35	nan
Bacillus sp. N447-1	2789208	S	177	1621	1798	0.00012	0.00011	0.00011	0.00011	35	nan
Bacillus sp. ZJS3	2928154	S	175	1880	2055	0.00014	0.00013	0.00000	0.00013	35	5.0
Bacillus sp. BD59S	2499213	S	139	1879	2018	0.00014	0.00013	0.00000	0.00013	35	5.0
Bacillus sp. DX3.1	3052091	S	126	145	271	0.00002	0.00001	0.00000	0.00001	36	5.0
Bacillus altitudinis	293387	S	1447	1799	3246	0.00022	0.00012	0.00000	0.00011	41	4.0
Bacillus safensis	561879	S	919	1509	2428	0.00017	0.00010	0.00000	0.00009	41	5.0
Lysinibacillus sp. YS11	2072025	S	19664	56820	76484	0.00521	0.00387	0.00369	0.00359	38	nan
Lysinibacillus fusiformis	28031	S	185	189	374	0.00003	0.00001	0.00001	0.00001	38	nan
Lysinibacillus capsici	2115968	S	121	253	374	0.00003	0.00002	0.00002	0.00002	38	nan
Allobacillus halotolerans	570278	S	44095	44163	88258	0.00601	0.00301	0.00280	0.00269	39	nan
Virgibacillus sp. Bac330	2419841	S	34732	35368	70100	0.00477	0.00241	0.00236	0.00228	37	nan
Neobacillus sp. PS2-9	3070676	S	31859	32092	63951	0.00435	0.00218	0.00208	0.00199	39	nan
Shouchella miscanthi	2598861	S	14739	28924	43663	0.00297	0.00197	0.00182	0.00174	40	nan
Oceanobacillus iheyensis	182710	S	26866	26923	53789	0.00366	0.00183	0.00173	0.00165	40	nan
Staphylococcus epidermidis	1282	S	31228	33232	64460	0.00439	0.00226	0.00257	0.00246	33	nan
Staphylococcus haemolyticus	1283	S	108	124	232	0.00002	0.00001	0.00000	0.00001	33	5.0
Ureibacillus thermosphaericus	51173	S	30897	31563	62460	0.00425	0.00215	0.00220	0.00206	37	nan
Ureibacillus thermophilus	367743	S	748	756	1504	0.00010	0.00005	0.00000	0.00005	38	4.0
Gemella morbillorum	29391	S	19411	19663	39074	0.00266	0.00134	0.00158	0.00154	30	nan
Gemella sp. zg-570	2840371	S	11043	11075	22118	0.00151	0.00075	0.00097	0.00094	30	nan
Gemella haemolysans	1379	S	556	558	1114	0.00008	0.00004	0.00000	0.00004	31	5.0
Gemella sanguinis	84135	S	154	154	308	0.00002	0.00001	0.00000	0.00001	29	5.0
Vagococcus teuberi	519472	S	181448	185311	366759	0.02496	0.01261	0.01319	0.01279	34	nan
Vagococcus penaei	633807	S	55262	55583	110845	0.00754	0.00378	0.00389	0.00374	35	nan
Enterococcus faecalis	1351	S	445	826	1271	0.00009	0.00006	0.00000	0.00005	38	4.0
Carnobacterium sp. CP1	1564681	S	62069	116656	178725	0.01216	0.00794	0.00759	0.00732	38	nan
Carnobacterium sp. CS13	2800128	S	1389	2634	4023	0.00027	0.00018	0.00017	0.00017	38	nan
Carnobacterium sp. 17-4	208596	S	543	553	1096	0.00007	0.00004	0.00000	0.00004	36	5.0
Carnobacterium maltaromaticum	2751	S	30028	30637	60665	0.00413	0.00209	0.00218	0.00210	35	nan
Carnobacterium inhibens	147709	S	460	489	949	0.00006	0.00003	0.00000	0.00003	35	5.0
Carnobacterium viridans	174587	S	342	363	705	0.00005	0.00002	0.00000	0.00002	36	5.0
Carnobacterium divergens	2748	S	314	321	635	0.00004	0.00002	0.00000	0.00002	36	5.0
Jeotgalibaca dankookensis	708126	S	13425	13503	26928	0.00183	0.00092	0.00090	0.00086	37	nan
Granulicatella elegans	137732	S	543	568	1111	0.00008	0.00004	0.00000	0.00004	33	5.0
Desemzia incerta	82801	S	169	175	344	0.00002	0.00001	0.00000	0.00001	39	5.0
Bombilactobacillus folatiphilus	2923362	S	56747	56847	113594	0.00773	0.00387	0.00366	0.00355	38	nan
Lactobacillus sp. PV034	2594495	S	21901	22148	44049	0.00300	0.00151	0.00156	0.00152	34	nan
Lactobacillus amylolyticus	83683	S	17693	18112	35805	0.00244	0.00123	0.00117	0.00114	40	nan
Weissella tructae	887702	S	779	30787	31566	0.00215	0.00210	0.00189	0.00183	42	nan
Streptococcus sp. Marseille-Q6470	2972784	S	31731	33075	64806	0.00441	0.00225	0.00210	0.00201	42	nan
Streptococcus dysgalactiae	1334	S	413	808	1221	0.00008	0.00006	0.00000	0.00005	40	4.0
Streptococcus equi	1336	S	195	196	391	0.00003	0.00001	0.00000	0.00001	43	4.0
Streptococcus anginosus	1328	S	280	477	757	0.00005	0.00003	0.00000	0.00003	40	5.0
Streptococcus pyogenes	1314	S	281	504	785	0.00005	0.00003	0.00000	0.00003	40	5.0
Streptococcus canis	1329	S	266	273	539	0.00004	0.00002	0.00000	0.00002	40	4.0
Streptococcus suis	1307	S	226	241	467	0.00003	0.00002	0.00000	0.00001	42	4.0
Streptococcus agalactiae	1311	S	134	316	450	0.00003	0.00002	0.00000	0.00002	37	5.0
Streptococcus pneumoniae	1313	S	119	138	257	0.00002	0.00001	0.00000	0.00001	42	4.0
Facklamia hominis	178214	S	142	143	285	0.00002	0.00001	0.00000	0.00001	40	4.0
Clostridium sp. AWRP	2212991	S	66593	68915	135508	0.00922	0.00469	0.00544	0.00529	31	nan
Clostridium sp. K25	1443109	S	5499	11272	16771	0.00114	0.00077	0.00105	0.00101	28	nan
Clostridium sp. MB40-C1	3070996	S	103	103	206	0.00001	0.00001	0.00001	0.00001	29	nan
Clostridium butyricum	1492	S	72788	133425	206213	0.01403	0.00908	0.01143	0.01145	29	nan
Clostridium scatologenes	1548	S	64239	75119	139358	0.00948	0.00511	0.00626	0.00619	29	nan
Clostridium botulinum	1491	S	56432	67407	123839	0.00843	0.00459	0.00595	0.00595	28	nan
Clostridium bornimense	1216932	S	9994	10055	20049	0.00136	0.00068	0.00090	0.00083	29	nan
Clostridium novyi	1542	S	8535	45784	54319	0.00370	0.00312	0.00400	0.00400	28	nan
Clostridium felsineum	36839	S	984	987	1971	0.00013	0.00007	0.00000	0.00008	30	4.0
Clostridium perfringens	1502	S	253	448	701	0.00005	0.00003	0.00004	0.00004	29	nan
Clostridium tetani	1513	S	168	169	337	0.00002	0.00001	0.00001	0.00001	28	nan
Clostridium estertheticum	238834	S	159	160	319	0.00002	0.00001	0.00000	0.00001	30	4.0
Clostridium fermenticellae	2068654	S	156	156	312	0.00002	0.00001	0.00000	0.00001	31	4.0
Clostridium kluyveri	1534	S	141	172	313	0.00002	0.00001	0.00000	0.00001	32	4.0
Clostridium sporogenes	1509	S	132	518	650	0.00004	0.00004	0.00004	0.00005	28	nan
Clostridium beijerinckii	1520	S	132	210	342	0.00002	0.00001	0.00000	0.00002	29	5.0
Clostridium baratii	1561	S	122	122	244	0.00002	0.00001	0.00001	0.00001	28	nan
Clostridium pasteurianum	1501	S	101	101	202	0.00001	0.00001	0.00000	0.00001	31	4.0
Candidatus Arthromitus sp. SFB-mouse	49118	S	21311	52078	73389	0.00499	0.00354	0.00471	0.00457	28	nan
Candidatus Arthromitus sp. SFB-rat-Yit	1041504	S	110	110	220	0.00001	0.00001	0.00000	0.00001	27	5.0
Oceanirhabdus sp. W0125-5	2999116	S	31561	31579	63140	0.00430	0.00215	0.00260	0.00253	29	nan
Caloramator sp. E03	2576307	S	11915	11920	23835	0.00162	0.00081	0.00094	0.00091	31	nan
Caloramator sp. mosi_1	3023090	S	8496	8592	17088	0.00116	0.00058	0.00069	0.00066	31	nan
Sarcina sp. JB2	2726954	S	17757	17810	35567	0.00242	0.00121	0.00175	0.00165	26	nan
Coprococcus comes	410072	S	68277	78720	146997	0.01000	0.00536	0.00467	0.00461	44	nan
Coprococcus catus	116085	S	181	182	363	0.00002	0.00001	0.00000	0.00001	45	4.0
Anaerocolumna sp. MB42-C2	3070997	S	40038	40133	80171	0.00546	0.00273	0.00268	0.00262	37	nan
Anaerocolumna chitinilytica	1727145	S	6082	6087	12169	0.00083	0.00041	0.00040	0.00038	40	nan
Chakrabartyella piscis	2918914	S	29361	29371	58732	0.00400	0.00200	0.00189	0.00182	39	nan
Roseburia intestinalis	166486	S	16044	17201	33245	0.00226	0.00117	0.00101	0.00100	43	nan
Roseburia rectibacter	2763062	S	1155	1224	2379	0.00016	0.00008	0.00000	0.00007	43	5.0
Roseburia hominis	301301	S	236	238	474	0.00003	0.00002	0.00000	0.00001	51	4.0
Butyrivibrio fibrisolvens	831	S	11689	11827	23516	0.00160	0.00080	0.00073	0.00072	41	nan
Butyrivibrio hungatei	185008	S	1703	1762	3465	0.00024	0.00012	0.00000	0.00011	41	4.0
Butyrivibrio proteoclasticus	43305	S	1247	1287	2534	0.00017	0.00009	0.00000	0.00008	41	4.0
Blautia producta	33035	S	868	1014	1882	0.00013	0.00007	0.00000	0.00006	47	5.0
Blautia obeum	40520	S	404	551	955	0.00006	0.00004	0.00000	0.00003	43	5.0
Blautia wexlerae	418240	S	287	438	725	0.00005	0.00003	0.00000	0.00003	44	5.0
Blautia hansenii	1322	S	179	208	387	0.00003	0.00001	0.00000	0.00001	39	4.0
Dorea longicatena	88431	S	1386	1434	2820	0.00019	0.00010	0.00009	0.00008	43	nan
Dorea formicigenerans	39486	S	283	300	583	0.00004	0.00002	0.00000	0.00002	42	4.0
[Ruminococcus] torques	33039	S	295	302	597	0.00004	0.00002	0.00000	0.00002	42	4.0
[Ruminococcus] lactaris	46228	S	238	243	481	0.00003	0.00002	0.00000	0.00001	44	4.0
[Ruminococcus] gnavus	33038	S	237	309	546	0.00004	0.00002	0.00000	0.00002	44	5.0
[Clostridium] scindens	29347	S	642	648	1290	0.00009	0.00004	0.00000	0.00004	49	5.0
Agathobacter rectalis	39491	S	462	467	929	0.00006	0.00003	0.00000	0.00003	43	5.0
Pseudobutyrivibrio xylanivorans	185007	S	327	327	654	0.00004	0.00002	0.00000	0.00002	41	4.0
Anaerostipes hadrus	649756	S	283	284	567	0.00004	0.00002	0.00000	0.00002	38	4.0
Simiaoa sunii	2763672	S	195	196	391	0.00003	0.00001	0.00000	0.00001	48	4.0
Lachnospira eligens	39485	S	178	178	356	0.00002	0.00001	0.00000	0.00001	38	3.0
Lachnoanaerobaculum gingivalis	2490855	S	115	124	239	0.00002	0.00001	0.00000	0.00001	38	4.0
Anaerobutyricum hallii	39488	S	168	169	337	0.00002	0.00001	0.00000	0.00001	39	5.0
Desulfosporosinus youngiae	339862	S	109178	109350	218528	0.01487	0.00744	0.00652	0.00624	45	nan
Desulfitobacterium dichloroeliminans	233055	S	9093	9141	18234	0.00124	0.00062	0.00054	0.00052	45	nan
Proteiniborus sp. MB09-C3	3050072	S	22182	22194	44376	0.00302	0.00151	0.00162	0.00158	32	nan
Fenollaria sporofastidiosus	2811778	S	103	111	214	0.00001	0.00001	0.00000	0.00001	37	4.0
Vallitalea guaymasensis	1185412	S	11236	11237	22473	0.00153	0.00076	0.00089	0.00086	32	nan
Ruminiclostridium cellulolyticum	1521	S	3726	3761	7487	0.00051	0.00026	0.00025	0.00024	38	nan
Ruminococcus albus	1264	S	858	869	1727	0.00012	0.00006	0.00000	0.00005	47	4.0
Ruminococcus bicirculans (ex Wegman et al. 2014)	1160721	S	353	393	746	0.00005	0.00003	0.00000	0.00002	45	4.0
Ruminococcus champanellensis	1161942	S	177	200	377	0.00003	0.00001	0.00000	0.00001	56	4.0
Faecalibacterium prausnitzii	853	S	890	1090	1980	0.00013	0.00007	0.00000	0.00006	60	4.0
Faecalibacterium sp. IP-3-29	2929489	S	100	155	255	0.00002	0.00001	0.00000	0.00001	61	4.0
Clostridioides difficile	1496	S	306	328	634	0.00004	0.00002	0.00000	0.00003	29	4.0
Thermoanaerobacter mathranii	583357	S	13481	18677	32158	0.00219	0.00127	0.00133	0.00129	34	nan
Thermoanaerobacter sp. RKWS2	2983842	S	11426	20777	32203	0.00219	0.00141	0.00146	0.00142	34	nan
Thermoanaerobacter pseudethanolicus	496866	S	169	24204	24373	0.00166	0.00165	0.00171	0.00166	34	nan
Caldicellulosiruptor acetigenus	301953	S	14214	14426	28640	0.00195	0.00098	0.00098	0.00094	36	nan
Anaerococcus vaginalis	33037	S	47179	54414	101593	0.00691	0.00370	0.00473	0.00454	30	nan
Anaerococcus sp. Marseille-Q7828	3036300	S	381	386	767	0.00005	0.00003	0.00000	0.00003	34	4.0
Anaerococcus mediterraneensis	1870984	S	237	245	482	0.00003	0.00002	0.00000	0.00002	36	4.0
Anaerococcus prevotii	33034	S	101	103	204	0.00001	0.00001	0.00000	0.00001	36	3.0
Helcococcus kunzii	40091	S	18724	18836	37560	0.00256	0.00128	0.00159	0.00154	29	nan
Peptoniphilus asaccharolyticus	1258	S	6675	6675	13350	0.00091	0.00045	0.00000	0.00062	25	5.0
Peptoniphilus equinus	3016343	S	1201	1211	2412	0.00016	0.00008	0.00000	0.00007	49	4.0
Peptoniphilus sp. SAHP1	2948573	S	1165	1375	2540	0.00017	0.00009	0.00000	0.00009	35	5.0
Peptoniphilus harei	54005	S	521	590	1111	0.00008	0.00004	0.00000	0.00004	36	5.0
Miniphocaeibacter halophilus	2931922	S	6651	6653	13304	0.00091	0.00045	0.00058	0.00056	30	nan
Finegoldia magna	1260	S	3100	3183	6283	0.00043	0.00022	0.00024	0.00023	32	nan
Parvimonas micra	33033	S	226	228	454	0.00003	0.00002	0.00000	0.00002	29	4.0
Tissierella sp. Yu-01	3035694	S	46845	46926	93771	0.00638	0.00319	0.00354	0.00344	32	nan
Ezakiella coagulans	46507	S	391	417	808	0.00005	0.00003	0.00000	0.00003	36	4.0
Ezakiella massiliensis	1852374	S	114	121	235	0.00002	0.00001	0.00000	0.00001	35	4.0
Veillonella atypica	39777	S	7461	7557	15018	0.00102	0.00051	0.00048	0.00047	40	nan
Veillonella rogosae	423477	S	201	208	409	0.00003	0.00001	0.00000	0.00001	41	5.0
Veillonella parvula	29466	S	193	195	388	0.00003	0.00001	0.00000	0.00001	40	4.0
Veillonella sp. S12025-13	2682455	S	113	134	247	0.00002	0.00001	0.00000	0.00001	40	4.0
Thomasclavelia ramosa	1547	S	187	201	388	0.00003	0.00001	0.00000	0.00002	31	4.0
Mesoplasma coleopterae	324078	S	90597	100825	191422	0.01303	0.00686	0.00954	0.00921	26	nan
Mesoplasma florum	2151	S	24759	25479	50238	0.00342	0.00173	0.00246	0.00236	26	nan
Spiroplasma corruscae	216934	S	30335	30483	60818	0.00414	0.00207	0.00329	0.00312	25	nan
Spiroplasma chrysopicola	216933	S	17044	17157	34201	0.00233	0.00117	0.00154	0.00145	30	nan
Spiroplasma monobiae	2136	S	9748	9799	19547	0.00133	0.00067	0.00091	0.00087	27	nan
Spiroplasma eriocheiris	315358	S	6588	6662	13250	0.00090	0.00045	0.00056	0.00054	30	nan
Mycoplasma phocoenae	754517	S	39639	39657	79296	0.00540	0.00270	0.00351	0.00340	28	nan
Mycoplasma sp. OR1901	2742195	S	29042	29106	58148	0.00396	0.00198	0.00290	0.00278	24	nan
Mycoplasma sp. 97/66	2963127	S	3115	5024	8139	0.00055	0.00034	0.00044	0.00043	28	nan
Mycoplasma sp. Pen4	640330	S	2127	2130	4257	0.00029	0.00015	0.00019	0.00018	26	nan
Mycoplasma nasistruthionis	353852	S	14068	14091	28159	0.00192	0.00096	0.00121	0.00118	28	nan
Candidatus Mycoplasma mahonii	3004105	S	9388	9388	18776	0.00128	0.00064	0.00077	0.00075	30	nan
Mycoplasma crocodyli	50052	S	5606	5611	11217	0.00076	0.00038	0.00055	0.00052	27	nan
Mycoplasma bradburyae	2963128	S	3843	6147	9990	0.00068	0.00042	0.00055	0.00053	28	nan
Mycoplasma anserisalpingitidis	519450	S	153	153	306	0.00002	0.00001	0.00000	0.00001	25	4.0
Candidatus Phytoplasma solani	69896	S	9423	9448	18871	0.00128	0.00064	0.00085	0.00083	28	nan
Candidatus Phytoplasma australiense	59748	S	160	160	320	0.00002	0.00001	0.00000	0.00001	29	3.0
Paulownia witches'-broom phytoplasma	39647	S	1221	1583	2804	0.00019	0.00011	0.00014	0.00015	27	nan
Aster yellows witches'-broom phytoplasma	229545	S	116	118	234	0.00002	0.00001	0.00000	0.00001	26	4.0
Candidatus Phytoplasma rubi	399025	S	449	470	919	0.00006	0.00003	0.00000	0.00006	25	4.0
Candidatus Phytoplasma ziziphi	135727	S	117	130	247	0.00002	0.00001	0.00000	0.00002	25	4.0
Mycoplasmopsis edwardii	53558	S	39445	39765	79210	0.00539	0.00271	0.00374	0.00353	27	nan
Mycoplasmopsis glycophila	171285	S	22536	22718	45254	0.00308	0.00155	0.00202	0.00193	27	nan
Mycoplasmopsis canis	29555	S	13027	13389	26416	0.00180	0.00091	0.00128	0.00123	28	nan
Mycoplasmopsis pulmonis	2107	S	6231	6231	12462	0.00085	0.00042	0.00062	0.00059	26	nan
Mycoplasmopsis anatis	171279	S	5294	5333	10627	0.00072	0.00036	0.00055	0.00050	25	nan
Metamycoplasma orale	2121	S	25269	25310	50579	0.00344	0.00172	0.00263	0.00258	25	nan
Metamycoplasma hominis	2098	S	6830	6859	13689	0.00093	0.00047	0.00069	0.00063	26	nan
Mesomycoplasma flocculare	2128	S	13739	14083	27822	0.00189	0.00096	0.00124	0.00119	29	nan
Ureaplasma diversum	42094	S	49541	49588	99129	0.00675	0.00337	0.00450	0.00430	26	nan
Ureaplasma urealyticum	2130	S	15503	16094	31597	0.00215	0.00110	0.00170	0.00160	24	nan
Ureaplasma parvum	134821	S	214	227	441	0.00003	0.00002	0.00000	0.00002	24	4.0
Cylindrospermopsis raciborskii	77022	S	52951	57922	110873	0.00755	0.00394	0.00359	0.00347	40	nan
Sphaerospermopsis torques-reginae	984207	S	28764	28779	57543	0.00392	0.00196	0.00189	0.00183	35	nan
Rivularia sp. PCC 7116	373994	S	38542	38543	77085	0.00525	0.00262	0.00251	0.00245	39	nan
Geminocystis sp. NIES-3708	1615909	S	50415	50422	100837	0.00686	0.00343	0.00383	0.00373	34	nan
Candidatus Atelocyanobacterium thalassa	713887	S	48001	48006	96007	0.00653	0.00327	0.00378	0.00371	33	nan
Synechococcus sp. A15-127	1050624	S	65739	66639	132378	0.00901	0.00454	0.00399	0.00379	64	nan
Prochlorococcus marinus	1219	S	14596	14604	29200	0.00199	0.00099	0.00095	0.00092	39	nan
Cyanobium sp. NIES-981	1851505	S	8213	8227	16440	0.00112	0.00056	0.00060	0.00056	71	nan
Deinococcus actinosclerus	1768108	S	23734	23827	47561	0.00324	0.00162	0.00182	0.00175	72	nan
Deinococcus metallilatus	1211322	S	8610	8617	17227	0.00117	0.00059	0.00060	0.00058	70	nan
Meiothermus taiwanensis	172827	S	14565	14800	29365	0.00200	0.00101	0.00090	0.00087	66	nan
Pseudomonas putida	303	S	213385	344472	557857	0.03797	0.02344	0.02008	0.01930	63	nan
Pseudomonas oryzihabitans	47885	S	43046	45747	88793	0.00604	0.00311	0.00291	0.00277	66	nan
Pseudomonas monteilii	76759	S	401	1616	2017	0.00014	0.00011	0.00010	0.00009	63	nan
Pseudomonas sp. 273	75692	S	31323	33344	64667	0.00440	0.00227	0.00000	0.00215	68	5.0
Pseudomonas sp. TUM22785	3019098	S	10069	11520	21589	0.00147	0.00078	0.00000	0.00070	68	5.0
Pseudomonas sp. bs2935	1761895	S	2474	129733	132207	0.00900	0.00883	0.00763	0.00713	61	nan
Pseudomonas sp. St290	1602166	S	1968	4550	6518	0.00044	0.00031	0.00026	0.00025	62	nan
Pseudomonas sp. 2,4-D	3058433	S	650	1128	1778	0.00012	0.00008	0.00000	0.00007	66	4.0
Pseudomonas sp. SWI36	2083052	S	328	644	972	0.00007	0.00004	0.00004	0.00004	63	nan
Pseudomonas sp. JBR1	3020907	S	274	314	588	0.00004	0.00002	0.00000	0.00002	66	4.0
Pseudomonas sp. B21-015	2895473	S	222	242	464	0.00003	0.00002	0.00000	0.00001	61	5.0
Pseudomonas sp. LS.1a	2920387	S	215	236	451	0.00003	0.00002	0.00000	0.00001	64	5.0
Pseudomonas sp. Leaf58	1736226	S	175	179	354	0.00002	0.00001	0.00001	0.00001	62	nan
Pseudomonas sp. A2	107445	S	140	233	373	0.00003	0.00002	0.00000	0.00001	63	5.0
Pseudomonas sp. Marseille-Q3773	2866592	S	133	142	275	0.00002	0.00001	0.00000	0.00001	64	4.0
Pseudomonas sp. N3-W	2975049	S	124	127	251	0.00002	0.00001	0.00000	0.00001	61	5.0
Pseudomonas sp. SK	2729423	S	124	155	279	0.00002	0.00001	0.00000	0.00001	64	5.0
Pseudomonas sp. 7SR1	1881017	S	116	118	234	0.00002	0.00001	0.00001	0.00001	63	nan
Pseudomonas sp. B21-047	2895489	S	110	165	275	0.00002	0.00001	0.00000	0.00001	63	5.0
Pseudomonas sp. Cab53	2678258	S	108	113	221	0.00002	0.00001	0.00000	0.00001	63	5.0
Pseudomonas sp. ADAK18	2730848	S	104	106	210	0.00001	0.00001	0.00000	0.00001	60	5.0
Pseudomonas sp. Tri1	2823875	S	102	108	210	0.00001	0.00001	0.00001	0.00001	62	nan
Pseudomonas hydrolytica	2493633	S	59536	70250	129786	0.00883	0.00478	0.00450	0.00413	66	nan
Pseudomonas rhizosphaerae	216142	S	51145	51794	102939	0.00701	0.00353	0.00301	0.00292	63	nan
Pseudomonas cavernae	2320867	S	46635	46982	93617	0.00637	0.00320	0.00289	0.00280	65	nan
Pseudomonas rhizophila	2045200	S	35095	104991	140086	0.00953	0.00715	0.00606	0.00584	62	nan
Pseudomonas fluorescens	294	S	19389	21972	41361	0.00282	0.00150	0.00126	0.00121	62	nan
Pseudomonas synxantha	47883	S	107	120	227	0.00002	0.00001	0.00001	0.00001	61	nan
Pseudomonas orientalis	76758	S	103	107	210	0.00001	0.00001	0.00001	0.00001	62	nan
Pseudomonas frederiksbergensis	104087	S	3963	4298	8261	0.00056	0.00029	0.00000	0.00023	61	5.0
Pseudomonas psychrotolerans	237610	S	2953	3043	5996	0.00041	0.00021	0.00000	0.00018	66	5.0
Pseudomonas aeruginosa	287	S	757	1898	2655	0.00018	0.00013	0.00000	0.00011	65	5.0
Pseudomonas chlororaphis	587753	S	447	636	1083	0.00007	0.00004	0.00000	0.00004	64	5.0
Pseudomonas protegens	380021	S	145	184	329	0.00002	0.00001	0.00000	0.00001	64	5.0
Pseudomonas asiatica	2219225	S	573	1531	2104	0.00014	0.00010	0.00009	0.00009	63	nan
Pseudomonas syringae	317	S	153	308	461	0.00003	0.00002	0.00000	0.00002	60	5.0
Pseudomonas alkylphenolica	237609	S	195	198	393	0.00003	0.00001	0.00001	0.00001	63	nan
Pseudomonas brassicacearum	930166	S	192	300	492	0.00003	0.00002	0.00002	0.00002	62	nan
Pseudomonas promysalinigenes	485898	S	131	132	263	0.00002	0.00001	0.00001	0.00001	62	nan
Pseudomonas arsenicoxydans	702115	S	130	135	265	0.00002	0.00001	0.00000	0.00001	60	5.0
Pseudomonas entomophila	312306	S	122	125	247	0.00002	0.00001	0.00000	0.00001	65	4.0
Pseudomonas viciae	2505979	S	113	118	231	0.00002	0.00001	0.00001	0.00001	62	nan
Pseudomonas hormoni	3093767	S	108	112	220	0.00001	0.00001	0.00000	0.00001	61	5.0
Blochmannia endosymbiont of Camponotus sp. C-003	2945588	S	29132	114334	143466	0.00976	0.00778	0.00960	0.00948	31	nan
Blochmannia endosymbiont of Camponotus sp.	700220	S	285	286	571	0.00004	0.00002	0.00003	0.00002	32	nan
Blochmannia endosymbiont of Camponotus nipponensis	2681986	S	128	128	256	0.00002	0.00001	0.00000	0.00001	32	5.0
Blochmannia endosymbiont of Camponotus modoc	2945587	S	120	123	243	0.00002	0.00001	0.00001	0.00001	31	nan
Candidatus Blochmannia vafer	251535	S	45923	45938	91861	0.00625	0.00313	0.00420	0.00418	29	nan
Candidatus Gullanella endobia	1070130	S	57357	57367	114724	0.00781	0.00390	0.00525	0.00511	20	nan
secondary endosymbiont of Heteropsylla cubana	134287	S	5569	5569	11138	0.00076	0.00038	0.00048	0.00049	21	nan
Leclercia sp. G3L	2898725	S	26470	48501	74971	0.00510	0.00330	0.00276	0.00265	58	nan
Leclercia adecarboxylata	83655	S	112	125	237	0.00002	0.00001	0.00001	0.00001	58	nan
Klebsiella pneumoniae	573	S	1129	8218	9347	0.00064	0.00056	0.00047	0.00045	60	nan
Klebsiella sp. KP20-425-1	2986524	S	287	24673	24960	0.00170	0.00168	0.00141	0.00136	60	nan
Klebsiella variicola	244366	S	193	515	708	0.00005	0.00004	0.00003	0.00003	60	nan
Klebsiella quasipneumoniae	1463165	S	180	338	518	0.00004	0.00002	0.00002	0.00002	60	nan
Enterobacter cancerogenus	69218	S	25547	26106	51653	0.00352	0.00178	0.00146	0.00141	58	nan
Enterobacter hormaechei	158836	S	162	504	666	0.00005	0.00003	0.00000	0.00003	58	4.0
Kosakonia cowanii	208223	S	17605	18278	35883	0.00244	0.00124	0.00103	0.00099	58	nan
Citrobacter freundii	546	S	541	632	1173	0.00008	0.00004	0.00000	0.00003	54	4.0
Escherichia coli	562	S	248	1729	1977	0.00013	0.00012	0.00000	0.00009	54	5.0
Erwinia persicina	55211	S	141464	142261	283725	0.01931	0.00968	0.00798	0.00767	57	nan
Pantoea agglomerans	549	S	184	200	384	0.00003	0.00001	0.00000	0.00001	57	4.0
Sodalis praecaptivus	1239307	S	137423	139085	276508	0.01882	0.00947	0.00795	0.00766	59	nan
Candidatus Arsenophonus lipoptenae	634113	S	28468	28478	56946	0.00388	0.00194	0.00258	0.00306	27	nan
Providencia rettgeri	587	S	112	19118	19230	0.00131	0.00130	0.00121	0.00116	42	nan
Proteus hauseri	183417	S	13321	13808	27129	0.00185	0.00094	0.00092	0.00089	39	nan
Proteus vulgaris	585	S	177	341	518	0.00004	0.00002	0.00000	0.00002	40	3.0
Proteus mirabilis	584	S	151	214	365	0.00002	0.00001	0.00000	0.00001	41	3.0
Lysobacter terrestris	2865112	S	105874	106123	211997	0.01443	0.00722	0.00715	0.00696	69	nan
Lysobacter capsici	435897	S	15491	15685	31176	0.00212	0.00107	0.00100	0.00098	68	nan
Stenotrophomonas sp. BIO128-Bstrain	3027225	S	66950	78559	145509	0.00990	0.00535	0.00497	0.00488	68	nan
Stenotrophomonas sp. DFS-20110405	2871169	S	8648	16764	25412	0.00173	0.00114	0.00113	0.00104	67	nan
Stenotrophomonas pavanii	487698	S	11959	13400	25359	0.00173	0.00091	0.00087	0.00084	68	nan
Stenotrophomonas maltophilia	40324	S	1001	1411	2412	0.00016	0.00010	0.00000	0.00009	67	5.0
Xanthomonas hydrangeae	2775159	S	46361	48686	95047	0.00647	0.00331	0.00295	0.00285	65	nan
Xanthomonas campestris	339	S	17889	18695	36584	0.00249	0.00127	0.00115	0.00112	66	nan
Pseudoxanthomonas spadix	415229	S	25592	25761	51353	0.00350	0.00175	0.00173	0.00166	69	nan
Thermomonas brevis	215691	S	18844	18971	37815	0.00257	0.00129	0.00134	0.00128	70	nan
Tahibacter amnicola	2976241	S	88783	88796	177579	0.01209	0.00604	0.00547	0.00529	65	nan
Pseudoalteromonas sp. HL-AS2	3071082	S	16055	35330	51385	0.00350	0.00240	0.00215	0.00211	42	nan
Pseudoalteromonas sp. SM9913	234831	S	6940	20763	27703	0.00189	0.00141	0.00126	0.00123	41	nan
Pseudoalteromonas sp. JC3	2810196	S	6660	26543	33203	0.00226	0.00181	0.00169	0.00156	43	nan
Alteromonas sp. CI.11.F.A3	3079555	S	67568	68924	136492	0.00929	0.00469	0.00411	0.00392	45	nan
Psychromonas sp. CNPT3	314282	S	24227	24304	48531	0.00330	0.00165	0.00156	0.00151	40	nan
Acinetobacter bereziniae	106648	S	45143	62215	107358	0.00731	0.00423	0.00409	0.00389	39	nan
Acinetobacter sp. WCHA55	2004646	S	32537	38609	71146	0.00484	0.00263	0.00239	0.00232	41	nan
Acinetobacter sp. SWBY1	2079596	S	7056	14474	21530	0.00147	0.00099	0.00097	0.00088	42	nan
Acinetobacter sp. Tol 5	710648	S	2544	6643	9187	0.00063	0.00045	0.00042	0.00041	39	nan
Acinetobacter sp. NyZ410	2929509	S	208	323	531	0.00004	0.00002	0.00002	0.00002	40	nan
Acinetobacter baumannii	470	S	2813	10152	12965	0.00088	0.00069	0.00065	0.00063	41	nan
Acinetobacter pittii	48296	S	114	316	430	0.00003	0.00002	0.00002	0.00002	40	nan
Acinetobacter guillouiae	106649	S	197	254	451	0.00003	0.00002	0.00002	0.00002	40	nan
Acinetobacter wuhouensis	1879050	S	178	191	369	0.00003	0.00001	0.00000	0.00001	40	5.0
Acinetobacter johnsonii	40214	S	119	187	306	0.00002	0.00001	0.00000	0.00001	42	5.0
Psychrobacter sp. P2G3	1699622	S	6030	7249	13279	0.00090	0.00049	0.00045	0.00043	43	nan
Bibersteinia trehalosi	47735	S	22965	33876	56841	0.00387	0.00231	0.00000	0.00204	42	4.0
Bisgaardia hudsonensis	109472	S	21272	21281	42553	0.00290	0.00145	0.00155	0.00150	34	nan
Francisella hispaniensis	622488	S	40586	41038	81624	0.00556	0.00279	0.00313	0.00303	32	nan
Vibrio sp. SS-MA-C1-2	2908646	S	40577	40705	81282	0.00553	0.00277	0.00264	0.00253	40	nan
Rickettsiella endosymbiont of Dermanyssus gallinae	2856608	S	21227	21248	42475	0.00289	0.00145	0.00133	0.00130	41	nan
Halioglobus maricola	2601894	S	14413	14417	28830	0.00196	0.00098	0.00078	0.00077	58	nan
Methylomonas sp. DH-1	1727196	S	4270	5550	9820	0.00067	0.00038	0.00031	0.00030	58	nan
Immundisolibacter cernigliae	1810504	S	120	120	240	0.00002	0.00001	0.00000	0.00001	69	4.0
Ancylobacter polymorphus	223390	S	215527	221430	436957	0.02974	0.01507	0.01420	0.01397	67	nan
Pseudolabrys taiwanensis	331696	S	10819	10849	21668	0.00147	0.00074	0.00065	0.00064	65	nan
Allorhizobium ampelinum	3025782	S	91921	95571	187492	0.01276	0.00650	0.00527	0.00511	59	nan
Rhizobium etli	29449	S	42010	47872	89882	0.00612	0.00326	0.00276	0.00265	62	nan
Rhizobium sp. NLR16a	2731112	S	37762	39303	77065	0.00525	0.00267	0.00225	0.00217	62	nan
Sinorhizobium fredii	380	S	9991	10168	20159	0.00137	0.00069	0.00060	0.00057	63	nan
Rhodopseudomonas sp. BAL398	3034676	S	30270	30605	60875	0.00414	0.00208	0.00184	0.00180	65	nan
Bosea sp. REN20	3068632	S	57546	57836	115382	0.00785	0.00394	0.00364	0.00354	67	nan
Mesorhizobium sp. M7D.F.Ca.US.005.01.1.1	2493678	S	20890	22011	42901	0.00292	0.00150	0.00128	0.00124	63	nan
Mesorhizobium sp. 113-3-9	2744517	S	2137	2466	4603	0.00031	0.00017	0.00014	0.00014	64	nan
Mesorhizobium huakuii	28104	S	22068	23982	46050	0.00313	0.00163	0.00140	0.00135	63	nan
Aureimonas sp. OT7	2816454	S	14040	15537	29577	0.00201	0.00106	0.00096	0.00093	65	nan
Aureimonas sp. AU20	1349819	S	174	179	353	0.00002	0.00001	0.00000	0.00001	67	4.0
Aureimonas sp. SA4125	2826993	S	100	100	200	0.00001	0.00001	0.00000	0.00001	66	4.0
Aureimonas altamirensis	370622	S	12179	12912	25091	0.00171	0.00088	0.00000	0.00076	65	5.0
Aureimonas populi	1701758	S	224	226	450	0.00003	0.00002	0.00000	0.00001	68	5.0
Aureimonas mangrovi	2758041	S	182	184	366	0.00002	0.00001	0.00000	0.00001	67	5.0
Hyphomicrobium sp. DMF-1	3019544	S	24940	24956	49896	0.00340	0.00170	0.00149	0.00144	64	nan
Methylorubrum populi	223967	S	20322	20981	41303	0.00281	0.00143	0.00141	0.00145	70	nan
Methylorubrum extorquens	408	S	135	146	281	0.00002	0.00001	0.00000	0.00001	69	5.0
Methylocystis sp. SB2	743836	S	12201	12728	24929	0.00170	0.00087	0.00075	0.00073	64	nan
Kaustia mangrovi	2593653	S	11301	11314	22615	0.00154	0.00077	0.00074	0.00072	68	nan
Devosia sp. A16	1736675	S	4378	4561	8939	0.00061	0.00031	0.00028	0.00027	66	nan
Devosia sp.	1871048	S	220	270	490	0.00003	0.00002	0.00000	0.00002	63	4.0
Devosia sp. SL43	2806348	S	169	213	382	0.00003	0.00001	0.00000	0.00001	63	4.0
Devosia sp. JXJ CY 41	2917991	S	147	187	334	0.00002	0.00001	0.00000	0.00001	63	4.0
Devosia sp. YIM 151766	3017325	S	110	129	239	0.00002	0.00001	0.00000	0.00001	63	4.0
Devosia salina	2860336	S	118	241	359	0.00002	0.00002	0.00000	0.00001	64	4.0
Devosia oryziradicis	2801335	S	114	131	245	0.00002	0.00001	0.00000	0.00001	64	4.0
Devosia ginsengisoli	400770	S	108	126	234	0.00002	0.00001	0.00000	0.00001	64	4.0
Devosia neptuniae	191302	S	105	115	220	0.00001	0.00001	0.00000	0.00001	62	4.0
Paradevosia shaoguanensis	1335043	S	266	285	551	0.00004	0.00002	0.00000	0.00002	64	4.0
Youhaiella tibetensis	1447062	S	259	279	538	0.00004	0.00002	0.00000	0.00002	65	4.0
Wolbachia endosymbiont (group A) of Trypoxylon clavicerum	2954064	S	29620	54398	84018	0.00572	0.00370	0.00376	0.00365	35	nan
Wolbachia endosymbiont (group A) of Epagoge grotiana	2954006	S	24646	128432	153078	0.01042	0.00874	0.00895	0.00869	34	nan
Wolbachia endosymbiont of Dipetalonema caudispina	1812112	S	16236	16244	32480	0.00221	0.00111	0.00146	0.00142	29	nan
Wolbachia endosymbiont (group B) of Agriphila straminella	2953972	S	1903	28111	30014	0.00204	0.00191	0.00196	0.00190	34	nan
Wolbachia endosymbiont of Culex quinquefasciatus	263437	S	1591	8897	10488	0.00071	0.00061	0.00062	0.00060	34	nan
Wolbachia endosymbiont (group A) of Sympetrum striolatum	2954061	S	1347	3440	4787	0.00033	0.00023	0.00024	0.00023	35	nan
Wolbachia endosymbiont (group B) of Colias croceus	2953998	S	1040	23262	24302	0.00165	0.00158	0.00162	0.00158	34	nan
Wolbachia endosymbiont (group B) of Polyommatus icarus	2954049	S	936	16224	17160	0.00117	0.00110	0.00113	0.00110	34	nan
Wolbachia endosymbiont (group B) of Eucosma cana	2954012	S	925	2196	3121	0.00021	0.00015	0.00016	0.00015	34	nan
Wolbachia endosymbiont of Oedothorax gibbosus	931100	S	318	353	671	0.00005	0.00002	0.00002	0.00002	34	nan
Wolbachia endosymbiont of Trichogramma pretiosum	125593	S	217	229	446	0.00003	0.00002	0.00002	0.00002	33	nan
Wolbachia endosymbiont of Diaphorina citri	116598	S	152	227	379	0.00003	0.00002	0.00002	0.00002	34	nan
Wolbachia endosymbiont of Anopheles demeilloni	2748871	S	150	186	336	0.00002	0.00001	0.00001	0.00001	33	nan
Wolbachia endosymbiont of Cimex lectularius	246273	S	136	136	272	0.00002	0.00001	0.00000	0.00001	37	4.0
Wolbachia endosymbiont of Ctenocephalides felis wCfeJ	2732594	S	125	125	250	0.00002	0.00001	0.00000	0.00001	35	5.0
Wolbachia endosymbiont of Folsomia candida	169402	S	120	120	240	0.00002	0.00001	0.00000	0.00001	34	5.0
Wolbachia endosymbiont (group A) of Anomoia purmunda	2953978	S	113	149	262	0.00002	0.00001	0.00001	0.00001	34	nan
Wolbachia endosymbiont (group A) of Volucella inflata	2954065	S	108	202	310	0.00002	0.00001	0.00001	0.00001	35	nan
Wolbachia pipientis	955	S	288	724	1012	0.00007	0.00005	0.00005	0.00005	34	nan
Candidatus Wolbachia massiliensis	1845000	S	104	105	209	0.00001	0.00001	0.00000	0.00001	35	5.0
Neoehrlichia mikurensis	89586	S	14717	14719	29436	0.00200	0.00100	0.00139	0.00138	27	nan
Rickettsia asembonensis	1068590	S	46239	49015	95254	0.00648	0.00334	0.00373	0.00364	32	nan
Rickettsia philipii	1105106	S	19343	51643	70986	0.00483	0.00351	0.00386	0.00379	32	nan
Rickettsia conorii	781	S	120	194	314	0.00002	0.00001	0.00001	0.00001	32	nan
Sphingobium amiense	135719	S	41191	50953	92144	0.00627	0.00347	0.00309	0.00301	64	nan
Sphingobium sp. CFD-1	2878545	S	2192	4563	6755	0.00046	0.00031	0.00029	0.00026	64	nan
Sphingobium sp. TKS	1315974	S	849	999	1848	0.00013	0.00007	0.00006	0.00006	64	nan
Sphingobium sp. V4	3038927	S	543	556	1099	0.00007	0.00004	0.00000	0.00003	64	5.0
Sphingobium sp. JS3065	2970925	S	522	686	1208	0.00008	0.00005	0.00000	0.00004	64	5.0
Sphingobium sp. EP60837	1855519	S	491	520	1011	0.00007	0.00004	0.00000	0.00003	62	4.0
Sphingobium sp. CAP-1	2676077	S	475	550	1025	0.00007	0.00004	0.00003	0.00003	64	nan
Sphingobium sp. Cam5-1	2789327	S	403	545	948	0.00006	0.00004	0.00000	0.00003	63	5.0
Sphingobium sp. YG1	2082188	S	391	445	836	0.00006	0.00003	0.00000	0.00003	63	5.0
Sphingobium sp. RAC03	1843368	S	390	412	802	0.00005	0.00003	0.00000	0.00002	63	4.0
Sphingobium sp. AntQ-1	2930091	S	386	419	805	0.00005	0.00003	0.00000	0.00002	64	5.0
Sphingobium sp. KCTC 72723	2733867	S	373	385	758	0.00005	0.00003	0.00000	0.00002	63	5.0
Sphingobium sp. MI1205	407020	S	299	411	710	0.00005	0.00003	0.00000	0.00002	64	5.0
Sphingobium sp. AP49	1144307	S	255	268	523	0.00004	0.00002	0.00002	0.00002	65	nan
Sphingobium sp. SYK-6	627192	S	197	208	405	0.00003	0.00001	0.00000	0.00001	67	5.0
Sphingobium sp. SCG-1	2072936	S	168	168	336	0.00002	0.00001	0.00000	0.00001	62	4.0
Sphingobium sp. WTD-1	2979467	S	146	199	345	0.00002	0.00001	0.00001	0.00001	65	nan
Sphingobium cloacae	120107	S	6330	7693	14023	0.00095	0.00052	0.00047	0.00045	65	nan
Sphingobium baderi	1332080	S	2201	4056	6257	0.00043	0.00028	0.00000	0.00023	63	5.0
Sphingobium indicum	332055	S	609	644	1253	0.00009	0.00004	0.00004	0.00004	66	nan
Sphingobium yanoikuyae	13690	S	590	835	1425	0.00010	0.00006	0.00005	0.00005	64	nan
Sphingobium xenophagum	121428	S	468	530	998	0.00007	0.00004	0.00003	0.00003	63	nan
Sphingobium chlorophenolicum	46429	S	413	441	854	0.00006	0.00003	0.00003	0.00003	65	nan
Sphingobium herbicidovorans	76947	S	293	317	610	0.00004	0.00002	0.00000	0.00002	63	5.0
Sphingobium phenoxybenzoativorans	1592790	S	262	273	535	0.00004	0.00002	0.00000	0.00002	63	5.0
Sphingomonas sp. SUN039	2937787	S	39567	39629	79196	0.00539	0.00270	0.00240	0.00233	65	nan
Sphingomonas sp. CL5.1	2653203	S	13956	14305	28261	0.00192	0.00097	0.00093	0.00091	67	nan
Sphingomonas sp. ZFBP2030	2972485	S	7992	8033	16025	0.00109	0.00055	0.00049	0.00048	66	nan
Sphingomonas sp. MM-1	745310	S	191	223	414	0.00003	0.00002	0.00000	0.00001	66	5.0
Sphingomonas sp. IC081	304378	S	104	147	251	0.00002	0.00001	0.00000	0.00001	66	5.0
Sphingomonas bisphenolicum	296544	S	137	148	285	0.00002	0.00001	0.00001	0.00001	64	nan
Sphingomonas koreensis	93064	S	106	119	225	0.00002	0.00001	0.00000	0.00001	67	5.0
Novosphingobium sp. KA1	164608	S	3795	5140	8935	0.00061	0.00035	0.00033	0.00031	66	nan
Novosphingobium sp. ES2-1	2780074	S	219	234	453	0.00003	0.00002	0.00000	0.00001	64	5.0
Sphingopyxis sp. 113P3	292913	S	222	240	462	0.00003	0.00002	0.00001	0.00001	65	nan
Sphingopyxis sp. DBS4	2968500	S	123	142	265	0.00002	0.00001	0.00000	0.00001	65	5.0
Sphingopyxis granuli	267128	S	362	467	829	0.00006	0.00003	0.00000	0.00003	67	5.0
Sphingopyxis macrogoltabida	33050	S	209	218	427	0.00003	0.00001	0.00000	0.00001	65	5.0
Porphyrobacter sp. HT-58-2	2023229	S	24941	25074	50015	0.00340	0.00171	0.00151	0.00147	65	nan
Caenibius tardaugens	169176	S	11375	11816	23191	0.00158	0.00080	0.00067	0.00066	61	nan
Croceicoccus naphthovorans	1348774	S	126	140	266	0.00002	0.00001	0.00000	0.00001	63	5.0
Roseobacter litoralis	42443	S	34111	34189	68300	0.00465	0.00233	0.00187	0.00182	58	nan
Pseudosulfitobacter pseudonitzschiae	1402135	S	32050	32800	64850	0.00441	0.00223	0.00190	0.00184	62	nan
Sulfitobacter mediterraneus	83219	S	20774	20878	41652	0.00283	0.00142	0.00115	0.00112	58	nan
Maribius sp. THAF1	2587842	S	10921	10927	21848	0.00149	0.00074	0.00065	0.00062	64	nan
Roseivivax sp. THAF30	2587852	S	3721	3940	7661	0.00052	0.00027	0.00023	0.00023	65	nan
Paracoccus marcusii	59779	S	50465	52982	103447	0.00704	0.00361	0.00344	0.00334	68	nan
Paracoccus mutanolyticus	1499308	S	4663	5839	10502	0.00071	0.00040	0.00039	0.00038	68	nan
Gemmobacter fulvus	2840474	S	9640	9683	19323	0.00132	0.00066	0.00058	0.00057	64	nan
Haematobacter massiliensis	195105	S	316	324	640	0.00004	0.00002	0.00000	0.00002	66	4.0
Brevundimonas fontaquae	2813778	S	92899	102476	195375	0.01330	0.00697	0.00646	0.00628	66	nan
Phenylobacterium sp. NIBR 498073	3015177	S	24297	24340	48637	0.00331	0.00166	0.00166	0.00162	69	nan
Phenylobacterium sp. LH3H17	2903901	S	10621	10633	21254	0.00145	0.00072	0.00072	0.00070	69	nan
Roseomonas gilardii	257708	S	27465	27573	55038	0.00375	0.00188	0.00200	0.00197	71	nan
Acetobacter vaccinii	2592655	S	8959	9025	17984	0.00122	0.00061	0.00051	0.00050	61	nan
Acidiphilium cryptum	524	S	3939	7096	11035	0.00075	0.00048	0.00046	0.00046	67	nan
Candidatus Endolissoclinum faulkneri	1263979	S	30423	30427	60850	0.00414	0.00207	0.00226	0.00221	41	nan
Candidatus Cytomitobacter indipagum	2601575	S	9819	9820	19639	0.00134	0.00067	0.00082	0.00080	31	nan
Candidatus Pelagibacter sp. HIMB1321	1388755	S	8048	8064	16112	0.00110	0.00055	0.00070	0.00068	31	nan
Burkholderia sp. MSMB0856	1637869	S	46503	51305	97808	0.00666	0.00349	0.00326	0.00322	67	nan
Burkholderia sp. MS389	2811789	S	14271	50982	65253	0.00444	0.00347	0.00333	0.00323	68	nan
Burkholderia sp. NRF60-BP8	1637853	S	3267	3533	6800	0.00046	0.00024	0.00024	0.00023	68	nan
Burkholderia sp. B21-007	2890407	S	1367	22497	23864	0.00162	0.00153	0.00144	0.00142	68	nan
Burkholderia cenocepacia	95486	S	382	721	1103	0.00008	0.00005	0.00005	0.00005	68	nan
Burkholderia cepacia	292	S	189	429	618	0.00004	0.00003	0.00003	0.00003	68	nan
Burkholderia contaminans	488447	S	162	169	331	0.00002	0.00001	0.00001	0.00001	67	nan
Burkholderia pyrrocinia	60550	S	147	157	304	0.00002	0.00001	0.00001	0.00001	68	nan
Burkholderia ambifaria	152480	S	134	23138	23272	0.00158	0.00157	0.00151	0.00146	68	nan
Burkholderia multivorans	87883	S	131	165	296	0.00002	0.00001	0.00001	0.00001	68	nan
Burkholderia anthina	179879	S	125	138	263	0.00002	0.00001	0.00001	0.00001	67	nan
Burkholderia ubonensis	101571	S	122	166	288	0.00002	0.00001	0.00001	0.00001	68	nan
Paraburkholderia phytofirmans	261302	S	70799	73204	144003	0.00980	0.00498	0.00427	0.00415	64	nan
Pandoraea sp. XJJ-1	3002643	S	14579	30721	45300	0.00308	0.00209	0.00184	0.00178	64	nan
Pandoraea norimbergensis	93219	S	7977	8000	15977	0.00109	0.00054	0.00047	0.00046	64	nan
Cupriavidus basilensis	68895	S	6003	6463	12466	0.00085	0.00044	0.00040	0.00039	66	nan
Cupriavidus necator	106590	S	696	928	1624	0.00011	0.00006	0.00000	0.00006	66	5.0
Cupriavidus sp. WKF15	3032282	S	139	144	283	0.00002	0.00001	0.00000	0.00001	66	5.0
Cupriavidus sp. BIC8F	3079014	S	118	157	275	0.00002	0.00001	0.00000	0.00001	66	5.0
Cupriavidus sp. P-10	2027911	S	112	130	242	0.00002	0.00001	0.00001	0.00001	65	nan
Cupriavidus taiwanensis	164546	S	355	458	813	0.00006	0.00003	0.00000	0.00003	68	5.0
Cupriavidus pauculus	82633	S	223	237	460	0.00003	0.00002	0.00001	0.00001	66	nan
Cupriavidus oxalaticus	96344	S	179	190	369	0.00003	0.00001	0.00000	0.00001	67	4.0
Cupriavidus campinensis	151783	S	138	147	285	0.00002	0.00001	0.00000	0.00001	67	5.0
Cupriavidus metallidurans	119219	S	104	110	214	0.00001	0.00001	0.00000	0.00001	65	5.0
Achromobacter xylosoxidans	85698	S	38708	96707	135415	0.00922	0.00658	0.00000	0.00625	69	5.0
Achromobacter spanius	217203	S	732	6190	6922	0.00047	0.00042	0.00000	0.00039	68	5.0
Achromobacter ruhlandii	72557	S	221	631	852	0.00006	0.00004	0.00000	0.00004	69	5.0
Alcaligenes faecalis	511	S	287	26069	26356	0.00179	0.00177	0.00142	0.00139	58	nan
Serpentinimonas raichei	1458425	S	47460	48842	96302	0.00655	0.00332	0.00308	0.00302	67	nan
Serpentinimonas maccroryi	1458426	S	4665	4897	9562	0.00065	0.00033	0.00031	0.00030	67	nan
Acidovorax sp. 5MLIR	2949090	S	22189	22692	44881	0.00305	0.00154	0.00148	0.00143	68	nan
Comamonas koreensis	160825	S	4406	7803	12209	0.00083	0.00053	0.00047	0.00046	66	nan
Sphaerotilus sp. FB-5	2914710	S	42507	42956	85463	0.00582	0.00292	0.00307	0.00295	70	nan
Janthinobacterium sp. PAMC25594	2861284	S	16107	16722	32829	0.00223	0.00114	0.00099	0.00097	64	nan
Aquabacterium olei	1296669	S	127	133	260	0.00002	0.00001	0.00000	0.00001	68	4.0
Thauera sp. PIV-1	204461	S	23724	27861	51585	0.00351	0.00190	0.00175	0.00171	68	nan
Nitrogeniibacter aestuarii	2815343	S	27409	27432	54841	0.00373	0.00187	0.00160	0.00156	63	nan
Aromatoleum bremense	76115	S	23465	23932	47397	0.00323	0.00163	0.00150	0.00146	66	nan
Flavobacterium sp. N2270	2986831	S	71831	72128	143959	0.00980	0.00491	0.00584	0.00567	29	nan
Flavobacterium sp. KACC 22763	3025668	S	15710	16737	32447	0.00221	0.00114	0.00119	0.00116	34	nan
Flavobacterium sp. N502540	2986838	S	372	405	777	0.00005	0.00003	0.00000	0.00003	36	5.0
Flavobacterium sp. N502536	2986837	S	348	356	704	0.00005	0.00002	0.00000	0.00002	37	4.0
Flavobacterium sp. B183	907046	S	239	263	502	0.00003	0.00002	0.00000	0.00002	36	4.0
Flavobacterium sp. CBA20B-1	2918454	S	111	130617	130728	0.00890	0.00889	0.00000	0.00892	36	5.0
Flavobacterium commune	1306519	S	61189	61410	122599	0.00834	0.00418	0.00433	0.00422	35	nan
Flavobacterium aestivum	3003257	S	28865	28945	57810	0.00393	0.00197	0.00210	0.00204	34	nan
Flavobacterium indicum	312277	S	19540	19569	39109	0.00266	0.00133	0.00153	0.00149	32	nan
Flavobacterium collinsii	1114861	S	12735	12929	25664	0.00175	0.00088	0.00090	0.00087	36	nan
Flavobacterium gelatinilyticum	3003260	S	11492	11602	23094	0.00157	0.00079	0.00080	0.00078	35	nan
Flavobacterium ammoniigenes	1751095	S	8814	8859	17673	0.00120	0.00060	0.00061	0.00060	36	nan
Flavobacterium panici	2654843	S	101	55158	55259	0.00376	0.00375	0.00391	0.00385	33	nan
Lutimonas sp. YSD2104	3060215	S	129982	129998	259980	0.01769	0.00885	0.00834	0.00811	39	nan
Cellulophaga sp. HaHa_2_95	2745558	S	39085	57676	96761	0.00659	0.00393	0.00402	0.00389	35	nan
Cellulophaga baltica	76594	S	54072	54722	108794	0.00740	0.00372	0.00382	0.00370	35	nan
Aureibaculum algae	2584122	S	71742	71751	143493	0.00977	0.00488	0.00537	0.00525	32	nan
Aestuariibaculum lutulentum	2920935	S	61103	61179	122282	0.00832	0.00416	0.00422	0.00411	35	nan
Oceanihabitans sp. IOP_32	2529032	S	51936	52059	103995	0.00708	0.00354	0.00361	0.00352	35	nan
Wenyingzhuangia fucanilytica	1790137	S	51908	51938	103846	0.00707	0.00353	0.00397	0.00386	32	nan
Maribacter sp. 1_2014MBL_MicDiv	1644130	S	31915	33926	65841	0.00448	0.00231	0.00228	0.00222	36	nan
Tenacibaculum maritimum	107401	S	31419	31448	62867	0.00428	0.00214	0.00242	0.00232	32	nan
Capnocytophaga cynodegmi	28189	S	22978	23324	46302	0.00315	0.00159	0.00168	0.00162	36	nan
Capnocytophaga canimorsus	28188	S	4659	4700	9359	0.00064	0.00032	0.00032	0.00031	37	nan
Capnocytophaga stomatis	1848904	S	623	626	1249	0.00009	0.00004	0.00000	0.00004	38	5.0
Capnocytophaga sp. H4358	1945658	S	173	211	384	0.00003	0.00001	0.00000	0.00001	38	4.0
Capnocytophaga sp. H2931	1945657	S	169	205	374	0.00003	0.00001	0.00000	0.00001	37	4.0
Nonlabens sp. MIC269	1476901	S	7657	10511	18168	0.00124	0.00072	0.00072	0.00070	35	nan
Nonlabens sp. SY33080	2719911	S	5322	6325	11647	0.00079	0.00043	0.00043	0.00042	35	nan
Nonlabens tegetincola	323273	S	6639	8107	14746	0.00100	0.00055	0.00055	0.00054	35	nan
Polaribacter reichenbachii	996801	S	16883	16905	33788	0.00230	0.00115	0.00142	0.00137	30	nan
Polaribacter dokdonensis	326329	S	7482	7544	15026	0.00102	0.00051	0.00062	0.00059	30	nan
Euzebyella marina	1761453	S	23734	23813	47547	0.00324	0.00162	0.00150	0.00143	40	nan
Lacinutrix neustonica	2980107	S	5155	5166	10321	0.00070	0.00035	0.00035	0.00035	35	nan
Lacinutrix sp. 5H-3-7-4	983544	S	2049	2052	4101	0.00028	0.00014	0.00016	0.00016	31	nan
Salegentibacter salegens	143223	S	4669	4673	9342	0.00064	0.00032	0.00031	0.00030	37	nan
Myroides sp. A21	1583100	S	1664	4189	5853	0.00040	0.00029	0.00030	0.00029	35	nan
Blattabacterium sp. (Periplaneta americana)	367488	S	23628	31268	54896	0.00374	0.00213	0.00278	0.00271	29	nan
Blattabacterium sp. (Blattella germanica)	624186	S	18578	18625	37203	0.00253	0.00127	0.00179	0.00171	25	nan
Blattabacterium sp. (Blaberus giganteus)	1186051	S	7239	7281	14520	0.00099	0.00050	0.00073	0.00073	26	nan
Blattabacterium cuenoti	1653831	S	403	404	807	0.00005	0.00003	0.00000	0.00004	25	5.0
Apibacter sp. B2966	2656761	S	17263	22890	40153	0.00273	0.00156	0.00183	0.00180	31	nan
Chryseobacterium sp. POL2	2713414	S	4871	5130	10001	0.00068	0.00035	0.00036	0.00035	36	nan
Chryseobacterium sp. 3008163	2478663	S	162	197	359	0.00002	0.00001	0.00000	0.00001	35	5.0
Chryseobacterium sp. CY350	2997336	S	101	109	210	0.00001	0.00001	0.00000	0.00001	36	4.0
Chryseobacterium balustinum	246	S	2232	2629	4861	0.00033	0.00018	0.00019	0.00018	35	nan
Chryseobacterium indoltheticum	254	S	1253	1374	2627	0.00018	0.00009	0.00000	0.00009	35	5.0
Chryseobacterium turcicum	2898076	S	120	132	252	0.00002	0.00001	0.00000	0.00001	36	5.0
Hymenobacter sp. NBH84	2596915	S	408753	409918	818671	0.05572	0.02790	0.02328	0.02244	58	nan
Ferruginibacter albus	2875540	S	102312	102320	204632	0.01393	0.00696	0.00683	0.00660	37	nan
Arachidicoccus sp. B3-10	2545455	S	91664	91669	183333	0.01248	0.00624	0.00646	0.00633	34	nan
Bacteroides faecis	674529	S	23763	27706	51469	0.00350	0.00189	0.00170	0.00162	44	nan
Porphyromonas gingivalis	837	S	141	149	290	0.00002	0.00001	0.00000	0.00001	50	4.0
Porphyromonas crevioricanis	393921	S	123	127	250	0.00002	0.00001	0.00000	0.00001	46	4.0
Pedobacter sp. SL55	2995161	S	21111	21121	42232	0.00287	0.00144	0.00137	0.00133	38	nan
Ignavibacterium album	591197	S	66583	66698	133281	0.00907	0.00454	0.00473	0.00461	33	nan
Thermodesulfobacterium sp. TA1	2234087	S	503458	503510	1006968	0.06853	0.03427	0.03368	0.03277	37	nan
Pseudodesulfovibrio mercurii	641491	S	45695	45723	91418	0.00622	0.00311	0.00288	0.00280	67	nan
Solidesulfovibrio carbinoliphilus	345370	S	9288	9289	18577	0.00126	0.00063	0.00061	0.00060	68	nan
Myxococcus sp. NMCA1	2996785	S	54087	140397	194484	0.01324	0.00956	0.00967	0.00941	70	nan
Myxococcus sp. SDU36	2831967	S	273	280	553	0.00004	0.00002	0.00002	0.00002	71	nan
Myxococcus sp. MxC21-1	3041439	S	134	157	291	0.00002	0.00001	0.00001	0.00001	70	nan
Myxococcus xanthus	34	S	788	17030	17818	0.00121	0.00116	0.00117	0.00114	70	nan
Myxococcus hansupus	1297742	S	185	185	370	0.00003	0.00001	0.00001	0.00001	70	nan
Corallococcus coralloides	184914	S	40956	41369	82325	0.00560	0.00282	0.00298	0.00288	71	nan
Haliangium ochraceum	80816	S	28765	28765	57530	0.00392	0.00196	0.00208	0.00202	70	nan
Nitrospira sp. KM1	1936990	S	205566	205579	411145	0.02798	0.01399	0.01112	0.01087	56	nan
Campylobacter fetus	196	S	47482	47718	95200	0.00648	0.00325	0.00353	0.00343	33	nan
Campylobacter subantarcticus	497724	S	15059	15571	30630	0.00208	0.00106	0.00131	0.00126	28	nan
Campylobacter sp. RM5004	1660078	S	12631	12732	25363	0.00173	0.00087	0.00113	0.00108	29	nan
Campylobacter volucris	1031542	S	12206	12408	24614	0.00168	0.00084	0.00112	0.00106	28	nan
Campylobacter novaezeelandiae	2267891	S	5958	6000	11958	0.00081	0.00041	0.00058	0.00055	27	nan
Campylobacter canadensis	449520	S	5542	5552	11094	0.00076	0.00038	0.00053	0.00051	27	nan
Campylobacter armoricus	2505970	S	119	120	239	0.00002	0.00001	0.00000	0.00001	28	4.0
Campylobacter jejuni	197	S	114	249	363	0.00002	0.00002	0.00002	0.00002	30	nan
Campylobacter lari	201	S	111	112	223	0.00002	0.00001	0.00000	0.00001	29	3.0
Halarcobacter ebronensis	1462615	S	25940	25985	51925	0.00353	0.00177	0.00224	0.00213	29	nan
Halarcobacter bivalviorum	663364	S	255	255	510	0.00003	0.00002	0.00000	0.00002	28	4.0
Halarcobacter anaerophilus	877500	S	127	127	254	0.00002	0.00001	0.00000	0.00001	30	5.0
Aliarcobacter thereius	544718	S	20488	21330	41818	0.00285	0.00145	0.00205	0.00196	26	nan
Malaciobacter molluscorum	1032072	S	140	151	291	0.00002	0.00001	0.00000	0.00001	25	4.0
Helicobacter typhlonius	76936	S	30043	30380	60423	0.00411	0.00207	0.00194	0.00188	39	nan
Sulfurimonas lithotrophica	2590022	S	21201	21214	42415	0.00289	0.00144	0.00156	0.00151	34	nan
Treponema sp. OMZ 791	2563666	S	508	46147	46655	0.00318	0.00314	0.00304	0.00297	38	nan
Treponema sp. OMZ 790	2563665	S	245	21700	21945	0.00149	0.00148	0.00143	0.00139	38	nan
Borreliella mayonii	1674146	S	32513	34724	67237	0.00458	0.00236	0.00337	0.00314	26	nan
Borrelia recurrentis	44449	S	9803	17059	26862	0.00183	0.00116	0.00164	0.00154	27	nan
Borrelia crocidurae	29520	S	5721	7338	13059	0.00089	0.00050	0.00067	0.00064	26	nan
Leptospira mayottensis	1137606	S	13811	13853	27664	0.00188	0.00094	0.00087	0.00085	40	nan
Fusobacterium ulcerans	861	S	20995	21136	42131	0.00287	0.00144	0.00180	0.00171	30	nan
Fusobacterium gastrosuis	1755100	S	16815	16876	33691	0.00229	0.00115	0.00154	0.00147	29	nan
Fusobacterium pseudoperiodonticum	2663009	S	8228	9204	17432	0.00119	0.00063	0.00086	0.00081	28	nan
Fusobacterium nucleatum	851	S	3923	7524	11447	0.00078	0.00051	0.00071	0.00069	27	nan
Fusobacterium periodonticum	860	S	435	683	1118	0.00008	0.00005	0.00006	0.00006	27	nan
Fusobacterium varium	856	S	167	169	336	0.00002	0.00001	0.00000	0.00001	29	5.0
Leptotrichia sp. HMT-225	3058373	S	7412	7706	15118	0.00103	0.00052	0.00065	0.00063	30	nan
Sneathia vaginalis	187101	S	123	123	246	0.00002	0.00001	0.00000	0.00001	29	4.0
Chlamydia pneumoniae	83558	S	47826	47858	95684	0.00651	0.00326	0.00296	0.00286	41	nan
Chlamydia pecorum	85991	S	4842	4843	9685	0.00066	0.00033	0.00030	0.00029	42	nan
Alienimonas californiensis	2527989	S	4713	4713	9426	0.00064	0.00032	0.00035	0.00035	71	nan
Jonquetella anthropi	428712	S	48448	48459	96907	0.00660	0.00330	0.00278	0.00268	62	nan
Marinitoga piezophila	149715	S	5274	16007	21281	0.00145	0.00109	0.00139	0.00133	28	nan
Oceanotoga sp. DSM 15011	2984951	S	13229	13229	26458	0.00180	0.00090	0.00135	0.00129	26	nan
Thermosipho sp. 1063	1462747	S	1564	18849	20413	0.00139	0.00128	0.00148	0.00142	31	nan
Dictyoglomus thermophilum	14	S	34103	34130	68233	0.00464	0.00232	0.00243	0.00238	33	nan
Homo sapiens	9606	S	696	703	1399	0.00010	0.00005	0.00000	0.00004	38	4.0
