name	taxonomy_id	taxonomy_lvl	kraken_assigned_reads	added_reads	new_est_reads	fraction_total_reads	Bracken_estimate	GuaCAMOLE_estimate	GuaCAMOLE_est_eff	GC content	Taxon Removal Cycle
Citrobacter sp. RHBSTW-00017	2742629	S	5848	591864	597712	0.03879	0.03842	0.03524	0.03373	54	nan
Citrobacter sp. RHB25-C09	2742624	S	161	164	325	0.00002	0.00001	0.00001	0.00001	55	nan
Citrobacter sp. S171	2971264	S	132	144	276	0.00002	0.00001	0.00000	0.00001	55	5.0
Citrobacter sp. RHB35-C21	2742626	S	124	630	754	0.00005	0.00004	0.00004	0.00004	54	nan
Citrobacter sp. RHBSTW-00986	2742675	S	123	700	823	0.00005	0.00005	0.00004	0.00004	54	nan
Citrobacter sp. RHBSTW-00524	2742653	S	117	593	710	0.00005	0.00004	0.00003	0.00003	54	nan
Citrobacter sp. RHBSTW-01013	2742677	S	116	588	704	0.00005	0.00004	0.00003	0.00003	54	nan
Citrobacter sp. R56	1573676	S	111	122	233	0.00002	0.00001	0.00000	0.00001	55	5.0
Citrobacter sp. 172116965	2683822	S	106	806	912	0.00006	0.00005	0.00005	0.00005	54	nan
Citrobacter braakii	57706	S	3425	18907	22332	0.00145	0.00123	0.00112	0.00108	54	nan
Citrobacter freundii	546	S	2136	5885	8021	0.00052	0.00038	0.00035	0.00034	54	nan
Citrobacter portucalensis	1639133	S	1631	2766	4397	0.00029	0.00018	0.00016	0.00016	54	nan
Citrobacter werkmanii	67827	S	518	1233	1751	0.00011	0.00008	0.00007	0.00007	54	nan
Citrobacter arsenatis	2546350	S	885	989	1874	0.00012	0.00006	0.00006	0.00006	55	nan
Citrobacter tructae	2562449	S	438	459	897	0.00006	0.00003	0.00003	0.00003	53	nan
Citrobacter pasteurii	1563222	S	430	667	1097	0.00007	0.00004	0.00004	0.00004	54	nan
Citrobacter cronae	1748967	S	185	1014	1199	0.00008	0.00007	0.00006	0.00006	54	nan
Citrobacter koseri	545	S	179	289	468	0.00003	0.00002	0.00002	0.00002	55	nan
Citrobacter rodentium	67825	S	166	56	222	0.00001	0.00000	0.00000	0.00000	54	4.0
Citrobacter farmeri	67824	S	153	174	327	0.00002	0.00001	0.00001	0.00001	55	nan
Citrobacter amalonaticus	35703	S	143	288	431	0.00003	0.00002	0.00002	0.00002	55	nan
Enterobacter bugandensis	881260	S	42061	72213	114274	0.00742	0.00469	0.00430	0.00418	58	nan
Enterobacter cloacae complex sp. ECL405	2912630	S	971	21523	22494	0.00146	0.00140	0.00128	0.00124	57	nan
Enterobacter sp. BIDMC 29	1329841	S	874	4232	5106	0.00033	0.00027	0.00025	0.00024	58	nan
Enterobacter cloacae complex sp.	2027919	S	229	320	549	0.00004	0.00002	0.00002	0.00002	57	nan
Enterobacter cloacae complex sp. ECL411	2912629	S	136	23899	24035	0.00156	0.00155	0.00142	0.00138	57	nan
Enterobacter hormaechei	158836	S	2214	18225	20439	0.00133	0.00118	0.00109	0.00105	57	nan
Enterobacter roggenkampii	1812935	S	1073	1584	2657	0.00017	0.00010	0.00010	0.00009	58	nan
Enterobacter asburiae	61645	S	1051	2874	3925	0.00025	0.00019	0.00017	0.00017	58	nan
Enterobacter cloacae	550	S	862	1796	2658	0.00017	0.00012	0.00011	0.00010	57	nan
Enterobacter chuandaensis	2497875	S	453	553	1006	0.00007	0.00004	0.00004	0.00003	58	nan
Enterobacter kobei	208224	S	276	1093	1369	0.00009	0.00007	0.00006	0.00006	57	nan
Enterobacter ludwigii	299767	S	242	895	1137	0.00007	0.00006	0.00005	0.00005	57	nan
Enterobacter cancerogenus	69218	S	205	215	420	0.00003	0.00001	0.00000	0.00001	58	5.0
Enterobacter sichuanensis	2071710	S	178	202	380	0.00002	0.00001	0.00001	0.00001	57	nan
Enterobacter chengduensis	2494701	S	143	180	323	0.00002	0.00001	0.00001	0.00001	58	nan
Enterobacter mori	539813	S	1378	1558	2936	0.00019	0.00010	0.00009	0.00009	57	nan
Enterobacter sp. SGAir0187	2836161	S	247	564	811	0.00005	0.00004	0.00003	0.00003	58	nan
Enterobacter huaxiensis	2494702	S	128	137	265	0.00002	0.00001	0.00001	0.00001	59	nan
Salmonella enterica	28901	S	4008	71087	75095	0.00487	0.00461	0.00429	0.00408	54	nan
Salmonella sp. A7	2874627	S	1607	23633	25240	0.00164	0.00153	0.00142	0.00136	54	nan
Salmonella bongori	54736	S	189	386	575	0.00004	0.00003	0.00002	0.00002	54	nan
Klebsiella sp. WP8-S18-ESBL-06	2675726	S	12944	40779	53723	0.00349	0.00265	0.00247	0.00235	57	nan
Klebsiella pneumoniae	573	S	683	2272	2955	0.00019	0.00015	0.00000	0.00013	57	5.0
Klebsiella oxytoca	571	S	199	207	406	0.00003	0.00001	0.00000	0.00001	57	4.0
Klebsiella michiganensis	1134687	S	113	150	263	0.00002	0.00001	0.00000	0.00001	58	4.0
Klebsiella aerogenes	548	S	111	115	226	0.00001	0.00001	0.00000	0.00001	57	5.0
Raoultella electrica	1259973	S	24438	25993	50431	0.00327	0.00169	0.00157	0.00151	58	nan
Kosakonia radicincitans	283686	S	35220	37144	72364	0.00470	0.00241	0.00222	0.00213	56	nan
Kosakonia oryzae	497725	S	195	202	397	0.00003	0.00001	0.00000	0.00001	56	5.0
Blochmannia endosymbiont of Colobopsis nipponica	2681987	S	14852	14856	29708	0.00193	0.00096	0.00132	0.00130	31	nan
Candidatus Mikella endobia	1778264	S	5401	5403	10804	0.00070	0.00035	0.00046	0.00044	35	nan
Escherichia sp. HH154_1D	2509664	S	129	9283	9412	0.00061	0.00060	0.00000	0.00053	53	5.0
Escherichia coli	562	S	1202	9997	11199	0.00073	0.00065	0.00000	0.00057	54	5.0
Cronobacter sakazakii	28141	S	9063	9492	18555	0.00120	0.00062	0.00058	0.00055	59	nan
Lelliottia steviae	2781390	S	122	123	245	0.00002	0.00001	0.00000	0.00001	42	4.0
Serratia sp. JSRIV002	2831894	S	216486	680184	896670	0.05820	0.04415	0.04054	0.03884	57	nan
Serratia sp. 3ACOL1	2448483	S	20514	28434	48948	0.00318	0.00185	0.00170	0.00162	56	nan
Serratia sp. P2ACOL2	2482769	S	3158	7730	10888	0.00071	0.00050	0.00047	0.00044	57	nan
Serratia sp. JSRIV006	2831896	S	357	1333	1690	0.00011	0.00009	0.00008	0.00008	57	nan
Serratia sp. JSRIV004	2831895	S	333	1355	1688	0.00011	0.00009	0.00008	0.00008	57	nan
Serratia sp. JSRIV001	2831893	S	280	1094	1374	0.00009	0.00007	0.00006	0.00006	57	nan
Serratia sp. UGAL515B_01	2986763	S	240	241	481	0.00003	0.00002	0.00000	0.00001	50	4.0
Serratia fonticola	47917	S	33431	42456	75887	0.00493	0.00276	0.00253	0.00242	56	nan
Serratia marcescens	615	S	788	1750	2538	0.00016	0.00011	0.00000	0.00010	57	5.0
Serratia proteamaculans	28151	S	323	360	683	0.00004	0.00002	0.00002	0.00002	57	nan
Serratia symbiotica	138074	S	212	212	424	0.00003	0.00001	0.00000	0.00001	54	5.0
Serratia liquefaciens	614	S	212	282	494	0.00003	0.00002	0.00002	0.00002	57	nan
Serratia plymuthica	82996	S	197	317	514	0.00003	0.00002	0.00002	0.00002	57	nan
Serratia odorifera	618	S	173	175	348	0.00002	0.00001	0.00000	0.00001	58	5.0
Serratia entomophila	42906	S	127	147	274	0.00002	0.00001	0.00000	0.00001	59	5.0
Yersinia pseudotuberculosis	633	S	127	151	278	0.00002	0.00001	0.00000	0.00001	50	4.0
Pantoea agglomerans	549	S	65801	68216	134017	0.00870	0.00443	0.00405	0.00392	57	nan
Pantoea alfalfae	3074822	S	19956	43997	63953	0.00415	0.00286	0.00265	0.00252	57	nan
Pantoea sp. MT58	2768165	S	137	249	386	0.00003	0.00002	0.00001	0.00001	56	nan
Pantoea vagans	470934	S	196	226	422	0.00003	0.00001	0.00001	0.00001	56	nan
Pantoea ananatis	553	S	113	114	227	0.00001	0.00001	0.00000	0.00001	55	5.0
Erwinia sp. Ejp617	215689	S	43124	52437	95561	0.00620	0.00340	0.00323	0.00302	56	nan
Erwinia tracheiphila	65700	S	175	175	350	0.00002	0.00001	0.00000	0.00001	51	4.0
Brenneria nigrifluens	55210	S	137	85273	85410	0.00554	0.00553	0.00529	0.00499	58	nan
Musicola paradisiaca	69223	S	33209	33431	66640	0.00433	0.00217	0.00205	0.00194	56	nan
Pectobacterium sp. PL64	2738983	S	24415	27292	51707	0.00336	0.00177	0.00164	0.00156	54	nan
Photorhabdus thracensis	230089	S	32337	32577	64914	0.00421	0.00211	0.00205	0.00197	46	nan
Providencia rettgeri	587	S	1290	7589	8879	0.00058	0.00049	0.00050	0.00047	42	nan
Pseudomonas sp. FP1935	2954082	S	76199	131037	207236	0.01345	0.00851	0.00803	0.00768	60	nan
Pseudomonas sp. R4-35-07	658643	S	43779	110656	154435	0.01002	0.00718	0.00695	0.00656	62	nan
Pseudomonas sp. HN2	2884805	S	38650	75816	114466	0.00743	0.00492	0.00507	0.00452	62	nan
Pseudomonas sp. LG1E9	2219057	S	16254	17182	33436	0.00217	0.00112	0.00107	0.00102	62	nan
Pseudomonas sp. CMR5c	658630	S	15436	18469	33905	0.00220	0.00120	0.00143	0.00115	65	nan
Pseudomonas sp. YeP6b	2861775	S	4110	11469	15579	0.00101	0.00074	0.00071	0.00068	61	nan
Pseudomonas sp. JBR1	3020907	S	1262	1480	2742	0.00018	0.00010	0.00000	0.00009	66	5.0
Pseudomonas sp. MPFS	2795724	S	165	259	424	0.00003	0.00002	0.00000	0.00002	64	5.0
Pseudomonas sp. L5B5	2883205	S	162	165	327	0.00002	0.00001	0.00000	0.00001	65	5.0
Pseudomonas sp. SO81	2983246	S	136	137	273	0.00002	0.00001	0.00000	0.00001	67	4.0
Pseudomonas sp. BIOMIG1BAC	1758730	S	107	187	294	0.00002	0.00001	0.00000	0.00001	63	5.0
Pseudomonas sp. R5-89-07	658644	S	106	112	218	0.00001	0.00001	0.00001	0.00001	62	nan
Pseudomonas sp. B21-048	2895490	S	102	107	209	0.00001	0.00001	0.00000	0.00001	60	4.0
Pseudomonas oryzihabitans	47885	S	138208	148592	286800	0.01861	0.00964	0.00000	0.00972	66	5.0
Pseudomonas putida	303	S	178	281	459	0.00003	0.00002	0.00000	0.00002	63	5.0
Pseudomonas hormoni	3093767	S	100220	104793	205013	0.01331	0.00680	0.00645	0.00613	61	nan
Pseudomonas asgharzadehiana	2842349	S	17598	18363	35961	0.00233	0.00119	0.00116	0.00110	62	nan
Pseudomonas tritici	2745518	S	17366	18492	35858	0.00233	0.00120	0.00115	0.00109	62	nan
Pseudomonas psychrotolerans	237610	S	8466	8774	17240	0.00112	0.00057	0.00000	0.00057	66	5.0
Pseudomonas alcaligenes	43263	S	6284	6490	12774	0.00083	0.00042	0.00045	0.00042	67	nan
Pseudomonas aeruginosa	287	S	530	1934	2464	0.00016	0.00013	0.00000	0.00012	64	5.0
Pseudomonas piscis	2614538	S	2256	2717	4973	0.00032	0.00018	0.00000	0.00017	65	5.0
Pseudomonas protegens	380021	S	130	170	300	0.00002	0.00001	0.00000	0.00001	64	5.0
Pseudomonas chlororaphis	587753	S	115	155	270	0.00002	0.00001	0.00000	0.00001	64	5.0
Pseudomonas fluorescens	294	S	257	319	576	0.00004	0.00002	0.00002	0.00002	62	nan
Pseudomonas moraviensis	321662	S	239	344	583	0.00004	0.00002	0.00002	0.00002	62	nan
Pseudomonas atacamensis	2565368	S	106	140	246	0.00002	0.00001	0.00001	0.00001	62	nan
Entomomonas sp. E2T0	2930213	S	93237	95486	188723	0.01225	0.00620	0.00676	0.00643	37	nan
Stutzerimonas chloritidismutans	203192	S	26123	37804	63927	0.00415	0.00245	0.00246	0.00233	65	nan
Stutzerimonas stutzeri	316	S	2358	2533	4891	0.00032	0.00016	0.00000	0.00016	65	5.0
[Pseudomonas] zhaodongensis	1176257	S	2199	2352	4551	0.00030	0.00015	0.00014	0.00014	61	nan
Halopseudomonas nanhaiensis	2830842	S	6741	6770	13511	0.00088	0.00044	0.00043	0.00040	62	nan
Marinobacter salarius	1420917	S	13332	13395	26727	0.00173	0.00087	0.00080	0.00077	58	nan
Shewanella sp. Arc9-LZ	2698686	S	528375	542158	1070533	0.06948	0.03519	0.03445	0.03286	42	nan
Shewanella sp. Pdp11	2059264	S	5292	5964	11256	0.00073	0.00039	0.00036	0.00035	47	nan
Shewanella sp. FDAARGOS_354	1930557	S	1125	3547	4672	0.00030	0.00023	0.00000	0.00021	45	5.0
Shewanella sp. LC6	2589790	S	1062	2527	3589	0.00023	0.00016	0.00016	0.00015	45	nan
Shewanella sp. LZH-2	2806008	S	661	1231	1892	0.00012	0.00008	0.00008	0.00007	46	nan
Shewanella sp. FJAT-51649	2864210	S	181	210	391	0.00003	0.00001	0.00000	0.00001	49	5.0
Shewanella sp. MR-4	60480	S	168	184	352	0.00002	0.00001	0.00000	0.00001	49	5.0
Shewanella sp. ANA-3	94122	S	126	157	283	0.00002	0.00001	0.00000	0.00001	49	5.0
Shewanella xiamenensis	332186	S	7362	10018	17380	0.00113	0.00065	0.00064	0.00059	46	nan
Shewanella decolorationis	256839	S	601	655	1256	0.00008	0.00004	0.00004	0.00004	48	nan
Shewanella putrefaciens	24	S	266	392	658	0.00004	0.00003	0.00000	0.00002	45	5.0
Shewanella oneidensis	70863	S	226	235	461	0.00003	0.00002	0.00001	0.00001	47	nan
Shewanella bicestrii	2018305	S	199	240	439	0.00003	0.00002	0.00000	0.00001	49	5.0
Shewanella seohaensis	755175	S	194	214	408	0.00003	0.00001	0.00000	0.00001	49	5.0
Shewanella baltica	62322	S	190	277	467	0.00003	0.00002	0.00002	0.00002	46	nan
Pseudoalteromonas sp. SCSIO 43088	2822846	S	45401	48660	94061	0.00611	0.00316	0.00314	0.00294	42	nan
Pseudoalteromonas sp. PS1M3	87791	S	13633	23264	36897	0.00239	0.00151	0.00151	0.00144	41	nan
Pseudoalteromonas sp. MT33b	2759705	S	4233	10558	14791	0.00096	0.00069	0.00068	0.00064	42	nan
Pseudoalteromonas sp. HL-AS2	3071082	S	2623	5012	7635	0.00050	0.00033	0.00033	0.00031	42	nan
Pseudoalteromonas sp. FE4	3035452	S	1038	2369	3407	0.00022	0.00015	0.00015	0.00015	41	nan
Pseudoalteromonas sp. SCSIO 43101	2822847	S	859	2020	2879	0.00019	0.00013	0.00013	0.00012	41	nan
Pseudoalteromonas sp. JSTW	2752475	S	208	551	759	0.00005	0.00004	0.00003	0.00003	42	nan
Pseudoalteromonas sp. MM1	3036714	S	112	115	227	0.00001	0.00001	0.00000	0.00001	41	5.0
Pseudoalteromonas shioyasakiensis	1190813	S	15706	16427	32133	0.00209	0.00107	0.00106	0.00100	42	nan
Pseudoalteromonas donghaensis	621376	S	1800	3890	5690	0.00037	0.00025	0.00025	0.00024	41	nan
Pseudoalteromonas piscicida	43662	S	141	170	311	0.00002	0.00001	0.00000	0.00001	43	4.0
Salinimonas sediminis	2303538	S	24007	24396	48403	0.00314	0.00158	0.00146	0.00140	49	nan
Agarivorans gilvus	680279	S	12530	12541	25071	0.00163	0.00081	0.00076	0.00073	47	nan
Moritella yayanosii	69539	S	30147	30458	60605	0.00393	0.00198	0.00194	0.00186	42	nan
Thalassolituus oleivorans	187493	S	148454	149340	297794	0.01933	0.00969	0.00900	0.00860	47	nan
Marinomonas arctica	383750	S	93226	93786	187012	0.01214	0.00609	0.00576	0.00551	45	nan
Marinomonas sp. A3A	2065312	S	15948	16084	32032	0.00208	0.00104	0.00100	0.00096	44	nan
Amphritea japonica	452627	S	25429	25456	50885	0.00330	0.00165	0.00153	0.00146	49	nan
Marinobacterium sediminicola	518898	S	16187	16202	32389	0.00210	0.00105	0.00097	0.00092	58	nan
Alcanivorax borkumensis	59754	S	70070	210576	280646	0.01822	0.01367	0.01261	0.01191	55	nan
Alcanivorax sp.	1872427	S	213	213	426	0.00003	0.00001	0.00000	0.00001	60	5.0
Halomonas sp. DN3	2953657	S	21983	22053	44036	0.00286	0.00143	0.00148	0.00140	66	nan
Halomonas sp. PAMB 3232	3075221	S	6541	10989	17530	0.00114	0.00071	0.00071	0.00067	64	nan
Xanthomonas axonopodis	53413	S	3475	127483	130958	0.00850	0.00827	0.00849	0.00817	66	nan
Xanthomonas citri	346	S	1854	45788	47642	0.00309	0.00297	0.00305	0.00293	66	nan
Xanthomonas oryzae	347	S	585	611	1196	0.00008	0.00004	0.00000	0.00004	65	5.0
Xanthomonas campestris	339	S	415	541	956	0.00006	0.00004	0.00004	0.00004	66	nan
Xanthomonas vasicola	56459	S	299	312	611	0.00004	0.00002	0.00000	0.00002	64	5.0
Xanthomonas phaseoli	1985254	S	229	714	943	0.00006	0.00005	0.00005	0.00005	66	nan
Xanthomonas arboricola	56448	S	223	260	483	0.00003	0.00002	0.00002	0.00002	66	nan
Xanthomonas prunicola	2053930	S	221	226	447	0.00003	0.00001	0.00000	0.00001	65	5.0
Xanthomonas hortorum	56454	S	217	238	455	0.00003	0.00002	0.00000	0.00001	65	5.0
Xanthomonas fragariae	48664	S	198	200	398	0.00003	0.00001	0.00000	0.00001	63	4.0
Xanthomonas euvesicatoria	456327	S	178	2454	2632	0.00017	0.00016	0.00016	0.00016	66	nan
Xanthomonas dyei	743699	S	102	103	205	0.00001	0.00001	0.00001	0.00001	65	nan
Xanthomonas cucurbitae	56453	S	100	101	201	0.00001	0.00001	0.00001	0.00001	66	nan
Stenotrophomonas sp. 59	3051120	S	67226	77765	144991	0.00941	0.00505	0.00551	0.00527	67	nan
Stenotrophomonas sp. 17(2023)	3051123	S	37552	80174	117726	0.00764	0.00520	0.00626	0.00590	70	nan
Stenotrophomonas maltophilia	40324	S	309	437	746	0.00005	0.00003	0.00000	0.00003	67	4.0
Stenotrophomonas acidaminiphila	128780	S	194	319	513	0.00003	0.00002	0.00002	0.00002	70	nan
Luteibacter aegosomaticola	2911538	S	13527	13553	27080	0.00176	0.00088	0.00091	0.00087	66	nan
Psychrobacter sp. KH172YL61	2517899	S	34929	62341	97270	0.00631	0.00405	0.00387	0.00371	46	nan
Psychrobacter sp. P2G3	1699622	S	6163	7898	14061	0.00091	0.00051	0.00051	0.00048	44	nan
Acinetobacter piscicola	2006115	S	10060	10775	20835	0.00135	0.00070	0.00073	0.00069	39	nan
Acinetobacter sp. BHS4	2836181	S	6637	12784	19421	0.00126	0.00083	0.00085	0.00081	41	nan
Acinetobacter sp. UGAL515B_02	2986764	S	389	645	1034	0.00007	0.00004	0.00000	0.00004	42	5.0
Acinetobacter sp. Tol 5	710648	S	238	584	822	0.00005	0.00004	0.00004	0.00004	41	nan
Acinetobacter sp. Marseille-Q1620	2714110	S	108	108	216	0.00001	0.00001	0.00000	0.00001	39	4.0
Acinetobacter soli	487316	S	4749	6116	10865	0.00071	0.00040	0.00040	0.00038	43	nan
Acinetobacter bereziniae	106648	S	2682	3598	6280	0.00041	0.00023	0.00026	0.00023	39	nan
Acinetobacter baumannii	470	S	355	2143	2498	0.00016	0.00014	0.00014	0.00014	41	nan
Acinetobacter seifertii	1530123	S	171	193	364	0.00002	0.00001	0.00000	0.00001	40	5.0
Acinetobacter pittii	48296	S	168	349	517	0.00003	0.00002	0.00002	0.00002	40	nan
Acinetobacter wuhouensis	1879050	S	415	444	859	0.00006	0.00003	0.00000	0.00003	40	5.0
Acinetobacter guillouiae	106649	S	188	237	425	0.00003	0.00002	0.00000	0.00002	40	5.0
Acinetobacter johnsonii	40214	S	137	200	337	0.00002	0.00001	0.00000	0.00001	43	5.0
Acinetobacter defluvii	1871111	S	119	131	250	0.00002	0.00001	0.00000	0.00001	40	5.0
Vibrio vulnificus	672	S	60602	62138	122740	0.00797	0.00403	0.00373	0.00359	48	nan
Vibrio echinoideorum	2100116	S	19331	21141	40472	0.00263	0.00137	0.00131	0.00125	45	nan
Vibrio parahaemolyticus	670	S	874	983	1857	0.00012	0.00006	0.00000	0.00006	46	5.0
Vibrio campbellii	680	S	256	360	616	0.00004	0.00002	0.00000	0.00002	47	5.0
Vibrio owensii	696485	S	122	169	291	0.00002	0.00001	0.00000	0.00001	47	5.0
Vibrio sp. J502	2978741	S	127	6070	6197	0.00040	0.00039	0.00038	0.00036	46	nan
Vibrio cholerae	666	S	263	613	876	0.00006	0.00004	0.00000	0.00004	47	5.0
Vibrio anguillarum	55601	S	129	191	320	0.00002	0.00001	0.00001	0.00001	46	nan
Isorropodon fossajaponicum symbiont	883811	S	83587	83678	167265	0.01086	0.00543	0.00566	0.00544	37	nan
Methylobacter sp. YRD-M1	2911520	S	23083	23109	46192	0.00300	0.00150	0.00140	0.00134	53	nan
Aeromonas jandaei	650	S	13030	14787	27817	0.00181	0.00096	0.00092	0.00088	62	nan
Candidatus Competibacter denitrificans	1400862	S	469	469	938	0.00006	0.00003	0.00000	0.00003	62	5.0
Rhizobium sp. 32-5/1	3019602	S	291541	297016	588557	0.03820	0.01928	0.01788	0.01732	60	nan
Rhizobium rhizoryzae	451876	S	7927	7970	15897	0.00103	0.00052	0.00048	0.00046	58	nan
Candidatus Liberibacter africanus	34020	S	73613	73789	147402	0.00957	0.00479	0.00541	0.00517	36	nan
Sinorhizobium numidicum	680248	S	26570	26730	53300	0.00346	0.00173	0.00165	0.00158	61	nan
Shinella sp. XGS7	2877941	S	20790	21012	41802	0.00271	0.00136	0.00161	0.00154	70	nan
Devosia sp. G20-9	3026418	S	72980	73112	146092	0.00948	0.00475	0.00438	0.00418	58	nan
Devosia sp. A16	1736675	S	21273	21287	42560	0.00276	0.00138	0.00146	0.00139	66	nan
Paradevosia shaoguanensis	1335043	S	20955	21075	42030	0.00273	0.00137	0.00136	0.00132	64	nan
Youhaiella tibetensis	1447062	S	273	273	546	0.00004	0.00002	0.00000	0.00002	66	4.0
Bradyrhizobium sp. CB1717	3039154	S	67957	70029	137986	0.00896	0.00455	0.00465	0.00441	65	nan
Bradyrhizobium oligotrophicum	44255	S	3660	3669	7329	0.00048	0.00024	0.00025	0.00024	66	nan
Enhydrobacter sp.	1894999	S	44163	44181	88344	0.00573	0.00287	0.00313	0.00298	67	nan
Pseudovibrio brasiliensis	1898042	S	37711	37914	75625	0.00491	0.00246	0.00223	0.00214	53	nan
Phreatobacter aquaticus	2570229	S	34146	34181	68327	0.00443	0.00222	0.00238	0.00224	66	nan
Methylosinus sp. C49	2699395	S	7781	7792	15573	0.00101	0.00051	0.00052	0.00050	65	nan
Blastochloris viridis	1079	S	6934	6944	13878	0.00090	0.00045	0.00052	0.00050	69	nan
Mesorhizobium sp. C416B	2956834	S	1955	4211	6166	0.00040	0.00027	0.00027	0.00026	64	nan
Martelella lutilitoris	2583532	S	116	116	232	0.00002	0.00001	0.00000	0.00001	63	4.0
Roseovarius sp. THAF27	2587850	S	89055	113743	202798	0.01316	0.00738	0.00736	0.00723	66	nan
Sulfitobacter sp. W002	2867024	S	13631	15327	28958	0.00188	0.00099	0.00096	0.00092	61	nan
Sulfitobacter sp. W027	2867025	S	9575	9838	19413	0.00126	0.00064	0.00000	0.00058	60	5.0
Sulfitobacter sp. W074	2867026	S	4587	7619	12206	0.00079	0.00049	0.00049	0.00046	62	nan
Sulfitobacter sp. D7	1968541	S	4436	8246	12682	0.00082	0.00054	0.00053	0.00049	62	nan
Sulfitobacter sp. DSM 110093	2883127	S	3936	4050	7986	0.00052	0.00026	0.00000	0.00024	59	4.0
Sulfitobacter sp. LC.270.F.C4	3079556	S	2837	4987	7824	0.00051	0.00032	0.00031	0.00030	62	nan
Sulfitobacter sp. SK011	1389004	S	124	124	248	0.00002	0.00001	0.00000	0.00001	57	4.0
Sulfitobacter sp. THAF37	2587855	S	111	117	228	0.00001	0.00001	0.00000	0.00001	64	4.0
Sulfitobacter dubius	218673	S	4972	5247	10219	0.00066	0.00034	0.00000	0.00031	60	5.0
Sulfitobacter faviae	1775881	S	1499	1571	3070	0.00020	0.00010	0.00010	0.00010	63	nan
Sulfitobacter indolifex	225422	S	636	655	1291	0.00008	0.00004	0.00000	0.00004	59	5.0
Sulfitobacter pontiacus	60137	S	145	170	315	0.00002	0.00001	0.00000	0.00001	61	4.0
Thalassovita gelatinovora	53501	S	12352	12368	24720	0.00160	0.00080	0.00076	0.00072	59	nan
Sagittula sp. MA-2	3048007	S	114	116	230	0.00001	0.00001	0.00000	0.00001	67	4.0
Paracoccus alcaliphilus	34002	S	82191	83678	165869	0.01077	0.00543	0.00567	0.00534	65	nan
Cereibacter azotoformans	43057	S	2332	2341	4673	0.00030	0.00015	0.00018	0.00017	69	nan
Sphingobium sp. RSMS	520734	S	37968	105569	143537	0.00932	0.00685	0.00700	0.00676	65	nan
Sphingobium sp. CFD-2	2878542	S	5172	11700	16872	0.00110	0.00076	0.00075	0.00075	65	nan
Sphingobium sp. TKS	1315974	S	112	123	235	0.00002	0.00001	0.00000	0.00001	64	4.0
Sphingobium indicum	332055	S	121	125	246	0.00002	0.00001	0.00001	0.00001	66	nan
Sphingomonas sp. FARSPH	2219696	S	34892	35742	70634	0.00458	0.00232	0.00252	0.00248	68	nan
Sphingomonas bisphenolicum	296544	S	4046	4252	8298	0.00054	0.00028	0.00028	0.00027	64	nan
Qipengyuania soli	2782568	S	8395	8416	16811	0.00109	0.00055	0.00055	0.00052	64	nan
Erythrobacter litoralis	39960	S	5801	5808	11609	0.00075	0.00038	0.00040	0.00038	66	nan
Gluconobacter oxydans	442	S	63033	64208	127241	0.00826	0.00417	0.00401	0.00384	62	nan
Gluconobacter sphaericus	574987	S	5223	5419	10642	0.00069	0.00035	0.00000	0.00032	60	5.0
Gluconobacter albidus	318683	S	3749	3877	7626	0.00049	0.00025	0.00024	0.00023	61	nan
Gluconobacter thailandicus	257438	S	1517	1542	3059	0.00020	0.00010	0.00000	0.00009	58	4.0
Gluconobacter frateurii	38308	S	379	385	764	0.00005	0.00002	0.00000	0.00002	57	4.0
Roseomonas sp. OT10	2897332	S	38906	39146	78052	0.00507	0.00254	0.00338	0.00341	73	nan
Komagataeibacter rhaeticus	215221	S	18038	18522	36560	0.00237	0.00120	0.00000	0.00117	65	5.0
Komagataeibacter saccharivorans	265959	S	343	348	691	0.00004	0.00002	0.00000	0.00002	63	4.0
Komagataeibacter xylinus	28448	S	296	308	604	0.00004	0.00002	0.00000	0.00002	64	4.0
Komagataeibacter oboediens	65958	S	274	284	558	0.00004	0.00002	0.00000	0.00002	63	4.0
Komagataeibacter nataicola	265960	S	263	271	534	0.00003	0.00002	0.00000	0.00002	65	4.0
Entomobacter blattae	2762277	S	17704	17716	35420	0.00230	0.00115	0.00109	0.00104	47	nan
Acetobacter persici	1076596	S	708	709	1417	0.00009	0.00005	0.00000	0.00004	58	4.0
Acetobacter aceti	435	S	569	577	1146	0.00007	0.00004	0.00000	0.00003	59	5.0
Acetobacter senegalensis	446692	S	237	265	502	0.00003	0.00002	0.00000	0.00002	57	4.0
Acetobacter ascendens	481146	S	231	249	480	0.00003	0.00002	0.00000	0.00001	54	4.0
Acetobacter tropicalis	104102	S	175	198	373	0.00002	0.00001	0.00000	0.00001	58	4.0
Acetobacter pasteurianus	438	S	139	167	306	0.00002	0.00001	0.00000	0.00001	55	4.0
Acetobacter oryzifermentans	1633874	S	121	335	456	0.00003	0.00002	0.00000	0.00002	54	4.0
Acetobacter oryzoeni	2500548	S	120	145	265	0.00002	0.00001	0.00000	0.00001	54	4.0
Acetobacter vaccinii	2592655	S	115	115	230	0.00001	0.00001	0.00000	0.00001	61	4.0
Acetobacter ghanensis	431306	S	106	106	212	0.00001	0.00001	0.00000	0.00001	59	4.0
Kozakia baliensis	153496	S	442	446	888	0.00006	0.00003	0.00000	0.00003	59	5.0
Gluconacetobacter diazotrophicus	33996	S	384	385	769	0.00005	0.00002	0.00000	0.00003	67	4.0
Novacetimonas hansenii	436	S	268	272	540	0.00004	0.00002	0.00000	0.00002	62	4.0
Neoasaia chiangmaiensis	320497	S	202	202	404	0.00003	0.00001	0.00000	0.00001	62	4.0
Hirschia baltica	2724	S	96842	96851	193693	0.01257	0.00629	0.00589	0.00564	45	nan
Hyphomonas atlantica	1280948	S	31428	31763	63191	0.00410	0.00206	0.00191	0.00183	59	nan
Asticcacaulis sp. AND118	2840468	S	47071	47214	94285	0.00612	0.00306	0.00302	0.00288	64	nan
Brevundimonas vitisensis	2800818	S	6458	6640	13098	0.00085	0.00043	0.00048	0.00044	67	nan
Brevundimonas sp.	1871086	S	322	555	877	0.00006	0.00004	0.00000	0.00004	68	4.0
Brevundimonas sp. M20	2591463	S	237	257	494	0.00003	0.00002	0.00000	0.00002	68	4.0
Brevundimonas sp. MF30-B	2561924	S	158	179	337	0.00002	0.00001	0.00000	0.00001	68	4.0
Brevundimonas sp. PAMC22021	2861285	S	122	186	308	0.00002	0.00001	0.00000	0.00001	68	4.0
Brevundimonas sp. NIBR11	3015999	S	113	126	239	0.00002	0.00001	0.00000	0.00001	68	4.0
Brevundimonas sp. NIBR10	3015997	S	112	127	239	0.00002	0.00001	0.00000	0.00001	67	4.0
Brevundimonas naejangsanensis	588932	S	460	765	1225	0.00008	0.00005	0.00000	0.00005	68	4.0
Brevundimonas pondensis	2774189	S	304	339	643	0.00004	0.00002	0.00000	0.00002	67	5.0
Brevundimonas nasdae	172043	S	221	318	539	0.00003	0.00002	0.00000	0.00002	67	5.0
Brevundimonas diminuta	293	S	161	356	517	0.00003	0.00002	0.00000	0.00002	67	4.0
Brevundimonas goettingensis	2774190	S	122	125	247	0.00002	0.00001	0.00000	0.00001	68	4.0
Brevundimonas vancanneytii	1325724	S	121	431	552	0.00004	0.00003	0.00000	0.00003	67	4.0
Brevundimonas albigilva	1312364	S	112	131	243	0.00002	0.00001	0.00000	0.00001	70	4.0
Brevundimonas subvibrioides	74313	S	110	115	225	0.00001	0.00001	0.00000	0.00001	69	4.0
Caulobacter henricii	69395	S	8592	8660	17252	0.00112	0.00056	0.00061	0.00057	66	nan
Candidatus Gromoviella agglomerans	2806609	S	63541	63543	127084	0.00825	0.00412	0.00513	0.00479	30	nan
Wolbachia endosymbiont of Aedes albopictus	167957	S	13016	17044	30060	0.00195	0.00111	0.00121	0.00116	35	nan
Wolbachia endosymbiont of Psylliodes chrysocephala	2883236	S	3650	6642	10292	0.00067	0.00043	0.00048	0.00046	34	nan
Wolbachia endosymbiont of Trichogramma pretiosum	125593	S	3177	3414	6591	0.00043	0.00022	0.00026	0.00024	33	nan
Wolbachia endosymbiont of Oryzaephilus surinamensis	573241	S	1232	8818	10050	0.00065	0.00057	0.00064	0.00061	34	nan
Wolbachia endosymbiont (group B) of Erynnis tages	2954011	S	440	9828	10268	0.00067	0.00064	0.00071	0.00068	34	nan
Wolbachia endosymbiont (group B) of Catoptria pinella	2953993	S	375	9899	10274	0.00067	0.00064	0.00071	0.00069	34	nan
Ehrlichia canis	944	S	3773	3775	7548	0.00049	0.00025	0.00033	0.00032	30	nan
Candidatus Fonsibacter ubiquis	1925548	S	43818	43818	87636	0.00569	0.00284	0.00391	0.00377	28	nan
Pseudemcibacter aquimaris	2857064	S	9399	9400	18799	0.00122	0.00061	0.00059	0.00057	43	nan
Ramlibacter tataouinensis	94132	S	78745	78941	157686	0.01023	0.00512	0.00000	0.00575	69	5.0
Verminephrobacter eiseniae	364317	S	24697	24723	49420	0.00321	0.00160	0.00172	0.00163	66	nan
Acidovorax sp. NCPPB 3859	2940489	S	531	27389	27920	0.00181	0.00178	0.00213	0.00202	70	nan
Diaphorobacter sp. HDW4A	2714924	S	9604	9772	19376	0.00126	0.00063	0.00062	0.00059	63	nan
Rhodoferax sp. PAMC 29310	2822760	S	6902	6930	13832	0.00090	0.00045	0.00042	0.00040	58	nan
Paracidovorax avenae	80867	S	111	140	251	0.00002	0.00001	0.00001	0.00001	70	nan
Polynucleobacter sp. MG-6-Vaara-E2	2576932	S	47418	47655	95073	0.00617	0.00309	0.00291	0.00278	46	nan
Polynucleobacter sp. AP-Jannik-300A-C4	2576928	S	13507	13805	27312	0.00177	0.00090	0.00084	0.00080	46	nan
Caballeronia sp. Sq4a	2878152	S	28977	29800	58777	0.00381	0.00193	0.00195	0.00188	65	nan
Burkholderia ambifaria	152480	S	16963	20121	37084	0.00241	0.00131	0.00140	0.00138	68	nan
Burkholderia sp. KBS0801	1179675	S	123	386	509	0.00003	0.00003	0.00000	0.00003	68	5.0
Alcaligenes sp. NLF5-7	2918755	S	20479	49061	69540	0.00451	0.00318	0.00301	0.00281	58	nan
Alcaligenes sp. SMD-FA	2991054	S	17767	49115	66882	0.00434	0.00319	0.00297	0.00281	57	nan
Alcaligenes sp. SORT26	2813780	S	116	119	235	0.00002	0.00001	0.00001	0.00001	58	nan
Alcaligenes faecalis	511	S	681	862	1543	0.00010	0.00006	0.00005	0.00005	58	nan
Alcaligenes aquatilis	323284	S	140	251	391	0.00003	0.00002	0.00001	0.00001	57	nan
Achromobacter xylosoxidans	85698	S	2699	2967	5666	0.00037	0.00019	0.00020	0.00020	67	nan
Achromobacter pestifer	1353889	S	2204	2337	4541	0.00029	0.00015	0.00016	0.00016	67	nan
Achromobacter insolitus	217204	S	937	962	1899	0.00012	0.00006	0.00000	0.00006	66	5.0
Achromobacter aegrifaciens	1287736	S	740	1575	2315	0.00015	0.00010	0.00011	0.00011	67	nan
Achromobacter sp. MFA1 R4	1881016	S	110	166	276	0.00002	0.00001	0.00000	0.00001	67	5.0
Achromobacter sp. AONIH1	1758194	S	102	126	228	0.00001	0.00001	0.00000	0.00001	69	4.0
Achromobacter denitrificans	32002	S	317	324	641	0.00004	0.00002	0.00000	0.00002	69	5.0
Achromobacter spanius	217203	S	181	290	471	0.00003	0.00002	0.00000	0.00002	66	5.0
Achromobacter deleyi	1353891	S	168	185	353	0.00002	0.00001	0.00000	0.00001	68	5.0
Duodenibacillus massiliensis	1852381	S	30723	30731	61454	0.00399	0.00199	0.00182	0.00176	58	nan
Neisseria arctica	1470200	S	14972	15027	29999	0.00195	0.00098	0.00092	0.00088	48	nan
Neisseria sicca	490	S	9072	194241	203313	0.01320	0.01261	0.01188	0.01124	52	nan
Neisseria subflava	28449	S	2213	2782	4995	0.00032	0.00018	0.00017	0.00016	52	nan
Neisseria mucosa	488	S	2060	2740	4800	0.00031	0.00018	0.00017	0.00016	53	nan
Neisseria sp. oral taxon 014	641148	S	598	629	1227	0.00008	0.00004	0.00000	0.00004	54	5.0
Neisseria sp. Marseille-Q5346	2972775	S	287	375	662	0.00004	0.00002	0.00002	0.00002	53	nan
Neisseria sp. DTU_2021_1001991_1_SI_NGA_ILE_055	3077590	S	228	317	545	0.00004	0.00002	0.00002	0.00002	53	nan
Neisseria sp. RH3002v2g	1871109	S	214	309	523	0.00003	0.00002	0.00002	0.00002	52	nan
Neisseria sp. Marseille-Q6792	2937985	S	104	134	238	0.00002	0.00001	0.00000	0.00001	54	5.0
Neisseria macacae	496	S	1056	1307	2363	0.00015	0.00008	0.00000	0.00008	55	5.0
Neisseria meningitidis	487	S	765	1449	2214	0.00014	0.00009	0.00000	0.00008	54	5.0
Neisseria elongata	495	S	633	676	1309	0.00008	0.00004	0.00000	0.00004	55	5.0
Neisseria flavescens	484	S	383	464	847	0.00005	0.00003	0.00003	0.00003	52	nan
Neisseria lactamica	486	S	236	296	532	0.00003	0.00002	0.00000	0.00002	54	5.0
Neisseria gonorrhoeae	485	S	205	346	551	0.00004	0.00002	0.00000	0.00002	54	5.0
Neisseria cinerea	483	S	154	173	327	0.00002	0.00001	0.00000	0.00001	53	5.0
Neisseria perflava	33053	S	136	667	803	0.00005	0.00004	0.00004	0.00004	52	nan
Vitreoscilla stercoraria	61	S	2137	5557	7694	0.00050	0.00036	0.00035	0.00033	45	nan
Morococcus cerebrosus	1056807	S	743	868	1611	0.00010	0.00006	0.00000	0.00005	54	5.0
Chitinibacter bivalviorum	2739434	S	48685	49551	98236	0.00638	0.00322	0.00304	0.00283	51	nan
Chromobacterium sp. IIBBL 290-4	2953890	S	11619	11703	23322	0.00151	0.00076	0.00076	0.00072	64	nan
Aquitalea aquatilis	1537400	S	8998	9046	18044	0.00117	0.00059	0.00057	0.00054	62	nan
Nitrosomonas sp. sh817	3070658	S	6641	153843	160484	0.01042	0.00999	0.00000	0.00890	50	5.0
Nitrosomonas sp.	42353	S	1073	4134	5207	0.00034	0.00027	0.00000	0.00024	50	5.0
Nitrosomonas ureae	44577	S	895	10657	11552	0.00075	0.00069	0.00000	0.00062	50	5.0
Nitrosospira multiformis	1231	S	24766	24824	49590	0.00322	0.00161	0.00148	0.00141	55	nan
Thauera chlorobenzoica	96773	S	22491	23395	45886	0.00298	0.00152	0.00171	0.00163	68	nan
Thauera aromatica	59405	S	181	190	371	0.00002	0.00001	0.00000	0.00001	68	5.0
Ferrovum myxofaciens	416213	S	5609	5610	11219	0.00073	0.00036	0.00033	0.00032	55	nan
Bacillus sp. ZJS3	2928154	S	35205	69846	105051	0.00682	0.00453	0.00000	0.00468	35	5.0
Bacillus sp. KH172YL63	2709784	S	18968	19063	38031	0.00247	0.00124	0.00118	0.00113	46	nan
Bacillus sp. COPE52	2233998	S	4044	12651	16695	0.00108	0.00082	0.00097	0.00082	36	nan
Bacillus sp. JNUCC-22	2842457	S	582	5909	6491	0.00042	0.00038	0.00038	0.00037	37	nan
Bacillus sp. DM2	2267265	S	172	15568	15740	0.00102	0.00101	0.00101	0.00098	37	nan
Bacillus sp. HNA3	2585772	S	138	28512	28650	0.00186	0.00185	0.00185	0.00179	37	nan
Bacillus toyonensis	155322	S	4340	10863	15203	0.00099	0.00071	0.00086	0.00071	36	nan
Bacillus sp. HBCD-sjtu	2053832	S	1965	8200	10165	0.00066	0.00053	0.00060	0.00053	36	nan
Bacillus sp. FDAARGOS_235	1839798	S	136	1126	1262	0.00008	0.00007	0.00008	0.00007	37	nan
Bacillus thuringiensis	1428	S	1036	31305	32341	0.00210	0.00203	0.00208	0.00199	37	nan
Bacillus cereus	1396	S	1026	9080	10106	0.00066	0.00059	0.00063	0.00058	36	nan
Bacillus mycoides	1405	S	935	1569	2504	0.00016	0.00010	0.00000	0.00010	36	5.0
Bacillus wiedmannii	1890302	S	240	326	566	0.00004	0.00002	0.00000	0.00002	35	4.0
Bacillus pseudomycoides	64104	S	168	171	339	0.00002	0.00001	0.00000	0.00001	35	4.0
Bacillus anthracis	1392	S	165	11608	11773	0.00076	0.00075	0.00079	0.00074	37	nan
Bacillus luti	2026191	S	135	146	281	0.00002	0.00001	0.00000	0.00001	35	4.0
Bacillus velezensis	492670	S	2898	37874	40772	0.00265	0.00246	0.00248	0.00235	42	nan
Bacillus amyloliquefaciens	1390	S	225	2369	2594	0.00017	0.00015	0.00016	0.00015	45	nan
Bacillus subtilis	1423	S	530	37817	38347	0.00249	0.00245	0.00245	0.00238	37	nan
Bacillus paralicheniformis	1648923	S	136	165	301	0.00002	0.00001	0.00000	0.00001	47	4.0
Bacillus glycinifermentans	1664069	S	115	117	232	0.00002	0.00001	0.00000	0.00001	48	4.0
Lysinibacillus agricola	2590012	S	217432	218924	436356	0.02832	0.01421	0.01524	0.01450	37	nan
Lysinibacillus pakistanensis	759811	S	14423	14533	28956	0.00188	0.00094	0.00101	0.00096	37	nan
Shouchella clausii	79880	S	53681	53762	107443	0.00697	0.00349	0.00330	0.00315	45	nan
Mangrovibacillus cuniculi	2593652	S	42652	42809	85461	0.00555	0.00278	0.00287	0.00274	39	nan
Virgibacillus dokdonensis	302167	S	35144	35822	70966	0.00461	0.00233	0.00249	0.00236	37	nan
Anoxybacillus amylolyticus	294699	S	22999	23078	46077	0.00299	0.00150	0.00144	0.00137	44	nan
Aeribacillus composti	1868734	S	8965	12063	21028	0.00136	0.00078	0.00081	0.00076	39	nan
Aeribacillus pallidus	33936	S	5263	7054	12317	0.00080	0.00046	0.00047	0.00045	39	nan
Neobacillus sp. WH10	3047873	S	9926	9964	19890	0.00129	0.00065	0.00067	0.00064	38	nan
Halobacillus amylolyticus	2932259	S	6671	6709	13380	0.00087	0.00044	0.00044	0.00041	40	nan
Paenibacillus sp. D2_2	3073092	S	51555	51817	103372	0.00671	0.00336	0.00318	0.00304	46	nan
Paenibacillus sp. JZ16	1906272	S	45295	45869	91164	0.00592	0.00298	0.00276	0.00263	51	nan
Paenibacillus sp. CAA11	1532905	S	44067	44268	88335	0.00573	0.00287	0.00268	0.00255	50	nan
Paenibacillus sp. PK4536	3024576	S	3305	4275	7580	0.00049	0.00028	0.00028	0.00027	40	nan
Paenibacillus sp. Cedars	1980674	S	305	465	770	0.00005	0.00003	0.00000	0.00003	50	4.0
Paenibacillus sp. Y412MC10	481743	S	273	354	627	0.00004	0.00002	0.00000	0.00002	53	4.0
Paenibacillus montanisoli	2081970	S	54372	54508	108880	0.00707	0.00354	0.00331	0.00314	56	nan
Paenibacillus sonchi	373687	S	6923	7424	14347	0.00093	0.00048	0.00045	0.00043	52	nan
Paenibacillus riograndensis	483937	S	1387	1474	2861	0.00019	0.00010	0.00009	0.00009	53	nan
Paenibacillus nuruki	1886670	S	3347	4321	7668	0.00050	0.00028	0.00028	0.00027	40	nan
Paenibacillus lautus	1401	S	503	565	1068	0.00007	0.00004	0.00000	0.00003	53	4.0
Paenibacillus ihbetae	1870820	S	233	234	467	0.00003	0.00002	0.00000	0.00001	54	4.0
Paenibacillus glucanolyticus	59843	S	212	317	529	0.00003	0.00002	0.00000	0.00002	50	4.0
Paenibacillus jilunlii	682956	S	136	140	276	0.00002	0.00001	0.00000	0.00001	52	4.0
Brevibacillus sp. BB3-R1	2950604	S	39628	39961	79589	0.00517	0.00259	0.00241	0.00228	51	nan
Brevibacillus sp. NSP2.1	3003229	S	2357	7779	10136	0.00066	0.00050	0.00047	0.00045	55	nan
Listeria grayi	1641	S	136371	138003	274374	0.01781	0.00896	0.00906	0.00846	43	nan
Listeria monocytogenes	1639	S	341	514	855	0.00006	0.00003	0.00000	0.00003	39	4.0
Staphylococcus sp. NRL 16/872	2930131	S	2461	41845	44306	0.00288	0.00272	0.00331	0.00304	34	nan
Staphylococcus sp. IVB6181	2929481	S	737	778	1515	0.00010	0.00005	0.00000	0.00005	37	4.0
Staphylococcus sp. NRL 22/194	3020908	S	702	17942	18644	0.00121	0.00116	0.00142	0.00130	34	nan
Staphylococcus sp. 17KM0847	2583989	S	343	347	690	0.00004	0.00002	0.00000	0.00002	37	4.0
Staphylococcus sp. MI 10-1553	1912064	S	263	280	543	0.00004	0.00002	0.00000	0.00002	38	4.0
Staphylococcus haemolyticus	1283	S	11403	12626	24029	0.00156	0.00082	0.00092	0.00093	33	nan
Staphylococcus pettenkoferi	170573	S	3697	3749	7446	0.00048	0.00024	0.00025	0.00024	40	nan
Staphylococcus hominis	1290	S	1267	1385	2652	0.00017	0.00009	0.00000	0.00011	32	5.0
Staphylococcus devriesei	586733	S	1174	1212	2386	0.00015	0.00008	0.00009	0.00009	34	nan
Staphylococcus epidermidis	1282	S	776	1471	2247	0.00015	0.00010	0.00000	0.00011	33	5.0
Staphylococcus aureus	1280	S	496	2900	3396	0.00022	0.00019	0.00000	0.00021	34	5.0
Staphylococcus capitis	29388	S	401	439	840	0.00005	0.00003	0.00003	0.00003	34	nan
Staphylococcus pasteuri	45972	S	313	404	717	0.00005	0.00003	0.00003	0.00003	32	nan
Staphylococcus petrasii	1276936	S	301	1540	1841	0.00012	0.00010	0.00011	0.00011	32	nan
Staphylococcus caprae	29380	S	297	317	614	0.00004	0.00002	0.00000	0.00002	34	5.0
Staphylococcus simiae	308354	S	259	261	520	0.00003	0.00002	0.00000	0.00002	33	5.0
Staphylococcus lugdunensis	28035	S	236	244	480	0.00003	0.00002	0.00000	0.00002	34	5.0
Staphylococcus simulans	1286	S	145	149	294	0.00002	0.00001	0.00000	0.00001	36	4.0
Staphylococcus saccharolyticus	33028	S	142	145	287	0.00002	0.00001	0.00000	0.00001	32	5.0
Staphylococcus warneri	1292	S	104	168	272	0.00002	0.00001	0.00000	0.00001	33	5.0
Salinicoccus halodurans	407035	S	23364	23502	46866	0.00304	0.00153	0.00146	0.00140	46	nan
Jeotgalicoccus saudimassiliensis	1461582	S	15802	15853	31655	0.00205	0.00103	0.00100	0.00096	43	nan
Alicyclobacillus sp. ALC3	2796143	S	30169	30185	60354	0.00392	0.00196	0.00181	0.00172	56	nan
Planococcus lenghuensis	2213202	S	14053	14071	28124	0.00183	0.00091	0.00085	0.00081	49	nan
Planococcus maritimus	192421	S	2116	2143	4259	0.00028	0.00014	0.00013	0.00012	49	nan
Ureibacillus thermophilus	367743	S	2820	2885	5705	0.00037	0.00019	0.00019	0.00018	38	nan
Sporolactobacillus terrae	269673	S	11854	11863	23717	0.00154	0.00077	0.00073	0.00070	46	nan
Novibacillus thermophilus	1471761	S	10057	10073	20130	0.00131	0.00065	0.00061	0.00058	52	nan
Companilactobacillus farciminis	1612	S	240045	243568	483613	0.03139	0.01581	0.01702	0.01613	37	nan
Lactobacillus kullabergensis	1218493	S	48938	49694	98632	0.00640	0.00323	0.00351	0.00336	37	nan
Lactobacillus amylolyticus	83683	S	38784	39428	78212	0.00508	0.00256	0.00263	0.00253	40	nan
Lactobacillus delbrueckii	1584	S	19245	19551	38796	0.00252	0.00127	0.00115	0.00113	53	nan
Lactobacillus helsingborgensis	1218494	S	101	112	213	0.00001	0.00001	0.00000	0.00001	37	5.0
Limosilactobacillus portuensis	2742601	S	55843	57781	113624	0.00737	0.00375	0.00377	0.00358	40	nan
Limosilactobacillus frumenti	104955	S	30696	30964	61660	0.00400	0.00201	0.00196	0.00186	43	nan
Fructilactobacillus myrtifloralis	2940301	S	6110	6200	12310	0.00080	0.00040	0.00039	0.00036	50	nan
Lentilactobacillus kefiri	33962	S	3731	3807	7538	0.00049	0.00025	0.00024	0.00023	42	nan
Lactiplantibacillus plantarum	1590	S	238	310	548	0.00004	0.00002	0.00000	0.00002	46	4.0
Lactococcus sp. bn62	3037457	S	2769	18714	21483	0.00139	0.00121	0.00130	0.00121	39	nan
Lactococcus sp. LG606	2816912	S	2478	6648	9126	0.00059	0.00043	0.00046	0.00043	39	nan
Lactococcus sp. LG592	2816911	S	1874	15643	17517	0.00114	0.00102	0.00108	0.00101	39	nan
Lactococcus sp. LG1074	2816909	S	762	16735	17497	0.00114	0.00109	0.00116	0.00108	39	nan
Lactococcus garvieae	1363	S	9318	10858	20176	0.00131	0.00070	0.00074	0.00070	40	nan
Lactococcus lactis	1358	S	7624	10067	17691	0.00115	0.00065	0.00000	0.00068	36	5.0
Lactococcus formosensis	1281486	S	3720	4187	7907	0.00051	0.00027	0.00029	0.00027	39	nan
Lactococcus petauri	1940789	S	2350	10847	13197	0.00086	0.00070	0.00075	0.00070	39	nan
Lactococcus raffinolactis	1366	S	1550	1597	3147	0.00020	0.00010	0.00000	0.00010	41	4.0
Lactococcus cremoris	1359	S	234	277	511	0.00003	0.00002	0.00000	0.00002	36	5.0
Lactococcus piscium	1364	S	186	208	394	0.00003	0.00001	0.00001	0.00001	40	nan
Streptococcus thermophilus	1308	S	16513	17317	33830	0.00220	0.00112	0.00115	0.00110	40	nan
Streptococcus macedonicus	59310	S	13059	34533	47592	0.00309	0.00224	0.00233	0.00224	39	nan
Streptococcus pseudopneumoniae	257758	S	5094	6042	11136	0.00072	0.00039	0.00040	0.00038	41	nan
Streptococcus pneumoniae	1313	S	2501	3220	5721	0.00037	0.00021	0.00022	0.00020	41	nan
Streptococcus mitis	28037	S	1107	1239	2346	0.00015	0.00008	0.00000	0.00008	42	5.0
Streptococcus oralis	1303	S	228	263	491	0.00003	0.00002	0.00000	0.00002	43	5.0
Streptococcus sp. 116-D4	2598453	S	107	119	226	0.00001	0.00001	0.00000	0.00001	41	4.0
Streptococcus toyakuensis	2819619	S	180	228	408	0.00003	0.00001	0.00000	0.00001	42	5.0
Streptococcus suis	1307	S	112	122	234	0.00002	0.00001	0.00000	0.00001	42	4.0
Floricoccus penangensis	1859475	S	14391	14406	28797	0.00187	0.00094	0.00110	0.00105	34	nan
Aerococcus urinaehominis	128944	S	136269	136440	272709	0.01770	0.00886	0.00859	0.00822	43	nan
Vagococcus fluvialis	2738	S	10300	10377	20677	0.00134	0.00067	0.00080	0.00076	33	nan
Vagococcus carniphilus	218144	S	2788	2813	5601	0.00036	0.00018	0.00022	0.00021	33	nan
Enterococcus faecalis	1351	S	190	309	499	0.00003	0.00002	0.00000	0.00002	38	4.0
Carnobacterium divergens	2748	S	11827	11886	23713	0.00154	0.00077	0.00088	0.00081	36	nan
Clostridium bornimense	1216932	S	30221	30429	60650	0.00394	0.00198	0.00272	0.00256	29	nan
Clostridium pasteurianum	1501	S	21012	21080	42092	0.00273	0.00137	0.00182	0.00174	31	nan
Clostridium baratii	1561	S	15435	15490	30925	0.00201	0.00101	0.00150	0.00137	28	nan
Clostridium manihotivorum	2320868	S	11910	11937	23847	0.00155	0.00077	0.00094	0.00090	33	nan
Clostridium beijerinckii	1520	S	7803	10220	18023	0.00117	0.00066	0.00087	0.00085	30	nan
Clostridium cadaveris	1529	S	7316	7345	14661	0.00095	0.00048	0.00061	0.00056	32	nan
Clostridium sp. LQ25	2992805	S	5568	20921	26489	0.00172	0.00136	0.00188	0.00180	30	nan
Clostridium butyricum	1492	S	138	230	368	0.00002	0.00001	0.00002	0.00002	30	nan
Romboutsia sp. 13368	2708053	S	33827	34891	68718	0.00446	0.00226	0.00267	0.00321	29	nan
Romboutsia sp. CE17	2724150	S	6579	6779	13358	0.00087	0.00044	0.00064	0.00061	28	nan
Tepidibacter sp. 8C15b	2925782	S	3640	3683	7323	0.00048	0.00024	0.00032	0.00031	29	nan
Enterocloster bolteae	208479	S	17503	17838	35341	0.00229	0.00116	0.00107	0.00103	52	nan
Roseburia hominis	301301	S	188	211	399	0.00003	0.00001	0.00000	0.00001	51	4.0
Schnuerera ultunensis	45497	S	88929	89113	178042	0.01156	0.00578	0.00697	0.00660	32	nan
Miniphocaeibacter halophilus	2931922	S	10664	10666	21330	0.00138	0.00069	0.00096	0.00091	30	nan
uncultured Anaeromusa sp.	673273	S	23362	23367	46729	0.00303	0.00152	0.00141	0.00134	52	nan
Faecalibacillus intestinalis	1982626	S	12744	12911	25655	0.00167	0.00084	0.00114	0.00106	29	nan
Xylanimonas protaetiae	2509457	S	197056	199229	396285	0.02572	0.01293	0.01934	0.01839	73	nan
Xylanimonas cellulosilytica	186189	S	7123	7156	14279	0.00093	0.00046	0.00065	0.00062	73	nan
Microbacterium chengjingii	2769067	S	59041	59132	118173	0.00767	0.00384	0.00371	0.00356	62	nan
Microbacterium sp. CGR1	1696072	S	15035	19469	34504	0.00224	0.00126	0.00142	0.00136	68	nan
Microbacterium sp. H1-D42	2925844	S	5865	5887	11752	0.00076	0.00038	0.00043	0.00041	69	nan
Microbacterium sp. PAMC21962	2861280	S	489	7902	8391	0.00054	0.00051	0.00064	0.00062	71	nan
Microbacterium luteum	2782167	S	1721	1765	3486	0.00023	0.00011	0.00013	0.00013	70	nan
Microbacterium fandaimingii	2708079	S	419	419	838	0.00005	0.00003	0.00000	0.00003	64	4.0
Curtobacterium sp. MCBA15_004	1898733	S	26537	40600	67137	0.00436	0.00264	0.00354	0.00346	73	nan
Rothia aeria	172042	S	67806	68086	135892	0.00882	0.00442	0.00415	0.00397	59	nan
Rothia dentocariosa	2047	S	4469	4491	8960	0.00058	0.00029	0.00000	0.00026	55	4.0
Rothia mucilaginosa	43675	S	513	513	1026	0.00007	0.00003	0.00000	0.00003	61	4.0
Citricoccus sp. I39-566	3073268	S	32253	32449	64702	0.00420	0.00211	0.00261	0.00252	71	nan
Arthrobacter sp. YN	2020486	S	18607	18995	37602	0.00244	0.00123	0.00121	0.00116	64	nan
Kocuria sp. KD4	2719588	S	2534	2912	5446	0.00035	0.00019	0.00021	0.00021	69	nan
Kocuria indica	1049583	S	1023	1186	2209	0.00014	0.00008	0.00000	0.00009	70	5.0
Renibacterium salmoninarum	1646	S	2448	2449	4897	0.00032	0.00016	0.00015	0.00014	56	nan
Brachybacterium saurashtrense	556288	S	4558	4574	9132	0.00059	0.00030	0.00041	0.00041	74	nan
Brevibacterium sp. BRM-1	2999062	S	4056	4096	8152	0.00053	0.00027	0.00037	0.00035	73	nan
Streptomyces sp. PBH53	1577075	S	42083	116979	159062	0.01032	0.00759	0.01276	0.01030	73	nan
Streptomyces sp. WAC 01529	2203205	S	35780	38152	73932	0.00480	0.00248	0.00327	0.00312	72	nan
Streptomyces sp. Alt3	3033808	S	31191	36123	67314	0.00437	0.00234	0.00305	0.00287	71	nan
Streptomyces sp. KMM 9044	2744474	S	23629	24717	48346	0.00314	0.00160	0.00210	0.00198	72	nan
Streptomyces sp. LX-29	2900152	S	19866	20360	40226	0.00261	0.00132	0.00187	0.00180	73	nan
Streptomyces sp. Go-475	2072505	S	14038	15621	29659	0.00193	0.00101	0.00144	0.00132	73	nan
Streptomyces sp. INR7	2607753	S	13488	16945	30433	0.00198	0.00110	0.00170	0.00147	73	nan
Streptomyces sp. 2323.1	1938841	S	6223	6936	13159	0.00085	0.00045	0.00059	0.00057	71	nan
Streptomyces sp. CLI2509	1984801	S	930	7338	8268	0.00054	0.00048	0.00000	0.00065	73	5.0
Streptomyces sp. SCA4-21	3026192	S	806	2078	2884	0.00019	0.00013	0.00022	0.00018	73	nan
Streptomyces sp. S465	2979468	S	644	1704	2348	0.00015	0.00011	0.00018	0.00015	73	nan
Streptomyces sp. NA02950	2742137	S	340	347	687	0.00004	0.00002	0.00003	0.00003	72	nan
Streptomyces sp. Rer75	2750011	S	180	232	412	0.00003	0.00002	0.00002	0.00002	72	nan
Streptomyces sp. 11-1-2	1851167	S	136	206	342	0.00002	0.00001	0.00002	0.00002	72	nan
Streptomyces sp. RTd22	1841249	S	125	157	282	0.00002	0.00001	0.00001	0.00001	72	nan
Streptomyces sp. AM8-1-1	3075825	S	117	120	237	0.00002	0.00001	0.00000	0.00001	70	4.0
Streptomyces sp. S1D4-11	2721246	S	109	158	267	0.00002	0.00001	0.00001	0.00001	71	nan
Streptomyces microflavus	1919	S	57936	105290	163226	0.01059	0.00683	0.00913	0.00861	72	nan
Streptomyces griseus	1911	S	149	159	308	0.00002	0.00001	0.00001	0.00001	72	nan
Streptomyces pluripotens	1355015	S	17114	17276	34390	0.00223	0.00112	0.00138	0.00132	70	nan
Streptomyces atratus	1893	S	15351	15536	30887	0.00200	0.00101	0.00120	0.00116	70	nan
Streptomyces coeruleorubidus	116188	S	14510	15345	29855	0.00194	0.00100	0.00126	0.00123	72	nan
Streptomyces lunaelactis	1535768	S	13622	13752	27374	0.00178	0.00089	0.00106	0.00104	71	nan
Streptomyces coelicolor	1902	S	5895	13991	19886	0.00129	0.00091	0.00130	0.00116	73	nan
Streptomyces rapamycinicus	1226757	S	706	740	1446	0.00009	0.00005	0.00006	0.00006	71	nan
Streptomyces violaceusniger	68280	S	186	234	420	0.00003	0.00002	0.00002	0.00002	71	nan
Streptomyces yatensis	155177	S	130	163	293	0.00002	0.00001	0.00001	0.00001	72	nan
Streptomyces rubrolavendulae	285473	S	211	548	759	0.00005	0.00004	0.00006	0.00005	73	nan
Streptomyces antimycoticus	68175	S	130	185	315	0.00002	0.00001	0.00001	0.00001	72	nan
Kitasatospora sp. YST-16	2998080	S	11587	11969	23556	0.00153	0.00078	0.00103	0.00114	75	nan
Streptacidiphilus sp. P02-A3a	2704468	S	2543	2553	5096	0.00033	0.00017	0.00022	0.00022	73	nan
Corynebacterium tuberculostearicum	38304	S	114627	118676	233303	0.01514	0.00770	0.00740	0.00698	60	nan
Corynebacterium kefirresidentii	1979527	S	41114	55575	96689	0.00628	0.00361	0.00336	0.00323	59	nan
Corynebacterium matruchotii	43768	S	39913	39928	79841	0.00518	0.00259	0.00245	0.00234	58	nan
Corynebacterium glutamicum	1718	S	24040	48577	72617	0.00471	0.00315	0.00000	0.00277	55	5.0
Corynebacterium sp. NML98-0116	702967	S	17894	22809	40703	0.00264	0.00148	0.00144	0.00136	59	nan
Corynebacterium sphenisci	191493	S	4136	4142	8278	0.00054	0.00027	0.00034	0.00043	75	nan
Corynebacterium minutissimum	38301	S	1468	1526	2994	0.00019	0.00010	0.00000	0.00009	61	5.0
Corynebacterium simulans	146827	S	1116	1149	2265	0.00015	0.00007	0.00000	0.00007	60	5.0
Corynebacterium accolens	38284	S	1029	1243	2272	0.00015	0.00008	0.00000	0.00007	60	5.0
Corynebacterium striatum	43770	S	951	974	1925	0.00012	0.00006	0.00000	0.00006	60	5.0
Corynebacterium confusum	71254	S	743	753	1496	0.00010	0.00005	0.00000	0.00005	67	4.0
Corynebacterium macginleyi	38290	S	699	703	1402	0.00009	0.00005	0.00000	0.00004	58	5.0
Corynebacterium aurimucosum	169292	S	387	391	778	0.00005	0.00003	0.00000	0.00002	62	5.0
Corynebacterium stationis	1705	S	193	194	387	0.00003	0.00001	0.00000	0.00001	55	4.0
Corynebacterium diphtheriae	1717	S	187	192	379	0.00002	0.00001	0.00000	0.00001	54	4.0
Corynebacterium singulare	161899	S	173	176	349	0.00002	0.00001	0.00000	0.00001	60	4.0
Corynebacterium camporealensis	161896	S	162	162	324	0.00002	0.00001	0.00000	0.00001	60	5.0
Corynebacterium jeikeium	38289	S	125	129	254	0.00002	0.00001	0.00000	0.00001	63	4.0
Corynebacterium endometrii	2488819	S	122	122	244	0.00002	0.00001	0.00000	0.00001	61	4.0
Corynebacterium flavescens	28028	S	119	119	238	0.00002	0.00001	0.00000	0.00001	61	4.0
Corynebacterium lizhenjunii	2709394	S	111	111	222	0.00001	0.00001	0.00000	0.00001	63	4.0
Corynebacterium massiliense	441501	S	101	101	202	0.00001	0.00001	0.00000	0.00001	67	4.0
Rhodococcus sp. WMMA185	679318	S	43517	43585	87102	0.00565	0.00283	0.00287	0.00273	64	nan
Rhodococcus sp. 2G	1570939	S	7650	22426	30076	0.00195	0.00146	0.00157	0.00154	68	nan
Rhodococcus rhodochrous	1829	S	22951	30624	53575	0.00348	0.00199	0.00213	0.00212	68	nan
Rhodococcus pyridinivorans	103816	S	107	246	353	0.00002	0.00002	0.00002	0.00002	68	nan
Gordonia jinghuaiqii	2758710	S	27690	27777	55467	0.00360	0.00180	0.00200	0.00192	69	nan
Dietzia sp. JS16-p6b	2052657	S	148	26765	26913	0.00175	0.00174	0.00214	0.00206	70	nan
Mycobacterium stomatepiae	470076	S	4891	4910	9801	0.00064	0.00032	0.00033	0.00033	67	nan
Arcanobacterium phocae	131112	S	53031	53958	106989	0.00694	0.00350	0.00320	0.00305	50	nan
Arcanobacterium phocisimile	1302235	S	3035	3100	6135	0.00040	0.00020	0.00000	0.00017	51	5.0
Arcanobacterium buesumense	2722751	S	1501	1523	3024	0.00020	0.00010	0.00000	0.00009	49	5.0
Arcanobacterium pinnipediorum	1503041	S	626	632	1258	0.00008	0.00004	0.00000	0.00004	51	4.0
Arcanobacterium haemolyticum	28264	S	124	124	248	0.00002	0.00001	0.00000	0.00001	54	4.0
Flaviflexus salsibiostraticola	1282737	S	28112	28257	56369	0.00366	0.00183	0.00196	0.00185	67	nan
Actinomyces sp. Chiba101	1851395	S	18738	18813	37551	0.00244	0.00122	0.00166	0.00156	72	nan
Gleimia europaea	66228	S	12884	12990	25874	0.00168	0.00084	0.00077	0.00074	57	nan
Winkia neuii	33007	S	519	526	1045	0.00007	0.00003	0.00000	0.00003	57	5.0
Varibaculum prostatecancerukia	2811781	S	202	202	404	0.00003	0.00001	0.00000	0.00001	54	5.0
Mobiluncus curtisii	2051	S	182	182	364	0.00002	0.00001	0.00000	0.00001	57	5.0
Trueperella pyogenes	1661	S	120	120	240	0.00002	0.00001	0.00000	0.00001	61	4.0
Nocardioides sp. LMS-CY	2840457	S	7711	7773	15484	0.00100	0.00050	0.00066	0.00065	73	nan
Nocardioides sp. zg-1228	2763008	S	3753	3770	7523	0.00049	0.00024	0.00034	0.00033	74	nan
Nocardioides mesophilus	433659	S	6893	6907	13800	0.00090	0.00045	0.00060	0.00058	73	nan
Nocardioides dongkuii	2760089	S	5101	5122	10223	0.00066	0.00033	0.00047	0.00046	74	nan
Aeromicrobium sp. Leaf245	1736306	S	6697	6710	13407	0.00087	0.00044	0.00058	0.00055	72	nan
Brooklawnia sp. SH051	3041175	S	11728	11795	23523	0.00153	0.00077	0.00082	0.00077	66	nan
Tessaracoccus palaemonis	2829499	S	5372	5446	10818	0.00070	0.00035	0.00043	0.00041	70	nan
Micromonospora terminaliae	1914461	S	17516	17782	35298	0.00229	0.00115	0.00171	0.00164	74	nan
Verrucosispora sp. NA02020	2742132	S	15782	15903	31685	0.00206	0.00103	0.00136	0.00132	72	nan
Micromonospora siamensis	299152	S	4890	4933	9823	0.00064	0.00032	0.00047	0.00045	74	nan
Phytohabitans suffuscus	624315	S	3998	4001	7999	0.00052	0.00026	0.00035	0.00034	73	nan
Kutzneria albida	43357	S	35009	35057	70066	0.00455	0.00228	0.00287	0.00274	72	nan
Amycolatopsis methanolica	1814	S	2344	2359	4703	0.00031	0.00015	0.00020	0.00019	72	nan
Nonomuraea sp. ATCC 55076	1909395	S	33119	33231	66350	0.00431	0.00216	0.00292	0.00280	73	nan
Iamia majanohamensis	467976	S	13701	13701	27402	0.00178	0.00089	0.00127	0.00140	75	nan
Synechococcus sp. PCC 7336	195250	S	98360	98363	196723	0.01277	0.00638	0.00595	0.00561	55	nan
Synechococcus sp. CB0101	232348	S	74380	74612	148992	0.00967	0.00484	0.00507	0.00476	66	nan
Synechococcus sp. BIOS-E4-1	1400864	S	37415	37476	74891	0.00486	0.00243	0.00232	0.00216	59	nan
Synechocystis sp. PCC 7338	2732530	S	15409	53677	69086	0.00448	0.00348	0.00323	0.00310	51	nan
Thermostichus lividus	33070	S	96282	96293	192575	0.01250	0.00625	0.00570	0.00543	54	nan
Thermocoleostomius sinensis	3065396	S	69609	69619	139228	0.00904	0.00452	0.00416	0.00397	50	nan
Crinalium epipsammum	241425	S	67699	67703	135402	0.00879	0.00439	0.00439	0.00420	40	nan
[Phormidium] sp. ETS-05	222819	S	52939	52940	105879	0.00687	0.00344	0.00316	0.00303	50	nan
Nostoc piscinale	224012	S	24645	24749	49394	0.00321	0.00161	0.00159	0.00153	41	nan
Pseudanabaena sp. Chao 1811	2963092	S	17840	17880	35720	0.00232	0.00116	0.00112	0.00108	43	nan
Pseudanabaena mucicola	71190	S	6258	6261	12519	0.00081	0.00041	0.00039	0.00038	42	nan
Thermosynechococcus sp. HN-54	2933959	S	9711	9724	19435	0.00126	0.00063	0.00058	0.00055	54	nan
Pleurocapsa sp. FMAR1	3040204	S	2349	2349	4698	0.00030	0.00015	0.00016	0.00015	41	nan
Mycoplasma sp. E35C	2801918	S	63037	63187	126224	0.00819	0.00410	0.00571	0.00539	28	nan
Mycoplasma sp. 2045	2967301	S	20085	20143	40228	0.00261	0.00131	0.00183	0.00172	28	nan
Mycoplasma sp. SG1	2810348	S	16845	16845	33690	0.00219	0.00109	0.00172	0.00172	25	nan
Mycoplasma sp. OR1901	2742195	S	7053	7075	14128	0.00092	0.00046	0.00072	0.00069	24	nan
Mycoplasma phocoenae	754517	S	36906	36927	73833	0.00479	0.00240	0.00337	0.00322	28	nan
Mycoplasma tullyi	1612150	S	35294	35503	70797	0.00460	0.00230	0.00291	0.00276	30	nan
Mycoplasma miroungigenitalium	754515	S	19876	19928	39804	0.00258	0.00129	0.00168	0.00162	31	nan
Mycoplasma parvum	984991	S	8266	8269	16535	0.00107	0.00054	0.00079	0.00078	28	nan
Mycoplasma phocoeninasale	2726117	S	4735	4768	9503	0.00062	0.00031	0.00043	0.00041	29	nan
Mycoplasma putrefaciens	2123	S	1978	1988	3966	0.00026	0.00013	0.00019	0.00019	25	nan
Spiroplasma sp. TIUS-1	216963	S	44302	44315	88617	0.00575	0.00288	0.00411	0.00389	29	nan
Spiroplasma alleghenense	216931	S	26402	26534	52936	0.00344	0.00172	0.00233	0.00221	29	nan
Spiroplasma syrphidicola	216945	S	9199	9302	18501	0.00120	0.00060	0.00084	0.00079	29	nan
Mesoplasma florum	2151	S	3952	4091	8043	0.00052	0.00027	0.00039	0.00039	26	nan
Mariniplasma anaerobium	2735436	S	41299	41302	82601	0.00536	0.00268	0.00353	0.00331	29	nan
Mycoplasmopsis meleagridis	29561	S	68411	68568	136979	0.00889	0.00445	0.00742	0.00682	24	nan
Mycoplasmopsis arginini	2094	S	25073	25363	50436	0.00327	0.00165	0.00232	0.00247	26	nan
Mycoplasmopsis citelli	171281	S	15977	16024	32001	0.00208	0.00104	0.00158	0.00150	26	nan
Mycoplasmoides fastidiosum	92758	S	3745	3745	7490	0.00049	0.00024	0.00030	0.00029	32	nan
Sphaerobacter thermophilus	2057	S	25020	25020	50040	0.00325	0.00162	0.00186	0.00176	68	nan
Pelolinea submarina	913107	S	5657	5657	11314	0.00073	0.00037	0.00034	0.00033	52	nan
Flavobacterium sp. K5-23	2746225	S	257340	267772	525112	0.03408	0.01738	0.01995	0.01911	34	nan
Flavobacterium sp. N2820	2986834	S	19228	19683	38911	0.00253	0.00128	0.00154	0.00146	32	nan
Flavobacterium sp. I3-2	2748319	S	11827	12245	24072	0.00156	0.00079	0.00100	0.00095	31	nan
Flavobacterium sp. M31R6	2739062	S	772	816	1588	0.00010	0.00005	0.00000	0.00006	36	5.0
Flavobacterium sp. CECT 9288	2845819	S	748	1641	2389	0.00016	0.00011	0.00000	0.00012	34	4.0
Flavobacterium sp. CHNK8	2871165	S	602	1365	1967	0.00013	0.00009	0.00000	0.00010	34	4.0
Flavobacterium sp. N3904	2986835	S	595	624	1219	0.00008	0.00004	0.00000	0.00004	35	5.0
Flavobacterium sp. ZE23DGlu08	3059026	S	485	570	1055	0.00007	0.00004	0.00000	0.00004	36	5.0
Flavobacterium sp. Sr18	935222	S	443	505	948	0.00006	0.00003	0.00000	0.00004	36	4.0
Flavobacterium sp. F-29	2893883	S	430	459	889	0.00006	0.00003	0.00000	0.00003	36	5.0
Flavobacterium sp. F-340	2893886	S	422	468	890	0.00006	0.00003	0.00000	0.00003	34	5.0
Flavobacterium sp. 140616W15	2478552	S	404	417	821	0.00005	0.00003	0.00000	0.00003	33	4.0
Flavobacterium sp. IMCC34518	3003623	S	306	681	987	0.00006	0.00004	0.00000	0.00005	34	5.0
Flavobacterium sp. F-70	2893884	S	305	324	629	0.00004	0.00002	0.00000	0.00002	35	5.0
Flavobacterium sp. N1994	2986827	S	261	264	525	0.00003	0.00002	0.00000	0.00002	35	5.0
Flavobacterium sp. MDT1-60	1979344	S	246	266	512	0.00003	0.00002	0.00000	0.00002	33	5.0
Flavobacterium sp. IMCC34852	2732161	S	201	213	414	0.00003	0.00001	0.00001	0.00001	38	nan
Flavobacterium sp. CLA17	2724135	S	198	210	408	0.00003	0.00001	0.00000	0.00001	37	5.0
Flavobacterium sp. SLB02	2665645	S	197	228	425	0.00003	0.00001	0.00000	0.00002	35	4.0
Flavobacterium sp. N1846	2986824	S	192	203	395	0.00003	0.00001	0.00000	0.00002	32	4.0
Flavobacterium sp. N2038	2986829	S	191	207	398	0.00003	0.00001	0.00000	0.00001	33	4.0
Flavobacterium sp. F-323	2893885	S	187	198	385	0.00002	0.00001	0.00000	0.00001	36	4.0
Flavobacterium sp. KBS0721	1179672	S	176	205	381	0.00002	0.00001	0.00000	0.00001	34	4.0
Flavobacterium sp. N2270	2986831	S	149	151	300	0.00002	0.00001	0.00000	0.00001	30	4.0
Flavobacterium sp. CJ75	3034146	S	142	161	303	0.00002	0.00001	0.00000	0.00001	33	4.0
Flavobacterium sp. N1736	2986823	S	141	154	295	0.00002	0.00001	0.00000	0.00001	34	4.0
Flavobacterium sp. N1719	2885633	S	139	139	278	0.00002	0.00001	0.00000	0.00001	40	4.0
Flavobacterium sp. N502536	2986837	S	132	154	286	0.00002	0.00001	0.00000	0.00001	37	5.0
Flavobacterium sp. TR2	2977321	S	131	161	292	0.00002	0.00001	0.00000	0.00001	35	4.0
Flavobacterium sp. GSB-24	2994319	S	117	134	251	0.00002	0.00001	0.00000	0.00001	34	4.0
Flavobacterium sp. N502540	2986838	S	112	202	314	0.00002	0.00001	0.00000	0.00001	35	4.0
Flavobacterium sp. 20NA77.7	3073563	S	110	111	221	0.00001	0.00001	0.00000	0.00001	33	4.0
Flavobacterium sp. KACC 22763	3025668	S	101	138	239	0.00002	0.00001	0.00000	0.00001	34	4.0
Flavobacterium aestivum	3003257	S	54519	55153	109672	0.00712	0.00358	0.00415	0.00396	34	nan
Flavobacterium faecale	1355330	S	52646	53046	105692	0.00686	0.00344	0.00379	0.00363	36	nan
Flavobacterium magnum	2162713	S	10104	10147	20251	0.00131	0.00066	0.00063	0.00059	49	nan
Flavobacterium lacustre	3016339	S	530	539	1069	0.00007	0.00003	0.00000	0.00004	34	5.0
Flavobacterium limnophilum	3003262	S	480	486	966	0.00006	0.00003	0.00000	0.00003	38	4.0
Flavobacterium ammonificans	1751056	S	457	467	924	0.00006	0.00003	0.00000	0.00003	34	5.0
Flavobacterium eburneipallidum	3003263	S	428	432	860	0.00006	0.00003	0.00000	0.00003	34	5.0
Flavobacterium nackdongense	2547394	S	403	405	808	0.00005	0.00003	0.00000	0.00003	37	5.0
Flavobacterium marginilacus	3003256	S	375	379	754	0.00005	0.00002	0.00000	0.00003	36	5.0
Flavobacterium aquiphilum	3003261	S	375	379	754	0.00005	0.00002	0.00000	0.00003	36	5.0
Flavobacterium ammoniigenes	1751095	S	371	379	750	0.00005	0.00002	0.00000	0.00003	36	5.0
Flavobacterium nitratireducens	992289	S	356	361	717	0.00005	0.00002	0.00000	0.00003	34	4.0
Flavobacterium gilvum	1492737	S	350	353	703	0.00005	0.00002	0.00000	0.00002	36	5.0
Flavobacterium commune	1306519	S	290	294	584	0.00004	0.00002	0.00002	0.00002	35	nan
Flavobacterium praedii	3002900	S	255	556	811	0.00005	0.00004	0.00000	0.00004	34	5.0
Flavobacterium pectinovorum	29533	S	217	224	441	0.00003	0.00001	0.00000	0.00002	34	5.0
Flavobacterium crassostreae	1763534	S	203	206	409	0.00003	0.00001	0.00000	0.00001	37	4.0
Flavobacterium psychrophilum	96345	S	197	199	396	0.00003	0.00001	0.00000	0.00001	33	4.0
Flavobacterium johnsoniae	986	S	196	246	442	0.00003	0.00002	0.00000	0.00002	34	4.0
uncultured Flavobacterium sp.	165435	S	193	199	392	0.00003	0.00001	0.00000	0.00001	33	5.0
Flavobacterium azooxidireducens	1871076	S	184	184	368	0.00002	0.00001	0.00000	0.00001	34	4.0
Flavobacterium endoglycinae	2816357	S	177	181	358	0.00002	0.00001	0.00000	0.00001	35	5.0
Flavobacterium anhuiense	459526	S	168	178	346	0.00002	0.00001	0.00000	0.00001	34	5.0
Flavobacterium bizetiae	2704140	S	166	174	340	0.00002	0.00001	0.00000	0.00001	35	5.0
Flavobacterium branchiophilum	55197	S	159	159	318	0.00002	0.00001	0.00000	0.00001	34	4.0
Flavobacterium cyclinae	2895947	S	151	155	306	0.00002	0.00001	0.00000	0.00001	33	4.0
Flavobacterium gyeonganense	1310418	S	142	152	294	0.00002	0.00001	0.00000	0.00001	35	5.0
Flavobacterium crocinum	2183896	S	134	143	277	0.00002	0.00001	0.00000	0.00001	34	5.0
Flavobacterium flavigenum	3003258	S	131	140	271	0.00002	0.00001	0.00000	0.00001	35	5.0
Flavobacterium channae	2897181	S	126	131	257	0.00002	0.00001	0.00000	0.00001	32	4.0
Flavobacterium ginsengisoli	871694	S	125	137	262	0.00002	0.00001	0.00000	0.00001	34	4.0
Flavobacterium sangjuense	2518177	S	124	124	248	0.00002	0.00001	0.00000	0.00001	37	4.0
Flavobacterium gelatinilyticum	3003260	S	119	124	243	0.00002	0.00001	0.00000	0.00001	35	5.0
Flavobacterium humidisoli	2937442	S	115	122	237	0.00002	0.00001	0.00000	0.00001	34	5.0
Flavobacterium collinsii	1114861	S	102	108	210	0.00001	0.00001	0.00000	0.00001	36	5.0
Bizionia sp. M204	2675331	S	176794	177576	354370	0.02300	0.01153	0.01289	0.01234	34	nan
Pseudalgibacter alginicilyticus	1736674	S	104755	105186	209941	0.01363	0.00683	0.00835	0.00795	32	nan
Wenyingzhuangia fucanilytica	1790137	S	48320	48427	96747	0.00628	0.00314	0.00385	0.00366	32	nan
Christiangramia salexigens	1913577	S	41459	41547	83006	0.00539	0.00270	0.00278	0.00265	38	nan
Myroides phaeus	702745	S	38368	38844	77212	0.00501	0.00252	0.00293	0.00278	34	nan
Polaribacter undariae	1574269	S	13275	17711	30986	0.00201	0.00115	0.00146	0.00139	31	nan
Polaribacter sp. HaHaR_3_91	2745561	S	2245	3967	6212	0.00040	0.00026	0.00033	0.00031	30	nan
Aegicerativicinus sediminis	2893202	S	15177	15184	30361	0.00197	0.00099	0.00106	0.00101	36	nan
Tamlana sp. s12	1630406	S	14574	14675	29249	0.00190	0.00095	0.00105	0.00101	36	nan
Lacinutrix sp. WUR7	2653681	S	8390	8420	16810	0.00109	0.00055	0.00065	0.00062	33	nan
Capnocytophaga sp. oral taxon 878	1316596	S	6816	6972	13788	0.00089	0.00045	0.00048	0.00045	39	nan
Nonlabens sp. MIC269	1476901	S	2153	2519	4672	0.00030	0.00016	0.00018	0.00017	35	nan
Chryseobacterium lactis	1241981	S	138881	143061	281942	0.01830	0.00929	0.01003	0.00959	37	nan
Chryseobacterium sp. G0201	2487065	S	37342	37735	75077	0.00487	0.00245	0.00278	0.00267	35	nan
Chryseobacterium sp. 3008163	2478663	S	28378	28769	57147	0.00371	0.00187	0.00211	0.00201	35	nan
Chryseobacterium cucumeris	1813611	S	55110	57671	112781	0.00732	0.00374	0.00397	0.00381	38	nan
Marnyiella aurantia	2758037	S	15878	15990	31868	0.00207	0.00104	0.00100	0.00096	45	nan
Cruoricaptor ignavus	1118202	S	12212	12298	24510	0.00159	0.00080	0.00076	0.00073	48	nan
Alistipes indistinctus	626932	S	259947	260496	520443	0.03378	0.01691	0.01560	0.01501	57	nan
Alistipes ihumii	1470347	S	713	714	1427	0.00009	0.00005	0.00000	0.00004	61	4.0
Alistipes shahii	328814	S	704	751	1455	0.00009	0.00005	0.00000	0.00005	62	5.0
Alistipes finegoldii	214856	S	260	276	536	0.00003	0.00002	0.00000	0.00002	61	4.0
Alistipes sp. dk3624	2662363	S	155	155	310	0.00002	0.00001	0.00000	0.00001	57	4.0
Alistipes senegalensis	1288121	S	100	102	202	0.00001	0.00001	0.00000	0.00001	62	4.0
Hoylesella enoeca	76123	S	28601	28624	57225	0.00371	0.00186	0.00177	0.00167	48	nan
Sodaliphilus pleomorphus	2606626	S	15476	15581	31057	0.00202	0.00101	0.00000	0.00092	59	5.0
Muribaculum gordoncarteri	2530390	S	7096	7386	14482	0.00094	0.00048	0.00044	0.00043	53	nan
Barnesiella viscericola	397865	S	8134	8296	16430	0.00107	0.00054	0.00050	0.00048	56	nan
Porphyromonas crevioricanis	393921	S	4025	4032	8057	0.00052	0.00026	0.00024	0.00023	46	nan
Parabacteroides merdae	46503	S	249	253	502	0.00003	0.00002	0.00000	0.00002	47	4.0
Labilibaculum antarcticum	1717717	S	68605	68614	137219	0.00891	0.00445	0.00481	0.00459	36	nan
Flavihumibacter rivuli	2838156	S	56355	56359	112714	0.00732	0.00366	0.00339	0.00323	49	nan
Longitalea sp. SCSIO 12813	3069118	S	52988	52991	105979	0.00688	0.00344	0.00321	0.00304	46	nan
Porifericola rhodea	930972	S	16974	16984	33958	0.00220	0.00110	0.00108	0.00104	42	nan
Planctopirus limnophila	120	S	72821	73033	145854	0.00947	0.00474	0.00430	0.00410	54	nan
Stratiformator vulcanicus	2527980	S	26578	26578	53156	0.00345	0.00173	0.00162	0.00154	60	nan
Sulfuriroseicoccus oceanibius	2707525	S	24152	24153	48305	0.00314	0.00157	0.00147	0.00139	59	nan
Verrucomicrobium sp. GAS474	1882831	S	8476	8476	16952	0.00110	0.00055	0.00061	0.00057	67	nan
Fontisphaera persica	2974023	S	32542	32542	65084	0.00422	0.00211	0.00207	0.00196	62	nan
Lacunisphaera limnophila	1838286	S	10837	10837	21674	0.00141	0.00070	0.00077	0.00073	68	nan
Candidatus Protochlamydia naegleriophila	389348	S	19870	19874	39744	0.00258	0.00129	0.00125	0.00121	43	nan
Chlamydia abortus	83555	S	145	147	292	0.00002	0.00001	0.00000	0.00001	40	4.0
Desulfohalobium retbaense	45663	S	81802	81804	163606	0.01062	0.00531	0.00501	0.00477	59	nan
Desulfovibrio desulfuricans	876	S	29097	29314	58411	0.00379	0.00190	0.00194	0.00173	59	nan
Desulfosarcina alkanivorans	571177	S	26303	26355	52658	0.00342	0.00171	0.00166	0.00155	60	nan
Desulfosediminicola ganghwensis	2569540	S	7609	7613	15222	0.00099	0.00049	0.00046	0.00044	49	nan
Citrifermentans bemidjiense	225194	S	7084	7102	14186	0.00092	0.00046	0.00045	0.00043	63	nan
Borrelia parkeri	141	S	35134	36662	71796	0.00466	0.00238	0.00319	0.00306	30	nan
Borrelia hermsii	140	S	7377	7388	14765	0.00096	0.00048	0.00062	0.00060	30	nan
Borreliella mayonii	1674146	S	21582	22844	44426	0.00288	0.00148	0.00231	0.00210	26	nan
Borreliella yangtzensis	683292	S	15478	15782	31260	0.00203	0.00102	0.00149	0.00143	27	nan
Brachyspira pilosicoli	52584	S	67523	67571	135094	0.00877	0.00439	0.00646	0.00618	29	nan
Thermovirga lienii	336261	S	70051	70199	140250	0.00910	0.00456	0.00425	0.00404	48	nan
Thermanaerovibrio velox	108007	S	44000	44025	88025	0.00571	0.00286	0.00272	0.00258	61	nan
Malaciobacter pacificus	1080223	S	15968	16075	32043	0.00208	0.00104	0.00153	0.00143	27	nan
Malaciobacter mytili	603050	S	14715	14741	29456	0.00191	0.00096	0.00153	0.00143	26	nan
Malaciobacter molluscorum	1032072	S	5520	5542	11062	0.00072	0.00036	0.00058	0.00055	25	nan
Halarcobacter ebronensis	1462615	S	21524	21555	43079	0.00280	0.00140	0.00188	0.00180	29	nan
Arcobacter peruensis	2320140	S	10597	17509	28106	0.00182	0.00114	0.00169	0.00157	28	nan
Sulfurovum lithotrophicum	206403	S	9471	9525	18996	0.00123	0.00062	0.00059	0.00057	47	nan
Nitrosophilus alvini	2714855	S	12810	12811	25621	0.00166	0.00083	0.00087	0.00083	37	nan
Vulgatibacter incomptus	1391653	S	33704	33706	67410	0.00438	0.00219	0.00263	0.00246	70	nan
Archangium gephyra	48	S	12810	12818	25628	0.00166	0.00083	0.00102	0.00095	70	nan
Myxococcus hansupus	1297742	S	1244	1247	2491	0.00016	0.00008	0.00010	0.00009	70	nan
Fusobacterium periodonticum	860	S	31204	42384	73588	0.00478	0.00275	0.00391	0.00376	29	nan
Fusobacterium pseudoperiodonticum	2663009	S	250	268	518	0.00003	0.00002	0.00002	0.00002	28	nan
unidentified bacterial endosymbiont	2355	S	28801	29008	57809	0.00375	0.00188	0.00000	0.00166	55	5.0
Homo sapiens	9606	S	1448	1450	2898	0.00019	0.00009	0.00000	0.00009	38	5.0
